
 15         verbose | verbose                1.00
  7         runmode | runmode                0.00
  4         seqtype | seqtype                1.00
 13       CodonFreq | CodonFreq              2.00
  9           clock | clock                  0.00
 18          aaDist | aaDist                 0.00
 19      aaRatefile | aaRatefile             1.00
 16           model | model                  0.00
 20         NSsites | NSsites                1.00
 22           icode | icode                  0.00
 23           Mgene | Mgene                  0.00
 24       fix_kappa | fix_kappa              0.00
 25           kappa | kappa                  2.00
 26       fix_omega | fix_omega              0.00
 27           omega | omega                  0.40
 28       fix_alpha | fix_alpha              1.00
 29           alpha | alpha                  0.00
 30          Malpha | Malpha                 0.00
 31           ncatG | ncatG                  8.00
 11           getSE | getSE                  0.00
 12    RateAncestor | RateAncestor           1.00
 36      Small_Diff | Small_Diff             0.00
  6       cleandata | cleandata              0.00
  8          method | method                 0.00
CODONML in paml version 4.8a, August 2014

----------------------------------------------
Phe F TTT | Ser S TCT | Tyr Y TAT | Cys C TGT
      TTC |       TCC |       TAC |       TGC
Leu L TTA |       TCA | *** * TAA | *** * TGA
      TTG |       TCG |       TAG | Trp W TGG
----------------------------------------------
Leu L CTT | Pro P CCT | His H CAT | Arg R CGT
      CTC |       CCC |       CAC |       CGC
      CTA |       CCA | Gln Q CAA |       CGA
      CTG |       CCG |       CAG |       CGG
----------------------------------------------
Ile I ATT | Thr T ACT | Asn N AAT | Ser S AGT
      ATC |       ACC |       AAC |       AGC
      ATA |       ACA | Lys K AAA | Arg R AGA
Met M ATG |       ACG |       AAG |       AGG
----------------------------------------------
Val V GTT | Ala A GCT | Asp D GAT | Gly G GGT
      GTC |       GCC |       GAC |       GGC
      GTA |       GCA | Glu E GAA |       GGA
      GTG |       GCG |       GAG |       GGG
----------------------------------------------
Nice code, uuh?


Ambiguity character definition table:

T (1): T 
C (1): C 
A (1): A 
G (1): G 
U (1): T 
Y (2): T C 
R (2): A G 
M (2): C A 
K (2): T G 
S (2): C G 
W (2): T A 
H (3): T C A 
B (3): T C G 
V (3): C A G 
D (3): T A G 
- (4): T C A G 
N (4): T C A G 
? (4): T C A G 

ns = 8  	ls = 3828
Reading sequences, interlaved format..
Reading seq # 1: A149     Reading seq # 2: A146     Reading seq # 3: A147     Reading seq # 4: A148     Reading seq # 5: A145     Reading seq # 6: A150     Reading seq # 7: A151     Reading seq # 8: A152     
block   1:     60     60     60     60     60     60     60     60
block   2:    120    120    120    120    120    120    120    120
block   3:    180    180    180    180    180    180    180    180
block   4:    240    240    240    240    240    240    240    240
block   5:    300    300    300    300    300    300    300    300
block   6:    360    360    360    360    360    360    360    360
block   7:    420    420    420    420    420    420    420    420
block   8:    480    480    480    480    480    480    480    480
block   9:    540    540    540    540    540    540    540    540
block  10:    600    600    600    600    600    600    600    600
block  11:    660    660    660    660    660    660    660    660
block  12:    720    720    720    720    720    720    720    720
block  13:    780    780    780    780    780    780    780    780
block  14:    840    840    840    840    840    840    840    840
block  15:    900    900    900    900    900    900    900    900
block  16:    960    960    960    960    960    960    960    960
block  17:   1020   1020   1020   1020   1020   1020   1020   1020
block  18:   1080   1080   1080   1080   1080   1080   1080   1080
block  19:   1140   1140   1140   1140   1140   1140   1140   1140
block  20:   1200   1200   1200   1200   1200   1200   1200   1200
block  21:   1260   1260   1260   1260   1260   1260   1260   1260
block  22:   1320   1320   1320   1320   1320   1320   1320   1320
block  23:   1380   1380   1380   1380   1380   1380   1380   1380
block  24:   1440   1440   1440   1440   1440   1440   1440   1440
block  25:   1500   1500   1500   1500   1500   1500   1500   1500
block  26:   1560   1560   1560   1560   1560   1560   1560   1560
block  27:   1620   1620   1620   1620   1620   1620   1620   1620
block  28:   1680   1680   1680   1680   1680   1680   1680   1680
block  29:   1740   1740   1740   1740   1740   1740   1740   1740
block  30:   1800   1800   1800   1800   1800   1800   1800   1800
block  31:   1860   1860   1860   1860   1860   1860   1860   1860
block  32:   1920   1920   1920   1920   1920   1920   1920   1920
block  33:   1980   1980   1980   1980   1980   1980   1980   1980
block  34:   2040   2040   2040   2040   2040   2040   2040   2040
block  35:   2100   2100   2100   2100   2100   2100   2100   2100
block  36:   2160   2160   2160   2160   2160   2160   2160   2160
block  37:   2220   2220   2220   2220   2220   2220   2220   2220
block  38:   2280   2280   2280   2280   2280   2280   2280   2280
block  39:   2340   2340   2340   2340   2340   2340   2340   2340
block  40:   2400   2400   2400   2400   2400   2400   2400   2400
block  41:   2460   2460   2460   2460   2460   2460   2460   2460
block  42:   2520   2520   2520   2520   2520   2520   2520   2520
block  43:   2580   2580   2580   2580   2580   2580   2580   2580
block  44:   2640   2640   2640   2640   2640   2640   2640   2640
block  45:   2700   2700   2700   2700   2700   2700   2700   2700
block  46:   2760   2760   2760   2760   2760   2760   2760   2760
block  47:   2820   2820   2820   2820   2820   2820   2820   2820
block  48:   2880   2880   2880   2880   2880   2880   2880   2880
block  49:   2940   2940   2940   2940   2940   2940   2940   2940
block  50:   3000   3000   3000   3000   3000   3000   3000   3000
block  51:   3060   3060   3060   3060   3060   3060   3060   3060
block  52:   3120   3120   3120   3120   3120   3120   3120   3120
block  53:   3180   3180   3180   3180   3180   3180   3180   3180
block  54:   3240   3240   3240   3240   3240   3240   3240   3240
block  55:   3300   3300   3300   3300   3300   3300   3300   3300
block  56:   3360   3360   3360   3360   3360   3360   3360   3360
block  57:   3420   3420   3420   3420   3420   3420   3420   3420
block  58:   3480   3480   3480   3480   3480   3480   3480   3480
block  59:   3540   3540   3540   3540   3540   3540   3540   3540
block  60:   3600   3600   3600   3600   3600   3600   3600   3600
block  61:   3660   3660   3660   3660   3660   3660   3660   3660
block  62:   3720   3720   3720   3720   3720   3720   3720   3720
block  63:   3780   3780   3780   3780   3780   3780   3780   3780
block  64:   3828   3828   3828   3828   3828   3828   3828   3828
codon    1135: AGC AGC TCC AGC AGC AGC AGC TCC 
codon    1220: TCC TCC AGC TCC TCC TCC TCC AGT 
Sequences read..
Counting site patterns..  0:00
         558 patterns at     1276 /     1276 sites (100.0%),  0:00
1 ambiguous codons are seen in the data:
 ---
Counting codons..

  2   1:Sites   917.9 + 2886.1 = 3804.0	Diffs    90.5 +  142.5 =  233.0
  3   1:Sites   905.0 + 2851.0 = 3756.0	Diffs   156.1 +  272.9 =  429.0
  3   2:Sites   904.0 + 2849.0 = 3753.0	Diffs   174.0 +  295.0 =  469.0
  4   1:Sites   914.3 + 2889.7 = 3804.0	Diffs    51.5 +   90.5 =  142.0
  4   2:Sites   914.3 + 2889.7 = 3804.0	Diffs    82.0 +  104.0 =  186.0
  4   3:Sites   900.0 + 2853.0 = 3753.0	Diffs   154.8 +  268.2 =  423.0
  5   1:Sites   919.3 + 2887.7 = 3807.0	Diffs    73.5 +   97.5 =  171.0
  5   2:Sites   918.3 + 2885.7 = 3804.0	Diffs    33.8 +   69.2 =  103.0
  5   3:Sites   905.1 + 2850.9 = 3756.0	Diffs   161.3 +  285.7 =  447.0
  5   4:Sites   914.7 + 2889.3 = 3804.0	Diffs    74.8 +   81.2 =  156.0
  6   1:Sites   922.4 + 2893.6 = 3816.0	Diffs    32.7 +   69.3 =  102.0
  6   2:Sites   919.3 + 2884.7 = 3804.0	Diffs    84.0 +  128.0 =  212.0
  6   3:Sites   905.4 + 2847.6 = 3753.0	Diffs   165.3 +  288.8 =  454.0
  6   4:Sites   915.6 + 2888.4 = 3804.0	Diffs    37.8 +   76.2 =  114.0
  6   5:Sites   919.7 + 2884.3 = 3804.0	Diffs    76.3 +  103.7 =  180.0
  7   1:Sites   920.1 + 2883.9 = 3804.0	Diffs    62.8 +   94.2 =  157.0
  7   2:Sites   920.1 + 2883.9 = 3804.0	Diffs    78.0 +  115.0 =  193.0
  7   3:Sites   905.9 + 2847.1 = 3753.0	Diffs   165.2 +  290.8 =  456.0
  7   4:Sites   916.5 + 2887.5 = 3804.0	Diffs    58.7 +   69.3 =  128.0
  7   5:Sites   920.5 + 2883.5 = 3804.0	Diffs    73.8 +  113.2 =  187.0
  7   6:Sites   921.5 + 2882.5 = 3804.0	Diffs    63.0 +   93.0 =  156.0
  8   1:Sites   898.6 + 2830.4 = 3729.0	Diffs   186.1 +  351.9 =  538.0
  8   2:Sites   898.4 + 2830.6 = 3729.0	Diffs   183.2 +  326.8 =  510.0
  8   3:Sites   891.1 + 2813.9 = 3705.0	Diffs   149.2 +  260.8 =  410.0
  8   4:Sites   894.6 + 2834.4 = 3729.0	Diffs   177.4 +  327.6 =  505.0
  8   5:Sites   898.8 + 2830.2 = 3729.0	Diffs   188.5 +  351.5 =  540.0
  8   6:Sites   900.0 + 2829.0 = 3729.0	Diffs   177.9 +  330.1 =  508.0
  8   7:Sites   900.3 + 2828.7 = 3729.0	Diffs   165.6 +  302.4 =  468.0

      224 bytes for distance
   544608 bytes for conP
     8928 bytes for fhK
  5000000 bytes for space

TREE #  1
(((((3, 8), 7), (2, 5)), (1, 6)), 4);   MP score: -1
This is a rooted tree, without clock.  Check.

  1906128 bytes for conP, adjusted

    0.013782    0.011593    0.001513    0.170324    0.147749    0.214376    0.056866    0.047674    0.050012    0.032787    0.021451    0.044180    0.037524    0.027398    2.000000    0.573207    0.492243

ntime & nrate & np:    14     2    17

Bounds (np=17):
   0.000004   0.000004   0.000004   0.000004   0.000004   0.000004   0.000004   0.000004   0.000004   0.000004   0.000004   0.000004   0.000004   0.000004   0.000100   0.000010   0.000001
  50.000000  50.000000  50.000000  50.000000  50.000000  50.000000  50.000000  50.000000  50.000000  50.000000  50.000000  50.000000  50.000000  50.000000 999.000000   0.999990   1.000000
Qfactor_NS = 6.226374

np =    17
lnL0 = -11144.770968

Iterating by ming2
Initial: fx= 11144.770968
x=  0.01378  0.01159  0.00151  0.17032  0.14775  0.21438  0.05687  0.04767  0.05001  0.03279  0.02145  0.04418  0.03752  0.02740  2.00000  0.57321  0.49224

  1 h-m-p  0.0000 0.0001 2676.3378 CCYC  11128.915982  3 0.0000    27 | 0/17
  2 h-m-p  0.0000 0.0001 776.8918 YCCC  11115.910542  3 0.0000    52 | 0/17
  3 h-m-p  0.0000 0.0002 762.5876 CYCCC 11109.765335  4 0.0000    79 | 0/17
  4 h-m-p  0.0000 0.0002 982.6563 +YYCCC 11089.070744  4 0.0001   106 | 0/17
  5 h-m-p  0.0000 0.0002 2504.0594 +CYCCC 11011.404463  4 0.0001   135 | 0/17
  6 h-m-p  0.0000 0.0000 9271.7173 YCCCC 11004.154043  4 0.0000   162 | 0/17
  7 h-m-p  0.0000 0.0001 726.1195 YCCC  11001.635145  3 0.0000   187 | 0/17
  8 h-m-p  0.0001 0.0005 158.7923 CYC   11000.650134  2 0.0001   210 | 0/17
  9 h-m-p  0.0001 0.0004 247.6042 YCC   10999.057502  2 0.0001   233 | 0/17
 10 h-m-p  0.0001 0.0004 247.5212 CCC   10998.390626  2 0.0001   257 | 0/17
 11 h-m-p  0.0001 0.0011 141.1393 YC    10998.091160  1 0.0001   278 | 0/17
 12 h-m-p  0.0002 0.0239  39.1644 ++CYC 10995.564609  2 0.0040   303 | 0/17
 13 h-m-p  0.0001 0.0007 916.2918 YYCC  10993.751213  3 0.0001   327 | 0/17
 14 h-m-p  0.0003 0.0017 330.1796 YCCC  10992.595444  3 0.0002   352 | 0/17
 15 h-m-p  0.0001 0.0014 657.2155 +CC   10988.123445  1 0.0005   375 | 0/17
 16 h-m-p  0.0069 0.0343  11.9076 YC    10988.020377  1 0.0009   396 | 0/17
 17 h-m-p  0.0233 0.4098   0.4653 +++   10941.642010  m 0.4098   417 | 1/17
 18 h-m-p  0.5035 2.5173   0.2702 CCCCC 10930.345617  4 0.7040   462 | 1/17
 19 h-m-p  1.6000 8.0000   0.0602 YC    10928.703242  1 1.0766   499 | 1/17
 20 h-m-p  1.6000 8.0000   0.0233 YC    10928.400941  1 0.9057   536 | 1/17
 21 h-m-p  1.6000 8.0000   0.0081 YC    10928.317848  1 1.1150   573 | 1/17
 22 h-m-p  1.6000 8.0000   0.0029 CC    10928.279925  1 1.3253   611 | 1/17
 23 h-m-p  0.5942 8.0000   0.0065 YC    10928.271274  1 1.1207   648 | 1/17
 24 h-m-p  1.6000 8.0000   0.0013 YC    10928.269657  1 0.9475   685 | 1/17
 25 h-m-p  0.6880 8.0000   0.0018 C     10928.269418  0 0.8327   721 | 1/17
 26 h-m-p  1.6000 8.0000   0.0001 Y     10928.269380  0 0.9680   757 | 1/17
 27 h-m-p  0.5655 8.0000   0.0002 Y     10928.269358  0 1.2977   793 | 1/17
 28 h-m-p  1.6000 8.0000   0.0001 Y     10928.269347  0 1.0928   829 | 1/17
 29 h-m-p  0.5058 8.0000   0.0001 Y     10928.269345  0 1.0476   865 | 1/17
 30 h-m-p  1.6000 8.0000   0.0000 Y     10928.269345  0 0.9568   901 | 1/17
 31 h-m-p  1.0612 8.0000   0.0000 C     10928.269345  0 0.8699   937 | 1/17
 32 h-m-p  1.2830 8.0000   0.0000 Y     10928.269345  0 0.3208   973 | 1/17
 33 h-m-p  0.1119 8.0000   0.0000 ---------------..  | 1/17
 34 h-m-p  0.0160 8.0000   0.0039 ------------- | 1/17
 35 h-m-p  0.0160 8.0000   0.0039 -------------
Out..
lnL  = -10928.269345
1117 lfun, 3351 eigenQcodon, 31276 P(t)

Reconstructed ancestral states go into file rst.

lnL = -10928.269345 from ProbSitePattern.
Marginal reconstruction.
	Node   9: lnL = -10928.269345
	Node  10: lnL = -10928.269345
	Node  11: lnL = -10928.269345
	Node  12: lnL = -10928.269345
	Node  13: lnL = -10928.269345
	Node  14: lnL = -10928.269345
	Node  15: lnL = -10928.269345

warning: strange character '-' 
warning ambiguity in difcodonNG: --- TAC
warning: strange character '-' 
warning ambiguity in difcodonNG: --- TCA
warning: strange character '-' 
warning ambiguity in difcodonNG: --- CCT
warning: strange character '-' 
warning ambiguity in difcodonNG: --- GAA
warning: strange character '-' 
warning ambiguity in difcodonNG: --- GGA
warning: strange character '-' 
warning ambiguity in difcodonNG: --- GGT
warning: strange character '-' 
warning ambiguity in difcodonNG: --- TCA
warning: strange character '-' 
warning ambiguity in difcodonNG: --- AAC
warning: strange character '-' 
warning ambiguity in difcodonNG: --- CTT
warning: strange character '-' 
warning ambiguity in difcodonNG: --- TCC
warning: strange character '-' 
warning ambiguity in difcodonNG: --- CTG
warning: strange character '-' 
warning ambiguity in difcodonNG: --- GAA
warning: strange character '-' 
warning ambiguity in difcodonNG: --- ACT
warning: strange character '-' 
warning ambiguity in difcodonNG: --- ATT
warning: strange character '-' 
warning ambiguity in difcodonNG: --- GGT
warning: strange character '-' 
warning ambiguity in difcodonNG: --- AGT
warning: strange character '-' 
warning ambiguity in difcodonNG: --- ACC
warning: strange character '-' 
warning ambiguity in difcodonNG: --- TGT
warning: strange character '-' 
warning ambiguity in difcodonNG: --- CAA
warning: strange character '-' 
warning ambiguity in difcodonNG: --- TAT
warning: strange character '-' 
warning ambiguity in difcodonNG: --- CCT
warning: strange character '-' 
warning ambiguity in difcodonNG: --- TCA
warning: strange character '-' 
warning ambiguity in difcodonNG: --- GGC
warning: strange character '-' 
warning ambiguity in difcodonNG: --- AGT
warning: strange character '-' 
warning ambiguity in difcodonNG: --- ATT
warning: strange character '-' 
warning ambiguity in difcodonNG: --- ACT
warning: strange character '-' 
warning ambiguity in difcodonNG: --- GAG
warning: strange character '-' 
warning ambiguity in difcodonNG: --- GAG
warning: strange character '-' 
warning ambiguity in difcodonNG: --- GGC
warning: strange character '-' 
warning ambiguity in difcodonNG: --- TCT
warning: strange character '-' 
warning ambiguity in difcodonNG: --- ATC
warning: strange character '-' 
warning ambiguity in difcodonNG: --- ATA
warning: strange character '-' 
warning ambiguity in difcodonNG: --- TCA
warning: strange character '-' 
warning ambiguity in difcodonNG: --- CCT
warning: strange character '-' 
warning ambiguity in difcodonNG: --- TTT
warning: strange character '-' 
warning ambiguity in difcodonNG: --- GGG
warning: strange character '-' 
warning ambiguity in difcodonNG: --- TGT
warning: strange character '-' 
warning ambiguity in difcodonNG: --- CCG
warning: strange character '-' 
warning ambiguity in difcodonNG: --- CTT
warning: strange character '-' 
warning ambiguity in difcodonNG: --- CCG
warning: strange character '-' 
warning ambiguity in difcodonNG: --- TCG
warning: strange character '-' 
warning ambiguity in difcodonNG: --- TTA
warning: strange character '-' 
warning ambiguity in difcodonNG: --- CAT
warning: strange character '-' 
warning ambiguity in difcodonNG: --- CTG
warning: strange character '-' 
warning ambiguity in difcodonNG: --- GAA
warning: strange character '-' 
warning ambiguity in difcodonNG: --- GGT
warning: strange character '-' 
warning ambiguity in difcodonNG: --- AGT
warning: strange character '-' 
warning ambiguity in difcodonNG: --- ACC
warning: strange character '-' 
warning ambiguity in difcodonNG: --- TGT
warning: strange character '-' 
warning ambiguity in difcodonNG: --- CAA
warning: strange character '-' 
warning ambiguity in difcodonNG: --- TAT
warning: strange character '-' 
warning ambiguity in difcodonNG: --- CCT
warning: strange character '-' 
warning ambiguity in difcodonNG: --- TCA
warning: strange character '-' 
warning ambiguity in difcodonNG: --- GGC
warning: strange character '-' 
warning ambiguity in difcodonNG: --- TAC
warning: strange character '-' 
warning ambiguity in difcodonNG: --- TTC
warning: strange character '-' 
warning ambiguity in difcodonNG: --- TTT
warning: strange character '-' 
warning ambiguity in difcodonNG: --- CAA
warning: strange character '-' 
warning ambiguity in difcodonNG: --- TAT
warning: strange character '-' 
warning ambiguity in difcodonNG: --- CCT
warning: strange character '-' 
warning ambiguity in difcodonNG: --- TCA
warning: strange character '-' 
warning ambiguity in difcodonNG: --- GGC
warning: strange character '-' 
warning ambiguity in difcodonNG: --- TAC
warning: strange character '-' 
warning ambiguity in difcodonNG: --- TTC
warning: strange character '-' 
warning ambiguity in difcodonNG: --- TTT
warning: strange character '-' 
warning ambiguity in difcodonNG: --- CAA
warning: strange character '-' 
warning ambiguity in difcodonNG: --- TAT
warning: strange character '-' 
warning ambiguity in difcodonNG: --- CCT
warning: strange character '-' 
warning ambiguity in difcodonNG: --- TCA
warning: strange character '-' 
warning ambiguity in difcodonNG: --- TAC
warning: strange character '-' 
warning ambiguity in difcodonNG: --- TTC
warning: strange character '-' 
warning ambiguity in difcodonNG: --- TTT
warning: strange character '-' 
warning ambiguity in difcodonNG: --- CAA
warning: strange character '-' 
warning ambiguity in difcodonNG: --- TAT
warning: strange character '-' 
warning ambiguity in difcodonNG: --- CCT
warning: strange character '-' 
warning ambiguity in difcodonNG: --- TCA
warning: strange character '-' 
warning ambiguity in difcodonNG: --- TAC
warning: strange character '-' 
warning ambiguity in difcodonNG: --- TTC
warning: strange character '-' 
warning ambiguity in difcodonNG: --- TTT
warning: strange character '-' 
warning ambiguity in difcodonNG: --- GGC
warning: strange character '-' 
warning ambiguity in difcodonNG: --- TAC
warning: strange character '-' 
warning ambiguity in difcodonNG: --- TTC
warning: strange character '-' 
warning ambiguity in difcodonNG: --- TTT
warning: strange character '-' 
warning ambiguity in difcodonNG: --- GGC
warning: strange character '-' 
warning ambiguity in difcodonNG: --- TAC
warning: strange character '-' 
warning ambiguity in difcodonNG: --- TTC
warning: strange character '-' 
warning ambiguity in difcodonNG: --- TTT
warning: strange character '-' 
warning ambiguity in difcodonNG: --- CAA
warning: strange character '-' 
warning ambiguity in difcodonNG: --- TAT
warning: strange character '-' 
warning ambiguity in difcodonNG: --- CCT
warning: strange character '-' 
warning ambiguity in difcodonNG: --- TCA
warning: strange character '-' 
warning ambiguity in difcodonNG: GGC ---
warning: strange character '-' 
warning ambiguity in difcodonNG: GGC ---
warning: strange character '-' 
warning ambiguity in difcodonNG: GGC ---
warning: strange character '-' 
warning ambiguity in difcodonNG: GGC ---
warning: strange character '-' 
warning ambiguity in difcodonNG: GGC ---
warning: strange character '-' 
warning ambiguity in difcodonNG: AGT ---
warning: strange character '-' 
warning ambiguity in difcodonNG: TAC ---
warning: strange character '-' 
warning ambiguity in difcodonNG: TAC ---
warning: strange character '-' 
warning ambiguity in difcodonNG: TAC ---
warning: strange character '-' 
warning ambiguity in difcodonNG: TAC ---
warning: strange character '-' 
warning ambiguity in difcodonNG: TAC ---
warning: strange character '-' 
warning ambiguity in difcodonNG: TAC ---
warning: strange character '-' 
warning ambiguity in difcodonNG: TAC ---
warning: strange character '-' 
warning ambiguity in difcodonNG: TTC ---
warning: strange character '-' 
warning ambiguity in difcodonNG: TTC ---
warning: strange character '-' 
warning ambiguity in difcodonNG: TTC ---
warning: strange character '-' 
warning ambiguity in difcodonNG: TTC ---
warning: strange character '-' 
warning ambiguity in difcodonNG: TTC ---
warning: strange character '-' 
warning ambiguity in difcodonNG: TTC ---
warning: strange character '-' 
warning ambiguity in difcodonNG: ATT ---
warning: strange character '-' 
warning ambiguity in difcodonNG: ACT ---
warning: strange character '-' 
warning ambiguity in difcodonNG: GAG ---
warning: strange character '-' 
warning ambiguity in difcodonNG: GAG ---
warning: strange character '-' 
warning ambiguity in difcodonNG: GGC ---
warning: strange character '-' 
warning ambiguity in difcodonNG: TCT ---
warning: strange character '-' 
warning ambiguity in difcodonNG: ATC ---
warning: strange character '-' 
warning ambiguity in difcodonNG: ATA ---
warning: strange character '-' 
warning ambiguity in difcodonNG: TCA ---
warning: strange character '-' 
warning ambiguity in difcodonNG: TCA ---
warning: strange character '-' 
warning ambiguity in difcodonNG: CCT ---
warning: strange character '-' 
warning ambiguity in difcodonNG: CCT ---
warning: strange character '-' 
warning ambiguity in difcodonNG: GAA ---
warning: strange character '-' 
warning ambiguity in difcodonNG: GGA ---
warning: strange character '-' 
warning ambiguity in difcodonNG: GGT ---
warning: strange character '-' 
warning ambiguity in difcodonNG: TCA ---
warning: strange character '-' 
warning ambiguity in difcodonNG: AAC ---
warning: strange character '-' 
warning ambiguity in difcodonNG: CTT ---
warning: strange character '-' 
warning ambiguity in difcodonNG: TCC ---
warning: strange character '-' 
warning ambiguity in difcodonNG: TTT ---
warning: strange character '-' 
warning ambiguity in difcodonNG: TTT ---
warning: strange character '-' 
warning ambiguity in difcodonNG: TTT ---
warning: strange character '-' 
warning ambiguity in difcodonNG: TTT ---
warning: strange character '-' 
warning ambiguity in difcodonNG: TTT ---
warning: strange character '-' 
warning ambiguity in difcodonNG: TTT ---
warning: strange character '-' 
warning ambiguity in difcodonNG: TTT ---
warning: strange character '-' 
warning ambiguity in difcodonNG: GGG ---
warning: strange character '-' 
warning ambiguity in difcodonNG: TGT ---
warning: strange character '-' 
warning ambiguity in difcodonNG: CCG ---
warning: strange character '-' 
warning ambiguity in difcodonNG: CTT ---
warning: strange character '-' 
warning ambiguity in difcodonNG: CCG ---
warning: strange character '-' 
warning ambiguity in difcodonNG: TCG ---
warning: strange character '-' 
warning ambiguity in difcodonNG: TTA ---
warning: strange character '-' 
warning ambiguity in difcodonNG: CAT ---
warning: strange character '-' 
warning ambiguity in difcodonNG: CTG ---
warning: strange character '-' 
warning ambiguity in difcodonNG: CTG ---
warning: strange character '-' 
warning ambiguity in difcodonNG: GAA ---
warning: strange character '-' 
warning ambiguity in difcodonNG: GAA ---
warning: strange character '-' 
warning ambiguity in difcodonNG: ACT ---
warning: strange character '-' 
warning ambiguity in difcodonNG: ATT ---
warning: strange character '-' 
warning ambiguity in difcodonNG: GGT ---
warning: strange character '-' 
warning ambiguity in difcodonNG: GGT ---
warning: strange character '-' 
warning ambiguity in difcodonNG: AGT ---
warning: strange character '-' 
warning ambiguity in difcodonNG: AGT ---
warning: strange character '-' 
warning ambiguity in difcodonNG: ACC ---
warning: strange character '-' 
warning ambiguity in difcodonNG: ACC ---
warning: strange character '-' 
warning ambiguity in difcodonNG: TGT ---
warning: strange character '-' 
warning ambiguity in difcodonNG: TGT ---
warning: strange character '-' 
warning ambiguity in difcodonNG: CAA ---
warning: strange character '-' 
warning ambiguity in difcodonNG: CAA ---
warning: strange character '-' 
warning ambiguity in difcodonNG: CAA ---
warning: strange character '-' 
warning ambiguity in difcodonNG: CAA ---
warning: strange character '-' 
warning ambiguity in difcodonNG: CAA ---
warning: strange character '-' 
warning ambiguity in difcodonNG: CAA ---
warning: strange character '-' 
warning ambiguity in difcodonNG: TAT ---
warning: strange character '-' 
warning ambiguity in difcodonNG: TAT ---
warning: strange character '-' 
warning ambiguity in difcodonNG: TAT ---
warning: strange character '-' 
warning ambiguity in difcodonNG: TAT ---
warning: strange character '-' 
warning ambiguity in difcodonNG: TAT ---
warning: strange character '-' 
warning ambiguity in difcodonNG: TAT ---
warning: strange character '-' 
warning ambiguity in difcodonNG: CCT ---
warning: strange character '-' 
warning ambiguity in difcodonNG: CCT ---
warning: strange character '-' 
warning ambiguity in difcodonNG: CCT ---
warning: strange character '-' 
warning ambiguity in difcodonNG: CCT ---
warning: strange character '-' 
warning ambiguity in difcodonNG: CCT ---
warning: strange character '-' 
warning ambiguity in difcodonNG: CCT ---
warning: strange character '-' 
warning ambiguity in difcodonNG: TCA ---
warning: strange character '-' 
warning ambiguity in difcodonNG: TCA ---
warning: strange character '-' 
warning ambiguity in difcodonNG: TCA ---
warning: strange character '-' 
warning ambiguity in difcodonNG: TCA ---
warning: strange character '-' 
warning ambiguity in difcodonNG: TCA ---
warning: strange character '-' 
warning ambiguity in difcodonNG: TCA ---end of tree file.

Time used:  0:42
