
 15         verbose | verbose                1.00
  7         runmode | runmode                0.00
  4         seqtype | seqtype                1.00
 13       CodonFreq | CodonFreq              2.00
  9           clock | clock                  0.00
 18          aaDist | aaDist                 0.00
 19      aaRatefile | aaRatefile             1.00
 16           model | model                  0.00
 20         NSsites | NSsites                7.00
 22           icode | icode                  0.00
 23           Mgene | Mgene                  0.00
 24       fix_kappa | fix_kappa              0.00
 25           kappa | kappa                  2.00
 26       fix_omega | fix_omega              0.00
 27           omega | omega                  0.40
 28       fix_alpha | fix_alpha              1.00
 29           alpha | alpha                  0.00
 30          Malpha | Malpha                 0.00
 31           ncatG | ncatG                  8.00
 11           getSE | getSE                  0.00
 12    RateAncestor | RateAncestor           1.00
 36      Small_Diff | Small_Diff             0.00
  6       cleandata | cleandata              0.00
  8          method | method                 0.00
CODONML in paml version 4.8a, August 2014

----------------------------------------------
Phe F TTT | Ser S TCT | Tyr Y TAT | Cys C TGT
      TTC |       TCC |       TAC |       TGC
Leu L TTA |       TCA | *** * TAA | *** * TGA
      TTG |       TCG |       TAG | Trp W TGG
----------------------------------------------
Leu L CTT | Pro P CCT | His H CAT | Arg R CGT
      CTC |       CCC |       CAC |       CGC
      CTA |       CCA | Gln Q CAA |       CGA
      CTG |       CCG |       CAG |       CGG
----------------------------------------------
Ile I ATT | Thr T ACT | Asn N AAT | Ser S AGT
      ATC |       ACC |       AAC |       AGC
      ATA |       ACA | Lys K AAA | Arg R AGA
Met M ATG |       ACG |       AAG |       AGG
----------------------------------------------
Val V GTT | Ala A GCT | Asp D GAT | Gly G GGT
      GTC |       GCC |       GAC |       GGC
      GTA |       GCA | Glu E GAA |       GGA
      GTG |       GCG |       GAG |       GGG
----------------------------------------------
Nice code, uuh?


Ambiguity character definition table:

T (1): T 
C (1): C 
A (1): A 
G (1): G 
U (1): T 
Y (2): T C 
R (2): A G 
M (2): C A 
K (2): T G 
S (2): C G 
W (2): T A 
H (3): T C A 
B (3): T C G 
V (3): C A G 
D (3): T A G 
- (4): T C A G 
N (4): T C A G 
? (4): T C A G 

ns = 8  	ls = 3828
Reading sequences, interlaved format..
Reading seq # 1: A149     Reading seq # 2: A146     Reading seq # 3: A147     Reading seq # 4: A148     Reading seq # 5: A145     Reading seq # 6: A150     Reading seq # 7: A151     Reading seq # 8: A152     
block   1:     60     60     60     60     60     60     60     60
block   2:    120    120    120    120    120    120    120    120
block   3:    180    180    180    180    180    180    180    180
block   4:    240    240    240    240    240    240    240    240
block   5:    300    300    300    300    300    300    300    300
block   6:    360    360    360    360    360    360    360    360
block   7:    420    420    420    420    420    420    420    420
block   8:    480    480    480    480    480    480    480    480
block   9:    540    540    540    540    540    540    540    540
block  10:    600    600    600    600    600    600    600    600
block  11:    660    660    660    660    660    660    660    660
block  12:    720    720    720    720    720    720    720    720
block  13:    780    780    780    780    780    780    780    780
block  14:    840    840    840    840    840    840    840    840
block  15:    900    900    900    900    900    900    900    900
block  16:    960    960    960    960    960    960    960    960
block  17:   1020   1020   1020   1020   1020   1020   1020   1020
block  18:   1080   1080   1080   1080   1080   1080   1080   1080
block  19:   1140   1140   1140   1140   1140   1140   1140   1140
block  20:   1200   1200   1200   1200   1200   1200   1200   1200
block  21:   1260   1260   1260   1260   1260   1260   1260   1260
block  22:   1320   1320   1320   1320   1320   1320   1320   1320
block  23:   1380   1380   1380   1380   1380   1380   1380   1380
block  24:   1440   1440   1440   1440   1440   1440   1440   1440
block  25:   1500   1500   1500   1500   1500   1500   1500   1500
block  26:   1560   1560   1560   1560   1560   1560   1560   1560
block  27:   1620   1620   1620   1620   1620   1620   1620   1620
block  28:   1680   1680   1680   1680   1680   1680   1680   1680
block  29:   1740   1740   1740   1740   1740   1740   1740   1740
block  30:   1800   1800   1800   1800   1800   1800   1800   1800
block  31:   1860   1860   1860   1860   1860   1860   1860   1860
block  32:   1920   1920   1920   1920   1920   1920   1920   1920
block  33:   1980   1980   1980   1980   1980   1980   1980   1980
block  34:   2040   2040   2040   2040   2040   2040   2040   2040
block  35:   2100   2100   2100   2100   2100   2100   2100   2100
block  36:   2160   2160   2160   2160   2160   2160   2160   2160
block  37:   2220   2220   2220   2220   2220   2220   2220   2220
block  38:   2280   2280   2280   2280   2280   2280   2280   2280
block  39:   2340   2340   2340   2340   2340   2340   2340   2340
block  40:   2400   2400   2400   2400   2400   2400   2400   2400
block  41:   2460   2460   2460   2460   2460   2460   2460   2460
block  42:   2520   2520   2520   2520   2520   2520   2520   2520
block  43:   2580   2580   2580   2580   2580   2580   2580   2580
block  44:   2640   2640   2640   2640   2640   2640   2640   2640
block  45:   2700   2700   2700   2700   2700   2700   2700   2700
block  46:   2760   2760   2760   2760   2760   2760   2760   2760
block  47:   2820   2820   2820   2820   2820   2820   2820   2820
block  48:   2880   2880   2880   2880   2880   2880   2880   2880
block  49:   2940   2940   2940   2940   2940   2940   2940   2940
block  50:   3000   3000   3000   3000   3000   3000   3000   3000
block  51:   3060   3060   3060   3060   3060   3060   3060   3060
block  52:   3120   3120   3120   3120   3120   3120   3120   3120
block  53:   3180   3180   3180   3180   3180   3180   3180   3180
block  54:   3240   3240   3240   3240   3240   3240   3240   3240
block  55:   3300   3300   3300   3300   3300   3300   3300   3300
block  56:   3360   3360   3360   3360   3360   3360   3360   3360
block  57:   3420   3420   3420   3420   3420   3420   3420   3420
block  58:   3480   3480   3480   3480   3480   3480   3480   3480
block  59:   3540   3540   3540   3540   3540   3540   3540   3540
block  60:   3600   3600   3600   3600   3600   3600   3600   3600
block  61:   3660   3660   3660   3660   3660   3660   3660   3660
block  62:   3720   3720   3720   3720   3720   3720   3720   3720
block  63:   3780   3780   3780   3780   3780   3780   3780   3780
block  64:   3828   3828   3828   3828   3828   3828   3828   3828
codon    1135: AGC AGC TCC AGC AGC AGC AGC TCC 
codon    1220: TCC TCC AGC TCC TCC TCC TCC AGT 
Sequences read..
Counting site patterns..  0:00
         558 patterns at     1276 /     1276 sites (100.0%),  0:00
1 ambiguous codons are seen in the data:
 ---
Counting codons..

  2   1:Sites   917.9 + 2886.1 = 3804.0	Diffs    90.5 +  142.5 =  233.0
  3   1:Sites   905.0 + 2851.0 = 3756.0	Diffs   156.1 +  272.9 =  429.0
  3   2:Sites   904.0 + 2849.0 = 3753.0	Diffs   174.0 +  295.0 =  469.0
  4   1:Sites   914.3 + 2889.7 = 3804.0	Diffs    51.5 +   90.5 =  142.0
  4   2:Sites   914.3 + 2889.7 = 3804.0	Diffs    82.0 +  104.0 =  186.0
  4   3:Sites   900.0 + 2853.0 = 3753.0	Diffs   154.8 +  268.2 =  423.0
  5   1:Sites   919.3 + 2887.7 = 3807.0	Diffs    73.5 +   97.5 =  171.0
  5   2:Sites   918.3 + 2885.7 = 3804.0	Diffs    33.8 +   69.2 =  103.0
  5   3:Sites   905.1 + 2850.9 = 3756.0	Diffs   161.3 +  285.7 =  447.0
  5   4:Sites   914.7 + 2889.3 = 3804.0	Diffs    74.8 +   81.2 =  156.0
  6   1:Sites   922.4 + 2893.6 = 3816.0	Diffs    32.7 +   69.3 =  102.0
  6   2:Sites   919.3 + 2884.7 = 3804.0	Diffs    84.0 +  128.0 =  212.0
  6   3:Sites   905.4 + 2847.6 = 3753.0	Diffs   165.3 +  288.8 =  454.0
  6   4:Sites   915.6 + 2888.4 = 3804.0	Diffs    37.8 +   76.2 =  114.0
  6   5:Sites   919.7 + 2884.3 = 3804.0	Diffs    76.3 +  103.7 =  180.0
  7   1:Sites   920.1 + 2883.9 = 3804.0	Diffs    62.8 +   94.2 =  157.0
  7   2:Sites   920.1 + 2883.9 = 3804.0	Diffs    78.0 +  115.0 =  193.0
  7   3:Sites   905.9 + 2847.1 = 3753.0	Diffs   165.2 +  290.8 =  456.0
  7   4:Sites   916.5 + 2887.5 = 3804.0	Diffs    58.7 +   69.3 =  128.0
  7   5:Sites   920.5 + 2883.5 = 3804.0	Diffs    73.8 +  113.2 =  187.0
  7   6:Sites   921.5 + 2882.5 = 3804.0	Diffs    63.0 +   93.0 =  156.0
  8   1:Sites   898.6 + 2830.4 = 3729.0	Diffs   186.1 +  351.9 =  538.0
  8   2:Sites   898.4 + 2830.6 = 3729.0	Diffs   183.2 +  326.8 =  510.0
  8   3:Sites   891.1 + 2813.9 = 3705.0	Diffs   149.2 +  260.8 =  410.0
  8   4:Sites   894.6 + 2834.4 = 3729.0	Diffs   177.4 +  327.6 =  505.0
  8   5:Sites   898.8 + 2830.2 = 3729.0	Diffs   188.5 +  351.5 =  540.0
  8   6:Sites   900.0 + 2829.0 = 3729.0	Diffs   177.9 +  330.1 =  508.0
  8   7:Sites   900.3 + 2828.7 = 3729.0	Diffs   165.6 +  302.4 =  468.0

      224 bytes for distance
   544608 bytes for conP
    35712 bytes for fhK
  5000000 bytes for space

TREE #  1
(((((3, 8), 7), (2, 5)), (1, 6)), 4);   MP score: -1
This is a rooted tree, without clock.  Check.

  1906128 bytes for conP, adjusted

    0.013782    0.011593    0.001513    0.170324    0.147749    0.214376    0.056866    0.047674    0.050012    0.032787    0.021451    0.044180    0.037524    0.027398    2.000000    0.383017    1.784487

ntime & nrate & np:    14     1    17

Bounds (np=17):
   0.000004   0.000004   0.000004   0.000004   0.000004   0.000004   0.000004   0.000004   0.000004   0.000004   0.000004   0.000004   0.000004   0.000004   0.000100   0.005000   0.005000
  50.000000  50.000000  50.000000  50.000000  50.000000  50.000000  50.000000  50.000000  50.000000  50.000000  50.000000  50.000000  50.000000  50.000000 999.000000  99.000000  99.000000
Qfactor_NS = 12.426823

np =    17
lnL0 = -11137.629616

Iterating by ming2
Initial: fx= 11137.629616
x=  0.01378  0.01159  0.00151  0.17032  0.14775  0.21438  0.05687  0.04767  0.05001  0.03279  0.02145  0.04418  0.03752  0.02740  2.00000  0.38302  1.78449

  1 h-m-p  0.0000 0.0001 2166.7031 YYYCC 11123.025189  4 0.0000    27 | 0/17
  2 h-m-p  0.0000 0.0001 818.3938 +YCCC 11109.842037  3 0.0000    53 | 0/17
  3 h-m-p  0.0000 0.0001 1139.3398 CYC   11102.333044  2 0.0000    76 | 0/17
  4 h-m-p  0.0000 0.0003 929.0934 +YCYC 11086.903203  3 0.0001   101 | 0/17
  5 h-m-p  0.0001 0.0003 998.4301 CCCC  11073.351321  3 0.0001   127 | 0/17
  6 h-m-p  0.0000 0.0001 571.4132 YCCC  11070.154553  3 0.0000   152 | 0/17
  7 h-m-p  0.0000 0.0005 571.7262 YC    11064.145097  1 0.0001   173 | 0/17
  8 h-m-p  0.0001 0.0004 788.5289 CCCC  11058.506180  3 0.0001   199 | 0/17
  9 h-m-p  0.0002 0.0010 312.1178 CYC   11057.483037  2 0.0001   222 | 0/17
 10 h-m-p  0.0001 0.0035 146.7090 YCC   11056.318458  2 0.0002   245 | 0/17
 11 h-m-p  0.0001 0.0009 192.2288 YCCC  11055.794311  3 0.0001   270 | 0/17
 12 h-m-p  0.0001 0.0015 179.9604 CC    11055.133274  1 0.0001   292 | 0/17
 13 h-m-p  0.0001 0.0034 459.4693 ++CYCCCC 11033.848636  5 0.0015   323 | 0/17
 14 h-m-p  0.0000 0.0001 13885.5131 CYCCCC 11021.556691  5 0.0000   352 | 0/17
 15 h-m-p  0.0002 0.0012 520.3029 YCC   11019.549909  2 0.0002   375 | 0/17
 16 h-m-p  0.0094 2.1460   8.3908 +CYC  11017.859223  2 0.0318   399 | 0/17
 17 h-m-p  0.3640 1.8198   0.4922 +YYCYCCC 10965.737029  6 1.2448   430 | 0/17
 18 h-m-p  0.0321 0.1607   1.6411 CYCYC 10961.295967  4 0.0598   473 | 0/17
 19 h-m-p  0.0287 0.1436   1.5009 +YYYCYCCC 10940.428478  7 0.1079   504 | 0/17
 20 h-m-p  0.0349 0.1746   0.4167 CYC   10939.951623  2 0.0317   527 | 0/17
 21 h-m-p  0.0177 0.2337   0.7464 ++    10932.125700  m 0.2337   564 | 0/17
 22 h-m-p  0.0000 0.0000   0.0776 
h-m-p:      4.57999758e-17      2.28999879e-16      7.76270800e-02 10932.125700
..  | 0/17
 23 h-m-p  0.0000 0.0004 223.6050 +CYCCC 10930.303717  4 0.0001   643 | 0/17
 24 h-m-p  0.0001 0.0018 151.0294 YCC   10929.973970  2 0.0000   666 | 0/17
 25 h-m-p  0.0000 0.0005 187.9245 YCC   10929.460416  2 0.0001   689 | 0/17
 26 h-m-p  0.0000 0.0001 248.9944 CCC   10929.046577  2 0.0000   713 | 0/17
 27 h-m-p  0.0001 0.0006  61.1650 C     10929.010631  0 0.0000   733 | 0/17
 28 h-m-p  0.0001 0.0023  34.3609 C     10928.989150  0 0.0001   753 | 0/17
 29 h-m-p  0.0001 0.0039  18.5535 YC    10928.981304  1 0.0001   774 | 0/17
 30 h-m-p  0.0001 0.0128  18.4107 CC    10928.974674  1 0.0001   796 | 0/17
 31 h-m-p  0.0003 0.0173   4.3726 -Y    10928.974368  0 0.0000   817 | 0/17
 32 h-m-p  0.0001 0.0261   1.7447 C     10928.974242  0 0.0001   837 | 0/17
 33 h-m-p  0.0001 0.0234   1.5808 Y     10928.974043  0 0.0003   857 | 0/17
 34 h-m-p  0.0002 0.0112   2.4579 C     10928.973984  0 0.0001   877 | 0/17
 35 h-m-p  0.0001 0.0019   2.2256 +C    10928.973719  0 0.0004   898 | 0/17
 36 h-m-p  0.0001 0.0003  13.2216 +C    10928.972596  0 0.0002   919 | 0/17
 37 h-m-p  0.0004 0.0091   7.7151 YC    10928.969975  1 0.0009   940 | 0/17
 38 h-m-p  0.0192 0.0960   0.0108 ++    10928.969485  m 0.0960   960 | 1/17
 39 h-m-p  0.0284 0.1421   0.0205 C     10928.969456  0 0.0071   997 | 1/17
 40 h-m-p  0.0068 1.4550   0.0215 ++YYY 10928.967535  2 0.1083  1037 | 1/17
 41 h-m-p  1.6000 8.0000   0.0003 Y     10928.967461  0 1.0366  1073 | 0/17
 42 h-m-p  0.0480 8.0000   0.0061 C     10928.967461  0 0.0170  1109 | 0/17
 43 h-m-p  1.6000 8.0000   0.0000 Y     10928.967461  0 1.0455  1146 | 0/17
 44 h-m-p  0.9800 8.0000   0.0000 Y     10928.967461  0 0.9800  1183 | 0/17
 45 h-m-p  0.8392 8.0000   0.0000 ---Y  10928.967461  0 0.0033  1223 | 0/17
 46 h-m-p  0.0041 2.0695   0.0064 ------------..  | 0/17
 47 h-m-p  0.0160 8.0000   0.0008 -------C 10928.967461  0 0.0000  1314
Out..
lnL  = -10928.967461
1315 lfun, 11835 eigenQcodon, 147280 P(t)

Reconstructed ancestral states go into file rst.

lnL = -10928.967461 from ProbSitePattern.
Marginal reconstruction.
	Node   9: lnL = -10928.967461
	Node  10: lnL = -10928.967461
	Node  11: lnL = -10928.967461
	Node  12: lnL = -10928.967461
	Node  13: lnL = -10928.967461
	Node  14: lnL = -10928.967461
	Node  15: lnL = -10928.967461

warning: strange character '-' 
warning ambiguity in difcodonNG: --- TAC
warning: strange character '-' 
warning ambiguity in difcodonNG: --- TCA
warning: strange character '-' 
warning ambiguity in difcodonNG: --- CCT
warning: strange character '-' 
warning ambiguity in difcodonNG: --- GAA
warning: strange character '-' 
warning ambiguity in difcodonNG: --- GGA
warning: strange character '-' 
warning ambiguity in difcodonNG: --- GGT
warning: strange character '-' 
warning ambiguity in difcodonNG: --- TCA
warning: strange character '-' 
warning ambiguity in difcodonNG: --- AAC
warning: strange character '-' 
warning ambiguity in difcodonNG: --- CTT
warning: strange character '-' 
warning ambiguity in difcodonNG: --- TCC
warning: strange character '-' 
warning ambiguity in difcodonNG: --- CTG
warning: strange character '-' 
warning ambiguity in difcodonNG: --- GAA
warning: strange character '-' 
warning ambiguity in difcodonNG: --- ACT
warning: strange character '-' 
warning ambiguity in difcodonNG: --- ATT
warning: strange character '-' 
warning ambiguity in difcodonNG: --- GGT
warning: strange character '-' 
warning ambiguity in difcodonNG: --- AGT
warning: strange character '-' 
warning ambiguity in difcodonNG: --- ACC
warning: strange character '-' 
warning ambiguity in difcodonNG: --- TGT
warning: strange character '-' 
warning ambiguity in difcodonNG: --- CAA
warning: strange character '-' 
warning ambiguity in difcodonNG: --- TAT
warning: strange character '-' 
warning ambiguity in difcodonNG: --- CCT
warning: strange character '-' 
warning ambiguity in difcodonNG: --- TCA
warning: strange character '-' 
warning ambiguity in difcodonNG: --- GGC
warning: strange character '-' 
warning ambiguity in difcodonNG: --- AGT
warning: strange character '-' 
warning ambiguity in difcodonNG: --- ATT
warning: strange character '-' 
warning ambiguity in difcodonNG: --- ACT
warning: strange character '-' 
warning ambiguity in difcodonNG: --- GAG
warning: strange character '-' 
warning ambiguity in difcodonNG: --- GAG
warning: strange character '-' 
warning ambiguity in difcodonNG: --- GGC
warning: strange character '-' 
warning ambiguity in difcodonNG: --- TCA
warning: strange character '-' 
warning ambiguity in difcodonNG: --- ATC
warning: strange character '-' 
warning ambiguity in difcodonNG: --- ATA
warning: strange character '-' 
warning ambiguity in difcodonNG: --- TCA
warning: strange character '-' 
warning ambiguity in difcodonNG: --- CCT
warning: strange character '-' 
warning ambiguity in difcodonNG: --- TTT
warning: strange character '-' 
warning ambiguity in difcodonNG: --- GGG
warning: strange character '-' 
warning ambiguity in difcodonNG: --- TGT
warning: strange character '-' 
warning ambiguity in difcodonNG: --- CCG
warning: strange character '-' 
warning ambiguity in difcodonNG: --- CTT
warning: strange character '-' 
warning ambiguity in difcodonNG: --- CCG
warning: strange character '-' 
warning ambiguity in difcodonNG: --- TCG
warning: strange character '-' 
warning ambiguity in difcodonNG: --- TTA
warning: strange character '-' 
warning ambiguity in difcodonNG: --- CAT
warning: strange character '-' 
warning ambiguity in difcodonNG: --- CTG
warning: strange character '-' 
warning ambiguity in difcodonNG: --- GAA
warning: strange character '-' 
warning ambiguity in difcodonNG: --- GGT
warning: strange character '-' 
warning ambiguity in difcodonNG: --- AGT
warning: strange character '-' 
warning ambiguity in difcodonNG: --- ACC
warning: strange character '-' 
warning ambiguity in difcodonNG: --- TGT
warning: strange character '-' 
warning ambiguity in difcodonNG: --- CAA
warning: strange character '-' 
warning ambiguity in difcodonNG: --- TAT
warning: strange character '-' 
warning ambiguity in difcodonNG: --- CCT
warning: strange character '-' 
warning ambiguity in difcodonNG: --- TCA
warning: strange character '-' 
warning ambiguity in difcodonNG: --- GGC
warning: strange character '-' 
warning ambiguity in difcodonNG: --- TAC
warning: strange character '-' 
warning ambiguity in difcodonNG: --- TTC
warning: strange character '-' 
warning ambiguity in difcodonNG: --- TTT
warning: strange character '-' 
warning ambiguity in difcodonNG: --- CAA
warning: strange character '-' 
warning ambiguity in difcodonNG: --- TAT
warning: strange character '-' 
warning ambiguity in difcodonNG: --- CCT
warning: strange character '-' 
warning ambiguity in difcodonNG: --- TCA
warning: strange character '-' 
warning ambiguity in difcodonNG: --- GGC
warning: strange character '-' 
warning ambiguity in difcodonNG: --- TAC
warning: strange character '-' 
warning ambiguity in difcodonNG: --- TTC
warning: strange character '-' 
warning ambiguity in difcodonNG: --- TTT
warning: strange character '-' 
warning ambiguity in difcodonNG: --- CAA
warning: strange character '-' 
warning ambiguity in difcodonNG: --- TAT
warning: strange character '-' 
warning ambiguity in difcodonNG: --- CCT
warning: strange character '-' 
warning ambiguity in difcodonNG: --- TCA
warning: strange character '-' 
warning ambiguity in difcodonNG: --- TAC
warning: strange character '-' 
warning ambiguity in difcodonNG: --- TTC
warning: strange character '-' 
warning ambiguity in difcodonNG: --- TTT
warning: strange character '-' 
warning ambiguity in difcodonNG: --- CAA
warning: strange character '-' 
warning ambiguity in difcodonNG: --- TAT
warning: strange character '-' 
warning ambiguity in difcodonNG: --- CCT
warning: strange character '-' 
warning ambiguity in difcodonNG: --- TCA
warning: strange character '-' 
warning ambiguity in difcodonNG: --- TAC
warning: strange character '-' 
warning ambiguity in difcodonNG: --- TTC
warning: strange character '-' 
warning ambiguity in difcodonNG: --- TTT
warning: strange character '-' 
warning ambiguity in difcodonNG: --- GGC
warning: strange character '-' 
warning ambiguity in difcodonNG: --- TAC
warning: strange character '-' 
warning ambiguity in difcodonNG: --- TTC
warning: strange character '-' 
warning ambiguity in difcodonNG: --- TTT
warning: strange character '-' 
warning ambiguity in difcodonNG: --- GGC
warning: strange character '-' 
warning ambiguity in difcodonNG: --- TAC
warning: strange character '-' 
warning ambiguity in difcodonNG: --- TTC
warning: strange character '-' 
warning ambiguity in difcodonNG: --- TTT
warning: strange character '-' 
warning ambiguity in difcodonNG: --- CAA
warning: strange character '-' 
warning ambiguity in difcodonNG: --- TAT
warning: strange character '-' 
warning ambiguity in difcodonNG: --- CCT
warning: strange character '-' 
warning ambiguity in difcodonNG: --- TCA
warning: strange character '-' 
warning ambiguity in difcodonNG: GGC ---
warning: strange character '-' 
warning ambiguity in difcodonNG: GGC ---
warning: strange character '-' 
warning ambiguity in difcodonNG: GGC ---
warning: strange character '-' 
warning ambiguity in difcodonNG: GGC ---
warning: strange character '-' 
warning ambiguity in difcodonNG: GGC ---
warning: strange character '-' 
warning ambiguity in difcodonNG: AGT ---
warning: strange character '-' 
warning ambiguity in difcodonNG: TAC ---
warning: strange character '-' 
warning ambiguity in difcodonNG: TAC ---
warning: strange character '-' 
warning ambiguity in difcodonNG: TAC ---
warning: strange character '-' 
warning ambiguity in difcodonNG: TAC ---
warning: strange character '-' 
warning ambiguity in difcodonNG: TAC ---
warning: strange character '-' 
warning ambiguity in difcodonNG: TAC ---
warning: strange character '-' 
warning ambiguity in difcodonNG: TAC ---
warning: strange character '-' 
warning ambiguity in difcodonNG: TTC ---
warning: strange character '-' 
warning ambiguity in difcodonNG: TTC ---
warning: strange character '-' 
warning ambiguity in difcodonNG: TTC ---
warning: strange character '-' 
warning ambiguity in difcodonNG: TTC ---
warning: strange character '-' 
warning ambiguity in difcodonNG: TTC ---
warning: strange character '-' 
warning ambiguity in difcodonNG: TTC ---
warning: strange character '-' 
warning ambiguity in difcodonNG: ATT ---
warning: strange character '-' 
warning ambiguity in difcodonNG: ACT ---
warning: strange character '-' 
warning ambiguity in difcodonNG: GAG ---
warning: strange character '-' 
warning ambiguity in difcodonNG: GAG ---
warning: strange character '-' 
warning ambiguity in difcodonNG: GGC ---
warning: strange character '-' 
warning ambiguity in difcodonNG: TCA ---
warning: strange character '-' 
warning ambiguity in difcodonNG: ATC ---
warning: strange character '-' 
warning ambiguity in difcodonNG: ATA ---
warning: strange character '-' 
warning ambiguity in difcodonNG: TCA ---
warning: strange character '-' 
warning ambiguity in difcodonNG: TCA ---
warning: strange character '-' 
warning ambiguity in difcodonNG: CCT ---
warning: strange character '-' 
warning ambiguity in difcodonNG: CCT ---
warning: strange character '-' 
warning ambiguity in difcodonNG: GAA ---
warning: strange character '-' 
warning ambiguity in difcodonNG: GGA ---
warning: strange character '-' 
warning ambiguity in difcodonNG: GGT ---
warning: strange character '-' 
warning ambiguity in difcodonNG: TCA ---
warning: strange character '-' 
warning ambiguity in difcodonNG: AAC ---
warning: strange character '-' 
warning ambiguity in difcodonNG: CTT ---
warning: strange character '-' 
warning ambiguity in difcodonNG: TCC ---
warning: strange character '-' 
warning ambiguity in difcodonNG: TTT ---
warning: strange character '-' 
warning ambiguity in difcodonNG: TTT ---
warning: strange character '-' 
warning ambiguity in difcodonNG: TTT ---
warning: strange character '-' 
warning ambiguity in difcodonNG: TTT ---
warning: strange character '-' 
warning ambiguity in difcodonNG: TTT ---
warning: strange character '-' 
warning ambiguity in difcodonNG: TTT ---
warning: strange character '-' 
warning ambiguity in difcodonNG: TTT ---
warning: strange character '-' 
warning ambiguity in difcodonNG: GGG ---
warning: strange character '-' 
warning ambiguity in difcodonNG: TGT ---
warning: strange character '-' 
warning ambiguity in difcodonNG: CCG ---
warning: strange character '-' 
warning ambiguity in difcodonNG: CTT ---
warning: strange character '-' 
warning ambiguity in difcodonNG: CCG ---
warning: strange character '-' 
warning ambiguity in difcodonNG: TCG ---
warning: strange character '-' 
warning ambiguity in difcodonNG: TTA ---
warning: strange character '-' 
warning ambiguity in difcodonNG: CAT ---
warning: strange character '-' 
warning ambiguity in difcodonNG: CTG ---
warning: strange character '-' 
warning ambiguity in difcodonNG: CTG ---
warning: strange character '-' 
warning ambiguity in difcodonNG: GAA ---
warning: strange character '-' 
warning ambiguity in difcodonNG: GAA ---
warning: strange character '-' 
warning ambiguity in difcodonNG: ACT ---
warning: strange character '-' 
warning ambiguity in difcodonNG: ATT ---
warning: strange character '-' 
warning ambiguity in difcodonNG: GGT ---
warning: strange character '-' 
warning ambiguity in difcodonNG: GGT ---
warning: strange character '-' 
warning ambiguity in difcodonNG: AGT ---
warning: strange character '-' 
warning ambiguity in difcodonNG: AGT ---
warning: strange character '-' 
warning ambiguity in difcodonNG: ACC ---
warning: strange character '-' 
warning ambiguity in difcodonNG: ACC ---
warning: strange character '-' 
warning ambiguity in difcodonNG: TGT ---
warning: strange character '-' 
warning ambiguity in difcodonNG: TGT ---
warning: strange character '-' 
warning ambiguity in difcodonNG: CAA ---
warning: strange character '-' 
warning ambiguity in difcodonNG: CAA ---
warning: strange character '-' 
warning ambiguity in difcodonNG: CAA ---
warning: strange character '-' 
warning ambiguity in difcodonNG: CAA ---
warning: strange character '-' 
warning ambiguity in difcodonNG: CAA ---
warning: strange character '-' 
warning ambiguity in difcodonNG: CAA ---
warning: strange character '-' 
warning ambiguity in difcodonNG: TAT ---
warning: strange character '-' 
warning ambiguity in difcodonNG: TAT ---
warning: strange character '-' 
warning ambiguity in difcodonNG: TAT ---
warning: strange character '-' 
warning ambiguity in difcodonNG: TAT ---
warning: strange character '-' 
warning ambiguity in difcodonNG: TAT ---
warning: strange character '-' 
warning ambiguity in difcodonNG: TAT ---
warning: strange character '-' 
warning ambiguity in difcodonNG: CCT ---
warning: strange character '-' 
warning ambiguity in difcodonNG: CCT ---
warning: strange character '-' 
warning ambiguity in difcodonNG: CCT ---
warning: strange character '-' 
warning ambiguity in difcodonNG: CCT ---
warning: strange character '-' 
warning ambiguity in difcodonNG: CCT ---
warning: strange character '-' 
warning ambiguity in difcodonNG: CCT ---
warning: strange character '-' 
warning ambiguity in difcodonNG: TCA ---
warning: strange character '-' 
warning ambiguity in difcodonNG: TCA ---
warning: strange character '-' 
warning ambiguity in difcodonNG: TCA ---
warning: strange character '-' 
warning ambiguity in difcodonNG: TCA ---
warning: strange character '-' 
warning ambiguity in difcodonNG: TCA ---
warning: strange character '-' 
warning ambiguity in difcodonNG: TCA ---end of tree file.

Time used:  4:23
