
 15         verbose | verbose                1.00
  7         runmode | runmode                0.00
  4         seqtype | seqtype                1.00
 13       CodonFreq | CodonFreq              2.00
  9           clock | clock                  0.00
 18          aaDist | aaDist                 0.00
 19      aaRatefile | aaRatefile             1.00
 16           model | model                  0.00
 20         NSsites | NSsites                1.00
 22           icode | icode                  0.00
 23           Mgene | Mgene                  0.00
 24       fix_kappa | fix_kappa              0.00
 25           kappa | kappa                  2.00
 26       fix_omega | fix_omega              0.00
 27           omega | omega                  0.40
 28       fix_alpha | fix_alpha              1.00
 29           alpha | alpha                  0.00
 30          Malpha | Malpha                 0.00
 31           ncatG | ncatG                  8.00
 11           getSE | getSE                  0.00
 12    RateAncestor | RateAncestor           1.00
 36      Small_Diff | Small_Diff             0.00
  6       cleandata | cleandata              0.00
  8          method | method                 0.00
CODONML in paml version 4.8a, August 2014

----------------------------------------------
Phe F TTT | Ser S TCT | Tyr Y TAT | Cys C TGT
      TTC |       TCC |       TAC |       TGC
Leu L TTA |       TCA | *** * TAA | *** * TGA
      TTG |       TCG |       TAG | Trp W TGG
----------------------------------------------
Leu L CTT | Pro P CCT | His H CAT | Arg R CGT
      CTC |       CCC |       CAC |       CGC
      CTA |       CCA | Gln Q CAA |       CGA
      CTG |       CCG |       CAG |       CGG
----------------------------------------------
Ile I ATT | Thr T ACT | Asn N AAT | Ser S AGT
      ATC |       ACC |       AAC |       AGC
      ATA |       ACA | Lys K AAA | Arg R AGA
Met M ATG |       ACG |       AAG |       AGG
----------------------------------------------
Val V GTT | Ala A GCT | Asp D GAT | Gly G GGT
      GTC |       GCC |       GAC |       GGC
      GTA |       GCA | Glu E GAA |       GGA
      GTG |       GCG |       GAG |       GGG
----------------------------------------------
Nice code, uuh?


Ambiguity character definition table:

T (1): T 
C (1): C 
A (1): A 
G (1): G 
U (1): T 
Y (2): T C 
R (2): A G 
M (2): C A 
K (2): T G 
S (2): C G 
W (2): T A 
H (3): T C A 
B (3): T C G 
V (3): C A G 
D (3): T A G 
- (4): T C A G 
N (4): T C A G 
? (4): T C A G 

ns = 3  	ls = 1452
Reading sequences, interlaved format..
Reading seq # 1: A163     Reading seq # 2: A164     Reading seq # 3: A165     
block   1:     60     60     60
block   2:    120    120    120
block   3:    180    180    180
block   4:    240    240    240
block   5:    300    300    300
block   6:    360    360    360
block   7:    420    420    420
block   8:    480    480    480
block   9:    540    540    540
block  10:    600    600    600
block  11:    660    660    660
block  12:    720    720    720
block  13:    780    780    780
block  14:    840    840    840
block  15:    900    900    900
block  16:    960    960    960
block  17:   1020   1020   1020
block  18:   1080   1080   1080
block  19:   1140   1140   1140
block  20:   1200   1200   1200
block  21:   1260   1260   1260
block  22:   1320   1320   1320
block  23:   1380   1380   1380
block  24:   1440   1440   1440
block  25:   1452   1452   1452
Sequences read..
Counting site patterns..  0:00
          61 patterns at      484 /      484 sites (100.0%),  0:00
Counting codons..

  2   1:Sites   356.9 + 1095.1 = 1452.0	Diffs     0.0 +    0.0 =    0.0
  3   1:Sites   356.9 + 1095.1 = 1452.0	Diffs     0.0 +    1.0 =    1.0
  3   2:Sites   356.9 + 1095.1 = 1452.0	Diffs     0.0 +    1.0 =    1.0

       24 bytes for distance
    59536 bytes for conP
      976 bytes for fhK
  5000000 bytes for space

TREE #  1
((3, 1), 2);   MP score: 1
This is a rooted tree, without clock.  Check.

    0.000000    0.010933    0.042874    0.017997    2.000000    0.861151    0.544920

ntime & nrate & np:     4     2     7

Bounds (np=7):
   0.000004   0.000004   0.000004   0.000004   0.000100   0.000010   0.000001
  50.000000  50.000000  50.000000  50.000000 999.000000   0.999990   1.000000
Qfactor_NS = 6.255599

np =     7
lnL0 = -1980.972152

Iterating by ming2
Initial: fx=  1980.972152
x=  0.00000  0.01093  0.04287  0.01800  2.00000  0.86115  0.54492

  1 h-m-p  0.0000 0.0000 901.0886 ++     1980.970774  m 0.0000    12 | 1/7
  2 h-m-p  0.0000 0.0000 3095.8898 ++     1963.729810  m 0.0000    22 | 2/7
  3 h-m-p  0.0001 0.0007 102.7400 ++     1950.611165  m 0.0007    32 | 3/7
  4 h-m-p  0.0203 0.1487   3.4239 +YYCYCYC  1949.560540  6 0.1014    51 | 3/7
  5 h-m-p  0.1715 0.8575   0.3322 ++     1949.469646  m 0.8575    61 | 4/7
  6 h-m-p  0.1190 2.4956   1.7197 +++    1949.124614  m 2.4956    76 | 4/7
  7 h-m-p  0.0000 0.0000   0.9276 
h-m-p:      0.00000000e+00      0.00000000e+00      9.27612749e-01  1949.124614
..  | 4/7
  8 h-m-p  0.0014 0.6763  73.9262 ---CYC  1949.114663  2 0.0000   102 | 4/7
  9 h-m-p  0.0160 8.0000   0.0338 +++++  1949.105877  m 8.0000   115 | 4/7
 10 h-m-p  0.0754 8.0000   3.5800 ++++   1948.917360  m 8.0000   130 | 4/7
 11 h-m-p  1.6000 8.0000   1.3205 ++     1948.907520  m 8.0000   140 | 4/7
 12 h-m-p  0.9727 8.0000  10.8598 ++     1948.882245  m 8.0000   150 | 4/7
 13 h-m-p  1.6000 8.0000   9.1923 CC     1948.879075  1 2.2067   162 | 4/7
 14 h-m-p  1.5290 8.0000  13.2665 ++     1948.874114  m 8.0000   172 | 4/7
 15 h-m-p  1.6000 8.0000  56.4225 +YC    1948.871145  1 4.8852   184 | 4/7
 16 h-m-p  1.5165 7.5823  61.2080 C      1948.869934  0 1.7941   194 | 4/7
 17 h-m-p  1.0201 5.1005  69.4613 ++     1948.868964  m 5.1005   204 | 5/7
 18 h-m-p  1.6000 8.0000   0.0000 YC     1948.868856  1 0.9994   215 | 5/7
 19 h-m-p  1.6000 8.0000   0.0000 ---------Y  1948.868856  0 0.0000   236
Out..
lnL  = -1948.868856
237 lfun, 711 eigenQcodon, 1896 P(t)

Reconstructed ancestral states go into file rst.

lnL = -1948.868856 from ProbSitePattern.
Marginal reconstruction.
	Node   4: lnL = -1948.868856
	Node   5: lnL = -1948.868856
end of tree file.

Time used:  0:01
