
 15         verbose | verbose                1.00
  7         runmode | runmode                0.00
  4         seqtype | seqtype                1.00
 13       CodonFreq | CodonFreq              2.00
  9           clock | clock                  0.00
 18          aaDist | aaDist                 0.00
 19      aaRatefile | aaRatefile             1.00
 16           model | model                  0.00
 20         NSsites | NSsites                2.00
 22           icode | icode                  0.00
 23           Mgene | Mgene                  0.00
 24       fix_kappa | fix_kappa              0.00
 25           kappa | kappa                  2.00
 26       fix_omega | fix_omega              0.00
 27           omega | omega                  0.40
 28       fix_alpha | fix_alpha              1.00
 29           alpha | alpha                  0.00
 30          Malpha | Malpha                 0.00
 31           ncatG | ncatG                  8.00
 11           getSE | getSE                  0.00
 12    RateAncestor | RateAncestor           1.00
 36      Small_Diff | Small_Diff             0.00
  6       cleandata | cleandata              0.00
  8          method | method                 0.00
CODONML in paml version 4.8a, August 2014

----------------------------------------------
Phe F TTT | Ser S TCT | Tyr Y TAT | Cys C TGT
      TTC |       TCC |       TAC |       TGC
Leu L TTA |       TCA | *** * TAA | *** * TGA
      TTG |       TCG |       TAG | Trp W TGG
----------------------------------------------
Leu L CTT | Pro P CCT | His H CAT | Arg R CGT
      CTC |       CCC |       CAC |       CGC
      CTA |       CCA | Gln Q CAA |       CGA
      CTG |       CCG |       CAG |       CGG
----------------------------------------------
Ile I ATT | Thr T ACT | Asn N AAT | Ser S AGT
      ATC |       ACC |       AAC |       AGC
      ATA |       ACA | Lys K AAA | Arg R AGA
Met M ATG |       ACG |       AAG |       AGG
----------------------------------------------
Val V GTT | Ala A GCT | Asp D GAT | Gly G GGT
      GTC |       GCC |       GAC |       GGC
      GTA |       GCA | Glu E GAA |       GGA
      GTG |       GCG |       GAG |       GGG
----------------------------------------------
Nice code, uuh?


Ambiguity character definition table:

T (1): T 
C (1): C 
A (1): A 
G (1): G 
U (1): T 
Y (2): T C 
R (2): A G 
M (2): C A 
K (2): T G 
S (2): C G 
W (2): T A 
H (3): T C A 
B (3): T C G 
V (3): C A G 
D (3): T A G 
- (4): T C A G 
N (4): T C A G 
? (4): T C A G 

ns = 3  	ls = 1452
Reading sequences, interlaved format..
Reading seq # 1: A163     Reading seq # 2: A164     Reading seq # 3: A165     
block   1:     60     60     60
block   2:    120    120    120
block   3:    180    180    180
block   4:    240    240    240
block   5:    300    300    300
block   6:    360    360    360
block   7:    420    420    420
block   8:    480    480    480
block   9:    540    540    540
block  10:    600    600    600
block  11:    660    660    660
block  12:    720    720    720
block  13:    780    780    780
block  14:    840    840    840
block  15:    900    900    900
block  16:    960    960    960
block  17:   1020   1020   1020
block  18:   1080   1080   1080
block  19:   1140   1140   1140
block  20:   1200   1200   1200
block  21:   1260   1260   1260
block  22:   1320   1320   1320
block  23:   1380   1380   1380
block  24:   1440   1440   1440
block  25:   1452   1452   1452
Sequences read..
Counting site patterns..  0:00
          61 patterns at      484 /      484 sites (100.0%),  0:00
Counting codons..

  2   1:Sites   356.9 + 1095.1 = 1452.0	Diffs     0.0 +    0.0 =    0.0
  3   1:Sites   356.9 + 1095.1 = 1452.0	Diffs     0.0 +    1.0 =    1.0
  3   2:Sites   356.9 + 1095.1 = 1452.0	Diffs     0.0 +    1.0 =    1.0

       24 bytes for distance
    59536 bytes for conP
     1464 bytes for fhK
  5000000 bytes for space

TREE #  1
((3, 1), 2);   MP score: 1
This is a rooted tree, without clock.  Check.

initial w for M2:NSpselection reset.

    0.000000    0.010933    0.042874    0.017997    2.000000    1.702878    0.544920    0.254804    2.882193

ntime & nrate & np:     4     3     9

Bounds (np=9):
   0.000004   0.000004   0.000004   0.000004   0.000100 -99.000000 -99.000000   0.000001   1.000000
  50.000000  50.000000  50.000000  50.000000 999.000000  99.000000  99.000000   1.000000 999.000000
Qfactor_NS = 5.571300

np =     9
lnL0 = -1980.239667

Iterating by ming2
Initial: fx=  1980.239667
x=  0.00000  0.01093  0.04287  0.01800  2.00000  1.70288  0.54492  0.25480  2.88219

  1 h-m-p  0.0000 0.0000 863.0366 ++     1980.238349  m 0.0000    14 | 1/9
  2 h-m-p  0.0000 0.0000 13244.3316 ++     1961.513955  m 0.0000    26 | 2/9
  3 h-m-p  0.0000 0.0001 383.6962 ++     1949.664534  m 0.0001    38 | 3/9
  4 h-m-p  0.0109 5.4678   0.3129 +++YCYC  1949.507487  3 1.3011    57 | 3/9
  5 h-m-p  0.2881 1.4404   0.5649 ++     1949.299596  m 1.4404    75 | 4/9
  6 h-m-p  0.5436 5.7701   1.0697 +YYYC  1949.124941  3 2.0322    97 | 4/9
  7 h-m-p  1.6000 8.0000   1.2044 YCYC   1948.923205  3 3.1612   113 | 4/9
  8 h-m-p  1.6000 8.0000   1.4665 +YCCC  1948.751190  3 4.9653   131 | 4/9
  9 h-m-p  1.6000 8.0000   2.5449 YCCC   1948.666078  3 3.1704   148 | 4/9
 10 h-m-p  1.6000 8.0000   4.5445 YC     1948.576037  1 3.9385   161 | 4/9
 11 h-m-p  1.6000 8.0000   6.0282 YYCC   1948.543932  3 2.5154   177 | 4/9
 12 h-m-p  1.6000 8.0000   8.3097 +YC    1948.515309  1 4.0116   191 | 4/9
 13 h-m-p  1.6000 8.0000  12.0003 YCC    1948.501555  2 2.6811   206 | 4/9
 14 h-m-p  1.4860 7.4299  18.0379 +YC    1948.487856  1 4.5794   220 | 4/9
 15 h-m-p  0.3491 1.7453  29.4674 ++     1948.481629  m 1.7453   232 | 4/9
 16 h-m-p -0.0000 -0.0000  57.1978 
h-m-p:     -0.00000000e+00     -0.00000000e+00      5.71977935e+01  1948.481629
..  | 4/9
 17 h-m-p  0.0000 0.0005   4.4833 Y      1948.481585  0 0.0000   253 | 4/9
 18 h-m-p  0.1512 8.0000   0.0001 +C     1948.481585  0 0.9172   266 | 4/9
 19 h-m-p  0.7587 8.0000   0.0002 +Y     1948.481585  0 5.1942   284 | 4/9
 20 h-m-p  0.7428 8.0000   0.0011 C      1948.481585  0 0.9536   301 | 4/9
 21 h-m-p  0.4925 8.0000   0.0021 +C     1948.481585  0 1.8640   319 | 4/9
 22 h-m-p  0.7825 8.0000   0.0051 +Y     1948.481583  0 5.3539   337 | 4/9
 23 h-m-p  1.1451 8.0000   0.0239 ++     1948.481566  m 8.0000   354 | 4/9
 24 h-m-p  0.1506 8.0000   1.2697 ++C    1948.481396  0 2.6001   373 | 4/9
 25 h-m-p  1.6000 8.0000   1.4557 ++     1948.480013  m 8.0000   385 | 4/9
 26 h-m-p  0.3201 8.0000  36.3770 ++YC   1948.475384  1 4.1118   400 | 4/9
 27 h-m-p  1.6000 8.0000  29.1560 C      1948.473577  0 1.6000   412 | 4/9
 28 h-m-p  1.2809 8.0000  36.4193 ++     1948.470892  m 8.0000   424 | 4/9
 29 h-m-p  0.4782 2.3910 201.9964 ++     1948.468856  m 2.3910   436 | 5/9
 30 h-m-p  0.6473 3.2365 143.0042 ++     1948.466972  m 3.2365   448 | 6/9
 31 h-m-p  1.3659 8.0000   0.0434 Y      1948.466966  0 0.9678   460 | 6/9
 32 h-m-p  1.6000 8.0000   0.0030 ------------C  1948.466966  0 0.0000   487 | 6/9
 33 h-m-p  0.0160 8.0000   0.0000 ------------Y  1948.466966  0 0.0000   514
Out..
lnL  = -1948.466966
515 lfun, 2060 eigenQcodon, 6180 P(t)

BEBing (dim = 4).  This may take several minutes.
Calculating f(x_h|w): 10 categories 21 w sets.
S10 w log{f(x|w)}:    0.0500     -4.226789
S10 w log{f(x|w)}:    0.1500     -4.226789
S10 w log{f(x|w)}:    0.2500     -4.226789
S10 w log{f(x|w)}:    0.3500     -4.226790
S10 w log{f(x|w)}:    0.4500     -4.226790
S10 w log{f(x|w)}:    0.5500     -4.226790
S10 w log{f(x|w)}:    0.6500     -4.226790
S10 w log{f(x|w)}:    0.7500     -4.226790
S10 w log{f(x|w)}:    0.8500     -4.226790
S10 w log{f(x|w)}:    0.9500     -4.226791
S10 w log{f(x|w)}:    1.0000     -4.226791
S10 w log{f(x|w)}:    1.5000     -4.226792
S10 w log{f(x|w)}:    2.5000     -4.226793
S10 w log{f(x|w)}:    3.5000     -4.226795
S10 w log{f(x|w)}:    4.5000     -4.226797
S10 w log{f(x|w)}:    5.5000     -4.226799
S10 w log{f(x|w)}:    6.5000     -4.226801
S10 w log{f(x|w)}:    7.5000     -4.226803
S10 w log{f(x|w)}:    8.5000     -4.226805
S10 w log{f(x|w)}:    9.5000     -4.226806
S10 w log{f(x|w)}:   10.5000     -4.226808
Calculating f(X), the marginal probability of data.
	log(fX) = -1953.455280  S = -1952.016579    -0.072242
Calculating f(w|X), posterior probabilities of site classes.
	did  10 /  61 patterns   0:05	did  20 /  61 patterns   0:05	did  30 /  61 patterns   0:05	did  40 /  61 patterns   0:05	did  50 /  61 patterns   0:05	did  60 /  61 patterns   0:05	did  61 /  61 patterns   0:05
Reconstructed ancestral states go into file rst.

lnL = -1948.466966 from ProbSitePattern.
Marginal reconstruction.
	Node   4: lnL = -1948.466966
	Node   5: lnL = -1948.466966
end of tree file.

Time used:  0:05
