
 15         verbose | verbose                1.00
  7         runmode | runmode                0.00
  4         seqtype | seqtype                1.00
 13       CodonFreq | CodonFreq              2.00
  9           clock | clock                  0.00
 18          aaDist | aaDist                 0.00
 19      aaRatefile | aaRatefile             1.00
 16           model | model                  0.00
 20         NSsites | NSsites                7.00
 22           icode | icode                  0.00
 23           Mgene | Mgene                  0.00
 24       fix_kappa | fix_kappa              0.00
 25           kappa | kappa                  2.00
 26       fix_omega | fix_omega              0.00
 27           omega | omega                  0.40
 28       fix_alpha | fix_alpha              1.00
 29           alpha | alpha                  0.00
 30          Malpha | Malpha                 0.00
 31           ncatG | ncatG                  8.00
 11           getSE | getSE                  0.00
 12    RateAncestor | RateAncestor           1.00
 36      Small_Diff | Small_Diff             0.00
  6       cleandata | cleandata              0.00
  8          method | method                 0.00
CODONML in paml version 4.8a, August 2014

----------------------------------------------
Phe F TTT | Ser S TCT | Tyr Y TAT | Cys C TGT
      TTC |       TCC |       TAC |       TGC
Leu L TTA |       TCA | *** * TAA | *** * TGA
      TTG |       TCG |       TAG | Trp W TGG
----------------------------------------------
Leu L CTT | Pro P CCT | His H CAT | Arg R CGT
      CTC |       CCC |       CAC |       CGC
      CTA |       CCA | Gln Q CAA |       CGA
      CTG |       CCG |       CAG |       CGG
----------------------------------------------
Ile I ATT | Thr T ACT | Asn N AAT | Ser S AGT
      ATC |       ACC |       AAC |       AGC
      ATA |       ACA | Lys K AAA | Arg R AGA
Met M ATG |       ACG |       AAG |       AGG
----------------------------------------------
Val V GTT | Ala A GCT | Asp D GAT | Gly G GGT
      GTC |       GCC |       GAC |       GGC
      GTA |       GCA | Glu E GAA |       GGA
      GTG |       GCG |       GAG |       GGG
----------------------------------------------
Nice code, uuh?


Ambiguity character definition table:

T (1): T 
C (1): C 
A (1): A 
G (1): G 
U (1): T 
Y (2): T C 
R (2): A G 
M (2): C A 
K (2): T G 
S (2): C G 
W (2): T A 
H (3): T C A 
B (3): T C G 
V (3): C A G 
D (3): T A G 
- (4): T C A G 
N (4): T C A G 
? (4): T C A G 

ns = 3  	ls = 1452
Reading sequences, interlaved format..
Reading seq # 1: A163     Reading seq # 2: A164     Reading seq # 3: A165     
block   1:     60     60     60
block   2:    120    120    120
block   3:    180    180    180
block   4:    240    240    240
block   5:    300    300    300
block   6:    360    360    360
block   7:    420    420    420
block   8:    480    480    480
block   9:    540    540    540
block  10:    600    600    600
block  11:    660    660    660
block  12:    720    720    720
block  13:    780    780    780
block  14:    840    840    840
block  15:    900    900    900
block  16:    960    960    960
block  17:   1020   1020   1020
block  18:   1080   1080   1080
block  19:   1140   1140   1140
block  20:   1200   1200   1200
block  21:   1260   1260   1260
block  22:   1320   1320   1320
block  23:   1380   1380   1380
block  24:   1440   1440   1440
block  25:   1452   1452   1452
Sequences read..
Counting site patterns..  0:00
          61 patterns at      484 /      484 sites (100.0%),  0:00
Counting codons..

  2   1:Sites   356.9 + 1095.1 = 1452.0	Diffs     0.0 +    0.0 =    0.0
  3   1:Sites   356.9 + 1095.1 = 1452.0	Diffs     0.0 +    1.0 =    1.0
  3   2:Sites   356.9 + 1095.1 = 1452.0	Diffs     0.0 +    1.0 =    1.0

       24 bytes for distance
    59536 bytes for conP
     3904 bytes for fhK
  5000000 bytes for space

TREE #  1
((3, 1), 2);   MP score: 1
This is a rooted tree, without clock.  Check.

    0.000000    0.010933    0.042874    0.017997    2.000000    1.102878    1.889840

ntime & nrate & np:     4     1     7

Bounds (np=7):
   0.000004   0.000004   0.000004   0.000004   0.000100   0.005000   0.005000
  50.000000  50.000000  50.000000  50.000000 999.000000  99.000000  99.000000
Qfactor_NS = 8.243203

np =     7
lnL0 = -1980.898732

Iterating by ming2
Initial: fx=  1980.898732
x=  0.00000  0.01093  0.04287  0.01800  2.00000  1.10288  1.88984

  1 h-m-p  0.0000 0.0000 889.6299 ++     1980.897373  m 0.0000    12 | 1/7
  2 h-m-p  0.0000 0.0000 3650.7089 ++     1963.505064  m 0.0000    22 | 2/7
  3 h-m-p  0.0000 0.0001 237.0452 ++     1950.010917  m 0.0001    32 | 3/7
  4 h-m-p  0.0133 0.6242   0.4967 ++YYYCCCCC  1949.859033  7 0.2466    55 | 3/7
  5 h-m-p  0.2871 8.0000   0.4266 +++    1949.288003  m 8.0000    70 | 3/7
  6 h-m-p  0.1205 0.6023   1.1043 ++     1949.213953  m 0.6023    84 | 4/7
  7 h-m-p  0.4443 6.7873   1.3027 +YYYC  1949.155778  3 1.6200    98 | 4/7
  8 h-m-p  1.6000 8.0000   1.2685 +YCCC  1949.047297  3 4.7817   114 | 4/7
  9 h-m-p  1.6000 8.0000   1.9836 YCCC   1948.986744  3 3.3722   129 | 4/7
 10 h-m-p  1.6000 8.0000   2.9512 +YCCC  1948.948607  3 4.0689   145 | 4/7
 11 h-m-p  1.6000 8.0000   5.3487 YCC    1948.921011  2 2.8683   158 | 4/7
 12 h-m-p  1.6000 8.0000   7.1239 YC     1948.903569  1 3.8427   169 | 4/7
 13 h-m-p  1.1987 5.9935  11.1907 YC     1948.891786  1 2.7270   180 | 4/7
 14 h-m-p  0.4615 2.3075  15.8462 ++     1948.884706  m 2.3075   190 | 4/7
 15 h-m-p  0.0000 0.0000  39.6745 
h-m-p:      0.00000000e+00      0.00000000e+00      3.96744883e+01  1948.884706
..  | 4/7
 16 h-m-p  0.0000 0.0005   4.4246 Y      1948.884662  0 0.0000   207 | 4/7
 17 h-m-p  0.0000 0.0002   0.0002 ---------..  | 4/7
 18 h-m-p  0.0160 8.0000   0.1085 ------------- | 4/7
 19 h-m-p  0.0160 8.0000   0.1085 -------------
Out..
lnL  = -1948.884662
273 lfun, 2457 eigenQcodon, 8736 P(t)

Reconstructed ancestral states go into file rst.

lnL = -1948.884662 from ProbSitePattern.
Marginal reconstruction.
	Node   4: lnL = -1948.884662
	Node   5: lnL = -1948.884662
end of tree file.

Time used:  0:09
