
 15         verbose | verbose                1.00
  7         runmode | runmode                0.00
  4         seqtype | seqtype                1.00
 13       CodonFreq | CodonFreq              2.00
  9           clock | clock                  0.00
 18          aaDist | aaDist                 0.00
 19      aaRatefile | aaRatefile             1.00
 16           model | model                  0.00
 20         NSsites | NSsites                8.00
 22           icode | icode                  0.00
 23           Mgene | Mgene                  0.00
 24       fix_kappa | fix_kappa              0.00
 25           kappa | kappa                  2.00
 26       fix_omega | fix_omega              0.00
 27           omega | omega                  0.40
 28       fix_alpha | fix_alpha              1.00
 29           alpha | alpha                  0.00
 30          Malpha | Malpha                 0.00
 31           ncatG | ncatG                  8.00
 11           getSE | getSE                  0.00
 12    RateAncestor | RateAncestor           1.00
 36      Small_Diff | Small_Diff             0.00
  6       cleandata | cleandata              0.00
  8          method | method                 0.00
CODONML in paml version 4.8a, August 2014

----------------------------------------------
Phe F TTT | Ser S TCT | Tyr Y TAT | Cys C TGT
      TTC |       TCC |       TAC |       TGC
Leu L TTA |       TCA | *** * TAA | *** * TGA
      TTG |       TCG |       TAG | Trp W TGG
----------------------------------------------
Leu L CTT | Pro P CCT | His H CAT | Arg R CGT
      CTC |       CCC |       CAC |       CGC
      CTA |       CCA | Gln Q CAA |       CGA
      CTG |       CCG |       CAG |       CGG
----------------------------------------------
Ile I ATT | Thr T ACT | Asn N AAT | Ser S AGT
      ATC |       ACC |       AAC |       AGC
      ATA |       ACA | Lys K AAA | Arg R AGA
Met M ATG |       ACG |       AAG |       AGG
----------------------------------------------
Val V GTT | Ala A GCT | Asp D GAT | Gly G GGT
      GTC |       GCC |       GAC |       GGC
      GTA |       GCA | Glu E GAA |       GGA
      GTG |       GCG |       GAG |       GGG
----------------------------------------------
Nice code, uuh?


Ambiguity character definition table:

T (1): T 
C (1): C 
A (1): A 
G (1): G 
U (1): T 
Y (2): T C 
R (2): A G 
M (2): C A 
K (2): T G 
S (2): C G 
W (2): T A 
H (3): T C A 
B (3): T C G 
V (3): C A G 
D (3): T A G 
- (4): T C A G 
N (4): T C A G 
? (4): T C A G 

ns = 4  	ls = 957
Reading sequences, interlaved format..
Reading seq # 1: A99     Reading seq # 2: A100     Reading seq # 3: A101     Reading seq # 4: A102     
block   1:     60     60     60     60
block   2:    120    120    120    120
block   3:    180    180    180    180
block   4:    240    240    240    240
block   5:    300    300    300    300
block   6:    360    360    360    360
block   7:    420    420    420    420
block   8:    480    480    480    480
block   9:    540    540    540    540
block  10:    600    600    600    600
block  11:    660    660    660    660
block  12:    720    720    720    720
block  13:    780    780    780    780
block  14:    840    840    840    840
block  15:    900    900    900    900
block  16:    957    957    957    957
Sequences read..
Counting site patterns..  0:00
         155 patterns at      319 /      319 sites (100.0%),  0:00
Counting codons..

  2   1:Sites   216.3 +  740.7 =  957.0	Diffs    63.3 +   79.7 =  143.0
  3   1:Sites   216.7 +  740.3 =  957.0	Diffs    60.3 +   77.7 =  138.0
  3   2:Sites   216.5 +  740.5 =  957.0	Diffs     3.0 +    2.0 =    5.0
  4   1:Sites   216.8 +  740.2 =  957.0	Diffs    62.3 +   79.7 =  142.0
  4   2:Sites   216.6 +  740.4 =  957.0	Diffs     5.0 +    2.0 =    7.0
  4   3:Sites   216.9 +  740.1 =  957.0	Diffs     2.0 +    2.0 =    4.0

       48 bytes for distance
   151280 bytes for conP
    11160 bytes for fhK
  5000000 bytes for space

TREE #  1
(3, ((4, 2), 1));   MP score: 106
This is a rooted tree, without clock.  Check.

   226920 bytes for conP, adjusted

initial w for M8:NSbetaw>1 reset.

    0.000000    0.011073    0.039976    0.016778    0.049336    0.333847    2.000000    0.900000    0.587011    1.475943    2.882193

ntime & nrate & np:     6     2    11

Bounds (np=11):
   0.000004   0.000004   0.000004   0.000004   0.000004   0.000004   0.000100   0.000010   0.005000   0.005000   1.000000
  50.000000  50.000000  50.000000  50.000000  50.000000  50.000000 999.000000   0.999990  99.000000  99.000000 999.000000
Qfactor_NS = 7.340907

np =    11
lnL0 = -1883.269679

Iterating by ming2
Initial: fx=  1883.269679
x=  0.00000  0.01107  0.03998  0.01678  0.04934  0.33385  2.00000  0.90000  0.58701  1.47594  2.88219

  1 h-m-p  0.0000 0.0000 604.2319 ++     1883.268727  m 0.0000    16 | 1/11
  2 h-m-p  0.0000 0.0000 10758.8969 ++     1874.591167  m 0.0000    30 | 2/11
  3 h-m-p  0.0000 0.0001 319.8130 +YCYYYCC  1868.935069  6 0.0001    53 | 2/11
  4 h-m-p  0.0002 0.0008  86.6723 +YYCCC  1865.812939  4 0.0005    74 | 2/11
  5 h-m-p  0.0001 0.0007  89.5514 CYC    1865.493460  2 0.0001    91 | 2/11
  6 h-m-p  0.0003 0.0023  39.5352 CC     1865.223965  1 0.0005   107 | 2/11
  7 h-m-p  0.0006 0.0194  31.1959 ++YYCCCC  1861.550023  5 0.0095   131 | 2/11
  8 h-m-p  0.0554 0.4215   5.3531 +YCYCCC  1853.937073  5 0.2578   154 | 2/11
  9 h-m-p  0.1179 0.5894   1.3003 +YYCCCC  1850.004861  5 0.3698   177 | 2/11
 10 h-m-p  0.2306 1.6327   2.0851 CCC    1848.143428  2 0.3164   195 | 2/11
 11 h-m-p  0.2064 1.0319   1.0983 CYCCC  1847.163884  4 0.3431   216 | 2/11
 12 h-m-p  0.4721 4.6019   0.7981 YCCC   1846.037025  3 0.7457   235 | 2/11
 13 h-m-p  1.6000 8.0000   0.3323 CYC    1845.485720  2 1.8104   261 | 2/11
 14 h-m-p  1.6000 8.0000   0.1539 YYC    1845.363710  2 1.2202   286 | 2/11
 15 h-m-p  1.6000 8.0000   0.1135 CYC    1845.337083  2 1.5072   312 | 2/11
 16 h-m-p  1.6000 8.0000   0.0560 ++     1845.299738  m 8.0000   335 | 2/11
 17 h-m-p  1.6000 8.0000   0.0974 CC     1845.289660  1 1.4406   360 | 2/11
 18 h-m-p  1.6000 8.0000   0.0420 CC     1845.288221  1 1.3433   385 | 2/11
 19 h-m-p  1.6000 8.0000   0.0122 YC     1845.287970  1 0.8242   409 | 2/11
 20 h-m-p  1.6000 8.0000   0.0011 C      1845.287910  0 1.5336   432 | 2/11
 21 h-m-p  0.2188 8.0000   0.0078 +C     1845.287893  0 0.9546   456 | 2/11
 22 h-m-p  1.6000 8.0000   0.0036 Y      1845.287861  0 3.7201   479 | 2/11
 23 h-m-p  1.6000 8.0000   0.0079 ++     1845.287641  m 8.0000   502 | 2/11
 24 h-m-p  0.4401 8.0000   0.1443 +YCYC  1845.285994  3 4.3602   530 | 2/11
 25 h-m-p  0.5213 2.6063   0.9188 YYY    1845.284632  2 0.4593   555 | 2/11
 26 h-m-p  0.1996 0.9982   1.9766 YYYYC  1845.282432  4 0.1996   582 | 2/11
 27 h-m-p  0.1614 0.8070   1.9624 YCYCYC  1845.277442  5 0.2886   603 | 2/11
 28 h-m-p  0.1341 0.6707   1.4095 CYCCC  1845.272652  4 0.2126   624 | 2/11
 29 h-m-p  1.4507 8.0000   0.2066 YCC    1845.266239  2 0.8277   641 | 2/11
 30 h-m-p  0.8611 4.4911   0.1986 Y      1845.264067  0 0.8611   664 | 2/11
 31 h-m-p  1.6000 8.0000   0.0236 C      1845.262004  0 1.6000   687 | 2/11
 32 h-m-p  0.3068 6.2700   0.1231 +YYYCCYC  1845.256653  6 1.8489   719 | 2/11
 33 h-m-p  0.9113 7.1399   0.2497 YCCC   1845.252562  3 0.4527   747 | 2/11
 34 h-m-p  0.1670 4.3963   0.6766 CCC    1845.247809  2 0.2018   774 | 2/11
 35 h-m-p  1.4151 8.0000   0.0965 YYCCYC  1845.241297  5 2.0256   804 | 2/11
 36 h-m-p  1.5731 7.8656   0.0843 CYC    1845.235076  2 1.4685   830 | 2/11
 37 h-m-p  0.2861 1.4305   0.4026 YYYC   1845.231898  3 0.2446   856 | 2/11
 38 h-m-p  0.4296 5.0256   0.2293 YYY    1845.229377  2 0.4296   881 | 2/11
 39 h-m-p  0.7552 8.0000   0.1304 YC     1845.227029  1 0.3332   905 | 2/11
 40 h-m-p  0.5695 4.0586   0.0763 CYCY   1845.220873  3 1.1922   934 | 2/11
 41 h-m-p  1.1115 5.5574   0.0367 CYYYC  1845.211535  4 2.5769   962 | 2/11
 42 h-m-p  0.1714 0.8570   0.2338 YC     1845.211039  1 0.0222   986 | 2/11
 43 h-m-p  0.0466 5.4265   0.1116 ++YYC  1845.202313  2 1.1467  1013 | 2/11
 44 h-m-p  0.1884 2.8520   0.6792 YYC    1845.197027  2 0.1440  1038 | 2/11
 45 h-m-p  0.4317 7.0509   0.2266 CYC    1845.192379  2 0.6202  1064 | 2/11
 46 h-m-p  0.3476 1.7379   0.2497 YYYYYCCCC  1845.185232  8 0.5030  1098 | 2/11
 47 h-m-p  0.5806 2.9030   0.0429 C      1845.180751  0 0.5806  1121 | 2/11
 48 h-m-p  0.3015 2.3401   0.0825 YCCC   1845.178669  3 0.6055  1149 | 2/11
 49 h-m-p  1.2470 6.2348   0.0198 CC     1845.176306  1 1.4454  1174 | 2/11
 50 h-m-p  0.6520 4.3275   0.0440 CY     1845.175202  1 1.1783  1199 | 2/11
 51 h-m-p  1.2004 8.0000   0.0432 YC     1845.174630  1 0.8573  1223 | 2/11
 52 h-m-p  1.6000 8.0000   0.0227 C      1845.174348  0 1.8460  1246 | 2/11
 53 h-m-p  1.6000 8.0000   0.0024 YC     1845.174195  1 2.7322  1270 | 2/11
 54 h-m-p  1.6000 8.0000   0.0020 C      1845.174148  0 2.1877  1293 | 2/11
 55 h-m-p  1.6000 8.0000   0.0007 ++     1845.174048  m 8.0000  1316 | 2/11
 56 h-m-p  1.6000 8.0000   0.0017 Y      1845.173997  0 2.5981  1339 | 2/11
 57 h-m-p  1.6000 8.0000   0.0018 Y      1845.173955  0 3.3194  1362 | 2/11
 58 h-m-p  1.6000 8.0000   0.0016 C      1845.173946  0 2.0627  1385 | 2/11
 59 h-m-p  1.6000 8.0000   0.0011 C      1845.173944  0 2.1609  1408 | 2/11
 60 h-m-p  1.6000 8.0000   0.0009 C      1845.173943  0 2.5288  1431 | 2/11
 61 h-m-p  1.4665 7.3323   0.0007 C      1845.173943  0 1.9236  1454 | 2/11
 62 h-m-p  1.1491 5.7455   0.0006 +Y     1845.173943  0 3.1571  1478 | 2/11
 63 h-m-p  0.7074 3.5370   0.0005 Y      1845.173943  0 1.5968  1501 | 2/11
 64 h-m-p  0.3800 1.9002   0.0005 ++     1845.173943  m 1.9002  1524 | 3/11
 65 h-m-p  1.6000 8.0000   0.0003 -C     1845.173943  0 0.1000  1548 | 3/11
 66 h-m-p  1.4115 8.0000   0.0000 C      1845.173943  0 1.5056  1570 | 3/11
 67 h-m-p  1.6000 8.0000   0.0000 --------------C  1845.173943  0 0.0000  1606
Out..
lnL  = -1845.173943
1607 lfun, 16070 eigenQcodon, 86778 P(t)

BEBing (dim = 4).  This may take several minutes.
Calculating f(x_h|w): 10 categories 20 w sets.
S10 w log{f(x|w)}:    0.0500    -13.236541
S10 w log{f(x|w)}:    0.1500    -12.065276
S10 w log{f(x|w)}:    0.2500    -11.496615
S10 w log{f(x|w)}:    0.3500    -11.113787
S10 w log{f(x|w)}:    0.4500    -10.825223
S10 w log{f(x|w)}:    0.5500    -10.594660
S10 w log{f(x|w)}:    0.6500    -10.403746
S10 w log{f(x|w)}:    0.7500    -10.241792
S10 w log{f(x|w)}:    0.8500    -10.101973
S10 w log{f(x|w)}:    0.9500     -9.979641
S10 w log{f(x|w)}:    1.5000     -9.505711
S10 w log{f(x|w)}:    2.5000     -9.057925
S10 w log{f(x|w)}:    3.5000     -8.825446
S10 w log{f(x|w)}:    4.5000     -8.686941
S10 w log{f(x|w)}:    5.5000     -8.597898
S10 w log{f(x|w)}:    6.5000     -8.538213
S10 w log{f(x|w)}:    7.5000     -8.497482
S10 w log{f(x|w)}:    8.5000     -8.469760
S10 w log{f(x|w)}:    9.5000     -8.451382
S10 w log{f(x|w)}:   10.5000     -8.439960
Calculating f(X), the marginal probability of data.
	log(fX) = -1851.119193  S = -1701.023892  -144.293641
Calculating f(w|X), posterior probabilities of site classes.
	did  10 / 155 patterns   1:12	did  20 / 155 patterns   1:12	did  30 / 155 patterns   1:12	did  40 / 155 patterns   1:13	did  50 / 155 patterns   1:13	did  60 / 155 patterns   1:13	did  70 / 155 patterns   1:14	did  80 / 155 patterns   1:14	did  90 / 155 patterns   1:14	did 100 / 155 patterns   1:14	did 110 / 155 patterns   1:15	did 120 / 155 patterns   1:15	did 130 / 155 patterns   1:15	did 140 / 155 patterns   1:16	did 150 / 155 patterns   1:16	did 155 / 155 patterns   1:16
Reconstructed ancestral states go into file rst.

lnL = -1845.173943 from ProbSitePattern.
Marginal reconstruction.
	Node   5: lnL = -1845.173943
	Node   6: lnL = -1845.173943
	Node   7: lnL = -1845.173943
end of tree file.

Time used:  1:16
