
 15         verbose | verbose                1.00
  7         runmode | runmode                0.00
  4         seqtype | seqtype                1.00
 13       CodonFreq | CodonFreq              2.00
  9           clock | clock                  0.00
 18          aaDist | aaDist                 0.00
 19      aaRatefile | aaRatefile             1.00
 16           model | model                  0.00
 20         NSsites | NSsites                1.00
 22           icode | icode                  0.00
 23           Mgene | Mgene                  0.00
 24       fix_kappa | fix_kappa              0.00
 25           kappa | kappa                  2.00
 26       fix_omega | fix_omega              0.00
 27           omega | omega                  0.40
 28       fix_alpha | fix_alpha              1.00
 29           alpha | alpha                  0.00
 30          Malpha | Malpha                 0.00
 31           ncatG | ncatG                  8.00
 11           getSE | getSE                  0.00
 12    RateAncestor | RateAncestor           1.00
 36      Small_Diff | Small_Diff             0.00
  6       cleandata | cleandata              0.00
  8          method | method                 0.00
CODONML in paml version 4.8a, August 2014

----------------------------------------------
Phe F TTT | Ser S TCT | Tyr Y TAT | Cys C TGT
      TTC |       TCC |       TAC |       TGC
Leu L TTA |       TCA | *** * TAA | *** * TGA
      TTG |       TCG |       TAG | Trp W TGG
----------------------------------------------
Leu L CTT | Pro P CCT | His H CAT | Arg R CGT
      CTC |       CCC |       CAC |       CGC
      CTA |       CCA | Gln Q CAA |       CGA
      CTG |       CCG |       CAG |       CGG
----------------------------------------------
Ile I ATT | Thr T ACT | Asn N AAT | Ser S AGT
      ATC |       ACC |       AAC |       AGC
      ATA |       ACA | Lys K AAA | Arg R AGA
Met M ATG |       ACG |       AAG |       AGG
----------------------------------------------
Val V GTT | Ala A GCT | Asp D GAT | Gly G GGT
      GTC |       GCC |       GAC |       GGC
      GTA |       GCA | Glu E GAA |       GGA
      GTG |       GCG |       GAG |       GGG
----------------------------------------------
Nice code, uuh?


Ambiguity character definition table:

T (1): T 
C (1): C 
A (1): A 
G (1): G 
U (1): T 
Y (2): T C 
R (2): A G 
M (2): C A 
K (2): T G 
S (2): C G 
W (2): T A 
H (3): T C A 
B (3): T C G 
V (3): C A G 
D (3): T A G 
- (4): T C A G 
N (4): T C A G 
? (4): T C A G 

ns = 4  	ls = 957
Reading sequences, interlaved format..
Reading seq # 1: A99     Reading seq # 2: A100     Reading seq # 3: A101     Reading seq # 4: A102     
block   1:     60     60     60     60
block   2:    120    120    120    120
block   3:    180    180    180    180
block   4:    240    240    240    240
block   5:    300    300    300    300
block   6:    360    360    360    360
block   7:    420    420    420    420
block   8:    480    480    480    480
block   9:    540    540    540    540
block  10:    600    600    600    600
block  11:    660    660    660    660
block  12:    720    720    720    720
block  13:    780    780    780    780
block  14:    840    840    840    840
block  15:    900    900    900    900
block  16:    957    957    957    957
Sequences read..
Counting site patterns..  0:00
         155 patterns at      319 /      319 sites (100.0%),  0:00
Counting codons..

  2   1:Sites   216.3 +  740.7 =  957.0	Diffs    63.3 +   79.7 =  143.0
  3   1:Sites   216.7 +  740.3 =  957.0	Diffs    60.3 +   77.7 =  138.0
  3   2:Sites   216.5 +  740.5 =  957.0	Diffs     3.0 +    2.0 =    5.0
  4   1:Sites   216.8 +  740.2 =  957.0	Diffs    62.3 +   79.7 =  142.0
  4   2:Sites   216.6 +  740.4 =  957.0	Diffs     5.0 +    2.0 =    7.0
  4   3:Sites   216.9 +  740.1 =  957.0	Diffs     2.0 +    2.0 =    4.0

       48 bytes for distance
   151280 bytes for conP
     2480 bytes for fhK
  5000000 bytes for space

TREE #  1
(3, ((4, 2), 1));   MP score: 106
This is a rooted tree, without clock.  Check.

   226920 bytes for conP, adjusted

    0.000000    0.011073    0.039976    0.016778    0.049336    0.333847    2.000000    0.654804    0.337971

ntime & nrate & np:     6     2     9

Bounds (np=9):
   0.000004   0.000004   0.000004   0.000004   0.000004   0.000004   0.000100   0.000010   0.000001
  50.000000  50.000000  50.000000  50.000000  50.000000  50.000000 999.000000   0.999990   1.000000
Qfactor_NS = 7.145470

np =     9
lnL0 = -1892.218054

Iterating by ming2
Initial: fx=  1892.218054
x=  0.00000  0.01107  0.03998  0.01678  0.04934  0.33385  2.00000  0.65480  0.33797

  1 h-m-p  0.0000 0.0000 594.9098 ++     1892.217125  m 0.0000    14 | 1/9
  2 h-m-p  0.0000 0.0000 3006.5139 ++     1884.574219  m 0.0000    26 | 2/9
  3 h-m-p  0.0000 0.0001 231.4210 +YYCYCYC  1880.478924  6 0.0001    48 | 2/9
  4 h-m-p  0.0007 0.0107  39.5165 +CYYCCC  1868.444183  5 0.0068    70 | 2/9
  5 h-m-p  0.0004 0.0020  55.7631 YCCCC  1867.083830  4 0.0009    89 | 2/9
  6 h-m-p  0.0013 0.0063  21.9716 +YCCC  1865.951325  3 0.0040   107 | 2/9
  7 h-m-p  0.0002 0.0009  38.9550 ++     1865.515602  m 0.0009   119 | 2/9
  8 h-m-p -0.0000 -0.0000   5.7495 
h-m-p:     -8.85376500e-19     -4.42688250e-18      5.74947994e+00  1865.515602
..  | 2/9
  9 h-m-p  0.0000 0.0000 898.7612 YYCCC  1862.974685  4 0.0000   146 | 2/9
 10 h-m-p  0.0000 0.0000 302.5800 +CCYC  1860.882573  3 0.0000   164 | 2/9
 11 h-m-p  0.0000 0.0000 2562.9661 +YYYCCC  1854.381002  5 0.0000   184 | 2/9
 12 h-m-p  0.0004 0.0228  81.1156 +CCCC  1849.709006  3 0.0017   203 | 2/9
 13 h-m-p  0.0001 0.0007  36.3084 ++     1849.072006  m 0.0007   215 | 3/9
 14 h-m-p  0.0004 0.0080  34.8643 YC     1848.875666  1 0.0010   228 | 3/9
 15 h-m-p  0.0179 2.6960   1.8853 ++CYC  1848.451416  2 0.2175   245 | 3/9
 16 h-m-p  0.5624 2.8118   0.0719 CCCC   1848.273758  3 0.6443   263 | 3/9
 17 h-m-p  1.6000 8.0000   0.0262 CYC    1848.175414  2 1.7343   284 | 3/9
 18 h-m-p  1.6000 8.0000   0.0149 YCC    1848.162934  2 1.3099   305 | 3/9
 19 h-m-p  1.6000 8.0000   0.0053 CC     1848.160462  1 2.2405   325 | 3/9
 20 h-m-p  1.6000 8.0000   0.0064 C      1848.160182  0 1.3394   343 | 3/9
 21 h-m-p  1.6000 8.0000   0.0003 C      1848.160177  0 1.9064   361 | 3/9
 22 h-m-p  1.6000 8.0000   0.0002 C      1848.160176  0 1.7855   379 | 3/9
 23 h-m-p  1.6000 8.0000   0.0000 C      1848.160176  0 0.5542   397 | 3/9
 24 h-m-p  1.0502 8.0000   0.0000 ---Y   1848.160176  0 0.0041   418
Out..
lnL  = -1848.160176
419 lfun, 1257 eigenQcodon, 5028 P(t)

Reconstructed ancestral states go into file rst.

lnL = -1848.160176 from ProbSitePattern.
Marginal reconstruction.
	Node   5: lnL = -1848.160176
	Node   6: lnL = -1848.160176
	Node   7: lnL = -1848.160176
end of tree file.

Time used:  0:04
