
 15         verbose | verbose                1.00
  7         runmode | runmode                0.00
  4         seqtype | seqtype                1.00
 13       CodonFreq | CodonFreq              2.00
  9           clock | clock                  0.00
 18          aaDist | aaDist                 0.00
 19      aaRatefile | aaRatefile             1.00
 16           model | model                  0.00
 20         NSsites | NSsites                7.00
 22           icode | icode                  0.00
 23           Mgene | Mgene                  0.00
 24       fix_kappa | fix_kappa              0.00
 25           kappa | kappa                  2.00
 26       fix_omega | fix_omega              0.00
 27           omega | omega                  0.40
 28       fix_alpha | fix_alpha              1.00
 29           alpha | alpha                  0.00
 30          Malpha | Malpha                 0.00
 31           ncatG | ncatG                  8.00
 11           getSE | getSE                  0.00
 12    RateAncestor | RateAncestor           1.00
 36      Small_Diff | Small_Diff             0.00
  6       cleandata | cleandata              0.00
  8          method | method                 0.00
CODONML in paml version 4.8a, August 2014

----------------------------------------------
Phe F TTT | Ser S TCT | Tyr Y TAT | Cys C TGT
      TTC |       TCC |       TAC |       TGC
Leu L TTA |       TCA | *** * TAA | *** * TGA
      TTG |       TCG |       TAG | Trp W TGG
----------------------------------------------
Leu L CTT | Pro P CCT | His H CAT | Arg R CGT
      CTC |       CCC |       CAC |       CGC
      CTA |       CCA | Gln Q CAA |       CGA
      CTG |       CCG |       CAG |       CGG
----------------------------------------------
Ile I ATT | Thr T ACT | Asn N AAT | Ser S AGT
      ATC |       ACC |       AAC |       AGC
      ATA |       ACA | Lys K AAA | Arg R AGA
Met M ATG |       ACG |       AAG |       AGG
----------------------------------------------
Val V GTT | Ala A GCT | Asp D GAT | Gly G GGT
      GTC |       GCC |       GAC |       GGC
      GTA |       GCA | Glu E GAA |       GGA
      GTG |       GCG |       GAG |       GGG
----------------------------------------------
Nice code, uuh?


Ambiguity character definition table:

T (1): T 
C (1): C 
A (1): A 
G (1): G 
U (1): T 
Y (2): T C 
R (2): A G 
M (2): C A 
K (2): T G 
S (2): C G 
W (2): T A 
H (3): T C A 
B (3): T C G 
V (3): C A G 
D (3): T A G 
- (4): T C A G 
N (4): T C A G 
? (4): T C A G 

ns = 3  	ls = 654
Reading sequences, interlaved format..
Reading seq # 1: A44     Reading seq # 2: A45     Reading seq # 3: A46     
block   1:     60     60     60
block   2:    120    120    120
block   3:    180    180    180
block   4:    240    240    240
block   5:    300    300    300
block   6:    360    360    360
block   7:    420    420    420
block   8:    480    480    480
block   9:    540    540    540
block  10:    600    600    600
block  11:    654    654    654
Sequences read..
Counting site patterns..  0:00
          63 patterns at      218 /      218 sites (100.0%),  0:00
Counting codons..

  2   1:Sites   165.0 +  489.0 =  654.0	Diffs     2.0 +    4.0 =    6.0
  3   1:Sites   165.0 +  489.0 =  654.0	Diffs     3.0 +    4.0 =    7.0
  3   2:Sites   165.7 +  488.3 =  654.0	Diffs     1.0 +    0.0 =    1.0

       24 bytes for distance
    61488 bytes for conP
     4032 bytes for fhK
  5000000 bytes for space

TREE #  1
((2, 1), 3);   MP score: 6
This is a rooted tree, without clock.  Check.

    0.000000    0.008458    0.052267    0.017997    2.000000    1.102878    1.889840

ntime & nrate & np:     4     1     7

Bounds (np=7):
   0.000004   0.000004   0.000004   0.000004   0.000100   0.005000   0.005000
  50.000000  50.000000  50.000000  50.000000 999.000000  99.000000  99.000000
Qfactor_NS = 9.210260

np =     7
lnL0 =  -944.808618

Iterating by ming2
Initial: fx=   944.808618
x=  0.00000  0.00846  0.05227  0.01800  2.00000  1.10288  1.88984

  1 h-m-p  0.0000 0.0000 321.2585 ++      944.808092  m 0.0000    12 | 1/7
  2 h-m-p  0.0000 0.0000 615.9920 ++      942.845425  m 0.0000    22 | 2/7
  3 h-m-p  0.0020 0.0222   1.2165 +CYCYC   940.996482  4 0.0170    40 | 1/7
  4 h-m-p  0.0000 0.0002  37.2021 ++      940.907346  m 0.0002    50 | 1/7
  5 h-m-p -0.0000 -0.0000   0.4478 
h-m-p:     -5.61461131e-19     -2.80730565e-18      4.47783928e-01   940.907346
..  | 1/7
  6 h-m-p  0.0000 0.0006  80.4068 ++YYYYC   940.427070  4 0.0002    79 | 1/7
  7 h-m-p  0.0000 0.0000 266.1615 ++      940.185761  m 0.0000    89 | 2/7
  8 h-m-p  0.0001 0.0004  25.8600 YYCC    940.156391  3 0.0001   103 | 2/7
  9 h-m-p  0.0160 8.0000   0.3846 +++CYCC   940.046057  3 1.4265   121 | 1/7
 10 h-m-p  0.0004 0.0026 1241.0808 -CCC    940.042765  2 0.0000   141 | 1/7
 11 h-m-p  0.3011 8.0000   0.0963 +CCC    940.033424  2 1.5507   156 | 1/7
 12 h-m-p  1.6000 8.0000   0.0536 C       940.031632  0 1.6779   172 | 1/7
 13 h-m-p  1.6000 8.0000   0.0075 C       940.031564  0 2.0872   188 | 1/7
 14 h-m-p  1.6000 8.0000   0.0039 C       940.031551  0 1.7713   204 | 1/7
 15 h-m-p  1.6000 8.0000   0.0030 ++      940.031504  m 8.0000   220 | 1/7
 16 h-m-p  0.0440 8.0000   0.5487 +++YC   940.030512  1 2.0840   240 | 1/7
 17 h-m-p  1.6000 8.0000   0.3412 +YC     940.029064  1 4.5903   258 | 1/7
 18 h-m-p  1.6000 8.0000   0.8164 +YC     940.027999  1 4.1941   276 | 1/7
 19 h-m-p  0.9606 4.8031   1.2214 +YC     940.027430  1 2.5037   294 | 1/7
 20 h-m-p  0.3383 1.6916   1.6888 ++      940.027121  m 1.6916   304 | 2/7
 21 h-m-p  0.0026 0.1080 1117.5217 ---C    940.027120  0 0.0000   317 | 2/7
 22 h-m-p  0.6734 8.0000   0.0208 +Y      940.027118  0 3.7868   328 | 2/7
 23 h-m-p  1.6000 8.0000   0.0149 -Y      940.027118  0 0.0515   344 | 2/7
 24 h-m-p  1.6000 8.0000   0.0005 ------C   940.027118  0 0.0001   365
Out..
lnL  =  -940.027118
366 lfun, 3294 eigenQcodon, 11712 P(t)

Reconstructed ancestral states go into file rst.

lnL =  -940.027118 from ProbSitePattern.
Marginal reconstruction.
	Node   4: lnL =  -940.027118
	Node   5: lnL =  -940.027118
end of tree file.

Time used:  0:09
