
 15         verbose | verbose                1.00
  7         runmode | runmode                0.00
  4         seqtype | seqtype                1.00
 13       CodonFreq | CodonFreq              2.00
  9           clock | clock                  0.00
 18          aaDist | aaDist                 0.00
 19      aaRatefile | aaRatefile             1.00
 16           model | model                  0.00
 20         NSsites | NSsites                1.00
 22           icode | icode                  0.00
 23           Mgene | Mgene                  0.00
 24       fix_kappa | fix_kappa              0.00
 25           kappa | kappa                  2.00
 26       fix_omega | fix_omega              0.00
 27           omega | omega                  0.40
 28       fix_alpha | fix_alpha              1.00
 29           alpha | alpha                  0.00
 30          Malpha | Malpha                 0.00
 31           ncatG | ncatG                  8.00
 11           getSE | getSE                  0.00
 12    RateAncestor | RateAncestor           1.00
 36      Small_Diff | Small_Diff             0.00
  6       cleandata | cleandata              0.00
  8          method | method                 0.00
CODONML in paml version 4.8a, August 2014

----------------------------------------------
Phe F TTT | Ser S TCT | Tyr Y TAT | Cys C TGT
      TTC |       TCC |       TAC |       TGC
Leu L TTA |       TCA | *** * TAA | *** * TGA
      TTG |       TCG |       TAG | Trp W TGG
----------------------------------------------
Leu L CTT | Pro P CCT | His H CAT | Arg R CGT
      CTC |       CCC |       CAC |       CGC
      CTA |       CCA | Gln Q CAA |       CGA
      CTG |       CCG |       CAG |       CGG
----------------------------------------------
Ile I ATT | Thr T ACT | Asn N AAT | Ser S AGT
      ATC |       ACC |       AAC |       AGC
      ATA |       ACA | Lys K AAA | Arg R AGA
Met M ATG |       ACG |       AAG |       AGG
----------------------------------------------
Val V GTT | Ala A GCT | Asp D GAT | Gly G GGT
      GTC |       GCC |       GAC |       GGC
      GTA |       GCA | Glu E GAA |       GGA
      GTG |       GCG |       GAG |       GGG
----------------------------------------------
Nice code, uuh?


Ambiguity character definition table:

T (1): T 
C (1): C 
A (1): A 
G (1): G 
U (1): T 
Y (2): T C 
R (2): A G 
M (2): C A 
K (2): T G 
S (2): C G 
W (2): T A 
H (3): T C A 
B (3): T C G 
V (3): C A G 
D (3): T A G 
- (4): T C A G 
N (4): T C A G 
? (4): T C A G 

ns = 3  	ls = 654
Reading sequences, interlaved format..
Reading seq # 1: A44     Reading seq # 2: A45     Reading seq # 3: A46     
block   1:     60     60     60
block   2:    120    120    120
block   3:    180    180    180
block   4:    240    240    240
block   5:    300    300    300
block   6:    360    360    360
block   7:    420    420    420
block   8:    480    480    480
block   9:    540    540    540
block  10:    600    600    600
block  11:    654    654    654
Sequences read..
Counting site patterns..  0:00
          63 patterns at      218 /      218 sites (100.0%),  0:00
Counting codons..

  2   1:Sites   165.0 +  489.0 =  654.0	Diffs     2.0 +    4.0 =    6.0
  3   1:Sites   165.0 +  489.0 =  654.0	Diffs     3.0 +    4.0 =    7.0
  3   2:Sites   165.7 +  488.3 =  654.0	Diffs     1.0 +    0.0 =    1.0

       24 bytes for distance
    61488 bytes for conP
     1008 bytes for fhK
  5000000 bytes for space

TREE #  1
((2, 1), 3);   MP score: 6
This is a rooted tree, without clock.  Check.

    0.000000    0.008458    0.052267    0.017997    2.000000    0.861151    0.544920

ntime & nrate & np:     4     2     7

Bounds (np=7):
   0.000004   0.000004   0.000004   0.000004   0.000100   0.000010   0.000001
  50.000000  50.000000  50.000000  50.000000 999.000000   0.999990   1.000000
Qfactor_NS = 7.002885

np =     7
lnL0 =  -944.808486

Iterating by ming2
Initial: fx=   944.808486
x=  0.00000  0.00846  0.05227  0.01800  2.00000  0.86115  0.54492

  1 h-m-p  0.0000 0.0000 324.8017 ++      944.807954  m 0.0000    12 | 1/7
  2 h-m-p  0.0000 0.0000 593.3240 ++      942.846601  m 0.0000    22 | 2/7
  3 h-m-p  0.0058 0.1079   0.4167 ++YYYCCCC   940.776962  6 0.0841    43 | 1/7
  4 h-m-p  0.0000 0.0001  80.1026 ++      940.650104  m 0.0001    58 | 1/7
  5 h-m-p -0.0000 -0.0000   0.2557 
h-m-p:     -9.15582228e-19     -4.57791114e-18      2.55701352e-01   940.650104
..  | 1/7
  6 h-m-p  0.0000 0.0006  75.8476 ++YCYC   940.380769  3 0.0001    87 | 1/7
  7 h-m-p  0.0000 0.0000 254.0669 ++      940.115454  m 0.0000    97 | 2/7
  8 h-m-p  0.0001 0.0004  23.3778 YYCC    940.091776  3 0.0001   111 | 2/7
  9 h-m-p  0.0038 0.5355   0.4138 +++YYC   940.062427  2 0.2287   126 | 2/7
 10 h-m-p  0.5536 8.0000   0.1709 CCC     940.034390  2 0.7461   145 | 1/7
 11 h-m-p  0.0004 0.0038 332.7180 -C      940.033759  0 0.0000   161 | 1/7
 12 h-m-p  0.1016 2.1730   0.0854 +++     940.026249  m 2.1730   172 | 2/7
 13 h-m-p  1.6000 8.0000   0.0447 CC      940.026083  1 0.3216   190 | 2/7
 14 h-m-p  1.6000 8.0000   0.0031 C       940.026078  0 1.4261   205 | 2/7
 15 h-m-p  1.6000 8.0000   0.0004 Y       940.026077  0 0.9995   220 | 2/7
 16 h-m-p  1.6000 8.0000   0.0000 Y       940.026077  0 3.3141   235 | 2/7
 17 h-m-p  1.4664 8.0000   0.0000 -Y      940.026077  0 0.0917   251 | 2/7
 18 h-m-p  0.0574 8.0000   0.0000 C       940.026077  0 0.0574   266 | 2/7
 19 h-m-p  0.2010 8.0000   0.0000 ---------------..  | 2/7
 20 h-m-p  0.0160 8.0000   0.0047 -----------Y   940.026077  0 0.0000   320 | 2/7
 21 h-m-p  0.0160 8.0000   0.0047 -------------..  | 2/7
 22 h-m-p  0.0160 8.0000   0.0047 ------------- | 2/7
 23 h-m-p  0.0160 8.0000   0.0047 -------------
Out..
lnL  =  -940.026077
399 lfun, 1197 eigenQcodon, 3192 P(t)

Reconstructed ancestral states go into file rst.

lnL =  -940.026077 from ProbSitePattern.
Marginal reconstruction.
	Node   4: lnL =  -940.026077
	Node   5: lnL =  -940.026077
end of tree file.

Time used:  0:02
