
 15         verbose | verbose                1.00
  7         runmode | runmode                0.00
  4         seqtype | seqtype                1.00
 13       CodonFreq | CodonFreq              2.00
  9           clock | clock                  0.00
 18          aaDist | aaDist                 0.00
 19      aaRatefile | aaRatefile             1.00
 16           model | model                  0.00
 20         NSsites | NSsites                8.00
 22           icode | icode                  0.00
 23           Mgene | Mgene                  0.00
 24       fix_kappa | fix_kappa              0.00
 25           kappa | kappa                  2.00
 26       fix_omega | fix_omega              0.00
 27           omega | omega                  0.40
 28       fix_alpha | fix_alpha              1.00
 29           alpha | alpha                  0.00
 30          Malpha | Malpha                 0.00
 31           ncatG | ncatG                  8.00
 11           getSE | getSE                  0.00
 12    RateAncestor | RateAncestor           1.00
 36      Small_Diff | Small_Diff             0.00
  6       cleandata | cleandata              0.00
  8          method | method                 0.00
CODONML in paml version 4.8a, August 2014

----------------------------------------------
Phe F TTT | Ser S TCT | Tyr Y TAT | Cys C TGT
      TTC |       TCC |       TAC |       TGC
Leu L TTA |       TCA | *** * TAA | *** * TGA
      TTG |       TCG |       TAG | Trp W TGG
----------------------------------------------
Leu L CTT | Pro P CCT | His H CAT | Arg R CGT
      CTC |       CCC |       CAC |       CGC
      CTA |       CCA | Gln Q CAA |       CGA
      CTG |       CCG |       CAG |       CGG
----------------------------------------------
Ile I ATT | Thr T ACT | Asn N AAT | Ser S AGT
      ATC |       ACC |       AAC |       AGC
      ATA |       ACA | Lys K AAA | Arg R AGA
Met M ATG |       ACG |       AAG |       AGG
----------------------------------------------
Val V GTT | Ala A GCT | Asp D GAT | Gly G GGT
      GTC |       GCC |       GAC |       GGC
      GTA |       GCA | Glu E GAA |       GGA
      GTG |       GCG |       GAG |       GGG
----------------------------------------------
Nice code, uuh?


Ambiguity character definition table:

T (1): T 
C (1): C 
A (1): A 
G (1): G 
U (1): T 
Y (2): T C 
R (2): A G 
M (2): C A 
K (2): T G 
S (2): C G 
W (2): T A 
H (3): T C A 
B (3): T C G 
V (3): C A G 
D (3): T A G 
- (4): T C A G 
N (4): T C A G 
? (4): T C A G 

ns = 3  	ls = 654
Reading sequences, interlaved format..
Reading seq # 1: A44     Reading seq # 2: A45     Reading seq # 3: A46     
block   1:     60     60     60
block   2:    120    120    120
block   3:    180    180    180
block   4:    240    240    240
block   5:    300    300    300
block   6:    360    360    360
block   7:    420    420    420
block   8:    480    480    480
block   9:    540    540    540
block  10:    600    600    600
block  11:    654    654    654
Sequences read..
Counting site patterns..  0:00
          63 patterns at      218 /      218 sites (100.0%),  0:00
Counting codons..

  2   1:Sites   165.0 +  489.0 =  654.0	Diffs     2.0 +    4.0 =    6.0
  3   1:Sites   165.0 +  489.0 =  654.0	Diffs     3.0 +    4.0 =    7.0
  3   2:Sites   165.7 +  488.3 =  654.0	Diffs     1.0 +    0.0 =    1.0

       24 bytes for distance
    61488 bytes for conP
     4536 bytes for fhK
  5000000 bytes for space

TREE #  1
((2, 1), 3);   MP score: 6
This is a rooted tree, without clock.  Check.

initial w for M8:NSbetaw>1 reset.

    0.000000    0.008458    0.052267    0.017997    2.000000    0.900000    1.102878    1.889840    2.387011

ntime & nrate & np:     4     2     9

Bounds (np=9):
   0.000004   0.000004   0.000004   0.000004   0.000100   0.000010   0.005000   0.005000   1.000000
  50.000000  50.000000  50.000000  50.000000 999.000000   0.999990  99.000000  99.000000 999.000000
Qfactor_NS = 7.288099

np =     9
lnL0 =  -944.689570

Iterating by ming2
Initial: fx=   944.689570
x=  0.00000  0.00846  0.05227  0.01800  2.00000  0.90000  1.10288  1.88984  2.38701

  1 h-m-p  0.0000 0.0000 315.5508 ++      944.689053  m 0.0000    14 | 1/9
  2 h-m-p  0.0000 0.0000 761.7825 ++      942.655233  m 0.0000    26 | 2/9
  3 h-m-p  0.0002 0.0017  11.9784 +YCCCYC   941.091275  5 0.0013    48 | 2/9
  4 h-m-p  0.0054 0.0342   2.8266 ++      940.816934  m 0.0342    60 | 1/9
  5 h-m-p  0.0155 0.2076   6.2424 ----YC   940.816611  1 0.0000    77 | 1/9
  6 h-m-p  0.0007 0.3455   2.1041 ++++YYCCC   940.060390  4 0.1559    99 | 1/9
  7 h-m-p  1.6000 8.0000   0.1040 CYC     940.043435  2 2.0679   114 | 1/9
  8 h-m-p  1.0032 5.0162   0.0830 CC      940.039907  1 1.0980   136 | 1/9
  9 h-m-p  0.5575 2.7876   0.0565 ++      940.034488  m 2.7876   156 | 1/9
 10 h-m-p  0.0000 0.0000   0.2268 
h-m-p:      0.00000000e+00      0.00000000e+00      2.26823199e-01   940.034488
..  | 1/9
 11 h-m-p  0.0160 8.0000   2.6409 ----Y   940.034449  0 0.0000   197 | 1/9
 12 h-m-p  0.0000 0.0119   0.6787 +Y      940.034422  0 0.0001   210 | 1/9
 13 h-m-p  0.0071 3.5698   0.0461 ++++YC   940.032886  1 1.4805   235 | 1/9
 14 h-m-p  0.0052 0.0259   0.9315 ++      940.031831  m 0.0259   255 | 2/9
 15 h-m-p  0.0001 0.0003   7.7604 ++      940.031810  m 0.0003   275 | 3/9
 16 h-m-p  0.0121 1.1001   0.1674 Y       940.031808  0 0.0021   287 | 2/9
 17 h-m-p  0.0000 0.0134  13.7401 +++C    940.031695  0 0.0016   308 | 2/9
 18 h-m-p  0.6569 3.2846   0.0078 C       940.031664  0 0.8728   320 | 2/9
 19 h-m-p  1.6000 8.0000   0.0023 ++      940.031630  m 8.0000   339 | 2/9
 20 h-m-p  0.1617 8.0000   0.1141 +YC     940.031471  1 1.4891   360 | 2/9
 21 h-m-p  0.5140 2.5700   0.0341 ++      940.031318  m 2.5700   379 | 3/9
 22 h-m-p  0.2634 8.0000   0.3327 C       940.031239  0 0.3323   398 | 3/9
 23 h-m-p  0.0879 1.8354   1.2580 -------------C   940.031239  0 0.0000   429 | 3/9
 24 h-m-p  0.0160 8.0000   3.2013 +YC     940.031011  1 0.1238   443 | 3/9
 25 h-m-p  1.6000 8.0000   0.2117 +YC     940.030284  1 4.1492   457 | 2/9
 26 h-m-p  0.0001 0.0051 8723.2848 C       940.030075  0 0.0000   475 | 2/9
 27 h-m-p  0.5027 8.0000   0.5289 +YC     940.028541  1 4.0633   489 | 2/9
 28 h-m-p  1.6000 8.0000   0.8466 YC      940.027751  1 3.7232   509 | 2/9
 29 h-m-p  1.6000 8.0000   1.3825 YC      940.027224  1 3.0311   529 | 2/9
 30 h-m-p  1.6000 8.0000   2.0652 YC      940.026831  1 3.6428   542 | 2/9
 31 h-m-p  1.4203 7.1016   3.2800 YC      940.026584  1 3.0168   555 | 2/9
 32 h-m-p  0.5859 2.9295   4.6834 ++      940.026417  m 2.9295   567 | 2/9
 33 h-m-p  0.0000 0.0000   8.0363 
h-m-p:      2.16681393e-17      1.08340696e-16      8.03633084e+00   940.026417
..  | 2/9
 34 h-m-p  0.0160 8.0000   0.2899 ---C    940.026414  0 0.0001   591 | 2/9
 35 h-m-p  0.0000 0.0000   1.3532 ++      940.026412  m 0.0000   610 | 3/9
 36 h-m-p  0.0001 0.0198   0.2368 C       940.026412  0 0.0000   622 | 3/9
 37 h-m-p  0.0160 8.0000   0.0017 ++++Y   940.026407  0 3.0781   644 | 3/9
 38 h-m-p  1.6000 8.0000   0.0002 Y       940.026407  0 1.0953   662 | 3/9
 39 h-m-p  1.6000 8.0000   0.0000 ++      940.026407  m 8.0000   680 | 3/9
 40 h-m-p  0.3947 8.0000   0.0007 ++Y     940.026407  0 5.2409   700 | 3/9
 41 h-m-p  1.3269 8.0000   0.0028 ++      940.026406  m 8.0000   718 | 3/9
 42 h-m-p  1.0186 8.0000   0.0223 C       940.026406  0 1.0364   736 | 3/9
 43 h-m-p  1.6000 8.0000   0.0008 C       940.026406  0 1.8171   754 | 3/9
 44 h-m-p  1.6000 8.0000   0.0006 ---------------Y   940.026406  0 0.0000   787
Out..
lnL  =  -940.026406
788 lfun, 7880 eigenQcodon, 28368 P(t)

BEBing (dim = 4).  This may take several minutes.
Calculating f(x_h|w): 10 categories 20 w sets.
S10 w log{f(x|w)}:    0.0500     -4.310518
S10 w log{f(x|w)}:    0.1500     -4.314352
S10 w log{f(x|w)}:    0.2500     -4.318184
S10 w log{f(x|w)}:    0.3500     -4.322014
S10 w log{f(x|w)}:    0.4500     -4.325843
S10 w log{f(x|w)}:    0.5500     -4.329670
S10 w log{f(x|w)}:    0.6500     -4.333496
S10 w log{f(x|w)}:    0.7500     -4.337320
S10 w log{f(x|w)}:    0.8500     -4.341143
S10 w log{f(x|w)}:    0.9500     -4.344964
S10 w log{f(x|w)}:    1.5000     -4.365953
S10 w log{f(x|w)}:    2.5000     -4.403996
S10 w log{f(x|w)}:    3.5000     -4.441885
S10 w log{f(x|w)}:    4.5000     -4.479618
S10 w log{f(x|w)}:    5.5000     -4.517195
S10 w log{f(x|w)}:    6.5000     -4.554615
S10 w log{f(x|w)}:    7.5000     -4.591876
S10 w log{f(x|w)}:    8.5000     -4.628979
S10 w log{f(x|w)}:    9.5000     -4.665923
S10 w log{f(x|w)}:   10.5000     -4.702706
Calculating f(X), the marginal probability of data.
	log(fX) =  -942.146258  S =  -925.735409   -14.300560
Calculating f(w|X), posterior probabilities of site classes.
	did  10 /  63 patterns   0:22	did  20 /  63 patterns   0:22	did  30 /  63 patterns   0:22	did  40 /  63 patterns   0:22	did  50 /  63 patterns   0:23	did  60 /  63 patterns   0:23	did  63 /  63 patterns   0:23
Reconstructed ancestral states go into file rst.

lnL =  -940.026406 from ProbSitePattern.
Marginal reconstruction.
	Node   4: lnL =  -940.026406
	Node   5: lnL =  -940.026406
end of tree file.

Time used:  0:23
