
 15         verbose | verbose                1.00
  7         runmode | runmode                0.00
  4         seqtype | seqtype                1.00
 13       CodonFreq | CodonFreq              2.00
  9           clock | clock                  0.00
 18          aaDist | aaDist                 0.00
 19      aaRatefile | aaRatefile             1.00
 16           model | model                  0.00
 20         NSsites | NSsites                2.00
 22           icode | icode                  0.00
 23           Mgene | Mgene                  0.00
 24       fix_kappa | fix_kappa              0.00
 25           kappa | kappa                  2.00
 26       fix_omega | fix_omega              0.00
 27           omega | omega                  0.40
 28       fix_alpha | fix_alpha              1.00
 29           alpha | alpha                  0.00
 30          Malpha | Malpha                 0.00
 31           ncatG | ncatG                  8.00
 11           getSE | getSE                  0.00
 12    RateAncestor | RateAncestor           1.00
 36      Small_Diff | Small_Diff             0.00
  6       cleandata | cleandata              0.00
  8          method | method                 0.00
CODONML in paml version 4.8a, August 2014

----------------------------------------------
Phe F TTT | Ser S TCT | Tyr Y TAT | Cys C TGT
      TTC |       TCC |       TAC |       TGC
Leu L TTA |       TCA | *** * TAA | *** * TGA
      TTG |       TCG |       TAG | Trp W TGG
----------------------------------------------
Leu L CTT | Pro P CCT | His H CAT | Arg R CGT
      CTC |       CCC |       CAC |       CGC
      CTA |       CCA | Gln Q CAA |       CGA
      CTG |       CCG |       CAG |       CGG
----------------------------------------------
Ile I ATT | Thr T ACT | Asn N AAT | Ser S AGT
      ATC |       ACC |       AAC |       AGC
      ATA |       ACA | Lys K AAA | Arg R AGA
Met M ATG |       ACG |       AAG |       AGG
----------------------------------------------
Val V GTT | Ala A GCT | Asp D GAT | Gly G GGT
      GTC |       GCC |       GAC |       GGC
      GTA |       GCA | Glu E GAA |       GGA
      GTG |       GCG |       GAG |       GGG
----------------------------------------------
Nice code, uuh?


Ambiguity character definition table:

T (1): T 
C (1): C 
A (1): A 
G (1): G 
U (1): T 
Y (2): T C 
R (2): A G 
M (2): C A 
K (2): T G 
S (2): C G 
W (2): T A 
H (3): T C A 
B (3): T C G 
V (3): C A G 
D (3): T A G 
- (4): T C A G 
N (4): T C A G 
? (4): T C A G 

ns = 3  	ls = 654
Reading sequences, interlaved format..
Reading seq # 1: A44     Reading seq # 2: A45     Reading seq # 3: A46     
block   1:     60     60     60
block   2:    120    120    120
block   3:    180    180    180
block   4:    240    240    240
block   5:    300    300    300
block   6:    360    360    360
block   7:    420    420    420
block   8:    480    480    480
block   9:    540    540    540
block  10:    600    600    600
block  11:    654    654    654
Sequences read..
Counting site patterns..  0:00
          63 patterns at      218 /      218 sites (100.0%),  0:00
Counting codons..

  2   1:Sites   165.0 +  489.0 =  654.0	Diffs     2.0 +    4.0 =    6.0
  3   1:Sites   165.0 +  489.0 =  654.0	Diffs     3.0 +    4.0 =    7.0
  3   2:Sites   165.7 +  488.3 =  654.0	Diffs     1.0 +    0.0 =    1.0

       24 bytes for distance
    61488 bytes for conP
     1512 bytes for fhK
  5000000 bytes for space

TREE #  1
((2, 1), 3);   MP score: 6
This is a rooted tree, without clock.  Check.

initial w for M2:NSpselection reset.

    0.000000    0.008458    0.052267    0.017997    2.000000    1.702878    0.544920    0.254804    2.882193

ntime & nrate & np:     4     3     9

Bounds (np=9):
   0.000004   0.000004   0.000004   0.000004   0.000100 -99.000000 -99.000000   0.000001   1.000000
  50.000000  50.000000  50.000000  50.000000 999.000000  99.000000  99.000000   1.000000 999.000000
Qfactor_NS = 6.240962

np =     9
lnL0 =  -944.762438

Iterating by ming2
Initial: fx=   944.762438
x=  0.00000  0.00846  0.05227  0.01800  2.00000  1.70288  0.54492  0.25480  2.88219

  1 h-m-p  0.0000 0.0000 313.3083 ++      944.761924  m 0.0000    14 | 1/9
  2 h-m-p  0.0000 0.0000 831.0995 ++      942.702410  m 0.0000    26 | 2/9
  3 h-m-p  0.0002 0.0011  16.0033 +YYCYYCCC   941.263171  7 0.0008    50 | 2/9
  4 h-m-p  0.0061 0.3588   2.2080 ++CYCCCC   940.375277  5 0.1656    73 | 1/9
  5 h-m-p  0.0016 0.0081  54.9760 --CCC   940.372649  2 0.0000    91 | 1/9
  6 h-m-p  0.0044 2.1873   0.4637 ++++CYCCC   940.070805  4 1.4970   114 | 1/9
  7 h-m-p  1.6000 8.0000   0.0643 CC      940.067072  1 0.6121   136 | 1/9
  8 h-m-p  0.6601 8.0000   0.0596 +C      940.063747  0 2.6405   157 | 1/9
  9 h-m-p  0.5287 6.6416   0.2978 +CCC    940.043281  2 2.2317   182 | 1/9
 10 h-m-p  1.0879 5.4394   0.2249 YC      940.037371  1 1.8469   203 | 1/9
 11 h-m-p  0.5801 2.9003   0.0752 CCC     940.034197  2 0.8267   227 | 1/9
 12 h-m-p  0.2141 2.4210   0.2902 ++      940.029303  m 2.4210   247 | 2/9
 13 h-m-p  1.6000 8.0000   0.1530 YC      940.028590  1 0.6343   268 | 2/9
 14 h-m-p  1.6000 8.0000   0.0556 YC      940.028352  1 1.1208   288 | 2/9
 15 h-m-p  1.2172 8.0000   0.0512 ++      940.027762  m 8.0000   307 | 2/9
 16 h-m-p  1.6000 8.0000   0.1774 +YC     940.027148  1 5.0447   328 | 2/9
 17 h-m-p  1.6000 8.0000   0.1591 YC      940.026513  1 3.0503   348 | 2/9
 18 h-m-p  1.3742 8.0000   0.3531 YC      940.026406  1 0.9513   368 | 2/9
 19 h-m-p  1.2476 8.0000   0.2692 YC      940.026319  1 0.7561   388 | 2/9
 20 h-m-p  0.9289 8.0000   0.2192 +Y      940.026186  0 4.8653   408 | 2/9
 21 h-m-p  1.6000 8.0000   0.2188 C       940.026133  0 1.6000   427 | 2/9
 22 h-m-p  0.8272 8.0000   0.4232 +Y      940.026103  0 2.2604   447 | 2/9
 23 h-m-p  1.6000 8.0000   0.3316 Y       940.026087  0 2.7019   466 | 2/9
 24 h-m-p  1.6000 8.0000   0.3613 C       940.026082  0 2.0907   485 | 2/9
 25 h-m-p  1.6000 8.0000   0.3293 Y       940.026079  0 3.4523   504 | 2/9
 26 h-m-p  1.6000 8.0000   0.3575 C       940.026078  0 1.8810   523 | 2/9
 27 h-m-p  1.6000 8.0000   0.3295 Y       940.026077  0 3.8439   542 | 2/9
 28 h-m-p  1.6000 8.0000   0.3597 C       940.026077  0 1.8220   561 | 2/9
 29 h-m-p  1.6000 8.0000   0.3178 Y       940.026077  0 3.7465   580 | 2/9
 30 h-m-p  1.6000 8.0000   0.3121 C       940.026077  0 1.8802   599 | 2/9
 31 h-m-p  1.6000 8.0000   0.1937 C       940.026077  0 2.4548   618 | 2/9
 32 h-m-p  0.6400 8.0000   0.7429 +C      940.026077  0 2.4641   638 | 2/9
 33 h-m-p  1.6000 8.0000   0.3704 C       940.026077  0 1.5638   657 | 2/9
 34 h-m-p  1.6000 8.0000   0.2448 C       940.026077  0 2.4004   676 | 2/9
 35 h-m-p  1.6000 8.0000   0.0798 C       940.026077  0 1.3500   695 | 2/9
 36 h-m-p  0.7274 8.0000   0.1482 Y       940.026077  0 1.5397   714 | 2/9
 37 h-m-p  1.6000 8.0000   0.0793 -Y      940.026077  0 0.1859   734 | 2/9
 38 h-m-p  0.1183 8.0000   0.1246 C       940.026077  0 0.0296   753 | 2/9
 39 h-m-p  0.4146 8.0000   0.0089 ---------------..  | 2/9
 40 h-m-p  0.0160 8.0000   0.0005 ------Y   940.026077  0 0.0000   810 | 2/9
 41 h-m-p  0.0160 8.0000   0.0002 -Y      940.026077  0 0.0005   830
Out..
lnL  =  -940.026077
831 lfun, 3324 eigenQcodon, 9972 P(t)

BEBing (dim = 4).  This may take several minutes.
Calculating f(x_h|w): 10 categories 21 w sets.
S10 w log{f(x|w)}:    0.0500     -4.310520
S10 w log{f(x|w)}:    0.1500     -4.314355
S10 w log{f(x|w)}:    0.2500     -4.318188
S10 w log{f(x|w)}:    0.3500     -4.322019
S10 w log{f(x|w)}:    0.4500     -4.325849
S10 w log{f(x|w)}:    0.5500     -4.329677
S10 w log{f(x|w)}:    0.6500     -4.333504
S10 w log{f(x|w)}:    0.7500     -4.337329
S10 w log{f(x|w)}:    0.8500     -4.341153
S10 w log{f(x|w)}:    0.9500     -4.344975
S10 w log{f(x|w)}:    1.0000     -4.346886
S10 w log{f(x|w)}:    1.5000     -4.365970
S10 w log{f(x|w)}:    2.5000     -4.404022
S10 w log{f(x|w)}:    3.5000     -4.441920
S10 w log{f(x|w)}:    4.5000     -4.479662
S10 w log{f(x|w)}:    5.5000     -4.517249
S10 w log{f(x|w)}:    6.5000     -4.554678
S10 w log{f(x|w)}:    7.5000     -4.591949
S10 w log{f(x|w)}:    8.5000     -4.629061
S10 w log{f(x|w)}:    9.5000     -4.666013
S10 w log{f(x|w)}:   10.5000     -4.702805
Calculating f(X), the marginal probability of data.
	log(fX) =  -942.117761  S =  -925.734825   -14.298169
Calculating f(w|X), posterior probabilities of site classes.
	did  10 /  63 patterns   0:08	did  20 /  63 patterns   0:08	did  30 /  63 patterns   0:08	did  40 /  63 patterns   0:08	did  50 /  63 patterns   0:08	did  60 /  63 patterns   0:08	did  63 /  63 patterns   0:08
Reconstructed ancestral states go into file rst.

lnL =  -940.026077 from ProbSitePattern.
Marginal reconstruction.
	Node   4: lnL =  -940.026077
	Node   5: lnL =  -940.026077
end of tree file.

Time used:  0:08
