
 15         verbose | verbose                1.00
  7         runmode | runmode                0.00
  4         seqtype | seqtype                1.00
 13       CodonFreq | CodonFreq              2.00
  9           clock | clock                  0.00
 18          aaDist | aaDist                 0.00
 19      aaRatefile | aaRatefile             1.00
 16           model | model                  0.00
 20         NSsites | NSsites                1.00
 22           icode | icode                  0.00
 23           Mgene | Mgene                  0.00
 24       fix_kappa | fix_kappa              0.00
 25           kappa | kappa                  2.00
 26       fix_omega | fix_omega              0.00
 27           omega | omega                  0.40
 28       fix_alpha | fix_alpha              1.00
 29           alpha | alpha                  0.00
 30          Malpha | Malpha                 0.00
 31           ncatG | ncatG                  8.00
 11           getSE | getSE                  0.00
 12    RateAncestor | RateAncestor           1.00
 36      Small_Diff | Small_Diff             0.00
  6       cleandata | cleandata              0.00
  8          method | method                 0.00
CODONML in paml version 4.8a, August 2014

----------------------------------------------
Phe F TTT | Ser S TCT | Tyr Y TAT | Cys C TGT
      TTC |       TCC |       TAC |       TGC
Leu L TTA |       TCA | *** * TAA | *** * TGA
      TTG |       TCG |       TAG | Trp W TGG
----------------------------------------------
Leu L CTT | Pro P CCT | His H CAT | Arg R CGT
      CTC |       CCC |       CAC |       CGC
      CTA |       CCA | Gln Q CAA |       CGA
      CTG |       CCG |       CAG |       CGG
----------------------------------------------
Ile I ATT | Thr T ACT | Asn N AAT | Ser S AGT
      ATC |       ACC |       AAC |       AGC
      ATA |       ACA | Lys K AAA | Arg R AGA
Met M ATG |       ACG |       AAG |       AGG
----------------------------------------------
Val V GTT | Ala A GCT | Asp D GAT | Gly G GGT
      GTC |       GCC |       GAC |       GGC
      GTA |       GCA | Glu E GAA |       GGA
      GTG |       GCG |       GAG |       GGG
----------------------------------------------
Nice code, uuh?


Ambiguity character definition table:

T (1): T 
C (1): C 
A (1): A 
G (1): G 
U (1): T 
Y (2): T C 
R (2): A G 
M (2): C A 
K (2): T G 
S (2): C G 
W (2): T A 
H (3): T C A 
B (3): T C G 
V (3): C A G 
D (3): T A G 
- (4): T C A G 
N (4): T C A G 
? (4): T C A G 

ns = 6  	ls = 2028
Reading sequences, interlaved format..
Reading seq # 1: A81     Reading seq # 2: A82     Reading seq # 3: A83     Reading seq # 4: A84     Reading seq # 5: A85     Reading seq # 6: A86     
block   1:     60     60     60     60     60     60
block   2:    120    120    120    120    120    120
block   3:    180    180    180    180    180    180
block   4:    240    240    240    240    240    240
block   5:    300    300    300    300    300    300
block   6:    360    360    360    360    360    360
block   7:    420    420    420    420    420    420
block   8:    480    480    480    480    480    480
block   9:    540    540    540    540    540    540
block  10:    600    600    600    600    600    600
block  11:    660    660    660    660    660    660
block  12:    720    720    720    720    720    720
block  13:    780    780    780    780    780    780
block  14:    840    840    840    840    840    840
block  15:    900    900    900    900    900    900
block  16:    960    960    960    960    960    960
block  17:   1020   1020   1020   1020   1020   1020
block  18:   1080   1080   1080   1080   1080   1080
block  19:   1140   1140   1140   1140   1140   1140
block  20:   1200   1200   1200   1200   1200   1200
block  21:   1260   1260   1260   1260   1260   1260
block  22:   1320   1320   1320   1320   1320   1320
block  23:   1380   1380   1380   1380   1380   1380
block  24:   1440   1440   1440   1440   1440   1440
block  25:   1500   1500   1500   1500   1500   1500
block  26:   1560   1560   1560   1560   1560   1560
block  27:   1620   1620   1620   1620   1620   1620
block  28:   1680   1680   1680   1680   1680   1680
block  29:   1740   1740   1740   1740   1740   1740
block  30:   1800   1800   1800   1800   1800   1800
block  31:   1860   1860   1860   1860   1860   1860
block  32:   1920   1920   1920   1920   1920   1920
block  33:   1980   1980   1980   1980   1980   1980
block  34:   2028   2028   2028   2028   2028   2028
codon     364: AGT TCC TCC AGT AGT AGT 
Sequences read..
Counting site patterns..  0:00
         326 patterns at      676 /      676 sites (100.0%),  0:00
1 ambiguous codons are seen in the data:
 ---
Counting codons..

  2   1:Sites   456.9 + 1562.1 = 2019.0	Diffs    65.2 +  125.8 =  191.0
  3   1:Sites   456.9 + 1562.1 = 2019.0	Diffs    57.3 +  123.7 =  181.0
  3   2:Sites   454.1 + 1567.9 = 2022.0	Diffs    14.0 +   14.0 =   28.0
  4   1:Sites   459.4 + 1565.6 = 2025.0	Diffs    42.8 +   60.2 =  103.0
  4   2:Sites   455.2 + 1563.8 = 2019.0	Diffs    61.0 +  133.0 =  194.0
  4   3:Sites   455.2 + 1563.8 = 2019.0	Diffs    61.2 +  130.8 =  192.0
  5   1:Sites   458.8 + 1566.2 = 2025.0	Diffs    46.8 +   58.2 =  105.0
  5   2:Sites   454.6 + 1564.4 = 2019.0	Diffs    73.0 +  132.0 =  205.0
  5   3:Sites   454.6 + 1564.4 = 2019.0	Diffs    71.7 +  129.3 =  201.0
  5   4:Sites   457.4 + 1567.6 = 2025.0	Diffs    27.0 +   28.0 =   55.0
  6   1:Sites   418.9 + 1417.1 = 1836.0	Diffs    43.3 +   84.7 =  128.0
  6   2:Sites   414.8 + 1415.2 = 1830.0	Diffs    75.0 +  158.0 =  233.0
  6   3:Sites   414.4 + 1415.6 = 1830.0	Diffs    72.2 +  164.8 =  237.0
  6   4:Sites   418.0 + 1418.0 = 1836.0	Diffs    37.5 +   83.5 =  121.0
  6   5:Sites   417.4 + 1418.6 = 1836.0	Diffs    45.0 +   88.0 =  133.0

      120 bytes for distance
   318176 bytes for conP
     5216 bytes for fhK
  5000000 bytes for space

TREE #  1
(((1, (6, (5, 4))), 3), 2);   MP score: -1
This is a rooted tree, without clock.  Check.

   795440 bytes for conP, adjusted

    0.002547    0.213221    0.062035    0.024845    0.154884    0.021705    0.049726    0.033920    0.018436    0.021123    2.000000    0.755520    0.234606

ntime & nrate & np:    10     2    13

Bounds (np=13):
   0.000004   0.000004   0.000004   0.000004   0.000004   0.000004   0.000004   0.000004   0.000004   0.000004   0.000100   0.000010   0.000001
  50.000000  50.000000  50.000000  50.000000  50.000000  50.000000  50.000000  50.000000  50.000000  50.000000 999.000000   0.999990   1.000000
Qfactor_NS = 8.378883

np =    13
lnL0 = -4784.140209

Iterating by ming2
Initial: fx=  4784.140209
x=  0.00255  0.21322  0.06204  0.02485  0.15488  0.02170  0.04973  0.03392  0.01844  0.02112  2.00000  0.75552  0.23461

  1 h-m-p  0.0000 0.0002 365.7921 +CCCC  4781.131797  3 0.0000    25 | 0/13
  2 h-m-p  0.0000 0.0001 146.8886 YCCC   4780.531624  3 0.0001    46 | 0/13
  3 h-m-p  0.0000 0.0009 206.2648 YCCC   4779.623301  3 0.0001    67 | 0/13
  4 h-m-p  0.0001 0.0004 301.2700 YCCC   4777.862567  3 0.0001    88 | 0/13
  5 h-m-p  0.0001 0.0007 429.0351 YCCC   4774.446990  3 0.0002   109 | 0/13
  6 h-m-p  0.0001 0.0005 355.0153 +CCC   4770.098050  2 0.0003   130 | 0/13
  7 h-m-p  0.0000 0.0001 422.2156 ++     4767.557187  m 0.0001   146 | 1/13
  8 h-m-p  0.0000 0.0005 825.5563 CCC    4766.191223  2 0.0001   166 | 1/13
  9 h-m-p  0.0008 0.0055  54.5950 YCC    4765.844615  2 0.0004   185 | 1/13
 10 h-m-p  0.0006 0.0032  24.4342 CYC    4765.812954  2 0.0001   204 | 1/13
 11 h-m-p  0.0001 0.0708  31.0365 +++CCC  4764.162755  2 0.0079   227 | 1/13
 12 h-m-p  0.0030 0.0415  82.2411 YCCC   4761.438162  3 0.0053   248 | 1/13
 13 h-m-p  1.6000 8.0000   0.0554 YYCC   4759.970300  3 1.0815   268 | 1/13
 14 h-m-p  1.6000 8.0000   0.0151 YCC    4759.896174  2 1.1871   299 | 1/13
 15 h-m-p  1.6000 8.0000   0.0018 YC     4759.894480  1 0.9727   328 | 1/13
 16 h-m-p  1.6000 8.0000   0.0003 Y      4759.894436  0 1.1625   356 | 1/13
 17 h-m-p  1.6000 8.0000   0.0002 Y      4759.894435  0 1.2761   384 | 1/13
 18 h-m-p  1.6000 8.0000   0.0000 Y      4759.894435  0 1.1131   412 | 1/13
 19 h-m-p  1.6000 8.0000   0.0000 Y      4759.894435  0 0.4000   440 | 1/13
 20 h-m-p  0.1646 8.0000   0.0000 ---------------..  | 1/13
 21 h-m-p  0.0160 8.0000   0.0020 ------------- | 1/13
 22 h-m-p  0.0160 8.0000   0.0020 -------------
Out..
lnL  = -4759.894435
560 lfun, 1680 eigenQcodon, 11200 P(t)

Reconstructed ancestral states go into file rst.

lnL = -4759.894435 from ProbSitePattern.
Marginal reconstruction.
	Node   7: lnL = -4759.894435
	Node   8: lnL = -4759.894435
	Node   9: lnL = -4759.894435
	Node  10: lnL = -4759.894435
	Node  11: lnL = -4759.894435

warning: strange character '-' 
warning ambiguity in difcodonNG: --- GAA
warning: strange character '-' 
warning ambiguity in difcodonNG: --- ATG
warning: strange character '-' 
warning ambiguity in difcodonNG: --- AAT
warning: strange character '-' 
warning ambiguity in difcodonNG: --- CAG
warning: strange character '-' 
warning ambiguity in difcodonNG: --- AAC
warning: strange character '-' 
warning ambiguity in difcodonNG: --- GGC
warning: strange character '-' 
warning ambiguity in difcodonNG: --- GGT
warning: strange character '-' 
warning ambiguity in difcodonNG: --- AGT
warning: strange character '-' 
warning ambiguity in difcodonNG: --- GTG
warning: strange character '-' 
warning ambiguity in difcodonNG: --- GGA
warning: strange character '-' 
warning ambiguity in difcodonNG: --- GAT
warning: strange character '-' 
warning ambiguity in difcodonNG: --- ACT
warning: strange character '-' 
warning ambiguity in difcodonNG: --- CGG
warning: strange character '-' 
warning ambiguity in difcodonNG: --- AAT
warning: strange character '-' 
warning ambiguity in difcodonNG: --- GTT
warning: strange character '-' 
warning ambiguity in difcodonNG: --- TTA
warning: strange character '-' 
warning ambiguity in difcodonNG: --- AAT
warning: strange character '-' 
warning ambiguity in difcodonNG: --- GGA
warning: strange character '-' 
warning ambiguity in difcodonNG: --- TGG
warning: strange character '-' 
warning ambiguity in difcodonNG: --- TTG
warning: strange character '-' 
warning ambiguity in difcodonNG: --- AAT
warning: strange character '-' 
warning ambiguity in difcodonNG: --- GGT
warning: strange character '-' 
warning ambiguity in difcodonNG: --- GCG
warning: strange character '-' 
warning ambiguity in difcodonNG: --- TAC
warning: strange character '-' 
warning ambiguity in difcodonNG: --- CGC
warning: strange character '-' 
warning ambiguity in difcodonNG: --- CCA
warning: strange character '-' 
warning ambiguity in difcodonNG: --- ATG
warning: strange character '-' 
warning ambiguity in difcodonNG: --- AAG
warning: strange character '-' 
warning ambiguity in difcodonNG: --- AGA
warning: strange character '-' 
warning ambiguity in difcodonNG: --- CAA
warning: strange character '-' 
warning ambiguity in difcodonNG: --- GCC
warning: strange character '-' 
warning ambiguity in difcodonNG: --- GGC
warning: strange character '-' 
warning ambiguity in difcodonNG: --- CGA
warning: strange character '-' 
warning ambiguity in difcodonNG: --- GAA
warning: strange character '-' 
warning ambiguity in difcodonNG: --- AAC
warning: strange character '-' 
warning ambiguity in difcodonNG: --- GAG
warning: strange character '-' 
warning ambiguity in difcodonNG: --- AAC
warning: strange character '-' 
warning ambiguity in difcodonNG: --- CCA
warning: strange character '-' 
warning ambiguity in difcodonNG: --- TCA
warning: strange character '-' 
warning ambiguity in difcodonNG: --- GAA
warning: strange character '-' 
warning ambiguity in difcodonNG: --- ACC
warning: strange character '-' 
warning ambiguity in difcodonNG: --- GGA
warning: strange character '-' 
warning ambiguity in difcodonNG: --- GAG
warning: strange character '-' 
warning ambiguity in difcodonNG: --- GGC
warning: strange character '-' 
warning ambiguity in difcodonNG: --- AAG
warning: strange character '-' 
warning ambiguity in difcodonNG: --- TCT
warning: strange character '-' 
warning ambiguity in difcodonNG: --- CTC
warning: strange character '-' 
warning ambiguity in difcodonNG: --- GAA
warning: strange character '-' 
warning ambiguity in difcodonNG: --- GAG
warning: strange character '-' 
warning ambiguity in difcodonNG: --- AAA
warning: strange character '-' 
warning ambiguity in difcodonNG: --- TTA
warning: strange character '-' 
warning ambiguity in difcodonNG: --- TAC
warning: strange character '-' 
warning ambiguity in difcodonNG: --- GAT
warning: strange character '-' 
warning ambiguity in difcodonNG: --- TCC
warning: strange character '-' 
warning ambiguity in difcodonNG: --- ACC
warning: strange character '-' 
warning ambiguity in difcodonNG: --- TAT
warning: strange character '-' 
warning ambiguity in difcodonNG: --- AAT
warning: strange character '-' 
warning ambiguity in difcodonNG: --- GCG
warning: strange character '-' 
warning ambiguity in difcodonNG: --- AAA
warning: strange character '-' 
warning ambiguity in difcodonNG: --- TGG
warning: strange character '-' 
warning ambiguity in difcodonNG: --- AGT
warning: strange character '-' 
warning ambiguity in difcodonNG: --- TAT
warning: strange character '-' 
warning ambiguity in difcodonNG: --- ATT
warning: strange character '-' 
warning ambiguity in difcodonNG: --- ATT
warning: strange character '-' 
warning ambiguity in difcodonNG: --- GAA
warning: strange character '-' 
warning ambiguity in difcodonNG: --- GAA
warning: strange character '-' 
warning ambiguity in difcodonNG: --- GAA
warning: strange character '-' 
warning ambiguity in difcodonNG: --- TCC
warning: strange character '-' 
warning ambiguity in difcodonNG: --- TTT
warning: strange character '-' 
warning ambiguity in difcodonNG: --- TCC
warning: strange character '-' 
warning ambiguity in difcodonNG: --- TTT
warning: strange character '-' 
warning ambiguity in difcodonNG: ATG ---
warning: strange character '-' 
warning ambiguity in difcodonNG: AAT ---
warning: strange character '-' 
warning ambiguity in difcodonNG: CAG ---
warning: strange character '-' 
warning ambiguity in difcodonNG: AAC ---
warning: strange character '-' 
warning ambiguity in difcodonNG: GGC ---
warning: strange character '-' 
warning ambiguity in difcodonNG: GGT ---
warning: strange character '-' 
warning ambiguity in difcodonNG: AGT ---
warning: strange character '-' 
warning ambiguity in difcodonNG: GTG ---
warning: strange character '-' 
warning ambiguity in difcodonNG: GGA ---
warning: strange character '-' 
warning ambiguity in difcodonNG: GAT ---
warning: strange character '-' 
warning ambiguity in difcodonNG: ACT ---
warning: strange character '-' 
warning ambiguity in difcodonNG: CGG ---
warning: strange character '-' 
warning ambiguity in difcodonNG: AAT ---
warning: strange character '-' 
warning ambiguity in difcodonNG: GTT ---
warning: strange character '-' 
warning ambiguity in difcodonNG: TTA ---
warning: strange character '-' 
warning ambiguity in difcodonNG: AAT ---
warning: strange character '-' 
warning ambiguity in difcodonNG: GGA ---
warning: strange character '-' 
warning ambiguity in difcodonNG: TGG ---
warning: strange character '-' 
warning ambiguity in difcodonNG: TTG ---
warning: strange character '-' 
warning ambiguity in difcodonNG: AAT ---
warning: strange character '-' 
warning ambiguity in difcodonNG: GGT ---
warning: strange character '-' 
warning ambiguity in difcodonNG: GCG ---
warning: strange character '-' 
warning ambiguity in difcodonNG: TAC ---
warning: strange character '-' 
warning ambiguity in difcodonNG: CGC ---
warning: strange character '-' 
warning ambiguity in difcodonNG: CCA ---
warning: strange character '-' 
warning ambiguity in difcodonNG: ATG ---
warning: strange character '-' 
warning ambiguity in difcodonNG: AAG ---
warning: strange character '-' 
warning ambiguity in difcodonNG: AGA ---
warning: strange character '-' 
warning ambiguity in difcodonNG: CAA ---
warning: strange character '-' 
warning ambiguity in difcodonNG: GCC ---
warning: strange character '-' 
warning ambiguity in difcodonNG: GGC ---
warning: strange character '-' 
warning ambiguity in difcodonNG: CGA ---
warning: strange character '-' 
warning ambiguity in difcodonNG: GAA ---
warning: strange character '-' 
warning ambiguity in difcodonNG: AAC ---
warning: strange character '-' 
warning ambiguity in difcodonNG: GAG ---
warning: strange character '-' 
warning ambiguity in difcodonNG: AAC ---
warning: strange character '-' 
warning ambiguity in difcodonNG: CCA ---
warning: strange character '-' 
warning ambiguity in difcodonNG: TCA ---
warning: strange character '-' 
warning ambiguity in difcodonNG: GAA ---
warning: strange character '-' 
warning ambiguity in difcodonNG: ACC ---
warning: strange character '-' 
warning ambiguity in difcodonNG: GGA ---
warning: strange character '-' 
warning ambiguity in difcodonNG: GAG ---
warning: strange character '-' 
warning ambiguity in difcodonNG: GGC ---
warning: strange character '-' 
warning ambiguity in difcodonNG: AAG ---
warning: strange character '-' 
warning ambiguity in difcodonNG: TCT ---
warning: strange character '-' 
warning ambiguity in difcodonNG: CTC ---
warning: strange character '-' 
warning ambiguity in difcodonNG: GAA ---
warning: strange character '-' 
warning ambiguity in difcodonNG: GAG ---
warning: strange character '-' 
warning ambiguity in difcodonNG: AAA ---
warning: strange character '-' 
warning ambiguity in difcodonNG: TTA ---
warning: strange character '-' 
warning ambiguity in difcodonNG: TAC ---
warning: strange character '-' 
warning ambiguity in difcodonNG: GAT ---
warning: strange character '-' 
warning ambiguity in difcodonNG: TCC ---
warning: strange character '-' 
warning ambiguity in difcodonNG: ACC ---
warning: strange character '-' 
warning ambiguity in difcodonNG: TAT ---
warning: strange character '-' 
warning ambiguity in difcodonNG: AAT ---
warning: strange character '-' 
warning ambiguity in difcodonNG: GCG ---
warning: strange character '-' 
warning ambiguity in difcodonNG: AAA ---
warning: strange character '-' 
warning ambiguity in difcodonNG: TGG ---
warning: strange character '-' 
warning ambiguity in difcodonNG: AGT ---
warning: strange character '-' 
warning ambiguity in difcodonNG: TAT ---
warning: strange character '-' 
warning ambiguity in difcodonNG: ATT ---
warning: strange character '-' 
warning ambiguity in difcodonNG: ATT ---
warning: strange character '-' 
warning ambiguity in difcodonNG: GAA ---
warning: strange character '-' 
warning ambiguity in difcodonNG: GAA ---
warning: strange character '-' 
warning ambiguity in difcodonNG: GAA ---
warning: strange character '-' 
warning ambiguity in difcodonNG: GAA ---
warning: strange character '-' 
warning ambiguity in difcodonNG: TCC ---
warning: strange character '-' 
warning ambiguity in difcodonNG: TCC ---
warning: strange character '-' 
warning ambiguity in difcodonNG: TTT ---
warning: strange character '-' 
warning ambiguity in difcodonNG: TTT ---end of tree file.

Time used:  0:14
