
 15         verbose | verbose                1.00
  7         runmode | runmode                0.00
  4         seqtype | seqtype                1.00
 13       CodonFreq | CodonFreq              2.00
  9           clock | clock                  0.00
 18          aaDist | aaDist                 0.00
 19      aaRatefile | aaRatefile             1.00
 16           model | model                  0.00
 20         NSsites | NSsites                2.00
 22           icode | icode                  0.00
 23           Mgene | Mgene                  0.00
 24       fix_kappa | fix_kappa              0.00
 25           kappa | kappa                  2.00
 26       fix_omega | fix_omega              0.00
 27           omega | omega                  0.40
 28       fix_alpha | fix_alpha              1.00
 29           alpha | alpha                  0.00
 30          Malpha | Malpha                 0.00
 31           ncatG | ncatG                  8.00
 11           getSE | getSE                  0.00
 12    RateAncestor | RateAncestor           1.00
 36      Small_Diff | Small_Diff             0.00
  6       cleandata | cleandata              0.00
  8          method | method                 0.00
CODONML in paml version 4.8a, August 2014

----------------------------------------------
Phe F TTT | Ser S TCT | Tyr Y TAT | Cys C TGT
      TTC |       TCC |       TAC |       TGC
Leu L TTA |       TCA | *** * TAA | *** * TGA
      TTG |       TCG |       TAG | Trp W TGG
----------------------------------------------
Leu L CTT | Pro P CCT | His H CAT | Arg R CGT
      CTC |       CCC |       CAC |       CGC
      CTA |       CCA | Gln Q CAA |       CGA
      CTG |       CCG |       CAG |       CGG
----------------------------------------------
Ile I ATT | Thr T ACT | Asn N AAT | Ser S AGT
      ATC |       ACC |       AAC |       AGC
      ATA |       ACA | Lys K AAA | Arg R AGA
Met M ATG |       ACG |       AAG |       AGG
----------------------------------------------
Val V GTT | Ala A GCT | Asp D GAT | Gly G GGT
      GTC |       GCC |       GAC |       GGC
      GTA |       GCA | Glu E GAA |       GGA
      GTG |       GCG |       GAG |       GGG
----------------------------------------------
Nice code, uuh?


Ambiguity character definition table:

T (1): T 
C (1): C 
A (1): A 
G (1): G 
U (1): T 
Y (2): T C 
R (2): A G 
M (2): C A 
K (2): T G 
S (2): C G 
W (2): T A 
H (3): T C A 
B (3): T C G 
V (3): C A G 
D (3): T A G 
- (4): T C A G 
N (4): T C A G 
? (4): T C A G 

ns = 4  	ls = 597
Reading sequences, interlaved format..
Reading seq # 1: A8     Reading seq # 2: A9     Reading seq # 3: A10     Reading seq # 4: A11     
block   1:     60     60     60     60
block   2:    120    120    120    120
block   3:    180    180    180    180
block   4:    240    240    240    240
block   5:    300    300    300    300
block   6:    360    360    360    360
block   7:    420    420    420    420
block   8:    480    480    480    480
block   9:    540    540    540    540
block  10:    597    597    597    597
Sequences read..
Counting site patterns..  0:00
          64 patterns at      199 /      199 sites (100.0%),  0:00
Counting codons..

  2   1:Sites   135.9 +  461.1 =  597.0	Diffs     6.0 +    7.0 =   13.0
  3   1:Sites   135.9 +  461.1 =  597.0	Diffs     8.0 +    7.0 =   15.0
  3   2:Sites   136.1 +  460.9 =  597.0	Diffs     2.0 +    2.0 =    4.0
  4   1:Sites   135.9 +  461.1 =  597.0	Diffs     6.0 +    7.0 =   13.0
  4   2:Sites   136.1 +  460.9 =  597.0	Diffs     0.0 +    0.0 =    0.0
  4   3:Sites   136.1 +  460.9 =  597.0	Diffs     2.0 +    2.0 =    4.0

       48 bytes for distance
    62464 bytes for conP
     1536 bytes for fhK
  5000000 bytes for space

TREE #  1
(3, ((4, 2), 1));   MP score: 13
This is a rooted tree, without clock.  Check.

    93696 bytes for conP, adjusted

initial w for M2:NSpselection reset.

    0.002219    0.013292    0.004720    0.000000    0.000002    0.061893    2.000000    1.187011    0.337971    0.452877    2.638800

ntime & nrate & np:     6     3    11

Bounds (np=11):
   0.000004   0.000004   0.000004   0.000004   0.000004   0.000004   0.000100 -99.000000 -99.000000   0.000001   1.000000
  50.000000  50.000000  50.000000  50.000000  50.000000  50.000000 999.000000  99.000000  99.000000   1.000000 999.000000
Qfactor_NS = 4.517889

np =    11
lnL0 =  -891.780779

Iterating by ming2
Initial: fx=   891.780779
x=  0.00222  0.01329  0.00472  0.00000  0.00000  0.06189  2.00000  1.18701  0.33797  0.45288  2.63880

  1 h-m-p  0.0000 0.0000 275.1237 ++      891.780467  m 0.0000    16 | 2/11
  2 h-m-p  0.0000 0.0050   8.3514 ++YC    891.771975  1 0.0003    33 | 2/11
  3 h-m-p  0.0001 0.0006  12.8575 YC      891.769763  1 0.0001    48 | 2/11
  4 h-m-p  0.0001 0.0533   9.5469 +++++   889.466883  m 0.0533    65 | 3/11
  5 h-m-p  0.0093 0.0464  18.3611 +YCYCC   889.061884  4 0.0250    86 | 3/11
  6 h-m-p  0.1035 0.5173   1.6895 ++      888.497520  m 0.5173   100 | 3/11
  7 h-m-p  0.0000 0.0000   0.2550 
h-m-p:      4.63782508e-17      2.31891254e-16      2.54985480e-01   888.497520
..  | 3/11
  8 h-m-p  0.0020 0.9784  60.8056 --CCC   888.447607  2 0.0000   139 | 3/11
  9 h-m-p  0.0001 0.0011  18.2475 YC      888.440546  1 0.0000   154 | 3/11
 10 h-m-p  0.0001 0.0014   6.0319 +YC     888.434583  1 0.0004   170 | 3/11
 11 h-m-p  0.0004 0.0021   1.2947 ++      888.431576  m 0.0021   184 | 3/11
 12 h-m-p  0.0008 0.4156   9.0701 +++CCC   888.167383  2 0.0479   205 | 3/11
 13 h-m-p  0.2033 1.0167   0.5356 ++      887.939995  m 1.0167   219 | 3/11
 14 h-m-p  0.0000 0.0000   2.7217 
h-m-p:      3.63023077e-18      1.81511538e-17      2.72167552e+00   887.939995
..  | 3/11
 15 h-m-p  0.0000 0.0026   1.9200 +C      887.939930  0 0.0000   253 | 3/11
 16 h-m-p  0.0008 0.3784   0.6190 Y       887.939910  0 0.0001   267 | 3/11
 17 h-m-p  0.0001 0.0016   1.1758 +++     887.939491  m 0.0016   290 | 3/11
 18 h-m-p  0.0000 0.0000   4.1915 
h-m-p:      2.02461333e-20      1.01230667e-19      4.19149960e+00   887.939491
..  | 3/11
 19 h-m-p  0.0002 0.1178   1.3136 YC      887.939082  1 0.0005   316 | 3/11
 20 h-m-p  0.0000 0.0001   0.7344 +C      887.939065  0 0.0001   331 | 3/11
 21 h-m-p  0.0000 0.0000   1.1110 ++      887.939058  m 0.0000   353 | 3/11
 22 h-m-p  0.0003 0.1528   3.1646 +++YYC   887.927820  2 0.0165   372 | 3/11
 23 h-m-p  0.0002 0.0017 284.6244 ++      887.833768  m 0.0017   386 | 4/11
 24 h-m-p  0.3693 8.0000   1.3049 +CCCCC   887.381050  4 1.8339   409 | 4/11
 25 h-m-p  1.6000 8.0000   0.8177 YCCC    887.063965  3 3.8135   428 | 3/11
 26 h-m-p  0.0004 0.0018 2166.7527 YCCC    887.031995  3 0.0001   454 | 3/11
 27 h-m-p  0.1078 1.5675   2.6928 +YCCC   886.868743  3 0.7994   474 | 3/11
 28 h-m-p  0.1688 0.8439   1.3602 ++      886.822759  m 0.8439   488 | 4/11
 29 h-m-p  0.3642 8.0000   3.1515 YCCC    886.795335  3 0.7150   507 | 4/11
 30 h-m-p  0.9135 4.5676   0.3726 YC      886.780933  1 0.5698   522 | 4/11
 31 h-m-p  0.7038 8.0000   0.3016 +YC     886.775726  1 1.9953   545 | 4/11
 32 h-m-p  1.6000 8.0000   0.1194 CC      886.774454  1 2.3257   568 | 4/11
 33 h-m-p  1.6000 8.0000   0.0442 C       886.774412  0 1.2885   589 | 4/11
 34 h-m-p  1.6000 8.0000   0.0156 C       886.774408  0 1.4434   610 | 4/11
 35 h-m-p  1.6000 8.0000   0.0010 Y       886.774407  0 3.1729   631 | 4/11
 36 h-m-p  1.6000 8.0000   0.0014 +C      886.774407  0 5.8890   653 | 4/11
 37 h-m-p  1.6000 8.0000   0.0029 ++      886.774398  m 8.0000   674 | 4/11
 38 h-m-p  0.0230 8.0000   0.9938 +++YC   886.774095  1 3.0499   699 | 4/11
 39 h-m-p  1.6000 8.0000   0.1379 Y       886.774065  0 1.1233   720 | 4/11
 40 h-m-p  1.1155 8.0000   0.1389 ++      886.774055  m 8.0000   741 | 4/11
 41 h-m-p  1.4741 7.3704   0.5341 Y       886.774052  0 2.7320   762 | 4/11
 42 h-m-p  1.6000 8.0000   0.2516 C       886.774051  0 1.7023   783 | 4/11
 43 h-m-p  1.2923 6.4614   0.3197 +Y      886.774050  0 5.7760   805 | 4/11
 44 h-m-p  0.1406 0.7031   0.3118 ++      886.774050  m 0.7031   826 | 5/11
 45 h-m-p  1.3433 8.0000   0.1632 ---C    886.774050  0 0.0056   850 | 5/11
 46 h-m-p  0.2242 8.0000   0.0041 C       886.774050  0 0.2847   870 | 5/11
 47 h-m-p  1.6000 8.0000   0.0002 C       886.774050  0 0.4000   890 | 5/11
 48 h-m-p  0.2666 8.0000   0.0003 Y       886.774050  0 0.2014   910 | 5/11
 49 h-m-p  0.1164 8.0000   0.0004 Y       886.774050  0 0.1164   930 | 5/11
 50 h-m-p  0.0691 8.0000   0.0007 --Y     886.774050  0 0.0011   952 | 5/11
 51 h-m-p  0.0160 8.0000   0.0003 -C      886.774050  0 0.0010   973 | 5/11
 52 h-m-p  0.0160 8.0000   0.0005 -------------..  | 5/11
 53 h-m-p  0.0160 8.0000   0.0001 -Y      886.774050  0 0.0010  1025
Out..
lnL  =  -886.774050
1026 lfun, 4104 eigenQcodon, 18468 P(t)

BEBing (dim = 4).  This may take several minutes.
Calculating f(x_h|w): 10 categories 21 w sets.
S10 w log{f(x|w)}:    0.0500     -8.898008
S10 w log{f(x|w)}:    0.1500     -8.906036
S10 w log{f(x|w)}:    0.2500     -8.914054
S10 w log{f(x|w)}:    0.3500     -8.922061
S10 w log{f(x|w)}:    0.4500     -8.930057
S10 w log{f(x|w)}:    0.5500     -8.938042
S10 w log{f(x|w)}:    0.6500     -8.946017
S10 w log{f(x|w)}:    0.7500     -8.953980
S10 w log{f(x|w)}:    0.8500     -8.961933
S10 w log{f(x|w)}:    0.9500     -8.969876
S10 w log{f(x|w)}:    1.0000     -8.973843
S10 w log{f(x|w)}:    1.5000     -9.013365
S10 w log{f(x|w)}:    2.5000     -9.091600
S10 w log{f(x|w)}:    3.5000     -9.168756
S10 w log{f(x|w)}:    4.5000     -9.244832
S10 w log{f(x|w)}:    5.5000     -9.319828
S10 w log{f(x|w)}:    6.5000     -9.393745
S10 w log{f(x|w)}:    7.5000     -9.466585
S10 w log{f(x|w)}:    8.5000     -9.538349
S10 w log{f(x|w)}:    9.5000     -9.609040
S10 w log{f(x|w)}:   10.5000     -9.678661
Calculating f(X), the marginal probability of data.
	log(fX) =  -892.835075  S =  -860.992060   -26.391228
Calculating f(w|X), posterior probabilities of site classes.
	did  10 /  64 patterns   0:12	did  20 /  64 patterns   0:13	did  30 /  64 patterns   0:13	did  40 /  64 patterns   0:13	did  50 /  64 patterns   0:13	did  60 /  64 patterns   0:13	did  64 /  64 patterns   0:13
Reconstructed ancestral states go into file rst.

lnL =  -886.774050 from ProbSitePattern.
Marginal reconstruction.
	Node   5: lnL =  -886.774050
	Node   6: lnL =  -886.774050
	Node   7: lnL =  -886.774050
end of tree file.

Time used:  0:13
