
 15         verbose | verbose                1.00
  7         runmode | runmode                0.00
  4         seqtype | seqtype                1.00
 13       CodonFreq | CodonFreq              2.00
  9           clock | clock                  0.00
 18          aaDist | aaDist                 0.00
 19      aaRatefile | aaRatefile             1.00
 16           model | model                  0.00
 20         NSsites | NSsites                7.00
 22           icode | icode                  0.00
 23           Mgene | Mgene                  0.00
 24       fix_kappa | fix_kappa              0.00
 25           kappa | kappa                  2.00
 26       fix_omega | fix_omega              0.00
 27           omega | omega                  0.40
 28       fix_alpha | fix_alpha              1.00
 29           alpha | alpha                  0.00
 30          Malpha | Malpha                 0.00
 31           ncatG | ncatG                  8.00
 11           getSE | getSE                  0.00
 12    RateAncestor | RateAncestor           1.00
 36      Small_Diff | Small_Diff             0.00
  6       cleandata | cleandata              0.00
  8          method | method                 0.00
CODONML in paml version 4.8a, August 2014

----------------------------------------------
Phe F TTT | Ser S TCT | Tyr Y TAT | Cys C TGT
      TTC |       TCC |       TAC |       TGC
Leu L TTA |       TCA | *** * TAA | *** * TGA
      TTG |       TCG |       TAG | Trp W TGG
----------------------------------------------
Leu L CTT | Pro P CCT | His H CAT | Arg R CGT
      CTC |       CCC |       CAC |       CGC
      CTA |       CCA | Gln Q CAA |       CGA
      CTG |       CCG |       CAG |       CGG
----------------------------------------------
Ile I ATT | Thr T ACT | Asn N AAT | Ser S AGT
      ATC |       ACC |       AAC |       AGC
      ATA |       ACA | Lys K AAA | Arg R AGA
Met M ATG |       ACG |       AAG |       AGG
----------------------------------------------
Val V GTT | Ala A GCT | Asp D GAT | Gly G GGT
      GTC |       GCC |       GAC |       GGC
      GTA |       GCA | Glu E GAA |       GGA
      GTG |       GCG |       GAG |       GGG
----------------------------------------------
Nice code, uuh?


Ambiguity character definition table:

T (1): T 
C (1): C 
A (1): A 
G (1): G 
U (1): T 
Y (2): T C 
R (2): A G 
M (2): C A 
K (2): T G 
S (2): C G 
W (2): T A 
H (3): T C A 
B (3): T C G 
V (3): C A G 
D (3): T A G 
- (4): T C A G 
N (4): T C A G 
? (4): T C A G 

ns = 4  	ls = 597
Reading sequences, interlaved format..
Reading seq # 1: A8     Reading seq # 2: A9     Reading seq # 3: A10     Reading seq # 4: A11     
block   1:     60     60     60     60
block   2:    120    120    120    120
block   3:    180    180    180    180
block   4:    240    240    240    240
block   5:    300    300    300    300
block   6:    360    360    360    360
block   7:    420    420    420    420
block   8:    480    480    480    480
block   9:    540    540    540    540
block  10:    597    597    597    597
Sequences read..
Counting site patterns..  0:00
          64 patterns at      199 /      199 sites (100.0%),  0:00
Counting codons..

  2   1:Sites   135.9 +  461.1 =  597.0	Diffs     6.0 +    7.0 =   13.0
  3   1:Sites   135.9 +  461.1 =  597.0	Diffs     8.0 +    7.0 =   15.0
  3   2:Sites   136.1 +  460.9 =  597.0	Diffs     2.0 +    2.0 =    4.0
  4   1:Sites   135.9 +  461.1 =  597.0	Diffs     6.0 +    7.0 =   13.0
  4   2:Sites   136.1 +  460.9 =  597.0	Diffs     0.0 +    0.0 =    0.0
  4   3:Sites   136.1 +  460.9 =  597.0	Diffs     2.0 +    2.0 =    4.0

       48 bytes for distance
    62464 bytes for conP
     4096 bytes for fhK
  5000000 bytes for space

TREE #  1
(3, ((4, 2), 1));   MP score: 13
This is a rooted tree, without clock.  Check.

    93696 bytes for conP, adjusted

    0.002219    0.013292    0.004720    0.000000    0.000002    0.061893    2.000000    0.587011    1.475943

ntime & nrate & np:     6     1     9

Bounds (np=9):
   0.000004   0.000004   0.000004   0.000004   0.000004   0.000004   0.000100   0.005000   0.005000
  50.000000  50.000000  50.000000  50.000000  50.000000  50.000000 999.000000  99.000000  99.000000
Qfactor_NS = 9.588894

np =     9
lnL0 =  -889.351212

Iterating by ming2
Initial: fx=   889.351212
x=  0.00222  0.01329  0.00472  0.00000  0.00000  0.06189  2.00000  0.58701  1.47594

  1 h-m-p  0.0000 0.0000 273.6916 ++      889.350902  m 0.0000    14 | 2/9
  2 h-m-p  0.0000 0.0087   7.5888 ++CC    889.344402  1 0.0003    30 | 2/9
  3 h-m-p  0.0001 0.0007   6.7621 CC      889.343742  1 0.0000    44 | 2/9
  4 h-m-p  0.0030 1.4982   0.6168 +++CCCC   889.278069  3 0.3093    65 | 2/9
  5 h-m-p  0.1452 0.7260   1.1796 +YCC    889.138554  2 0.4844    88 | 2/9
  6 h-m-p  1.1213 5.6066   0.2683 CYCCC   889.064155  4 2.0188   107 | 2/9
  7 h-m-p  0.1995 0.9977   0.8788 YCYYC   888.974498  4 0.5960   132 | 2/9
  8 h-m-p  0.0179 0.0895   4.8103 +YYCYYC   888.918613  5 0.0630   159 | 2/9
  9 h-m-p  0.0014 0.0070  19.1206 YYYCCCC   888.913522  6 0.0017   180 | 2/9
 10 h-m-p  0.0881 0.4403   0.2323 YCYYC   888.855486  4 0.2729   198 | 2/9
 11 h-m-p  0.0252 0.1259   0.8248 +YYYC   888.799200  3 0.0947   221 | 2/9
 12 h-m-p  0.0093 0.0464   1.6623 ++      888.737972  m 0.0464   240 | 2/9
 13 h-m-p -0.0000 -0.0000   0.5785 
h-m-p:     -0.00000000e+00     -0.00000000e+00      5.78485619e-01   888.737972
..  | 2/9
 14 h-m-p  0.0000 0.0002 142.8623 CYCYCYC   888.696017  6 0.0000   279 | 2/9
 15 h-m-p  0.0000 0.0002  24.3104 YYC     888.686264  2 0.0000   293 | 2/9
 16 h-m-p  0.0008 0.0437   0.9440 -C      888.686239  0 0.0001   306 | 2/9
 17 h-m-p  0.0003 0.1552   0.5152 +C      888.686100  0 0.0013   326 | 2/9
 18 h-m-p  0.0006 0.3246   1.3651 ++YCCC   888.681582  3 0.0214   352 | 2/9
 19 h-m-p  0.0415 4.6553   0.7039 ++CYCCC   888.563647  4 1.0498   373 | 2/9
 20 h-m-p  0.8700 4.3500   0.0066 CC      888.563182  1 1.3759   394 | 2/9
 21 h-m-p  1.6000 8.0000   0.0009 C       888.563105  0 1.6857   413 | 2/9
 22 h-m-p  1.6000 8.0000   0.0008 +C      888.563074  0 6.1017   433 | 2/9
 23 h-m-p  1.6000 8.0000   0.0015 C       888.563061  0 1.6000   452 | 2/9
 24 h-m-p  1.6000 8.0000   0.0012 +Y      888.563031  0 4.2749   472 | 2/9
 25 h-m-p  0.4188 2.0941   0.0030 ++      888.562977  m 2.0941   491 | 3/9
 26 h-m-p  1.2508 8.0000   0.0049 ----------C   888.562977  0 0.0000   520 | 3/9
 27 h-m-p  0.0104 5.1964   0.0038 +Y      888.562976  0 0.0787   539 | 3/9
 28 h-m-p  1.6000 8.0000   0.0001 C       888.562969  0 2.0754   557 | 3/9
 29 h-m-p  0.7332 8.0000   0.0003 +Y      888.562969  0 2.1414   576 | 3/9
 30 h-m-p  1.6000 8.0000   0.0002 --------Y   888.562969  0 0.0000   602
Out..
lnL  =  -888.562969
603 lfun, 5427 eigenQcodon, 28944 P(t)

Reconstructed ancestral states go into file rst.

lnL =  -888.562969 from ProbSitePattern.
Marginal reconstruction.
	Node   5: lnL =  -888.562969
	Node   6: lnL =  -888.562969
	Node   7: lnL =  -888.562969
end of tree file.

Time used:  0:20
