
 15         verbose | verbose                1.00
  7         runmode | runmode                0.00
  4         seqtype | seqtype                1.00
 13       CodonFreq | CodonFreq              2.00
  9           clock | clock                  0.00
 18          aaDist | aaDist                 0.00
 19      aaRatefile | aaRatefile             1.00
 16           model | model                  0.00
 20         NSsites | NSsites                1.00
 22           icode | icode                  0.00
 23           Mgene | Mgene                  0.00
 24       fix_kappa | fix_kappa              0.00
 25           kappa | kappa                  2.00
 26       fix_omega | fix_omega              0.00
 27           omega | omega                  0.40
 28       fix_alpha | fix_alpha              1.00
 29           alpha | alpha                  0.00
 30          Malpha | Malpha                 0.00
 31           ncatG | ncatG                  8.00
 11           getSE | getSE                  0.00
 12    RateAncestor | RateAncestor           1.00
 36      Small_Diff | Small_Diff             0.00
  6       cleandata | cleandata              0.00
  8          method | method                 0.00
CODONML in paml version 4.8a, August 2014

----------------------------------------------
Phe F TTT | Ser S TCT | Tyr Y TAT | Cys C TGT
      TTC |       TCC |       TAC |       TGC
Leu L TTA |       TCA | *** * TAA | *** * TGA
      TTG |       TCG |       TAG | Trp W TGG
----------------------------------------------
Leu L CTT | Pro P CCT | His H CAT | Arg R CGT
      CTC |       CCC |       CAC |       CGC
      CTA |       CCA | Gln Q CAA |       CGA
      CTG |       CCG |       CAG |       CGG
----------------------------------------------
Ile I ATT | Thr T ACT | Asn N AAT | Ser S AGT
      ATC |       ACC |       AAC |       AGC
      ATA |       ACA | Lys K AAA | Arg R AGA
Met M ATG |       ACG |       AAG |       AGG
----------------------------------------------
Val V GTT | Ala A GCT | Asp D GAT | Gly G GGT
      GTC |       GCC |       GAC |       GGC
      GTA |       GCA | Glu E GAA |       GGA
      GTG |       GCG |       GAG |       GGG
----------------------------------------------
Nice code, uuh?


Ambiguity character definition table:

T (1): T 
C (1): C 
A (1): A 
G (1): G 
U (1): T 
Y (2): T C 
R (2): A G 
M (2): C A 
K (2): T G 
S (2): C G 
W (2): T A 
H (3): T C A 
B (3): T C G 
V (3): C A G 
D (3): T A G 
- (4): T C A G 
N (4): T C A G 
? (4): T C A G 

ns = 4  	ls = 597
Reading sequences, interlaved format..
Reading seq # 1: A8     Reading seq # 2: A9     Reading seq # 3: A10     Reading seq # 4: A11     
block   1:     60     60     60     60
block   2:    120    120    120    120
block   3:    180    180    180    180
block   4:    240    240    240    240
block   5:    300    300    300    300
block   6:    360    360    360    360
block   7:    420    420    420    420
block   8:    480    480    480    480
block   9:    540    540    540    540
block  10:    597    597    597    597
Sequences read..
Counting site patterns..  0:00
          64 patterns at      199 /      199 sites (100.0%),  0:00
Counting codons..

  2   1:Sites   135.9 +  461.1 =  597.0	Diffs     6.0 +    7.0 =   13.0
  3   1:Sites   135.9 +  461.1 =  597.0	Diffs     8.0 +    7.0 =   15.0
  3   2:Sites   136.1 +  460.9 =  597.0	Diffs     2.0 +    2.0 =    4.0
  4   1:Sites   135.9 +  461.1 =  597.0	Diffs     6.0 +    7.0 =   13.0
  4   2:Sites   136.1 +  460.9 =  597.0	Diffs     0.0 +    0.0 =    0.0
  4   3:Sites   136.1 +  460.9 =  597.0	Diffs     2.0 +    2.0 =    4.0

       48 bytes for distance
    62464 bytes for conP
     1024 bytes for fhK
  5000000 bytes for space

TREE #  1
(3, ((4, 2), 1));   MP score: 13
This is a rooted tree, without clock.  Check.

    93696 bytes for conP, adjusted

    0.002219    0.013292    0.004720    0.000000    0.000002    0.061893    2.000000    0.654804    0.337971

ntime & nrate & np:     6     2     9

Bounds (np=9):
   0.000004   0.000004   0.000004   0.000004   0.000004   0.000004   0.000100   0.000010   0.000001
  50.000000  50.000000  50.000000  50.000000  50.000000  50.000000 999.000000   0.999990   1.000000
Qfactor_NS = 6.557318

np =     9
lnL0 =  -890.338325

Iterating by ming2
Initial: fx=   890.338325
x=  0.00222  0.01329  0.00472  0.00000  0.00000  0.06189  2.00000  0.65480  0.33797

  1 h-m-p  0.0000 0.0000 276.1745 ++      890.338012  m 0.0000    14 | 2/9
  2 h-m-p  0.0000 0.0164   7.2880 ++CCC   890.322764  2 0.0007    32 | 2/9
  3 h-m-p  0.0004 0.0111  12.2492 YCC     890.297694  2 0.0009    47 | 2/9
  4 h-m-p  0.0000 0.0011 224.2936 ++YCYCC   889.896182  4 0.0006    67 | 2/9
  5 h-m-p  0.0085 0.0424   3.5982 +CCC    889.693651  2 0.0345    84 | 2/9
  6 h-m-p  0.0028 0.0138   0.3658 ++      889.682776  m 0.0138    96 | 3/9
  7 h-m-p  0.0000 0.0007 1227.4699 +C      889.632944  0 0.0001   116 | 3/9
  8 h-m-p  0.0638 0.3190   0.7080 ++      889.110363  m 0.3190   128 | 4/9
  9 h-m-p  0.3327 4.6167   0.2334 ---------------..  | 4/9
 10 h-m-p  0.0000 0.0006 258.4007 YYCCC   888.804370  4 0.0000   182 | 4/9
 11 h-m-p  0.0001 0.0005  40.4687 CCCCC   888.706322  4 0.0001   202 | 4/9
 12 h-m-p  0.0008 0.1320   5.6847 CCC     888.696546  2 0.0006   218 | 4/9
 13 h-m-p  0.0006 0.1387   5.6442 ++YCCC   888.629042  3 0.0075   237 | 4/9
 14 h-m-p  0.1137 8.0000   0.3717 ++CYC   888.546084  2 1.3678   254 | 4/9
 15 h-m-p  1.6000 8.0000   0.0016 YC      888.546035  1 1.0302   272 | 4/9
 16 h-m-p  1.6000 8.0000   0.0008 C       888.546028  0 1.3546   289 | 3/9
 17 h-m-p  0.0087 4.3315   0.1236 --C     888.546028  0 0.0002   308 | 3/9
 18 h-m-p  0.2022 1.0110   0.0001 ++      888.546027  m 1.0110   326 | 4/9
 19 h-m-p  1.1303 8.0000   0.0001 C       888.546027  0 0.9292   344 | 4/9
 20 h-m-p  1.6000 8.0000   0.0000 Y       888.546027  0 1.1438   361 | 4/9
 21 h-m-p  1.6000 8.0000   0.0000 -C      888.546027  0 0.1000   379 | 4/9
 22 h-m-p  0.0805 8.0000   0.0000 --------------..  | 4/9
 23 h-m-p  0.0160 8.0000   0.0017 ------------- | 4/9
 24 h-m-p  0.0160 8.0000   0.0017 -------------
Out..
lnL  =  -888.546027
465 lfun, 1395 eigenQcodon, 5580 P(t)

Reconstructed ancestral states go into file rst.

lnL =  -888.546027 from ProbSitePattern.
Marginal reconstruction.
	Node   5: lnL =  -888.546027
	Node   6: lnL =  -888.546027
	Node   7: lnL =  -888.546027
end of tree file.

Time used:  0:03
