
 15         verbose | verbose                1.00
  7         runmode | runmode                0.00
  4         seqtype | seqtype                1.00
 13       CodonFreq | CodonFreq              2.00
  9           clock | clock                  0.00
 18          aaDist | aaDist                 0.00
 19      aaRatefile | aaRatefile             1.00
 16           model | model                  0.00
 20         NSsites | NSsites                8.00
 22           icode | icode                  0.00
 23           Mgene | Mgene                  0.00
 24       fix_kappa | fix_kappa              0.00
 25           kappa | kappa                  2.00
 26       fix_omega | fix_omega              0.00
 27           omega | omega                  0.40
 28       fix_alpha | fix_alpha              1.00
 29           alpha | alpha                  0.00
 30          Malpha | Malpha                 0.00
 31           ncatG | ncatG                  8.00
 11           getSE | getSE                  0.00
 12    RateAncestor | RateAncestor           1.00
 36      Small_Diff | Small_Diff             0.00
  6       cleandata | cleandata              0.00
  8          method | method                 0.00
CODONML in paml version 4.8a, August 2014

----------------------------------------------
Phe F TTT | Ser S TCT | Tyr Y TAT | Cys C TGT
      TTC |       TCC |       TAC |       TGC
Leu L TTA |       TCA | *** * TAA | *** * TGA
      TTG |       TCG |       TAG | Trp W TGG
----------------------------------------------
Leu L CTT | Pro P CCT | His H CAT | Arg R CGT
      CTC |       CCC |       CAC |       CGC
      CTA |       CCA | Gln Q CAA |       CGA
      CTG |       CCG |       CAG |       CGG
----------------------------------------------
Ile I ATT | Thr T ACT | Asn N AAT | Ser S AGT
      ATC |       ACC |       AAC |       AGC
      ATA |       ACA | Lys K AAA | Arg R AGA
Met M ATG |       ACG |       AAG |       AGG
----------------------------------------------
Val V GTT | Ala A GCT | Asp D GAT | Gly G GGT
      GTC |       GCC |       GAC |       GGC
      GTA |       GCA | Glu E GAA |       GGA
      GTG |       GCG |       GAG |       GGG
----------------------------------------------
Nice code, uuh?


Ambiguity character definition table:

T (1): T 
C (1): C 
A (1): A 
G (1): G 
U (1): T 
Y (2): T C 
R (2): A G 
M (2): C A 
K (2): T G 
S (2): C G 
W (2): T A 
H (3): T C A 
B (3): T C G 
V (3): C A G 
D (3): T A G 
- (4): T C A G 
N (4): T C A G 
? (4): T C A G 

ns = 4  	ls = 597
Reading sequences, interlaved format..
Reading seq # 1: A8     Reading seq # 2: A9     Reading seq # 3: A10     Reading seq # 4: A11     
block   1:     60     60     60     60
block   2:    120    120    120    120
block   3:    180    180    180    180
block   4:    240    240    240    240
block   5:    300    300    300    300
block   6:    360    360    360    360
block   7:    420    420    420    420
block   8:    480    480    480    480
block   9:    540    540    540    540
block  10:    597    597    597    597
Sequences read..
Counting site patterns..  0:00
          64 patterns at      199 /      199 sites (100.0%),  0:00
Counting codons..

  2   1:Sites   135.9 +  461.1 =  597.0	Diffs     6.0 +    7.0 =   13.0
  3   1:Sites   135.9 +  461.1 =  597.0	Diffs     8.0 +    7.0 =   15.0
  3   2:Sites   136.1 +  460.9 =  597.0	Diffs     2.0 +    2.0 =    4.0
  4   1:Sites   135.9 +  461.1 =  597.0	Diffs     6.0 +    7.0 =   13.0
  4   2:Sites   136.1 +  460.9 =  597.0	Diffs     0.0 +    0.0 =    0.0
  4   3:Sites   136.1 +  460.9 =  597.0	Diffs     2.0 +    2.0 =    4.0

       48 bytes for distance
    62464 bytes for conP
     4608 bytes for fhK
  5000000 bytes for space

TREE #  1
(3, ((4, 2), 1));   MP score: 13
This is a rooted tree, without clock.  Check.

    93696 bytes for conP, adjusted

initial w for M8:NSbetaw>1 reset.

    0.002219    0.013292    0.004720    0.000000    0.000002    0.061893    2.000000    0.900000    0.587011    1.475943    2.882193

ntime & nrate & np:     6     2    11

Bounds (np=11):
   0.000004   0.000004   0.000004   0.000004   0.000004   0.000004   0.000100   0.000010   0.005000   0.005000   1.000000
  50.000000  50.000000  50.000000  50.000000  50.000000  50.000000 999.000000   0.999990  99.000000  99.000000 999.000000
Qfactor_NS = 6.741230

np =    11
lnL0 =  -889.271327

Iterating by ming2
Initial: fx=   889.271327
x=  0.00222  0.01329  0.00472  0.00000  0.00000  0.06189  2.00000  0.90000  0.58701  1.47594  2.88219

  1 h-m-p  0.0000 0.0000 270.9775 ++      889.271019  m 0.0000    16 | 2/11
  2 h-m-p  0.0000 0.0009  25.5694 ++CCC   889.236408  2 0.0002    36 | 2/11
  3 h-m-p  0.0000 0.0002  68.2713 YCC     889.205196  2 0.0001    53 | 2/11
  4 h-m-p  0.0002 0.0039  24.8032 ++YCYCC   888.865888  4 0.0023    75 | 2/11
  5 h-m-p  0.0274 0.2509   2.0369 ++      888.357070  m 0.2509    89 | 2/11
  6 h-m-p  0.0000 0.0000   1.1892 
h-m-p:      1.16794437e-18      5.83972185e-18      1.18918667e+00   888.357070
..  | 2/11
  7 h-m-p  0.0001 0.0514 121.1862 CC      888.194749  1 0.0000   116 | 2/11
  8 h-m-p  0.0001 0.0004  30.8951 CCC     888.155877  2 0.0001   134 | 2/11
  9 h-m-p  0.0001 0.0029  39.0812 +YCCC   887.956828  3 0.0005   154 | 2/11
 10 h-m-p  0.0014 0.0096  14.9605 YCC     887.897099  2 0.0007   171 | 2/11
 11 h-m-p  0.0065 0.0763   1.7095 ++      887.703667  m 0.0763   185 | 3/11
 12 h-m-p  0.0792 5.1022   0.5417 +YCC    887.673691  2 0.2422   203 | 3/11
 13 h-m-p  0.0806 2.9452   1.6283 +YCCC   887.483431  3 0.5774   231 | 3/11
 14 h-m-p  1.6000 8.0000   0.3528 ++      887.188563  m 8.0000   245 | 3/11
 15 h-m-p  0.1867 0.9335   3.2414 CYCCC   887.093310  4 0.3023   274 | 3/11
 16 h-m-p  0.5086 2.5431   0.8675 ++      886.938168  m 2.5431   288 | 4/11
 17 h-m-p  1.0539 5.2694   1.6943 YCC     886.834913  2 0.6114   313 | 4/11
 18 h-m-p  0.8675 8.0000   1.1941 CCCC    886.802400  3 1.3661   333 | 4/11
 19 h-m-p  1.6000 8.0000   0.5084 CCC     886.776862  2 2.4369   351 | 4/11
 20 h-m-p  1.6000 8.0000   0.3859 CC      886.774551  1 1.3808   374 | 4/11
 21 h-m-p  1.6000 8.0000   0.0694 CC      886.774066  1 1.3448   397 | 4/11
 22 h-m-p  1.6000 8.0000   0.0038 C       886.774051  0 1.9748   418 | 4/11
 23 h-m-p  0.6954 8.0000   0.0107 Y       886.774049  0 1.2766   439 | 4/11
 24 h-m-p  1.6000 8.0000   0.0011 C       886.774049  0 1.4148   460 | 4/11
 25 h-m-p  1.6000 8.0000   0.0002 C       886.774049  0 1.3308   481 | 4/11
 26 h-m-p  1.6000 8.0000   0.0000 C       886.774049  0 0.4000   502 | 4/11
 27 h-m-p  0.1237 8.0000   0.0001 -Y      886.774049  0 0.0077   524 | 4/11
 28 h-m-p  0.0160 8.0000   0.0001 ----------C   886.774049  0 0.0000   555
Out..
lnL  =  -886.774049
556 lfun, 5560 eigenQcodon, 30024 P(t)

BEBing (dim = 4).  This may take several minutes.
Calculating f(x_h|w): 10 categories 20 w sets.
S10 w log{f(x|w)}:    0.0500     -8.898005
S10 w log{f(x|w)}:    0.1500     -8.906033
S10 w log{f(x|w)}:    0.2500     -8.914051
S10 w log{f(x|w)}:    0.3500     -8.922058
S10 w log{f(x|w)}:    0.4500     -8.930054
S10 w log{f(x|w)}:    0.5500     -8.938039
S10 w log{f(x|w)}:    0.6500     -8.946014
S10 w log{f(x|w)}:    0.7500     -8.953977
S10 w log{f(x|w)}:    0.8500     -8.961930
S10 w log{f(x|w)}:    0.9500     -8.969872
S10 w log{f(x|w)}:    1.5000     -9.013362
S10 w log{f(x|w)}:    2.5000     -9.091597
S10 w log{f(x|w)}:    3.5000     -9.168753
S10 w log{f(x|w)}:    4.5000     -9.244829
S10 w log{f(x|w)}:    5.5000     -9.319825
S10 w log{f(x|w)}:    6.5000     -9.393743
S10 w log{f(x|w)}:    7.5000     -9.466582
S10 w log{f(x|w)}:    8.5000     -9.538346
S10 w log{f(x|w)}:    9.5000     -9.609037
S10 w log{f(x|w)}:   10.5000     -9.678659
Calculating f(X), the marginal probability of data.
	log(fX) =  -892.020102  S =  -860.992056   -26.207944
Calculating f(w|X), posterior probabilities of site classes.
	did  10 /  64 patterns   0:21	did  20 /  64 patterns   0:21	did  30 /  64 patterns   0:21	did  40 /  64 patterns   0:21	did  50 /  64 patterns   0:22	did  60 /  64 patterns   0:22	did  64 /  64 patterns   0:22
Reconstructed ancestral states go into file rst.

lnL =  -886.774049 from ProbSitePattern.
Marginal reconstruction.
	Node   5: lnL =  -886.774049
	Node   6: lnL =  -886.774049
	Node   7: lnL =  -886.774049
end of tree file.

Time used:  0:22
