
 15         verbose | verbose                1.00
  7         runmode | runmode                0.00
  4         seqtype | seqtype                1.00
 13       CodonFreq | CodonFreq              2.00
  9           clock | clock                  0.00
 18          aaDist | aaDist                 0.00
 19      aaRatefile | aaRatefile             1.00
 16           model | model                  0.00
 20         NSsites | NSsites                1.00
 22           icode | icode                  0.00
 23           Mgene | Mgene                  0.00
 24       fix_kappa | fix_kappa              0.00
 25           kappa | kappa                  2.00
 26       fix_omega | fix_omega              0.00
 27           omega | omega                  0.40
 28       fix_alpha | fix_alpha              1.00
 29           alpha | alpha                  0.00
 30          Malpha | Malpha                 0.00
 31           ncatG | ncatG                  8.00
 11           getSE | getSE                  0.00
 12    RateAncestor | RateAncestor           1.00
 36      Small_Diff | Small_Diff             0.00
  6       cleandata | cleandata              0.00
  8          method | method                 0.00
CODONML in paml version 4.8a, August 2014

----------------------------------------------
Phe F TTT | Ser S TCT | Tyr Y TAT | Cys C TGT
      TTC |       TCC |       TAC |       TGC
Leu L TTA |       TCA | *** * TAA | *** * TGA
      TTG |       TCG |       TAG | Trp W TGG
----------------------------------------------
Leu L CTT | Pro P CCT | His H CAT | Arg R CGT
      CTC |       CCC |       CAC |       CGC
      CTA |       CCA | Gln Q CAA |       CGA
      CTG |       CCG |       CAG |       CGG
----------------------------------------------
Ile I ATT | Thr T ACT | Asn N AAT | Ser S AGT
      ATC |       ACC |       AAC |       AGC
      ATA |       ACA | Lys K AAA | Arg R AGA
Met M ATG |       ACG |       AAG |       AGG
----------------------------------------------
Val V GTT | Ala A GCT | Asp D GAT | Gly G GGT
      GTC |       GCC |       GAC |       GGC
      GTA |       GCA | Glu E GAA |       GGA
      GTG |       GCG |       GAG |       GGG
----------------------------------------------
Nice code, uuh?


Ambiguity character definition table:

T (1): T 
C (1): C 
A (1): A 
G (1): G 
U (1): T 
Y (2): T C 
R (2): A G 
M (2): C A 
K (2): T G 
S (2): C G 
W (2): T A 
H (3): T C A 
B (3): T C G 
V (3): C A G 
D (3): T A G 
- (4): T C A G 
N (4): T C A G 
? (4): T C A G 

ns = 6  	ls = 1404
Reading sequences, interlaved format..
Reading seq # 1: A72     Reading seq # 2: A69     Reading seq # 3: A70     Reading seq # 4: A71     Reading seq # 5: A68     Reading seq # 6: A73     
block   1:     60     60     60     60     60     60
block   2:    120    120    120    120    120    120
block   3:    180    180    180    180    180    180
block   4:    240    240    240    240    240    240
block   5:    300    300    300    300    300    300
block   6:    360    360    360    360    360    360
block   7:    420    420    420    420    420    420
block   8:    480    480    480    480    480    480
block   9:    540    540    540    540    540    540
block  10:    600    600    600    600    600    600
block  11:    660    660    660    660    660    660
block  12:    720    720    720    720    720    720
block  13:    780    780    780    780    780    780
block  14:    840    840    840    840    840    840
block  15:    900    900    900    900    900    900
block  16:    960    960    960    960    960    960
block  17:   1020   1020   1020   1020   1020   1020
block  18:   1080   1080   1080   1080   1080   1080
block  19:   1140   1140   1140   1140   1140   1140
block  20:   1200   1200   1200   1200   1200   1200
block  21:   1260   1260   1260   1260   1260   1260
block  22:   1320   1320   1320   1320   1320   1320
block  23:   1380   1380   1380   1380   1380   1380
block  24:   1404   1404   1404   1404   1404   1404
Sequences read..
Counting site patterns..  0:00
         297 patterns at      468 /      468 sites (100.0%),  0:00
1 ambiguous codons are seen in the data:
 ---
Counting codons..

  2   1:Sites   331.6 + 1057.4 = 1389.0	Diffs    65.8 +   72.2 =  138.0
  3   1:Sites   328.5 + 1054.5 = 1383.0	Diffs   114.8 +  116.2 =  231.0
  3   2:Sites   327.7 + 1052.3 = 1380.0	Diffs    91.6 +  100.4 =  192.0
  4   1:Sites   330.4 + 1058.6 = 1389.0	Diffs    67.8 +   58.2 =  126.0
  4   2:Sites   329.7 + 1059.3 = 1389.0	Diffs    84.8 +   81.2 =  166.0
  4   3:Sites   325.5 + 1051.5 = 1377.0	Diffs   118.1 +  131.9 =  250.0
  5   1:Sites   329.8 + 1056.2 = 1386.0	Diffs    75.2 +   75.8 =  151.0
  5   2:Sites   329.2 + 1056.8 = 1386.0	Diffs    73.8 +   78.2 =  152.0
  5   3:Sites   325.7 + 1051.3 = 1377.0	Diffs   109.8 +  105.2 =  215.0
  5   4:Sites   328.0 + 1058.0 = 1386.0	Diffs    86.4 +   90.6 =  177.0
  6   1:Sites   329.8 + 1053.2 = 1383.0	Diffs    71.8 +   82.2 =  154.0
  6   2:Sites   329.2 + 1053.8 = 1383.0	Diffs    88.8 +   73.2 =  162.0
  6   3:Sites   324.8 + 1046.2 = 1371.0	Diffs   121.8 +  112.2 =  234.0
  6   4:Sites   327.9 + 1055.1 = 1383.0	Diffs    81.6 +   78.4 =  160.0
  6   5:Sites   327.4 + 1052.6 = 1380.0	Diffs    87.5 +   81.5 =  169.0

      120 bytes for distance
   289872 bytes for conP
     4752 bytes for fhK
  5000000 bytes for space

TREE #  1
((((5, (2, 3)), 6), 1), 4);   MP score: -1
This is a rooted tree, without clock.  Check.

   724680 bytes for conP, adjusted

    0.080675    0.031878    0.037316    0.183145    0.041391    0.121167    0.361416    0.200538    0.121679    0.099252    2.000000    0.755520    0.234606

ntime & nrate & np:    10     2    13

Bounds (np=13):
   0.000004   0.000004   0.000004   0.000004   0.000004   0.000004   0.000004   0.000004   0.000004   0.000004   0.000100   0.000010   0.000001
  50.000000  50.000000  50.000000  50.000000  50.000000  50.000000  50.000000  50.000000  50.000000  50.000000 999.000000   0.999990   1.000000
Qfactor_NS = 7.659126

np =    13
lnL0 = -4503.407383

Iterating by ming2
Initial: fx=  4503.407383
x=  0.08068  0.03188  0.03732  0.18315  0.04139  0.12117  0.36142  0.20054  0.12168  0.09925  2.00000  0.75552  0.23461

  1 h-m-p  0.0000 0.0007 565.0961 ++YCYCCCC  4453.965861  6 0.0004    30 | 0/13
  2 h-m-p  0.0001 0.0003 372.6911 YCYCCC  4446.103412  5 0.0001    54 | 0/13
  3 h-m-p  0.0006 0.0063  78.1870 YCCC   4442.534101  3 0.0013    75 | 0/13
  4 h-m-p  0.0026 0.0141  39.3845 CCC    4442.014574  2 0.0008    95 | 0/13
  5 h-m-p  0.0016 0.0162  20.0436 YC     4441.880232  1 0.0008   112 | 0/13
  6 h-m-p  0.0013 0.0365  12.9583 CC     4441.760465  1 0.0019   130 | 0/13
  7 h-m-p  0.0010 0.0625  23.7281 +YC    4441.461471  1 0.0030   148 | 0/13
  8 h-m-p  0.0014 0.0556  51.2698 +YCC   4440.598757  2 0.0042   168 | 0/13
  9 h-m-p  0.0043 0.0214  27.9530 CC     4440.507437  1 0.0009   186 | 0/13
 10 h-m-p  0.0061 0.1002   3.9504 CC     4440.480032  1 0.0020   204 | 0/13
 11 h-m-p  0.0066 0.1568   1.1990 +YYC   4440.120037  2 0.0215   223 | 0/13
 12 h-m-p  0.0042 0.0209   5.9571 YCYCCC  4435.627875  5 0.0113   247 | 0/13
 13 h-m-p  0.0006 0.0029  62.2444 YCYCCC  4430.209768  5 0.0014   271 | 0/13
 14 h-m-p  1.2861 8.0000   0.0655 YCC    4429.978665  2 0.8057   290 | 0/13
 15 h-m-p  1.6000 8.0000   0.0185 YC     4429.966264  1 0.6430   320 | 0/13
 16 h-m-p  1.6000 8.0000   0.0049 CC     4429.965237  1 0.5608   351 | 0/13
 17 h-m-p  1.6000 8.0000   0.0006 Y      4429.965184  0 0.7564   380 | 0/13
 18 h-m-p  1.6000 8.0000   0.0001 Y      4429.965181  0 0.6771   409 | 0/13
 19 h-m-p  1.6000 8.0000   0.0000 Y      4429.965181  0 0.7585   438 | 0/13
 20 h-m-p  1.6000 8.0000   0.0000 Y      4429.965181  0 0.8965   467 | 0/13
 21 h-m-p  1.6000 8.0000   0.0000 -Y     4429.965181  0 0.1000   497 | 0/13
 22 h-m-p  0.1359 8.0000   0.0000 -----------C  4429.965181  0 0.0000   537
Out..
lnL  = -4429.965181
538 lfun, 1614 eigenQcodon, 10760 P(t)

Reconstructed ancestral states go into file rst.

lnL = -4429.965181 from ProbSitePattern.
Marginal reconstruction.
	Node   7: lnL = -4429.965181
	Node   8: lnL = -4429.965181
	Node   9: lnL = -4429.965181
	Node  10: lnL = -4429.965181
	Node  11: lnL = -4429.965181

warning: strange character '-' 
warning ambiguity in difcodonNG: --- ACA
warning: strange character '-' 
warning ambiguity in difcodonNG: --- GGT
warning: strange character '-' 
warning ambiguity in difcodonNG: --- GAA
warning: strange character '-' 
warning ambiguity in difcodonNG: --- GAA
warning: strange character '-' 
warning ambiguity in difcodonNG: --- AAA
warning: strange character '-' 
warning ambiguity in difcodonNG: --- AAG
warning: strange character '-' 
warning ambiguity in difcodonNG: --- GGT
warning: strange character '-' 
warning ambiguity in difcodonNG: --- GAA
warning: strange character '-' 
warning ambiguity in difcodonNG: --- AAA
warning: strange character '-' 
warning ambiguity in difcodonNG: --- AAG
warning: strange character '-' 
warning ambiguity in difcodonNG: --- GGC
warning: strange character '-' 
warning ambiguity in difcodonNG: --- GAA
warning: strange character '-' 
warning ambiguity in difcodonNG: --- GAT
warning: strange character '-' 
warning ambiguity in difcodonNG: --- GGT
warning: strange character '-' 
warning ambiguity in difcodonNG: --- GAA
warning: strange character '-' 
warning ambiguity in difcodonNG: --- AAG
warning: strange character '-' 
warning ambiguity in difcodonNG: --- ACA
warning: strange character '-' 
warning ambiguity in difcodonNG: --- GTT
warning: strange character '-' 
warning ambiguity in difcodonNG: --- AAA
warning: strange character '-' 
warning ambiguity in difcodonNG: --- GAA
warning: strange character '-' 
warning ambiguity in difcodonNG: --- AAA
warning: strange character '-' 
warning ambiguity in difcodonNG: --- AAG
warning: strange character '-' 
warning ambiguity in difcodonNG: --- ACA
warning: strange character '-' 
warning ambiguity in difcodonNG: --- GGT
warning: strange character '-' 
warning ambiguity in difcodonNG: --- ACA
warning: strange character '-' 
warning ambiguity in difcodonNG: --- GGT
warning: strange character '-' 
warning ambiguity in difcodonNG: --- GAA
warning: strange character '-' 
warning ambiguity in difcodonNG: --- AAA
warning: strange character '-' 
warning ambiguity in difcodonNG: --- AAG
warning: strange character '-' 
warning ambiguity in difcodonNG: ACA ---
warning: strange character '-' 
warning ambiguity in difcodonNG: ACA ---
warning: strange character '-' 
warning ambiguity in difcodonNG: ACA ---
warning: strange character '-' 
warning ambiguity in difcodonNG: ACA ---
warning: strange character '-' 
warning ambiguity in difcodonNG: GGC ---
warning: strange character '-' 
warning ambiguity in difcodonNG: GAA ---
warning: strange character '-' 
warning ambiguity in difcodonNG: GAT ---
warning: strange character '-' 
warning ambiguity in difcodonNG: GGT ---
warning: strange character '-' 
warning ambiguity in difcodonNG: GGT ---
warning: strange character '-' 
warning ambiguity in difcodonNG: GGT ---
warning: strange character '-' 
warning ambiguity in difcodonNG: GGT ---
warning: strange character '-' 
warning ambiguity in difcodonNG: GGT ---
warning: strange character '-' 
warning ambiguity in difcodonNG: GAA ---
warning: strange character '-' 
warning ambiguity in difcodonNG: GAA ---
warning: strange character '-' 
warning ambiguity in difcodonNG: GTT ---
warning: strange character '-' 
warning ambiguity in difcodonNG: AAA ---
warning: strange character '-' 
warning ambiguity in difcodonNG: GAA ---
warning: strange character '-' 
warning ambiguity in difcodonNG: GAA ---
warning: strange character '-' 
warning ambiguity in difcodonNG: GAA ---
warning: strange character '-' 
warning ambiguity in difcodonNG: GAA ---
warning: strange character '-' 
warning ambiguity in difcodonNG: AAA ---
warning: strange character '-' 
warning ambiguity in difcodonNG: AAA ---
warning: strange character '-' 
warning ambiguity in difcodonNG: AAA ---
warning: strange character '-' 
warning ambiguity in difcodonNG: AAA ---
warning: strange character '-' 
warning ambiguity in difcodonNG: AAG ---
warning: strange character '-' 
warning ambiguity in difcodonNG: AAG ---
warning: strange character '-' 
warning ambiguity in difcodonNG: AAG ---
warning: strange character '-' 
warning ambiguity in difcodonNG: AAG ---
warning: strange character '-' 
warning ambiguity in difcodonNG: AAG ---end of tree file.

Time used:  0:12
