
 15         verbose | verbose                1.00
  7         runmode | runmode                0.00
  4         seqtype | seqtype                1.00
 13       CodonFreq | CodonFreq              2.00
  9           clock | clock                  0.00
 18          aaDist | aaDist                 0.00
 19      aaRatefile | aaRatefile             1.00
 16           model | model                  0.00
 20         NSsites | NSsites                7.00
 22           icode | icode                  0.00
 23           Mgene | Mgene                  0.00
 24       fix_kappa | fix_kappa              0.00
 25           kappa | kappa                  2.00
 26       fix_omega | fix_omega              0.00
 27           omega | omega                  0.40
 28       fix_alpha | fix_alpha              1.00
 29           alpha | alpha                  0.00
 30          Malpha | Malpha                 0.00
 31           ncatG | ncatG                  8.00
 11           getSE | getSE                  0.00
 12    RateAncestor | RateAncestor           1.00
 36      Small_Diff | Small_Diff             0.00
  6       cleandata | cleandata              0.00
  8          method | method                 0.00
CODONML in paml version 4.8a, August 2014

----------------------------------------------
Phe F TTT | Ser S TCT | Tyr Y TAT | Cys C TGT
      TTC |       TCC |       TAC |       TGC
Leu L TTA |       TCA | *** * TAA | *** * TGA
      TTG |       TCG |       TAG | Trp W TGG
----------------------------------------------
Leu L CTT | Pro P CCT | His H CAT | Arg R CGT
      CTC |       CCC |       CAC |       CGC
      CTA |       CCA | Gln Q CAA |       CGA
      CTG |       CCG |       CAG |       CGG
----------------------------------------------
Ile I ATT | Thr T ACT | Asn N AAT | Ser S AGT
      ATC |       ACC |       AAC |       AGC
      ATA |       ACA | Lys K AAA | Arg R AGA
Met M ATG |       ACG |       AAG |       AGG
----------------------------------------------
Val V GTT | Ala A GCT | Asp D GAT | Gly G GGT
      GTC |       GCC |       GAC |       GGC
      GTA |       GCA | Glu E GAA |       GGA
      GTG |       GCG |       GAG |       GGG
----------------------------------------------
Nice code, uuh?


Ambiguity character definition table:

T (1): T 
C (1): C 
A (1): A 
G (1): G 
U (1): T 
Y (2): T C 
R (2): A G 
M (2): C A 
K (2): T G 
S (2): C G 
W (2): T A 
H (3): T C A 
B (3): T C G 
V (3): C A G 
D (3): T A G 
- (4): T C A G 
N (4): T C A G 
? (4): T C A G 

ns = 6  	ls = 1404
Reading sequences, interlaved format..
Reading seq # 1: A72     Reading seq # 2: A69     Reading seq # 3: A70     Reading seq # 4: A71     Reading seq # 5: A68     Reading seq # 6: A73     
block   1:     60     60     60     60     60     60
block   2:    120    120    120    120    120    120
block   3:    180    180    180    180    180    180
block   4:    240    240    240    240    240    240
block   5:    300    300    300    300    300    300
block   6:    360    360    360    360    360    360
block   7:    420    420    420    420    420    420
block   8:    480    480    480    480    480    480
block   9:    540    540    540    540    540    540
block  10:    600    600    600    600    600    600
block  11:    660    660    660    660    660    660
block  12:    720    720    720    720    720    720
block  13:    780    780    780    780    780    780
block  14:    840    840    840    840    840    840
block  15:    900    900    900    900    900    900
block  16:    960    960    960    960    960    960
block  17:   1020   1020   1020   1020   1020   1020
block  18:   1080   1080   1080   1080   1080   1080
block  19:   1140   1140   1140   1140   1140   1140
block  20:   1200   1200   1200   1200   1200   1200
block  21:   1260   1260   1260   1260   1260   1260
block  22:   1320   1320   1320   1320   1320   1320
block  23:   1380   1380   1380   1380   1380   1380
block  24:   1404   1404   1404   1404   1404   1404
Sequences read..
Counting site patterns..  0:00
         297 patterns at      468 /      468 sites (100.0%),  0:00
1 ambiguous codons are seen in the data:
 ---
Counting codons..

  2   1:Sites   331.6 + 1057.4 = 1389.0	Diffs    65.8 +   72.2 =  138.0
  3   1:Sites   328.5 + 1054.5 = 1383.0	Diffs   114.8 +  116.2 =  231.0
  3   2:Sites   327.7 + 1052.3 = 1380.0	Diffs    91.6 +  100.4 =  192.0
  4   1:Sites   330.4 + 1058.6 = 1389.0	Diffs    67.8 +   58.2 =  126.0
  4   2:Sites   329.7 + 1059.3 = 1389.0	Diffs    84.8 +   81.2 =  166.0
  4   3:Sites   325.5 + 1051.5 = 1377.0	Diffs   118.1 +  131.9 =  250.0
  5   1:Sites   329.8 + 1056.2 = 1386.0	Diffs    75.2 +   75.8 =  151.0
  5   2:Sites   329.2 + 1056.8 = 1386.0	Diffs    73.8 +   78.2 =  152.0
  5   3:Sites   325.7 + 1051.3 = 1377.0	Diffs   109.8 +  105.2 =  215.0
  5   4:Sites   328.0 + 1058.0 = 1386.0	Diffs    86.4 +   90.6 =  177.0
  6   1:Sites   329.8 + 1053.2 = 1383.0	Diffs    71.8 +   82.2 =  154.0
  6   2:Sites   329.2 + 1053.8 = 1383.0	Diffs    88.8 +   73.2 =  162.0
  6   3:Sites   324.8 + 1046.2 = 1371.0	Diffs   121.8 +  112.2 =  234.0
  6   4:Sites   327.9 + 1055.1 = 1383.0	Diffs    81.6 +   78.4 =  160.0
  6   5:Sites   327.4 + 1052.6 = 1380.0	Diffs    87.5 +   81.5 =  169.0

      120 bytes for distance
   289872 bytes for conP
    19008 bytes for fhK
  5000000 bytes for space

TREE #  1
((((5, (2, 3)), 6), 1), 4);   MP score: -1
This is a rooted tree, without clock.  Check.

   724680 bytes for conP, adjusted

    0.080675    0.031878    0.037316    0.183145    0.041391    0.121167    0.361416    0.200538    0.121679    0.099252    2.000000    0.838800    1.269213

ntime & nrate & np:    10     1    13

Bounds (np=13):
   0.000004   0.000004   0.000004   0.000004   0.000004   0.000004   0.000004   0.000004   0.000004   0.000004   0.000100   0.005000   0.005000
  50.000000  50.000000  50.000000  50.000000  50.000000  50.000000  50.000000  50.000000  50.000000  50.000000 999.000000  99.000000  99.000000
Qfactor_NS = 7.919803

np =    13
lnL0 = -4507.238006

Iterating by ming2
Initial: fx=  4507.238006
x=  0.08068  0.03188  0.03732  0.18315  0.04139  0.12117  0.36142  0.20054  0.12168  0.09925  2.00000  0.83880  1.26921

  1 h-m-p  0.0000 0.0092 469.8616 ++CYCCC  4491.580392  4 0.0002    27 | 0/13
  2 h-m-p  0.0006 0.0038 143.8827 +YCCC  4474.335461  3 0.0019    49 | 0/13
  3 h-m-p  0.0005 0.0023 310.0638 CYCCCC  4460.382814  5 0.0008    74 | 0/13
  4 h-m-p  0.0003 0.0017 158.7126 CCCCC  4456.970636  4 0.0005    98 | 0/13
  5 h-m-p  0.0008 0.0038  31.8764 YCC    4456.738637  2 0.0005   117 | 0/13
  6 h-m-p  0.0015 0.0450  11.0770 YCC    4456.675105  2 0.0011   136 | 0/13
  7 h-m-p  0.0011 0.0902  11.1852 +YC    4456.362647  1 0.0069   154 | 0/13
  8 h-m-p  0.0006 0.0169 138.1756 +YCCC  4455.498749  3 0.0016   176 | 0/13
  9 h-m-p  0.0034 0.0180  66.5108 YCC    4454.901541  2 0.0023   195 | 0/13
 10 h-m-p  0.0021 0.0178  73.0524 YC     4454.548409  1 0.0013   212 | 0/13
 11 h-m-p  0.0114 0.1313   8.2455 YC     4454.403167  1 0.0046   229 | 0/13
 12 h-m-p  0.0028 0.0814  13.6909 ++YYCCC  4451.661132  4 0.0347   253 | 0/13
 13 h-m-p  0.0155 0.0775   8.3666 +YYYCCCCC  4444.525430  7 0.0512   281 | 0/13
 14 h-m-p  0.3212 1.6059   0.5473 CCCCCC  4435.942707  5 0.4246   307 | 0/13
 15 h-m-p  0.5621 6.3101   0.4134 CCC    4433.591301  2 0.5252   340 | 0/13
 16 h-m-p  1.0608 7.2901   0.2047 YCC    4433.125925  2 0.7287   372 | 0/13
 17 h-m-p  1.6000 8.0000   0.0164 YC     4433.093825  1 0.7772   402 | 0/13
 18 h-m-p  0.5434 8.0000   0.0234 CC     4433.085367  1 0.5999   433 | 0/13
 19 h-m-p  1.6000 8.0000   0.0030 YC     4433.083824  1 0.7896   463 | 0/13
 20 h-m-p  1.6000 8.0000   0.0014 YC     4433.083559  1 0.9040   493 | 0/13
 21 h-m-p  1.6000 8.0000   0.0005 Y      4433.083538  0 1.1953   522 | 0/13
 22 h-m-p  1.6000 8.0000   0.0002 Y      4433.083537  0 0.9593   551 | 0/13
 23 h-m-p  1.6000 8.0000   0.0000 Y      4433.083537  0 0.8329   580 | 0/13
 24 h-m-p  1.4563 8.0000   0.0000 Y      4433.083537  0 0.6698   609 | 0/13
 25 h-m-p  1.6000 8.0000   0.0000 C      4433.083537  0 0.4000   638 | 0/13
 26 h-m-p  0.3943 8.0000   0.0000 C      4433.083537  0 0.0986   667 | 0/13
 27 h-m-p  0.0449 8.0000   0.0000 ----Y  4433.083537  0 0.0000   700
Out..
lnL  = -4433.083537
701 lfun, 6309 eigenQcodon, 56080 P(t)

Reconstructed ancestral states go into file rst.

lnL = -4433.083537 from ProbSitePattern.
Marginal reconstruction.
	Node   7: lnL = -4433.083537
	Node   8: lnL = -4433.083537
	Node   9: lnL = -4433.083537
	Node  10: lnL = -4433.083537
	Node  11: lnL = -4433.083537

warning: strange character '-' 
warning ambiguity in difcodonNG: --- ACA
warning: strange character '-' 
warning ambiguity in difcodonNG: --- GGT
warning: strange character '-' 
warning ambiguity in difcodonNG: --- GAA
warning: strange character '-' 
warning ambiguity in difcodonNG: --- GAA
warning: strange character '-' 
warning ambiguity in difcodonNG: --- AAA
warning: strange character '-' 
warning ambiguity in difcodonNG: --- AAG
warning: strange character '-' 
warning ambiguity in difcodonNG: --- GGT
warning: strange character '-' 
warning ambiguity in difcodonNG: --- GAA
warning: strange character '-' 
warning ambiguity in difcodonNG: --- AAA
warning: strange character '-' 
warning ambiguity in difcodonNG: --- AAG
warning: strange character '-' 
warning ambiguity in difcodonNG: --- GGC
warning: strange character '-' 
warning ambiguity in difcodonNG: --- GAA
warning: strange character '-' 
warning ambiguity in difcodonNG: --- GAT
warning: strange character '-' 
warning ambiguity in difcodonNG: --- GGT
warning: strange character '-' 
warning ambiguity in difcodonNG: --- GAA
warning: strange character '-' 
warning ambiguity in difcodonNG: --- AAG
warning: strange character '-' 
warning ambiguity in difcodonNG: --- ACA
warning: strange character '-' 
warning ambiguity in difcodonNG: --- GTT
warning: strange character '-' 
warning ambiguity in difcodonNG: --- AAA
warning: strange character '-' 
warning ambiguity in difcodonNG: --- GAA
warning: strange character '-' 
warning ambiguity in difcodonNG: --- AAA
warning: strange character '-' 
warning ambiguity in difcodonNG: --- AAG
warning: strange character '-' 
warning ambiguity in difcodonNG: --- ACA
warning: strange character '-' 
warning ambiguity in difcodonNG: --- GGT
warning: strange character '-' 
warning ambiguity in difcodonNG: --- ACA
warning: strange character '-' 
warning ambiguity in difcodonNG: --- GGT
warning: strange character '-' 
warning ambiguity in difcodonNG: --- GAA
warning: strange character '-' 
warning ambiguity in difcodonNG: --- AAA
warning: strange character '-' 
warning ambiguity in difcodonNG: --- AAG
warning: strange character '-' 
warning ambiguity in difcodonNG: ACA ---
warning: strange character '-' 
warning ambiguity in difcodonNG: ACA ---
warning: strange character '-' 
warning ambiguity in difcodonNG: ACA ---
warning: strange character '-' 
warning ambiguity in difcodonNG: ACA ---
warning: strange character '-' 
warning ambiguity in difcodonNG: GGC ---
warning: strange character '-' 
warning ambiguity in difcodonNG: GAA ---
warning: strange character '-' 
warning ambiguity in difcodonNG: GAT ---
warning: strange character '-' 
warning ambiguity in difcodonNG: GGT ---
warning: strange character '-' 
warning ambiguity in difcodonNG: GGT ---
warning: strange character '-' 
warning ambiguity in difcodonNG: GGT ---
warning: strange character '-' 
warning ambiguity in difcodonNG: GGT ---
warning: strange character '-' 
warning ambiguity in difcodonNG: GGT ---
warning: strange character '-' 
warning ambiguity in difcodonNG: GAA ---
warning: strange character '-' 
warning ambiguity in difcodonNG: GAA ---
warning: strange character '-' 
warning ambiguity in difcodonNG: GTT ---
warning: strange character '-' 
warning ambiguity in difcodonNG: AAA ---
warning: strange character '-' 
warning ambiguity in difcodonNG: GAA ---
warning: strange character '-' 
warning ambiguity in difcodonNG: GAA ---
warning: strange character '-' 
warning ambiguity in difcodonNG: GAA ---
warning: strange character '-' 
warning ambiguity in difcodonNG: GAA ---
warning: strange character '-' 
warning ambiguity in difcodonNG: AAA ---
warning: strange character '-' 
warning ambiguity in difcodonNG: AAA ---
warning: strange character '-' 
warning ambiguity in difcodonNG: AAA ---
warning: strange character '-' 
warning ambiguity in difcodonNG: AAA ---
warning: strange character '-' 
warning ambiguity in difcodonNG: AAG ---
warning: strange character '-' 
warning ambiguity in difcodonNG: AAG ---
warning: strange character '-' 
warning ambiguity in difcodonNG: AAG ---
warning: strange character '-' 
warning ambiguity in difcodonNG: AAG ---
warning: strange character '-' 
warning ambiguity in difcodonNG: AAG ---end of tree file.

Time used:  1:03
