
 15         verbose | verbose                1.00
  7         runmode | runmode                0.00
  4         seqtype | seqtype                1.00
 13       CodonFreq | CodonFreq              2.00
  9           clock | clock                  0.00
 18          aaDist | aaDist                 0.00
 19      aaRatefile | aaRatefile             1.00
 16           model | model                  0.00
 20         NSsites | NSsites                7.00
 22           icode | icode                  0.00
 23           Mgene | Mgene                  0.00
 24       fix_kappa | fix_kappa              0.00
 25           kappa | kappa                  2.00
 26       fix_omega | fix_omega              0.00
 27           omega | omega                  0.40
 28       fix_alpha | fix_alpha              1.00
 29           alpha | alpha                  0.00
 30          Malpha | Malpha                 0.00
 31           ncatG | ncatG                  8.00
 11           getSE | getSE                  0.00
 12    RateAncestor | RateAncestor           1.00
 36      Small_Diff | Small_Diff             0.00
  6       cleandata | cleandata              0.00
  8          method | method                 0.00
CODONML in paml version 4.8a, August 2014

----------------------------------------------
Phe F TTT | Ser S TCT | Tyr Y TAT | Cys C TGT
      TTC |       TCC |       TAC |       TGC
Leu L TTA |       TCA | *** * TAA | *** * TGA
      TTG |       TCG |       TAG | Trp W TGG
----------------------------------------------
Leu L CTT | Pro P CCT | His H CAT | Arg R CGT
      CTC |       CCC |       CAC |       CGC
      CTA |       CCA | Gln Q CAA |       CGA
      CTG |       CCG |       CAG |       CGG
----------------------------------------------
Ile I ATT | Thr T ACT | Asn N AAT | Ser S AGT
      ATC |       ACC |       AAC |       AGC
      ATA |       ACA | Lys K AAA | Arg R AGA
Met M ATG |       ACG |       AAG |       AGG
----------------------------------------------
Val V GTT | Ala A GCT | Asp D GAT | Gly G GGT
      GTC |       GCC |       GAC |       GGC
      GTA |       GCA | Glu E GAA |       GGA
      GTG |       GCG |       GAG |       GGG
----------------------------------------------
Nice code, uuh?


Ambiguity character definition table:

T (1): T 
C (1): C 
A (1): A 
G (1): G 
U (1): T 
Y (2): T C 
R (2): A G 
M (2): C A 
K (2): T G 
S (2): C G 
W (2): T A 
H (3): T C A 
B (3): T C G 
V (3): C A G 
D (3): T A G 
- (4): T C A G 
N (4): T C A G 
? (4): T C A G 

ns = 4  	ls = 2580
Reading sequences, interlaved format..
Reading seq # 1: A98     Reading seq # 2: A96     Reading seq # 3: A97     Reading seq # 4: A95     
block   1:     60     60     60     60
block   2:    120    120    120    120
block   3:    180    180    180    180
block   4:    240    240    240    240
block   5:    300    300    300    300
block   6:    360    360    360    360
block   7:    420    420    420    420
block   8:    480    480    480    480
block   9:    540    540    540    540
block  10:    600    600    600    600
block  11:    660    660    660    660
block  12:    720    720    720    720
block  13:    780    780    780    780
block  14:    840    840    840    840
block  15:    900    900    900    900
block  16:    960    960    960    960
block  17:   1020   1020   1020   1020
block  18:   1080   1080   1080   1080
block  19:   1140   1140   1140   1140
block  20:   1200   1200   1200   1200
block  21:   1260   1260   1260   1260
block  22:   1320   1320   1320   1320
block  23:   1380   1380   1380   1380
block  24:   1440   1440   1440   1440
block  25:   1500   1500   1500   1500
block  26:   1560   1560   1560   1560
block  27:   1620   1620   1620   1620
block  28:   1680   1680   1680   1680
block  29:   1740   1740   1740   1740
block  30:   1800   1800   1800   1800
block  31:   1860   1860   1860   1860
block  32:   1920   1920   1920   1920
block  33:   1980   1980   1980   1980
block  34:   2040   2040   2040   2040
block  35:   2100   2100   2100   2100
block  36:   2160   2160   2160   2160
block  37:   2220   2220   2220   2220
block  38:   2280   2280   2280   2280
block  39:   2340   2340   2340   2340
block  40:   2400   2400   2400   2400
block  41:   2460   2460   2460   2460
block  42:   2520   2520   2520   2520
block  43:   2580   2580   2580   2580
Sequences read..
Counting site patterns..  0:00
         339 patterns at      860 /      860 sites (100.0%),  0:00
1 ambiguous codons are seen in the data:
 ---
Counting codons..

  2   1:Sites   601.5 + 1972.5 = 2574.0	Diffs    55.2 +  161.8 =  217.0
  3   1:Sites   599.6 + 1971.4 = 2571.0	Diffs    60.9 +  150.1 =  211.0
  3   2:Sites   597.6 + 1973.4 = 2571.0	Diffs    78.7 +  181.2 =  260.0
  4   1:Sites   603.8 + 1964.2 = 2568.0	Diffs    69.6 +  167.4 =  237.0
  4   2:Sites   599.3 + 1962.7 = 2562.0	Diffs    93.8 +  234.2 =  328.0
  4   3:Sites   597.5 + 1961.5 = 2559.0	Diffs    78.0 +  182.0 =  260.0

       48 bytes for distance
   330864 bytes for conP
    21696 bytes for fhK
  5000000 bytes for space

TREE #  1
(((2, 1), 4), 3);   MP score: -1
This is a rooted tree, without clock.  Check.

   496296 bytes for conP, adjusted

    0.021310    0.028083    0.182074    0.086263    0.196625    0.110293    2.000000    0.587011    1.475943

ntime & nrate & np:     6     1     9

Bounds (np=9):
   0.000004   0.000004   0.000004   0.000004   0.000004   0.000004   0.000100   0.005000   0.005000
  50.000000  50.000000  50.000000  50.000000  50.000000  50.000000 999.000000  99.000000  99.000000
Qfactor_NS = 10.082342

np =     9
lnL0 = -6174.687949

Iterating by ming2
Initial: fx=  6174.687949
x=  0.02131  0.02808  0.18207  0.08626  0.19662  0.11029  2.00000  0.58701  1.47594

  1 h-m-p  0.0000 0.0005 1293.9476 +YYCCC  6144.850611  4 0.0001    21 | 0/9
  2 h-m-p  0.0001 0.0004 231.0453 YCYCCC  6138.084368  5 0.0002    41 | 0/9
  3 h-m-p  0.0003 0.0146 167.4290 CYC    6135.446150  2 0.0003    56 | 0/9
  4 h-m-p  0.0003 0.0014 107.9685 CCC    6133.958061  2 0.0004    72 | 0/9
  5 h-m-p  0.0002 0.0101 183.7815 +CCCC  6127.167060  3 0.0013    91 | 0/9
  6 h-m-p  0.0011 0.0065 214.2716 CYCC   6125.161759  3 0.0004   108 | 0/9
  7 h-m-p  0.0029 0.0451  28.7055 +CYCCCC  6108.809250  5 0.0298   131 | 0/9
  8 h-m-p  0.0512 0.2561   3.1493 CYCCC  6106.468742  4 0.0925   150 | 0/9
  9 h-m-p  0.0230 0.1152   3.8314 CYCYC  6102.524806  4 0.0564   169 | 0/9
 10 h-m-p  0.0101 0.0504   5.6441 ++     6073.971115  m 0.0504   181 | 0/9
 11 h-m-p  0.3847 8.0000   0.7393 ---------------..  | 0/9
 12 h-m-p  0.0000 0.0000 736.9591 +YYYYYC  6073.923172  5 0.0000   233 | 0/9
 13 h-m-p  0.0001 0.0253 123.6608 +CCC   6072.604435  2 0.0002   250 | 0/9
 14 h-m-p  0.0004 0.0022  59.3899 YC     6072.292263  1 0.0002   263 | 0/9
 15 h-m-p  0.0005 0.0055  23.3352 CC     6072.252450  1 0.0002   277 | 0/9
 16 h-m-p  0.0003 0.0350  14.8543 +YC    6072.072161  1 0.0023   291 | 0/9
 17 h-m-p  0.0002 0.0148 159.5256 +CCC   6071.273978  2 0.0010   308 | 0/9
 18 h-m-p  0.0012 0.0100 132.5602 YCCC   6070.811646  3 0.0007   325 | 0/9
 19 h-m-p  0.0469 0.2344   0.0190 ++     6070.808066  m 0.2344   337 | 0/9
 20 h-m-p  0.0079 3.9626   0.7149 CY     6070.802239  1 0.0167   361 | 0/9
 21 h-m-p  1.5303 7.6517   0.0052 C      6070.801357  0 1.2429   382 | 0/9
 22 h-m-p  1.6000 8.0000   0.0005 C      6070.801342  0 2.4954   403 | 0/9
 23 h-m-p  1.6000 8.0000   0.0003 C      6070.801337  0 1.6600   424 | 0/9
 24 h-m-p  1.6000 8.0000   0.0003 +Y     6070.801334  0 4.7971   446 | 0/9
 25 h-m-p  1.6000 8.0000   0.0003 Y      6070.801334  0 0.8294   467 | 0/9
 26 h-m-p  1.3255 8.0000   0.0002 C      6070.801334  0 0.3702   488 | 0/9
 27 h-m-p  0.3513 8.0000   0.0002 C      6070.801334  0 0.5527   509 | 0/9
 28 h-m-p  0.5363 8.0000   0.0002 C      6070.801334  0 0.8484   530 | 0/9
 29 h-m-p  0.8090 8.0000   0.0002 Y      6070.801334  0 1.4993   551 | 0/9
 30 h-m-p  1.3443 8.0000   0.0002 +Y     6070.801333  0 3.3980   573 | 0/9
 31 h-m-p  1.6000 8.0000   0.0003 +Y     6070.801327  0 7.1606   595 | 0/9
 32 h-m-p  0.1275 0.6377   0.0004 ++     6070.801325  m 0.6377   616 | 0/9
 33 h-m-p -0.0000 -0.0000   0.0005 
h-m-p:     -0.00000000e+00     -0.00000000e+00      5.28552437e-04  6070.801325
..  | 0/9
 34 h-m-p  0.0000 0.0229   0.0637 +C     6070.801325  0 0.0002   656 | 0/9
 35 h-m-p  0.0004 0.0208   0.0349 C      6070.801325  0 0.0005   677 | 0/9
 36 h-m-p  0.0006 0.0182   0.0324 Y      6070.801325  0 0.0004   698 | 0/9
 37 h-m-p  0.0002 0.0085   0.0667 Y      6070.801324  0 0.0004   719 | 0/9
 38 h-m-p  0.0010 0.0270   0.0255 Y      6070.801324  0 0.0002   740 | 0/9
 39 h-m-p  0.0004 0.0820   0.0128 C      6070.801324  0 0.0004   761 | 0/9
 40 h-m-p  0.0014 0.2616   0.0036 ++C    6070.801324  0 0.0317   784 | 0/9
 41 h-m-p  0.0826 0.4130   0.0001 ++     6070.801324  m 0.4130   805 | 0/9
 42 h-m-p -0.0000 -0.0000   0.0003 
h-m-p:     -0.00000000e+00     -0.00000000e+00      2.62194626e-04  6070.801324
..  | 0/9
 43 h-m-p  0.0002 0.1154   0.0088 C      6070.801324  0 0.0003   844 | 0/9
 44 h-m-p  0.0002 0.0627   0.0111 C      6070.801324  0 0.0002   865 | 0/9
 45 h-m-p  0.0004 0.0759   0.0058 +Y     6070.801324  0 0.0011   887 | 0/9
 46 h-m-p  0.0002 0.0123   0.0343 +Y     6070.801324  0 0.0006   909 | 0/9
 47 h-m-p  0.0007 0.0147   0.0277 C      6070.801324  0 0.0007   930 | 0/9
 48 h-m-p  0.0012 0.0274   0.0155 Y      6070.801324  0 0.0002   951 | 0/9
 49 h-m-p  0.1038 4.1862   0.0000 ++Y    6070.801324  0 2.2011   974 | 0/9
 50 h-m-p  0.0613 0.3063   0.0004 Y      6070.801324  0 0.0436   995 | 0/9
 51 h-m-p  0.3767 1.8833   0.0000 +Y     6070.801324  0 1.6894  1017 | 0/9
 52 h-m-p  0.0231 0.1154   0.0000 +Y     6070.801324  0 0.0923  1039 | 0/9
 53 h-m-p  0.0048 0.0238   0.0000 --C    6070.801324  0 0.0001  1062
Out..
lnL  = -6070.801324
1063 lfun, 9567 eigenQcodon, 51024 P(t)

Reconstructed ancestral states go into file rst.

lnL = -6070.801324 from ProbSitePattern.
Marginal reconstruction.
	Node   5: lnL = -6070.801324
	Node   6: lnL = -6070.801324
	Node   7: lnL = -6070.801324

warning: strange character '-' 
warning ambiguity in difcodonNG: --- CTC
warning: strange character '-' 
warning ambiguity in difcodonNG: --- GTA
warning: strange character '-' 
warning ambiguity in difcodonNG: --- ACA
warning: strange character '-' 
warning ambiguity in difcodonNG: --- GAA
warning: strange character '-' 
warning ambiguity in difcodonNG: --- GAC
warning: strange character '-' 
warning ambiguity in difcodonNG: --- GCG
warning: strange character '-' 
warning ambiguity in difcodonNG: --- CTC
warning: strange character '-' 
warning ambiguity in difcodonNG: --- GTA
warning: strange character '-' 
warning ambiguity in difcodonNG: --- TCC
warning: strange character '-' 
warning ambiguity in difcodonNG: CTC ---
warning: strange character '-' 
warning ambiguity in difcodonNG: CTC ---
warning: strange character '-' 
warning ambiguity in difcodonNG: ACA ---
warning: strange character '-' 
warning ambiguity in difcodonNG: GTA ---
warning: strange character '-' 
warning ambiguity in difcodonNG: GTA ---
warning: strange character '-' 
warning ambiguity in difcodonNG: TCC ---
warning: strange character '-' 
warning ambiguity in difcodonNG: GAA ---
warning: strange character '-' 
warning ambiguity in difcodonNG: GAC ---
warning: strange character '-' 
warning ambiguity in difcodonNG: GCG ---end of tree file.

Time used:  1:00
