
 15         verbose | verbose                1.00
  7         runmode | runmode                0.00
  4         seqtype | seqtype                1.00
 13       CodonFreq | CodonFreq              2.00
  9           clock | clock                  0.00
 18          aaDist | aaDist                 0.00
 19      aaRatefile | aaRatefile             1.00
 16           model | model                  0.00
 20         NSsites | NSsites                1.00
 22           icode | icode                  0.00
 23           Mgene | Mgene                  0.00
 24       fix_kappa | fix_kappa              0.00
 25           kappa | kappa                  2.00
 26       fix_omega | fix_omega              0.00
 27           omega | omega                  0.40
 28       fix_alpha | fix_alpha              1.00
 29           alpha | alpha                  0.00
 30          Malpha | Malpha                 0.00
 31           ncatG | ncatG                  8.00
 11           getSE | getSE                  0.00
 12    RateAncestor | RateAncestor           1.00
 36      Small_Diff | Small_Diff             0.00
  6       cleandata | cleandata              0.00
  8          method | method                 0.00
CODONML in paml version 4.8a, August 2014

----------------------------------------------
Phe F TTT | Ser S TCT | Tyr Y TAT | Cys C TGT
      TTC |       TCC |       TAC |       TGC
Leu L TTA |       TCA | *** * TAA | *** * TGA
      TTG |       TCG |       TAG | Trp W TGG
----------------------------------------------
Leu L CTT | Pro P CCT | His H CAT | Arg R CGT
      CTC |       CCC |       CAC |       CGC
      CTA |       CCA | Gln Q CAA |       CGA
      CTG |       CCG |       CAG |       CGG
----------------------------------------------
Ile I ATT | Thr T ACT | Asn N AAT | Ser S AGT
      ATC |       ACC |       AAC |       AGC
      ATA |       ACA | Lys K AAA | Arg R AGA
Met M ATG |       ACG |       AAG |       AGG
----------------------------------------------
Val V GTT | Ala A GCT | Asp D GAT | Gly G GGT
      GTC |       GCC |       GAC |       GGC
      GTA |       GCA | Glu E GAA |       GGA
      GTG |       GCG |       GAG |       GGG
----------------------------------------------
Nice code, uuh?


Ambiguity character definition table:

T (1): T 
C (1): C 
A (1): A 
G (1): G 
U (1): T 
Y (2): T C 
R (2): A G 
M (2): C A 
K (2): T G 
S (2): C G 
W (2): T A 
H (3): T C A 
B (3): T C G 
V (3): C A G 
D (3): T A G 
- (4): T C A G 
N (4): T C A G 
? (4): T C A G 

ns = 4  	ls = 2580
Reading sequences, interlaved format..
Reading seq # 1: A98     Reading seq # 2: A96     Reading seq # 3: A97     Reading seq # 4: A95     
block   1:     60     60     60     60
block   2:    120    120    120    120
block   3:    180    180    180    180
block   4:    240    240    240    240
block   5:    300    300    300    300
block   6:    360    360    360    360
block   7:    420    420    420    420
block   8:    480    480    480    480
block   9:    540    540    540    540
block  10:    600    600    600    600
block  11:    660    660    660    660
block  12:    720    720    720    720
block  13:    780    780    780    780
block  14:    840    840    840    840
block  15:    900    900    900    900
block  16:    960    960    960    960
block  17:   1020   1020   1020   1020
block  18:   1080   1080   1080   1080
block  19:   1140   1140   1140   1140
block  20:   1200   1200   1200   1200
block  21:   1260   1260   1260   1260
block  22:   1320   1320   1320   1320
block  23:   1380   1380   1380   1380
block  24:   1440   1440   1440   1440
block  25:   1500   1500   1500   1500
block  26:   1560   1560   1560   1560
block  27:   1620   1620   1620   1620
block  28:   1680   1680   1680   1680
block  29:   1740   1740   1740   1740
block  30:   1800   1800   1800   1800
block  31:   1860   1860   1860   1860
block  32:   1920   1920   1920   1920
block  33:   1980   1980   1980   1980
block  34:   2040   2040   2040   2040
block  35:   2100   2100   2100   2100
block  36:   2160   2160   2160   2160
block  37:   2220   2220   2220   2220
block  38:   2280   2280   2280   2280
block  39:   2340   2340   2340   2340
block  40:   2400   2400   2400   2400
block  41:   2460   2460   2460   2460
block  42:   2520   2520   2520   2520
block  43:   2580   2580   2580   2580
Sequences read..
Counting site patterns..  0:00
         339 patterns at      860 /      860 sites (100.0%),  0:00
1 ambiguous codons are seen in the data:
 ---
Counting codons..

  2   1:Sites   601.5 + 1972.5 = 2574.0	Diffs    55.2 +  161.8 =  217.0
  3   1:Sites   599.6 + 1971.4 = 2571.0	Diffs    60.9 +  150.1 =  211.0
  3   2:Sites   597.6 + 1973.4 = 2571.0	Diffs    78.7 +  181.2 =  260.0
  4   1:Sites   603.8 + 1964.2 = 2568.0	Diffs    69.6 +  167.4 =  237.0
  4   2:Sites   599.3 + 1962.7 = 2562.0	Diffs    93.8 +  234.2 =  328.0
  4   3:Sites   597.5 + 1961.5 = 2559.0	Diffs    78.0 +  182.0 =  260.0

       48 bytes for distance
   330864 bytes for conP
     5424 bytes for fhK
  5000000 bytes for space

TREE #  1
(((2, 1), 4), 3);   MP score: -1
This is a rooted tree, without clock.  Check.

   496296 bytes for conP, adjusted

    0.021310    0.028083    0.182074    0.086263    0.196625    0.110293    2.000000    0.654804    0.337971

ntime & nrate & np:     6     2     9

Bounds (np=9):
   0.000004   0.000004   0.000004   0.000004   0.000004   0.000004   0.000100   0.000010   0.000001
  50.000000  50.000000  50.000000  50.000000  50.000000  50.000000 999.000000   0.999990   1.000000
Qfactor_NS = 6.952219

np =     9
lnL0 = -6155.626167

Iterating by ming2
Initial: fx=  6155.626167
x=  0.02131  0.02808  0.18207  0.08626  0.19662  0.11029  2.00000  0.65480  0.33797

  1 h-m-p  0.0000 0.0006 1347.9185 +YYCCC  6124.212004  4 0.0001    21 | 0/9
  2 h-m-p  0.0001 0.0005 261.3778 +YCYCCC  6113.150871  5 0.0003    42 | 0/9
  3 h-m-p  0.0002 0.0009 389.7682 +YYYCC  6088.069112  4 0.0007    60 | 0/9
  4 h-m-p  0.0000 0.0001 535.3638 +YCC   6082.561608  2 0.0001    76 | 0/9
  5 h-m-p  0.0000 0.0001 112.4535 ++     6081.308541  m 0.0001    88 | 0/9
  6 h-m-p -0.0000 -0.0000 109.3487 
h-m-p:     -7.45459718e-21     -3.72729859e-20      1.09348714e+02  6081.308541
..  | 0/9
  7 h-m-p  0.0000 0.0005 249.8063 ++YCCCC  6072.910693  4 0.0003   118 | 0/9
  8 h-m-p  0.0000 0.0001 286.4409 ++     6070.363582  m 0.0001   130 | 1/9
  9 h-m-p  0.0001 0.0005 264.6585 YCCC   6068.577672  3 0.0001   147 | 1/9
 10 h-m-p  0.0006 0.0028  41.4905 CCC    6068.447613  2 0.0002   163 | 1/9
 11 h-m-p  0.0008 0.0342   9.0004 CC     6068.420216  1 0.0007   177 | 1/9
 12 h-m-p  0.0019 0.2815   3.2628 YC     6068.413181  1 0.0010   190 | 1/9
 13 h-m-p  0.0011 0.5360   5.8395 +CC    6068.361459  1 0.0045   205 | 1/9
 14 h-m-p  0.0022 0.1829  11.8887 +CCC   6068.188416  2 0.0082   222 | 1/9
 15 h-m-p  0.7006 6.1761   0.1395 YCCC   6066.889367  3 0.5081   239 | 1/9
 16 h-m-p  1.6000 8.0000   0.0082 YC     6066.856159  1 1.1305   260 | 1/9
 17 h-m-p  1.6000 8.0000   0.0011 YC     6066.854678  1 1.1275   281 | 1/9
 18 h-m-p  1.6000 8.0000   0.0003 Y      6066.854664  0 1.0704   301 | 1/9
 19 h-m-p  1.6000 8.0000   0.0000 Y      6066.854664  0 1.0289   321 | 1/9
 20 h-m-p  1.6000 8.0000   0.0000 Y      6066.854664  0 1.6000   341 | 1/9
 21 h-m-p  1.5717 8.0000   0.0000 --------------Y  6066.854664  0 0.0000   375
Out..
lnL  = -6066.854664
376 lfun, 1128 eigenQcodon, 4512 P(t)

Reconstructed ancestral states go into file rst.

lnL = -6066.854664 from ProbSitePattern.
Marginal reconstruction.
	Node   5: lnL = -6066.854664
	Node   6: lnL = -6066.854664
	Node   7: lnL = -6066.854664

warning: strange character '-' 
warning ambiguity in difcodonNG: --- CTC
warning: strange character '-' 
warning ambiguity in difcodonNG: --- GTA
warning: strange character '-' 
warning ambiguity in difcodonNG: --- ACA
warning: strange character '-' 
warning ambiguity in difcodonNG: --- GAA
warning: strange character '-' 
warning ambiguity in difcodonNG: --- GAC
warning: strange character '-' 
warning ambiguity in difcodonNG: --- GCG
warning: strange character '-' 
warning ambiguity in difcodonNG: --- CTC
warning: strange character '-' 
warning ambiguity in difcodonNG: --- GTA
warning: strange character '-' 
warning ambiguity in difcodonNG: --- TCC
warning: strange character '-' 
warning ambiguity in difcodonNG: CTC ---
warning: strange character '-' 
warning ambiguity in difcodonNG: CTC ---
warning: strange character '-' 
warning ambiguity in difcodonNG: ACA ---
warning: strange character '-' 
warning ambiguity in difcodonNG: GTA ---
warning: strange character '-' 
warning ambiguity in difcodonNG: GTA ---
warning: strange character '-' 
warning ambiguity in difcodonNG: TCC ---
warning: strange character '-' 
warning ambiguity in difcodonNG: GAA ---
warning: strange character '-' 
warning ambiguity in difcodonNG: GAC ---
warning: strange character '-' 
warning ambiguity in difcodonNG: GCG ---end of tree file.

Time used:  0:06
