
 15         verbose | verbose                1.00
  7         runmode | runmode                0.00
  4         seqtype | seqtype                1.00
 13       CodonFreq | CodonFreq              2.00
  9           clock | clock                  0.00
 18          aaDist | aaDist                 0.00
 19      aaRatefile | aaRatefile             1.00
 16           model | model                  0.00
 20         NSsites | NSsites                1.00
 22           icode | icode                  0.00
 23           Mgene | Mgene                  0.00
 24       fix_kappa | fix_kappa              0.00
 25           kappa | kappa                  2.00
 26       fix_omega | fix_omega              0.00
 27           omega | omega                  0.40
 28       fix_alpha | fix_alpha              1.00
 29           alpha | alpha                  0.00
 30          Malpha | Malpha                 0.00
 31           ncatG | ncatG                  8.00
 11           getSE | getSE                  0.00
 12    RateAncestor | RateAncestor           1.00
 36      Small_Diff | Small_Diff             0.00
  6       cleandata | cleandata              0.00
  8          method | method                 0.00
CODONML in paml version 4.8a, August 2014

----------------------------------------------
Phe F TTT | Ser S TCT | Tyr Y TAT | Cys C TGT
      TTC |       TCC |       TAC |       TGC
Leu L TTA |       TCA | *** * TAA | *** * TGA
      TTG |       TCG |       TAG | Trp W TGG
----------------------------------------------
Leu L CTT | Pro P CCT | His H CAT | Arg R CGT
      CTC |       CCC |       CAC |       CGC
      CTA |       CCA | Gln Q CAA |       CGA
      CTG |       CCG |       CAG |       CGG
----------------------------------------------
Ile I ATT | Thr T ACT | Asn N AAT | Ser S AGT
      ATC |       ACC |       AAC |       AGC
      ATA |       ACA | Lys K AAA | Arg R AGA
Met M ATG |       ACG |       AAG |       AGG
----------------------------------------------
Val V GTT | Ala A GCT | Asp D GAT | Gly G GGT
      GTC |       GCC |       GAC |       GGC
      GTA |       GCA | Glu E GAA |       GGA
      GTG |       GCG |       GAG |       GGG
----------------------------------------------
Nice code, uuh?


Ambiguity character definition table:

T (1): T 
C (1): C 
A (1): A 
G (1): G 
U (1): T 
Y (2): T C 
R (2): A G 
M (2): C A 
K (2): T G 
S (2): C G 
W (2): T A 
H (3): T C A 
B (3): T C G 
V (3): C A G 
D (3): T A G 
- (4): T C A G 
N (4): T C A G 
? (4): T C A G 

ns = 3  	ls = 870
Reading sequences, interlaved format..
Reading seq # 1: A114     Reading seq # 2: A115     Reading seq # 3: A116     
block   1:     60     60     60
block   2:    120    120    120
block   3:    180    180    180
block   4:    240    240    240
block   5:    300    300    300
block   6:    360    360    360
block   7:    420    420    420
block   8:    480    480    480
block   9:    540    540    540
block  10:    600    600    600
block  11:    660    660    660
block  12:    720    720    720
block  13:    780    780    780
block  14:    840    840    840
block  15:    870    870    870
Sequences read..
Counting site patterns..  0:00
         170 patterns at      290 /      290 sites (100.0%),  0:00
1 ambiguous codons are seen in the data:
 ---
Counting codons..

  2   1:Sites   198.8 +  581.2 =  780.0	Diffs    30.5 +   34.5 =   65.0
  3   1:Sites   198.6 +  581.4 =  780.0	Diffs    56.8 +   70.2 =  127.0
  3   2:Sites   198.8 +  581.2 =  780.0	Diffs    48.3 +   56.7 =  105.0

       24 bytes for distance
   165920 bytes for conP
     2720 bytes for fhK
  5000000 bytes for space

TREE #  1
((2, 1), 3);   MP score: -1
This is a rooted tree, without clock.  Check.

    0.180555    0.079052    0.190431    0.198552    2.000000    0.861151    0.544920

ntime & nrate & np:     4     2     7

Bounds (np=7):
   0.000004   0.000004   0.000004   0.000004   0.000100   0.000010   0.000001
  50.000000  50.000000  50.000000  50.000000 999.000000   0.999990   1.000000
Qfactor_NS = 5.771256

np =     7
lnL0 = -1815.207983

Iterating by ming2
Initial: fx=  1815.207983
x=  0.18056  0.07905  0.19043  0.19855  2.00000  0.86115  0.54492

  1 h-m-p  0.0000 0.0202  25.3123 ++++YCCC  1813.789707  3 0.0046    21 | 0/7
  2 h-m-p  0.0006 0.0029 142.8308 CYCCCC  1812.105962  5 0.0009    40 | 0/7
  3 h-m-p  0.0051 0.0256  17.3271 CCCC   1811.498189  3 0.0054    56 | 0/7
  4 h-m-p  0.0012 0.0059  65.0701 +YCCC  1810.089299  3 0.0036    72 | 0/7
  5 h-m-p  0.0488 0.2438   3.7101 -YC    1810.042160  1 0.0057    84 | 0/7
  6 h-m-p  0.0016 0.4505  13.1455 ++YCCC  1808.965995  3 0.0411   101 | 0/7
  7 h-m-p  0.5494 2.7470   0.3766 CCC    1808.533741  2 0.5729   115 | 0/7
  8 h-m-p  1.6000 8.0000   0.0172 YC     1808.514282  1 1.0563   133 | 0/7
  9 h-m-p  1.6000 8.0000   0.0095 CC     1808.509375  1 1.4367   152 | 0/7
 10 h-m-p  1.6000 8.0000   0.0060 YC     1808.509102  1 1.0320   170 | 0/7
 11 h-m-p  1.6000 8.0000   0.0003 Y      1808.509100  0 1.1291   187 | 0/7
 12 h-m-p  1.6000 8.0000   0.0000 Y      1808.509100  0 1.0020   204 | 0/7
 13 h-m-p  1.6000 8.0000   0.0000 Y      1808.509100  0 1.1680   221 | 0/7
 14 h-m-p  1.6000 8.0000   0.0000 ---C   1808.509100  0 0.0063   241
Out..
lnL  = -1808.509100
242 lfun, 726 eigenQcodon, 1936 P(t)

Reconstructed ancestral states go into file rst.

lnL = -1808.509100 from ProbSitePattern.
Marginal reconstruction.
	Node   4: lnL = -1808.509100
	Node   5: lnL = -1808.509100

warning: strange character '-' 
warning ambiguity in difcodonNG: --- GCT
warning: strange character '-' 
warning ambiguity in difcodonNG: --- GCT
warning: strange character '-' 
warning ambiguity in difcodonNG: --- GAT
warning: strange character '-' 
warning ambiguity in difcodonNG: --- GAG
warning: strange character '-' 
warning ambiguity in difcodonNG: --- GAG
warning: strange character '-' 
warning ambiguity in difcodonNG: --- GTG
warning: strange character '-' 
warning ambiguity in difcodonNG: --- AGA
warning: strange character '-' 
warning ambiguity in difcodonNG: --- GGA
warning: strange character '-' 
warning ambiguity in difcodonNG: --- TAC
warning: strange character '-' 
warning ambiguity in difcodonNG: --- AAA
warning: strange character '-' 
warning ambiguity in difcodonNG: --- AAG
warning: strange character '-' 
warning ambiguity in difcodonNG: --- GAA
warning: strange character '-' 
warning ambiguity in difcodonNG: --- GAA
warning: strange character '-' 
warning ambiguity in difcodonNG: --- ATT
warning: strange character '-' 
warning ambiguity in difcodonNG: --- AAT
warning: strange character '-' 
warning ambiguity in difcodonNG: --- CAA
warning: strange character '-' 
warning ambiguity in difcodonNG: --- GTA
warning: strange character '-' 
warning ambiguity in difcodonNG: --- GCA
warning: strange character '-' 
warning ambiguity in difcodonNG: --- GGG
warning: strange character '-' 
warning ambiguity in difcodonNG: --- ACA
warning: strange character '-' 
warning ambiguity in difcodonNG: --- AAA
warning: strange character '-' 
warning ambiguity in difcodonNG: --- AAA
warning: strange character '-' 
warning ambiguity in difcodonNG: --- GGT
warning: strange character '-' 
warning ambiguity in difcodonNG: --- CAT
warning: strange character '-' 
warning ambiguity in difcodonNG: --- GAG
warning: strange character '-' 
warning ambiguity in difcodonNG: --- GCA
warning: strange character '-' 
warning ambiguity in difcodonNG: --- AAT
warning: strange character '-' 
warning ambiguity in difcodonNG: --- CAA
warning: strange character '-' 
warning ambiguity in difcodonNG: --- ACA
warning: strange character '-' 
warning ambiguity in difcodonNG: --- ACC
warning: strange character '-' 
warning ambiguity in difcodonNG: --- GCT
warning: strange character '-' 
warning ambiguity in difcodonNG: --- GCT
warning: strange character '-' 
warning ambiguity in difcodonNG: --- GAT
warning: strange character '-' 
warning ambiguity in difcodonNG: --- GAG
warning: strange character '-' 
warning ambiguity in difcodonNG: --- GAG
warning: strange character '-' 
warning ambiguity in difcodonNG: --- GTG
warning: strange character '-' 
warning ambiguity in difcodonNG: --- AGA
warning: strange character '-' 
warning ambiguity in difcodonNG: --- GGA
warning: strange character '-' 
warning ambiguity in difcodonNG: --- TAC
warning: strange character '-' 
warning ambiguity in difcodonNG: --- AAA
warning: strange character '-' 
warning ambiguity in difcodonNG: --- AAG
warning: strange character '-' 
warning ambiguity in difcodonNG: --- GAA
warning: strange character '-' 
warning ambiguity in difcodonNG: --- GAA
warning: strange character '-' 
warning ambiguity in difcodonNG: --- ATT
warning: strange character '-' 
warning ambiguity in difcodonNG: --- AAT
warning: strange character '-' 
warning ambiguity in difcodonNG: --- CAA
warning: strange character '-' 
warning ambiguity in difcodonNG: --- GTA
warning: strange character '-' 
warning ambiguity in difcodonNG: --- GCA
warning: strange character '-' 
warning ambiguity in difcodonNG: --- GGG
warning: strange character '-' 
warning ambiguity in difcodonNG: --- ACA
warning: strange character '-' 
warning ambiguity in difcodonNG: --- AAA
warning: strange character '-' 
warning ambiguity in difcodonNG: --- AAA
warning: strange character '-' 
warning ambiguity in difcodonNG: --- GGT
warning: strange character '-' 
warning ambiguity in difcodonNG: --- CAT
warning: strange character '-' 
warning ambiguity in difcodonNG: --- GAG
warning: strange character '-' 
warning ambiguity in difcodonNG: --- GCA
warning: strange character '-' 
warning ambiguity in difcodonNG: --- AAT
warning: strange character '-' 
warning ambiguity in difcodonNG: --- CAA
warning: strange character '-' 
warning ambiguity in difcodonNG: --- ACA
warning: strange character '-' 
warning ambiguity in difcodonNG: --- ACC
warning: strange character '-' 
warning ambiguity in difcodonNG: GCT ---
warning: strange character '-' 
warning ambiguity in difcodonNG: GCT ---
warning: strange character '-' 
warning ambiguity in difcodonNG: GCT ---
warning: strange character '-' 
warning ambiguity in difcodonNG: GCT ---
warning: strange character '-' 
warning ambiguity in difcodonNG: GAT ---
warning: strange character '-' 
warning ambiguity in difcodonNG: GAT ---
warning: strange character '-' 
warning ambiguity in difcodonNG: GAG ---
warning: strange character '-' 
warning ambiguity in difcodonNG: GAG ---
warning: strange character '-' 
warning ambiguity in difcodonNG: GAG ---
warning: strange character '-' 
warning ambiguity in difcodonNG: GAG ---
warning: strange character '-' 
warning ambiguity in difcodonNG: GTG ---
warning: strange character '-' 
warning ambiguity in difcodonNG: GTG ---
warning: strange character '-' 
warning ambiguity in difcodonNG: AGA ---
warning: strange character '-' 
warning ambiguity in difcodonNG: AGA ---
warning: strange character '-' 
warning ambiguity in difcodonNG: GGA ---
warning: strange character '-' 
warning ambiguity in difcodonNG: GGA ---
warning: strange character '-' 
warning ambiguity in difcodonNG: TAC ---
warning: strange character '-' 
warning ambiguity in difcodonNG: TAC ---
warning: strange character '-' 
warning ambiguity in difcodonNG: AAA ---
warning: strange character '-' 
warning ambiguity in difcodonNG: AAA ---
warning: strange character '-' 
warning ambiguity in difcodonNG: AAG ---
warning: strange character '-' 
warning ambiguity in difcodonNG: AAG ---
warning: strange character '-' 
warning ambiguity in difcodonNG: GAA ---
warning: strange character '-' 
warning ambiguity in difcodonNG: GAA ---
warning: strange character '-' 
warning ambiguity in difcodonNG: GAA ---
warning: strange character '-' 
warning ambiguity in difcodonNG: GAA ---
warning: strange character '-' 
warning ambiguity in difcodonNG: ATT ---
warning: strange character '-' 
warning ambiguity in difcodonNG: ATT ---
warning: strange character '-' 
warning ambiguity in difcodonNG: AAT ---
warning: strange character '-' 
warning ambiguity in difcodonNG: AAT ---
warning: strange character '-' 
warning ambiguity in difcodonNG: CAA ---
warning: strange character '-' 
warning ambiguity in difcodonNG: CAA ---
warning: strange character '-' 
warning ambiguity in difcodonNG: GTA ---
warning: strange character '-' 
warning ambiguity in difcodonNG: GTA ---
warning: strange character '-' 
warning ambiguity in difcodonNG: GCA ---
warning: strange character '-' 
warning ambiguity in difcodonNG: GCA ---
warning: strange character '-' 
warning ambiguity in difcodonNG: GGG ---
warning: strange character '-' 
warning ambiguity in difcodonNG: GGG ---
warning: strange character '-' 
warning ambiguity in difcodonNG: ACA ---
warning: strange character '-' 
warning ambiguity in difcodonNG: ACA ---
warning: strange character '-' 
warning ambiguity in difcodonNG: AAA ---
warning: strange character '-' 
warning ambiguity in difcodonNG: AAA ---
warning: strange character '-' 
warning ambiguity in difcodonNG: AAA ---
warning: strange character '-' 
warning ambiguity in difcodonNG: AAA ---
warning: strange character '-' 
warning ambiguity in difcodonNG: GGT ---
warning: strange character '-' 
warning ambiguity in difcodonNG: GGT ---
warning: strange character '-' 
warning ambiguity in difcodonNG: CAT ---
warning: strange character '-' 
warning ambiguity in difcodonNG: CAT ---
warning: strange character '-' 
warning ambiguity in difcodonNG: GAG ---
warning: strange character '-' 
warning ambiguity in difcodonNG: GAG ---
warning: strange character '-' 
warning ambiguity in difcodonNG: GCA ---
warning: strange character '-' 
warning ambiguity in difcodonNG: GCA ---
warning: strange character '-' 
warning ambiguity in difcodonNG: AAT ---
warning: strange character '-' 
warning ambiguity in difcodonNG: AAT ---
warning: strange character '-' 
warning ambiguity in difcodonNG: CAA ---
warning: strange character '-' 
warning ambiguity in difcodonNG: CAA ---
warning: strange character '-' 
warning ambiguity in difcodonNG: ACA ---
warning: strange character '-' 
warning ambiguity in difcodonNG: ACA ---
warning: strange character '-' 
warning ambiguity in difcodonNG: ACC ---
warning: strange character '-' 
warning ambiguity in difcodonNG: ACC ---end of tree file.

Time used:  0:02
