
 15         verbose | verbose                1.00
  7         runmode | runmode                0.00
  4         seqtype | seqtype                1.00
 13       CodonFreq | CodonFreq              2.00
  9           clock | clock                  0.00
 18          aaDist | aaDist                 0.00
 19      aaRatefile | aaRatefile             1.00
 16           model | model                  0.00
 20         NSsites | NSsites                8.00
 22           icode | icode                  0.00
 23           Mgene | Mgene                  0.00
 24       fix_kappa | fix_kappa              0.00
 25           kappa | kappa                  2.00
 26       fix_omega | fix_omega              0.00
 27           omega | omega                  0.40
 28       fix_alpha | fix_alpha              1.00
 29           alpha | alpha                  0.00
 30          Malpha | Malpha                 0.00
 31           ncatG | ncatG                  8.00
 11           getSE | getSE                  0.00
 12    RateAncestor | RateAncestor           1.00
 36      Small_Diff | Small_Diff             0.00
  6       cleandata | cleandata              0.00
  8          method | method                 0.00
CODONML in paml version 4.8a, August 2014

----------------------------------------------
Phe F TTT | Ser S TCT | Tyr Y TAT | Cys C TGT
      TTC |       TCC |       TAC |       TGC
Leu L TTA |       TCA | *** * TAA | *** * TGA
      TTG |       TCG |       TAG | Trp W TGG
----------------------------------------------
Leu L CTT | Pro P CCT | His H CAT | Arg R CGT
      CTC |       CCC |       CAC |       CGC
      CTA |       CCA | Gln Q CAA |       CGA
      CTG |       CCG |       CAG |       CGG
----------------------------------------------
Ile I ATT | Thr T ACT | Asn N AAT | Ser S AGT
      ATC |       ACC |       AAC |       AGC
      ATA |       ACA | Lys K AAA | Arg R AGA
Met M ATG |       ACG |       AAG |       AGG
----------------------------------------------
Val V GTT | Ala A GCT | Asp D GAT | Gly G GGT
      GTC |       GCC |       GAC |       GGC
      GTA |       GCA | Glu E GAA |       GGA
      GTG |       GCG |       GAG |       GGG
----------------------------------------------
Nice code, uuh?


Ambiguity character definition table:

T (1): T 
C (1): C 
A (1): A 
G (1): G 
U (1): T 
Y (2): T C 
R (2): A G 
M (2): C A 
K (2): T G 
S (2): C G 
W (2): T A 
H (3): T C A 
B (3): T C G 
V (3): C A G 
D (3): T A G 
- (4): T C A G 
N (4): T C A G 
? (4): T C A G 

ns = 3  	ls = 870
Reading sequences, interlaved format..
Reading seq # 1: A114     Reading seq # 2: A115     Reading seq # 3: A116     
block   1:     60     60     60
block   2:    120    120    120
block   3:    180    180    180
block   4:    240    240    240
block   5:    300    300    300
block   6:    360    360    360
block   7:    420    420    420
block   8:    480    480    480
block   9:    540    540    540
block  10:    600    600    600
block  11:    660    660    660
block  12:    720    720    720
block  13:    780    780    780
block  14:    840    840    840
block  15:    870    870    870
Sequences read..
Counting site patterns..  0:00
         170 patterns at      290 /      290 sites (100.0%),  0:00
1 ambiguous codons are seen in the data:
 ---
Counting codons..

  2   1:Sites   198.8 +  581.2 =  780.0	Diffs    30.5 +   34.5 =   65.0
  3   1:Sites   198.6 +  581.4 =  780.0	Diffs    56.8 +   70.2 =  127.0
  3   2:Sites   198.8 +  581.2 =  780.0	Diffs    48.3 +   56.7 =  105.0

       24 bytes for distance
   165920 bytes for conP
    12240 bytes for fhK
  5000000 bytes for space

TREE #  1
((2, 1), 3);   MP score: -1
This is a rooted tree, without clock.  Check.

initial w for M8:NSbetaw>1 reset.

    0.180555    0.079052    0.190431    0.198552    2.000000    0.900000    1.102878    1.889840    2.387011

ntime & nrate & np:     4     2     9

Bounds (np=9):
   0.000004   0.000004   0.000004   0.000004   0.000100   0.000010   0.005000   0.005000   1.000000
  50.000000  50.000000  50.000000  50.000000 999.000000   0.999990  99.000000  99.000000 999.000000
Qfactor_NS = 6.008496

np =     9
lnL0 = -1809.997750

Iterating by ming2
Initial: fx=  1809.997750
x=  0.18056  0.07905  0.19043  0.19855  2.00000  0.90000  1.10288  1.88984  2.38701

  1 h-m-p  0.0000 0.0053  39.0270 +++YCCC  1809.228144  3 0.0010    22 | 0/9
  2 h-m-p  0.0014 0.0070  18.6566 YCCC   1809.111725  3 0.0008    39 | 0/9
  3 h-m-p  0.0024 0.0228   5.9710 YCCC   1809.043647  3 0.0042    56 | 0/9
  4 h-m-p  0.0030 0.2101   8.4056 +YCC   1808.630443  2 0.0252    72 | 0/9
  5 h-m-p  0.0021 0.0159  98.7047 CCC    1808.214599  2 0.0023    88 | 0/9
  6 h-m-p  0.1837 8.0000   1.2111 YCCC   1808.146551  3 0.1024   105 | 0/9
  7 h-m-p  1.1045 8.0000   0.1123 CYC    1808.133372  2 1.3003   120 | 0/9
  8 h-m-p  1.6000 8.0000   0.0627 YCCC   1808.123847  3 3.3721   146 | 0/9
  9 h-m-p  1.6000 8.0000   0.1312 CCC    1808.116932  2 2.1466   171 | 0/9
 10 h-m-p  1.6000 8.0000   0.0273 CC     1808.115549  1 0.5994   194 | 0/9
 11 h-m-p  0.2827 8.0000   0.0580 +C     1808.115024  0 1.3575   216 | 0/9
 12 h-m-p  1.6000 8.0000   0.0110 C      1808.114979  0 2.3092   237 | 0/9
 13 h-m-p  1.6000 8.0000   0.0078 ++     1808.114719  m 8.0000   258 | 0/9
 14 h-m-p  0.0910 8.0000   0.6888 +YC    1808.113348  1 0.7556   281 | 0/9
 15 h-m-p  1.6000 8.0000   0.2360 CCC    1808.112262  2 2.6143   306 | 0/9
 16 h-m-p  1.6000 8.0000   0.2455 YC     1808.111119  1 1.0566   328 | 0/9
 17 h-m-p  0.7193 8.0000   0.3607 +YC    1808.110227  1 1.8302   351 | 0/9
 18 h-m-p  1.3674 8.0000   0.4827 CC     1808.109538  1 1.7905   374 | 0/9
 19 h-m-p  1.6000 8.0000   0.3143 C      1808.108912  0 1.6000   395 | 0/9
 20 h-m-p  0.4840 8.0000   1.0389 YC     1808.108174  1 1.0617   417 | 0/9
 21 h-m-p  1.5832 8.0000   0.6967 C      1808.107775  0 1.5832   429 | 0/9
 22 h-m-p  1.6000 8.0000   0.3632 C      1808.107295  0 1.6000   450 | 0/9
 23 h-m-p  0.4171 8.0000   1.3931 +Y     1808.106693  0 1.6685   472 | 0/9
 24 h-m-p  1.6000 8.0000   0.5019 C      1808.106293  0 1.6000   484 | 0/9
 25 h-m-p  0.6818 8.0000   1.1778 +YC    1808.105848  1 2.0439   507 | 0/9
 26 h-m-p  1.6000 8.0000   1.1512 YC     1808.105405  1 2.6691   520 | 0/9
 27 h-m-p  1.6000 8.0000   1.1755 YC     1808.105064  1 2.8832   533 | 0/9
 28 h-m-p  0.8511 8.0000   3.9820 Y      1808.104997  0 0.3497   545 | 0/9
 29 h-m-p  0.5875 8.0000   2.3699 YC     1808.104827  1 1.3862   558 | 0/9
 30 h-m-p  1.6000 8.0000   1.5865 C      1808.104698  0 2.4106   570 | 0/9
 31 h-m-p  1.6000 8.0000   1.6448 C      1808.104595  0 2.3608   582 | 0/9
 32 h-m-p  0.5655 8.0000   6.8670 C      1808.104538  0 0.5655   594 | 0/9
 33 h-m-p  1.4228 8.0000   2.7291 C      1808.104488  0 1.4985   606 | 0/9
 34 h-m-p  1.6000 8.0000   1.8029 ++     1808.104416  m 8.0000   618 | 0/9
 35 h-m-p  0.6053 3.0265  16.1883 Y      1808.104383  0 0.3674   630 | 0/9
 36 h-m-p  1.6000 8.0000   2.8358 Y      1808.104370  0 1.2196   642 | 0/9
 37 h-m-p  0.9421 8.0000   3.6711 Y      1808.104362  0 2.2064   654 | 0/9
 38 h-m-p  1.6000 8.0000   2.6162 C      1808.104344  0 1.9765   666 | 0/9
 39 h-m-p  0.8070 4.1068   6.4078 Y      1808.104331  0 1.7145   678 | 0/9
 40 h-m-p  0.9496 4.7480   3.2287 ++     1808.104316  m 4.7480   690 | 0/9
 41 h-m-p  0.0000 0.0000  22.4428 
h-m-p:      0.00000000e+00      0.00000000e+00      2.24427745e+01  1808.104316
..  | 0/9
 42 h-m-p  0.0086 4.3082   0.0398 -Y     1808.104316  0 0.0010   712 | 0/9
 43 h-m-p  0.0160 8.0000   0.0282 -C     1808.104315  0 0.0011   734 | 0/9
 44 h-m-p  0.0160 8.0000   0.0088 -Y     1808.104315  0 0.0018   756 | 0/9
 45 h-m-p  0.0160 8.0000   0.0025 C      1808.104315  0 0.0239   777 | 0/9
 46 h-m-p  0.0160 8.0000   0.0387 Y      1808.104314  0 0.0276   798 | 0/9
 47 h-m-p  0.3046 8.0000   0.0035 +C     1808.104310  0 1.3753   820 | 0/9
 48 h-m-p  1.5821 8.0000   0.0030 ++     1808.104280  m 8.0000   841 | 0/9
 49 h-m-p  0.0405 8.0000   0.6022 ++CC   1808.103927  1 0.9653   866 | 0/9
 50 h-m-p  1.6000 8.0000   0.0078 Y      1808.103925  0 1.0222   887 | 0/9
 51 h-m-p  1.6000 8.0000   0.0040 Y      1808.103925  0 0.9918   908 | 0/9
 52 h-m-p  1.6000 8.0000   0.0001 Y      1808.103925  0 1.0430   929 | 0/9
 53 h-m-p  1.6000 8.0000   0.0000 ++     1808.103925  m 8.0000   950 | 0/9
 54 h-m-p  0.1465 8.0000   0.0002 ++C    1808.103925  0 2.5366   973 | 0/9
 55 h-m-p  1.6000 8.0000   0.0002 ++     1808.103925  m 8.0000   994 | 0/9
 56 h-m-p  0.0029 0.3005   0.6792 ++++   1808.103924  m 0.3005  1017 | 1/9
 57 h-m-p  1.1342 8.0000   0.0630 --Y    1808.103924  0 0.0322  1040 | 1/9
 58 h-m-p  0.6863 8.0000   0.0030 Y      1808.103924  0 1.5087  1060 | 1/9
 59 h-m-p  1.6000 8.0000   0.0001 Y      1808.103924  0 1.1070  1080 | 1/9
 60 h-m-p  1.6000 8.0000   0.0000 C      1808.103924  0 1.6000  1100 | 1/9
 61 h-m-p  1.6000 8.0000   0.0000 ---C   1808.103924  0 0.0063  1123
Out..
lnL  = -1808.103924
1124 lfun, 11240 eigenQcodon, 40464 P(t)

BEBing (dim = 4).  This may take several minutes.
Calculating f(x_h|w): 10 categories 20 w sets.
S10 w log{f(x|w)}:    0.0500     -8.740291
S10 w log{f(x|w)}:    0.1500     -7.724961
S10 w log{f(x|w)}:    0.2500     -7.296875
S10 w log{f(x|w)}:    0.3500     -7.042594
S10 w log{f(x|w)}:    0.4500     -6.872918
S10 w log{f(x|w)}:    0.5500     -6.753329
S10 w log{f(x|w)}:    0.6500     -6.666794
S10 w log{f(x|w)}:    0.7500     -6.603646
S10 w log{f(x|w)}:    0.8500     -6.557865
S10 w log{f(x|w)}:    0.9500     -6.525446
S10 w log{f(x|w)}:    1.5000     -6.491663
S10 w log{f(x|w)}:    2.5000     -6.703057
S10 w log{f(x|w)}:    3.5000     -7.026479
S10 w log{f(x|w)}:    4.5000     -7.372397
S10 w log{f(x|w)}:    5.5000     -7.708160
S10 w log{f(x|w)}:    6.5000     -8.020433
S10 w log{f(x|w)}:    7.5000     -8.304404
S10 w log{f(x|w)}:    8.5000     -8.559383
S10 w log{f(x|w)}:    9.5000     -8.786648
S10 w log{f(x|w)}:   10.5000     -8.988337
Calculating f(X), the marginal probability of data.
	log(fX) = -1812.520373  S = -1677.213625  -130.923305
Calculating f(w|X), posterior probabilities of site classes.
	did  10 / 170 patterns   0:39	did  20 / 170 patterns   0:39	did  30 / 170 patterns   0:40	did  40 / 170 patterns   0:40	did  50 / 170 patterns   0:40	did  60 / 170 patterns   0:40	did  70 / 170 patterns   0:41	did  80 / 170 patterns   0:41	did  90 / 170 patterns   0:41	did 100 / 170 patterns   0:42	did 110 / 170 patterns   0:42	did 120 / 170 patterns   0:42	did 130 / 170 patterns   0:42	did 140 / 170 patterns   0:43	did 150 / 170 patterns   0:43	did 160 / 170 patterns   0:43	did 170 / 170 patterns   0:43
Reconstructed ancestral states go into file rst.

lnL = -1808.103924 from ProbSitePattern.
Marginal reconstruction.
	Node   4: lnL = -1808.103924
	Node   5: lnL = -1808.103924

warning: strange character '-' 
warning ambiguity in difcodonNG: --- GCT
warning: strange character '-' 
warning ambiguity in difcodonNG: --- GCT
warning: strange character '-' 
warning ambiguity in difcodonNG: --- GAT
warning: strange character '-' 
warning ambiguity in difcodonNG: --- GAG
warning: strange character '-' 
warning ambiguity in difcodonNG: --- GAG
warning: strange character '-' 
warning ambiguity in difcodonNG: --- GTG
warning: strange character '-' 
warning ambiguity in difcodonNG: --- AGA
warning: strange character '-' 
warning ambiguity in difcodonNG: --- GGA
warning: strange character '-' 
warning ambiguity in difcodonNG: --- TAC
warning: strange character '-' 
warning ambiguity in difcodonNG: --- AAA
warning: strange character '-' 
warning ambiguity in difcodonNG: --- AAG
warning: strange character '-' 
warning ambiguity in difcodonNG: --- GAA
warning: strange character '-' 
warning ambiguity in difcodonNG: --- GAA
warning: strange character '-' 
warning ambiguity in difcodonNG: --- ATT
warning: strange character '-' 
warning ambiguity in difcodonNG: --- AAT
warning: strange character '-' 
warning ambiguity in difcodonNG: --- CAA
warning: strange character '-' 
warning ambiguity in difcodonNG: --- GTA
warning: strange character '-' 
warning ambiguity in difcodonNG: --- GCA
warning: strange character '-' 
warning ambiguity in difcodonNG: --- GGG
warning: strange character '-' 
warning ambiguity in difcodonNG: --- ACA
warning: strange character '-' 
warning ambiguity in difcodonNG: --- AAA
warning: strange character '-' 
warning ambiguity in difcodonNG: --- AAA
warning: strange character '-' 
warning ambiguity in difcodonNG: --- GGT
warning: strange character '-' 
warning ambiguity in difcodonNG: --- CAT
warning: strange character '-' 
warning ambiguity in difcodonNG: --- GAG
warning: strange character '-' 
warning ambiguity in difcodonNG: --- GCA
warning: strange character '-' 
warning ambiguity in difcodonNG: --- AAT
warning: strange character '-' 
warning ambiguity in difcodonNG: --- CAA
warning: strange character '-' 
warning ambiguity in difcodonNG: --- ACA
warning: strange character '-' 
warning ambiguity in difcodonNG: --- ACC
warning: strange character '-' 
warning ambiguity in difcodonNG: --- GCT
warning: strange character '-' 
warning ambiguity in difcodonNG: --- GCT
warning: strange character '-' 
warning ambiguity in difcodonNG: --- GAT
warning: strange character '-' 
warning ambiguity in difcodonNG: --- GAG
warning: strange character '-' 
warning ambiguity in difcodonNG: --- GAG
warning: strange character '-' 
warning ambiguity in difcodonNG: --- GTG
warning: strange character '-' 
warning ambiguity in difcodonNG: --- AGA
warning: strange character '-' 
warning ambiguity in difcodonNG: --- GGA
warning: strange character '-' 
warning ambiguity in difcodonNG: --- TAC
warning: strange character '-' 
warning ambiguity in difcodonNG: --- AAA
warning: strange character '-' 
warning ambiguity in difcodonNG: --- AAG
warning: strange character '-' 
warning ambiguity in difcodonNG: --- GAA
warning: strange character '-' 
warning ambiguity in difcodonNG: --- GAA
warning: strange character '-' 
warning ambiguity in difcodonNG: --- ATT
warning: strange character '-' 
warning ambiguity in difcodonNG: --- AAT
warning: strange character '-' 
warning ambiguity in difcodonNG: --- CAA
warning: strange character '-' 
warning ambiguity in difcodonNG: --- GTA
warning: strange character '-' 
warning ambiguity in difcodonNG: --- GCA
warning: strange character '-' 
warning ambiguity in difcodonNG: --- GGG
warning: strange character '-' 
warning ambiguity in difcodonNG: --- ACA
warning: strange character '-' 
warning ambiguity in difcodonNG: --- AAA
warning: strange character '-' 
warning ambiguity in difcodonNG: --- AAA
warning: strange character '-' 
warning ambiguity in difcodonNG: --- GGT
warning: strange character '-' 
warning ambiguity in difcodonNG: --- CAT
warning: strange character '-' 
warning ambiguity in difcodonNG: --- GAG
warning: strange character '-' 
warning ambiguity in difcodonNG: --- GCA
warning: strange character '-' 
warning ambiguity in difcodonNG: --- AAT
warning: strange character '-' 
warning ambiguity in difcodonNG: --- CAA
warning: strange character '-' 
warning ambiguity in difcodonNG: --- ACA
warning: strange character '-' 
warning ambiguity in difcodonNG: --- ACC
warning: strange character '-' 
warning ambiguity in difcodonNG: GCT ---
warning: strange character '-' 
warning ambiguity in difcodonNG: GCT ---
warning: strange character '-' 
warning ambiguity in difcodonNG: GCT ---
warning: strange character '-' 
warning ambiguity in difcodonNG: GCT ---
warning: strange character '-' 
warning ambiguity in difcodonNG: GAT ---
warning: strange character '-' 
warning ambiguity in difcodonNG: GAT ---
warning: strange character '-' 
warning ambiguity in difcodonNG: GAG ---
warning: strange character '-' 
warning ambiguity in difcodonNG: GAG ---
warning: strange character '-' 
warning ambiguity in difcodonNG: GAG ---
warning: strange character '-' 
warning ambiguity in difcodonNG: GAG ---
warning: strange character '-' 
warning ambiguity in difcodonNG: GTG ---
warning: strange character '-' 
warning ambiguity in difcodonNG: GTG ---
warning: strange character '-' 
warning ambiguity in difcodonNG: AGA ---
warning: strange character '-' 
warning ambiguity in difcodonNG: AGA ---
warning: strange character '-' 
warning ambiguity in difcodonNG: GGA ---
warning: strange character '-' 
warning ambiguity in difcodonNG: GGA ---
warning: strange character '-' 
warning ambiguity in difcodonNG: TAC ---
warning: strange character '-' 
warning ambiguity in difcodonNG: TAC ---
warning: strange character '-' 
warning ambiguity in difcodonNG: AAA ---
warning: strange character '-' 
warning ambiguity in difcodonNG: AAA ---
warning: strange character '-' 
warning ambiguity in difcodonNG: AAG ---
warning: strange character '-' 
warning ambiguity in difcodonNG: AAG ---
warning: strange character '-' 
warning ambiguity in difcodonNG: GAA ---
warning: strange character '-' 
warning ambiguity in difcodonNG: GAA ---
warning: strange character '-' 
warning ambiguity in difcodonNG: GAA ---
warning: strange character '-' 
warning ambiguity in difcodonNG: GAA ---
warning: strange character '-' 
warning ambiguity in difcodonNG: ATT ---
warning: strange character '-' 
warning ambiguity in difcodonNG: ATT ---
warning: strange character '-' 
warning ambiguity in difcodonNG: AAT ---
warning: strange character '-' 
warning ambiguity in difcodonNG: AAT ---
warning: strange character '-' 
warning ambiguity in difcodonNG: CAA ---
warning: strange character '-' 
warning ambiguity in difcodonNG: CAA ---
warning: strange character '-' 
warning ambiguity in difcodonNG: GTA ---
warning: strange character '-' 
warning ambiguity in difcodonNG: GTA ---
warning: strange character '-' 
warning ambiguity in difcodonNG: GCA ---
warning: strange character '-' 
warning ambiguity in difcodonNG: GCA ---
warning: strange character '-' 
warning ambiguity in difcodonNG: GGG ---
warning: strange character '-' 
warning ambiguity in difcodonNG: GGG ---
warning: strange character '-' 
warning ambiguity in difcodonNG: ACA ---
warning: strange character '-' 
warning ambiguity in difcodonNG: ACA ---
warning: strange character '-' 
warning ambiguity in difcodonNG: AAA ---
warning: strange character '-' 
warning ambiguity in difcodonNG: AAA ---
warning: strange character '-' 
warning ambiguity in difcodonNG: AAA ---
warning: strange character '-' 
warning ambiguity in difcodonNG: AAA ---
warning: strange character '-' 
warning ambiguity in difcodonNG: GGT ---
warning: strange character '-' 
warning ambiguity in difcodonNG: GGT ---
warning: strange character '-' 
warning ambiguity in difcodonNG: CAT ---
warning: strange character '-' 
warning ambiguity in difcodonNG: CAT ---
warning: strange character '-' 
warning ambiguity in difcodonNG: GAG ---
warning: strange character '-' 
warning ambiguity in difcodonNG: GAG ---
warning: strange character '-' 
warning ambiguity in difcodonNG: GCA ---
warning: strange character '-' 
warning ambiguity in difcodonNG: GCA ---
warning: strange character '-' 
warning ambiguity in difcodonNG: AAT ---
warning: strange character '-' 
warning ambiguity in difcodonNG: AAT ---
warning: strange character '-' 
warning ambiguity in difcodonNG: CAA ---
warning: strange character '-' 
warning ambiguity in difcodonNG: CAA ---
warning: strange character '-' 
warning ambiguity in difcodonNG: ACA ---
warning: strange character '-' 
warning ambiguity in difcodonNG: ACA ---
warning: strange character '-' 
warning ambiguity in difcodonNG: ACC ---
warning: strange character '-' 
warning ambiguity in difcodonNG: ACC ---end of tree file.

Time used:  0:44
