
 15         verbose | verbose                1.00
  7         runmode | runmode                0.00
  4         seqtype | seqtype                1.00
 13       CodonFreq | CodonFreq              2.00
  9           clock | clock                  0.00
 18          aaDist | aaDist                 0.00
 19      aaRatefile | aaRatefile             1.00
 16           model | model                  0.00
 20         NSsites | NSsites                8.00
 22           icode | icode                  0.00
 23           Mgene | Mgene                  0.00
 24       fix_kappa | fix_kappa              0.00
 25           kappa | kappa                  2.00
 26       fix_omega | fix_omega              0.00
 27           omega | omega                  0.40
 28       fix_alpha | fix_alpha              1.00
 29           alpha | alpha                  0.00
 30          Malpha | Malpha                 0.00
 31           ncatG | ncatG                  8.00
 11           getSE | getSE                  0.00
 12    RateAncestor | RateAncestor           1.00
 36      Small_Diff | Small_Diff             0.00
  6       cleandata | cleandata              0.00
  8          method | method                 0.00
CODONML in paml version 4.8a, August 2014

----------------------------------------------
Phe F TTT | Ser S TCT | Tyr Y TAT | Cys C TGT
      TTC |       TCC |       TAC |       TGC
Leu L TTA |       TCA | *** * TAA | *** * TGA
      TTG |       TCG |       TAG | Trp W TGG
----------------------------------------------
Leu L CTT | Pro P CCT | His H CAT | Arg R CGT
      CTC |       CCC |       CAC |       CGC
      CTA |       CCA | Gln Q CAA |       CGA
      CTG |       CCG |       CAG |       CGG
----------------------------------------------
Ile I ATT | Thr T ACT | Asn N AAT | Ser S AGT
      ATC |       ACC |       AAC |       AGC
      ATA |       ACA | Lys K AAA | Arg R AGA
Met M ATG |       ACG |       AAG |       AGG
----------------------------------------------
Val V GTT | Ala A GCT | Asp D GAT | Gly G GGT
      GTC |       GCC |       GAC |       GGC
      GTA |       GCA | Glu E GAA |       GGA
      GTG |       GCG |       GAG |       GGG
----------------------------------------------
Nice code, uuh?


Ambiguity character definition table:

T (1): T 
C (1): C 
A (1): A 
G (1): G 
U (1): T 
Y (2): T C 
R (2): A G 
M (2): C A 
K (2): T G 
S (2): C G 
W (2): T A 
H (3): T C A 
B (3): T C G 
V (3): C A G 
D (3): T A G 
- (4): T C A G 
N (4): T C A G 
? (4): T C A G 

ns = 3  	ls = 1470
Reading sequences, interlaved format..
Reading seq # 1: A166     Reading seq # 2: A167     Reading seq # 3: A168     
block   1:     60     60     60
block   2:    120    120    120
block   3:    180    180    180
block   4:    240    240    240
block   5:    300    300    300
block   6:    360    360    360
block   7:    420    420    420
block   8:    480    480    480
block   9:    540    540    540
block  10:    600    600    600
block  11:    660    660    660
block  12:    720    720    720
block  13:    780    780    780
block  14:    840    840    840
block  15:    900    900    900
block  16:    960    960    960
block  17:   1020   1020   1020
block  18:   1080   1080   1080
block  19:   1140   1140   1140
block  20:   1200   1200   1200
block  21:   1260   1260   1260
block  22:   1320   1320   1320
block  23:   1380   1380   1380
block  24:   1440   1440   1440
block  25:   1470   1470   1470
Sequences read..
Counting site patterns..  0:00
         132 patterns at      490 /      490 sites (100.0%),  0:00
1 ambiguous codons are seen in the data:
 ---
Counting codons..

  2   1:Sites   362.8 + 1107.2 = 1470.0	Diffs     2.5 +    9.5 =   12.0
  3   1:Sites   353.5 + 1065.5 = 1419.0	Diffs    30.3 +   44.7 =   75.0
  3   2:Sites   353.8 + 1065.2 = 1419.0	Diffs    32.3 +   50.7 =   83.0

       24 bytes for distance
   128832 bytes for conP
     9504 bytes for fhK
  5000000 bytes for space

TREE #  1
((2, 1), 3);   MP score: -1
This is a rooted tree, without clock.  Check.

initial w for M8:NSbetaw>1 reset.

    0.072055    0.021453    0.003172    0.090051    2.000000    0.900000    1.102878    1.889840    2.387011

ntime & nrate & np:     4     2     9

Bounds (np=9):
   0.000004   0.000004   0.000004   0.000004   0.000100   0.000010   0.005000   0.005000   1.000000
  50.000000  50.000000  50.000000  50.000000 999.000000   0.999990  99.000000  99.000000 999.000000
Qfactor_NS = 6.732820

np =     9
lnL0 = -2419.985259

Iterating by ming2
Initial: fx=  2419.985259
x=  0.07206  0.02145  0.00317  0.09005  2.00000  0.90000  1.10288  1.88984  2.38701

  1 h-m-p  0.0000 0.0000 140.2489 YCCC   2419.854046  3 0.0000    19 | 0/9
  2 h-m-p  0.0000 0.0057  62.5900 +YCC   2419.726133  2 0.0001    35 | 0/9
  3 h-m-p  0.0001 0.0029  47.5818 YCC    2419.587238  2 0.0002    50 | 0/9
  4 h-m-p  0.0004 0.0315  25.2904 +CYC   2419.215600  2 0.0018    66 | 0/9
  5 h-m-p  0.0077 0.2315   6.0375 +++    2411.059268  m 0.2315    79 | 1/9
  6 h-m-p  0.0267 0.1334   7.8521 +YCCC  2410.297231  3 0.0754    97 | 1/9
  7 h-m-p  0.0617 0.3087   2.5589 ++     2408.877208  m 0.3087   109 | 2/9
  8 h-m-p  0.2721 1.7893   2.9028 CCCCC  2408.049497  4 0.3732   129 | 2/9
  9 h-m-p  1.4436 8.0000   0.7505 ++     2406.539206  m 8.0000   141 | 2/9
 10 h-m-p  1.0679 5.3395   1.6488 YCCC   2406.285049  3 0.5367   165 | 2/9
 11 h-m-p  1.6000 8.0000   0.4906 CYC    2406.245881  2 0.4481   180 | 2/9
 12 h-m-p  0.4771 8.0000   0.4607 +YYC   2406.200132  2 1.6904   202 | 2/9
 13 h-m-p  1.6000 8.0000   0.4098 +YC    2406.145520  1 4.2376   223 | 2/9
 14 h-m-p  1.6000 8.0000   0.5080 CY     2406.136133  1 1.4494   244 | 2/9
 15 h-m-p  1.6000 8.0000   0.2934 YC     2406.127265  1 3.3984   264 | 2/9
 16 h-m-p  1.6000 8.0000   0.4169 C      2406.123082  0 1.6432   283 | 2/9
 17 h-m-p  1.6000 8.0000   0.0087 YC     2406.122860  1 1.1210   303 | 2/9
 18 h-m-p  1.2687 8.0000   0.0077 C      2406.122855  0 1.2687   322 | 2/9
 19 h-m-p  1.6000 8.0000   0.0059 C      2406.122855  0 1.4483   341 | 2/9
 20 h-m-p  1.6000 8.0000   0.0007 Y      2406.122855  0 1.2176   360 | 1/9
 21 h-m-p  0.2443 8.0000   0.0033 +++    2406.079333  m 8.0000   380 | 1/9
 22 h-m-p  0.1999 0.9993   0.0268 ---------------..  | 1/9
 23 h-m-p  0.0000 0.0222   6.4182 +C     2406.075374  0 0.0002   434 | 1/9
 24 h-m-p  0.0001 0.0084  10.8633 YC     2406.069483  1 0.0002   447 | 1/9
 25 h-m-p  0.0002 0.0709  13.7586 +++CYCCC  2405.476655  4 0.0170   469 | 1/9
 26 h-m-p  0.5251 6.5806   0.4458 -CC    2405.471100  1 0.0290   484 | 1/9
 27 h-m-p  0.0015 0.3232   8.6312 ++YCCC  2405.285428  3 0.0466   511 | 1/9
 28 h-m-p  1.6000 8.0000   0.1528 YCC    2405.258967  2 0.9046   526 | 1/9
 29 h-m-p  0.6410 8.0000   0.2156 ++     2405.132917  m 8.0000   546 | 1/9
 30 h-m-p  0.5887 8.0000   2.9298 +CCCCC  2404.551854  4 2.7437   575 | 1/9
 31 h-m-p  1.1437 8.0000   7.0283 YCCC   2403.527547  3 2.0461   592 | 1/9
 32 h-m-p  0.8549 4.9956  16.8215 CCCCCC  2402.296422  5 1.2082   614 | 1/9
 33 h-m-p  1.3433 8.0000  15.1297 +YCC   2400.858056  2 3.8866   630 | 1/9
 34 h-m-p  1.6000 8.0000  28.8331 YYCC   2400.227371  3 0.6173   646 | 1/9
 35 h-m-p  0.7280 8.0000  24.4484 CCC    2399.877998  2 1.0856   662 | 1/9
 36 h-m-p  1.6000 8.0000  10.6441 CYC    2399.777740  2 1.9901   677 | 1/9
 37 h-m-p  1.6000 8.0000  11.7114 CYC    2399.731717  2 1.7349   692 | 1/9
 38 h-m-p  1.6000 8.0000   1.8450 +CC    2399.707592  1 6.6948   707 | 1/9
 39 h-m-p  1.6000 8.0000   0.1283 +YCC   2399.640969  2 5.4676   723 | 1/9
 40 h-m-p  0.1383 8.0000   5.0748 ++CCC  2399.601109  2 2.9580   749 | 1/9
 41 h-m-p  1.6000 8.0000   5.1526 YCC    2399.557113  2 2.9182   764 | 1/9
 42 h-m-p  1.6000 8.0000   6.9743 CC     2399.549202  1 1.3074   778 | 1/9
 43 h-m-p  1.6000 8.0000   0.8000 YC     2399.548848  1 1.2434   791 | 1/9
 44 h-m-p  1.6000 8.0000   0.3507 Y      2399.548840  0 1.0768   811 | 1/9
 45 h-m-p  1.6000 8.0000   0.0009 Y      2399.548840  0 1.0638   831 | 1/9
 46 h-m-p  0.6133 8.0000   0.0016 ++     2399.548840  m 8.0000   851 | 1/9
 47 h-m-p  0.6450 8.0000   0.0199 +C     2399.548837  0 3.5773   872 | 1/9
 48 h-m-p  1.6000 8.0000   0.0043 ++     2399.548808  m 8.0000   892 | 1/9
 49 h-m-p  0.0160 8.0000   2.4235 ----------C  2399.548808  0 0.0000   922 | 1/9
 50 h-m-p  0.0160 8.0000   0.0581 +++C   2399.548806  0 1.0045   937 | 1/9
 51 h-m-p  1.6000 8.0000   0.0004 C      2399.548806  0 1.4824   957 | 1/9
 52 h-m-p  1.6000 8.0000   0.0002 ++     2399.548806  m 8.0000   977 | 1/9
 53 h-m-p  1.6000 8.0000   0.0004 ++     2399.548806  m 8.0000   997 | 1/9
 54 h-m-p  1.0265 8.0000   0.0031 +Y     2399.548806  0 5.0806  1018 | 1/9
 55 h-m-p  1.6000 8.0000   0.0011 ++     2399.548805  m 8.0000  1038 | 1/9
 56 h-m-p  0.0004 0.0391  24.0648 ++++   2399.548707  m 0.0391  1060 | 1/9
 57 h-m-p  0.0000 0.0000  87.0180 
h-m-p:      1.31951920e-20      6.59759598e-20      8.70179625e+01  2399.548707
..  | 1/9
 58 h-m-p  0.0012 0.5828   0.0496 -C     2399.548707  0 0.0001  1082 | 1/9
 59 h-m-p  0.0072 3.6088   0.0163 --Y    2399.548707  0 0.0001  1104 | 2/9
 60 h-m-p  0.0160 8.0000   0.0017 ++Y    2399.548706  0 0.5751  1126 | 2/9
 61 h-m-p  0.1777 8.0000   0.0055 C      2399.548705  0 0.2269  1145 | 2/9
 62 h-m-p  0.8205 8.0000   0.0015 ++     2399.548701  m 8.0000  1164 | 2/9
 63 h-m-p  0.6245 8.0000   0.0195 C      2399.548693  0 0.7646  1183 | 2/9
 64 h-m-p  0.4295 8.0000   0.0347 +++    2399.548447  m 8.0000  1203 | 2/9
 65 h-m-p  0.1079 1.4308   2.5742 +YYYYY  2399.547455  4 0.4318  1227 | 2/9
 66 h-m-p  0.0043 0.0217 117.9430 YYY    2399.547144  2 0.0043  1241 | 2/9
 67 h-m-p  1.6000 8.0000   0.0866 -----------C  2399.547144  0 0.0000  1264 | 2/9
 68 h-m-p  0.0110 5.4833   0.9276 +CC    2399.546442  1 0.0555  1286 | 2/9
 69 h-m-p  1.6000 8.0000   0.0175 C      2399.546001  0 1.6000  1305 | 2/9
 70 h-m-p  1.6000 8.0000   0.0041 Y      2399.545997  0 1.0633  1324 | 2/9
 71 h-m-p  1.6000 8.0000   0.0000 Y      2399.545997  0 1.1913  1343 | 1/9
 72 h-m-p  0.0588 8.0000   0.0007 C      2399.545997  0 0.0548  1362 | 1/9
 73 h-m-p  1.0689 8.0000   0.0000 ++     2399.545997  m 8.0000  1382 | 1/9
 74 h-m-p  0.5847 8.0000   0.0005 ++     2399.545996  m 8.0000  1402 | 1/9
 75 h-m-p  1.6000 8.0000   0.0017 ++     2399.545988  m 8.0000  1422 | 1/9
 76 h-m-p  0.2811 8.0000   0.0471 ++Y    2399.545922  0 5.8472  1444 | 1/9
 77 h-m-p  1.2532 7.5210   0.2196 ++     2399.544958  m 7.5210  1464 | 2/9
 78 h-m-p  0.0414 0.2071   6.9648 --C    2399.544849  0 0.0005  1486 | 2/9
 79 h-m-p  0.9311 8.0000   0.0041 Y      2399.544845  0 0.6743  1498 | 2/9
 80 h-m-p  1.6000 8.0000   0.0001 C      2399.544845  0 1.5293  1517 | 2/9
 81 h-m-p  1.6000 8.0000   0.0000 ++     2399.544844  m 8.0000  1536 | 2/9
 82 h-m-p  0.0160 8.0000   0.0520 +++YC  2399.544682  1 1.9598  1559 | 2/9
 83 h-m-p  1.6000 8.0000   0.0566 ++     2399.542993  m 8.0000  1578 | 2/9
 84 h-m-p  0.3259 8.0000   1.3895 ------------C  2399.542993  0 0.0000  1609 | 2/9
 85 h-m-p  0.0160 8.0000   0.0122 +++C   2399.542659  0 1.0680  1624 | 2/9
 86 h-m-p  1.6000 8.0000   0.0031 C      2399.542651  0 0.4448  1643 | 2/9
 87 h-m-p  1.6000 8.0000   0.0000 C      2399.542651  0 1.3433  1662 | 2/9
 88 h-m-p  1.6000 8.0000   0.0000 ++     2399.542651  m 8.0000  1681 | 2/9
 89 h-m-p  0.2258 8.0000   0.0006 ++C    2399.542650  0 3.4629  1702 | 2/9
 90 h-m-p  1.4557 8.0000   0.0014 ++     2399.542649  m 8.0000  1721 | 2/9
 91 h-m-p  0.0160 8.0000   1.1573 +++C   2399.542590  0 1.1627  1743 | 2/9
 92 h-m-p  1.6000 8.0000   0.0578 C      2399.542585  0 1.5418  1755 | 2/9
 93 h-m-p  1.6000 8.0000   0.0148 C      2399.542585  0 1.3356  1774 | 2/9
 94 h-m-p  1.6000 8.0000   0.0001 ++     2399.542585  m 8.0000  1793 | 2/9
 95 h-m-p  0.0686 8.0000   0.0153 ++Y    2399.542583  0 2.1227  1814 | 2/9
 96 h-m-p  1.6000 8.0000   0.0053 ++     2399.542566  m 8.0000  1833 | 2/9
 97 h-m-p  0.0044 1.0116   9.5234 +++YYYYY  2399.540629  4 0.2833  1859 | 2/9
 98 h-m-p  0.0000 0.0000 156615.8266 CYY    2399.538754  2 0.0000  1875 | 2/9
 99 h-m-p  0.0660 0.3302  14.9155 +YYYYYYYY  2399.534767  7 0.2642  1895 | 2/9
100 h-m-p  0.7309 8.0000   5.3909 ---------------Y  2399.534767  0 0.0000  1922 | 2/9
101 h-m-p  0.0160 8.0000   1.2296 +YC    2399.534579  1 0.0442  1936 | 2/9
102 h-m-p  0.0768 8.0000   0.7075 ++YC   2399.534486  1 0.7914  1951 | 2/9
103 h-m-p  1.6000 8.0000   0.0451 ----------------..  | 2/9
104 h-m-p  0.0000 0.0150   4.0605 +YC    2399.533639  1 0.0001  2005 | 2/9
105 h-m-p  0.0006 0.0463   0.7067 Y      2399.533618  0 0.0001  2017 | 2/9
106 h-m-p  0.0004 0.1813   0.3030 C      2399.533596  0 0.0006  2036 | 2/9
107 h-m-p  0.0054 2.7006   0.0899 ++CC   2399.533103  1 0.1343  2059 | 2/9
108 h-m-p  0.3001 2.4769   0.0402 +YYC   2399.532336  2 0.8965  2081 | 2/9
109 h-m-p  0.7013 3.5066   0.0160 YYY    2399.532141  2 0.7013  2102 | 2/9
110 h-m-p  0.5415 2.7077   0.0165 Y      2399.532098  0 0.2606  2121 | 2/9
111 h-m-p  0.2398 2.3629   0.0179 Y      2399.532081  0 0.2398  2140 | 2/9
112 h-m-p  0.7004 8.0000   0.0061 C      2399.532071  0 0.6079  2159 | 2/9
113 h-m-p  0.6780 6.2049   0.0055 Y      2399.532070  0 0.1695  2178 | 2/9
114 h-m-p  0.0990 3.6149   0.0094 C      2399.532070  0 0.1016  2197 | 2/9
115 h-m-p  0.0687 2.4300   0.0139 C      2399.532069  0 0.0687  2216 | 2/9
116 h-m-p  0.0560 1.9709   0.0171 C      2399.532069  0 0.0560  2235 | 2/9
117 h-m-p  0.0479 1.6825   0.0199 Y      2399.532069  0 0.0331  2254 | 2/9
118 h-m-p  0.0278 1.4210   0.0237 C      2399.532068  0 0.0286  2273 | 2/9
119 h-m-p  0.0232 1.1544   0.0292 C      2399.532068  0 0.0232  2292 | 2/9
120 h-m-p  0.0193 0.9608   0.0352 Y      2399.532068  0 0.0122  2311 | 2/9
121 h-m-p  0.0103 0.8176   0.0416 C      2399.532068  0 0.0105  2330 | 2/9
122 h-m-p  0.0084 0.6544   0.0521 C      2399.532068  0 0.0069  2349 | 2/9
123 h-m-p  0.0056 0.5366   0.0637 C      2399.532068  0 0.0049  2368 | 2/9
124 h-m-p  0.0040 0.4429   0.0773 C      2399.532068  0 0.0033  2387 | 2/9
125 h-m-p  0.0028 0.3761   0.0912 C      2399.532068  0 0.0024  2406 | 2/9
126 h-m-p  0.0018 0.2836   0.1210 C      2399.532068  0 0.0015  2425 | 2/9
127 h-m-p  0.0013 0.2585   0.1329 C      2399.532068  0 0.0011  2444 | 2/9
128 h-m-p  0.0010 0.2365   0.1454 C      2399.532068  0 0.0009  2463 | 2/9
129 h-m-p  0.0006 0.1689   0.2038 C      2399.532068  0 0.0005  2482 | 2/9
130 h-m-p  0.0004 0.1302   0.2644 Y      2399.532068  0 0.0003  2501 | 2/9
131 h-m-p  0.0002 0.1117   0.3085 C      2399.532068  0 0.0002  2520 | 2/9
132 h-m-p  0.0001 0.0526   0.6546 Y      2399.532068  0 0.0001  2539 | 2/9
133 h-m-p  0.0003 0.1627   0.2122 C      2399.532068  0 0.0003  2558 | 2/9
134 h-m-p  0.0002 0.1071   0.3228 Y      2399.532068  0 0.0001  2577 | 2/9
135 h-m-p  0.0001 0.0304   1.1338 C      2399.532068  0 0.0000  2596 | 2/9
136 h-m-p  0.0160 8.0000   0.0018 +++C   2399.532065  0 1.1719  2611 | 2/9
137 h-m-p  1.6000 8.0000   0.0010 Y      2399.532064  0 1.2568  2630 | 2/9
138 h-m-p  0.6434 8.0000   0.0019 ++     2399.532059  m 8.0000  2649 | 2/9
139 h-m-p  0.5427 8.0000   0.0279 +Y     2399.532040  0 2.1707  2669 | 2/9
140 h-m-p  0.1824 1.9028   0.3323 Y      2399.532026  0 0.1824  2688 | 2/9
141 h-m-p  0.0163 0.1551   3.7205 C      2399.532024  0 0.0041  2707 | 2/9
142 h-m-p  0.8184 8.0000   0.0185 ++     2399.531917  m 8.0000  2719 | 2/9
143 h-m-p  0.0208 0.1041   5.0799 -Y     2399.531917  0 0.0009  2739 | 2/9
144 h-m-p  0.6520 8.0000   0.0069 C      2399.531907  0 0.8017  2751 | 2/9
145 h-m-p  0.9837 8.0000   0.0056 ---------C  2399.531907  0 0.0000  2779 | 2/9
146 h-m-p  0.0160 8.0000   0.0006 ++++Y  2399.531896  0 3.1957  2802 | 2/9
147 h-m-p  0.1499 8.0000   0.0129 ++C    2399.531881  0 2.3680  2823 | 2/9
148 h-m-p  0.2885 7.9124   0.1062 +Y     2399.531866  0 0.7388  2843 | 2/9
149 h-m-p  0.0005 0.0049 153.9500 -C     2399.531866  0 0.0000  2863 | 2/9
150 h-m-p  0.6632 8.0000   0.0062 +Y     2399.531841  0 4.9209  2876 | 1/9
151 h-m-p  0.0788 6.3976   0.3874 Y      2399.531798  0 0.0521  2895 | 1/9
152 h-m-p  0.6124 8.0000   0.0330 C      2399.531795  0 0.6063  2915 | 1/9
153 h-m-p  0.2469 8.0000   0.0810 C      2399.531791  0 0.3864  2935 | 1/9
154 h-m-p  0.1006 3.9620   0.3111 C      2399.531789  0 0.0908  2955 | 1/9
155 h-m-p  0.0128 0.5301   2.2039 Y      2399.531788  0 0.0082  2975 | 1/9
156 h-m-p  1.6000 8.0000   0.0011 C      2399.531772  0 1.7931  2987 | 1/9
157 h-m-p  0.0389 8.0000   0.0493 +Y     2399.531770  0 0.1039  3008 | 1/9
158 h-m-p  0.1278 8.0000   0.0401 +C     2399.531762  0 0.6017  3029 | 1/9
159 h-m-p  0.1563 5.4675   0.1544 C      2399.531755  0 0.2040  3049 | 1/9
160 h-m-p  0.0497 1.3291   0.6342 Y      2399.531753  0 0.0366  3069 | 1/9
161 h-m-p  0.0006 0.0227  36.3871 Y      2399.531753  0 0.0001  3089 | 1/9
162 h-m-p  1.6000 8.0000   0.0011 C      2399.531714  0 2.1127  3101 | 1/9
163 h-m-p  0.2846 7.3890   0.0085 +Y     2399.531705  0 0.7866  3122 | 1/9
164 h-m-p  0.4437 8.0000   0.0150 C      2399.531703  0 0.6400  3142 | 1/9
165 h-m-p  0.1020 8.0000   0.0943 Y      2399.531701  0 0.1926  3162 | 1/9
166 h-m-p  0.0536 3.9499   0.3390 C      2399.531700  0 0.0648  3182 | 1/9
167 h-m-p  0.0171 1.0256   1.2869 C      2399.531699  0 0.0137  3202 | 1/9
168 h-m-p  1.6000 8.0000   0.0086 +Y     2399.531668  0 4.5671  3215 | 1/9
169 h-m-p  0.1367 8.0000   0.2862 Y      2399.531663  0 0.0910  3235 | 1/9
170 h-m-p  0.2184 8.0000   0.1193 +Y     2399.531643  0 0.6724  3256 | 1/9
171 h-m-p  0.2435 5.8427   0.3295 C      2399.531633  0 0.2389  3276 | 1/9
172 h-m-p  0.0606 1.3836   1.2979 Y      2399.531630  0 0.0349  3296 | 1/9
173 h-m-p  1.6000 8.0000   0.0135 C      2399.531562  0 1.6000  3308 | 1/9
174 h-m-p  0.1755 8.0000   0.1227 Y      2399.531561  0 0.0707  3328 | 1/9
175 h-m-p  0.0602 8.0000   0.1441 +Y     2399.531556  0 0.1717  3349 | 1/9
176 h-m-p  0.0483 3.0494   0.5119 C      2399.531554  0 0.0409  3369 | 1/9
177 h-m-p  0.0172 1.2719   1.2194 Y      2399.531553  0 0.0136  3389 | 1/9
178 h-m-p  1.6000 8.0000   0.0032 YC     2399.531476  1 3.9116  3402 | 1/9
179 h-m-p  0.2672 4.7933   0.0472 C      2399.531470  0 0.3155  3422 | 1/9
180 h-m-p  0.1850 8.0000   0.0805 C      2399.531465  0 0.2786  3442 | 1/9
181 h-m-p  0.0993 7.9061   0.2258 Y      2399.531464  0 0.0716  3462 | 1/9
182 h-m-p  0.0260 2.8554   0.6213 C      2399.531464  0 0.0247  3482 | 1/9
183 h-m-p  0.0086 0.9841   1.7880 Y      2399.531463  0 0.0068  3502 | 1/9
184 h-m-p  1.5452 8.0000   0.0079 C      2399.531440  0 1.5225  3514 | 1/9
185 h-m-p  0.3168 8.0000   0.0381 Y      2399.531439  0 0.2388  3534 | 1/9
186 h-m-p  0.1381 8.0000   0.0658 +C     2399.531433  0 0.4788  3555 | 1/9
187 h-m-p  0.1489 8.0000   0.2117 C      2399.531427  0 0.2069  3575 | 1/9
188 h-m-p  0.0878 5.0893   0.4989 C      2399.531423  0 0.0911  3595 | 1/9
189 h-m-p  0.0428 2.3010   1.0630 C      2399.531421  0 0.0367  3615 | 1/9
190 h-m-p  1.6000 8.0000   0.0094 +Y     2399.531337  0 4.3387  3628 | 1/9
191 h-m-p  0.2659 1.9171   0.1530 C      2399.531336  0 0.0577  3648 | 1/9
192 h-m-p  0.0597 3.5430   0.1477 Y      2399.531334  0 0.1314  3668 | 1/9
193 h-m-p  0.0464 1.8976   0.4178 C      2399.531333  0 0.0593  3688 | 1/9
194 h-m-p  0.0229 0.9950   1.0816 C      2399.531332  0 0.0229  3708 | 1/9
195 h-m-p  1.6000 8.0000   0.0046 ++     2399.531267  m 8.0000  3720 | 1/9
196 h-m-p  0.0568 2.8960   0.6537 C      2399.531266  0 0.0117  3740 | 1/9
197 h-m-p  0.0928 8.0000   0.0823 C      2399.531265  0 0.0941  3760 | 1/9
198 h-m-p  0.0542 8.0000   0.1429 C      2399.531264  0 0.0646  3780 | 1/9
199 h-m-p  0.0403 8.0000   0.2292 C      2399.531264  0 0.0450  3800 | 1/9
200 h-m-p  0.0296 6.4575   0.3478 C      2399.531263  0 0.0315  3820 | 1/9
201 h-m-p  0.0216 4.4737   0.5084 C      2399.531263  0 0.0221  3840 | 1/9
202 h-m-p  0.0155 3.1589   0.7257 C      2399.531263  0 0.0153  3860 | 1/9
203 h-m-p  0.0109 2.2530   1.0225 C      2399.531262  0 0.0104  3880 | 1/9
204 h-m-p  1.6000 8.0000   0.0040 ++     2399.531214  m 8.0000  3892 | 1/9
205 h-m-p  0.4526 8.0000   0.0699 Y      2399.531212  0 0.2068  3912 | 1/9
206 h-m-p  0.2091 8.0000   0.0692 Y      2399.531207  0 0.4699  3932 | 1/9
207 h-m-p  0.1853 8.0000   0.1755 Y      2399.531201  0 0.3068  3952 | 1/9
208 h-m-p  0.1512 8.0000   0.3560 C      2399.531195  0 0.1998  3972 | 1/9
209 h-m-p  0.1122 6.2291   0.6342 C      2399.531190  0 0.1274  3992 | 1/9
210 h-m-p  0.0761 3.5439   1.0623 C      2399.531185  0 0.0783  4012 | 1/9
211 h-m-p  1.6000 8.0000   0.0127 +Y     2399.531030  0 5.1083  4025 | 1/9
212 h-m-p  0.1521 6.5463   0.4258 C      2399.531028  0 0.0380  4045 | 1/9
213 h-m-p  0.0586 8.0000   0.2763 C      2399.531026  0 0.0786  4065 | 1/9
214 h-m-p  0.0266 3.8502   0.8174 C      2399.531025  0 0.0292  4085 | 1/9
215 h-m-p  0.0126 1.6754   1.8991 C      2399.531025  0 0.0110  4105 | 1/9
216 h-m-p  1.6000 8.0000   0.0069 ++     2399.530960  m 8.0000  4117 | 1/9
217 h-m-p  0.0338 4.8115   1.6330 Y      2399.530950  0 0.0226  4137 | 1/9
218 h-m-p  1.6000 8.0000   0.0064 ++     2399.530920  m 8.0000  4149 | 1/9
219 h-m-p  0.2249 1.6947   0.2284 Y      2399.530914  0 0.1004  4169 | 1/9
220 h-m-p  1.6000 8.0000   0.0062 ---------Y  2399.530914  0 0.0000  4198 | 1/9
221 h-m-p  0.0039 1.9721   2.1256 Y      2399.530912  0 0.0020  4218 | 1/9
222 h-m-p  0.2803 8.0000   0.0149 +Y     2399.530906  0 2.0336  4231 | 1/9
223 h-m-p  0.0385 0.8090   0.7868 Y      2399.530906  0 0.0069  4251 | 1/9
224 h-m-p  0.0905 8.0000   0.0598 +C     2399.530904  0 0.3979  4272 | 1/9
225 h-m-p  0.2338 8.0000   0.1018 C      2399.530902  0 0.3326  4292 | 1/9
226 h-m-p  0.2081 8.0000   0.1628 C      2399.530899  0 0.2765  4312 | 1/9
227 h-m-p  0.1815 8.0000   0.2480 C      2399.530896  0 0.2288  4332 | 1/9
228 h-m-p  0.1558 8.0000   0.3642 C      2399.530893  0 0.1884  4352 | 1/9
229 h-m-p  0.1322 8.0000   0.5191 C      2399.530890  0 0.1540  4372 | 1/9
230 h-m-p  0.1109 8.0000   0.7211 C      2399.530887  0 0.1249  4392 | 1/9
231 h-m-p  0.0920 8.0000   0.9793 C      2399.530884  0 0.1004  4412 | 1/9
232 h-m-p  0.0755 8.0000   1.3026 C      2399.530881  0 0.0800  4432 | 1/9
233 h-m-p  1.6000 8.0000   0.0191 +C     2399.530732  0 6.5184  4445 | 1/9
234 h-m-p  0.5440 8.0000   0.2294 C      2399.530714  0 0.7074  4465 | 1/9
235 h-m-p  0.2593 8.0000   0.6258 +Y     2399.530661  0 0.8433  4486 | 1/9
236 h-m-p  0.2627 7.1200   2.0090 C      2399.530614  0 0.3389  4506 | 1/9
237 h-m-p  1.6000 8.0000   0.1115 YC     2399.530296  1 3.0879  4519 | 1/9
238 h-m-p  0.1121 3.2815   3.0690 C      2399.530291  0 0.0285  4539 | 1/9
239 h-m-p  1.6000 8.0000   0.0149 ++     2399.530116  m 8.0000  4551 | 1/9
240 h-m-p  0.2241 8.0000   0.5305 C      2399.530095  0 0.1852  4571 | 1/9
241 h-m-p  0.2525 8.0000   0.3890 Y      2399.530073  0 0.4183  4591 | 1/9
242 h-m-p  0.1775 8.0000   0.9166 C      2399.530059  0 0.1895  4611 | 1/9
243 h-m-p  0.1025 6.0795   1.6944 C      2399.530051  0 0.0948  4631 | 1/9
244 h-m-p  1.6000 8.0000   0.0354 YC     2399.529901  1 2.7673  4644 | 1/9
245 h-m-p  0.2430 8.0000   0.4027 Y      2399.529897  0 0.1276  4664 | 1/9
246 h-m-p  0.0917 8.0000   0.5599 Y      2399.529890  0 0.2077  4684 | 1/9
247 h-m-p  0.0874 8.0000   1.3302 C      2399.529886  0 0.0879  4704 | 1/9
248 h-m-p  1.6000 8.0000   0.0253 Y      2399.529817  0 2.9986  4716 | 1/9
249 h-m-p  0.2785 8.0000   0.2729 C      2399.529815  0 0.1112  4736 | 1/9
250 h-m-p  0.0901 8.0000   0.3369 +C     2399.529810  0 0.3302  4757 | 1/9
251 h-m-p  0.1067 8.0000   1.0425 C      2399.529804  0 0.1632  4777 | 1/9
252 h-m-p  1.6000 8.0000   0.0252 Y      2399.529739  0 3.4487  4789 | 1/9
253 h-m-p  0.0566 4.6750   1.5345 Y      2399.529739  0 0.0097  4809 | 1/9
254 h-m-p  1.6000 8.0000   0.0082 ++     2399.529730  m 8.0000  4821 | 1/9
255 h-m-p  0.8487 8.0000   0.0776 ----------------..  | 1/9
256 h-m-p  0.0000 0.0002  11.9172 ------C  2399.529730  0 0.0000  4881 | 1/9
257 h-m-p  0.0000 0.0220   0.2558 -C     2399.529730  0 0.0000  4894 | 1/9
258 h-m-p  0.0152 7.6048   0.1250 ---C   2399.529730  0 0.0001  4917 | 1/9
259 h-m-p  0.0044 2.2068   0.0279 ---Y   2399.529730  0 0.0000  4940 | 1/9
260 h-m-p  0.0160 8.0000   0.0065 +C     2399.529728  0 0.0744  4961 | 1/9
261 h-m-p  0.9521 8.0000   0.0005 -----------C  2399.529728  0 0.0000  4992
Out..
lnL  = -2399.529728
4993 lfun, 49930 eigenQcodon, 179748 P(t)

BEBing (dim = 4).  This may take several minutes.
Calculating f(x_h|w): 10 categories 20 w sets.
S10 w log{f(x|w)}:    0.0500     -4.236099
S10 w log{f(x|w)}:    0.1500     -4.245491
S10 w log{f(x|w)}:    0.2500     -4.254868
S10 w log{f(x|w)}:    0.3500     -4.264228
S10 w log{f(x|w)}:    0.4500     -4.273572
S10 w log{f(x|w)}:    0.5500     -4.282901
S10 w log{f(x|w)}:    0.6500     -4.292213
S10 w log{f(x|w)}:    0.7500     -4.301509
S10 w log{f(x|w)}:    0.8500     -4.310789
S10 w log{f(x|w)}:    0.9500     -4.320053
S10 w log{f(x|w)}:    1.5000     -4.370719
S10 w log{f(x|w)}:    2.5000     -4.461596
S10 w log{f(x|w)}:    3.5000     -4.550872
S10 w log{f(x|w)}:    4.5000     -4.638549
S10 w log{f(x|w)}:    5.5000     -4.724625
S10 w log{f(x|w)}:    6.5000     -4.809099
S10 w log{f(x|w)}:    7.5000     -4.891969
S10 w log{f(x|w)}:    8.5000     -4.973232
S10 w log{f(x|w)}:    9.5000     -5.052884
S10 w log{f(x|w)}:   10.5000     -5.130920
Calculating f(X), the marginal probability of data.
	log(fX) = -2428.310553  S = -2303.643632  -118.179968
Calculating f(w|X), posterior probabilities of site classes.
	did  10 / 132 patterns   2:35	did  20 / 132 patterns   2:35	did  30 / 132 patterns   2:35	did  40 / 132 patterns   2:35	did  50 / 132 patterns   2:36	did  60 / 132 patterns   2:36	did  70 / 132 patterns   2:36	did  80 / 132 patterns   2:37	did  90 / 132 patterns   2:37	did 100 / 132 patterns   2:37	did 110 / 132 patterns   2:37	did 120 / 132 patterns   2:38	did 130 / 132 patterns   2:38	did 132 / 132 patterns   2:38
Reconstructed ancestral states go into file rst.

lnL = -2399.529728 from ProbSitePattern.
Marginal reconstruction.
	Node   4: lnL = -2399.529728
	Node   5: lnL = -2399.529728

warning: strange character '-' 
warning ambiguity in difcodonNG: --- ATG
warning: strange character '-' 
warning ambiguity in difcodonNG: --- CAC
warning: strange character '-' 
warning ambiguity in difcodonNG: --- GTA
warning: strange character '-' 
warning ambiguity in difcodonNG: --- AGT
warning: strange character '-' 
warning ambiguity in difcodonNG: --- GCG
warning: strange character '-' 
warning ambiguity in difcodonNG: --- CAA
warning: strange character '-' 
warning ambiguity in difcodonNG: --- GCA
warning: strange character '-' 
warning ambiguity in difcodonNG: --- AGG
warning: strange character '-' 
warning ambiguity in difcodonNG: --- CAA
warning: strange character '-' 
warning ambiguity in difcodonNG: --- ACA
warning: strange character '-' 
warning ambiguity in difcodonNG: --- CTC
warning: strange character '-' 
warning ambiguity in difcodonNG: --- TGT
warning: strange character '-' 
warning ambiguity in difcodonNG: --- TAT
warning: strange character '-' 
warning ambiguity in difcodonNG: --- CAT
warning: strange character '-' 
warning ambiguity in difcodonNG: --- TGT
warning: strange character '-' 
warning ambiguity in difcodonNG: --- TGT
warning: strange character '-' 
warning ambiguity in difcodonNG: --- TGG
warning: strange character '-' 
warning ambiguity in difcodonNG: ATG ---
warning: strange character '-' 
warning ambiguity in difcodonNG: CAC ---
warning: strange character '-' 
warning ambiguity in difcodonNG: GTA ---
warning: strange character '-' 
warning ambiguity in difcodonNG: AGT ---
warning: strange character '-' 
warning ambiguity in difcodonNG: GCG ---
warning: strange character '-' 
warning ambiguity in difcodonNG: CAA ---
warning: strange character '-' 
warning ambiguity in difcodonNG: GCA ---
warning: strange character '-' 
warning ambiguity in difcodonNG: AGG ---
warning: strange character '-' 
warning ambiguity in difcodonNG: CAA ---
warning: strange character '-' 
warning ambiguity in difcodonNG: ACA ---
warning: strange character '-' 
warning ambiguity in difcodonNG: CTC ---
warning: strange character '-' 
warning ambiguity in difcodonNG: TGT ---
warning: strange character '-' 
warning ambiguity in difcodonNG: TAT ---
warning: strange character '-' 
warning ambiguity in difcodonNG: CAT ---
warning: strange character '-' 
warning ambiguity in difcodonNG: TGT ---
warning: strange character '-' 
warning ambiguity in difcodonNG: TGT ---
warning: strange character '-' 
warning ambiguity in difcodonNG: TGG ---end of tree file.

Time used:  2:38
