
 15         verbose | verbose                1.00
  7         runmode | runmode                0.00
  4         seqtype | seqtype                1.00
 13       CodonFreq | CodonFreq              2.00
  9           clock | clock                  0.00
 18          aaDist | aaDist                 0.00
 19      aaRatefile | aaRatefile             1.00
 16           model | model                  0.00
 20         NSsites | NSsites                2.00
 22           icode | icode                  0.00
 23           Mgene | Mgene                  0.00
 24       fix_kappa | fix_kappa              0.00
 25           kappa | kappa                  2.00
 26       fix_omega | fix_omega              0.00
 27           omega | omega                  0.40
 28       fix_alpha | fix_alpha              1.00
 29           alpha | alpha                  0.00
 30          Malpha | Malpha                 0.00
 31           ncatG | ncatG                  8.00
 11           getSE | getSE                  0.00
 12    RateAncestor | RateAncestor           1.00
 36      Small_Diff | Small_Diff             0.00
  6       cleandata | cleandata              0.00
  8          method | method                 0.00
CODONML in paml version 4.8a, August 2014

----------------------------------------------
Phe F TTT | Ser S TCT | Tyr Y TAT | Cys C TGT
      TTC |       TCC |       TAC |       TGC
Leu L TTA |       TCA | *** * TAA | *** * TGA
      TTG |       TCG |       TAG | Trp W TGG
----------------------------------------------
Leu L CTT | Pro P CCT | His H CAT | Arg R CGT
      CTC |       CCC |       CAC |       CGC
      CTA |       CCA | Gln Q CAA |       CGA
      CTG |       CCG |       CAG |       CGG
----------------------------------------------
Ile I ATT | Thr T ACT | Asn N AAT | Ser S AGT
      ATC |       ACC |       AAC |       AGC
      ATA |       ACA | Lys K AAA | Arg R AGA
Met M ATG |       ACG |       AAG |       AGG
----------------------------------------------
Val V GTT | Ala A GCT | Asp D GAT | Gly G GGT
      GTC |       GCC |       GAC |       GGC
      GTA |       GCA | Glu E GAA |       GGA
      GTG |       GCG |       GAG |       GGG
----------------------------------------------
Nice code, uuh?


Ambiguity character definition table:

T (1): T 
C (1): C 
A (1): A 
G (1): G 
U (1): T 
Y (2): T C 
R (2): A G 
M (2): C A 
K (2): T G 
S (2): C G 
W (2): T A 
H (3): T C A 
B (3): T C G 
V (3): C A G 
D (3): T A G 
- (4): T C A G 
N (4): T C A G 
? (4): T C A G 

ns = 3  	ls = 1470
Reading sequences, interlaved format..
Reading seq # 1: A166     Reading seq # 2: A167     Reading seq # 3: A168     
block   1:     60     60     60
block   2:    120    120    120
block   3:    180    180    180
block   4:    240    240    240
block   5:    300    300    300
block   6:    360    360    360
block   7:    420    420    420
block   8:    480    480    480
block   9:    540    540    540
block  10:    600    600    600
block  11:    660    660    660
block  12:    720    720    720
block  13:    780    780    780
block  14:    840    840    840
block  15:    900    900    900
block  16:    960    960    960
block  17:   1020   1020   1020
block  18:   1080   1080   1080
block  19:   1140   1140   1140
block  20:   1200   1200   1200
block  21:   1260   1260   1260
block  22:   1320   1320   1320
block  23:   1380   1380   1380
block  24:   1440   1440   1440
block  25:   1470   1470   1470
Sequences read..
Counting site patterns..  0:00
         132 patterns at      490 /      490 sites (100.0%),  0:00
1 ambiguous codons are seen in the data:
 ---
Counting codons..

  2   1:Sites   362.8 + 1107.2 = 1470.0	Diffs     2.5 +    9.5 =   12.0
  3   1:Sites   353.5 + 1065.5 = 1419.0	Diffs    30.3 +   44.7 =   75.0
  3   2:Sites   353.8 + 1065.2 = 1419.0	Diffs    32.3 +   50.7 =   83.0

       24 bytes for distance
   128832 bytes for conP
     3168 bytes for fhK
  5000000 bytes for space

TREE #  1
((2, 1), 3);   MP score: -1
This is a rooted tree, without clock.  Check.

initial w for M2:NSpselection reset.

    0.072055    0.021453    0.003172    0.090051    2.000000    1.702878    0.544920    0.254804    2.882193

ntime & nrate & np:     4     3     9

Bounds (np=9):
   0.000004   0.000004   0.000004   0.000004   0.000100 -99.000000 -99.000000   0.000001   1.000000
  50.000000  50.000000  50.000000  50.000000 999.000000  99.000000  99.000000   1.000000 999.000000
Qfactor_NS = 5.778624

np =     9
lnL0 = -2419.343746

Iterating by ming2
Initial: fx=  2419.343746
x=  0.07206  0.02145  0.00317  0.09005  2.00000  1.70288  0.54492  0.25480  2.88219

  1 h-m-p  0.0000 0.0000 147.6107 YCYC   2419.190128  3 0.0000    18 | 0/9
  2 h-m-p  0.0000 0.0063  71.2009 +CYC   2419.028483  2 0.0001    34 | 0/9
  3 h-m-p  0.0001 0.0025  51.8041 YCC    2418.868202  2 0.0002    49 | 0/9
  4 h-m-p  0.0003 0.0094  26.9988 +++    2413.969762  m 0.0094    62 | 1/9
  5 h-m-p  0.0003 0.0016 188.7943 YC     2413.794592  1 0.0006    75 | 1/9
  6 h-m-p  0.0405 4.4676   2.8332 ++CYCC  2411.411719  3 0.5136    94 | 0/9
  7 h-m-p  0.0410 0.2051  31.2990 CCC    2411.299764  2 0.0086   110 | 0/9
  8 h-m-p  0.1243 8.0000   2.1710 +YCCC  2410.872363  3 0.3256   128 | 0/9
  9 h-m-p  1.4011 8.0000   0.5045 CC     2410.849989  1 0.5365   142 | 0/9
 10 h-m-p  1.6000 8.0000   0.0506 ----------------..  | 0/9
 11 h-m-p  0.0000 0.0000 154.5317 ++     2410.648837  m 0.0000   198 | 1/9
 12 h-m-p  0.0004 0.1885 195.8908 -YCC   2410.567477  2 0.0000   214 | 1/9
 13 h-m-p  0.0032 1.5781   6.0987 ++YCCC  2409.912833  3 0.0391   233 | 1/9
 14 h-m-p  0.0013 0.0067  35.0072 ++     2408.961051  m 0.0067   245 | 2/9
 15 h-m-p  0.1314 2.3520   1.7155 +YCCC  2408.389151  3 0.3646   263 | 2/9
 16 h-m-p  0.4665 8.0000   1.3408 +YYCCC  2407.047858  4 2.6794   282 | 2/9
 17 h-m-p  1.5079 7.5397   0.9237 YCCC   2406.696544  3 0.9539   299 | 2/9
 18 h-m-p  0.7074 8.0000   1.2456 CCC    2406.441235  2 0.7485   322 | 1/9
 19 h-m-p  0.0194 0.2526  48.0800 YCC    2406.371748  2 0.0141   337 | 1/9
 20 h-m-p  0.3790 8.0000   1.7876 +CCCCC  2405.920973  4 2.1575   358 | 1/9
 21 h-m-p  1.6000 8.0000   2.2089 YCCC   2405.265312  3 3.2622   375 | 1/9
 22 h-m-p  1.6000 8.0000   2.0563 ++     2403.759009  m 8.0000   387 | 1/9
 23 h-m-p  1.6000 8.0000   4.9012 ++     2402.225905  m 8.0000   399 | 1/9
 24 h-m-p  0.5999 2.9996  15.8108 YCC    2402.043215  2 0.2910   414 | 1/9
 25 h-m-p  0.1073 2.7260  42.8671 +YCCCCC  2400.849261  5 0.9022   436 | 1/9
 26 h-m-p  1.6000 8.0000  10.7788 ++     2399.879295  m 8.0000   448 | 1/9
 27 h-m-p  0.2783 1.3916  19.4103 ++     2399.604040  m 1.3916   460 | 1/9
 28 h-m-p -0.0000 -0.0000   4.7349 
h-m-p:     -0.00000000e+00     -0.00000000e+00      4.73489493e+00  2399.604040
..  | 1/9
 29 h-m-p  0.0009 0.4728  15.7459 -CC    2399.593883  1 0.0001   484 | 1/9
 30 h-m-p  0.0013 0.6472   1.7515 +YC    2399.574835  1 0.0126   498 | 1/9
 31 h-m-p  0.0280 1.1161   0.7870 YC     2399.569403  1 0.0209   511 | 1/9
 32 h-m-p  0.0564 4.7012   0.2920 YC     2399.565947  1 0.0941   532 | 1/9
 33 h-m-p  0.3065 8.0000   0.0896 YC     2399.563776  1 0.6065   553 | 1/9
 34 h-m-p  1.6000 8.0000   0.0014 C      2399.563772  0 1.3499   573 | 1/9
 35 h-m-p  1.0558 8.0000   0.0018 ++     2399.563754  m 8.0000   593 | 1/9
 36 h-m-p  0.0197 8.0000   0.7214 +++CC  2399.562834  1 1.9994   618 | 1/9
 37 h-m-p  1.6000 8.0000   0.6668 ++     2399.557145  m 8.0000   638 | 1/9
 38 h-m-p  0.5537 8.0000   9.6342 YC     2399.552781  1 1.1342   659 | 1/9
 39 h-m-p  1.6000 8.0000   0.0917 Y      2399.552779  0 1.0635   671 | 1/9
 40 h-m-p  1.6000 8.0000   0.0039 Y      2399.552779  0 1.1299   691 | 1/9
 41 h-m-p  1.6000 8.0000   0.0008 -C     2399.552779  0 0.1000   712 | 1/9
 42 h-m-p  0.0644 8.0000   0.0012 --------Y  2399.552779  0 0.0000   740 | 1/9
 43 h-m-p  0.0160 8.0000   0.0045 ---C   2399.552779  0 0.0001   763 | 1/9
 44 h-m-p  0.0160 8.0000   0.0588 ---------Y  2399.552779  0 0.0000   792 | 1/9
 45 h-m-p  0.0160 8.0000   0.0001 -------------..  | 1/9
 46 h-m-p  0.0160 8.0000   0.0003 ------------- | 1/9
 47 h-m-p  0.0160 8.0000   0.0003 -------------
Out..
lnL  = -2399.552779
886 lfun, 3544 eigenQcodon, 10632 P(t)

BEBing (dim = 4).  This may take several minutes.
Calculating f(x_h|w): 10 categories 21 w sets.
S10 w log{f(x|w)}:    0.0500     -4.235707
S10 w log{f(x|w)}:    0.1500     -4.245021
S10 w log{f(x|w)}:    0.2500     -4.254319
S10 w log{f(x|w)}:    0.3500     -4.263602
S10 w log{f(x|w)}:    0.4500     -4.272869
S10 w log{f(x|w)}:    0.5500     -4.282120
S10 w log{f(x|w)}:    0.6500     -4.291355
S10 w log{f(x|w)}:    0.7500     -4.300574
S10 w log{f(x|w)}:    0.8500     -4.309778
S10 w log{f(x|w)}:    0.9500     -4.318965
S10 w log{f(x|w)}:    1.0000     -4.323553
S10 w log{f(x|w)}:    1.5000     -4.369216
S10 w log{f(x|w)}:    2.5000     -4.459357
S10 w log{f(x|w)}:    3.5000     -4.547923
S10 w log{f(x|w)}:    4.5000     -4.634913
S10 w log{f(x|w)}:    5.5000     -4.720328
S10 w log{f(x|w)}:    6.5000     -4.804167
S10 w log{f(x|w)}:    7.5000     -4.886426
S10 w log{f(x|w)}:    8.5000     -4.967104
S10 w log{f(x|w)}:    9.5000     -5.046196
S10 w log{f(x|w)}:   10.5000     -5.123698
Calculating f(X), the marginal probability of data.
	log(fX) = -2429.674930  S = -2304.167881  -117.973408
Calculating f(w|X), posterior probabilities of site classes.
	did  10 / 132 patterns   0:09	did  20 / 132 patterns   0:09	did  30 / 132 patterns   0:09	did  40 / 132 patterns   0:10	did  50 / 132 patterns   0:10	did  60 / 132 patterns   0:10	did  70 / 132 patterns   0:10	did  80 / 132 patterns   0:10	did  90 / 132 patterns   0:10	did 100 / 132 patterns   0:10	did 110 / 132 patterns   0:10	did 120 / 132 patterns   0:10	did 130 / 132 patterns   0:10	did 132 / 132 patterns   0:10
Reconstructed ancestral states go into file rst.

lnL = -2399.552779 from ProbSitePattern.
Marginal reconstruction.
	Node   4: lnL = -2399.552779
	Node   5: lnL = -2399.552779

warning: strange character '-' 
warning ambiguity in difcodonNG: --- ATG
warning: strange character '-' 
warning ambiguity in difcodonNG: --- CAC
warning: strange character '-' 
warning ambiguity in difcodonNG: --- GTA
warning: strange character '-' 
warning ambiguity in difcodonNG: --- AGT
warning: strange character '-' 
warning ambiguity in difcodonNG: --- GCG
warning: strange character '-' 
warning ambiguity in difcodonNG: --- CAA
warning: strange character '-' 
warning ambiguity in difcodonNG: --- GCA
warning: strange character '-' 
warning ambiguity in difcodonNG: --- AGG
warning: strange character '-' 
warning ambiguity in difcodonNG: --- CAA
warning: strange character '-' 
warning ambiguity in difcodonNG: --- ACA
warning: strange character '-' 
warning ambiguity in difcodonNG: --- CTC
warning: strange character '-' 
warning ambiguity in difcodonNG: --- TGT
warning: strange character '-' 
warning ambiguity in difcodonNG: --- TAT
warning: strange character '-' 
warning ambiguity in difcodonNG: --- CAT
warning: strange character '-' 
warning ambiguity in difcodonNG: --- GTT
warning: strange character '-' 
warning ambiguity in difcodonNG: --- TGT
warning: strange character '-' 
warning ambiguity in difcodonNG: --- TGG
warning: strange character '-' 
warning ambiguity in difcodonNG: ATG ---
warning: strange character '-' 
warning ambiguity in difcodonNG: CAC ---
warning: strange character '-' 
warning ambiguity in difcodonNG: GTA ---
warning: strange character '-' 
warning ambiguity in difcodonNG: AGT ---
warning: strange character '-' 
warning ambiguity in difcodonNG: GCG ---
warning: strange character '-' 
warning ambiguity in difcodonNG: CAA ---
warning: strange character '-' 
warning ambiguity in difcodonNG: GCA ---
warning: strange character '-' 
warning ambiguity in difcodonNG: AGG ---
warning: strange character '-' 
warning ambiguity in difcodonNG: CAA ---
warning: strange character '-' 
warning ambiguity in difcodonNG: ACA ---
warning: strange character '-' 
warning ambiguity in difcodonNG: CTC ---
warning: strange character '-' 
warning ambiguity in difcodonNG: TGT ---
warning: strange character '-' 
warning ambiguity in difcodonNG: TAT ---
warning: strange character '-' 
warning ambiguity in difcodonNG: CAT ---
warning: strange character '-' 
warning ambiguity in difcodonNG: GTT ---
warning: strange character '-' 
warning ambiguity in difcodonNG: TGT ---
warning: strange character '-' 
warning ambiguity in difcodonNG: TGG ---end of tree file.

Time used:  0:10
