
 15         verbose | verbose                1.00
  7         runmode | runmode                0.00
  4         seqtype | seqtype                1.00
 13       CodonFreq | CodonFreq              2.00
  9           clock | clock                  0.00
 18          aaDist | aaDist                 0.00
 19      aaRatefile | aaRatefile             1.00
 16           model | model                  0.00
 20         NSsites | NSsites                7.00
 22           icode | icode                  0.00
 23           Mgene | Mgene                  0.00
 24       fix_kappa | fix_kappa              0.00
 25           kappa | kappa                  2.00
 26       fix_omega | fix_omega              0.00
 27           omega | omega                  0.40
 28       fix_alpha | fix_alpha              1.00
 29           alpha | alpha                  0.00
 30          Malpha | Malpha                 0.00
 31           ncatG | ncatG                  8.00
 11           getSE | getSE                  0.00
 12    RateAncestor | RateAncestor           1.00
 36      Small_Diff | Small_Diff             0.00
  6       cleandata | cleandata              0.00
  8          method | method                 0.00
CODONML in paml version 4.8a, August 2014

----------------------------------------------
Phe F TTT | Ser S TCT | Tyr Y TAT | Cys C TGT
      TTC |       TCC |       TAC |       TGC
Leu L TTA |       TCA | *** * TAA | *** * TGA
      TTG |       TCG |       TAG | Trp W TGG
----------------------------------------------
Leu L CTT | Pro P CCT | His H CAT | Arg R CGT
      CTC |       CCC |       CAC |       CGC
      CTA |       CCA | Gln Q CAA |       CGA
      CTG |       CCG |       CAG |       CGG
----------------------------------------------
Ile I ATT | Thr T ACT | Asn N AAT | Ser S AGT
      ATC |       ACC |       AAC |       AGC
      ATA |       ACA | Lys K AAA | Arg R AGA
Met M ATG |       ACG |       AAG |       AGG
----------------------------------------------
Val V GTT | Ala A GCT | Asp D GAT | Gly G GGT
      GTC |       GCC |       GAC |       GGC
      GTA |       GCA | Glu E GAA |       GGA
      GTG |       GCG |       GAG |       GGG
----------------------------------------------
Nice code, uuh?


Ambiguity character definition table:

T (1): T 
C (1): C 
A (1): A 
G (1): G 
U (1): T 
Y (2): T C 
R (2): A G 
M (2): C A 
K (2): T G 
S (2): C G 
W (2): T A 
H (3): T C A 
B (3): T C G 
V (3): C A G 
D (3): T A G 
- (4): T C A G 
N (4): T C A G 
? (4): T C A G 

ns = 5  	ls = 3810
Reading sequences, interlaved format..
Reading seq # 1: A111     Reading seq # 2: A110     Reading seq # 3: A109     Reading seq # 4: A112     Reading seq # 5: A113     
block   1:     60     60     60     60     60
block   2:    120    120    120    120    120
block   3:    180    180    180    180    180
block   4:    240    240    240    240    240
block   5:    300    300    300    300    300
block   6:    360    360    360    360    360
block   7:    420    420    420    420    420
block   8:    480    480    480    480    480
block   9:    540    540    540    540    540
block  10:    600    600    600    600    600
block  11:    660    660    660    660    660
block  12:    720    720    720    720    720
block  13:    780    780    780    780    780
block  14:    840    840    840    840    840
block  15:    900    900    900    900    900
block  16:    960    960    960    960    960
block  17:   1020   1020   1020   1020   1020
block  18:   1080   1080   1080   1080   1080
block  19:   1140   1140   1140   1140   1140
block  20:   1200   1200   1200   1200   1200
block  21:   1260   1260   1260   1260   1260
block  22:   1320   1320   1320   1320   1320
block  23:   1380   1380   1380   1380   1380
block  24:   1440   1440   1440   1440   1440
block  25:   1500   1500   1500   1500   1500
block  26:   1560   1560   1560   1560   1560
block  27:   1620   1620   1620   1620   1620
block  28:   1680   1680   1680   1680   1680
block  29:   1740   1740   1740   1740   1740
block  30:   1800   1800   1800   1800   1800
block  31:   1860   1860   1860   1860   1860
block  32:   1920   1920   1920   1920   1920
block  33:   1980   1980   1980   1980   1980
block  34:   2040   2040   2040   2040   2040
block  35:   2100   2100   2100   2100   2100
block  36:   2160   2160   2160   2160   2160
block  37:   2220   2220   2220   2220   2220
block  38:   2280   2280   2280   2280   2280
block  39:   2340   2340   2340   2340   2340
block  40:   2400   2400   2400   2400   2400
block  41:   2460   2460   2460   2460   2460
block  42:   2520   2520   2520   2520   2520
block  43:   2580   2580   2580   2580   2580
block  44:   2640   2640   2640   2640   2640
block  45:   2700   2700   2700   2700   2700
block  46:   2760   2760   2760   2760   2760
block  47:   2820   2820   2820   2820   2820
block  48:   2880   2880   2880   2880   2880
block  49:   2940   2940   2940   2940   2940
block  50:   3000   3000   3000   3000   3000
block  51:   3060   3060   3060   3060   3060
block  52:   3120   3120   3120   3120   3120
block  53:   3180   3180   3180   3180   3180
block  54:   3240   3240   3240   3240   3240
block  55:   3300   3300   3300   3300   3300
block  56:   3360   3360   3360   3360   3360
block  57:   3420   3420   3420   3420   3420
block  58:   3480   3480   3480   3480   3480
block  59:   3540   3540   3540   3540   3540
block  60:   3600   3600   3600   3600   3600
block  61:   3660   3660   3660   3660   3660
block  62:   3720   3720   3720   3720   3720
block  63:   3780   3780   3780   3780   3780
block  64:   3810   3810   3810   3810   3810
codon     621: TCT AGT TCT AGT TCT 
Sequences read..
Counting site patterns..  0:00
         285 patterns at     1270 /     1270 sites (100.0%),  0:00
1 ambiguous codons are seen in the data:
 ---
Counting codons..

  2   1:Sites   960.3 + 2846.7 = 3807.0	Diffs    78.8 +  160.2 =  239.0
  3   1:Sites   962.4 + 2838.6 = 3801.0	Diffs    29.3 +   84.7 =  114.0
  3   2:Sites   958.4 + 2842.6 = 3801.0	Diffs    89.0 +  193.0 =  282.0
  4   1:Sites   964.9 + 2836.1 = 3801.0	Diffs    28.8 +   91.2 =  120.0
  4   2:Sites   960.8 + 2840.2 = 3801.0	Diffs    79.3 +  161.8 =  241.0
  4   3:Sites   964.3 + 2836.7 = 3801.0	Diffs    29.7 +   71.2 =  101.0
  5   1:Sites   883.5 + 2626.5 = 3510.0	Diffs    18.6 +   39.4 =   58.0
  5   2:Sites   878.8 + 2631.2 = 3510.0	Diffs    79.2 +  150.8 =  230.0
  5   3:Sites   881.0 + 2629.0 = 3510.0	Diffs     4.5 +    9.5 =   14.0
  5   4:Sites   883.6 + 2626.4 = 3510.0	Diffs    24.2 +   64.8 =   89.0

       80 bytes for distance
   278160 bytes for conP
    18240 bytes for fhK
  5000000 bytes for space

TREE #  1
(((3, 5), (1, 2)), 4);   MP score: -1
This is a rooted tree, without clock.  Check.

   556320 bytes for conP, adjusted

    0.000000    0.029476    0.035776    0.002505    0.032243    0.048820    0.135385    0.047593    2.000000    1.082193    1.185780

ntime & nrate & np:     8     1    11

Bounds (np=11):
   0.000004   0.000004   0.000004   0.000004   0.000004   0.000004   0.000004   0.000004   0.000100   0.005000   0.005000
  50.000000  50.000000  50.000000  50.000000  50.000000  50.000000  50.000000  50.000000 999.000000  99.000000  99.000000
Qfactor_NS = 7.823847

np =    11
lnL0 = -7404.706206

Iterating by ming2
Initial: fx=  7404.706206
x=  0.00000  0.02948  0.03578  0.00250  0.03224  0.04882  0.13539  0.04759  2.00000  1.08219  1.18578

  1 h-m-p  0.0000 0.0000 1405.3986 ++     7404.694943  m 0.0000    16 | 1/11
  2 h-m-p  0.0000 0.0000 4565.9729 +YYYYCYCCC  7371.827148  8 0.0000    42 | 1/11
  3 h-m-p  0.0000 0.0001 610.8569 YCYCCC  7366.097058  5 0.0000    64 | 1/11
  4 h-m-p  0.0001 0.0003 313.3796 YYC    7363.902721  2 0.0001    80 | 1/11
  5 h-m-p  0.0001 0.0006 297.0806 YCCC   7362.951066  3 0.0000    99 | 1/11
  6 h-m-p  0.0002 0.0051  67.1037 YCCC   7362.348331  3 0.0003   118 | 1/11
  7 h-m-p  0.0000 0.0015 503.0896 +YCC   7358.299799  2 0.0003   136 | 1/11
  8 h-m-p  0.0000 0.0002 1681.6528 CCC    7355.807532  2 0.0001   154 | 1/11
  9 h-m-p  0.0084 0.0890  11.5065 YCCCC  7354.354103  4 0.0191   175 | 1/11
 10 h-m-p  0.0267 0.1751   8.2128 +YYYYYYYYYY  7348.500243 10 0.1070   199 | 1/11
 11 h-m-p  0.0055 0.0274  22.5222 YYCCCCC  7347.857584  6 0.0067   223 | 1/11
 12 h-m-p  0.2409 1.2043   0.5341 YCYYCCC  7341.954851  6 0.7101   247 | 1/11
 13 h-m-p  0.0379 0.1895   1.6543 +YCCC  7326.300039  3 0.1516   277 | 1/11
 14 h-m-p  0.0032 0.0159   3.5660 +YYCCC  7325.800381  4 0.0097   298 | 1/11
 15 h-m-p  0.0399 0.4455   0.8647 ++     7321.495827  m 0.4455   312 | 1/11
 16 h-m-p  0.0306 0.2042  12.5835 YCCCC  7309.973448  4 0.0572   343 | 1/11
 17 h-m-p  0.0231 0.1157   0.3810 ++     7307.715003  m 0.1157   357 | 0/11
 18 h-m-p -0.0000 -0.0000   2.1661 
h-m-p:     -0.00000000e+00     -0.00000000e+00      2.16614246e+00  7307.715003
..  | 0/11
 19 h-m-p  0.0000 0.0000 1005.5936 +YYCYC  7301.003577  4 0.0000   398 | 0/11
 20 h-m-p  0.0000 0.0001 337.0396 YYCCCC  7300.296173  5 0.0000   420 | 0/11
 21 h-m-p  0.0000 0.0001 392.7320 YYC    7299.918330  2 0.0000   436 | 0/11
 22 h-m-p  0.0000 0.0000 442.9430 YCCC   7299.819626  3 0.0000   455 | 0/11
 23 h-m-p  0.0000 0.0027  59.2107 YC     7299.782207  1 0.0000   470 | 0/11
 24 h-m-p  0.0001 0.0003  13.9013 YC     7299.771712  1 0.0001   485 | 0/11
 25 h-m-p  0.0000 0.0006  54.1856 +YC    7299.741605  1 0.0001   501 | 0/11
 26 h-m-p  0.0002 0.0009  25.8204 C      7299.718308  0 0.0002   515 | 0/11
 27 h-m-p  0.0000 0.0002 114.3102 ++     7299.571042  m 0.0002   529 | 1/11
 28 h-m-p  0.0003 0.0286  62.0965 ++YYYYYY  7297.941084  5 0.0051   550 | 1/11
 29 h-m-p  0.1378 0.6891   0.1010 CYYC   7297.872164  3 0.1353   568 | 1/11
 30 h-m-p  0.0430 0.8275   0.3176 +CC    7297.721639  1 0.1745   595 | 1/11
 31 h-m-p  0.3702 1.8511   0.0521 YC     7297.611578  1 0.8028   620 | 1/11
 32 h-m-p  1.6000 8.0000   0.0015 YC     7297.607935  1 1.0636   645 | 1/11
 33 h-m-p  1.6000 8.0000   0.0005 Y      7297.607912  0 1.0179   669 | 1/11
 34 h-m-p  1.6000 8.0000   0.0000 C      7297.607912  0 2.3281   693 | 1/11
 35 h-m-p  1.4994 8.0000   0.0000 ++     7297.607911  m 8.0000   717 | 1/11
 36 h-m-p  0.0321 0.1604   0.0011 ++     7297.607911  m 0.1604   741 | 2/11
 37 h-m-p  0.0741 8.0000   0.0017 --------------..  | 2/11
 38 h-m-p  0.0001 0.0346   0.1689 -Y     7297.607910  0 0.0000   801 | 2/11
 39 h-m-p  0.0003 0.1654   0.0946 -Y     7297.607910  0 0.0000   825 | 2/11
 40 h-m-p  0.0013 0.6735   0.0617 --C    7297.607910  0 0.0000   850 | 2/11
 41 h-m-p  0.0045 2.2440   0.1297 -C     7297.607910  0 0.0002   874 | 2/11
 42 h-m-p  0.0057 2.8439   0.7308 -Y     7297.607908  0 0.0002   898 | 2/11
 43 h-m-p  0.0013 0.6697   0.8840 -C     7297.607906  0 0.0001   922 | 2/11
 44 h-m-p  0.0036 1.7864   0.6604 -C     7297.607903  0 0.0003   946 | 2/11
 45 h-m-p  0.0023 1.0259   0.0813 --C    7297.607903  0 0.0000   971 | 2/11
 46 h-m-p  0.0160 8.0000   0.0005 +Y     7297.607903  0 0.1090   995 | 2/11
 47 h-m-p  0.1234 8.0000   0.0005 +C     7297.607902  0 0.4582  1019 | 2/11
 48 h-m-p  1.6000 8.0000   0.0001 C      7297.607902  0 1.7969  1042 | 1/11
 49 h-m-p  0.0160 8.0000   0.0135 -----Y  7297.607902  0 0.0000  1070 | 2/11
 50 h-m-p  0.0233 8.0000   0.0000 -C     7297.607902  0 0.0015  1095 | 2/11
 51 h-m-p  0.0160 8.0000   0.0001 C      7297.607902  0 0.0160  1118 | 2/11
 52 h-m-p  0.3791 8.0000   0.0000 ------------C  7297.607902  0 0.0000  1153
Out..
lnL  = -7297.607902
1154 lfun, 10386 eigenQcodon, 73856 P(t)

Reconstructed ancestral states go into file rst.

lnL = -7297.607902 from ProbSitePattern.
Marginal reconstruction.
	Node   6: lnL = -7297.607902
	Node   7: lnL = -7297.607902
	Node   8: lnL = -7297.607902
	Node   9: lnL = -7297.607902

warning: strange character '-' 
warning ambiguity in difcodonNG: --- GAT
warning: strange character '-' 
warning ambiguity in difcodonNG: --- TCT
warning: strange character '-' 
warning ambiguity in difcodonNG: --- GAC
warning: strange character '-' 
warning ambiguity in difcodonNG: --- GAT
warning: strange character '-' 
warning ambiguity in difcodonNG: --- TGG
warning: strange character '-' 
warning ambiguity in difcodonNG: --- TCT
warning: strange character '-' 
warning ambiguity in difcodonNG: --- GAG
warning: strange character '-' 
warning ambiguity in difcodonNG: --- GCC
warning: strange character '-' 
warning ambiguity in difcodonNG: --- TAC
warning: strange character '-' 
warning ambiguity in difcodonNG: --- TGC
warning: strange character '-' 
warning ambiguity in difcodonNG: --- CGG
warning: strange character '-' 
warning ambiguity in difcodonNG: --- GAA
warning: strange character '-' 
warning ambiguity in difcodonNG: --- GTG
warning: strange character '-' 
warning ambiguity in difcodonNG: --- GTT
warning: strange character '-' 
warning ambiguity in difcodonNG: --- TGC
warning: strange character '-' 
warning ambiguity in difcodonNG: --- CGT
warning: strange character '-' 
warning ambiguity in difcodonNG: --- ATA
warning: strange character '-' 
warning ambiguity in difcodonNG: --- GCG
warning: strange character '-' 
warning ambiguity in difcodonNG: --- GTA
warning: strange character '-' 
warning ambiguity in difcodonNG: --- AGG
warning: strange character '-' 
warning ambiguity in difcodonNG: --- GTT
warning: strange character '-' 
warning ambiguity in difcodonNG: --- GGG
warning: strange character '-' 
warning ambiguity in difcodonNG: --- CGC
warning: strange character '-' 
warning ambiguity in difcodonNG: --- GTG
warning: strange character '-' 
warning ambiguity in difcodonNG: --- GCG
warning: strange character '-' 
warning ambiguity in difcodonNG: --- GAC
warning: strange character '-' 
warning ambiguity in difcodonNG: --- TTT
warning: strange character '-' 
warning ambiguity in difcodonNG: --- CGT
warning: strange character '-' 
warning ambiguity in difcodonNG: --- GTG
warning: strange character '-' 
warning ambiguity in difcodonNG: --- GGA
warning: strange character '-' 
warning ambiguity in difcodonNG: --- CAT
warning: strange character '-' 
warning ambiguity in difcodonNG: --- AAC
warning: strange character '-' 
warning ambiguity in difcodonNG: --- TCC
warning: strange character '-' 
warning ambiguity in difcodonNG: --- CTA
warning: strange character '-' 
warning ambiguity in difcodonNG: --- AAT
warning: strange character '-' 
warning ambiguity in difcodonNG: --- TCT
warning: strange character '-' 
warning ambiguity in difcodonNG: --- TCG
warning: strange character '-' 
warning ambiguity in difcodonNG: --- ACT
warning: strange character '-' 
warning ambiguity in difcodonNG: --- ATT
warning: strange character '-' 
warning ambiguity in difcodonNG: --- TCT
warning: strange character '-' 
warning ambiguity in difcodonNG: --- GAC
warning: strange character '-' 
warning ambiguity in difcodonNG: --- TTA
warning: strange character '-' 
warning ambiguity in difcodonNG: --- ATG
warning: strange character '-' 
warning ambiguity in difcodonNG: --- GGT
warning: strange character '-' 
warning ambiguity in difcodonNG: --- GGG
warning: strange character '-' 
warning ambiguity in difcodonNG: --- GTC
warning: strange character '-' 
warning ambiguity in difcodonNG: --- CAA
warning: strange character '-' 
warning ambiguity in difcodonNG: --- CCT
warning: strange character '-' 
warning ambiguity in difcodonNG: --- TCG
warning: strange character '-' 
warning ambiguity in difcodonNG: --- TTG
warning: strange character '-' 
warning ambiguity in difcodonNG: --- CTT
warning: strange character '-' 
warning ambiguity in difcodonNG: --- GGT
warning: strange character '-' 
warning ambiguity in difcodonNG: --- ATT
warning: strange character '-' 
warning ambiguity in difcodonNG: --- GAA
warning: strange character '-' 
warning ambiguity in difcodonNG: --- GTT
warning: strange character '-' 
warning ambiguity in difcodonNG: --- TTG
warning: strange character '-' 
warning ambiguity in difcodonNG: --- CGT
warning: strange character '-' 
warning ambiguity in difcodonNG: --- TCG
warning: strange character '-' 
warning ambiguity in difcodonNG: --- CCT
warning: strange character '-' 
warning ambiguity in difcodonNG: --- TTG
warning: strange character '-' 
warning ambiguity in difcodonNG: --- CTA
warning: strange character '-' 
warning ambiguity in difcodonNG: --- TCA
warning: strange character '-' 
warning ambiguity in difcodonNG: --- AGG
warning: strange character '-' 
warning ambiguity in difcodonNG: --- TCC
warning: strange character '-' 
warning ambiguity in difcodonNG: --- AAT
warning: strange character '-' 
warning ambiguity in difcodonNG: --- TAC
warning: strange character '-' 
warning ambiguity in difcodonNG: --- CCT
warning: strange character '-' 
warning ambiguity in difcodonNG: --- GGC
warning: strange character '-' 
warning ambiguity in difcodonNG: --- GAT
warning: strange character '-' 
warning ambiguity in difcodonNG: --- AAC
warning: strange character '-' 
warning ambiguity in difcodonNG: --- GGT
warning: strange character '-' 
warning ambiguity in difcodonNG: --- GAT
warning: strange character '-' 
warning ambiguity in difcodonNG: --- TTG
warning: strange character '-' 
warning ambiguity in difcodonNG: --- GCG
warning: strange character '-' 
warning ambiguity in difcodonNG: --- TCG
warning: strange character '-' 
warning ambiguity in difcodonNG: --- GTT
warning: strange character '-' 
warning ambiguity in difcodonNG: --- GGT
warning: strange character '-' 
warning ambiguity in difcodonNG: --- ATT
warning: strange character '-' 
warning ambiguity in difcodonNG: --- GTA
warning: strange character '-' 
warning ambiguity in difcodonNG: --- GCA
warning: strange character '-' 
warning ambiguity in difcodonNG: --- AGC
warning: strange character '-' 
warning ambiguity in difcodonNG: --- TCC
warning: strange character '-' 
warning ambiguity in difcodonNG: --- GAT
warning: strange character '-' 
warning ambiguity in difcodonNG: --- GCG
warning: strange character '-' 
warning ambiguity in difcodonNG: --- TCT
warning: strange character '-' 
warning ambiguity in difcodonNG: --- GAG
warning: strange character '-' 
warning ambiguity in difcodonNG: --- GCC
warning: strange character '-' 
warning ambiguity in difcodonNG: --- CTG
warning: strange character '-' 
warning ambiguity in difcodonNG: --- TCA
warning: strange character '-' 
warning ambiguity in difcodonNG: --- CGG
warning: strange character '-' 
warning ambiguity in difcodonNG: --- CGG
warning: strange character '-' 
warning ambiguity in difcodonNG: --- AGC
warning: strange character '-' 
warning ambiguity in difcodonNG: --- ACA
warning: strange character '-' 
warning ambiguity in difcodonNG: --- GTA
warning: strange character '-' 
warning ambiguity in difcodonNG: --- GAG
warning: strange character '-' 
warning ambiguity in difcodonNG: --- GCT
warning: strange character '-' 
warning ambiguity in difcodonNG: --- ACG
warning: strange character '-' 
warning ambiguity in difcodonNG: --- GTG
warning: strange character '-' 
warning ambiguity in difcodonNG: --- CTG
warning: strange character '-' 
warning ambiguity in difcodonNG: --- AAG
warning: strange character '-' 
warning ambiguity in difcodonNG: --- GGT
warning: strange character '-' 
warning ambiguity in difcodonNG: --- GAC
warning: strange character '-' 
warning ambiguity in difcodonNG: --- CTC
warning: strange character '-' 
warning ambiguity in difcodonNG: --- GAT
warning: strange character '-' 
warning ambiguity in difcodonNG: --- GAT
warning: strange character '-' 
warning ambiguity in difcodonNG: --- TCT
warning: strange character '-' 
warning ambiguity in difcodonNG: --- GAC
warning: strange character '-' 
warning ambiguity in difcodonNG: GAT ---
warning: strange character '-' 
warning ambiguity in difcodonNG: GAT ---
warning: strange character '-' 
warning ambiguity in difcodonNG: GAT ---
warning: strange character '-' 
warning ambiguity in difcodonNG: GAT ---
warning: strange character '-' 
warning ambiguity in difcodonNG: TGG ---
warning: strange character '-' 
warning ambiguity in difcodonNG: TCT ---
warning: strange character '-' 
warning ambiguity in difcodonNG: GAG ---
warning: strange character '-' 
warning ambiguity in difcodonNG: GCC ---
warning: strange character '-' 
warning ambiguity in difcodonNG: TAC ---
warning: strange character '-' 
warning ambiguity in difcodonNG: TGC ---
warning: strange character '-' 
warning ambiguity in difcodonNG: CGG ---
warning: strange character '-' 
warning ambiguity in difcodonNG: GAA ---
warning: strange character '-' 
warning ambiguity in difcodonNG: GTG ---
warning: strange character '-' 
warning ambiguity in difcodonNG: GTT ---
warning: strange character '-' 
warning ambiguity in difcodonNG: TGC ---
warning: strange character '-' 
warning ambiguity in difcodonNG: CGT ---
warning: strange character '-' 
warning ambiguity in difcodonNG: ATA ---
warning: strange character '-' 
warning ambiguity in difcodonNG: GCG ---
warning: strange character '-' 
warning ambiguity in difcodonNG: GTA ---
warning: strange character '-' 
warning ambiguity in difcodonNG: AGG ---
warning: strange character '-' 
warning ambiguity in difcodonNG: GTT ---
warning: strange character '-' 
warning ambiguity in difcodonNG: GGG ---
warning: strange character '-' 
warning ambiguity in difcodonNG: CGC ---
warning: strange character '-' 
warning ambiguity in difcodonNG: GTG ---
warning: strange character '-' 
warning ambiguity in difcodonNG: GCG ---
warning: strange character '-' 
warning ambiguity in difcodonNG: GAC ---
warning: strange character '-' 
warning ambiguity in difcodonNG: TTT ---
warning: strange character '-' 
warning ambiguity in difcodonNG: CGT ---
warning: strange character '-' 
warning ambiguity in difcodonNG: GTG ---
warning: strange character '-' 
warning ambiguity in difcodonNG: GGA ---
warning: strange character '-' 
warning ambiguity in difcodonNG: CAT ---
warning: strange character '-' 
warning ambiguity in difcodonNG: AAC ---
warning: strange character '-' 
warning ambiguity in difcodonNG: TCC ---
warning: strange character '-' 
warning ambiguity in difcodonNG: CTA ---
warning: strange character '-' 
warning ambiguity in difcodonNG: AAT ---
warning: strange character '-' 
warning ambiguity in difcodonNG: TCT ---
warning: strange character '-' 
warning ambiguity in difcodonNG: TCG ---
warning: strange character '-' 
warning ambiguity in difcodonNG: ACT ---
warning: strange character '-' 
warning ambiguity in difcodonNG: ATT ---
warning: strange character '-' 
warning ambiguity in difcodonNG: TCT ---
warning: strange character '-' 
warning ambiguity in difcodonNG: TCT ---
warning: strange character '-' 
warning ambiguity in difcodonNG: TCT ---
warning: strange character '-' 
warning ambiguity in difcodonNG: GAC ---
warning: strange character '-' 
warning ambiguity in difcodonNG: GAC ---
warning: strange character '-' 
warning ambiguity in difcodonNG: GAC ---
warning: strange character '-' 
warning ambiguity in difcodonNG: TTA ---
warning: strange character '-' 
warning ambiguity in difcodonNG: ATG ---
warning: strange character '-' 
warning ambiguity in difcodonNG: GGT ---
warning: strange character '-' 
warning ambiguity in difcodonNG: GGG ---
warning: strange character '-' 
warning ambiguity in difcodonNG: GTC ---
warning: strange character '-' 
warning ambiguity in difcodonNG: CAA ---
warning: strange character '-' 
warning ambiguity in difcodonNG: CCT ---
warning: strange character '-' 
warning ambiguity in difcodonNG: TCG ---
warning: strange character '-' 
warning ambiguity in difcodonNG: TTG ---
warning: strange character '-' 
warning ambiguity in difcodonNG: CTT ---
warning: strange character '-' 
warning ambiguity in difcodonNG: GGT ---
warning: strange character '-' 
warning ambiguity in difcodonNG: ATT ---
warning: strange character '-' 
warning ambiguity in difcodonNG: GAA ---
warning: strange character '-' 
warning ambiguity in difcodonNG: GTT ---
warning: strange character '-' 
warning ambiguity in difcodonNG: TTG ---
warning: strange character '-' 
warning ambiguity in difcodonNG: CGT ---
warning: strange character '-' 
warning ambiguity in difcodonNG: TCG ---
warning: strange character '-' 
warning ambiguity in difcodonNG: CCT ---
warning: strange character '-' 
warning ambiguity in difcodonNG: TTG ---
warning: strange character '-' 
warning ambiguity in difcodonNG: CTA ---
warning: strange character '-' 
warning ambiguity in difcodonNG: TCA ---
warning: strange character '-' 
warning ambiguity in difcodonNG: AGG ---
warning: strange character '-' 
warning ambiguity in difcodonNG: TCC ---
warning: strange character '-' 
warning ambiguity in difcodonNG: AAT ---
warning: strange character '-' 
warning ambiguity in difcodonNG: TAC ---
warning: strange character '-' 
warning ambiguity in difcodonNG: CCT ---
warning: strange character '-' 
warning ambiguity in difcodonNG: GGC ---
warning: strange character '-' 
warning ambiguity in difcodonNG: GAT ---
warning: strange character '-' 
warning ambiguity in difcodonNG: AAC ---
warning: strange character '-' 
warning ambiguity in difcodonNG: GGT ---
warning: strange character '-' 
warning ambiguity in difcodonNG: GAT ---
warning: strange character '-' 
warning ambiguity in difcodonNG: TTG ---
warning: strange character '-' 
warning ambiguity in difcodonNG: GCG ---
warning: strange character '-' 
warning ambiguity in difcodonNG: TCG ---
warning: strange character '-' 
warning ambiguity in difcodonNG: GTT ---
warning: strange character '-' 
warning ambiguity in difcodonNG: GGT ---
warning: strange character '-' 
warning ambiguity in difcodonNG: ATT ---
warning: strange character '-' 
warning ambiguity in difcodonNG: GTA ---
warning: strange character '-' 
warning ambiguity in difcodonNG: GCA ---
warning: strange character '-' 
warning ambiguity in difcodonNG: AGC ---
warning: strange character '-' 
warning ambiguity in difcodonNG: TCC ---
warning: strange character '-' 
warning ambiguity in difcodonNG: GAT ---
warning: strange character '-' 
warning ambiguity in difcodonNG: GCG ---
warning: strange character '-' 
warning ambiguity in difcodonNG: TCT ---
warning: strange character '-' 
warning ambiguity in difcodonNG: GAG ---
warning: strange character '-' 
warning ambiguity in difcodonNG: GCC ---
warning: strange character '-' 
warning ambiguity in difcodonNG: CTG ---
warning: strange character '-' 
warning ambiguity in difcodonNG: TCA ---
warning: strange character '-' 
warning ambiguity in difcodonNG: CGG ---
warning: strange character '-' 
warning ambiguity in difcodonNG: CGG ---
warning: strange character '-' 
warning ambiguity in difcodonNG: AGC ---
warning: strange character '-' 
warning ambiguity in difcodonNG: ACA ---
warning: strange character '-' 
warning ambiguity in difcodonNG: GTA ---
warning: strange character '-' 
warning ambiguity in difcodonNG: GAG ---
warning: strange character '-' 
warning ambiguity in difcodonNG: GCT ---
warning: strange character '-' 
warning ambiguity in difcodonNG: ACG ---
warning: strange character '-' 
warning ambiguity in difcodonNG: GTG ---
warning: strange character '-' 
warning ambiguity in difcodonNG: CTG ---
warning: strange character '-' 
warning ambiguity in difcodonNG: AAG ---
warning: strange character '-' 
warning ambiguity in difcodonNG: GGT ---
warning: strange character '-' 
warning ambiguity in difcodonNG: GAC ---
warning: strange character '-' 
warning ambiguity in difcodonNG: CTC ---end of tree file.

Time used:  1:23
