
 15         verbose | verbose                1.00
  7         runmode | runmode                0.00
  4         seqtype | seqtype                1.00
 13       CodonFreq | CodonFreq              2.00
  9           clock | clock                  0.00
 18          aaDist | aaDist                 0.00
 19      aaRatefile | aaRatefile             1.00
 16           model | model                  0.00
 20         NSsites | NSsites                1.00
 22           icode | icode                  0.00
 23           Mgene | Mgene                  0.00
 24       fix_kappa | fix_kappa              0.00
 25           kappa | kappa                  2.00
 26       fix_omega | fix_omega              0.00
 27           omega | omega                  0.40
 28       fix_alpha | fix_alpha              1.00
 29           alpha | alpha                  0.00
 30          Malpha | Malpha                 0.00
 31           ncatG | ncatG                  8.00
 11           getSE | getSE                  0.00
 12    RateAncestor | RateAncestor           1.00
 36      Small_Diff | Small_Diff             0.00
  6       cleandata | cleandata              0.00
  8          method | method                 0.00
CODONML in paml version 4.8a, August 2014

----------------------------------------------
Phe F TTT | Ser S TCT | Tyr Y TAT | Cys C TGT
      TTC |       TCC |       TAC |       TGC
Leu L TTA |       TCA | *** * TAA | *** * TGA
      TTG |       TCG |       TAG | Trp W TGG
----------------------------------------------
Leu L CTT | Pro P CCT | His H CAT | Arg R CGT
      CTC |       CCC |       CAC |       CGC
      CTA |       CCA | Gln Q CAA |       CGA
      CTG |       CCG |       CAG |       CGG
----------------------------------------------
Ile I ATT | Thr T ACT | Asn N AAT | Ser S AGT
      ATC |       ACC |       AAC |       AGC
      ATA |       ACA | Lys K AAA | Arg R AGA
Met M ATG |       ACG |       AAG |       AGG
----------------------------------------------
Val V GTT | Ala A GCT | Asp D GAT | Gly G GGT
      GTC |       GCC |       GAC |       GGC
      GTA |       GCA | Glu E GAA |       GGA
      GTG |       GCG |       GAG |       GGG
----------------------------------------------
Nice code, uuh?


Ambiguity character definition table:

T (1): T 
C (1): C 
A (1): A 
G (1): G 
U (1): T 
Y (2): T C 
R (2): A G 
M (2): C A 
K (2): T G 
S (2): C G 
W (2): T A 
H (3): T C A 
B (3): T C G 
V (3): C A G 
D (3): T A G 
- (4): T C A G 
N (4): T C A G 
? (4): T C A G 

ns = 3  	ls = 1569
Reading sequences, interlaved format..
Reading seq # 1: A74     Reading seq # 2: A75     Reading seq # 3: A76     
block   1:     60     60     60
block   2:    120    120    120
block   3:    180    180    180
block   4:    240    240    240
block   5:    300    300    300
block   6:    360    360    360
block   7:    420    420    420
block   8:    480    480    480
block   9:    540    540    540
block  10:    600    600    600
block  11:    660    660    660
block  12:    720    720    720
block  13:    780    780    780
block  14:    840    840    840
block  15:    900    900    900
block  16:    960    960    960
block  17:   1020   1020   1020
block  18:   1080   1080   1080
block  19:   1140   1140   1140
block  20:   1200   1200   1200
block  21:   1260   1260   1260
block  22:   1320   1320   1320
block  23:   1380   1380   1380
block  24:   1440   1440   1440
block  25:   1500   1500   1500
block  26:   1560   1560   1560
block  27:   1569   1569   1569
Sequences read..
Counting site patterns..  0:00
         206 patterns at      523 /      523 sites (100.0%),  0:00
1 ambiguous codons are seen in the data:
 ---
Counting codons..

  2   1:Sites   356.7 + 1212.3 = 1569.0	Diffs    79.7 +  129.3 =  209.0
  3   1:Sites   360.7 + 1205.3 = 1566.0	Diffs    55.7 +   83.3 =  139.0
  3   2:Sites   358.9 + 1207.1 = 1566.0	Diffs    68.2 +  109.8 =  178.0

       24 bytes for distance
   201056 bytes for conP
     3296 bytes for fhK
  5000000 bytes for space

TREE #  1
((3, 1), 2);   MP score: -1
This is a rooted tree, without clock.  Check.

    0.124907    0.107113    0.179770    0.142903    2.000000    0.861151    0.544920

ntime & nrate & np:     4     2     7

Bounds (np=7):
   0.000004   0.000004   0.000004   0.000004   0.000100   0.000010   0.000001
  50.000000  50.000000  50.000000  50.000000 999.000000   0.999990   1.000000
Qfactor_NS = 5.968077

np =     7
lnL0 = -3331.550353

Iterating by ming2
Initial: fx=  3331.550353
x=  0.12491  0.10711  0.17977  0.14290  2.00000  0.86115  0.54492

  1 h-m-p  0.0000 0.0165  36.8455 ++++++  3318.749362  m 0.0165    16 | 0/7
  2 h-m-p  0.0000 0.0000 193.5305 
h-m-p:      3.52701355e-20      1.76350677e-19      1.93530534e+02  3318.749362
..  | 0/7
  3 h-m-p  0.0000 0.0014 258.3041 +++YYYYYYC  3298.639412  6 0.0006    42 | 0/7
  4 h-m-p  0.0001 0.0004 168.8767 ++     3292.740435  m 0.0004    52 | 1/7
  5 h-m-p  0.0033 0.6908  17.0413 CCC    3292.566157  2 0.0006    66 | 1/7
  6 h-m-p  0.0013 0.0490   8.6329 CCC    3292.482499  2 0.0016    80 | 1/7
  7 h-m-p  0.0027 0.0531   5.2739 CC     3292.473417  1 0.0008    92 | 1/7
  8 h-m-p  0.0160 8.0000   0.7957 +CC    3292.442569  1 0.0924   105 | 1/7
  9 h-m-p  1.6000 8.0000   0.0098 YC     3292.418169  1 0.7484   122 | 1/7
 10 h-m-p  1.6000 8.0000   0.0004 Y      3292.418160  0 1.0628   138 | 1/7
 11 h-m-p  1.6000 8.0000   0.0000 Y      3292.418160  0 1.0011   154 | 1/7
 12 h-m-p  1.6000 8.0000   0.0000 -C     3292.418160  0 0.1000   171 | 1/7
 13 h-m-p  0.1268 8.0000   0.0000 -----Y  3292.418160  0 0.0000   192
Out..
lnL  = -3292.418160
193 lfun, 579 eigenQcodon, 1544 P(t)

Reconstructed ancestral states go into file rst.

lnL = -3292.418160 from ProbSitePattern.
Marginal reconstruction.
	Node   4: lnL = -3292.418160
	Node   5: lnL = -3292.418160

warning: strange character '-' 
warning ambiguity in difcodonNG: --- GCA
warning: strange character '-' 
warning ambiguity in difcodonNG: GCA ---end of tree file.

Time used:  0:02
