
 15         verbose | verbose                1.00
  7         runmode | runmode                0.00
  4         seqtype | seqtype                1.00
 13       CodonFreq | CodonFreq              2.00
  9           clock | clock                  0.00
 18          aaDist | aaDist                 0.00
 19      aaRatefile | aaRatefile             1.00
 16           model | model                  0.00
 20         NSsites | NSsites                1.00
 22           icode | icode                  0.00
 23           Mgene | Mgene                  0.00
 24       fix_kappa | fix_kappa              0.00
 25           kappa | kappa                  2.00
 26       fix_omega | fix_omega              0.00
 27           omega | omega                  0.40
 28       fix_alpha | fix_alpha              1.00
 29           alpha | alpha                  0.00
 30          Malpha | Malpha                 0.00
 31           ncatG | ncatG                  8.00
 11           getSE | getSE                  0.00
 12    RateAncestor | RateAncestor           1.00
 36      Small_Diff | Small_Diff             0.00
  6       cleandata | cleandata              0.00
  8          method | method                 0.00
CODONML in paml version 4.8a, August 2014

----------------------------------------------
Phe F TTT | Ser S TCT | Tyr Y TAT | Cys C TGT
      TTC |       TCC |       TAC |       TGC
Leu L TTA |       TCA | *** * TAA | *** * TGA
      TTG |       TCG |       TAG | Trp W TGG
----------------------------------------------
Leu L CTT | Pro P CCT | His H CAT | Arg R CGT
      CTC |       CCC |       CAC |       CGC
      CTA |       CCA | Gln Q CAA |       CGA
      CTG |       CCG |       CAG |       CGG
----------------------------------------------
Ile I ATT | Thr T ACT | Asn N AAT | Ser S AGT
      ATC |       ACC |       AAC |       AGC
      ATA |       ACA | Lys K AAA | Arg R AGA
Met M ATG |       ACG |       AAG |       AGG
----------------------------------------------
Val V GTT | Ala A GCT | Asp D GAT | Gly G GGT
      GTC |       GCC |       GAC |       GGC
      GTA |       GCA | Glu E GAA |       GGA
      GTG |       GCG |       GAG |       GGG
----------------------------------------------
Nice code, uuh?


Ambiguity character definition table:

T (1): T 
C (1): C 
A (1): A 
G (1): G 
U (1): T 
Y (2): T C 
R (2): A G 
M (2): C A 
K (2): T G 
S (2): C G 
W (2): T A 
H (3): T C A 
B (3): T C G 
V (3): C A G 
D (3): T A G 
- (4): T C A G 
N (4): T C A G 
? (4): T C A G 

ns = 4  	ls = 543
Reading sequences, interlaved format..
Reading seq # 1: A3     Reading seq # 2: A2     Reading seq # 3: A1     Reading seq # 4: A4     
block   1:     60     60     60     60
block   2:    120    120    120    120
block   3:    180    180    180    180
block   4:    240    240    240    240
block   5:    300    300    300    300
block   6:    360    360    360    360
block   7:    420    420    420    420
block   8:    480    480    480    480
block   9:    540    540    540    540
block  10:    543    543    543    543
Sequences read..
Counting site patterns..  0:00
         105 patterns at      181 /      181 sites (100.0%),  0:00
1 ambiguous codons are seen in the data:
 ---
Counting codons..

  2   1:Sites    93.7 +  317.3 =  411.0	Diffs     5.5 +   15.5 =   21.0
  3   1:Sites   111.4 +  398.6 =  510.0	Diffs    17.2 +   56.8 =   74.0
  3   2:Sites    92.9 +  321.1 =  414.0	Diffs     2.7 +   10.3 =   13.0
  4   1:Sites   111.0 +  396.0 =  507.0	Diffs    16.2 +   56.8 =   73.0
  4   2:Sites    92.8 +  318.2 =  411.0	Diffs     1.7 +    7.3 =    9.0
  4   3:Sites   108.7 +  404.3 =  513.0	Diffs     1.0 +    1.0 =    2.0

       48 bytes for distance
   102480 bytes for conP
     1680 bytes for fhK
  5000000 bytes for space

TREE #  1
(3, (4, (2, 1)));   MP score: -1
This is a rooted tree, without clock.  Check.

   153720 bytes for conP, adjusted

    0.006287    0.017360    0.046110    0.104148    0.000000    0.181298    2.000000    0.654804    0.337971

ntime & nrate & np:     6     2     9

Bounds (np=9):
   0.000004   0.000004   0.000004   0.000004   0.000004   0.000004   0.000100   0.000010   0.000001
  50.000000  50.000000  50.000000  50.000000  50.000000  50.000000 999.000000   0.999990   1.000000
Qfactor_NS = 7.204509

np =     9
lnL0 = -1123.202892

Iterating by ming2
Initial: fx=  1123.202892
x=  0.00629  0.01736  0.04611  0.10415  0.00000  0.18130  2.00000  0.65480  0.33797

  1 h-m-p  0.0000 0.0001 1987.8152 +YYCCC  1108.498791  4 0.0000    21 | 0/9
  2 h-m-p  0.0000 0.0000 241.1988 ++     1106.797026  m 0.0000    33 | 1/9
  3 h-m-p  0.0000 0.0001 537.3420 ++     1099.484575  m 0.0001    45 | 2/9
  4 h-m-p  0.0010 0.0084  29.8327 +CYYYCCCCC  1094.042373  8 0.0064    71 | 1/9
  5 h-m-p  0.0000 0.0000 1573.8471 ++     1092.467703  m 0.0000    83 | 1/9
  6 h-m-p -0.0000 -0.0000 113.7910 
h-m-p:     -6.44610030e-21     -3.22305015e-20      1.13790969e+02  1092.467703
..  | 1/9
  7 h-m-p  0.0000 0.0063 104.6916 ++CCCC  1091.728749  3 0.0002   112 | 1/9
  8 h-m-p  0.0001 0.0020 268.0085 +YCYCCC  1085.782069  5 0.0007   133 | 1/9
  9 h-m-p  0.0005 0.0027  49.5394 +CCCC  1083.207233  3 0.0021   152 | 1/9
 10 h-m-p  0.0000 0.0002 143.9980 ++     1082.449429  m 0.0002   164 | 2/9
 11 h-m-p  0.0000 0.0000 328203.6801 +YC    1081.836913  1 0.0000   178 | 2/9
 12 h-m-p  0.0141 0.2543   7.4788 +CYCCC  1079.920546  4 0.0945   198 | 2/9
 13 h-m-p  0.0143 0.0713  16.3735 CYCCC  1078.062732  4 0.0314   217 | 2/9
 14 h-m-p  0.3173 1.5863   0.2227 YCCCC  1076.585193  4 0.7982   236 | 2/9
 15 h-m-p  0.5600 2.8002   0.0338 YCCC   1076.454845  3 1.1361   260 | 2/9
 16 h-m-p  1.6000 8.0000   0.0050 YC     1076.453343  1 0.9174   280 | 2/9
 17 h-m-p  1.6000 8.0000   0.0012 YC     1076.452142  1 3.2827   300 | 2/9
 18 h-m-p  1.6000 8.0000   0.0019 YC     1076.449379  1 3.3123   320 | 2/9
 19 h-m-p  1.6000 8.0000   0.0015 ++     1076.418693  m 8.0000   339 | 2/9
 20 h-m-p  0.0244 0.1222   0.0202 ++     1076.414615  m 0.1222   358 | 2/9
 21 h-m-p -0.0000 -0.0000  36.0332 
h-m-p:     -2.81543655e-22     -1.40771827e-21      3.60331944e+01  1076.414615
..  | 2/9
 22 h-m-p  0.0003 0.1495   3.5214 C      1076.414113  0 0.0001   386 | 2/9
 23 h-m-p  0.0001 0.0024   5.3094 ++YC   1076.403214  1 0.0016   401 | 2/9
 24 h-m-p  0.0045 0.0225   1.3645 CC     1076.402471  1 0.0010   415 | 2/9
 25 h-m-p  0.0050 0.1172   0.2687 C      1076.402304  0 0.0049   427 | 2/9
 26 h-m-p  0.0003 0.0014   0.2177 ++     1076.402264  m 0.0014   446 | 3/9
 27 h-m-p  0.0014 0.1735   0.2082 C      1076.402255  0 0.0005   465 | 3/9
 28 h-m-p  0.0020 1.0089   0.8513 YC     1076.402047  1 0.0046   484 | 3/9
 29 h-m-p  0.7744 8.0000   0.0050 CC     1076.401717  1 0.9486   504 | 3/9
 30 h-m-p  1.6000 8.0000   0.0002 Y      1076.401714  0 1.0176   522 | 3/9
 31 h-m-p  1.6000 8.0000   0.0000 ----------------..  | 3/9
 32 h-m-p  0.0160 8.0000   0.0001 -----C  1076.401714  0 0.0000   577
Out..
lnL  = -1076.401714
578 lfun, 1734 eigenQcodon, 6936 P(t)

Reconstructed ancestral states go into file rst.

lnL = -1076.401714 from ProbSitePattern.
Marginal reconstruction.
	Node   5: lnL = -1076.401714
	Node   6: lnL = -1076.401714
	Node   7: lnL = -1076.401714

warning: strange character '-' 
warning ambiguity in difcodonNG: --- GAA
warning: strange character '-' 
warning ambiguity in difcodonNG: --- ATG
warning: strange character '-' 
warning ambiguity in difcodonNG: --- AAC
warning: strange character '-' 
warning ambiguity in difcodonNG: --- ATT
warning: strange character '-' 
warning ambiguity in difcodonNG: --- ACT
warning: strange character '-' 
warning ambiguity in difcodonNG: --- TTT
warning: strange character '-' 
warning ambiguity in difcodonNG: --- GCG
warning: strange character '-' 
warning ambiguity in difcodonNG: --- CCT
warning: strange character '-' 
warning ambiguity in difcodonNG: --- CTC
warning: strange character '-' 
warning ambiguity in difcodonNG: --- AAA
warning: strange character '-' 
warning ambiguity in difcodonNG: --- GAA
warning: strange character '-' 
warning ambiguity in difcodonNG: --- ATG
warning: strange character '-' 
warning ambiguity in difcodonNG: --- AAC
warning: strange character '-' 
warning ambiguity in difcodonNG: --- ATT
warning: strange character '-' 
warning ambiguity in difcodonNG: --- ACT
warning: strange character '-' 
warning ambiguity in difcodonNG: --- TTT
warning: strange character '-' 
warning ambiguity in difcodonNG: --- GCG
warning: strange character '-' 
warning ambiguity in difcodonNG: --- CCT
warning: strange character '-' 
warning ambiguity in difcodonNG: --- CTC
warning: strange character '-' 
warning ambiguity in difcodonNG: --- GAT
warning: strange character '-' 
warning ambiguity in difcodonNG: --- GGT
warning: strange character '-' 
warning ambiguity in difcodonNG: --- AGG
warning: strange character '-' 
warning ambiguity in difcodonNG: --- AAC
warning: strange character '-' 
warning ambiguity in difcodonNG: --- CAA
warning: strange character '-' 
warning ambiguity in difcodonNG: --- GTG
warning: strange character '-' 
warning ambiguity in difcodonNG: --- TTC
warning: strange character '-' 
warning ambiguity in difcodonNG: --- GCA
warning: strange character '-' 
warning ambiguity in difcodonNG: --- TTT
warning: strange character '-' 
warning ambiguity in difcodonNG: --- ATG
warning: strange character '-' 
warning ambiguity in difcodonNG: --- CAC
warning: strange character '-' 
warning ambiguity in difcodonNG: --- CAT
warning: strange character '-' 
warning ambiguity in difcodonNG: --- CAA
warning: strange character '-' 
warning ambiguity in difcodonNG: --- AAC
warning: strange character '-' 
warning ambiguity in difcodonNG: --- CTC
warning: strange character '-' 
warning ambiguity in difcodonNG: --- TTA
warning: strange character '-' 
warning ambiguity in difcodonNG: --- TTC
warning: strange character '-' 
warning ambiguity in difcodonNG: --- AGT
warning: strange character '-' 
warning ambiguity in difcodonNG: --- AGA
warning: strange character '-' 
warning ambiguity in difcodonNG: --- AAT
warning: strange character '-' 
warning ambiguity in difcodonNG: --- AAA
warning: strange character '-' 
warning ambiguity in difcodonNG: --- AAG
warning: strange character '-' 
warning ambiguity in difcodonNG: --- TTT
warning: strange character '-' 
warning ambiguity in difcodonNG: --- GAA
warning: strange character '-' 
warning ambiguity in difcodonNG: --- GGA
warning: strange character '-' 
warning ambiguity in difcodonNG: --- AAC
warning: strange character '-' 
warning ambiguity in difcodonNG: --- GAA
warning: strange character '-' 
warning ambiguity in difcodonNG: --- AAG
warning: strange character '-' 
warning ambiguity in difcodonNG: --- AAA
warning: strange character '-' 
warning ambiguity in difcodonNG: --- GAA
warning: strange character '-' 
warning ambiguity in difcodonNG: --- CCA
warning: strange character '-' 
warning ambiguity in difcodonNG: --- AAT
warning: strange character '-' 
warning ambiguity in difcodonNG: --- CCC
warning: strange character '-' 
warning ambiguity in difcodonNG: --- TTT
warning: strange character '-' 
warning ambiguity in difcodonNG: --- GAA
warning: strange character '-' 
warning ambiguity in difcodonNG: --- ATG
warning: strange character '-' 
warning ambiguity in difcodonNG: --- AAC
warning: strange character '-' 
warning ambiguity in difcodonNG: --- ATT
warning: strange character '-' 
warning ambiguity in difcodonNG: --- ACT
warning: strange character '-' 
warning ambiguity in difcodonNG: --- TTT
warning: strange character '-' 
warning ambiguity in difcodonNG: --- GCG
warning: strange character '-' 
warning ambiguity in difcodonNG: --- CCT
warning: strange character '-' 
warning ambiguity in difcodonNG: --- CTC
warning: strange character '-' 
warning ambiguity in difcodonNG: --- AAG
warning: strange character '-' 
warning ambiguity in difcodonNG: --- AGG
warning: strange character '-' 
warning ambiguity in difcodonNG: AAG ---
warning: strange character '-' 
warning ambiguity in difcodonNG: AAA ---
warning: strange character '-' 
warning ambiguity in difcodonNG: GAT ---
warning: strange character '-' 
warning ambiguity in difcodonNG: GGT ---
warning: strange character '-' 
warning ambiguity in difcodonNG: AGG ---
warning: strange character '-' 
warning ambiguity in difcodonNG: AGG ---
warning: strange character '-' 
warning ambiguity in difcodonNG: AAC ---
warning: strange character '-' 
warning ambiguity in difcodonNG: CAA ---
warning: strange character '-' 
warning ambiguity in difcodonNG: GTG ---
warning: strange character '-' 
warning ambiguity in difcodonNG: TTC ---
warning: strange character '-' 
warning ambiguity in difcodonNG: GCA ---
warning: strange character '-' 
warning ambiguity in difcodonNG: TTT ---
warning: strange character '-' 
warning ambiguity in difcodonNG: ATG ---
warning: strange character '-' 
warning ambiguity in difcodonNG: CAC ---
warning: strange character '-' 
warning ambiguity in difcodonNG: CAT ---
warning: strange character '-' 
warning ambiguity in difcodonNG: CAA ---
warning: strange character '-' 
warning ambiguity in difcodonNG: AAC ---
warning: strange character '-' 
warning ambiguity in difcodonNG: CTC ---
warning: strange character '-' 
warning ambiguity in difcodonNG: TTA ---
warning: strange character '-' 
warning ambiguity in difcodonNG: TTC ---
warning: strange character '-' 
warning ambiguity in difcodonNG: AGT ---
warning: strange character '-' 
warning ambiguity in difcodonNG: AGA ---
warning: strange character '-' 
warning ambiguity in difcodonNG: AAT ---
warning: strange character '-' 
warning ambiguity in difcodonNG: AAA ---
warning: strange character '-' 
warning ambiguity in difcodonNG: AAG ---
warning: strange character '-' 
warning ambiguity in difcodonNG: TTT ---
warning: strange character '-' 
warning ambiguity in difcodonNG: GAA ---
warning: strange character '-' 
warning ambiguity in difcodonNG: GGA ---
warning: strange character '-' 
warning ambiguity in difcodonNG: AAC ---
warning: strange character '-' 
warning ambiguity in difcodonNG: GAA ---
warning: strange character '-' 
warning ambiguity in difcodonNG: AAG ---
warning: strange character '-' 
warning ambiguity in difcodonNG: AAA ---
warning: strange character '-' 
warning ambiguity in difcodonNG: GAA ---
warning: strange character '-' 
warning ambiguity in difcodonNG: CCA ---
warning: strange character '-' 
warning ambiguity in difcodonNG: AAT ---
warning: strange character '-' 
warning ambiguity in difcodonNG: CCC ---
warning: strange character '-' 
warning ambiguity in difcodonNG: TTT ---
warning: strange character '-' 
warning ambiguity in difcodonNG: GAA ---
warning: strange character '-' 
warning ambiguity in difcodonNG: GAA ---
warning: strange character '-' 
warning ambiguity in difcodonNG: GAA ---
warning: strange character '-' 
warning ambiguity in difcodonNG: ATG ---
warning: strange character '-' 
warning ambiguity in difcodonNG: ATG ---
warning: strange character '-' 
warning ambiguity in difcodonNG: ATG ---
warning: strange character '-' 
warning ambiguity in difcodonNG: AAC ---
warning: strange character '-' 
warning ambiguity in difcodonNG: AAC ---
warning: strange character '-' 
warning ambiguity in difcodonNG: AAC ---
warning: strange character '-' 
warning ambiguity in difcodonNG: ATT ---
warning: strange character '-' 
warning ambiguity in difcodonNG: ATT ---
warning: strange character '-' 
warning ambiguity in difcodonNG: ATT ---
warning: strange character '-' 
warning ambiguity in difcodonNG: ACT ---
warning: strange character '-' 
warning ambiguity in difcodonNG: ACT ---
warning: strange character '-' 
warning ambiguity in difcodonNG: ACT ---
warning: strange character '-' 
warning ambiguity in difcodonNG: TTT ---
warning: strange character '-' 
warning ambiguity in difcodonNG: TTT ---
warning: strange character '-' 
warning ambiguity in difcodonNG: TTT ---
warning: strange character '-' 
warning ambiguity in difcodonNG: GCG ---
warning: strange character '-' 
warning ambiguity in difcodonNG: GCG ---
warning: strange character '-' 
warning ambiguity in difcodonNG: GCG ---
warning: strange character '-' 
warning ambiguity in difcodonNG: CCT ---
warning: strange character '-' 
warning ambiguity in difcodonNG: CCT ---
warning: strange character '-' 
warning ambiguity in difcodonNG: CCT ---
warning: strange character '-' 
warning ambiguity in difcodonNG: CTC ---
warning: strange character '-' 
warning ambiguity in difcodonNG: CTC ---
warning: strange character '-' 
warning ambiguity in difcodonNG: CTC ---end of tree file.

Time used:  0:06
