
 15         verbose | verbose                1.00
  7         runmode | runmode                0.00
  4         seqtype | seqtype                1.00
 13       CodonFreq | CodonFreq              2.00
  9           clock | clock                  0.00
 18          aaDist | aaDist                 0.00
 19      aaRatefile | aaRatefile             1.00
 16           model | model                  0.00
 20         NSsites | NSsites                8.00
 22           icode | icode                  0.00
 23           Mgene | Mgene                  0.00
 24       fix_kappa | fix_kappa              0.00
 25           kappa | kappa                  2.00
 26       fix_omega | fix_omega              0.00
 27           omega | omega                  0.40
 28       fix_alpha | fix_alpha              1.00
 29           alpha | alpha                  0.00
 30          Malpha | Malpha                 0.00
 31           ncatG | ncatG                  8.00
 11           getSE | getSE                  0.00
 12    RateAncestor | RateAncestor           1.00
 36      Small_Diff | Small_Diff             0.00
  6       cleandata | cleandata              0.00
  8          method | method                 0.00
CODONML in paml version 4.8a, August 2014

----------------------------------------------
Phe F TTT | Ser S TCT | Tyr Y TAT | Cys C TGT
      TTC |       TCC |       TAC |       TGC
Leu L TTA |       TCA | *** * TAA | *** * TGA
      TTG |       TCG |       TAG | Trp W TGG
----------------------------------------------
Leu L CTT | Pro P CCT | His H CAT | Arg R CGT
      CTC |       CCC |       CAC |       CGC
      CTA |       CCA | Gln Q CAA |       CGA
      CTG |       CCG |       CAG |       CGG
----------------------------------------------
Ile I ATT | Thr T ACT | Asn N AAT | Ser S AGT
      ATC |       ACC |       AAC |       AGC
      ATA |       ACA | Lys K AAA | Arg R AGA
Met M ATG |       ACG |       AAG |       AGG
----------------------------------------------
Val V GTT | Ala A GCT | Asp D GAT | Gly G GGT
      GTC |       GCC |       GAC |       GGC
      GTA |       GCA | Glu E GAA |       GGA
      GTG |       GCG |       GAG |       GGG
----------------------------------------------
Nice code, uuh?


Ambiguity character definition table:

T (1): T 
C (1): C 
A (1): A 
G (1): G 
U (1): T 
Y (2): T C 
R (2): A G 
M (2): C A 
K (2): T G 
S (2): C G 
W (2): T A 
H (3): T C A 
B (3): T C G 
V (3): C A G 
D (3): T A G 
- (4): T C A G 
N (4): T C A G 
? (4): T C A G 

ns = 7  	ls = 684
Reading sequences, interlaved format..
Reading seq # 1: A153     Reading seq # 2: A154     Reading seq # 3: A155     Reading seq # 4: A156     Reading seq # 5: A157     Reading seq # 6: A158     Reading seq # 7: A159     
block   1:     60     60     60     60     60     60     60
block   2:    120    120    120    120    120    120    120
block   3:    180    180    180    180    180    180    180
block   4:    240    240    240    240    240    240    240
block   5:    300    300    300    300    300    300    300
block   6:    360    360    360    360    360    360    360
block   7:    420    420    420    420    420    420    420
block   8:    480    480    480    480    480    480    480
block   9:    540    540    540    540    540    540    540
block  10:    600    600    600    600    600    600    600
block  11:    660    660    660    660    660    660    660
block  12:    684    684    684    684    684    684    684
Sequences read..
Counting site patterns..  0:00
         123 patterns at      228 /      228 sites (100.0%),  0:00
1 ambiguous codons are seen in the data:
 ---
Counting codons..

  2   1:Sites   164.6 +  519.4 =  684.0	Diffs     4.0 +    4.0 =    8.0
  3   1:Sites   163.3 +  520.7 =  684.0	Diffs     9.0 +   10.0 =   19.0
  3   2:Sites   163.0 +  521.0 =  684.0	Diffs     7.0 +    6.0 =   13.0
  4   1:Sites   165.0 +  519.0 =  684.0	Diffs     6.0 +   13.0 =   19.0
  4   2:Sites   164.7 +  519.3 =  684.0	Diffs     4.0 +    9.0 =   13.0
  4   3:Sites   163.4 +  520.6 =  684.0	Diffs     9.0 +   15.0 =   24.0
  5   1:Sites   163.7 +  520.3 =  684.0	Diffs    10.0 +    8.0 =   18.0
  5   2:Sites   163.4 +  520.6 =  684.0	Diffs     6.0 +    8.0 =   14.0
  5   3:Sites   162.1 +  521.9 =  684.0	Diffs     9.0 +   14.0 =   23.0
  5   4:Sites   163.7 +  520.3 =  684.0	Diffs     6.5 +   12.5 =   19.0
  6   1:Sites   165.2 +  518.8 =  684.0	Diffs     1.0 +    1.0 =    2.0
  6   2:Sites   164.9 +  519.1 =  684.0	Diffs     5.0 +    5.0 =   10.0
  6   3:Sites   163.6 +  520.4 =  684.0	Diffs    10.0 +   11.0 =   21.0
  6   4:Sites   165.3 +  518.7 =  684.0	Diffs     7.0 +   12.0 =   19.0
  6   5:Sites   164.0 +  520.0 =  684.0	Diffs    11.0 +    9.0 =   20.0
  7   1:Sites    41.4 +  132.6 =  174.0	Diffs     3.0 +    5.0 =    8.0
  7   2:Sites    41.4 +  132.6 =  174.0	Diffs     3.0 +    5.0 =    8.0
  7   3:Sites    40.5 +  133.5 =  174.0	Diffs     5.0 +    6.0 =   11.0
  7   4:Sites    41.6 +  132.4 =  174.0	Diffs     3.0 +    7.0 =   10.0
  7   5:Sites    41.4 +  132.6 =  174.0	Diffs     5.0 +    6.0 =   11.0
  7   6:Sites    41.4 +  132.6 =  174.0	Diffs     4.0 +    5.0 =    9.0

      168 bytes for distance
   120048 bytes for conP
     8856 bytes for fhK
  5000000 bytes for space

TREE #  1
((((((1, 6), 7), 2), 3), 4), 5);   MP score: -1
This is a rooted tree, without clock.  Check.

   360144 bytes for conP, adjusted

initial w for M8:NSbetaw>1 reset.

    0.008943    0.008183    0.001978    0.010081    0.019251    0.000000    0.009226    0.128945    0.005865    0.055080    0.040318    0.035863    2.000000    0.900000    0.446683    1.136171    2.183017

ntime & nrate & np:    12     2    17

Bounds (np=17):
   0.000004   0.000004   0.000004   0.000004   0.000004   0.000004   0.000004   0.000004   0.000004   0.000004   0.000004   0.000004   0.000100   0.000010   0.005000   0.005000   1.000000
  50.000000  50.000000  50.000000  50.000000  50.000000  50.000000  50.000000  50.000000  50.000000  50.000000  50.000000  50.000000 999.000000   0.999990  99.000000  99.000000 999.000000
Qfactor_NS = 8.016154

np =    17
lnL0 = -1234.708488

Iterating by ming2
Initial: fx=  1234.708488
x=  0.00894  0.00818  0.00198  0.01008  0.01925  0.00000  0.00923  0.12894  0.00587  0.05508  0.04032  0.03586  2.00000  0.90000  0.44668  1.13617  2.18302

  1 h-m-p  0.0000 0.0000 448.6560 ++     1234.707769  m 0.0000    22 | 1/17
  2 h-m-p  0.0000 0.0000 414.9275 ++     1233.221760  m 0.0000    42 | 2/17
  3 h-m-p  0.0001 0.0013  35.8410 CCC    1233.178501  2 0.0001    66 | 2/17
  4 h-m-p  0.0002 0.0164  14.3727 +CYC   1233.100921  2 0.0008    90 | 2/17
  5 h-m-p  0.0001 0.0006 109.1076 YYYC   1233.024017  3 0.0001   113 | 2/17
  6 h-m-p  0.0002 0.0024  59.1057 YC     1232.903783  1 0.0004   134 | 2/17
  7 h-m-p  0.0008 0.0144  27.1694 CCC    1232.883500  2 0.0002   158 | 2/17
  8 h-m-p  0.0004 0.0669  11.0308 +CYC   1232.819959  2 0.0017   182 | 2/17
  9 h-m-p  0.0003 0.0099  69.5138 +++    1230.130861  m 0.0099   203 | 3/17
 10 h-m-p  0.0227 0.1136   3.9380 CCC    1230.096093  2 0.0062   227 | 3/17
 11 h-m-p  0.0074 0.1355   3.3201 +++    1229.440108  m 0.1355   248 | 3/17
 12 h-m-p  0.0000 0.0000   0.6832 
h-m-p:      1.95206628e-18      9.76033140e-18      6.83174141e-01  1229.440108
..  | 3/17
 13 h-m-p  0.0000 0.0190  55.5107 YCCC   1229.408512  3 0.0000   304 | 3/17
 14 h-m-p  0.0001 0.0044  12.6260 YC     1229.403215  1 0.0001   325 | 3/17
 15 h-m-p  0.0002 0.0182   4.0753 C      1229.401499  0 0.0002   345 | 3/17
 16 h-m-p  0.0001 0.0003   4.8447 YC     1229.400567  1 0.0002   366 | 3/17
 17 h-m-p  0.0000 0.0001   7.3945 ++     1229.399377  m 0.0001   386 | 3/17
 18 h-m-p -0.0000 -0.0000  13.0459 
h-m-p:     -1.53800892e-20     -7.69004458e-20      1.30459130e+01  1229.399377
..  | 3/17
 19 h-m-p  0.0000 0.0141   4.6956 +YC    1229.398411  1 0.0001   425 | 3/17
 20 h-m-p  0.0001 0.0066   4.2635 C      1229.397775  0 0.0001   445 | 3/17
 21 h-m-p  0.0001 0.0003   4.7341 YC     1229.397067  1 0.0001   466 | 3/17
 22 h-m-p  0.0000 0.0001  10.2786 ++     1229.396441  m 0.0001   486 | 3/17
 23 h-m-p -0.0000 -0.0000   6.9268 
h-m-p:     -3.50348675e-21     -1.75174337e-20      6.92675783e+00  1229.396441
..  | 3/17
 24 h-m-p  0.0000 0.0047   3.3423 +YC    1229.395905  1 0.0001   525 | 3/17
 25 h-m-p  0.0001 0.0135   5.9250 CC     1229.395359  1 0.0001   547 | 3/17
 26 h-m-p  0.0000 0.0002   4.5264 +C     1229.394875  0 0.0001   568 | 3/17
 27 h-m-p  0.0000 0.0000   4.8250 ++     1229.394706  m 0.0000   588 | 4/17
 28 h-m-p  0.0000 0.0219  11.4498 ++YC   1229.390061  1 0.0006   611 | 4/17
 29 h-m-p  0.0007 0.1905   9.8127 YC     1229.387104  1 0.0004   632 | 4/17
 30 h-m-p  0.0005 0.0233   8.7458 YC     1229.385054  1 0.0003   653 | 4/17
 31 h-m-p  0.0003 0.0285   9.8019 YC     1229.381092  1 0.0006   674 | 4/17
 32 h-m-p  0.0008 0.0980   7.5604 YC     1229.378986  1 0.0005   695 | 4/17
 33 h-m-p  0.0004 0.1751  23.0205 ++YCC  1229.260488  2 0.0097   720 | 4/17
 34 h-m-p  0.0061 0.1091  36.6541 +YCYC  1228.958729  3 0.0161   745 | 4/17
 35 h-m-p  1.6000 8.0000   0.1947 YC     1228.933185  1 1.1188   766 | 4/17
 36 h-m-p  1.6000 8.0000   0.0362 CC     1228.931943  1 1.3645   801 | 4/17
 37 h-m-p  1.6000 8.0000   0.0016 Y      1228.931937  0 1.0065   834 | 4/17
 38 h-m-p  1.6000 8.0000   0.0003 Y      1228.931937  0 1.0780   867 | 4/17
 39 h-m-p  1.6000 8.0000   0.0000 C      1228.931937  0 0.4000   900 | 4/17
 40 h-m-p  0.4082 8.0000   0.0000 ----------C  1228.931937  0 0.0000   943
Out..
lnL  = -1228.931937
944 lfun, 9440 eigenQcodon, 101952 P(t)

BEBing (dim = 4).  This may take several minutes.
Calculating f(x_h|w): 10 categories 20 w sets.
S10 w log{f(x|w)}:    0.0500     -4.291015
S10 w log{f(x|w)}:    0.1500     -4.328936
S10 w log{f(x|w)}:    0.2500     -4.366774
S10 w log{f(x|w)}:    0.3500     -4.404532
S10 w log{f(x|w)}:    0.4500     -4.442207
S10 w log{f(x|w)}:    0.5500     -4.479801
S10 w log{f(x|w)}:    0.6500     -4.517312
S10 w log{f(x|w)}:    0.7500     -4.554742
S10 w log{f(x|w)}:    0.8500     -4.592089
S10 w log{f(x|w)}:    0.9500     -4.629354
S10 w log{f(x|w)}:    1.5000     -4.832836
S10 w log{f(x|w)}:    2.5000     -5.196360
S10 w log{f(x|w)}:    3.5000     -5.551506
S10 w log{f(x|w)}:    4.5000     -5.898221
S10 w log{f(x|w)}:    5.5000     -6.236491
S10 w log{f(x|w)}:    6.5000     -6.566336
S10 w log{f(x|w)}:    7.5000     -6.887817
S10 w log{f(x|w)}:    8.5000     -7.201028
S10 w log{f(x|w)}:    9.5000     -7.506098
S10 w log{f(x|w)}:   10.5000     -7.803188
Calculating f(X), the marginal probability of data.
	log(fX) = -1233.590400  S = -1162.392329   -66.895014
Calculating f(w|X), posterior probabilities of site classes.
	did  10 / 123 patterns   1:18	did  20 / 123 patterns   1:18	did  30 / 123 patterns   1:19	did  40 / 123 patterns   1:19	did  50 / 123 patterns   1:19	did  60 / 123 patterns   1:19	did  70 / 123 patterns   1:20	did  80 / 123 patterns   1:20	did  90 / 123 patterns   1:20	did 100 / 123 patterns   1:20	did 110 / 123 patterns   1:21	did 120 / 123 patterns   1:21	did 123 / 123 patterns   1:21
Reconstructed ancestral states go into file rst.

lnL = -1228.931937 from ProbSitePattern.
Marginal reconstruction.
	Node   8: lnL = -1228.931937
	Node   9: lnL = -1228.931937
	Node  10: lnL = -1228.931937
	Node  11: lnL = -1228.931937
	Node  12: lnL = -1228.931937
	Node  13: lnL = -1228.931937

warning: strange character '-' 
warning ambiguity in difcodonNG: --- ATG
warning: strange character '-' 
warning ambiguity in difcodonNG: --- AAA
warning: strange character '-' 
warning ambiguity in difcodonNG: --- TAC
warning: strange character '-' 
warning ambiguity in difcodonNG: --- TGC
warning: strange character '-' 
warning ambiguity in difcodonNG: --- GAA
warning: strange character '-' 
warning ambiguity in difcodonNG: --- GTA
warning: strange character '-' 
warning ambiguity in difcodonNG: --- CAA
warning: strange character '-' 
warning ambiguity in difcodonNG: --- CCG
warning: strange character '-' 
warning ambiguity in difcodonNG: --- CAA
warning: strange character '-' 
warning ambiguity in difcodonNG: --- ACG
warning: strange character '-' 
warning ambiguity in difcodonNG: --- GGG
warning: strange character '-' 
warning ambiguity in difcodonNG: --- TCG
warning: strange character '-' 
warning ambiguity in difcodonNG: --- CGA
warning: strange character '-' 
warning ambiguity in difcodonNG: --- GGA
warning: strange character '-' 
warning ambiguity in difcodonNG: --- ATA
warning: strange character '-' 
warning ambiguity in difcodonNG: --- AAA
warning: strange character '-' 
warning ambiguity in difcodonNG: --- AGG
warning: strange character '-' 
warning ambiguity in difcodonNG: --- CAA
warning: strange character '-' 
warning ambiguity in difcodonNG: --- CGG
warning: strange character '-' 
warning ambiguity in difcodonNG: --- GAA
warning: strange character '-' 
warning ambiguity in difcodonNG: --- CTC
warning: strange character '-' 
warning ambiguity in difcodonNG: --- GAA
warning: strange character '-' 
warning ambiguity in difcodonNG: --- GAG
warning: strange character '-' 
warning ambiguity in difcodonNG: --- AAT
warning: strange character '-' 
warning ambiguity in difcodonNG: --- GCA
warning: strange character '-' 
warning ambiguity in difcodonNG: --- AGT
warning: strange character '-' 
warning ambiguity in difcodonNG: --- ATT
warning: strange character '-' 
warning ambiguity in difcodonNG: --- CCA
warning: strange character '-' 
warning ambiguity in difcodonNG: --- ACG
warning: strange character '-' 
warning ambiguity in difcodonNG: --- AAG
warning: strange character '-' 
warning ambiguity in difcodonNG: --- GGC
warning: strange character '-' 
warning ambiguity in difcodonNG: --- TCC
warning: strange character '-' 
warning ambiguity in difcodonNG: --- CGA
warning: strange character '-' 
warning ambiguity in difcodonNG: --- GCG
warning: strange character '-' 
warning ambiguity in difcodonNG: --- ACG
warning: strange character '-' 
warning ambiguity in difcodonNG: --- GAA
warning: strange character '-' 
warning ambiguity in difcodonNG: --- ACG
warning: strange character '-' 
warning ambiguity in difcodonNG: --- AGA
warning: strange character '-' 
warning ambiguity in difcodonNG: --- GGG
warning: strange character '-' 
warning ambiguity in difcodonNG: --- CAT
warning: strange character '-' 
warning ambiguity in difcodonNG: --- CCA
warning: strange character '-' 
warning ambiguity in difcodonNG: --- GTG
warning: strange character '-' 
warning ambiguity in difcodonNG: --- AAC
warning: strange character '-' 
warning ambiguity in difcodonNG: --- GAC
warning: strange character '-' 
warning ambiguity in difcodonNG: --- CCA
warning: strange character '-' 
warning ambiguity in difcodonNG: --- GTA
warning: strange character '-' 
warning ambiguity in difcodonNG: --- GGC
warning: strange character '-' 
warning ambiguity in difcodonNG: --- ACA
warning: strange character '-' 
warning ambiguity in difcodonNG: --- TCT
warning: strange character '-' 
warning ambiguity in difcodonNG: --- GAG
warning: strange character '-' 
warning ambiguity in difcodonNG: --- CCG
warning: strange character '-' 
warning ambiguity in difcodonNG: --- CTA
warning: strange character '-' 
warning ambiguity in difcodonNG: --- CAA
warning: strange character '-' 
warning ambiguity in difcodonNG: --- TGC
warning: strange character '-' 
warning ambiguity in difcodonNG: --- ACG
warning: strange character '-' 
warning ambiguity in difcodonNG: --- CAA
warning: strange character '-' 
warning ambiguity in difcodonNG: --- TGT
warning: strange character '-' 
warning ambiguity in difcodonNG: --- GGC
warning: strange character '-' 
warning ambiguity in difcodonNG: --- TTT
warning: strange character '-' 
warning ambiguity in difcodonNG: --- GTA
warning: strange character '-' 
warning ambiguity in difcodonNG: --- TCA
warning: strange character '-' 
warning ambiguity in difcodonNG: --- CAA
warning: strange character '-' 
warning ambiguity in difcodonNG: --- TCA
warning: strange character '-' 
warning ambiguity in difcodonNG: --- AAA
warning: strange character '-' 
warning ambiguity in difcodonNG: --- GGG
warning: strange character '-' 
warning ambiguity in difcodonNG: --- GGA
warning: strange character '-' 
warning ambiguity in difcodonNG: --- ACA
warning: strange character '-' 
warning ambiguity in difcodonNG: --- ACA
warning: strange character '-' 
warning ambiguity in difcodonNG: --- CCA
warning: strange character '-' 
warning ambiguity in difcodonNG: --- AAC
warning: strange character '-' 
warning ambiguity in difcodonNG: --- ACC
warning: strange character '-' 
warning ambiguity in difcodonNG: --- AAG
warning: strange character '-' 
warning ambiguity in difcodonNG: --- ATT
warning: strange character '-' 
warning ambiguity in difcodonNG: --- CAA
warning: strange character '-' 
warning ambiguity in difcodonNG: --- CAC
warning: strange character '-' 
warning ambiguity in difcodonNG: --- CGC
warning: strange character '-' 
warning ambiguity in difcodonNG: --- CCC
warning: strange character '-' 
warning ambiguity in difcodonNG: --- CTG
warning: strange character '-' 
warning ambiguity in difcodonNG: --- GAT
warning: strange character '-' 
warning ambiguity in difcodonNG: --- AGT
warning: strange character '-' 
warning ambiguity in difcodonNG: --- AAC
warning: strange character '-' 
warning ambiguity in difcodonNG: --- GCT
warning: strange character '-' 
warning ambiguity in difcodonNG: --- GGT
warning: strange character '-' 
warning ambiguity in difcodonNG: --- ACA
warning: strange character '-' 
warning ambiguity in difcodonNG: --- AAA
warning: strange character '-' 
warning ambiguity in difcodonNG: --- CGG
warning: strange character '-' 
warning ambiguity in difcodonNG: --- AGC
warning: strange character '-' 
warning ambiguity in difcodonNG: --- CGT
warning: strange character '-' 
warning ambiguity in difcodonNG: --- TCC
warning: strange character '-' 
warning ambiguity in difcodonNG: --- ATC
warning: strange character '-' 
warning ambiguity in difcodonNG: --- ACA
warning: strange character '-' 
warning ambiguity in difcodonNG: --- GAA
warning: strange character '-' 
warning ambiguity in difcodonNG: --- CAA
warning: strange character '-' 
warning ambiguity in difcodonNG: --- GAG
warning: strange character '-' 
warning ambiguity in difcodonNG: --- GTA
warning: strange character '-' 
warning ambiguity in difcodonNG: --- TCC
warning: strange character '-' 
warning ambiguity in difcodonNG: --- CTC
warning: strange character '-' 
warning ambiguity in difcodonNG: --- ATT
warning: strange character '-' 
warning ambiguity in difcodonNG: --- TGG
warning: strange character '-' 
warning ambiguity in difcodonNG: --- AAC
warning: strange character '-' 
warning ambiguity in difcodonNG: --- ACG
warning: strange character '-' 
warning ambiguity in difcodonNG: --- GTA
warning: strange character '-' 
warning ambiguity in difcodonNG: --- ACT
warning: strange character '-' 
warning ambiguity in difcodonNG: --- ATA
warning: strange character '-' 
warning ambiguity in difcodonNG: --- GGT
warning: strange character '-' 
warning ambiguity in difcodonNG: --- GTA
warning: strange character '-' 
warning ambiguity in difcodonNG: --- AAT
warning: strange character '-' 
warning ambiguity in difcodonNG: --- GAC
warning: strange character '-' 
warning ambiguity in difcodonNG: --- ACC
warning: strange character '-' 
warning ambiguity in difcodonNG: --- TGT
warning: strange character '-' 
warning ambiguity in difcodonNG: --- TGC
warning: strange character '-' 
warning ambiguity in difcodonNG: --- ACG
warning: strange character '-' 
warning ambiguity in difcodonNG: --- CAA
warning: strange character '-' 
warning ambiguity in difcodonNG: --- TGC
warning: strange character '-' 
warning ambiguity in difcodonNG: --- CGT
warning: strange character '-' 
warning ambiguity in difcodonNG: --- CAT
warning: strange character '-' 
warning ambiguity in difcodonNG: --- ACG
warning: strange character '-' 
warning ambiguity in difcodonNG: --- CAT
warning: strange character '-' 
warning ambiguity in difcodonNG: --- GTA
warning: strange character '-' 
warning ambiguity in difcodonNG: --- TCA
warning: strange character '-' 
warning ambiguity in difcodonNG: --- AAA
warning: strange character '-' 
warning ambiguity in difcodonNG: --- GAC
warning: strange character '-' 
warning ambiguity in difcodonNG: --- AGC
warning: strange character '-' 
warning ambiguity in difcodonNG: --- CTG
warning: strange character '-' 
warning ambiguity in difcodonNG: --- ATG
warning: strange character '-' 
warning ambiguity in difcodonNG: --- GAG
warning: strange character '-' 
warning ambiguity in difcodonNG: --- CAC
warning: strange character '-' 
warning ambiguity in difcodonNG: --- GAA
warning: strange character '-' 
warning ambiguity in difcodonNG: --- ATC
warning: strange character '-' 
warning ambiguity in difcodonNG: --- TGC
warning: strange character '-' 
warning ambiguity in difcodonNG: --- GTT
warning: strange character '-' 
warning ambiguity in difcodonNG: --- GAA
warning: strange character '-' 
warning ambiguity in difcodonNG: --- AGG
warning: strange character '-' 
warning ambiguity in difcodonNG: --- AAA
warning: strange character '-' 
warning ambiguity in difcodonNG: --- CAT
warning: strange character '-' 
warning ambiguity in difcodonNG: --- ACA
warning: strange character '-' 
warning ambiguity in difcodonNG: --- CAC
warning: strange character '-' 
warning ambiguity in difcodonNG: --- TCC
warning: strange character '-' 
warning ambiguity in difcodonNG: --- AAC
warning: strange character '-' 
warning ambiguity in difcodonNG: --- GAA
warning: strange character '-' 
warning ambiguity in difcodonNG: --- TGC
warning: strange character '-' 
warning ambiguity in difcodonNG: --- GAA
warning: strange character '-' 
warning ambiguity in difcodonNG: --- GAG
warning: strange character '-' 
warning ambiguity in difcodonNG: --- AAT
warning: strange character '-' 
warning ambiguity in difcodonNG: --- CCC
warning: strange character '-' 
warning ambiguity in difcodonNG: --- ACC
warning: strange character '-' 
warning ambiguity in difcodonNG: --- CAC
warning: strange character '-' 
warning ambiguity in difcodonNG: --- ATA
warning: strange character '-' 
warning ambiguity in difcodonNG: --- CTC
warning: strange character '-' 
warning ambiguity in difcodonNG: --- GTG
warning: strange character '-' 
warning ambiguity in difcodonNG: --- CGC
warning: strange character '-' 
warning ambiguity in difcodonNG: --- TCA
warning: strange character '-' 
warning ambiguity in difcodonNG: --- AGC
warning: strange character '-' 
warning ambiguity in difcodonNG: --- CTA
warning: strange character '-' 
warning ambiguity in difcodonNG: --- AAG
warning: strange character '-' 
warning ambiguity in difcodonNG: --- TGC
warning: strange character '-' 
warning ambiguity in difcodonNG: --- TCC
warning: strange character '-' 
warning ambiguity in difcodonNG: --- GCA
warning: strange character '-' 
warning ambiguity in difcodonNG: --- GTC
warning: strange character '-' 
warning ambiguity in difcodonNG: --- ACT
warning: strange character '-' 
warning ambiguity in difcodonNG: --- TCG
warning: strange character '-' 
warning ambiguity in difcodonNG: --- GGC
warning: strange character '-' 
warning ambiguity in difcodonNG: --- TTG
warning: strange character '-' 
warning ambiguity in difcodonNG: --- AGG
warning: strange character '-' 
warning ambiguity in difcodonNG: --- GCG
warning: strange character '-' 
warning ambiguity in difcodonNG: --- AAA
warning: strange character '-' 
warning ambiguity in difcodonNG: --- ATA
warning: strange character '-' 
warning ambiguity in difcodonNG: --- TGC
warning: strange character '-' 
warning ambiguity in difcodonNG: --- AGA
warning: strange character '-' 
warning ambiguity in difcodonNG: --- AGA
warning: strange character '-' 
warning ambiguity in difcodonNG: ATG ---
warning: strange character '-' 
warning ambiguity in difcodonNG: AAA ---
warning: strange character '-' 
warning ambiguity in difcodonNG: TAC ---
warning: strange character '-' 
warning ambiguity in difcodonNG: TGC ---
warning: strange character '-' 
warning ambiguity in difcodonNG: GAA ---
warning: strange character '-' 
warning ambiguity in difcodonNG: GTA ---
warning: strange character '-' 
warning ambiguity in difcodonNG: CAA ---
warning: strange character '-' 
warning ambiguity in difcodonNG: CCG ---
warning: strange character '-' 
warning ambiguity in difcodonNG: CAA ---
warning: strange character '-' 
warning ambiguity in difcodonNG: ACG ---
warning: strange character '-' 
warning ambiguity in difcodonNG: GGG ---
warning: strange character '-' 
warning ambiguity in difcodonNG: TCG ---
warning: strange character '-' 
warning ambiguity in difcodonNG: CGA ---
warning: strange character '-' 
warning ambiguity in difcodonNG: GGA ---
warning: strange character '-' 
warning ambiguity in difcodonNG: ATA ---
warning: strange character '-' 
warning ambiguity in difcodonNG: AAA ---
warning: strange character '-' 
warning ambiguity in difcodonNG: AGG ---
warning: strange character '-' 
warning ambiguity in difcodonNG: CAA ---
warning: strange character '-' 
warning ambiguity in difcodonNG: CGG ---
warning: strange character '-' 
warning ambiguity in difcodonNG: GAA ---
warning: strange character '-' 
warning ambiguity in difcodonNG: CTC ---
warning: strange character '-' 
warning ambiguity in difcodonNG: GAA ---
warning: strange character '-' 
warning ambiguity in difcodonNG: GAG ---
warning: strange character '-' 
warning ambiguity in difcodonNG: AAT ---
warning: strange character '-' 
warning ambiguity in difcodonNG: GCA ---
warning: strange character '-' 
warning ambiguity in difcodonNG: AGT ---
warning: strange character '-' 
warning ambiguity in difcodonNG: ATT ---
warning: strange character '-' 
warning ambiguity in difcodonNG: CCA ---
warning: strange character '-' 
warning ambiguity in difcodonNG: ACG ---
warning: strange character '-' 
warning ambiguity in difcodonNG: AAG ---
warning: strange character '-' 
warning ambiguity in difcodonNG: GGC ---
warning: strange character '-' 
warning ambiguity in difcodonNG: TCC ---
warning: strange character '-' 
warning ambiguity in difcodonNG: CGA ---
warning: strange character '-' 
warning ambiguity in difcodonNG: GCG ---
warning: strange character '-' 
warning ambiguity in difcodonNG: ACG ---
warning: strange character '-' 
warning ambiguity in difcodonNG: GAA ---
warning: strange character '-' 
warning ambiguity in difcodonNG: ACG ---
warning: strange character '-' 
warning ambiguity in difcodonNG: AGA ---
warning: strange character '-' 
warning ambiguity in difcodonNG: GGG ---
warning: strange character '-' 
warning ambiguity in difcodonNG: CAT ---
warning: strange character '-' 
warning ambiguity in difcodonNG: CCA ---
warning: strange character '-' 
warning ambiguity in difcodonNG: GTG ---
warning: strange character '-' 
warning ambiguity in difcodonNG: AAC ---
warning: strange character '-' 
warning ambiguity in difcodonNG: GAC ---
warning: strange character '-' 
warning ambiguity in difcodonNG: CCA ---
warning: strange character '-' 
warning ambiguity in difcodonNG: GTA ---
warning: strange character '-' 
warning ambiguity in difcodonNG: GGC ---
warning: strange character '-' 
warning ambiguity in difcodonNG: ACA ---
warning: strange character '-' 
warning ambiguity in difcodonNG: TCT ---
warning: strange character '-' 
warning ambiguity in difcodonNG: GAG ---
warning: strange character '-' 
warning ambiguity in difcodonNG: CCG ---
warning: strange character '-' 
warning ambiguity in difcodonNG: CTA ---
warning: strange character '-' 
warning ambiguity in difcodonNG: CAA ---
warning: strange character '-' 
warning ambiguity in difcodonNG: TGC ---
warning: strange character '-' 
warning ambiguity in difcodonNG: ACG ---
warning: strange character '-' 
warning ambiguity in difcodonNG: CAA ---
warning: strange character '-' 
warning ambiguity in difcodonNG: TGT ---
warning: strange character '-' 
warning ambiguity in difcodonNG: GGC ---
warning: strange character '-' 
warning ambiguity in difcodonNG: TTT ---
warning: strange character '-' 
warning ambiguity in difcodonNG: GTA ---
warning: strange character '-' 
warning ambiguity in difcodonNG: TCA ---
warning: strange character '-' 
warning ambiguity in difcodonNG: CAA ---
warning: strange character '-' 
warning ambiguity in difcodonNG: TCA ---
warning: strange character '-' 
warning ambiguity in difcodonNG: AAA ---
warning: strange character '-' 
warning ambiguity in difcodonNG: GGG ---
warning: strange character '-' 
warning ambiguity in difcodonNG: GGA ---
warning: strange character '-' 
warning ambiguity in difcodonNG: ACA ---
warning: strange character '-' 
warning ambiguity in difcodonNG: ACA ---
warning: strange character '-' 
warning ambiguity in difcodonNG: CCA ---
warning: strange character '-' 
warning ambiguity in difcodonNG: AAC ---
warning: strange character '-' 
warning ambiguity in difcodonNG: ACC ---
warning: strange character '-' 
warning ambiguity in difcodonNG: AAG ---
warning: strange character '-' 
warning ambiguity in difcodonNG: ATT ---
warning: strange character '-' 
warning ambiguity in difcodonNG: CAA ---
warning: strange character '-' 
warning ambiguity in difcodonNG: CAC ---
warning: strange character '-' 
warning ambiguity in difcodonNG: CGC ---
warning: strange character '-' 
warning ambiguity in difcodonNG: CCC ---
warning: strange character '-' 
warning ambiguity in difcodonNG: CTG ---
warning: strange character '-' 
warning ambiguity in difcodonNG: GAT ---
warning: strange character '-' 
warning ambiguity in difcodonNG: AGT ---
warning: strange character '-' 
warning ambiguity in difcodonNG: AAC ---
warning: strange character '-' 
warning ambiguity in difcodonNG: GCT ---
warning: strange character '-' 
warning ambiguity in difcodonNG: GGT ---
warning: strange character '-' 
warning ambiguity in difcodonNG: ACA ---
warning: strange character '-' 
warning ambiguity in difcodonNG: AAA ---
warning: strange character '-' 
warning ambiguity in difcodonNG: CGG ---
warning: strange character '-' 
warning ambiguity in difcodonNG: AGC ---
warning: strange character '-' 
warning ambiguity in difcodonNG: CGT ---
warning: strange character '-' 
warning ambiguity in difcodonNG: TCC ---
warning: strange character '-' 
warning ambiguity in difcodonNG: ATC ---
warning: strange character '-' 
warning ambiguity in difcodonNG: ACA ---
warning: strange character '-' 
warning ambiguity in difcodonNG: GAA ---
warning: strange character '-' 
warning ambiguity in difcodonNG: CAA ---
warning: strange character '-' 
warning ambiguity in difcodonNG: GAG ---
warning: strange character '-' 
warning ambiguity in difcodonNG: GTA ---
warning: strange character '-' 
warning ambiguity in difcodonNG: TCC ---
warning: strange character '-' 
warning ambiguity in difcodonNG: CTC ---
warning: strange character '-' 
warning ambiguity in difcodonNG: ATT ---
warning: strange character '-' 
warning ambiguity in difcodonNG: TGG ---
warning: strange character '-' 
warning ambiguity in difcodonNG: AAC ---
warning: strange character '-' 
warning ambiguity in difcodonNG: ACG ---
warning: strange character '-' 
warning ambiguity in difcodonNG: GTA ---
warning: strange character '-' 
warning ambiguity in difcodonNG: ACT ---
warning: strange character '-' 
warning ambiguity in difcodonNG: ATA ---
warning: strange character '-' 
warning ambiguity in difcodonNG: GGT ---
warning: strange character '-' 
warning ambiguity in difcodonNG: GTA ---
warning: strange character '-' 
warning ambiguity in difcodonNG: AAT ---
warning: strange character '-' 
warning ambiguity in difcodonNG: GAC ---
warning: strange character '-' 
warning ambiguity in difcodonNG: ACC ---
warning: strange character '-' 
warning ambiguity in difcodonNG: TGT ---
warning: strange character '-' 
warning ambiguity in difcodonNG: TGC ---
warning: strange character '-' 
warning ambiguity in difcodonNG: ACG ---
warning: strange character '-' 
warning ambiguity in difcodonNG: CAA ---
warning: strange character '-' 
warning ambiguity in difcodonNG: TGC ---
warning: strange character '-' 
warning ambiguity in difcodonNG: CGT ---
warning: strange character '-' 
warning ambiguity in difcodonNG: CAT ---
warning: strange character '-' 
warning ambiguity in difcodonNG: ACG ---
warning: strange character '-' 
warning ambiguity in difcodonNG: CAT ---
warning: strange character '-' 
warning ambiguity in difcodonNG: GTA ---
warning: strange character '-' 
warning ambiguity in difcodonNG: TCA ---
warning: strange character '-' 
warning ambiguity in difcodonNG: AAA ---
warning: strange character '-' 
warning ambiguity in difcodonNG: GAC ---
warning: strange character '-' 
warning ambiguity in difcodonNG: AGC ---
warning: strange character '-' 
warning ambiguity in difcodonNG: CTG ---
warning: strange character '-' 
warning ambiguity in difcodonNG: ATG ---
warning: strange character '-' 
warning ambiguity in difcodonNG: GAG ---
warning: strange character '-' 
warning ambiguity in difcodonNG: CAC ---
warning: strange character '-' 
warning ambiguity in difcodonNG: GAA ---
warning: strange character '-' 
warning ambiguity in difcodonNG: ATC ---
warning: strange character '-' 
warning ambiguity in difcodonNG: TGC ---
warning: strange character '-' 
warning ambiguity in difcodonNG: GTT ---
warning: strange character '-' 
warning ambiguity in difcodonNG: GAA ---
warning: strange character '-' 
warning ambiguity in difcodonNG: AGG ---
warning: strange character '-' 
warning ambiguity in difcodonNG: AAA ---
warning: strange character '-' 
warning ambiguity in difcodonNG: CAT ---
warning: strange character '-' 
warning ambiguity in difcodonNG: ACA ---
warning: strange character '-' 
warning ambiguity in difcodonNG: CAC ---
warning: strange character '-' 
warning ambiguity in difcodonNG: TCC ---
warning: strange character '-' 
warning ambiguity in difcodonNG: AAC ---
warning: strange character '-' 
warning ambiguity in difcodonNG: GAA ---
warning: strange character '-' 
warning ambiguity in difcodonNG: TGC ---
warning: strange character '-' 
warning ambiguity in difcodonNG: GAA ---
warning: strange character '-' 
warning ambiguity in difcodonNG: GAG ---
warning: strange character '-' 
warning ambiguity in difcodonNG: AAT ---
warning: strange character '-' 
warning ambiguity in difcodonNG: CCC ---
warning: strange character '-' 
warning ambiguity in difcodonNG: ACC ---
warning: strange character '-' 
warning ambiguity in difcodonNG: CAC ---
warning: strange character '-' 
warning ambiguity in difcodonNG: ATA ---
warning: strange character '-' 
warning ambiguity in difcodonNG: CTC ---
warning: strange character '-' 
warning ambiguity in difcodonNG: GTG ---
warning: strange character '-' 
warning ambiguity in difcodonNG: CGC ---
warning: strange character '-' 
warning ambiguity in difcodonNG: TCA ---
warning: strange character '-' 
warning ambiguity in difcodonNG: AGC ---
warning: strange character '-' 
warning ambiguity in difcodonNG: CTA ---
warning: strange character '-' 
warning ambiguity in difcodonNG: AAG ---
warning: strange character '-' 
warning ambiguity in difcodonNG: TGC ---
warning: strange character '-' 
warning ambiguity in difcodonNG: TCC ---
warning: strange character '-' 
warning ambiguity in difcodonNG: GCA ---
warning: strange character '-' 
warning ambiguity in difcodonNG: GTC ---
warning: strange character '-' 
warning ambiguity in difcodonNG: ACT ---
warning: strange character '-' 
warning ambiguity in difcodonNG: TCG ---
warning: strange character '-' 
warning ambiguity in difcodonNG: GGC ---
warning: strange character '-' 
warning ambiguity in difcodonNG: TTG ---
warning: strange character '-' 
warning ambiguity in difcodonNG: AGG ---
warning: strange character '-' 
warning ambiguity in difcodonNG: GCG ---
warning: strange character '-' 
warning ambiguity in difcodonNG: AAA ---
warning: strange character '-' 
warning ambiguity in difcodonNG: ATA ---
warning: strange character '-' 
warning ambiguity in difcodonNG: TGC ---
warning: strange character '-' 
warning ambiguity in difcodonNG: AGA ---
warning: strange character '-' 
warning ambiguity in difcodonNG: AGA ---end of tree file.

Time used:  1:22
