
 15         verbose | verbose                1.00
  7         runmode | runmode                0.00
  4         seqtype | seqtype                1.00
 13       CodonFreq | CodonFreq              2.00
  9           clock | clock                  0.00
 18          aaDist | aaDist                 0.00
 19      aaRatefile | aaRatefile             1.00
 16           model | model                  0.00
 20         NSsites | NSsites                7.00
 22           icode | icode                  0.00
 23           Mgene | Mgene                  0.00
 24       fix_kappa | fix_kappa              0.00
 25           kappa | kappa                  2.00
 26       fix_omega | fix_omega              0.00
 27           omega | omega                  0.40
 28       fix_alpha | fix_alpha              1.00
 29           alpha | alpha                  0.00
 30          Malpha | Malpha                 0.00
 31           ncatG | ncatG                  8.00
 11           getSE | getSE                  0.00
 12    RateAncestor | RateAncestor           1.00
 36      Small_Diff | Small_Diff             0.00
  6       cleandata | cleandata              0.00
  8          method | method                 0.00
CODONML in paml version 4.8a, August 2014

----------------------------------------------
Phe F TTT | Ser S TCT | Tyr Y TAT | Cys C TGT
      TTC |       TCC |       TAC |       TGC
Leu L TTA |       TCA | *** * TAA | *** * TGA
      TTG |       TCG |       TAG | Trp W TGG
----------------------------------------------
Leu L CTT | Pro P CCT | His H CAT | Arg R CGT
      CTC |       CCC |       CAC |       CGC
      CTA |       CCA | Gln Q CAA |       CGA
      CTG |       CCG |       CAG |       CGG
----------------------------------------------
Ile I ATT | Thr T ACT | Asn N AAT | Ser S AGT
      ATC |       ACC |       AAC |       AGC
      ATA |       ACA | Lys K AAA | Arg R AGA
Met M ATG |       ACG |       AAG |       AGG
----------------------------------------------
Val V GTT | Ala A GCT | Asp D GAT | Gly G GGT
      GTC |       GCC |       GAC |       GGC
      GTA |       GCA | Glu E GAA |       GGA
      GTG |       GCG |       GAG |       GGG
----------------------------------------------
Nice code, uuh?


Ambiguity character definition table:

T (1): T 
C (1): C 
A (1): A 
G (1): G 
U (1): T 
Y (2): T C 
R (2): A G 
M (2): C A 
K (2): T G 
S (2): C G 
W (2): T A 
H (3): T C A 
B (3): T C G 
V (3): C A G 
D (3): T A G 
- (4): T C A G 
N (4): T C A G 
? (4): T C A G 

ns = 3  	ls = 1422
Reading sequences, interlaved format..
Reading seq # 1: A169     Reading seq # 2: A170     Reading seq # 3: A171     
block   1:     60     60     60
block   2:    120    120    120
block   3:    180    180    180
block   4:    240    240    240
block   5:    300    300    300
block   6:    360    360    360
block   7:    420    420    420
block   8:    480    480    480
block   9:    540    540    540
block  10:    600    600    600
block  11:    660    660    660
block  12:    720    720    720
block  13:    780    780    780
block  14:    840    840    840
block  15:    900    900    900
block  16:    960    960    960
block  17:   1020   1020   1020
block  18:   1080   1080   1080
block  19:   1140   1140   1140
block  20:   1200   1200   1200
block  21:   1260   1260   1260
block  22:   1320   1320   1320
block  23:   1380   1380   1380
block  24:   1422   1422   1422
Sequences read..
Counting site patterns..  0:00
         227 patterns at      474 /      474 sites (100.0%),  0:00
1 ambiguous codons are seen in the data:
 ---
Counting codons..

  2   1:Sites   297.7 + 1118.3 = 1416.0	Diffs     5.0 +   10.0 =   15.0
  3   1:Sites   293.5 + 1065.5 = 1359.0	Diffs   129.7 +  137.3 =  267.0
  3   2:Sites   293.5 + 1065.5 = 1359.0	Diffs   128.7 +  133.3 =  262.0

       24 bytes for distance
   221552 bytes for conP
    14528 bytes for fhK
  5000000 bytes for space

TREE #  1
((2, 1), 3);   MP score: -1
This is a rooted tree, without clock.  Check.

    0.361410    0.008021    0.024006    0.379406    2.000000    1.102878    1.889840

ntime & nrate & np:     4     1     7

Bounds (np=7):
   0.000004   0.000004   0.000004   0.000004   0.000100   0.005000   0.005000
  50.000000  50.000000  50.000000  50.000000 999.000000  99.000000  99.000000
Qfactor_NS = 8.342582

np =     7
lnL0 = -2832.779320

Iterating by ming2
Initial: fx=  2832.779320
x=  0.36141  0.00802  0.02401  0.37941  2.00000  1.10288  1.88984

  1 h-m-p  0.0000 0.0019 110.1300 +CYC   2832.610828  2 0.0000    16 | 0/7
  2 h-m-p  0.0001 0.0009  43.7165 CCC    2832.493627  2 0.0001    30 | 0/7
  3 h-m-p  0.0001 0.0201  74.3527 ++YCYC  2829.917211  3 0.0027    46 | 0/7
  4 h-m-p  0.0023 0.0119  86.6800 CYCYCC  2821.711457  5 0.0054    65 | 0/7
  5 h-m-p  0.1693 0.8464   1.8618 YYYCC  2821.350414  4 0.1554    80 | 0/7
  6 h-m-p  0.1548 1.7477   1.8688 CC     2820.884423  1 0.2138    92 | 0/7
  7 h-m-p  0.1432 0.7160   2.3441 YCYYCC  2818.337136  5 0.4404   110 | 0/7
  8 h-m-p  0.1850 0.9250   0.8079 CYCCC  2817.663800  4 0.4098   128 | 0/7
  9 h-m-p  0.2519 1.3515   1.3143 CCC    2817.457623  2 0.0663   149 | 0/7
 10 h-m-p  0.4277 8.0000   0.2036 YCC    2817.321244  2 0.8195   162 | 0/7
 11 h-m-p  1.6000 8.0000   0.0214 YC     2817.297145  1 1.1221   180 | 0/7
 12 h-m-p  1.6000 8.0000   0.0121 YC     2817.296137  1 0.8968   198 | 0/7
 13 h-m-p  1.6000 8.0000   0.0014 Y      2817.296098  0 1.0380   215 | 0/7
 14 h-m-p  1.6000 8.0000   0.0001 C      2817.296097  0 1.6000   232 | 0/7
 15 h-m-p  1.6000 8.0000   0.0000 Y      2817.296097  0 0.9528   249 | 0/7
 16 h-m-p  1.6000 8.0000   0.0000 C      2817.296097  0 1.6000   266 | 0/7
 17 h-m-p  1.6000 8.0000   0.0000 Y      2817.296097  0 2.5862   283 | 0/7
 18 h-m-p  1.6000 8.0000   0.0000 C      2817.296097  0 0.4000   300 | 0/7
 19 h-m-p  0.6535 8.0000   0.0000 --Y    2817.296097  0 0.0102   319
Out..
lnL  = -2817.296097
320 lfun, 2880 eigenQcodon, 10240 P(t)

Reconstructed ancestral states go into file rst.

lnL = -2817.296097 from ProbSitePattern.
Marginal reconstruction.
	Node   4: lnL = -2817.296097
	Node   5: lnL = -2817.296097

warning: strange character '-' 
warning ambiguity in difcodonNG: --- GAA
warning: strange character '-' 
warning ambiguity in difcodonNG: --- AGT
warning: strange character '-' 
warning ambiguity in difcodonNG: --- GAA
warning: strange character '-' 
warning ambiguity in difcodonNG: --- AGT
warning: strange character '-' 
warning ambiguity in difcodonNG: --- ACT
warning: strange character '-' 
warning ambiguity in difcodonNG: --- GAA
warning: strange character '-' 
warning ambiguity in difcodonNG: --- GAT
warning: strange character '-' 
warning ambiguity in difcodonNG: --- ATG
warning: strange character '-' 
warning ambiguity in difcodonNG: --- AGG
warning: strange character '-' 
warning ambiguity in difcodonNG: --- CAG
warning: strange character '-' 
warning ambiguity in difcodonNG: --- AAA
warning: strange character '-' 
warning ambiguity in difcodonNG: --- AGA
warning: strange character '-' 
warning ambiguity in difcodonNG: --- GAC
warning: strange character '-' 
warning ambiguity in difcodonNG: --- GAG
warning: strange character '-' 
warning ambiguity in difcodonNG: --- AAA
warning: strange character '-' 
warning ambiguity in difcodonNG: --- GAG
warning: strange character '-' 
warning ambiguity in difcodonNG: --- GAA
warning: strange character '-' 
warning ambiguity in difcodonNG: --- GAA
warning: strange character '-' 
warning ambiguity in difcodonNG: --- GAT
warning: strange character '-' 
warning ambiguity in difcodonNG: --- AAT
warning: strange character '-' 
warning ambiguity in difcodonNG: --- GAA
warning: strange character '-' 
warning ambiguity in difcodonNG: --- GAT
warning: strange character '-' 
warning ambiguity in difcodonNG: --- TTC
warning: strange character '-' 
warning ambiguity in difcodonNG: ACT ---
warning: strange character '-' 
warning ambiguity in difcodonNG: GAA ---
warning: strange character '-' 
warning ambiguity in difcodonNG: GAT ---
warning: strange character '-' 
warning ambiguity in difcodonNG: ATG ---
warning: strange character '-' 
warning ambiguity in difcodonNG: AGG ---
warning: strange character '-' 
warning ambiguity in difcodonNG: CAG ---
warning: strange character '-' 
warning ambiguity in difcodonNG: AAA ---
warning: strange character '-' 
warning ambiguity in difcodonNG: AGA ---
warning: strange character '-' 
warning ambiguity in difcodonNG: GAC ---
warning: strange character '-' 
warning ambiguity in difcodonNG: GAG ---
warning: strange character '-' 
warning ambiguity in difcodonNG: AAA ---
warning: strange character '-' 
warning ambiguity in difcodonNG: GAG ---
warning: strange character '-' 
warning ambiguity in difcodonNG: GAA ---
warning: strange character '-' 
warning ambiguity in difcodonNG: GAA ---
warning: strange character '-' 
warning ambiguity in difcodonNG: GAT ---
warning: strange character '-' 
warning ambiguity in difcodonNG: AAT ---
warning: strange character '-' 
warning ambiguity in difcodonNG: GAA ---
warning: strange character '-' 
warning ambiguity in difcodonNG: GAT ---
warning: strange character '-' 
warning ambiguity in difcodonNG: GAA ---
warning: strange character '-' 
warning ambiguity in difcodonNG: GAA ---
warning: strange character '-' 
warning ambiguity in difcodonNG: AGT ---
warning: strange character '-' 
warning ambiguity in difcodonNG: AGT ---
warning: strange character '-' 
warning ambiguity in difcodonNG: TTC ---end of tree file.

Time used:  0:10
