
 15         verbose | verbose                1.00
  7         runmode | runmode                0.00
  4         seqtype | seqtype                1.00
 13       CodonFreq | CodonFreq              2.00
  9           clock | clock                  0.00
 18          aaDist | aaDist                 0.00
 19      aaRatefile | aaRatefile             1.00
 16           model | model                  0.00
 20         NSsites | NSsites                2.00
 22           icode | icode                  0.00
 23           Mgene | Mgene                  0.00
 24       fix_kappa | fix_kappa              0.00
 25           kappa | kappa                  2.00
 26       fix_omega | fix_omega              0.00
 27           omega | omega                  0.40
 28       fix_alpha | fix_alpha              1.00
 29           alpha | alpha                  0.00
 30          Malpha | Malpha                 0.00
 31           ncatG | ncatG                  8.00
 11           getSE | getSE                  0.00
 12    RateAncestor | RateAncestor           1.00
 36      Small_Diff | Small_Diff             0.00
  6       cleandata | cleandata              0.00
  8          method | method                 0.00
CODONML in paml version 4.8a, August 2014

----------------------------------------------
Phe F TTT | Ser S TCT | Tyr Y TAT | Cys C TGT
      TTC |       TCC |       TAC |       TGC
Leu L TTA |       TCA | *** * TAA | *** * TGA
      TTG |       TCG |       TAG | Trp W TGG
----------------------------------------------
Leu L CTT | Pro P CCT | His H CAT | Arg R CGT
      CTC |       CCC |       CAC |       CGC
      CTA |       CCA | Gln Q CAA |       CGA
      CTG |       CCG |       CAG |       CGG
----------------------------------------------
Ile I ATT | Thr T ACT | Asn N AAT | Ser S AGT
      ATC |       ACC |       AAC |       AGC
      ATA |       ACA | Lys K AAA | Arg R AGA
Met M ATG |       ACG |       AAG |       AGG
----------------------------------------------
Val V GTT | Ala A GCT | Asp D GAT | Gly G GGT
      GTC |       GCC |       GAC |       GGC
      GTA |       GCA | Glu E GAA |       GGA
      GTG |       GCG |       GAG |       GGG
----------------------------------------------
Nice code, uuh?


Ambiguity character definition table:

T (1): T 
C (1): C 
A (1): A 
G (1): G 
U (1): T 
Y (2): T C 
R (2): A G 
M (2): C A 
K (2): T G 
S (2): C G 
W (2): T A 
H (3): T C A 
B (3): T C G 
V (3): C A G 
D (3): T A G 
- (4): T C A G 
N (4): T C A G 
? (4): T C A G 

ns = 3  	ls = 813
Reading sequences, interlaved format..
Reading seq # 1: A6     Reading seq # 2: A7     Reading seq # 3: A5     
block   1:     60     60     60
block   2:    120    120    120
block   3:    180    180    180
block   4:    240    240    240
block   5:    300    300    300
block   6:    360    360    360
block   7:    420    420    420
block   8:    480    480    480
block   9:    540    540    540
block  10:    600    600    600
block  11:    660    660    660
block  12:    720    720    720
block  13:    780    780    780
block  14:    813    813    813
codon     189: AGC TCA AGC 
Sequences read..
Counting site patterns..  0:00
         144 patterns at      271 /      271 sites (100.0%),  0:00
1 ambiguous codons are seen in the data:
 ---
Counting codons..

  2   1:Sites    95.3 +  312.7 =  408.0	Diffs     9.8 +   18.2 =   28.0
  3   1:Sites    86.1 +  264.9 =  351.0	Diffs     4.0 +   11.0 =   15.0
  3   2:Sites     7.6 +   28.4 =   36.0	Diffs     3.2 +   13.8 =   17.0

       24 bytes for distance
   140544 bytes for conP
     3456 bytes for fhK
  5000000 bytes for space

TREE #  1
((2, 1), 3);   MP score: -1
This is a rooted tree, without clock.  Check.

initial w for M2:NSpselection reset.

    0.055357    0.118034    0.000000    0.073353    2.000000    1.702878    0.544920    0.254804    2.882193

ntime & nrate & np:     4     3     9

Bounds (np=9):
   0.000004   0.000004   0.000004   0.000004   0.000100 -99.000000 -99.000000   0.000001   1.000000
  50.000000  50.000000  50.000000  50.000000 999.000000  99.000000  99.000000   1.000000 999.000000
Qfactor_NS = 5.539704

np =     9
lnL0 = -1281.486288

Iterating by ming2
Initial: fx=  1281.486288
x=  0.05536  0.11803  0.00000  0.07335  2.00000  1.70288  0.54492  0.25480  2.88219

  1 h-m-p  0.0000 0.0000 106.0535 ++     1281.485729  m 0.0000    14 | 1/9
  2 h-m-p  0.0001 0.0446  12.4796 ++YCC  1281.404774  2 0.0011    31 | 1/9
  3 h-m-p  0.0012 0.0298  10.6820 +++    1279.603483  m 0.0298    44 | 1/9
  4 h-m-p  0.0668 0.4164   4.7673 CCCC   1278.550120  3 0.0971    62 | 1/9
  5 h-m-p  0.0396 0.1982   0.8407 ++     1278.078863  m 0.1982    74 | 2/9
  6 h-m-p  0.2505 8.0000   0.6324 +YYCCC  1275.872823  4 1.4906   101 | 1/9
  7 h-m-p  0.0267 0.1334  32.0425 CC     1275.718256  1 0.0095   122 | 1/9
  8 h-m-p  0.0855 0.4276   1.2147 +CC    1275.347835  1 0.3328   137 | 1/9
  9 h-m-p  0.5184 8.0000   0.7797 +YCCC  1275.097196  3 1.2787   155 | 1/9
 10 h-m-p  1.6000 8.0000   0.4712 YCCC   1274.856437  3 3.4716   180 | 1/9
 11 h-m-p  1.6000 8.0000   0.5921 CCCCC  1274.741488  4 2.3408   208 | 1/9
 12 h-m-p  1.6000 8.0000   0.5393 +YCCC  1274.629840  3 5.0336   234 | 1/9
 13 h-m-p  1.6000 8.0000   0.2176 CCC    1274.605692  2 1.6606   258 | 1/9
 14 h-m-p  1.6000 8.0000   0.1590 YC     1274.602528  1 0.7605   279 | 1/9
 15 h-m-p  1.0541 8.0000   0.1147 YC     1274.595531  1 1.8023   300 | 1/9
 16 h-m-p  1.4241 8.0000   0.1452 +YC    1274.591271  1 4.2304   322 | 1/9
 17 h-m-p  1.6000 8.0000   0.0136 CC     1274.590032  1 2.5664   344 | 1/9
 18 h-m-p  0.4631 8.0000   0.0754 +YC    1274.589795  1 1.4061   366 | 1/9
 19 h-m-p  1.6000 8.0000   0.0069 C      1274.589789  0 1.2946   386 | 1/9
 20 h-m-p  1.6000 8.0000   0.0014 Y      1274.589788  0 2.7945   406 | 1/9
 21 h-m-p  1.6000 8.0000   0.0018 ++     1274.589779  m 8.0000   426 | 1/9
 22 h-m-p  0.0292 8.0000   0.4918 +++YYY  1274.589321  2 1.8714   451 | 1/9
 23 h-m-p  0.6385 8.0000   1.4414 C      1274.589205  0 0.1596   471 | 1/9
 24 h-m-p  0.2547 8.0000   0.9033 CYC    1274.588784  2 0.4604   486 | 1/9
 25 h-m-p  0.8696 8.0000   0.4783 YYC    1274.587549  2 0.8808   508 | 1/9
 26 h-m-p  0.7473 8.0000   0.5637 C      1274.584716  0 0.7473   528 | 1/9
 27 h-m-p  0.7603 8.0000   0.5541 YCY    1274.584034  2 0.4837   551 | 1/9
 28 h-m-p  0.9937 8.0000   0.2697 CCYC   1274.581740  3 1.4076   576 | 1/9
 29 h-m-p  1.3162 6.5811   0.2571 CYY    1274.576489  2 1.4121   599 | 1/9
 30 h-m-p  0.3223 1.9920   1.1263 YYCC   1274.574131  3 0.2251   623 | 1/9
 31 h-m-p  0.4328 7.8079   0.5859 YCCC   1274.570502  3 0.8783   640 | 1/9
 32 h-m-p  1.1192 8.0000   0.4598 YC     1274.568749  1 0.4652   661 | 1/9
 33 h-m-p  1.0682 6.7223   0.2003 YCYC   1274.563857  3 2.3277   685 | 1/9
 34 h-m-p  0.6123 3.0617   0.1061 ++     1274.557807  m 3.0617   705 | 2/9
 35 h-m-p  0.0000 0.0005 38707.3605 -YC    1274.557297  1 0.0000   727 | 2/9
 36 h-m-p  0.2292 8.0000   0.0828 +CC    1274.557038  1 1.2830   742 | 2/9
 37 h-m-p  1.6000 8.0000   0.0156 ----------------..  | 2/9
 38 h-m-p  0.0001 0.0584   1.1674 +CC    1274.556545  1 0.0007   797 | 2/9
 39 h-m-p  0.0160 8.0000   0.1751 YC     1274.556443  1 0.0068   810 | 2/9
 40 h-m-p  0.0160 8.0000   0.0812 ++CC   1274.555624  1 0.2955   833 | 2/9
 41 h-m-p  0.4091 8.0000   0.0586 CC     1274.555232  1 0.3414   854 | 2/9
 42 h-m-p  1.6000 8.0000   0.0037 Y      1274.555210  0 3.2139   873 | 2/9
 43 h-m-p  1.6000 8.0000   0.0067 ++     1274.555082  m 8.0000   892 | 2/9
 44 h-m-p  0.3626 8.0000   0.1476 +YC    1274.554927  1 1.0325   913 | 2/9
 45 h-m-p  1.6000 8.0000   0.0006 Y      1274.554927  0 1.0391   932 | 2/9
 46 h-m-p  1.6000 8.0000   0.0000 Y      1274.554927  0 1.0189   951 | 2/9
 47 h-m-p  1.6000 8.0000   0.0000 Y      1274.554927  0 1.6000   970 | 2/9
 48 h-m-p  1.6000 8.0000   0.0000 C      1274.554927  0 0.4000   989 | 2/9
 49 h-m-p  0.0160 8.0000   0.0000 C      1274.554927  0 0.0160  1008 | 2/9
 50 h-m-p  0.0160 8.0000   0.0020 --------Y  1274.554927  0 0.0000  1035 | 2/9
 51 h-m-p  0.0160 8.0000   0.0010 -------------..  | 2/9
 52 h-m-p  0.0160 8.0000   0.0000 --------Y  1274.554927  0 0.0000  1092 | 2/9
 53 h-m-p  0.0160 8.0000   0.0001 -------------..  | 2/9
 54 h-m-p  0.0160 8.0000   0.0000 ----------N  1274.554927  0 0.0000  1151
Out..
lnL  = -1274.554927
1152 lfun, 4608 eigenQcodon, 13824 P(t)

BEBing (dim = 4).  This may take several minutes.
Calculating f(x_h|w): 10 categories 21 w sets.
S10 w log{f(x|w)}:    0.0500    -15.912154
S10 w log{f(x|w)}:    0.1500    -14.651178
S10 w log{f(x|w)}:    0.2500    -14.005099
S10 w log{f(x|w)}:    0.3500    -13.553301
S10 w log{f(x|w)}:    0.4500    -13.201922
S10 w log{f(x|w)}:    0.5500    -12.913246
S10 w log{f(x|w)}:    0.6500    -12.667953
S10 w log{f(x|w)}:    0.7500    -12.454680
S10 w log{f(x|w)}:    0.8500    -12.266119
S10 w log{f(x|w)}:    0.9500    -12.097263
S10 w log{f(x|w)}:    1.0000    -12.019060
S10 w log{f(x|w)}:    1.5000    -11.397438
S10 w log{f(x|w)}:    2.5000    -10.625758
S10 w log{f(x|w)}:    3.5000    -10.142900
S10 w log{f(x|w)}:    4.5000     -9.804730
S10 w log{f(x|w)}:    5.5000     -9.552675
S10 w log{f(x|w)}:    6.5000     -9.357095
S10 w log{f(x|w)}:    7.5000     -9.200947
S10 w log{f(x|w)}:    8.5000     -9.073575
S10 w log{f(x|w)}:    9.5000     -8.967901
S10 w log{f(x|w)}:   10.5000     -8.879010
Calculating f(X), the marginal probability of data.
	log(fX) = -1278.770983  S = -1210.749771   -63.895431
Calculating f(w|X), posterior probabilities of site classes.
	did  10 / 144 patterns   0:14	did  20 / 144 patterns   0:14	did  30 / 144 patterns   0:14	did  40 / 144 patterns   0:14	did  50 / 144 patterns   0:14	did  60 / 144 patterns   0:15	did  70 / 144 patterns   0:15	did  80 / 144 patterns   0:15	did  90 / 144 patterns   0:15	did 100 / 144 patterns   0:15	did 110 / 144 patterns   0:15	did 120 / 144 patterns   0:15	did 130 / 144 patterns   0:15	did 140 / 144 patterns   0:15	did 144 / 144 patterns   0:15
Reconstructed ancestral states go into file rst.

lnL = -1274.554927 from ProbSitePattern.
Marginal reconstruction.
	Node   4: lnL = -1274.554927
	Node   5: lnL = -1274.554927

warning: strange character '-' 
warning ambiguity in difcodonNG: --- AGA
warning: strange character '-' 
warning ambiguity in difcodonNG: --- TCA
warning: strange character '-' 
warning ambiguity in difcodonNG: --- GCA
warning: strange character '-' 
warning ambiguity in difcodonNG: --- CAA
warning: strange character '-' 
warning ambiguity in difcodonNG: --- AAG
warning: strange character '-' 
warning ambiguity in difcodonNG: --- TCA
warning: strange character '-' 
warning ambiguity in difcodonNG: --- GAA
warning: strange character '-' 
warning ambiguity in difcodonNG: --- AGA
warning: strange character '-' 
warning ambiguity in difcodonNG: --- ACA
warning: strange character '-' 
warning ambiguity in difcodonNG: --- AAA
warning: strange character '-' 
warning ambiguity in difcodonNG: --- AAA
warning: strange character '-' 
warning ambiguity in difcodonNG: --- CAA
warning: strange character '-' 
warning ambiguity in difcodonNG: --- CAT
warning: strange character '-' 
warning ambiguity in difcodonNG: --- GGC
warning: strange character '-' 
warning ambiguity in difcodonNG: --- GAG
warning: strange character '-' 
warning ambiguity in difcodonNG: --- GAC
warning: strange character '-' 
warning ambiguity in difcodonNG: --- GAT
warning: strange character '-' 
warning ambiguity in difcodonNG: --- GAG
warning: strange character '-' 
warning ambiguity in difcodonNG: --- GGC
warning: strange character '-' 
warning ambiguity in difcodonNG: --- AAA
warning: strange character '-' 
warning ambiguity in difcodonNG: --- GGA
warning: strange character '-' 
warning ambiguity in difcodonNG: --- GGG
warning: strange character '-' 
warning ambiguity in difcodonNG: --- AAG
warning: strange character '-' 
warning ambiguity in difcodonNG: --- AAC
warning: strange character '-' 
warning ambiguity in difcodonNG: --- AGA
warning: strange character '-' 
warning ambiguity in difcodonNG: --- GAG
warning: strange character '-' 
warning ambiguity in difcodonNG: --- GAT
warning: strange character '-' 
warning ambiguity in difcodonNG: --- ATT
warning: strange character '-' 
warning ambiguity in difcodonNG: --- TTA
warning: strange character '-' 
warning ambiguity in difcodonNG: --- GGA
warning: strange character '-' 
warning ambiguity in difcodonNG: --- CGT
warning: strange character '-' 
warning ambiguity in difcodonNG: --- AAC
warning: strange character '-' 
warning ambiguity in difcodonNG: --- TAC
warning: strange character '-' 
warning ambiguity in difcodonNG: --- AGC
warning: strange character '-' 
warning ambiguity in difcodonNG: --- CAT
warning: strange character '-' 
warning ambiguity in difcodonNG: --- GAT
warning: strange character '-' 
warning ambiguity in difcodonNG: --- GCA
warning: strange character '-' 
warning ambiguity in difcodonNG: --- CAT
warning: strange character '-' 
warning ambiguity in difcodonNG: --- CCT
warning: strange character '-' 
warning ambiguity in difcodonNG: --- GCA
warning: strange character '-' 
warning ambiguity in difcodonNG: --- CCA
warning: strange character '-' 
warning ambiguity in difcodonNG: --- CGA
warning: strange character '-' 
warning ambiguity in difcodonNG: --- GGT
warning: strange character '-' 
warning ambiguity in difcodonNG: --- GCA
warning: strange character '-' 
warning ambiguity in difcodonNG: --- GTC
warning: strange character '-' 
warning ambiguity in difcodonNG: --- TCG
warning: strange character '-' 
warning ambiguity in difcodonNG: --- GTG
warning: strange character '-' 
warning ambiguity in difcodonNG: --- GTT
warning: strange character '-' 
warning ambiguity in difcodonNG: --- AAC
warning: strange character '-' 
warning ambiguity in difcodonNG: --- CAA
warning: strange character '-' 
warning ambiguity in difcodonNG: --- GGA
warning: strange character '-' 
warning ambiguity in difcodonNG: --- AGC
warning: strange character '-' 
warning ambiguity in difcodonNG: --- ACA
warning: strange character '-' 
warning ambiguity in difcodonNG: --- CAA
warning: strange character '-' 
warning ambiguity in difcodonNG: --- GGG
warning: strange character '-' 
warning ambiguity in difcodonNG: --- GTG
warning: strange character '-' 
warning ambiguity in difcodonNG: --- AAA
warning: strange character '-' 
warning ambiguity in difcodonNG: --- ACC
warning: strange character '-' 
warning ambiguity in difcodonNG: --- GTG
warning: strange character '-' 
warning ambiguity in difcodonNG: --- GAA
warning: strange character '-' 
warning ambiguity in difcodonNG: --- GGA
warning: strange character '-' 
warning ambiguity in difcodonNG: --- AAG
warning: strange character '-' 
warning ambiguity in difcodonNG: --- GAG
warning: strange character '-' 
warning ambiguity in difcodonNG: --- ATT
warning: strange character '-' 
warning ambiguity in difcodonNG: --- TCG
warning: strange character '-' 
warning ambiguity in difcodonNG: --- CAG
warning: strange character '-' 
warning ambiguity in difcodonNG: --- CAG
warning: strange character '-' 
warning ambiguity in difcodonNG: --- CAA
warning: strange character '-' 
warning ambiguity in difcodonNG: --- ACG
warning: strange character '-' 
warning ambiguity in difcodonNG: --- TCG
warning: strange character '-' 
warning ambiguity in difcodonNG: --- AGG
warning: strange character '-' 
warning ambiguity in difcodonNG: --- CAG
warning: strange character '-' 
warning ambiguity in difcodonNG: --- TAT
warning: strange character '-' 
warning ambiguity in difcodonNG: --- GAA
warning: strange character '-' 
warning ambiguity in difcodonNG: --- AGC
warning: strange character '-' 
warning ambiguity in difcodonNG: --- TAC
warning: strange character '-' 
warning ambiguity in difcodonNG: --- GTA
warning: strange character '-' 
warning ambiguity in difcodonNG: --- GCG
warning: strange character '-' 
warning ambiguity in difcodonNG: --- TTG
warning: strange character '-' 
warning ambiguity in difcodonNG: --- CCA
warning: strange character '-' 
warning ambiguity in difcodonNG: --- CTG
warning: strange character '-' 
warning ambiguity in difcodonNG: --- CGA
warning: strange character '-' 
warning ambiguity in difcodonNG: --- AAC
warning: strange character '-' 
warning ambiguity in difcodonNG: --- GGA
warning: strange character '-' 
warning ambiguity in difcodonNG: --- ATG
warning: strange character '-' 
warning ambiguity in difcodonNG: --- TCC
warning: strange character '-' 
warning ambiguity in difcodonNG: --- GAG
warning: strange character '-' 
warning ambiguity in difcodonNG: --- CAT
warning: strange character '-' 
warning ambiguity in difcodonNG: --- GAA
warning: strange character '-' 
warning ambiguity in difcodonNG: --- GTG
warning: strange character '-' 
warning ambiguity in difcodonNG: --- AGT
warning: strange character '-' 
warning ambiguity in difcodonNG: --- AGA
warning: strange character '-' 
warning ambiguity in difcodonNG: --- CCT
warning: strange character '-' 
warning ambiguity in difcodonNG: --- TCA
warning: strange character '-' 
warning ambiguity in difcodonNG: --- GAG
warning: strange character '-' 
warning ambiguity in difcodonNG: --- GTG
warning: strange character '-' 
warning ambiguity in difcodonNG: --- GCC
warning: strange character '-' 
warning ambiguity in difcodonNG: --- TTG
warning: strange character '-' 
warning ambiguity in difcodonNG: --- GAC
warning: strange character '-' 
warning ambiguity in difcodonNG: --- GAT
warning: strange character '-' 
warning ambiguity in difcodonNG: --- GTG
warning: strange character '-' 
warning ambiguity in difcodonNG: --- GGT
warning: strange character '-' 
warning ambiguity in difcodonNG: --- GAA
warning: strange character '-' 
warning ambiguity in difcodonNG: --- CCC
warning: strange character '-' 
warning ambiguity in difcodonNG: --- TCG
warning: strange character '-' 
warning ambiguity in difcodonNG: --- TCC
warning: strange character '-' 
warning ambiguity in difcodonNG: --- TTA
warning: strange character '-' 
warning ambiguity in difcodonNG: --- AGT
warning: strange character '-' 
warning ambiguity in difcodonNG: --- GAA
warning: strange character '-' 
warning ambiguity in difcodonNG: --- AGT
warning: strange character '-' 
warning ambiguity in difcodonNG: --- GTA
warning: strange character '-' 
warning ambiguity in difcodonNG: --- CCG
warning: strange character '-' 
warning ambiguity in difcodonNG: --- AGG
warning: strange character '-' 
warning ambiguity in difcodonNG: --- GGA
warning: strange character '-' 
warning ambiguity in difcodonNG: --- AAC
warning: strange character '-' 
warning ambiguity in difcodonNG: --- GGT
warning: strange character '-' 
warning ambiguity in difcodonNG: --- GCG
warning: strange character '-' 
warning ambiguity in difcodonNG: --- AGT
warning: strange character '-' 
warning ambiguity in difcodonNG: --- CGC
warning: strange character '-' 
warning ambiguity in difcodonNG: --- AAA
warning: strange character '-' 
warning ambiguity in difcodonNG: --- AGG
warning: strange character '-' 
warning ambiguity in difcodonNG: --- TAT
warning: strange character '-' 
warning ambiguity in difcodonNG: --- GCG
warning: strange character '-' 
warning ambiguity in difcodonNG: --- ATA
warning: strange character '-' 
warning ambiguity in difcodonNG: --- TTA
warning: strange character '-' 
warning ambiguity in difcodonNG: --- CTC
warning: strange character '-' 
warning ambiguity in difcodonNG: --- TAC
warning: strange character '-' 
warning ambiguity in difcodonNG: --- GCA
warning: strange character '-' 
warning ambiguity in difcodonNG: --- GGA
warning: strange character '-' 
warning ambiguity in difcodonNG: --- TTA
warning: strange character '-' 
warning ambiguity in difcodonNG: --- AGT
warning: strange character '-' 
warning ambiguity in difcodonNG: --- GTT
warning: strange character '-' 
warning ambiguity in difcodonNG: --- GTG
warning: strange character '-' 
warning ambiguity in difcodonNG: --- TTC
warning: strange character '-' 
warning ambiguity in difcodonNG: --- TCC
warning: strange character '-' 
warning ambiguity in difcodonNG: --- ATG
warning: strange character '-' 
warning ambiguity in difcodonNG: --- CTT
warning: strange character '-' 
warning ambiguity in difcodonNG: --- AAA
warning: strange character '-' 
warning ambiguity in difcodonNG: --- ATT
warning: strange character '-' 
warning ambiguity in difcodonNG: --- GCA
warning: strange character '-' 
warning ambiguity in difcodonNG: --- GCA
warning: strange character '-' 
warning ambiguity in difcodonNG: --- GTC
warning: strange character '-' 
warning ambiguity in difcodonNG: --- ATT
warning: strange character '-' 
warning ambiguity in difcodonNG: --- TTT
warning: strange character '-' 
warning ambiguity in difcodonNG: --- TTG
warning: strange character '-' 
warning ambiguity in difcodonNG: --- ACG
warning: strange character '-' 
warning ambiguity in difcodonNG: --- CTG
warning: strange character '-' 
warning ambiguity in difcodonNG: --- AGG
warning: strange character '-' 
warning ambiguity in difcodonNG: --- ACG
warning: strange character '-' 
warning ambiguity in difcodonNG: --- TGT
warning: strange character '-' 
warning ambiguity in difcodonNG: --- AAC
warning: strange character '-' 
warning ambiguity in difcodonNG: --- CCC
warning: strange character '-' 
warning ambiguity in difcodonNG: --- AGT
warning: strange character '-' 
warning ambiguity in difcodonNG: --- GTT
warning: strange character '-' 
warning ambiguity in difcodonNG: --- GTT
warning: strange character '-' 
warning ambiguity in difcodonNG: --- TTC
warning: strange character '-' 
warning ambiguity in difcodonNG: --- ACA
warning: strange character '-' 
warning ambiguity in difcodonNG: --- CGA
warning: strange character '-' 
warning ambiguity in difcodonNG: --- CAA
warning: strange character '-' 
warning ambiguity in difcodonNG: --- CCG
warning: strange character '-' 
warning ambiguity in difcodonNG: --- GAC
warning: strange character '-' 
warning ambiguity in difcodonNG: --- GTG
warning: strange character '-' 
warning ambiguity in difcodonNG: --- CAG
warning: strange character '-' 
warning ambiguity in difcodonNG: --- GTC
warning: strange character '-' 
warning ambiguity in difcodonNG: --- ACA
warning: strange character '-' 
warning ambiguity in difcodonNG: --- TAT
warning: strange character '-' 
warning ambiguity in difcodonNG: --- GGA
warning: strange character '-' 
warning ambiguity in difcodonNG: --- GAC
warning: strange character '-' 
warning ambiguity in difcodonNG: --- GAA
warning: strange character '-' 
warning ambiguity in difcodonNG: --- GGG
warning: strange character '-' 
warning ambiguity in difcodonNG: --- CCG
warning: strange character '-' 
warning ambiguity in difcodonNG: --- AGA
warning: strange character '-' 
warning ambiguity in difcodonNG: --- GAG
warning: strange character '-' 
warning ambiguity in difcodonNG: --- TAC
warning: strange character '-' 
warning ambiguity in difcodonNG: --- TTC
warning: strange character '-' 
warning ambiguity in difcodonNG: --- GCT
warning: strange character '-' 
warning ambiguity in difcodonNG: --- CCT
warning: strange character '-' 
warning ambiguity in difcodonNG: --- ACA
warning: strange character '-' 
warning ambiguity in difcodonNG: --- GCA
warning: strange character '-' 
warning ambiguity in difcodonNG: --- GAA
warning: strange character '-' 
warning ambiguity in difcodonNG: --- CAG
warning: strange character '-' 
warning ambiguity in difcodonNG: --- TTG
warning: strange character '-' 
warning ambiguity in difcodonNG: --- GCA
warning: strange character '-' 
warning ambiguity in difcodonNG: --- CGG
warning: strange character '-' 
warning ambiguity in difcodonNG: --- GGA
warning: strange character '-' 
warning ambiguity in difcodonNG: --- AAG
warning: strange character '-' 
warning ambiguity in difcodonNG: --- ATA
warning: strange character '-' 
warning ambiguity in difcodonNG: --- ACT
warning: strange character '-' 
warning ambiguity in difcodonNG: --- CCA
warning: strange character '-' 
warning ambiguity in difcodonNG: --- AAA
warning: strange character '-' 
warning ambiguity in difcodonNG: --- CAC
warning: strange character '-' 
warning ambiguity in difcodonNG: --- GAA
warning: strange character '-' 
warning ambiguity in difcodonNG: --- ACT
warning: strange character '-' 
warning ambiguity in difcodonNG: --- CAG
warning: strange character '-' 
warning ambiguity in difcodonNG: --- CCG
warning: strange character '-' 
warning ambiguity in difcodonNG: --- ATG
warning: strange character '-' 
warning ambiguity in difcodonNG: --- GTG
warning: strange character '-' 
warning ambiguity in difcodonNG: --- GGA
warning: strange character '-' 
warning ambiguity in difcodonNG: --- CCT
warning: strange character '-' 
warning ambiguity in difcodonNG: --- TTG
warning: strange character '-' 
warning ambiguity in difcodonNG: --- ACC
warning: strange character '-' 
warning ambiguity in difcodonNG: --- CAT
warning: strange character '-' 
warning ambiguity in difcodonNG: --- GGC
warning: strange character '-' 
warning ambiguity in difcodonNG: --- AGT
warning: strange character '-' 
warning ambiguity in difcodonNG: --- ATA
warning: strange character '-' 
warning ambiguity in difcodonNG: --- CCC
warning: strange character '-' 
warning ambiguity in difcodonNG: --- GAT
warning: strange character '-' 
warning ambiguity in difcodonNG: --- GAA
warning: strange character '-' 
warning ambiguity in difcodonNG: --- AGG
warning: strange character '-' 
warning ambiguity in difcodonNG: --- AGT
warning: strange character '-' 
warning ambiguity in difcodonNG: --- GAA
warning: strange character '-' 
warning ambiguity in difcodonNG: --- GGA
warning: strange character '-' 
warning ambiguity in difcodonNG: --- GGT
warning: strange character '-' 
warning ambiguity in difcodonNG: --- GAA
warning: strange character '-' 
warning ambiguity in difcodonNG: --- AGT
warning: strange character '-' 
warning ambiguity in difcodonNG: --- GAG
warning: strange character '-' 
warning ambiguity in difcodonNG: --- AAT
warning: strange character '-' 
warning ambiguity in difcodonNG: --- AAA
warning: strange character '-' 
warning ambiguity in difcodonNG: --- AGT
warning: strange character '-' 
warning ambiguity in difcodonNG: --- AGT
warning: strange character '-' 
warning ambiguity in difcodonNG: --- GAA
warning: strange character '-' 
warning ambiguity in difcodonNG: --- AAA
warning: strange character '-' 
warning ambiguity in difcodonNG: --- GTC
warning: strange character '-' 
warning ambiguity in difcodonNG: --- AGC
warning: strange character '-' 
warning ambiguity in difcodonNG: --- CCT
warning: strange character '-' 
warning ambiguity in difcodonNG: --- AAG
warning: strange character '-' 
warning ambiguity in difcodonNG: --- GCA
warning: strange character '-' 
warning ambiguity in difcodonNG: --- AGC
warning: strange character '-' 
warning ambiguity in difcodonNG: --- GAT
warning: strange character '-' 
warning ambiguity in difcodonNG: --- CTT
warning: strange character '-' 
warning ambiguity in difcodonNG: --- GAG
warning: strange character '-' 
warning ambiguity in difcodonNG: --- AAC
warning: strange character '-' 
warning ambiguity in difcodonNG: --- GAG
warning: strange character '-' 
warning ambiguity in difcodonNG: --- GAT
warning: strange character '-' 
warning ambiguity in difcodonNG: --- GGT
warning: strange character '-' 
warning ambiguity in difcodonNG: --- ACA
warning: strange character '-' 
warning ambiguity in difcodonNG: --- GTG
warning: strange character '-' 
warning ambiguity in difcodonNG: --- GTT
warning: strange character '-' 
warning ambiguity in difcodonNG: --- GAA
warning: strange character '-' 
warning ambiguity in difcodonNG: --- GTA
warning: strange character '-' 
warning ambiguity in difcodonNG: --- TTA
warning: strange character '-' 
warning ambiguity in difcodonNG: --- CAC
warning: strange character '-' 
warning ambiguity in difcodonNG: --- CAA
warning: strange character '-' 
warning ambiguity in difcodonNG: --- CCA
warning: strange character '-' 
warning ambiguity in difcodonNG: --- GAG
warning: strange character '-' 
warning ambiguity in difcodonNG: --- GCG
warning: strange character '-' 
warning ambiguity in difcodonNG: --- AGT
warning: strange character '-' 
warning ambiguity in difcodonNG: --- GGG
warning: strange character '-' 
warning ambiguity in difcodonNG: --- GCA
warning: strange character '-' 
warning ambiguity in difcodonNG: --- CCT
warning: strange character '-' 
warning ambiguity in difcodonNG: --- GTT
warning: strange character '-' 
warning ambiguity in difcodonNG: --- GTT
warning: strange character '-' 
warning ambiguity in difcodonNG: --- GCA
warning: strange character '-' 
warning ambiguity in difcodonNG: --- GGT
warning: strange character '-' 
warning ambiguity in difcodonNG: --- GAG
warning: strange character '-' 
warning ambiguity in difcodonNG: --- GAA
warning: strange character '-' 
warning ambiguity in difcodonNG: --- AGC
warning: strange character '-' 
warning ambiguity in difcodonNG: --- ACA
warning: strange character '-' 
warning ambiguity in difcodonNG: --- TAT
warning: strange character '-' 
warning ambiguity in difcodonNG: --- AGA
warning: strange character '-' 
warning ambiguity in difcodonNG: --- TCA
warning: strange character '-' 
warning ambiguity in difcodonNG: --- GCA
warning: strange character '-' 
warning ambiguity in difcodonNG: --- CAA
warning: strange character '-' 
warning ambiguity in difcodonNG: --- AAG
warning: strange character '-' 
warning ambiguity in difcodonNG: --- TCA
warning: strange character '-' 
warning ambiguity in difcodonNG: --- GAA
warning: strange character '-' 
warning ambiguity in difcodonNG: --- AGA
warning: strange character '-' 
warning ambiguity in difcodonNG: --- ACA
warning: strange character '-' 
warning ambiguity in difcodonNG: --- AAA
warning: strange character '-' 
warning ambiguity in difcodonNG: --- AAA
warning: strange character '-' 
warning ambiguity in difcodonNG: --- CAA
warning: strange character '-' 
warning ambiguity in difcodonNG: --- CAT
warning: strange character '-' 
warning ambiguity in difcodonNG: --- GGC
warning: strange character '-' 
warning ambiguity in difcodonNG: --- GAG
warning: strange character '-' 
warning ambiguity in difcodonNG: --- GAC
warning: strange character '-' 
warning ambiguity in difcodonNG: --- GAT
warning: strange character '-' 
warning ambiguity in difcodonNG: --- GAG
warning: strange character '-' 
warning ambiguity in difcodonNG: --- GGC
warning: strange character '-' 
warning ambiguity in difcodonNG: --- AAA
warning: strange character '-' 
warning ambiguity in difcodonNG: --- GGA
warning: strange character '-' 
warning ambiguity in difcodonNG: --- GGG
warning: strange character '-' 
warning ambiguity in difcodonNG: --- AAG
warning: strange character '-' 
warning ambiguity in difcodonNG: --- AAC
warning: strange character '-' 
warning ambiguity in difcodonNG: --- AGA
warning: strange character '-' 
warning ambiguity in difcodonNG: --- GAG
warning: strange character '-' 
warning ambiguity in difcodonNG: --- GAT
warning: strange character '-' 
warning ambiguity in difcodonNG: --- ATT
warning: strange character '-' 
warning ambiguity in difcodonNG: --- TTA
warning: strange character '-' 
warning ambiguity in difcodonNG: --- GGA
warning: strange character '-' 
warning ambiguity in difcodonNG: ATG ---
warning: strange character '-' 
warning ambiguity in difcodonNG: CTT ---
warning: strange character '-' 
warning ambiguity in difcodonNG: AAA ---
warning: strange character '-' 
warning ambiguity in difcodonNG: ATT ---
warning: strange character '-' 
warning ambiguity in difcodonNG: GCA ---
warning: strange character '-' 
warning ambiguity in difcodonNG: GCA ---
warning: strange character '-' 
warning ambiguity in difcodonNG: GTC ---
warning: strange character '-' 
warning ambiguity in difcodonNG: ATT ---
warning: strange character '-' 
warning ambiguity in difcodonNG: TTT ---
warning: strange character '-' 
warning ambiguity in difcodonNG: TTG ---
warning: strange character '-' 
warning ambiguity in difcodonNG: ACG ---
warning: strange character '-' 
warning ambiguity in difcodonNG: CTG ---
warning: strange character '-' 
warning ambiguity in difcodonNG: AGG ---
warning: strange character '-' 
warning ambiguity in difcodonNG: ACG ---
warning: strange character '-' 
warning ambiguity in difcodonNG: TGT ---
warning: strange character '-' 
warning ambiguity in difcodonNG: AAC ---
warning: strange character '-' 
warning ambiguity in difcodonNG: CCC ---
warning: strange character '-' 
warning ambiguity in difcodonNG: AGT ---
warning: strange character '-' 
warning ambiguity in difcodonNG: GTT ---
warning: strange character '-' 
warning ambiguity in difcodonNG: GTT ---
warning: strange character '-' 
warning ambiguity in difcodonNG: TTC ---
warning: strange character '-' 
warning ambiguity in difcodonNG: ACA ---
warning: strange character '-' 
warning ambiguity in difcodonNG: CGA ---
warning: strange character '-' 
warning ambiguity in difcodonNG: CAA ---
warning: strange character '-' 
warning ambiguity in difcodonNG: CCG ---
warning: strange character '-' 
warning ambiguity in difcodonNG: GAC ---
warning: strange character '-' 
warning ambiguity in difcodonNG: GTG ---
warning: strange character '-' 
warning ambiguity in difcodonNG: CAG ---
warning: strange character '-' 
warning ambiguity in difcodonNG: GTC ---
warning: strange character '-' 
warning ambiguity in difcodonNG: ACA ---
warning: strange character '-' 
warning ambiguity in difcodonNG: TAT ---
warning: strange character '-' 
warning ambiguity in difcodonNG: GGA ---
warning: strange character '-' 
warning ambiguity in difcodonNG: GAC ---
warning: strange character '-' 
warning ambiguity in difcodonNG: GAA ---
warning: strange character '-' 
warning ambiguity in difcodonNG: GGG ---
warning: strange character '-' 
warning ambiguity in difcodonNG: CCG ---
warning: strange character '-' 
warning ambiguity in difcodonNG: AGA ---
warning: strange character '-' 
warning ambiguity in difcodonNG: GAG ---
warning: strange character '-' 
warning ambiguity in difcodonNG: TAC ---
warning: strange character '-' 
warning ambiguity in difcodonNG: TTC ---
warning: strange character '-' 
warning ambiguity in difcodonNG: GCT ---
warning: strange character '-' 
warning ambiguity in difcodonNG: CCT ---
warning: strange character '-' 
warning ambiguity in difcodonNG: ACA ---
warning: strange character '-' 
warning ambiguity in difcodonNG: GCA ---
warning: strange character '-' 
warning ambiguity in difcodonNG: GAA ---
warning: strange character '-' 
warning ambiguity in difcodonNG: CAG ---
warning: strange character '-' 
warning ambiguity in difcodonNG: TTG ---
warning: strange character '-' 
warning ambiguity in difcodonNG: GCA ---
warning: strange character '-' 
warning ambiguity in difcodonNG: CGG ---
warning: strange character '-' 
warning ambiguity in difcodonNG: GGA ---
warning: strange character '-' 
warning ambiguity in difcodonNG: AAG ---
warning: strange character '-' 
warning ambiguity in difcodonNG: ATA ---
warning: strange character '-' 
warning ambiguity in difcodonNG: ACT ---
warning: strange character '-' 
warning ambiguity in difcodonNG: CCA ---
warning: strange character '-' 
warning ambiguity in difcodonNG: AAA ---
warning: strange character '-' 
warning ambiguity in difcodonNG: CAC ---
warning: strange character '-' 
warning ambiguity in difcodonNG: GAA ---
warning: strange character '-' 
warning ambiguity in difcodonNG: ACT ---
warning: strange character '-' 
warning ambiguity in difcodonNG: CAG ---
warning: strange character '-' 
warning ambiguity in difcodonNG: CCG ---
warning: strange character '-' 
warning ambiguity in difcodonNG: ATG ---
warning: strange character '-' 
warning ambiguity in difcodonNG: GTG ---
warning: strange character '-' 
warning ambiguity in difcodonNG: GGA ---
warning: strange character '-' 
warning ambiguity in difcodonNG: CCT ---
warning: strange character '-' 
warning ambiguity in difcodonNG: TTG ---
warning: strange character '-' 
warning ambiguity in difcodonNG: ACC ---
warning: strange character '-' 
warning ambiguity in difcodonNG: CAT ---
warning: strange character '-' 
warning ambiguity in difcodonNG: GGC ---
warning: strange character '-' 
warning ambiguity in difcodonNG: AGT ---
warning: strange character '-' 
warning ambiguity in difcodonNG: ATA ---
warning: strange character '-' 
warning ambiguity in difcodonNG: CCC ---
warning: strange character '-' 
warning ambiguity in difcodonNG: GAT ---
warning: strange character '-' 
warning ambiguity in difcodonNG: GAA ---
warning: strange character '-' 
warning ambiguity in difcodonNG: AGG ---
warning: strange character '-' 
warning ambiguity in difcodonNG: AGT ---
warning: strange character '-' 
warning ambiguity in difcodonNG: GAA ---
warning: strange character '-' 
warning ambiguity in difcodonNG: GGA ---
warning: strange character '-' 
warning ambiguity in difcodonNG: GGT ---
warning: strange character '-' 
warning ambiguity in difcodonNG: GAA ---
warning: strange character '-' 
warning ambiguity in difcodonNG: AGT ---
warning: strange character '-' 
warning ambiguity in difcodonNG: GAG ---
warning: strange character '-' 
warning ambiguity in difcodonNG: AAT ---
warning: strange character '-' 
warning ambiguity in difcodonNG: AAA ---
warning: strange character '-' 
warning ambiguity in difcodonNG: AGT ---
warning: strange character '-' 
warning ambiguity in difcodonNG: AGT ---
warning: strange character '-' 
warning ambiguity in difcodonNG: GAA ---
warning: strange character '-' 
warning ambiguity in difcodonNG: AAA ---
warning: strange character '-' 
warning ambiguity in difcodonNG: GTC ---
warning: strange character '-' 
warning ambiguity in difcodonNG: AGC ---
warning: strange character '-' 
warning ambiguity in difcodonNG: CCT ---
warning: strange character '-' 
warning ambiguity in difcodonNG: AAG ---
warning: strange character '-' 
warning ambiguity in difcodonNG: GCA ---
warning: strange character '-' 
warning ambiguity in difcodonNG: AGC ---
warning: strange character '-' 
warning ambiguity in difcodonNG: GAT ---
warning: strange character '-' 
warning ambiguity in difcodonNG: CTT ---
warning: strange character '-' 
warning ambiguity in difcodonNG: GAG ---
warning: strange character '-' 
warning ambiguity in difcodonNG: AAC ---
warning: strange character '-' 
warning ambiguity in difcodonNG: GAG ---
warning: strange character '-' 
warning ambiguity in difcodonNG: GAT ---
warning: strange character '-' 
warning ambiguity in difcodonNG: GGT ---
warning: strange character '-' 
warning ambiguity in difcodonNG: ACA ---
warning: strange character '-' 
warning ambiguity in difcodonNG: GTG ---
warning: strange character '-' 
warning ambiguity in difcodonNG: GTT ---
warning: strange character '-' 
warning ambiguity in difcodonNG: GAA ---
warning: strange character '-' 
warning ambiguity in difcodonNG: GTA ---
warning: strange character '-' 
warning ambiguity in difcodonNG: TTA ---
warning: strange character '-' 
warning ambiguity in difcodonNG: CAC ---
warning: strange character '-' 
warning ambiguity in difcodonNG: CAA ---
warning: strange character '-' 
warning ambiguity in difcodonNG: CCA ---
warning: strange character '-' 
warning ambiguity in difcodonNG: GAG ---
warning: strange character '-' 
warning ambiguity in difcodonNG: GCG ---
warning: strange character '-' 
warning ambiguity in difcodonNG: AGT ---
warning: strange character '-' 
warning ambiguity in difcodonNG: GGG ---
warning: strange character '-' 
warning ambiguity in difcodonNG: GCA ---
warning: strange character '-' 
warning ambiguity in difcodonNG: CCT ---
warning: strange character '-' 
warning ambiguity in difcodonNG: GTT ---
warning: strange character '-' 
warning ambiguity in difcodonNG: GTT ---
warning: strange character '-' 
warning ambiguity in difcodonNG: GCA ---
warning: strange character '-' 
warning ambiguity in difcodonNG: GGT ---
warning: strange character '-' 
warning ambiguity in difcodonNG: GAG ---
warning: strange character '-' 
warning ambiguity in difcodonNG: GAA ---
warning: strange character '-' 
warning ambiguity in difcodonNG: AGC ---
warning: strange character '-' 
warning ambiguity in difcodonNG: ACA ---
warning: strange character '-' 
warning ambiguity in difcodonNG: TAT ---
warning: strange character '-' 
warning ambiguity in difcodonNG: AGA ---
warning: strange character '-' 
warning ambiguity in difcodonNG: AGA ---
warning: strange character '-' 
warning ambiguity in difcodonNG: TCA ---
warning: strange character '-' 
warning ambiguity in difcodonNG: TCA ---
warning: strange character '-' 
warning ambiguity in difcodonNG: GCA ---
warning: strange character '-' 
warning ambiguity in difcodonNG: GCA ---
warning: strange character '-' 
warning ambiguity in difcodonNG: CAA ---
warning: strange character '-' 
warning ambiguity in difcodonNG: CAA ---
warning: strange character '-' 
warning ambiguity in difcodonNG: AAG ---
warning: strange character '-' 
warning ambiguity in difcodonNG: AAG ---
warning: strange character '-' 
warning ambiguity in difcodonNG: TCA ---
warning: strange character '-' 
warning ambiguity in difcodonNG: TCA ---
warning: strange character '-' 
warning ambiguity in difcodonNG: GAA ---
warning: strange character '-' 
warning ambiguity in difcodonNG: GAA ---
warning: strange character '-' 
warning ambiguity in difcodonNG: AGA ---
warning: strange character '-' 
warning ambiguity in difcodonNG: AGA ---
warning: strange character '-' 
warning ambiguity in difcodonNG: ACA ---
warning: strange character '-' 
warning ambiguity in difcodonNG: ACA ---
warning: strange character '-' 
warning ambiguity in difcodonNG: AAA ---
warning: strange character '-' 
warning ambiguity in difcodonNG: AAA ---
warning: strange character '-' 
warning ambiguity in difcodonNG: AAA ---
warning: strange character '-' 
warning ambiguity in difcodonNG: AAA ---
warning: strange character '-' 
warning ambiguity in difcodonNG: CAA ---
warning: strange character '-' 
warning ambiguity in difcodonNG: CAA ---
warning: strange character '-' 
warning ambiguity in difcodonNG: CAT ---
warning: strange character '-' 
warning ambiguity in difcodonNG: CAT ---
warning: strange character '-' 
warning ambiguity in difcodonNG: GGC ---
warning: strange character '-' 
warning ambiguity in difcodonNG: GGC ---
warning: strange character '-' 
warning ambiguity in difcodonNG: GAG ---
warning: strange character '-' 
warning ambiguity in difcodonNG: GAG ---
warning: strange character '-' 
warning ambiguity in difcodonNG: GAC ---
warning: strange character '-' 
warning ambiguity in difcodonNG: GAC ---
warning: strange character '-' 
warning ambiguity in difcodonNG: GAT ---
warning: strange character '-' 
warning ambiguity in difcodonNG: GAT ---
warning: strange character '-' 
warning ambiguity in difcodonNG: GAG ---
warning: strange character '-' 
warning ambiguity in difcodonNG: GAG ---
warning: strange character '-' 
warning ambiguity in difcodonNG: GGC ---
warning: strange character '-' 
warning ambiguity in difcodonNG: GGC ---
warning: strange character '-' 
warning ambiguity in difcodonNG: AAA ---
warning: strange character '-' 
warning ambiguity in difcodonNG: AAA ---
warning: strange character '-' 
warning ambiguity in difcodonNG: GGA ---
warning: strange character '-' 
warning ambiguity in difcodonNG: GGA ---
warning: strange character '-' 
warning ambiguity in difcodonNG: GGG ---
warning: strange character '-' 
warning ambiguity in difcodonNG: GGG ---
warning: strange character '-' 
warning ambiguity in difcodonNG: AAG ---
warning: strange character '-' 
warning ambiguity in difcodonNG: AAG ---
warning: strange character '-' 
warning ambiguity in difcodonNG: AAC ---
warning: strange character '-' 
warning ambiguity in difcodonNG: AAC ---
warning: strange character '-' 
warning ambiguity in difcodonNG: AGA ---
warning: strange character '-' 
warning ambiguity in difcodonNG: AGA ---
warning: strange character '-' 
warning ambiguity in difcodonNG: GAG ---
warning: strange character '-' 
warning ambiguity in difcodonNG: GAG ---
warning: strange character '-' 
warning ambiguity in difcodonNG: GAT ---
warning: strange character '-' 
warning ambiguity in difcodonNG: GAT ---
warning: strange character '-' 
warning ambiguity in difcodonNG: ATT ---
warning: strange character '-' 
warning ambiguity in difcodonNG: ATT ---
warning: strange character '-' 
warning ambiguity in difcodonNG: TTA ---
warning: strange character '-' 
warning ambiguity in difcodonNG: TTA ---
warning: strange character '-' 
warning ambiguity in difcodonNG: GGA ---
warning: strange character '-' 
warning ambiguity in difcodonNG: GGA ---
warning: strange character '-' 
warning ambiguity in difcodonNG: CGT ---
warning: strange character '-' 
warning ambiguity in difcodonNG: AAC ---
warning: strange character '-' 
warning ambiguity in difcodonNG: TAC ---
warning: strange character '-' 
warning ambiguity in difcodonNG: AGC ---
warning: strange character '-' 
warning ambiguity in difcodonNG: CAT ---
warning: strange character '-' 
warning ambiguity in difcodonNG: GAT ---
warning: strange character '-' 
warning ambiguity in difcodonNG: GCA ---
warning: strange character '-' 
warning ambiguity in difcodonNG: CAT ---
warning: strange character '-' 
warning ambiguity in difcodonNG: CCT ---
warning: strange character '-' 
warning ambiguity in difcodonNG: GCA ---
warning: strange character '-' 
warning ambiguity in difcodonNG: CCA ---
warning: strange character '-' 
warning ambiguity in difcodonNG: CGA ---
warning: strange character '-' 
warning ambiguity in difcodonNG: GGT ---
warning: strange character '-' 
warning ambiguity in difcodonNG: GCA ---
warning: strange character '-' 
warning ambiguity in difcodonNG: GTC ---
warning: strange character '-' 
warning ambiguity in difcodonNG: TCG ---
warning: strange character '-' 
warning ambiguity in difcodonNG: GTG ---
warning: strange character '-' 
warning ambiguity in difcodonNG: GTT ---
warning: strange character '-' 
warning ambiguity in difcodonNG: AAC ---
warning: strange character '-' 
warning ambiguity in difcodonNG: CAA ---
warning: strange character '-' 
warning ambiguity in difcodonNG: GGA ---
warning: strange character '-' 
warning ambiguity in difcodonNG: AGC ---
warning: strange character '-' 
warning ambiguity in difcodonNG: ACA ---
warning: strange character '-' 
warning ambiguity in difcodonNG: CAA ---
warning: strange character '-' 
warning ambiguity in difcodonNG: GGG ---
warning: strange character '-' 
warning ambiguity in difcodonNG: GTG ---
warning: strange character '-' 
warning ambiguity in difcodonNG: AAA ---
warning: strange character '-' 
warning ambiguity in difcodonNG: ACC ---
warning: strange character '-' 
warning ambiguity in difcodonNG: GTG ---
warning: strange character '-' 
warning ambiguity in difcodonNG: GAA ---
warning: strange character '-' 
warning ambiguity in difcodonNG: GGA ---
warning: strange character '-' 
warning ambiguity in difcodonNG: AAG ---
warning: strange character '-' 
warning ambiguity in difcodonNG: GAG ---
warning: strange character '-' 
warning ambiguity in difcodonNG: ATT ---
warning: strange character '-' 
warning ambiguity in difcodonNG: TCG ---
warning: strange character '-' 
warning ambiguity in difcodonNG: CAG ---
warning: strange character '-' 
warning ambiguity in difcodonNG: CAG ---
warning: strange character '-' 
warning ambiguity in difcodonNG: CAA ---
warning: strange character '-' 
warning ambiguity in difcodonNG: ACG ---
warning: strange character '-' 
warning ambiguity in difcodonNG: TCG ---
warning: strange character '-' 
warning ambiguity in difcodonNG: AGG ---
warning: strange character '-' 
warning ambiguity in difcodonNG: CAG ---
warning: strange character '-' 
warning ambiguity in difcodonNG: TAT ---
warning: strange character '-' 
warning ambiguity in difcodonNG: GAA ---
warning: strange character '-' 
warning ambiguity in difcodonNG: AGC ---
warning: strange character '-' 
warning ambiguity in difcodonNG: TAC ---
warning: strange character '-' 
warning ambiguity in difcodonNG: GTA ---
warning: strange character '-' 
warning ambiguity in difcodonNG: GCG ---
warning: strange character '-' 
warning ambiguity in difcodonNG: TTG ---
warning: strange character '-' 
warning ambiguity in difcodonNG: CCA ---
warning: strange character '-' 
warning ambiguity in difcodonNG: CTG ---
warning: strange character '-' 
warning ambiguity in difcodonNG: CGA ---
warning: strange character '-' 
warning ambiguity in difcodonNG: AAC ---
warning: strange character '-' 
warning ambiguity in difcodonNG: GGA ---
warning: strange character '-' 
warning ambiguity in difcodonNG: ATG ---
warning: strange character '-' 
warning ambiguity in difcodonNG: TCC ---
warning: strange character '-' 
warning ambiguity in difcodonNG: GAG ---
warning: strange character '-' 
warning ambiguity in difcodonNG: CAT ---
warning: strange character '-' 
warning ambiguity in difcodonNG: GAA ---
warning: strange character '-' 
warning ambiguity in difcodonNG: GTG ---
warning: strange character '-' 
warning ambiguity in difcodonNG: AGT ---
warning: strange character '-' 
warning ambiguity in difcodonNG: AGA ---
warning: strange character '-' 
warning ambiguity in difcodonNG: CCT ---
warning: strange character '-' 
warning ambiguity in difcodonNG: TCA ---
warning: strange character '-' 
warning ambiguity in difcodonNG: GAG ---
warning: strange character '-' 
warning ambiguity in difcodonNG: GTG ---
warning: strange character '-' 
warning ambiguity in difcodonNG: GCC ---
warning: strange character '-' 
warning ambiguity in difcodonNG: TTG ---
warning: strange character '-' 
warning ambiguity in difcodonNG: GAC ---
warning: strange character '-' 
warning ambiguity in difcodonNG: GAT ---
warning: strange character '-' 
warning ambiguity in difcodonNG: GTG ---
warning: strange character '-' 
warning ambiguity in difcodonNG: GGT ---
warning: strange character '-' 
warning ambiguity in difcodonNG: GAA ---
warning: strange character '-' 
warning ambiguity in difcodonNG: CCC ---
warning: strange character '-' 
warning ambiguity in difcodonNG: TCG ---
warning: strange character '-' 
warning ambiguity in difcodonNG: TCC ---
warning: strange character '-' 
warning ambiguity in difcodonNG: TTA ---
warning: strange character '-' 
warning ambiguity in difcodonNG: AGT ---
warning: strange character '-' 
warning ambiguity in difcodonNG: GAA ---
warning: strange character '-' 
warning ambiguity in difcodonNG: AGT ---
warning: strange character '-' 
warning ambiguity in difcodonNG: GTA ---
warning: strange character '-' 
warning ambiguity in difcodonNG: CCG ---
warning: strange character '-' 
warning ambiguity in difcodonNG: AGG ---
warning: strange character '-' 
warning ambiguity in difcodonNG: GGA ---
warning: strange character '-' 
warning ambiguity in difcodonNG: AAC ---
warning: strange character '-' 
warning ambiguity in difcodonNG: GGT ---
warning: strange character '-' 
warning ambiguity in difcodonNG: GCG ---
warning: strange character '-' 
warning ambiguity in difcodonNG: AGT ---
warning: strange character '-' 
warning ambiguity in difcodonNG: CGC ---
warning: strange character '-' 
warning ambiguity in difcodonNG: AAA ---
warning: strange character '-' 
warning ambiguity in difcodonNG: AGG ---
warning: strange character '-' 
warning ambiguity in difcodonNG: TAT ---
warning: strange character '-' 
warning ambiguity in difcodonNG: GCG ---
warning: strange character '-' 
warning ambiguity in difcodonNG: ATA ---
warning: strange character '-' 
warning ambiguity in difcodonNG: TTA ---
warning: strange character '-' 
warning ambiguity in difcodonNG: CTC ---
warning: strange character '-' 
warning ambiguity in difcodonNG: TAC ---
warning: strange character '-' 
warning ambiguity in difcodonNG: GCA ---
warning: strange character '-' 
warning ambiguity in difcodonNG: GGA ---
warning: strange character '-' 
warning ambiguity in difcodonNG: TTA ---
warning: strange character '-' 
warning ambiguity in difcodonNG: AGT ---
warning: strange character '-' 
warning ambiguity in difcodonNG: GTT ---
warning: strange character '-' 
warning ambiguity in difcodonNG: GTG ---
warning: strange character '-' 
warning ambiguity in difcodonNG: TTC ---
warning: strange character '-' 
warning ambiguity in difcodonNG: TCC ---end of tree file.

Time used:  0:15
