
 15         verbose | verbose                1.00
  7         runmode | runmode                0.00
  4         seqtype | seqtype                1.00
 13       CodonFreq | CodonFreq              2.00
  9           clock | clock                  0.00
 18          aaDist | aaDist                 0.00
 19      aaRatefile | aaRatefile             1.00
 16           model | model                  0.00
 20         NSsites | NSsites                2.00
 22           icode | icode                  0.00
 23           Mgene | Mgene                  0.00
 24       fix_kappa | fix_kappa              0.00
 25           kappa | kappa                  2.00
 26       fix_omega | fix_omega              0.00
 27           omega | omega                  0.40
 28       fix_alpha | fix_alpha              1.00
 29           alpha | alpha                  0.00
 30          Malpha | Malpha                 0.00
 31           ncatG | ncatG                  8.00
 11           getSE | getSE                  0.00
 12    RateAncestor | RateAncestor           1.00
 36      Small_Diff | Small_Diff             0.00
  6       cleandata | cleandata              0.00
  8          method | method                 0.00
CODONML in paml version 4.8a, August 2014

----------------------------------------------
Phe F TTT | Ser S TCT | Tyr Y TAT | Cys C TGT
      TTC |       TCC |       TAC |       TGC
Leu L TTA |       TCA | *** * TAA | *** * TGA
      TTG |       TCG |       TAG | Trp W TGG
----------------------------------------------
Leu L CTT | Pro P CCT | His H CAT | Arg R CGT
      CTC |       CCC |       CAC |       CGC
      CTA |       CCA | Gln Q CAA |       CGA
      CTG |       CCG |       CAG |       CGG
----------------------------------------------
Ile I ATT | Thr T ACT | Asn N AAT | Ser S AGT
      ATC |       ACC |       AAC |       AGC
      ATA |       ACA | Lys K AAA | Arg R AGA
Met M ATG |       ACG |       AAG |       AGG
----------------------------------------------
Val V GTT | Ala A GCT | Asp D GAT | Gly G GGT
      GTC |       GCC |       GAC |       GGC
      GTA |       GCA | Glu E GAA |       GGA
      GTG |       GCG |       GAG |       GGG
----------------------------------------------
Nice code, uuh?


Ambiguity character definition table:

T (1): T 
C (1): C 
A (1): A 
G (1): G 
U (1): T 
Y (2): T C 
R (2): A G 
M (2): C A 
K (2): T G 
S (2): C G 
W (2): T A 
H (3): T C A 
B (3): T C G 
V (3): C A G 
D (3): T A G 
- (4): T C A G 
N (4): T C A G 
? (4): T C A G 

ns = 3  	ls = 363
Reading sequences, interlaved format..
Reading seq # 1: A54     Reading seq # 2: A55     Reading seq # 3: A56     
block   1:     60     60     60
block   2:    120    120    120
block   3:    180    180    180
block   4:    240    240    240
block   5:    300    300    300
block   6:    360    360    360
block   7:    363    363    363
Sequences read..
Counting site patterns..  0:00
          46 patterns at      121 /      121 sites (100.0%),  0:00
Counting codons..

  2   1:Sites    82.9 +  280.1 =  363.0	Diffs     0.0 +    0.0 =    0.0
  3   1:Sites    82.9 +  280.1 =  363.0	Diffs     0.0 +    0.0 =    0.0
  3   2:Sites    82.9 +  280.1 =  363.0	Diffs     0.0 +    0.0 =    0.0

       24 bytes for distance
    44896 bytes for conP
     1104 bytes for fhK
  5000000 bytes for space

TREE #  1
((3, 1), 2);   MP score: 0
This is a rooted tree, without clock.  Check.

initial w for M2:NSpselection reset.

    0.000000    0.009905    0.042891    0.017997    2.000000    1.702878    0.544920    0.254804    2.882193

ntime & nrate & np:     4     3     9

Bounds (np=9):
   0.000004   0.000004   0.000004   0.000004   0.000100 -99.000000 -99.000000   0.000001   1.000000
  50.000000  50.000000  50.000000  50.000000 999.000000  99.000000  99.000000   1.000000 999.000000
Qfactor_NS = 5.187856

np =     9
lnL0 =  -482.573288

Iterating by ming2
Initial: fx=   482.573288
x=  0.00000  0.00990  0.04289  0.01800  2.00000  1.70288  0.54492  0.25480  2.88219

  1 h-m-p  0.0000 0.0000 224.4650 ++      482.572929  m 0.0000    14 | 1/9
  2 h-m-p  0.0000 0.0026  19.7402 +++++   481.845108  m 0.0026    29 | 2/9
  3 h-m-p  0.0001 0.0006  53.7514 ++      476.734189  m 0.0006    41 | 3/9
  4 h-m-p  0.0003 0.0042  53.5338 ++      474.580376  m 0.0042    53 | 3/9
  5 h-m-p  0.0132 0.0659  15.7208 -------------..  | 3/9
  6 h-m-p  0.0000 0.0000 118.6117 ++      474.415412  m 0.0000    88 | 4/9
  7 h-m-p  0.0160 8.0000   0.0000 +++++   474.415412  m 8.0000   103 | 4/9
  8 h-m-p  0.0191 0.0957   0.0003 ---C    474.415412  0 0.0001   123
Out..
lnL  =  -474.415412
124 lfun, 496 eigenQcodon, 1488 P(t)

BEBing (dim = 4).  This may take several minutes.
Calculating f(x_h|w): 10 categories 21 w sets.
S10 w log{f(x|w)}:    0.0500     -3.714656
S10 w log{f(x|w)}:    0.1500     -3.714658
S10 w log{f(x|w)}:    0.2500     -3.714660
S10 w log{f(x|w)}:    0.3500     -3.714662
S10 w log{f(x|w)}:    0.4500     -3.714665
S10 w log{f(x|w)}:    0.5500     -3.714667
S10 w log{f(x|w)}:    0.6500     -3.714669
S10 w log{f(x|w)}:    0.7500     -3.714671
S10 w log{f(x|w)}:    0.8500     -3.714673
S10 w log{f(x|w)}:    0.9500     -3.714675
S10 w log{f(x|w)}:    1.0000     -3.714676
S10 w log{f(x|w)}:    1.5000     -3.714687
S10 w log{f(x|w)}:    2.5000     -3.714708
S10 w log{f(x|w)}:    3.5000     -3.714730
S10 w log{f(x|w)}:    4.5000     -3.714751
S10 w log{f(x|w)}:    5.5000     -3.714772
S10 w log{f(x|w)}:    6.5000     -3.714794
S10 w log{f(x|w)}:    7.5000     -3.714815
S10 w log{f(x|w)}:    8.5000     -3.714836
S10 w log{f(x|w)}:    9.5000     -3.714857
S10 w log{f(x|w)}:   10.5000     -3.714879
Calculating f(X), the marginal probability of data.
	log(fX) =  -474.419588  S =  -474.414310    -0.000173
Calculating f(w|X), posterior probabilities of site classes.
	did  10 /  46 patterns   0:02	did  20 /  46 patterns   0:02	did  30 /  46 patterns   0:02	did  40 /  46 patterns   0:02	did  46 /  46 patterns   0:02
Reconstructed ancestral states go into file rst.

lnL =  -474.415412 from ProbSitePattern.
Marginal reconstruction.
	Node   4: lnL =  -474.415412
	Node   5: lnL =  -474.415412
end of tree file.

Time used:  0:02
