
 15         verbose | verbose                1.00
  7         runmode | runmode                0.00
  4         seqtype | seqtype                1.00
 13       CodonFreq | CodonFreq              2.00
  9           clock | clock                  0.00
 18          aaDist | aaDist                 0.00
 19      aaRatefile | aaRatefile             1.00
 16           model | model                  0.00
 20         NSsites | NSsites                7.00
 22           icode | icode                  0.00
 23           Mgene | Mgene                  0.00
 24       fix_kappa | fix_kappa              0.00
 25           kappa | kappa                  2.00
 26       fix_omega | fix_omega              0.00
 27           omega | omega                  0.40
 28       fix_alpha | fix_alpha              1.00
 29           alpha | alpha                  0.00
 30          Malpha | Malpha                 0.00
 31           ncatG | ncatG                  8.00
 11           getSE | getSE                  0.00
 12    RateAncestor | RateAncestor           1.00
 36      Small_Diff | Small_Diff             0.00
  6       cleandata | cleandata              0.00
  8          method | method                 0.00
CODONML in paml version 4.8a, August 2014

----------------------------------------------
Phe F TTT | Ser S TCT | Tyr Y TAT | Cys C TGT
      TTC |       TCC |       TAC |       TGC
Leu L TTA |       TCA | *** * TAA | *** * TGA
      TTG |       TCG |       TAG | Trp W TGG
----------------------------------------------
Leu L CTT | Pro P CCT | His H CAT | Arg R CGT
      CTC |       CCC |       CAC |       CGC
      CTA |       CCA | Gln Q CAA |       CGA
      CTG |       CCG |       CAG |       CGG
----------------------------------------------
Ile I ATT | Thr T ACT | Asn N AAT | Ser S AGT
      ATC |       ACC |       AAC |       AGC
      ATA |       ACA | Lys K AAA | Arg R AGA
Met M ATG |       ACG |       AAG |       AGG
----------------------------------------------
Val V GTT | Ala A GCT | Asp D GAT | Gly G GGT
      GTC |       GCC |       GAC |       GGC
      GTA |       GCA | Glu E GAA |       GGA
      GTG |       GCG |       GAG |       GGG
----------------------------------------------
Nice code, uuh?


Ambiguity character definition table:

T (1): T 
C (1): C 
A (1): A 
G (1): G 
U (1): T 
Y (2): T C 
R (2): A G 
M (2): C A 
K (2): T G 
S (2): C G 
W (2): T A 
H (3): T C A 
B (3): T C G 
V (3): C A G 
D (3): T A G 
- (4): T C A G 
N (4): T C A G 
? (4): T C A G 

ns = 3  	ls = 363
Reading sequences, interlaved format..
Reading seq # 1: A54     Reading seq # 2: A55     Reading seq # 3: A56     
block   1:     60     60     60
block   2:    120    120    120
block   3:    180    180    180
block   4:    240    240    240
block   5:    300    300    300
block   6:    360    360    360
block   7:    363    363    363
Sequences read..
Counting site patterns..  0:00
          46 patterns at      121 /      121 sites (100.0%),  0:00
Counting codons..

  2   1:Sites    82.9 +  280.1 =  363.0	Diffs     0.0 +    0.0 =    0.0
  3   1:Sites    82.9 +  280.1 =  363.0	Diffs     0.0 +    0.0 =    0.0
  3   2:Sites    82.9 +  280.1 =  363.0	Diffs     0.0 +    0.0 =    0.0

       24 bytes for distance
    44896 bytes for conP
     2944 bytes for fhK
  5000000 bytes for space

TREE #  1
((3, 1), 2);   MP score: 0
This is a rooted tree, without clock.  Check.

    0.000000    0.009905    0.042891    0.017997    2.000000    1.102878    1.889840

ntime & nrate & np:     4     1     7

Bounds (np=7):
   0.000004   0.000004   0.000004   0.000004   0.000100   0.005000   0.005000
  50.000000  50.000000  50.000000  50.000000 999.000000  99.000000  99.000000
Qfactor_NS = 7.955039

np =     7
lnL0 =  -482.771598

Iterating by ming2
Initial: fx=   482.771598
x=  0.00000  0.00990  0.04289  0.01800  2.00000  1.10288  1.88984

  1 h-m-p  0.0000 0.0000 234.6309 ++      482.771223  m 0.0000    12 | 1/7
  2 h-m-p  0.0000 0.0008  27.8620 ++++    482.449213  m 0.0008    24 | 2/7
  3 h-m-p  0.0001 0.0006  60.9882 ++      476.014070  m 0.0006    34 | 3/7
  4 h-m-p  0.0091 0.6996   2.5192 -------------..  | 3/7
  5 h-m-p  0.0000 0.0001 118.4742 ++      474.415415  m 0.0001    65 | 4/7
  6 h-m-p  0.3014 8.0000   0.0000 +++     474.415415  m 8.0000    76 | 4/7
  7 h-m-p  0.1518 8.0000   0.0001 ---N    474.415415  0 0.0006    92 | 4/7
  8 h-m-p  0.0160 8.0000   0.0001 +++++   474.415415  m 8.0000   108 | 4/7
  9 h-m-p  0.0160 8.0000   0.7854 +++++   474.415408  m 8.0000   124 | 4/7
 10 h-m-p  1.2257 8.0000   5.1264 ++      474.415400  m 8.0000   137 | 4/7
 11 h-m-p  1.6000 8.0000   1.7647 ++      474.415399  m 8.0000   147 | 4/7
 12 h-m-p  0.0716 0.3582 174.8627 ----------N   474.415399  0 0.0000   167 | 4/7
 13 h-m-p  0.4158 8.0000   0.0000 -Y      474.415399  0 0.0260   178 | 4/7
 14 h-m-p  1.0874 8.0000   0.0000 Y       474.415399  0 1.0874   191
Out..
lnL  =  -474.415399
192 lfun, 1728 eigenQcodon, 6144 P(t)

Reconstructed ancestral states go into file rst.

lnL =  -474.415399 from ProbSitePattern.
Marginal reconstruction.
	Node   4: lnL =  -474.415399
	Node   5: lnL =  -474.415399
end of tree file.

Time used:  0:05
