
 15         verbose | verbose                1.00
  7         runmode | runmode                0.00
  4         seqtype | seqtype                1.00
 13       CodonFreq | CodonFreq              2.00
  9           clock | clock                  0.00
 18          aaDist | aaDist                 0.00
 19      aaRatefile | aaRatefile             1.00
 16           model | model                  0.00
 20         NSsites | NSsites                1.00
 22           icode | icode                  0.00
 23           Mgene | Mgene                  0.00
 24       fix_kappa | fix_kappa              0.00
 25           kappa | kappa                  2.00
 26       fix_omega | fix_omega              0.00
 27           omega | omega                  0.40
 28       fix_alpha | fix_alpha              1.00
 29           alpha | alpha                  0.00
 30          Malpha | Malpha                 0.00
 31           ncatG | ncatG                  8.00
 11           getSE | getSE                  0.00
 12    RateAncestor | RateAncestor           1.00
 36      Small_Diff | Small_Diff             0.00
  6       cleandata | cleandata              0.00
  8          method | method                 0.00
CODONML in paml version 4.8a, August 2014

----------------------------------------------
Phe F TTT | Ser S TCT | Tyr Y TAT | Cys C TGT
      TTC |       TCC |       TAC |       TGC
Leu L TTA |       TCA | *** * TAA | *** * TGA
      TTG |       TCG |       TAG | Trp W TGG
----------------------------------------------
Leu L CTT | Pro P CCT | His H CAT | Arg R CGT
      CTC |       CCC |       CAC |       CGC
      CTA |       CCA | Gln Q CAA |       CGA
      CTG |       CCG |       CAG |       CGG
----------------------------------------------
Ile I ATT | Thr T ACT | Asn N AAT | Ser S AGT
      ATC |       ACC |       AAC |       AGC
      ATA |       ACA | Lys K AAA | Arg R AGA
Met M ATG |       ACG |       AAG |       AGG
----------------------------------------------
Val V GTT | Ala A GCT | Asp D GAT | Gly G GGT
      GTC |       GCC |       GAC |       GGC
      GTA |       GCA | Glu E GAA |       GGA
      GTG |       GCG |       GAG |       GGG
----------------------------------------------
Nice code, uuh?


Ambiguity character definition table:

T (1): T 
C (1): C 
A (1): A 
G (1): G 
U (1): T 
Y (2): T C 
R (2): A G 
M (2): C A 
K (2): T G 
S (2): C G 
W (2): T A 
H (3): T C A 
B (3): T C G 
V (3): C A G 
D (3): T A G 
- (4): T C A G 
N (4): T C A G 
? (4): T C A G 

ns = 3  	ls = 363
Reading sequences, interlaved format..
Reading seq # 1: A54     Reading seq # 2: A55     Reading seq # 3: A56     
block   1:     60     60     60
block   2:    120    120    120
block   3:    180    180    180
block   4:    240    240    240
block   5:    300    300    300
block   6:    360    360    360
block   7:    363    363    363
Sequences read..
Counting site patterns..  0:00
          46 patterns at      121 /      121 sites (100.0%),  0:00
Counting codons..

  2   1:Sites    82.9 +  280.1 =  363.0	Diffs     0.0 +    0.0 =    0.0
  3   1:Sites    82.9 +  280.1 =  363.0	Diffs     0.0 +    0.0 =    0.0
  3   2:Sites    82.9 +  280.1 =  363.0	Diffs     0.0 +    0.0 =    0.0

       24 bytes for distance
    44896 bytes for conP
      736 bytes for fhK
  5000000 bytes for space

TREE #  1
((3, 1), 2);   MP score: 0
This is a rooted tree, without clock.  Check.

    0.000000    0.009905    0.042891    0.017997    2.000000    0.861151    0.544920

ntime & nrate & np:     4     2     7

Bounds (np=7):
   0.000004   0.000004   0.000004   0.000004   0.000100   0.000010   0.000001
  50.000000  50.000000  50.000000  50.000000 999.000000   0.999990   1.000000
Qfactor_NS = 5.877887

np =     7
lnL0 =  -482.794604

Iterating by ming2
Initial: fx=   482.794604
x=  0.00000  0.00990  0.04289  0.01800  2.00000  0.86115  0.54492

  1 h-m-p  0.0000 0.0000 236.2071 ++      482.794227  m 0.0000    12 | 1/7
  2 h-m-p  0.0000 0.0004  54.3908 +++     482.005862  m 0.0004    23 | 2/7
  3 h-m-p  0.0002 0.0008  53.3612 ++      475.141119  m 0.0008    33 | 3/7
  4 h-m-p  0.0021 0.0837  12.4686 ------------..  | 3/7
  5 h-m-p  0.0000 0.0001 118.7200 ++      474.415412  m 0.0001    63 | 4/7
  6 h-m-p  0.0952 8.0000   0.0000 ++++    474.415412  m 8.0000    75 | 4/7
  7 h-m-p  0.0160 8.0000   0.0017 -------------..  | 4/7
  8 h-m-p  0.0160 8.0000   0.0000 +++++   474.415412  m 8.0000   115 | 4/7
  9 h-m-p  0.0036 1.7884   0.1675 ---------Y   474.415412  0 0.0000   137 | 4/7
 10 h-m-p  0.0160 8.0000   0.0000 +++++   474.415412  m 8.0000   153 | 4/7
 11 h-m-p  0.0160 8.0000   0.0734 +++++   474.415408  m 8.0000   169 | 4/7
 12 h-m-p  0.0712 0.3558   0.7219 ++      474.415407  m 0.3558   182 | 5/7
 13 h-m-p  0.1132 0.5660   0.6694 ++      474.415406  m 0.5660   195 | 5/7
 14 h-m-p  0.0000 0.0000   3.3519 
h-m-p:      7.55607447e-19      3.77803723e-18      3.35191661e+00   474.415406
..  | 5/7
 15 h-m-p  0.0160 8.0000   0.0000 +++++   474.415406  m 8.0000   217 | 5/7
 16 h-m-p  0.0632 8.0000   0.0005 ++++    474.415406  m 8.0000   231 | 5/7
 17 h-m-p  0.0160 8.0000   5.4756 +++++   474.415392  m 8.0000   246 | 5/7
 18 h-m-p  1.6000 8.0000   0.4314 ++      474.415392  m 8.0000   256 | 5/7
 19 h-m-p  0.3019 8.0000  11.4312 +++     474.415391  m 8.0000   269 | 5/7
 20 h-m-p  1.6000 8.0000  25.3540 ++      474.415391  m 8.0000   279 | 5/7
 21 h-m-p  1.6000 8.0000   0.0000 Y       474.415391  0 1.6000   289 | 4/7
 22 h-m-p  0.0160 8.0000   0.0000 Y       474.415391  0 0.0040   301
Out..
lnL  =  -474.415391
302 lfun, 906 eigenQcodon, 2416 P(t)

Reconstructed ancestral states go into file rst.

lnL =  -474.415391 from ProbSitePattern.
Marginal reconstruction.
	Node   4: lnL =  -474.415391
	Node   5: lnL =  -474.415391
end of tree file.

Time used:  0:01
