
 15         verbose | verbose                1.00
  7         runmode | runmode                0.00
  4         seqtype | seqtype                1.00
 13       CodonFreq | CodonFreq              2.00
  9           clock | clock                  0.00
 18          aaDist | aaDist                 0.00
 19      aaRatefile | aaRatefile             1.00
 16           model | model                  0.00
 20         NSsites | NSsites                8.00
 22           icode | icode                  0.00
 23           Mgene | Mgene                  0.00
 24       fix_kappa | fix_kappa              0.00
 25           kappa | kappa                  2.00
 26       fix_omega | fix_omega              0.00
 27           omega | omega                  0.40
 28       fix_alpha | fix_alpha              1.00
 29           alpha | alpha                  0.00
 30          Malpha | Malpha                 0.00
 31           ncatG | ncatG                  8.00
 11           getSE | getSE                  0.00
 12    RateAncestor | RateAncestor           1.00
 36      Small_Diff | Small_Diff             0.00
  6       cleandata | cleandata              0.00
  8          method | method                 0.00
CODONML in paml version 4.8a, August 2014

----------------------------------------------
Phe F TTT | Ser S TCT | Tyr Y TAT | Cys C TGT
      TTC |       TCC |       TAC |       TGC
Leu L TTA |       TCA | *** * TAA | *** * TGA
      TTG |       TCG |       TAG | Trp W TGG
----------------------------------------------
Leu L CTT | Pro P CCT | His H CAT | Arg R CGT
      CTC |       CCC |       CAC |       CGC
      CTA |       CCA | Gln Q CAA |       CGA
      CTG |       CCG |       CAG |       CGG
----------------------------------------------
Ile I ATT | Thr T ACT | Asn N AAT | Ser S AGT
      ATC |       ACC |       AAC |       AGC
      ATA |       ACA | Lys K AAA | Arg R AGA
Met M ATG |       ACG |       AAG |       AGG
----------------------------------------------
Val V GTT | Ala A GCT | Asp D GAT | Gly G GGT
      GTC |       GCC |       GAC |       GGC
      GTA |       GCA | Glu E GAA |       GGA
      GTG |       GCG |       GAG |       GGG
----------------------------------------------
Nice code, uuh?


Ambiguity character definition table:

T (1): T 
C (1): C 
A (1): A 
G (1): G 
U (1): T 
Y (2): T C 
R (2): A G 
M (2): C A 
K (2): T G 
S (2): C G 
W (2): T A 
H (3): T C A 
B (3): T C G 
V (3): C A G 
D (3): T A G 
- (4): T C A G 
N (4): T C A G 
? (4): T C A G 

ns = 3  	ls = 363
Reading sequences, interlaved format..
Reading seq # 1: A54     Reading seq # 2: A55     Reading seq # 3: A56     
block   1:     60     60     60
block   2:    120    120    120
block   3:    180    180    180
block   4:    240    240    240
block   5:    300    300    300
block   6:    360    360    360
block   7:    363    363    363
Sequences read..
Counting site patterns..  0:00
          46 patterns at      121 /      121 sites (100.0%),  0:00
Counting codons..

  2   1:Sites    82.9 +  280.1 =  363.0	Diffs     0.0 +    0.0 =    0.0
  3   1:Sites    82.9 +  280.1 =  363.0	Diffs     0.0 +    0.0 =    0.0
  3   2:Sites    82.9 +  280.1 =  363.0	Diffs     0.0 +    0.0 =    0.0

       24 bytes for distance
    44896 bytes for conP
     3312 bytes for fhK
  5000000 bytes for space

TREE #  1
((3, 1), 2);   MP score: 0
This is a rooted tree, without clock.  Check.

initial w for M8:NSbetaw>1 reset.

    0.000000    0.009905    0.042891    0.017997    2.000000    0.900000    1.102878    1.889840    2.387011

ntime & nrate & np:     4     2     9

Bounds (np=9):
   0.000004   0.000004   0.000004   0.000004   0.000100   0.000010   0.005000   0.005000   1.000000
  50.000000  50.000000  50.000000  50.000000 999.000000   0.999990  99.000000  99.000000 999.000000
Qfactor_NS = 6.139659

np =     9
lnL0 =  -482.624153

Iterating by ming2
Initial: fx=   482.624153
x=  0.00000  0.00990  0.04289  0.01800  2.00000  0.90000  1.10288  1.88984  2.38701

  1 h-m-p  0.0000 0.0000 227.0417 ++      482.623790  m 0.0000    14 | 1/9
  2 h-m-p  0.0000 0.0016  31.5519 ++++    481.274471  m 0.0016    28 | 2/9
  3 h-m-p  0.0001 0.0004 127.0136 ++      477.567572  m 0.0004    40 | 3/9
  4 h-m-p  0.0000 0.0000 10025.7846 ++      474.415408  m 0.0000    52 | 4/9
  5 h-m-p  1.6000 8.0000   0.0001 ++      474.415408  m 8.0000    64 | 4/9
  6 h-m-p  0.0283 8.0000   0.0182 -------C   474.415408  0 0.0000    88 | 4/9
  7 h-m-p  0.0160 8.0000   0.0039 +++++   474.415407  m 8.0000   108 | 4/9
  8 h-m-p  0.0607 0.9965   0.5198 +++     474.415405  m 0.9965   126 | 5/9
  9 h-m-p  0.2637 6.8766   0.4240 -----------Y   474.415405  0 0.0000   154 | 5/9
 10 h-m-p  0.0160 8.0000   0.0000 +++++   474.415405  m 8.0000   173 | 5/9
 11 h-m-p  0.0160 8.0000   0.1911 ----------C   474.415405  0 0.0000   199 | 5/9
 12 h-m-p  0.0160 8.0000   0.0000 --C     474.415405  0 0.0003   217 | 5/9
 13 h-m-p  0.0160 8.0000   0.0000 +++++   474.415405  m 8.0000   236 | 5/9
 14 h-m-p  0.0160 8.0000   0.2612 +++++   474.415400  m 8.0000   255 | 5/9
 15 h-m-p  0.1050 0.5249  13.1509 ++      474.415389  m 0.5249   271 | 5/9
 16 h-m-p -0.0000 -0.0000  10.9413 
h-m-p:     -8.99656076e-18     -4.49828038e-17      1.09412958e+01   474.415389
..  | 5/9
 17 h-m-p  0.0160 8.0000   0.0000 +++++   474.415389  m 8.0000   295 | 5/9
 18 h-m-p  0.0571 8.0000   0.0007 ----Y   474.415389  0 0.0001   315
Out..
lnL  =  -474.415389
316 lfun, 3160 eigenQcodon, 11376 P(t)

BEBing (dim = 4).  This may take several minutes.
Calculating f(x_h|w): 10 categories 20 w sets.
S10 w log{f(x|w)}:    0.0500     -3.714650
S10 w log{f(x|w)}:    0.1500     -3.714651
S10 w log{f(x|w)}:    0.2500     -3.714651
S10 w log{f(x|w)}:    0.3500     -3.714652
S10 w log{f(x|w)}:    0.4500     -3.714652
S10 w log{f(x|w)}:    0.5500     -3.714653
S10 w log{f(x|w)}:    0.6500     -3.714653
S10 w log{f(x|w)}:    0.7500     -3.714654
S10 w log{f(x|w)}:    0.8500     -3.714654
S10 w log{f(x|w)}:    0.9500     -3.714654
S10 w log{f(x|w)}:    1.5000     -3.714657
S10 w log{f(x|w)}:    2.5000     -3.714662
S10 w log{f(x|w)}:    3.5000     -3.714667
S10 w log{f(x|w)}:    4.5000     -3.714671
S10 w log{f(x|w)}:    5.5000     -3.714676
S10 w log{f(x|w)}:    6.5000     -3.714681
S10 w log{f(x|w)}:    7.5000     -3.714685
S10 w log{f(x|w)}:    8.5000     -3.714690
S10 w log{f(x|w)}:    9.5000     -3.714695
S10 w log{f(x|w)}:   10.5000     -3.714700
Calculating f(X), the marginal probability of data.
	log(fX) =  -474.415202  S =  -474.413707    -0.000050
Calculating f(w|X), posterior probabilities of site classes.
	did  10 /  46 patterns   0:09	did  20 /  46 patterns   0:09	did  30 /  46 patterns   0:09	did  40 /  46 patterns   0:10	did  46 /  46 patterns   0:10
Reconstructed ancestral states go into file rst.

lnL =  -474.415389 from ProbSitePattern.
Marginal reconstruction.
	Node   4: lnL =  -474.415389
	Node   5: lnL =  -474.415389
end of tree file.

Time used:  0:10
