
 15         verbose | verbose                1.00
  7         runmode | runmode                0.00
  4         seqtype | seqtype                1.00
 13       CodonFreq | CodonFreq              2.00
  9           clock | clock                  0.00
 18          aaDist | aaDist                 0.00
 19      aaRatefile | aaRatefile             1.00
 16           model | model                  0.00
 20         NSsites | NSsites                7.00
 22           icode | icode                  0.00
 23           Mgene | Mgene                  0.00
 24       fix_kappa | fix_kappa              0.00
 25           kappa | kappa                  2.00
 26       fix_omega | fix_omega              0.00
 27           omega | omega                  0.40
 28       fix_alpha | fix_alpha              1.00
 29           alpha | alpha                  0.00
 30          Malpha | Malpha                 0.00
 31           ncatG | ncatG                  8.00
 11           getSE | getSE                  0.00
 12    RateAncestor | RateAncestor           1.00
 36      Small_Diff | Small_Diff             0.00
  6       cleandata | cleandata              0.00
  8          method | method                 0.00
CODONML in paml version 4.8a, August 2014

----------------------------------------------
Phe F TTT | Ser S TCT | Tyr Y TAT | Cys C TGT
      TTC |       TCC |       TAC |       TGC
Leu L TTA |       TCA | *** * TAA | *** * TGA
      TTG |       TCG |       TAG | Trp W TGG
----------------------------------------------
Leu L CTT | Pro P CCT | His H CAT | Arg R CGT
      CTC |       CCC |       CAC |       CGC
      CTA |       CCA | Gln Q CAA |       CGA
      CTG |       CCG |       CAG |       CGG
----------------------------------------------
Ile I ATT | Thr T ACT | Asn N AAT | Ser S AGT
      ATC |       ACC |       AAC |       AGC
      ATA |       ACA | Lys K AAA | Arg R AGA
Met M ATG |       ACG |       AAG |       AGG
----------------------------------------------
Val V GTT | Ala A GCT | Asp D GAT | Gly G GGT
      GTC |       GCC |       GAC |       GGC
      GTA |       GCA | Glu E GAA |       GGA
      GTG |       GCG |       GAG |       GGG
----------------------------------------------
Nice code, uuh?


Ambiguity character definition table:

T (1): T 
C (1): C 
A (1): A 
G (1): G 
U (1): T 
Y (2): T C 
R (2): A G 
M (2): C A 
K (2): T G 
S (2): C G 
W (2): T A 
H (3): T C A 
B (3): T C G 
V (3): C A G 
D (3): T A G 
- (4): T C A G 
N (4): T C A G 
? (4): T C A G 

ns = 4  	ls = 1062
Reading sequences, interlaved format..
Reading seq # 1: A14     Reading seq # 2: A13     Reading seq # 3: A12     Reading seq # 4: A15     
block   1:     60     60     60     60
block   2:    120    120    120    120
block   3:    180    180    180    180
block   4:    240    240    240    240
block   5:    300    300    300    300
block   6:    360    360    360    360
block   7:    420    420    420    420
block   8:    480    480    480    480
block   9:    540    540    540    540
block  10:    600    600    600    600
block  11:    660    660    660    660
block  12:    720    720    720    720
block  13:    780    780    780    780
block  14:    840    840    840    840
block  15:    900    900    900    900
block  16:    960    960    960    960
block  17:   1020   1020   1020   1020
block  18:   1062   1062   1062   1062
Sequences read..
Counting site patterns..  0:00
         121 patterns at      354 /      354 sites (100.0%),  0:00
1 ambiguous codons are seen in the data:
 ---
Counting codons..

  2   1:Sites   233.1 +  825.9 = 1059.0	Diffs    29.8 +   65.2 =   95.0
  3   1:Sites   233.1 +  825.9 = 1059.0	Diffs    28.8 +   65.2 =   94.0
  3   2:Sites   234.9 +  824.1 = 1059.0	Diffs     1.0 +    0.0 =    1.0
  4   1:Sites   233.1 +  825.9 = 1059.0	Diffs    29.8 +   65.2 =   95.0
  4   2:Sites   234.9 +  824.1 = 1059.0	Diffs     0.0 +    0.0 =    0.0
  4   3:Sites   234.9 +  824.1 = 1059.0	Diffs     1.0 +    0.0 =    1.0

       48 bytes for distance
   118096 bytes for conP
     7744 bytes for fhK
  5000000 bytes for space

TREE #  1
(3, ((2, 4), 1));   MP score: -1
This is a rooted tree, without clock.  Check.

   177144 bytes for conP, adjusted

    0.000000    0.011073    0.034221    0.010183    0.036963    0.215650    2.000000    0.587011    1.475943

ntime & nrate & np:     6     1     9

Bounds (np=9):
   0.000004   0.000004   0.000004   0.000004   0.000004   0.000004   0.000100   0.005000   0.005000
  50.000000  50.000000  50.000000  50.000000  50.000000  50.000000 999.000000  99.000000  99.000000
Qfactor_NS = 9.485224

np =     9
lnL0 = -1848.680825

Iterating by ming2
Initial: fx=  1848.680825
x=  0.00000  0.01107  0.03422  0.01018  0.03696  0.21565  2.00000  0.58701  1.47594

  1 h-m-p  0.0000 0.0000 763.6962 ++     1848.679458  m 0.0000    14 | 1/9
  2 h-m-p  0.0000 0.0000 4894.5256 ++     1833.253572  m 0.0000    26 | 2/9
  3 h-m-p  0.0000 0.0000 224.8537 ++     1830.375983  m 0.0000    38 | 3/9
  4 h-m-p  0.0000 0.0000 552.2697 ++     1824.074875  m 0.0000    50 | 4/9
  5 h-m-p  0.0003 0.0014  57.8431 +YYCCYC  1815.489111  5 0.0013    71 | 4/9
  6 h-m-p  0.0074 0.2423  10.3489 +CCCC  1814.091561  3 0.0286    90 | 4/9
  7 h-m-p  0.0839 0.4193   3.4825 +YYCCCC  1811.174618  5 0.2671   111 | 4/9
  8 h-m-p  0.6209 3.1045   0.3373 CCYC   1810.356100  3 0.6375   128 | 4/9
  9 h-m-p  0.3591 1.7953   0.4399 CCCC   1809.860706  3 0.5901   151 | 4/9
 10 h-m-p  0.1323 0.6617   1.2516 YCYCCC  1809.404132  5 0.3340   176 | 4/9
 11 h-m-p  0.0402 0.2011   1.8689 +YYYCCC  1808.810797  5 0.1435   196 | 4/9
 12 h-m-p  0.0039 0.0193   6.0250 +YCYYYC  1807.832626  5 0.0167   215 | 4/9
 13 h-m-p  0.0062 0.0312   0.5372 +YYYCYC  1807.806827  5 0.0232   235 | 4/9
 14 h-m-p  0.0115 0.2909   1.0866 +++    1807.237183  m 0.2909   253 | 4/9
 15 h-m-p  0.0526 2.0680   6.0072 YYC    1807.158570  2 0.0208   267 | 4/9
 16 h-m-p  0.1498 0.7488   0.0355 ++     1807.114267  m 0.7488   279 | 4/9
 17 h-m-p  0.6755 8.0000   0.0394 CC     1807.096337  1 0.9307   298 | 4/9
 18 h-m-p  0.0259 0.1296   0.0076 ++     1807.096061  m 0.1296   315 | 4/9
 19 h-m-p -0.0000 -0.0000   0.0046 
h-m-p:     -0.00000000e+00     -0.00000000e+00      4.55279580e-03  1807.096061
..  | 4/9
 20 h-m-p  0.0000 0.0002  15.8645 C      1807.094906  0 0.0000   346 | 4/9
 21 h-m-p  0.0017 0.8262   0.2196 C      1807.094874  0 0.0014   358 | 4/9
 22 h-m-p  0.0156 0.6539   0.0192 ++C    1807.094818  0 0.3022   377 | 4/9
 23 h-m-p  1.6000 8.0000   0.0001 Y      1807.094816  0 1.0156   394 | 4/9
 24 h-m-p  1.6000 8.0000   0.0000 -C     1807.094816  0 0.1000   412 | 4/9
 25 h-m-p  0.1014 8.0000   0.0000 -C     1807.094816  0 0.0063   430 | 4/9
 26 h-m-p  0.0160 8.0000   0.0000 --Y    1807.094816  0 0.0003   449
Out..
lnL  = -1807.094816
450 lfun, 4050 eigenQcodon, 21600 P(t)

Reconstructed ancestral states go into file rst.

lnL = -1807.094816 from ProbSitePattern.
Marginal reconstruction.
	Node   5: lnL = -1807.094816
	Node   6: lnL = -1807.094816
	Node   7: lnL = -1807.094816

warning: strange character '-' 
warning ambiguity in difcodonNG: --- GGT
warning: strange character '-' 
warning ambiguity in difcodonNG: --- GGT
warning: strange character '-' 
warning ambiguity in difcodonNG: --- GGT
warning: strange character '-' 
warning ambiguity in difcodonNG: GGT ---
warning: strange character '-' 
warning ambiguity in difcodonNG: GGT ---
warning: strange character '-' 
warning ambiguity in difcodonNG: GGT ---end of tree file.

Time used:  0:17
