
 15         verbose | verbose                1.00
  7         runmode | runmode                0.00
  4         seqtype | seqtype                1.00
 13       CodonFreq | CodonFreq              2.00
  9           clock | clock                  0.00
 18          aaDist | aaDist                 0.00
 19      aaRatefile | aaRatefile             1.00
 16           model | model                  0.00
 20         NSsites | NSsites                1.00
 22           icode | icode                  0.00
 23           Mgene | Mgene                  0.00
 24       fix_kappa | fix_kappa              0.00
 25           kappa | kappa                  2.00
 26       fix_omega | fix_omega              0.00
 27           omega | omega                  0.40
 28       fix_alpha | fix_alpha              1.00
 29           alpha | alpha                  0.00
 30          Malpha | Malpha                 0.00
 31           ncatG | ncatG                  8.00
 11           getSE | getSE                  0.00
 12    RateAncestor | RateAncestor           1.00
 36      Small_Diff | Small_Diff             0.00
  6       cleandata | cleandata              0.00
  8          method | method                 0.00
CODONML in paml version 4.8a, August 2014

----------------------------------------------
Phe F TTT | Ser S TCT | Tyr Y TAT | Cys C TGT
      TTC |       TCC |       TAC |       TGC
Leu L TTA |       TCA | *** * TAA | *** * TGA
      TTG |       TCG |       TAG | Trp W TGG
----------------------------------------------
Leu L CTT | Pro P CCT | His H CAT | Arg R CGT
      CTC |       CCC |       CAC |       CGC
      CTA |       CCA | Gln Q CAA |       CGA
      CTG |       CCG |       CAG |       CGG
----------------------------------------------
Ile I ATT | Thr T ACT | Asn N AAT | Ser S AGT
      ATC |       ACC |       AAC |       AGC
      ATA |       ACA | Lys K AAA | Arg R AGA
Met M ATG |       ACG |       AAG |       AGG
----------------------------------------------
Val V GTT | Ala A GCT | Asp D GAT | Gly G GGT
      GTC |       GCC |       GAC |       GGC
      GTA |       GCA | Glu E GAA |       GGA
      GTG |       GCG |       GAG |       GGG
----------------------------------------------
Nice code, uuh?


Ambiguity character definition table:

T (1): T 
C (1): C 
A (1): A 
G (1): G 
U (1): T 
Y (2): T C 
R (2): A G 
M (2): C A 
K (2): T G 
S (2): C G 
W (2): T A 
H (3): T C A 
B (3): T C G 
V (3): C A G 
D (3): T A G 
- (4): T C A G 
N (4): T C A G 
? (4): T C A G 

ns = 4  	ls = 1062
Reading sequences, interlaved format..
Reading seq # 1: A14     Reading seq # 2: A13     Reading seq # 3: A12     Reading seq # 4: A15     
block   1:     60     60     60     60
block   2:    120    120    120    120
block   3:    180    180    180    180
block   4:    240    240    240    240
block   5:    300    300    300    300
block   6:    360    360    360    360
block   7:    420    420    420    420
block   8:    480    480    480    480
block   9:    540    540    540    540
block  10:    600    600    600    600
block  11:    660    660    660    660
block  12:    720    720    720    720
block  13:    780    780    780    780
block  14:    840    840    840    840
block  15:    900    900    900    900
block  16:    960    960    960    960
block  17:   1020   1020   1020   1020
block  18:   1062   1062   1062   1062
Sequences read..
Counting site patterns..  0:00
         121 patterns at      354 /      354 sites (100.0%),  0:00
1 ambiguous codons are seen in the data:
 ---
Counting codons..

  2   1:Sites   233.1 +  825.9 = 1059.0	Diffs    29.8 +   65.2 =   95.0
  3   1:Sites   233.1 +  825.9 = 1059.0	Diffs    28.8 +   65.2 =   94.0
  3   2:Sites   234.9 +  824.1 = 1059.0	Diffs     1.0 +    0.0 =    1.0
  4   1:Sites   233.1 +  825.9 = 1059.0	Diffs    29.8 +   65.2 =   95.0
  4   2:Sites   234.9 +  824.1 = 1059.0	Diffs     0.0 +    0.0 =    0.0
  4   3:Sites   234.9 +  824.1 = 1059.0	Diffs     1.0 +    0.0 =    1.0

       48 bytes for distance
   118096 bytes for conP
     1936 bytes for fhK
  5000000 bytes for space

TREE #  1
(3, ((2, 4), 1));   MP score: -1
This is a rooted tree, without clock.  Check.

   177144 bytes for conP, adjusted

    0.000000    0.011073    0.034221    0.010183    0.036963    0.215650    2.000000    0.654804    0.337971

ntime & nrate & np:     6     2     9

Bounds (np=9):
   0.000004   0.000004   0.000004   0.000004   0.000004   0.000004   0.000100   0.000010   0.000001
  50.000000  50.000000  50.000000  50.000000  50.000000  50.000000 999.000000   0.999990   1.000000
Qfactor_NS = 6.444761

np =     9
lnL0 = -1843.686907

Iterating by ming2
Initial: fx=  1843.686907
x=  0.00000  0.01107  0.03422  0.01018  0.03696  0.21565  2.00000  0.65480  0.33797

  1 h-m-p  0.0000 0.0000 763.2555 ++     1843.685544  m 0.0000    14 | 1/9
  2 h-m-p  0.0000 0.0000 13392.7658 ++     1828.887815  m 0.0000    26 | 2/9
  3 h-m-p  0.0000 0.0000 289.3929 ++     1827.136403  m 0.0000    38 | 3/9
  4 h-m-p  0.0000 0.0000 428925739.8755 
h-m-p:      1.18730562e-11      5.93652808e-11      4.28925740e+08  1827.136403
..  | 3/9
  5 h-m-p  0.0000 0.0001 469.3621 ++     1813.764239  m 0.0001    59 | 4/9
  6 h-m-p  0.0002 0.0437 100.1561 +CYCCC  1810.926093  4 0.0007    79 | 4/9
  7 h-m-p  0.0072 0.0360   9.5417 ++     1807.978652  m 0.0360    91 | 4/9
  8 h-m-p -0.0000 -0.0000  50.9359 
h-m-p:     -1.29745219e-19     -6.48726095e-19      5.09358879e+01  1807.978652
..  | 4/9
  9 h-m-p  0.0000 0.0001  30.1897 CCC    1807.972327  2 0.0000   116 | 4/9
 10 h-m-p  0.0000 0.0242  27.7052 +++YCCC  1807.495547  3 0.0020   136 | 4/9
 11 h-m-p  0.0001 0.0003  17.1695 ++     1807.446006  m 0.0003   148 | 5/9
 12 h-m-p  0.0043 2.1545   1.4313 ++YCC  1807.323115  2 0.1094   165 | 5/9
 13 h-m-p  0.0228 0.8507   6.8670 CCC    1807.163636  2 0.0308   181 | 5/9
 14 h-m-p  1.6000 8.0000   0.0433 YC     1807.093179  1 0.8546   194 | 5/9
 15 h-m-p  1.6000 8.0000   0.0019 YC     1807.092703  1 1.0213   211 | 5/9
 16 h-m-p  1.6000 8.0000   0.0008 Y      1807.092699  0 1.1332   227 | 5/9
 17 h-m-p  1.6000 8.0000   0.0001 Y      1807.092699  0 1.0642   243 | 5/9
 18 h-m-p  1.6000 8.0000   0.0000 ++     1807.092699  m 8.0000   259 | 5/9
 19 h-m-p  1.1431 8.0000   0.0000 -Y     1807.092699  0 0.0539   276 | 5/9
 20 h-m-p  0.0542 8.0000   0.0000 C      1807.092699  0 0.0542   292 | 5/9
 21 h-m-p  0.0560 8.0000   0.0000 C      1807.092699  0 0.0560   308 | 5/9
 22 h-m-p  0.0712 8.0000   0.0000 --------------..  | 5/9
 23 h-m-p  0.0160 8.0000   0.0002 ------------- | 5/9
 24 h-m-p  0.0160 8.0000   0.0002 -------------
Out..
lnL  = -1807.092699
391 lfun, 1173 eigenQcodon, 4692 P(t)

Reconstructed ancestral states go into file rst.

lnL = -1807.092699 from ProbSitePattern.
Marginal reconstruction.
	Node   5: lnL = -1807.092699
	Node   6: lnL = -1807.092699
	Node   7: lnL = -1807.092699

warning: strange character '-' 
warning ambiguity in difcodonNG: --- GGT
warning: strange character '-' 
warning ambiguity in difcodonNG: --- GGT
warning: strange character '-' 
warning ambiguity in difcodonNG: --- GGT
warning: strange character '-' 
warning ambiguity in difcodonNG: GGT ---
warning: strange character '-' 
warning ambiguity in difcodonNG: GGT ---
warning: strange character '-' 
warning ambiguity in difcodonNG: GGT ---end of tree file.

Time used:  0:03
