
 15         verbose | verbose                1.00
  7         runmode | runmode                0.00
  4         seqtype | seqtype                1.00
 13       CodonFreq | CodonFreq              2.00
  9           clock | clock                  0.00
 18          aaDist | aaDist                 0.00
 19      aaRatefile | aaRatefile             1.00
 16           model | model                  0.00
 20         NSsites | NSsites                2.00
 22           icode | icode                  0.00
 23           Mgene | Mgene                  0.00
 24       fix_kappa | fix_kappa              0.00
 25           kappa | kappa                  2.00
 26       fix_omega | fix_omega              0.00
 27           omega | omega                  0.40
 28       fix_alpha | fix_alpha              1.00
 29           alpha | alpha                  0.00
 30          Malpha | Malpha                 0.00
 31           ncatG | ncatG                  8.00
 11           getSE | getSE                  0.00
 12    RateAncestor | RateAncestor           1.00
 36      Small_Diff | Small_Diff             0.00
  6       cleandata | cleandata              0.00
  8          method | method                 0.00
CODONML in paml version 4.8a, August 2014

----------------------------------------------
Phe F TTT | Ser S TCT | Tyr Y TAT | Cys C TGT
      TTC |       TCC |       TAC |       TGC
Leu L TTA |       TCA | *** * TAA | *** * TGA
      TTG |       TCG |       TAG | Trp W TGG
----------------------------------------------
Leu L CTT | Pro P CCT | His H CAT | Arg R CGT
      CTC |       CCC |       CAC |       CGC
      CTA |       CCA | Gln Q CAA |       CGA
      CTG |       CCG |       CAG |       CGG
----------------------------------------------
Ile I ATT | Thr T ACT | Asn N AAT | Ser S AGT
      ATC |       ACC |       AAC |       AGC
      ATA |       ACA | Lys K AAA | Arg R AGA
Met M ATG |       ACG |       AAG |       AGG
----------------------------------------------
Val V GTT | Ala A GCT | Asp D GAT | Gly G GGT
      GTC |       GCC |       GAC |       GGC
      GTA |       GCA | Glu E GAA |       GGA
      GTG |       GCG |       GAG |       GGG
----------------------------------------------
Nice code, uuh?


Ambiguity character definition table:

T (1): T 
C (1): C 
A (1): A 
G (1): G 
U (1): T 
Y (2): T C 
R (2): A G 
M (2): C A 
K (2): T G 
S (2): C G 
W (2): T A 
H (3): T C A 
B (3): T C G 
V (3): C A G 
D (3): T A G 
- (4): T C A G 
N (4): T C A G 
? (4): T C A G 

ns = 4  	ls = 1062
Reading sequences, interlaved format..
Reading seq # 1: A14     Reading seq # 2: A13     Reading seq # 3: A12     Reading seq # 4: A15     
block   1:     60     60     60     60
block   2:    120    120    120    120
block   3:    180    180    180    180
block   4:    240    240    240    240
block   5:    300    300    300    300
block   6:    360    360    360    360
block   7:    420    420    420    420
block   8:    480    480    480    480
block   9:    540    540    540    540
block  10:    600    600    600    600
block  11:    660    660    660    660
block  12:    720    720    720    720
block  13:    780    780    780    780
block  14:    840    840    840    840
block  15:    900    900    900    900
block  16:    960    960    960    960
block  17:   1020   1020   1020   1020
block  18:   1062   1062   1062   1062
Sequences read..
Counting site patterns..  0:00
         121 patterns at      354 /      354 sites (100.0%),  0:00
1 ambiguous codons are seen in the data:
 ---
Counting codons..

  2   1:Sites   233.1 +  825.9 = 1059.0	Diffs    29.8 +   65.2 =   95.0
  3   1:Sites   233.1 +  825.9 = 1059.0	Diffs    28.8 +   65.2 =   94.0
  3   2:Sites   234.9 +  824.1 = 1059.0	Diffs     1.0 +    0.0 =    1.0
  4   1:Sites   233.1 +  825.9 = 1059.0	Diffs    29.8 +   65.2 =   95.0
  4   2:Sites   234.9 +  824.1 = 1059.0	Diffs     0.0 +    0.0 =    0.0
  4   3:Sites   234.9 +  824.1 = 1059.0	Diffs     1.0 +    0.0 =    1.0

       48 bytes for distance
   118096 bytes for conP
     2904 bytes for fhK
  5000000 bytes for space

TREE #  1
(3, ((2, 4), 1));   MP score: -1
This is a rooted tree, without clock.  Check.

   177144 bytes for conP, adjusted

initial w for M2:NSpselection reset.

    0.000000    0.011073    0.034221    0.010183    0.036963    0.215650    2.000000    1.187011    0.337971    0.452877    2.638800

ntime & nrate & np:     6     3    11

Bounds (np=11):
   0.000004   0.000004   0.000004   0.000004   0.000004   0.000004   0.000100 -99.000000 -99.000000   0.000001   1.000000
  50.000000  50.000000  50.000000  50.000000  50.000000  50.000000 999.000000  99.000000  99.000000   1.000000 999.000000
Qfactor_NS = 4.421235

np =    11
lnL0 = -1842.490081

Iterating by ming2
Initial: fx=  1842.490081
x=  0.00000  0.01107  0.03422  0.01018  0.03696  0.21565  2.00000  1.18701  0.33797  0.45288  2.63880

  1 h-m-p  0.0000 0.0000 751.7754 ++     1842.488735  m 0.0000    16 | 1/11
  2 h-m-p  0.0000 0.0000 1998.1172 ++     1826.296772  m 0.0000    30 | 2/11
  3 h-m-p  0.0000 0.0000 198.4831 ++     1823.451396  m 0.0000    44 | 3/11
  4 h-m-p  0.0000 0.0001 254.9974 +YYYCYYCCC  1818.005225  8 0.0001    71 | 3/11
  5 h-m-p  0.0000 0.0002 126.9965 ++     1811.402352  m 0.0002    85 | 4/11
  6 h-m-p  0.0014 0.0324  14.2421 +++    1805.444135  m 0.0324   100 | 5/11
  7 h-m-p  0.0364 8.0000   4.2686 +YCCCC  1801.405242  4 0.2908   122 | 5/11
  8 h-m-p  0.1485 0.7427   2.3808 CCCCC  1800.379160  4 0.2303   144 | 5/11
  9 h-m-p  0.1105 0.5526   1.6456 YCYCCC  1799.908668  5 0.2871   166 | 5/11
 10 h-m-p  0.5597 8.0000   0.8440 +CYC   1799.356111  2 1.6323   184 | 5/11
 11 h-m-p  1.6000 8.0000   0.7654 YCC    1799.081205  2 1.2437   207 | 4/11
 12 h-m-p  0.0056 0.0785 170.9570 YCCCC  1798.256519  4 0.0118   234 | 4/11
 13 h-m-p  1.6000 8.0000   0.8240 +YCCC  1797.492103  3 5.0114   254 | 4/11
 14 h-m-p  1.6000 8.0000   1.0293 CCC    1797.241667  2 0.6073   279 | 4/11
 15 h-m-p  0.4174 8.0000   1.4977 +CCCC  1796.803449  3 3.0315   300 | 4/11
 16 h-m-p  1.6000 8.0000   0.8017 CYC    1796.614264  2 1.5590   317 | 4/11
 17 h-m-p  0.9069 8.0000   1.3782 CCC    1796.566250  2 1.4452   342 | 4/11
 18 h-m-p  1.6000 8.0000   0.5630 +YCC   1796.471238  2 5.3098   360 | 4/11
 19 h-m-p  1.6000 8.0000   1.1405 CCC    1796.434917  2 1.8047   385 | 4/11
 20 h-m-p  1.6000 8.0000   0.1920 YC     1796.428199  1 1.0384   400 | 4/11
 21 h-m-p  1.0745 8.0000   0.1856 YC     1796.427848  1 1.7224   422 | 4/11
 22 h-m-p  1.6000 8.0000   0.0167 +Y     1796.427824  0 4.4362   444 | 4/11
 23 h-m-p  1.6000 8.0000   0.0014 C      1796.427813  0 1.7201   465 | 4/11
 24 h-m-p  1.6000 8.0000   0.0006 C      1796.427813  0 1.3621   486 | 4/11
 25 h-m-p  1.6000 8.0000   0.0003 Y      1796.427813  0 3.1325   507 | 4/11
 26 h-m-p  1.0355 8.0000   0.0009 ++     1796.427811  m 8.0000   528 | 4/11
 27 h-m-p  0.8371 8.0000   0.0089 ++     1796.427801  m 8.0000   549 | 4/11
 28 h-m-p  1.3326 8.0000   0.0531 ++     1796.427687  m 8.0000   570 | 4/11
 29 h-m-p  0.5307 8.0000   0.8012 +Y     1796.427530  0 1.7250   592 | 4/11
 30 h-m-p  1.6000 8.0000   0.1847 C      1796.427489  0 1.6850   613 | 4/11
 31 h-m-p  0.8327 8.0000   0.3737 +C     1796.427464  0 3.1298   635 | 4/11
 32 h-m-p  1.6000 8.0000   0.3056 C      1796.427454  0 2.1843   656 | 4/11
 33 h-m-p  1.6000 8.0000   0.3624 Y      1796.427450  0 2.9367   677 | 4/11
 34 h-m-p  1.6000 8.0000   0.3322 C      1796.427448  0 2.3030   698 | 4/11
 35 h-m-p  1.6000 8.0000   0.3492 Y      1796.427447  0 2.7319   719 | 4/11
 36 h-m-p  1.6000 8.0000   0.3537 Y      1796.427447  0 2.5749   740 | 4/11
 37 h-m-p  1.6000 8.0000   0.3301 C      1796.427447  0 2.2705   761 | 4/11
 38 h-m-p  1.6000 8.0000   0.3785 Y      1796.427447  0 3.5466   782 | 4/11
 39 h-m-p  1.6000 8.0000   0.2886 C      1796.427447  0 1.5491   803 | 4/11
 40 h-m-p  0.9483 8.0000   0.4714 +Y     1796.427447  0 5.2125   825 | 4/11
 41 h-m-p  1.6000 8.0000   0.1579 C      1796.427447  0 1.4229   846 | 4/11
 42 h-m-p  1.6000 8.0000   0.0527 -Y     1796.427447  0 0.1000   868 | 4/11
 43 h-m-p  0.0256 8.0000   0.2056 ----Y  1796.427447  0 0.0000   893 | 4/11
 44 h-m-p  0.0160 8.0000   0.0009 Y      1796.427447  0 0.0040   914 | 4/11
 45 h-m-p  0.0160 8.0000   0.0008 --C    1796.427447  0 0.0003   937
Out..
lnL  = -1796.427447
938 lfun, 3752 eigenQcodon, 16884 P(t)

BEBing (dim = 4).  This may take several minutes.
Calculating f(x_h|w): 10 categories 21 w sets.
S10 w log{f(x|w)}:    0.0500     -8.830044
S10 w log{f(x|w)}:    0.1500     -7.759071
S10 w log{f(x|w)}:    0.2500     -7.275767
S10 w log{f(x|w)}:    0.3500     -6.966696
S10 w log{f(x|w)}:    0.4500     -6.742664
S10 w log{f(x|w)}:    0.5500     -6.569155
S10 w log{f(x|w)}:    0.6500     -6.429143
S10 w log{f(x|w)}:    0.7500     -6.312964
S10 w log{f(x|w)}:    0.8500     -6.214601
S10 w log{f(x|w)}:    0.9500     -6.130055
S10 w log{f(x|w)}:    1.0000     -6.092056
S10 w log{f(x|w)}:    1.5000     -5.817850
S10 w log{f(x|w)}:    2.5000     -5.560246
S10 w log{f(x|w)}:    3.5000     -5.464389
S10 w log{f(x|w)}:    4.5000     -5.440920
S10 w log{f(x|w)}:    5.5000     -5.455293
S10 w log{f(x|w)}:    6.5000     -5.490591
S10 w log{f(x|w)}:    7.5000     -5.537404
S10 w log{f(x|w)}:    8.5000     -5.590103
S10 w log{f(x|w)}:    9.5000     -5.645195
S10 w log{f(x|w)}:   10.5000     -5.700483
Calculating f(X), the marginal probability of data.
	log(fX) = -1803.613231  S = -1664.102238  -133.856457
Calculating f(w|X), posterior probabilities of site classes.
	did  10 / 121 patterns   0:13	did  20 / 121 patterns   0:13	did  30 / 121 patterns   0:13	did  40 / 121 patterns   0:13	did  50 / 121 patterns   0:13	did  60 / 121 patterns   0:13	did  70 / 121 patterns   0:13	did  80 / 121 patterns   0:13	did  90 / 121 patterns   0:14	did 100 / 121 patterns   0:14	did 110 / 121 patterns   0:14	did 120 / 121 patterns   0:14	did 121 / 121 patterns   0:14
Reconstructed ancestral states go into file rst.

lnL = -1796.427447 from ProbSitePattern.
Marginal reconstruction.
	Node   5: lnL = -1796.427447
	Node   6: lnL = -1796.427447
	Node   7: lnL = -1796.427447

warning: strange character '-' 
warning ambiguity in difcodonNG: --- GGT
warning: strange character '-' 
warning ambiguity in difcodonNG: --- GGT
warning: strange character '-' 
warning ambiguity in difcodonNG: --- GGT
warning: strange character '-' 
warning ambiguity in difcodonNG: GGT ---
warning: strange character '-' 
warning ambiguity in difcodonNG: GGT ---
warning: strange character '-' 
warning ambiguity in difcodonNG: GGT ---end of tree file.

Time used:  0:14
