
 15         verbose | verbose                1.00
  7         runmode | runmode                0.00
  4         seqtype | seqtype                1.00
 13       CodonFreq | CodonFreq              2.00
  9           clock | clock                  0.00
 18          aaDist | aaDist                 0.00
 19      aaRatefile | aaRatefile             1.00
 16           model | model                  0.00
 20         NSsites | NSsites                2.00
 22           icode | icode                  0.00
 23           Mgene | Mgene                  0.00
 24       fix_kappa | fix_kappa              0.00
 25           kappa | kappa                  2.00
 26       fix_omega | fix_omega              0.00
 27           omega | omega                  0.40
 28       fix_alpha | fix_alpha              1.00
 29           alpha | alpha                  0.00
 30          Malpha | Malpha                 0.00
 31           ncatG | ncatG                  8.00
 11           getSE | getSE                  0.00
 12    RateAncestor | RateAncestor           1.00
 36      Small_Diff | Small_Diff             0.00
  6       cleandata | cleandata              0.00
  8          method | method                 0.00
CODONML in paml version 4.8a, August 2014

----------------------------------------------
Phe F TTT | Ser S TCT | Tyr Y TAT | Cys C TGT
      TTC |       TCC |       TAC |       TGC
Leu L TTA |       TCA | *** * TAA | *** * TGA
      TTG |       TCG |       TAG | Trp W TGG
----------------------------------------------
Leu L CTT | Pro P CCT | His H CAT | Arg R CGT
      CTC |       CCC |       CAC |       CGC
      CTA |       CCA | Gln Q CAA |       CGA
      CTG |       CCG |       CAG |       CGG
----------------------------------------------
Ile I ATT | Thr T ACT | Asn N AAT | Ser S AGT
      ATC |       ACC |       AAC |       AGC
      ATA |       ACA | Lys K AAA | Arg R AGA
Met M ATG |       ACG |       AAG |       AGG
----------------------------------------------
Val V GTT | Ala A GCT | Asp D GAT | Gly G GGT
      GTC |       GCC |       GAC |       GGC
      GTA |       GCA | Glu E GAA |       GGA
      GTG |       GCG |       GAG |       GGG
----------------------------------------------
Nice code, uuh?


Ambiguity character definition table:

T (1): T 
C (1): C 
A (1): A 
G (1): G 
U (1): T 
Y (2): T C 
R (2): A G 
M (2): C A 
K (2): T G 
S (2): C G 
W (2): T A 
H (3): T C A 
B (3): T C G 
V (3): C A G 
D (3): T A G 
- (4): T C A G 
N (4): T C A G 
? (4): T C A G 

ns = 5  	ls = 1311
Reading sequences, interlaved format..
Reading seq # 1: A137     Reading seq # 2: A138     Reading seq # 3: A139     Reading seq # 4: A140     Reading seq # 5: A141     
block   1:     60     60     60     60     60
block   2:    120    120    120    120    120
block   3:    180    180    180    180    180
block   4:    240    240    240    240    240
block   5:    300    300    300    300    300
block   6:    360    360    360    360    360
block   7:    420    420    420    420    420
block   8:    480    480    480    480    480
block   9:    540    540    540    540    540
block  10:    600    600    600    600    600
block  11:    660    660    660    660    660
block  12:    720    720    720    720    720
block  13:    780    780    780    780    780
block  14:    840    840    840    840    840
block  15:    900    900    900    900    900
block  16:    960    960    960    960    960
block  17:   1020   1020   1020   1020   1020
block  18:   1080   1080   1080   1080   1080
block  19:   1140   1140   1140   1140   1140
block  20:   1200   1200   1200   1200   1200
block  21:   1260   1260   1260   1260   1260
block  22:   1311   1311   1311   1311   1311
codon     157: TCC AGT AGT AGT AGT 
Sequences read..
Counting site patterns..  0:00
         123 patterns at      437 /      437 sites (100.0%),  0:00
1 ambiguous codons are seen in the data:
 ---
Counting codons..

  2   1:Sites   293.7 + 1011.3 = 1305.0	Diffs    28.8 +   71.2 =  100.0
  3   1:Sites   294.2 + 1010.8 = 1305.0	Diffs    29.8 +   68.2 =   98.0
  3   2:Sites   293.4 + 1014.6 = 1308.0	Diffs     1.0 +    5.0 =    6.0
  4   1:Sites   294.2 + 1010.8 = 1305.0	Diffs    29.8 +   69.2 =   99.0
  4   2:Sites   293.4 + 1014.6 = 1308.0	Diffs     1.0 +    4.0 =    5.0
  4   3:Sites   293.9 + 1014.1 = 1308.0	Diffs     0.0 +    1.0 =    1.0
  5   1:Sites   294.6 + 1010.4 = 1305.0	Diffs    27.8 +   68.2 =   96.0
  5   2:Sites   293.8 + 1014.2 = 1308.0	Diffs     1.0 +    7.0 =    8.0
  5   3:Sites   294.2 + 1013.8 = 1308.0	Diffs     2.0 +    6.0 =    8.0
  5   4:Sites   294.3 + 1013.7 = 1308.0	Diffs     2.0 +    5.0 =    7.0

       80 bytes for distance
   120048 bytes for conP
     2952 bytes for fhK
  5000000 bytes for space

TREE #  1
(((2, (1, 5)), 3), 4);   MP score: -1
This is a rooted tree, without clock.  Check.

   240096 bytes for conP, adjusted

initial w for M2:NSpselection reset.

    0.000000    0.015917    0.062729    0.021661    0.138392    0.070828    0.034578    0.047593    2.000000    1.682193    0.192890    0.355520    2.246683

ntime & nrate & np:     8     3    13

Bounds (np=13):
   0.000004   0.000004   0.000004   0.000004   0.000004   0.000004   0.000004   0.000004   0.000100 -99.000000 -99.000000   0.000001   1.000000
  50.000000  50.000000  50.000000  50.000000  50.000000  50.000000  50.000000  50.000000 999.000000  99.000000  99.000000   1.000000 999.000000
Qfactor_NS = 5.359020

np =    13
lnL0 = -2320.213776

Iterating by ming2
Initial: fx=  2320.213776
x=  0.00000  0.01592  0.06273  0.02166  0.13839  0.07083  0.03458  0.04759  2.00000  1.68219  0.19289  0.35552  2.24668

  1 h-m-p  0.0000 0.0000 1000.9467 ++     2320.211828  m 0.0000    18 | 1/13
  2 h-m-p  0.0000 0.0000 4602.8237 ++     2263.827921  m 0.0000    34 | 1/13
  3 h-m-p  0.0000 0.0000 3295.2609 ++     2256.817971  m 0.0000    50 | 2/13
  4 h-m-p  0.0000 0.0000 1754.3773 +YYYYYC  2243.752830  5 0.0000    72 | 2/13
  5 h-m-p  0.0000 0.0000 284.5126 YCYCCC  2243.181027  5 0.0000    96 | 2/13
  6 h-m-p  0.0000 0.0004 137.8386 +YCCCC  2242.165575  4 0.0001   120 | 2/13
  7 h-m-p  0.0000 0.0008 438.8099 +YCYCCC  2236.210737  5 0.0004   145 | 2/13
  8 h-m-p  0.0001 0.0004 357.4438 +YYYCYCCC  2228.763201  7 0.0003   172 | 2/13
  9 h-m-p  0.0090 0.0451   8.4311 ++     2222.165449  m 0.0451   188 | 3/13
 10 h-m-p  0.0447 0.7316   8.3321 +CCC   2215.360132  2 0.2181   209 | 2/13
 11 h-m-p  0.0118 0.0592  68.8006 YCCC   2214.798060  3 0.0056   230 | 2/13
 12 h-m-p  0.0032 0.0159  23.3312 ++     2211.645558  m 0.0159   246 | 3/13
 13 h-m-p  0.0597 0.3856   6.1548 ++     2205.436627  m 0.3856   262 | 4/13
 14 h-m-p  0.3175 1.5877   1.9845 YCCCC  2201.212402  4 0.7199   285 | 3/13
 15 h-m-p  0.0004 0.0019 906.2446 -YCCC  2201.191666  3 0.0000   307 | 3/13
 16 h-m-p  0.0053 0.0626   2.1973 ++     2200.785146  m 0.0626   323 | 4/13
 17 h-m-p  0.0354 1.0982   3.8873 ++YCCCC  2198.354375  4 0.3953   348 | 4/13
 18 h-m-p  0.4569 8.0000   3.3630 YCCC   2196.422292  3 0.8377   369 | 4/13
 19 h-m-p  1.4298 8.0000   1.9703 CCC    2194.483764  2 2.1739   389 | 4/13
 20 h-m-p  1.6000 8.0000   2.2503 CCC    2193.634672  2 1.6444   409 | 3/13
 21 h-m-p  0.0431 0.3136  85.8888 CCC    2193.592234  2 0.0103   429 | 3/13
 22 h-m-p  0.4752 8.0000   1.8674 +YCYC  2193.090789  3 3.2374   450 | 3/13
 23 h-m-p  1.6000 8.0000   1.7364 YCCC   2192.676975  3 3.1967   471 | 3/13
 24 h-m-p  1.6000 8.0000   2.4694 CCC    2192.486551  2 2.3454   491 | 3/13
 25 h-m-p  1.6000 8.0000   0.6307 CCC    2192.404102  2 2.2879   511 | 3/13
 26 h-m-p  1.6000 8.0000   0.5428 YCCC   2192.296155  3 3.7923   542 | 3/13
 27 h-m-p  1.6000 8.0000   0.2860 YC     2192.264793  1 2.9611   569 | 3/13
 28 h-m-p  1.6000 8.0000   0.0581 C      2192.250807  0 1.6000   595 | 3/13
 29 h-m-p  0.4498 8.0000   0.2068 +CC    2192.249533  1 2.1266   624 | 3/13
 30 h-m-p  1.6000 8.0000   0.1914 C      2192.248755  0 1.9328   650 | 3/13
 31 h-m-p  1.6000 8.0000   0.1281 C      2192.248611  0 1.8729   676 | 3/13
 32 h-m-p  1.6000 8.0000   0.0215 C      2192.248545  0 1.8913   702 | 3/13
 33 h-m-p  1.6000 8.0000   0.0017 +Y     2192.248484  0 5.2504   729 | 3/13
 34 h-m-p  0.8091 8.0000   0.0112 ++     2192.247776  m 8.0000   755 | 3/13
 35 h-m-p  0.1062 8.0000   0.8437 +YC    2192.245598  1 1.0540   783 | 3/13
 36 h-m-p  1.6000 8.0000   0.1495 Y      2192.245524  0 1.2729   809 | 3/13
 37 h-m-p  1.6000 8.0000   0.0033 C      2192.245524  0 1.2858   835 | 3/13
 38 h-m-p  1.6000 8.0000   0.0001 ---Y   2192.245524  0 0.0118   864 | 3/13
 39 h-m-p  0.0160 8.0000   0.0001 --------C  2192.245524  0 0.0000   898
Out..
lnL  = -2192.245524
899 lfun, 3596 eigenQcodon, 21576 P(t)

BEBing (dim = 4).  This may take several minutes.
Calculating f(x_h|w): 10 categories 21 w sets.
S10 w log{f(x|w)}:    0.0500     -3.340633
S10 w log{f(x|w)}:    0.1500     -3.357147
S10 w log{f(x|w)}:    0.2500     -3.373610
S10 w log{f(x|w)}:    0.3500     -3.390023
S10 w log{f(x|w)}:    0.4500     -3.406386
S10 w log{f(x|w)}:    0.5500     -3.422697
S10 w log{f(x|w)}:    0.6500     -3.438958
S10 w log{f(x|w)}:    0.7500     -3.455167
S10 w log{f(x|w)}:    0.8500     -3.471326
S10 w log{f(x|w)}:    0.9500     -3.487432
S10 w log{f(x|w)}:    1.0000     -3.495467
S10 w log{f(x|w)}:    1.5000     -3.575094
S10 w log{f(x|w)}:    2.5000     -3.730402
S10 w log{f(x|w)}:    3.5000     -3.880332
S10 w log{f(x|w)}:    4.5000     -4.024764
S10 w log{f(x|w)}:    5.5000     -4.163605
S10 w log{f(x|w)}:    6.5000     -4.296788
S10 w log{f(x|w)}:    7.5000     -4.424273
S10 w log{f(x|w)}:    8.5000     -4.546054
S10 w log{f(x|w)}:    9.5000     -4.662156
S10 w log{f(x|w)}:   10.5000     -4.772637
Calculating f(X), the marginal probability of data.
	log(fX) = -2215.072890  S = -2074.800840  -132.112097
Calculating f(w|X), posterior probabilities of site classes.
	did  10 / 123 patterns   0:17	did  20 / 123 patterns   0:17	did  30 / 123 patterns   0:17	did  40 / 123 patterns   0:17	did  50 / 123 patterns   0:17	did  60 / 123 patterns   0:17	did  70 / 123 patterns   0:17	did  80 / 123 patterns   0:17	did  90 / 123 patterns   0:17	did 100 / 123 patterns   0:17	did 110 / 123 patterns   0:17	did 120 / 123 patterns   0:17	did 123 / 123 patterns   0:17
Reconstructed ancestral states go into file rst.

lnL = -2192.245524 from ProbSitePattern.
Marginal reconstruction.
	Node   6: lnL = -2192.245524
	Node   7: lnL = -2192.245524
	Node   8: lnL = -2192.245524
	Node   9: lnL = -2192.245524

warning: strange character '-' 
warning ambiguity in difcodonNG: --- ACT
warning: strange character '-' 
warning ambiguity in difcodonNG: --- AGA
warning: strange character '-' 
warning ambiguity in difcodonNG: --- ACT
warning: strange character '-' 
warning ambiguity in difcodonNG: --- ACT
warning: strange character '-' 
warning ambiguity in difcodonNG: --- ACT
warning: strange character '-' 
warning ambiguity in difcodonNG: ACT ---
warning: strange character '-' 
warning ambiguity in difcodonNG: ACT ---
warning: strange character '-' 
warning ambiguity in difcodonNG: ACT ---
warning: strange character '-' 
warning ambiguity in difcodonNG: ACT ---
warning: strange character '-' 
warning ambiguity in difcodonNG: AGA ---end of tree file.

Time used:  0:17
