
 15         verbose | verbose                1.00
  7         runmode | runmode                0.00
  4         seqtype | seqtype                1.00
 13       CodonFreq | CodonFreq              2.00
  9           clock | clock                  0.00
 18          aaDist | aaDist                 0.00
 19      aaRatefile | aaRatefile             1.00
 16           model | model                  0.00
 20         NSsites | NSsites                1.00
 22           icode | icode                  0.00
 23           Mgene | Mgene                  0.00
 24       fix_kappa | fix_kappa              0.00
 25           kappa | kappa                  2.00
 26       fix_omega | fix_omega              0.00
 27           omega | omega                  0.40
 28       fix_alpha | fix_alpha              1.00
 29           alpha | alpha                  0.00
 30          Malpha | Malpha                 0.00
 31           ncatG | ncatG                  8.00
 11           getSE | getSE                  0.00
 12    RateAncestor | RateAncestor           1.00
 36      Small_Diff | Small_Diff             0.00
  6       cleandata | cleandata              0.00
  8          method | method                 0.00
CODONML in paml version 4.8a, August 2014

----------------------------------------------
Phe F TTT | Ser S TCT | Tyr Y TAT | Cys C TGT
      TTC |       TCC |       TAC |       TGC
Leu L TTA |       TCA | *** * TAA | *** * TGA
      TTG |       TCG |       TAG | Trp W TGG
----------------------------------------------
Leu L CTT | Pro P CCT | His H CAT | Arg R CGT
      CTC |       CCC |       CAC |       CGC
      CTA |       CCA | Gln Q CAA |       CGA
      CTG |       CCG |       CAG |       CGG
----------------------------------------------
Ile I ATT | Thr T ACT | Asn N AAT | Ser S AGT
      ATC |       ACC |       AAC |       AGC
      ATA |       ACA | Lys K AAA | Arg R AGA
Met M ATG |       ACG |       AAG |       AGG
----------------------------------------------
Val V GTT | Ala A GCT | Asp D GAT | Gly G GGT
      GTC |       GCC |       GAC |       GGC
      GTA |       GCA | Glu E GAA |       GGA
      GTG |       GCG |       GAG |       GGG
----------------------------------------------
Nice code, uuh?


Ambiguity character definition table:

T (1): T 
C (1): C 
A (1): A 
G (1): G 
U (1): T 
Y (2): T C 
R (2): A G 
M (2): C A 
K (2): T G 
S (2): C G 
W (2): T A 
H (3): T C A 
B (3): T C G 
V (3): C A G 
D (3): T A G 
- (4): T C A G 
N (4): T C A G 
? (4): T C A G 

ns = 5  	ls = 1311
Reading sequences, interlaved format..
Reading seq # 1: A137     Reading seq # 2: A138     Reading seq # 3: A139     Reading seq # 4: A140     Reading seq # 5: A141     
block   1:     60     60     60     60     60
block   2:    120    120    120    120    120
block   3:    180    180    180    180    180
block   4:    240    240    240    240    240
block   5:    300    300    300    300    300
block   6:    360    360    360    360    360
block   7:    420    420    420    420    420
block   8:    480    480    480    480    480
block   9:    540    540    540    540    540
block  10:    600    600    600    600    600
block  11:    660    660    660    660    660
block  12:    720    720    720    720    720
block  13:    780    780    780    780    780
block  14:    840    840    840    840    840
block  15:    900    900    900    900    900
block  16:    960    960    960    960    960
block  17:   1020   1020   1020   1020   1020
block  18:   1080   1080   1080   1080   1080
block  19:   1140   1140   1140   1140   1140
block  20:   1200   1200   1200   1200   1200
block  21:   1260   1260   1260   1260   1260
block  22:   1311   1311   1311   1311   1311
codon     157: TCC AGT AGT AGT AGT 
Sequences read..
Counting site patterns..  0:00
         123 patterns at      437 /      437 sites (100.0%),  0:00
1 ambiguous codons are seen in the data:
 ---
Counting codons..

  2   1:Sites   293.7 + 1011.3 = 1305.0	Diffs    28.8 +   71.2 =  100.0
  3   1:Sites   294.2 + 1010.8 = 1305.0	Diffs    29.8 +   68.2 =   98.0
  3   2:Sites   293.4 + 1014.6 = 1308.0	Diffs     1.0 +    5.0 =    6.0
  4   1:Sites   294.2 + 1010.8 = 1305.0	Diffs    29.8 +   69.2 =   99.0
  4   2:Sites   293.4 + 1014.6 = 1308.0	Diffs     1.0 +    4.0 =    5.0
  4   3:Sites   293.9 + 1014.1 = 1308.0	Diffs     0.0 +    1.0 =    1.0
  5   1:Sites   294.6 + 1010.4 = 1305.0	Diffs    27.8 +   68.2 =   96.0
  5   2:Sites   293.8 + 1014.2 = 1308.0	Diffs     1.0 +    7.0 =    8.0
  5   3:Sites   294.2 + 1013.8 = 1308.0	Diffs     2.0 +    6.0 =    8.0
  5   4:Sites   294.3 + 1013.7 = 1308.0	Diffs     2.0 +    5.0 =    7.0

       80 bytes for distance
   120048 bytes for conP
     1968 bytes for fhK
  5000000 bytes for space

TREE #  1
(((2, (1, 5)), 3), 4);   MP score: -1
This is a rooted tree, without clock.  Check.

   240096 bytes for conP, adjusted

    0.000000    0.015917    0.062729    0.021661    0.138392    0.070828    0.034578    0.047593    2.000000    0.852877    0.192890

ntime & nrate & np:     8     2    11

Bounds (np=11):
   0.000004   0.000004   0.000004   0.000004   0.000004   0.000004   0.000004   0.000004   0.000100   0.000010   0.000001
  50.000000  50.000000  50.000000  50.000000  50.000000  50.000000  50.000000  50.000000 999.000000   0.999990   1.000000
Qfactor_NS = 8.600373

np =    11
lnL0 = -2333.222735

Iterating by ming2
Initial: fx=  2333.222735
x=  0.00000  0.01592  0.06273  0.02166  0.13839  0.07083  0.03458  0.04759  2.00000  0.85288  0.19289

  1 h-m-p  0.0000 0.0000 1033.0706 ++     2333.220725  m 0.0000    16 | 1/11
  2 h-m-p  0.0000 0.0000 5193.9066 ++     2273.465539  m 0.0000    30 | 1/11
  3 h-m-p  0.0000 0.0000 3723.9239 ++     2264.899934  m 0.0000    44 | 2/11
  4 h-m-p  0.0000 0.0000 1502.6832 +YYYYYCCCC  2253.943463  8 0.0000    70 | 2/11
  5 h-m-p  0.0000 0.0000 1313.8248 YCYCCC  2252.182872  5 0.0000    92 | 2/11
  6 h-m-p  0.0000 0.0000 363.1052 YCYCC  2251.683143  4 0.0000   112 | 2/11
  7 h-m-p  0.0000 0.0015 249.5427 ++CYCCC  2247.058827  4 0.0003   135 | 2/11
  8 h-m-p  0.0002 0.0010 116.6005 +YYYYC  2239.477462  4 0.0008   154 | 2/11
  9 h-m-p  0.0018 0.0157  48.5089 CYCCC  2237.488518  4 0.0023   175 | 2/11
 10 h-m-p  0.0059 0.0293   8.6652 ++     2235.344473  m 0.0293   189 | 3/11
 11 h-m-p  0.2428 2.0339   0.9916 +YYCCC  2232.339860  4 0.8436   210 | 3/11
 12 h-m-p  0.6409 3.2043   0.0991 YCCC   2231.771153  3 1.0092   237 | 3/11
 13 h-m-p  0.7412 6.9106   0.1349 YCCC   2231.423599  3 1.1335   264 | 3/11
 14 h-m-p  1.6000 8.0000   0.0939 CYC    2231.199039  2 1.4627   289 | 3/11
 15 h-m-p  1.6000 8.0000   0.0378 YCCC   2230.771309  3 3.7017   316 | 3/11
 16 h-m-p  1.2320 6.1601   0.0380 CCCC   2230.527781  3 1.4023   344 | 3/11
 17 h-m-p  1.6000 8.0000   0.0321 YCCC   2230.316667  3 2.5427   371 | 3/11
 18 h-m-p  1.6000 8.0000   0.0392 CCC    2230.184164  2 2.2189   397 | 3/11
 19 h-m-p  1.6000 8.0000   0.0187 CC     2230.158328  1 1.8841   421 | 3/11
 20 h-m-p  1.6000 8.0000   0.0052 CC     2230.155021  1 1.8460   445 | 3/11
 21 h-m-p  1.6000 8.0000   0.0013 C      2230.154604  0 1.7150   467 | 3/11
 22 h-m-p  1.6000 8.0000   0.0002 Y      2230.154590  0 1.2607   489 | 3/11
 23 h-m-p  1.6000 8.0000   0.0000 Y      2230.154590  0 1.2327   511 | 3/11
 24 h-m-p  1.6000 8.0000   0.0000 ---C   2230.154590  0 0.0063   536 | 3/11
 25 h-m-p  0.0160 8.0000   0.0000 -------------..  | 3/11
 26 h-m-p  0.0008 0.4180   0.0306 ----------- | 3/11
 27 h-m-p  0.0008 0.4180   0.0306 -----------
Out..
lnL  = -2230.154590
632 lfun, 1896 eigenQcodon, 10112 P(t)

Reconstructed ancestral states go into file rst.

lnL = -2230.154590 from ProbSitePattern.
Marginal reconstruction.
	Node   6: lnL = -2230.154590
	Node   7: lnL = -2230.154590
	Node   8: lnL = -2230.154590
	Node   9: lnL = -2230.154590

warning: strange character '-' 
warning ambiguity in difcodonNG: --- ACT
warning: strange character '-' 
warning ambiguity in difcodonNG: --- AGA
warning: strange character '-' 
warning ambiguity in difcodonNG: --- ACT
warning: strange character '-' 
warning ambiguity in difcodonNG: --- ACT
warning: strange character '-' 
warning ambiguity in difcodonNG: --- ACT
warning: strange character '-' 
warning ambiguity in difcodonNG: ACT ---
warning: strange character '-' 
warning ambiguity in difcodonNG: ACT ---
warning: strange character '-' 
warning ambiguity in difcodonNG: ACT ---
warning: strange character '-' 
warning ambiguity in difcodonNG: ACT ---
warning: strange character '-' 
warning ambiguity in difcodonNG: AGA ---end of tree file.

Time used:  0:08
