
 15         verbose | verbose                1.00
  7         runmode | runmode                0.00
  4         seqtype | seqtype                1.00
 13       CodonFreq | CodonFreq              2.00
  9           clock | clock                  0.00
 18          aaDist | aaDist                 0.00
 19      aaRatefile | aaRatefile             1.00
 16           model | model                  0.00
 20         NSsites | NSsites                8.00
 22           icode | icode                  0.00
 23           Mgene | Mgene                  0.00
 24       fix_kappa | fix_kappa              0.00
 25           kappa | kappa                  2.00
 26       fix_omega | fix_omega              0.00
 27           omega | omega                  0.40
 28       fix_alpha | fix_alpha              1.00
 29           alpha | alpha                  0.00
 30          Malpha | Malpha                 0.00
 31           ncatG | ncatG                  8.00
 11           getSE | getSE                  0.00
 12    RateAncestor | RateAncestor           1.00
 36      Small_Diff | Small_Diff             0.00
  6       cleandata | cleandata              0.00
  8          method | method                 0.00
CODONML in paml version 4.8a, August 2014

----------------------------------------------
Phe F TTT | Ser S TCT | Tyr Y TAT | Cys C TGT
      TTC |       TCC |       TAC |       TGC
Leu L TTA |       TCA | *** * TAA | *** * TGA
      TTG |       TCG |       TAG | Trp W TGG
----------------------------------------------
Leu L CTT | Pro P CCT | His H CAT | Arg R CGT
      CTC |       CCC |       CAC |       CGC
      CTA |       CCA | Gln Q CAA |       CGA
      CTG |       CCG |       CAG |       CGG
----------------------------------------------
Ile I ATT | Thr T ACT | Asn N AAT | Ser S AGT
      ATC |       ACC |       AAC |       AGC
      ATA |       ACA | Lys K AAA | Arg R AGA
Met M ATG |       ACG |       AAG |       AGG
----------------------------------------------
Val V GTT | Ala A GCT | Asp D GAT | Gly G GGT
      GTC |       GCC |       GAC |       GGC
      GTA |       GCA | Glu E GAA |       GGA
      GTG |       GCG |       GAG |       GGG
----------------------------------------------
Nice code, uuh?


Ambiguity character definition table:

T (1): T 
C (1): C 
A (1): A 
G (1): G 
U (1): T 
Y (2): T C 
R (2): A G 
M (2): C A 
K (2): T G 
S (2): C G 
W (2): T A 
H (3): T C A 
B (3): T C G 
V (3): C A G 
D (3): T A G 
- (4): T C A G 
N (4): T C A G 
? (4): T C A G 

ns = 5  	ls = 1311
Reading sequences, interlaved format..
Reading seq # 1: A137     Reading seq # 2: A138     Reading seq # 3: A139     Reading seq # 4: A140     Reading seq # 5: A141     
block   1:     60     60     60     60     60
block   2:    120    120    120    120    120
block   3:    180    180    180    180    180
block   4:    240    240    240    240    240
block   5:    300    300    300    300    300
block   6:    360    360    360    360    360
block   7:    420    420    420    420    420
block   8:    480    480    480    480    480
block   9:    540    540    540    540    540
block  10:    600    600    600    600    600
block  11:    660    660    660    660    660
block  12:    720    720    720    720    720
block  13:    780    780    780    780    780
block  14:    840    840    840    840    840
block  15:    900    900    900    900    900
block  16:    960    960    960    960    960
block  17:   1020   1020   1020   1020   1020
block  18:   1080   1080   1080   1080   1080
block  19:   1140   1140   1140   1140   1140
block  20:   1200   1200   1200   1200   1200
block  21:   1260   1260   1260   1260   1260
block  22:   1311   1311   1311   1311   1311
codon     157: TCC AGT AGT AGT AGT 
Sequences read..
Counting site patterns..  0:00
         123 patterns at      437 /      437 sites (100.0%),  0:00
1 ambiguous codons are seen in the data:
 ---
Counting codons..

  2   1:Sites   293.7 + 1011.3 = 1305.0	Diffs    28.8 +   71.2 =  100.0
  3   1:Sites   294.2 + 1010.8 = 1305.0	Diffs    29.8 +   68.2 =   98.0
  3   2:Sites   293.4 + 1014.6 = 1308.0	Diffs     1.0 +    5.0 =    6.0
  4   1:Sites   294.2 + 1010.8 = 1305.0	Diffs    29.8 +   69.2 =   99.0
  4   2:Sites   293.4 + 1014.6 = 1308.0	Diffs     1.0 +    4.0 =    5.0
  4   3:Sites   293.9 + 1014.1 = 1308.0	Diffs     0.0 +    1.0 =    1.0
  5   1:Sites   294.6 + 1010.4 = 1305.0	Diffs    27.8 +   68.2 =   96.0
  5   2:Sites   293.8 + 1014.2 = 1308.0	Diffs     1.0 +    7.0 =    8.0
  5   3:Sites   294.2 + 1013.8 = 1308.0	Diffs     2.0 +    6.0 =    8.0
  5   4:Sites   294.3 + 1013.7 = 1308.0	Diffs     2.0 +    5.0 =    7.0

       80 bytes for distance
   120048 bytes for conP
     8856 bytes for fhK
  5000000 bytes for space

TREE #  1
(((2, (1, 5)), 3), 4);   MP score: -1
This is a rooted tree, without clock.  Check.

   240096 bytes for conP, adjusted

initial w for M8:NSbetaw>1 reset.

    0.000000    0.015917    0.062729    0.021661    0.138392    0.070828    0.034578    0.047593    2.000000    0.900000    1.082193    1.185780    2.638800

ntime & nrate & np:     8     2    13

Bounds (np=13):
   0.000004   0.000004   0.000004   0.000004   0.000004   0.000004   0.000004   0.000004   0.000100   0.000010   0.005000   0.005000   1.000000
  50.000000  50.000000  50.000000  50.000000  50.000000  50.000000  50.000000  50.000000 999.000000   0.999990  99.000000  99.000000 999.000000
Qfactor_NS = 5.434503

np =    13
lnL0 = -2318.462001

Iterating by ming2
Initial: fx=  2318.462001
x=  0.00000  0.01592  0.06273  0.02166  0.13839  0.07083  0.03458  0.04759  2.00000  0.90000  1.08219  1.18578  2.63880

  1 h-m-p  0.0000 0.0000 999.1103 ++     2318.460054  m 0.0000    18 | 1/13
  2 h-m-p  0.0000 0.0000 4689.9431 ++     2262.296844  m 0.0000    34 | 1/13
  3 h-m-p  0.0000 0.0000 3213.9691 ++     2255.426106  m 0.0000    50 | 2/13
  4 h-m-p  0.0000 0.0000 2092.7149 +YYYYYCCCCC  2242.057355  9 0.0000    80 | 2/13
  5 h-m-p  0.0000 0.0000 302.2406 YCYCCC  2241.555421  5 0.0000   104 | 2/13
  6 h-m-p  0.0001 0.0015  67.0234 YYCC   2241.398627  3 0.0001   124 | 2/13
  7 h-m-p  0.0001 0.0021  53.8530 YCCC   2241.157213  3 0.0002   145 | 2/13
  8 h-m-p  0.0002 0.0052  48.9753 +YCCCC  2239.736295  4 0.0019   169 | 2/13
  9 h-m-p  0.0009 0.0076 101.9249 +CYYCCC  2232.330337  5 0.0052   194 | 2/13
 10 h-m-p  0.0470 0.2452  11.2937 ++     2216.099532  m 0.2452   210 | 1/13
 11 h-m-p -0.0000 -0.0000 3721.2541 
h-m-p:     -1.38105911e-20     -6.90529554e-20      3.72125409e+03  2216.099532
..  | 1/13
 12 h-m-p  0.0000 0.0000 233567.8268 ---YYCCYC  2210.775343  5 0.0000   251 | 1/13
 13 h-m-p  0.0000 0.0000 535.2341 ++     2210.772685  m 0.0000   267 | 2/13
 14 h-m-p  0.0000 0.0001 342.1027 +YCYCC  2209.700157  4 0.0000   290 | 2/13
 15 h-m-p  0.0000 0.0000 740.4082 CCCC   2209.222088  3 0.0000   312 | 2/13
 16 h-m-p  0.0000 0.0001 292.8960 CC     2208.853081  1 0.0000   330 | 2/13
 17 h-m-p  0.0000 0.0005 345.3588 ++YCC  2205.501193  2 0.0002   351 | 2/13
 18 h-m-p  0.0033 0.0163  12.1062 YCCC   2205.381157  3 0.0017   372 | 2/13
 19 h-m-p  0.0014 0.0076  14.1830 ++     2204.643926  m 0.0076   388 | 3/13
 20 h-m-p  0.0116 0.3675   3.6042 ++CCC  2203.585155  2 0.2034   410 | 3/13
 21 h-m-p  0.0168 0.0838  13.9488 ++     2200.763949  m 0.0838   426 | 4/13
 22 h-m-p  0.1102 0.5559  10.6077 +YCCC  2197.694210  3 0.2729   448 | 4/13
 23 h-m-p  0.1233 0.6167   1.9117 +YCYCCC  2196.977278  5 0.3501   473 | 4/13
 24 h-m-p  0.1493 0.7464   2.7424 +YYYYYYYYCY  2195.884850 10 0.6218   500 | 4/13
 25 h-m-p  0.0255 0.1277   2.9768 YCCYYC  2195.805591  5 0.0459   524 | 4/13
 26 h-m-p  0.1119 2.8530   1.2211 +CCCC  2194.927812  3 0.7959   547 | 4/13
 27 h-m-p  1.1290 5.6450   0.5480 CCYCYC  2194.489783  5 1.8863   571 | 4/13
 28 h-m-p  0.3146 1.5728   2.1215 CCCC   2194.286997  3 0.4212   602 | 4/13
 29 h-m-p  0.6801 8.0000   1.3139 +CYC   2193.602094  2 2.1469   622 | 4/13
 30 h-m-p  1.5093 8.0000   1.8690 CCCC   2192.992428  3 1.6339   644 | 4/13
 31 h-m-p  1.4054 7.0272   1.5260 YCCC   2192.591770  3 2.6737   665 | 4/13
 32 h-m-p  1.6000 8.0000   1.3778 CC     2192.501642  1 1.9206   683 | 4/13
 33 h-m-p  1.6000 8.0000   0.6970 CCC    2192.485914  2 1.4347   703 | 4/13
 34 h-m-p  1.6000 8.0000   0.3195 CC     2192.484458  1 1.3466   730 | 4/13
 35 h-m-p  1.6000 8.0000   0.0096 Y      2192.484403  0 1.0865   755 | 3/13
 36 h-m-p  0.0769 8.0000   0.1358 CCCC   2192.445294  3 0.0530   787 | 3/13
 37 h-m-p  0.0160 8.0000   1.4435 ----C  2192.445293  0 0.0000   817 | 3/13
 38 h-m-p  0.0160 8.0000   0.0187 +++++  2192.438649  m 8.0000   836 | 3/13
 39 h-m-p  0.0335 8.0000   4.4722 ++CCCC  2192.330653  3 0.8617   870 | 3/13
 40 h-m-p  1.6000 8.0000   0.5214 +YC    2192.279036  1 4.0814   888 | 3/13
 41 h-m-p  1.6000 8.0000   0.4162 YC     2192.259797  1 0.7221   915 | 3/13
 42 h-m-p  0.3260 8.0000   0.9221 +C     2192.252171  0 1.3039   942 | 3/13
 43 h-m-p  1.6000 8.0000   0.3729 +C     2192.236293  0 6.4000   969 | 3/13
 44 h-m-p  1.6000 8.0000   0.5257 YYC    2192.229982  2 1.3345   997 | 3/13
 45 h-m-p  1.6000 8.0000   0.2711 YC     2192.228337  1 0.7324  1024 | 3/13
 46 h-m-p  0.9625 8.0000   0.2063 YC     2192.227059  1 2.1914  1051 | 3/13
 47 h-m-p  1.6000 8.0000   0.1016 CC     2192.225193  1 2.3618  1079 | 3/13
 48 h-m-p  1.6000 8.0000   0.1021 YC     2192.224857  1 1.2667  1106 | 3/13
 49 h-m-p  1.6000 8.0000   0.0075 C      2192.224826  0 1.9078  1132 | 3/13
 50 h-m-p  0.4348 8.0000   0.0329 +Y     2192.224820  0 1.3430  1159 | 3/13
 51 h-m-p  1.6000 8.0000   0.0025 C      2192.224819  0 1.8944  1185 | 3/13
 52 h-m-p  1.6000 8.0000   0.0016 ++     2192.224818  m 8.0000  1211 | 3/13
 53 h-m-p  0.6212 8.0000   0.0201 +C     2192.224811  0 3.2926  1238 | 3/13
 54 h-m-p  1.6000 8.0000   0.0030 ++     2192.224755  m 8.0000  1264 | 3/13
 55 h-m-p  0.5145 4.7538   0.0460 C      2192.224637  0 0.6547  1290 | 3/13
 56 h-m-p  0.4587 3.9154   0.0657 Y      2192.224577  0 0.4587  1316 | 3/13
 57 h-m-p  0.1930 3.7815   0.1562 +Y     2192.224537  0 0.7718  1343 | 3/13
 58 h-m-p  0.2297 1.1486   0.1263 C      2192.224519  0 0.0804  1369 | 3/13
 59 h-m-p  0.3216 3.6229   0.0316 Y      2192.224515  0 0.1652  1395 | 3/13
 60 h-m-p  0.5053 8.0000   0.0103 C      2192.224514  0 0.6524  1421 | 3/13
 61 h-m-p  0.4229 8.0000   0.0159 +C     2192.224512  0 1.7469  1448 | 3/13
 62 h-m-p  1.6000 8.0000   0.0061 Y      2192.224509  0 3.9553  1474 | 3/13
 63 h-m-p  1.4572 7.5057   0.0165 Y      2192.224508  0 0.3643  1500 | 3/13
 64 h-m-p  0.4546 5.9707   0.0132 Y      2192.224508  0 0.2028  1526 | 3/13
 65 h-m-p  0.1603 8.0000   0.0167 Y      2192.224507  0 0.3766  1552 | 3/13
 66 h-m-p  0.2348 8.0000   0.0268 C      2192.224507  0 0.3471  1578 | 3/13
 67 h-m-p  0.2814 6.2934   0.0331 Y      2192.224507  0 0.1715  1604 | 3/13
 68 h-m-p  0.1105 3.6411   0.0513 C      2192.224507  0 0.0895  1630 | 3/13
 69 h-m-p  0.0597 1.9958   0.0769 Y      2192.224507  0 0.0258  1656 | 3/13
 70 h-m-p  0.0135 1.1422   0.1470 Y      2192.224507  0 0.0282  1682 | 3/13
 71 h-m-p  0.0067 0.2091   0.6227 -----C  2192.224507  0 0.0000  1713 | 3/13
 72 h-m-p  0.0160 8.0000   0.0047 +++Y   2192.224506  0 0.6748  1742 | 3/13
 73 h-m-p  0.1779 5.3078   0.0180 C      2192.224506  0 0.0452  1768 | 3/13
 74 h-m-p  0.0000 0.0014  67.0685 -C     2192.224506  0 0.0000  1795 | 3/13
 75 h-m-p  0.0194 8.0000   0.0030 +++C   2192.224506  0 1.3954  1814 | 3/13
 76 h-m-p  1.3382 8.0000   0.0031 C      2192.224506  0 1.7975  1840 | 3/13
 77 h-m-p  1.6000 8.0000   0.0004 Y      2192.224506  0 1.2309  1866 | 3/13
 78 h-m-p  0.6749 8.0000   0.0008 +Y     2192.224506  0 4.4039  1893 | 3/13
 79 h-m-p  0.8792 8.0000   0.0039 ---Y   2192.224506  0 0.0034  1922 | 3/13
 80 h-m-p  0.0160 8.0000   0.0040 ++Y    2192.224506  0 0.5301  1950 | 3/13
 81 h-m-p  1.1309 8.0000   0.0019 -------C  2192.224506  0 0.0000  1983 | 3/13
 82 h-m-p  0.0160 8.0000   0.0060 ----C  2192.224506  0 0.0000  2013 | 3/13
 83 h-m-p  0.0160 8.0000   0.0005 ++++C  2192.224506  0 3.5446  2043 | 3/13
 84 h-m-p  1.5968 8.0000   0.0011 -------Y  2192.224506  0 0.0000  2076 | 3/13
 85 h-m-p  0.0160 8.0000   0.0075 C      2192.224506  0 0.0175  2102 | 3/13
 86 h-m-p  0.2145 8.0000   0.0006 --C    2192.224506  0 0.0034  2130 | 3/13
 87 h-m-p  0.0160 8.0000   0.0006 -------------..  | 3/13
 88 h-m-p  0.0005 0.2478   0.0745 -C     2192.224506  0 0.0000  2194 | 3/13
 89 h-m-p  0.0012 0.6022   0.0404 -----------..  | 3/13
 90 h-m-p  0.0014 0.7245   0.0417 ---------C  2192.224506  0 0.0000  2264 | 3/13
 91 h-m-p  0.0003 0.1631   0.0291 -Y     2192.224506  0 0.0000  2291 | 3/13
 92 h-m-p  0.0014 0.6962   0.0327 --C    2192.224506  0 0.0000  2319 | 3/13
 93 h-m-p  0.0065 3.2356   0.0293 --C    2192.224506  0 0.0001  2347 | 3/13
 94 h-m-p  0.0058 2.9159   0.0478 --Y    2192.224506  0 0.0000  2375 | 3/13
 95 h-m-p  0.0015 0.7510   0.0205 --C    2192.224506  0 0.0000  2403 | 3/13
 96 h-m-p  0.0160 8.0000   0.0033 -----C  2192.224506  0 0.0000  2434 | 3/13
 97 h-m-p  0.0160 8.0000   0.0002 -Y     2192.224506  0 0.0010  2461
Out..
lnL  = -2192.224506
2462 lfun, 24620 eigenQcodon, 177264 P(t)

BEBing (dim = 4).  This may take several minutes.
Calculating f(x_h|w): 10 categories 20 w sets.
S10 w log{f(x|w)}:    0.0500     -3.340745
S10 w log{f(x|w)}:    0.1500     -3.357259
S10 w log{f(x|w)}:    0.2500     -3.373723
S10 w log{f(x|w)}:    0.3500     -3.390136
S10 w log{f(x|w)}:    0.4500     -3.406498
S10 w log{f(x|w)}:    0.5500     -3.422809
S10 w log{f(x|w)}:    0.6500     -3.439070
S10 w log{f(x|w)}:    0.7500     -3.455279
S10 w log{f(x|w)}:    0.8500     -3.471436
S10 w log{f(x|w)}:    0.9500     -3.487542
S10 w log{f(x|w)}:    1.5000     -3.575197
S10 w log{f(x|w)}:    2.5000     -3.730480
S10 w log{f(x|w)}:    3.5000     -3.880370
S10 w log{f(x|w)}:    4.5000     -4.024750
S10 w log{f(x|w)}:    5.5000     -4.163527
S10 w log{f(x|w)}:    6.5000     -4.296633
S10 w log{f(x|w)}:    7.5000     -4.424032
S10 w log{f(x|w)}:    8.5000     -4.545718
S10 w log{f(x|w)}:    9.5000     -4.661719
S10 w log{f(x|w)}:   10.5000     -4.772094
Calculating f(X), the marginal probability of data.
	log(fX) = -2214.087795  S = -2074.849455  -132.400553
Calculating f(w|X), posterior probabilities of site classes.
	did  10 / 123 patterns   2:13	did  20 / 123 patterns   2:13	did  30 / 123 patterns   2:14	did  40 / 123 patterns   2:14	did  50 / 123 patterns   2:14	did  60 / 123 patterns   2:14	did  70 / 123 patterns   2:15	did  80 / 123 patterns   2:15	did  90 / 123 patterns   2:15	did 100 / 123 patterns   2:16	did 110 / 123 patterns   2:16	did 120 / 123 patterns   2:16	did 123 / 123 patterns   2:16
Reconstructed ancestral states go into file rst.

lnL = -2192.224506 from ProbSitePattern.
Marginal reconstruction.
	Node   6: lnL = -2192.224506
	Node   7: lnL = -2192.224506
	Node   8: lnL = -2192.224506
	Node   9: lnL = -2192.224506

warning: strange character '-' 
warning ambiguity in difcodonNG: --- ACT
warning: strange character '-' 
warning ambiguity in difcodonNG: --- AGA
warning: strange character '-' 
warning ambiguity in difcodonNG: --- ACT
warning: strange character '-' 
warning ambiguity in difcodonNG: --- ACT
warning: strange character '-' 
warning ambiguity in difcodonNG: --- ACT
warning: strange character '-' 
warning ambiguity in difcodonNG: ACT ---
warning: strange character '-' 
warning ambiguity in difcodonNG: ACT ---
warning: strange character '-' 
warning ambiguity in difcodonNG: ACT ---
warning: strange character '-' 
warning ambiguity in difcodonNG: ACT ---
warning: strange character '-' 
warning ambiguity in difcodonNG: AGA ---end of tree file.

Time used:  2:16
