
 15         verbose | verbose                1.00
  7         runmode | runmode                0.00
  4         seqtype | seqtype                1.00
 13       CodonFreq | CodonFreq              2.00
  9           clock | clock                  0.00
 18          aaDist | aaDist                 0.00
 19      aaRatefile | aaRatefile             1.00
 16           model | model                  0.00
 20         NSsites | NSsites                1.00
 22           icode | icode                  0.00
 23           Mgene | Mgene                  0.00
 24       fix_kappa | fix_kappa              0.00
 25           kappa | kappa                  2.00
 26       fix_omega | fix_omega              0.00
 27           omega | omega                  0.40
 28       fix_alpha | fix_alpha              1.00
 29           alpha | alpha                  0.00
 30          Malpha | Malpha                 0.00
 31           ncatG | ncatG                  8.00
 11           getSE | getSE                  0.00
 12    RateAncestor | RateAncestor           1.00
 36      Small_Diff | Small_Diff             0.00
  6       cleandata | cleandata              0.00
  8          method | method                 0.00
CODONML in paml version 4.8a, August 2014

----------------------------------------------
Phe F TTT | Ser S TCT | Tyr Y TAT | Cys C TGT
      TTC |       TCC |       TAC |       TGC
Leu L TTA |       TCA | *** * TAA | *** * TGA
      TTG |       TCG |       TAG | Trp W TGG
----------------------------------------------
Leu L CTT | Pro P CCT | His H CAT | Arg R CGT
      CTC |       CCC |       CAC |       CGC
      CTA |       CCA | Gln Q CAA |       CGA
      CTG |       CCG |       CAG |       CGG
----------------------------------------------
Ile I ATT | Thr T ACT | Asn N AAT | Ser S AGT
      ATC |       ACC |       AAC |       AGC
      ATA |       ACA | Lys K AAA | Arg R AGA
Met M ATG |       ACG |       AAG |       AGG
----------------------------------------------
Val V GTT | Ala A GCT | Asp D GAT | Gly G GGT
      GTC |       GCC |       GAC |       GGC
      GTA |       GCA | Glu E GAA |       GGA
      GTG |       GCG |       GAG |       GGG
----------------------------------------------
Nice code, uuh?


Ambiguity character definition table:

T (1): T 
C (1): C 
A (1): A 
G (1): G 
U (1): T 
Y (2): T C 
R (2): A G 
M (2): C A 
K (2): T G 
S (2): C G 
W (2): T A 
H (3): T C A 
B (3): T C G 
V (3): C A G 
D (3): T A G 
- (4): T C A G 
N (4): T C A G 
? (4): T C A G 

ns = 4  	ls = 1401
Reading sequences, interlaved format..
Reading seq # 1: A27     Reading seq # 2: A28     Reading seq # 3: A29     Reading seq # 4: A30     
block   1:     60     60     60     60
block   2:    120    120    120    120
block   3:    180    180    180    180
block   4:    240    240    240    240
block   5:    300    300    300    300
block   6:    360    360    360    360
block   7:    420    420    420    420
block   8:    480    480    480    480
block   9:    540    540    540    540
block  10:    600    600    600    600
block  11:    660    660    660    660
block  12:    720    720    720    720
block  13:    780    780    780    780
block  14:    840    840    840    840
block  15:    900    900    900    900
block  16:    960    960    960    960
block  17:   1020   1020   1020   1020
block  18:   1080   1080   1080   1080
block  19:   1140   1140   1140   1140
block  20:   1200   1200   1200   1200
block  21:   1260   1260   1260   1260
block  22:   1320   1320   1320   1320
block  23:   1380   1380   1380   1380
block  24:   1401   1401   1401   1401
Sequences read..
Counting site patterns..  0:00
         121 patterns at      467 /      467 sites (100.0%),  0:00
Counting codons..

  2   1:Sites   348.9 + 1052.1 = 1401.0	Diffs    26.5 +   31.5 =   58.0
  3   1:Sites   348.5 + 1052.5 = 1401.0	Diffs    25.5 +   30.5 =   56.0
  3   2:Sites   348.1 + 1052.9 = 1401.0	Diffs     3.0 +    1.0 =    4.0
  4   1:Sites   349.0 + 1052.0 = 1401.0	Diffs    24.5 +   24.5 =   49.0
  4   2:Sites   348.6 + 1052.4 = 1401.0	Diffs    19.0 +   26.0 =   45.0
  4   3:Sites   348.2 + 1052.8 = 1401.0	Diffs    18.0 +   25.0 =   43.0

       48 bytes for distance
   118096 bytes for conP
     1936 bytes for fhK
  5000000 bytes for space

TREE #  1
((2, (4, 1)), 3);   MP score: 64
This is a rooted tree, without clock.  Check.

   177144 bytes for conP, adjusted

    0.000000    0.018356    0.080070    0.030084    0.094455    0.088983    2.000000    0.654804    0.337971

ntime & nrate & np:     6     2     9

Bounds (np=9):
   0.000004   0.000004   0.000004   0.000004   0.000004   0.000004   0.000100   0.000010   0.000001
  50.000000  50.000000  50.000000  50.000000  50.000000  50.000000 999.000000   0.999990   1.000000
Qfactor_NS = 6.464312

np =     9
lnL0 = -2385.306246

Iterating by ming2
Initial: fx=  2385.306246
x=  0.00000  0.01836  0.08007  0.03008  0.09445  0.08898  2.00000  0.65480  0.33797

  1 h-m-p  0.0000 0.0000 704.9617 ++     2385.305296  m 0.0000    14 | 1/9
  2 h-m-p  0.0000 0.0000 1403.3469 ++     2366.265851  m 0.0000    26 | 1/9
  3 h-m-p  0.0000 0.0000 2621.0887 +CYCYCCC  2355.215642  6 0.0000    49 | 1/9
  4 h-m-p  0.0000 0.0002 117.8194 YCCCC  2354.543761  4 0.0001    68 | 0/9
  5 h-m-p  0.0000 0.0000 1944.6662 ++     2353.674093  m 0.0000    80 | 0/9
  6 h-m-p  0.0000 0.0002 121.5189 CCC    2353.347941  2 0.0001    96 | 0/9
  7 h-m-p  0.0008 0.0038  11.8724 YC     2353.313672  1 0.0004   109 | 0/9
  8 h-m-p  0.0002 0.0187  21.6374 +++YCCCC  2350.439398  4 0.0156   131 | 0/9
  9 h-m-p  0.0499 0.4912   6.7417 +YCCCC  2345.955808  4 0.1262   151 | 0/9
 10 h-m-p  0.1951 0.9755   0.3026 ++     2344.524007  m 0.9755   163 | 1/9
 11 h-m-p  0.1073 0.5364   0.4730 +YYCC  2343.949269  3 0.3698   189 | 0/9
 12 h-m-p  0.0000 0.0000 6614.0314 ++     2343.715944  m 0.0000   209 | 0/9
 13 h-m-p  0.2589 1.2946   0.2038 +CCC   2343.253723  2 0.9463   226 | 0/9
 14 h-m-p  0.1909 0.9543   0.1292 ++     2342.870827  m 0.9543   247 | 1/9
 15 h-m-p  0.0409 0.2044   0.3851 ++     2342.720022  m 0.2044   268 | 0/9
 16 h-m-p  0.0000 0.0000 24232.0962 
h-m-p:      4.40175639e-23      2.20087819e-22      2.42320962e+04  2342.720022
..  | 0/9
 17 h-m-p  0.0000 0.0011 454.0850 YCYCCC  2342.346162  5 0.0000   305 | 0/9
 18 h-m-p  0.0000 0.0000 216.8625 ++     2342.090154  m 0.0000   317 | 2/9
 19 h-m-p  0.0001 0.0019  22.9431 CC     2342.063449  1 0.0001   331 | 2/9
 20 h-m-p  0.0003 0.0273   7.3103 YC     2342.047584  1 0.0006   344 | 2/9
 21 h-m-p  0.0002 0.0120  28.9229 ++CCCCC  2341.739097  4 0.0032   366 | 2/9
 22 h-m-p  0.0004 0.0021 123.7936 CC     2341.680690  1 0.0002   380 | 2/9
 23 h-m-p  0.0020 0.0332   9.8322 +++    2340.695450  m 0.0332   393 | 3/9
 24 h-m-p  1.6000 8.0000   0.1385 CC     2340.636763  1 0.4037   407 | 3/9
 25 h-m-p  0.5688 8.0000   0.0983 YC     2340.628154  1 0.2733   426 | 3/9
 26 h-m-p  1.2609 8.0000   0.0213 YC     2340.627546  1 0.8214   445 | 3/9
 27 h-m-p  1.6000 8.0000   0.0057 Y      2340.627516  0 0.7828   463 | 3/9
 28 h-m-p  1.6000 8.0000   0.0001 Y      2340.627516  0 0.9890   481 | 3/9
 29 h-m-p  1.6000 8.0000   0.0000 C      2340.627516  0 0.4000   499 | 3/9
 30 h-m-p  1.6000 8.0000   0.0000 ---C   2340.627516  0 0.0063   520
Out..
lnL  = -2340.627516
521 lfun, 1563 eigenQcodon, 6252 P(t)

Reconstructed ancestral states go into file rst.

lnL = -2340.627516 from ProbSitePattern.
Marginal reconstruction.
	Node   5: lnL = -2340.627516
	Node   6: lnL = -2340.627516
	Node   7: lnL = -2340.627516
end of tree file.

Time used:  0:04
