
 15         verbose | verbose                1.00
  7         runmode | runmode                0.00
  4         seqtype | seqtype                1.00
 13       CodonFreq | CodonFreq              2.00
  9           clock | clock                  0.00
 18          aaDist | aaDist                 0.00
 19      aaRatefile | aaRatefile             1.00
 16           model | model                  0.00
 20         NSsites | NSsites                8.00
 22           icode | icode                  0.00
 23           Mgene | Mgene                  0.00
 24       fix_kappa | fix_kappa              0.00
 25           kappa | kappa                  2.00
 26       fix_omega | fix_omega              0.00
 27           omega | omega                  0.40
 28       fix_alpha | fix_alpha              1.00
 29           alpha | alpha                  0.00
 30          Malpha | Malpha                 0.00
 31           ncatG | ncatG                  8.00
 11           getSE | getSE                  0.00
 12    RateAncestor | RateAncestor           1.00
 36      Small_Diff | Small_Diff             0.00
  6       cleandata | cleandata              0.00
  8          method | method                 0.00
CODONML in paml version 4.8a, August 2014

----------------------------------------------
Phe F TTT | Ser S TCT | Tyr Y TAT | Cys C TGT
      TTC |       TCC |       TAC |       TGC
Leu L TTA |       TCA | *** * TAA | *** * TGA
      TTG |       TCG |       TAG | Trp W TGG
----------------------------------------------
Leu L CTT | Pro P CCT | His H CAT | Arg R CGT
      CTC |       CCC |       CAC |       CGC
      CTA |       CCA | Gln Q CAA |       CGA
      CTG |       CCG |       CAG |       CGG
----------------------------------------------
Ile I ATT | Thr T ACT | Asn N AAT | Ser S AGT
      ATC |       ACC |       AAC |       AGC
      ATA |       ACA | Lys K AAA | Arg R AGA
Met M ATG |       ACG |       AAG |       AGG
----------------------------------------------
Val V GTT | Ala A GCT | Asp D GAT | Gly G GGT
      GTC |       GCC |       GAC |       GGC
      GTA |       GCA | Glu E GAA |       GGA
      GTG |       GCG |       GAG |       GGG
----------------------------------------------
Nice code, uuh?


Ambiguity character definition table:

T (1): T 
C (1): C 
A (1): A 
G (1): G 
U (1): T 
Y (2): T C 
R (2): A G 
M (2): C A 
K (2): T G 
S (2): C G 
W (2): T A 
H (3): T C A 
B (3): T C G 
V (3): C A G 
D (3): T A G 
- (4): T C A G 
N (4): T C A G 
? (4): T C A G 

ns = 4  	ls = 1401
Reading sequences, interlaved format..
Reading seq # 1: A27     Reading seq # 2: A28     Reading seq # 3: A29     Reading seq # 4: A30     
block   1:     60     60     60     60
block   2:    120    120    120    120
block   3:    180    180    180    180
block   4:    240    240    240    240
block   5:    300    300    300    300
block   6:    360    360    360    360
block   7:    420    420    420    420
block   8:    480    480    480    480
block   9:    540    540    540    540
block  10:    600    600    600    600
block  11:    660    660    660    660
block  12:    720    720    720    720
block  13:    780    780    780    780
block  14:    840    840    840    840
block  15:    900    900    900    900
block  16:    960    960    960    960
block  17:   1020   1020   1020   1020
block  18:   1080   1080   1080   1080
block  19:   1140   1140   1140   1140
block  20:   1200   1200   1200   1200
block  21:   1260   1260   1260   1260
block  22:   1320   1320   1320   1320
block  23:   1380   1380   1380   1380
block  24:   1401   1401   1401   1401
Sequences read..
Counting site patterns..  0:00
         121 patterns at      467 /      467 sites (100.0%),  0:00
Counting codons..

  2   1:Sites   348.9 + 1052.1 = 1401.0	Diffs    26.5 +   31.5 =   58.0
  3   1:Sites   348.5 + 1052.5 = 1401.0	Diffs    25.5 +   30.5 =   56.0
  3   2:Sites   348.1 + 1052.9 = 1401.0	Diffs     3.0 +    1.0 =    4.0
  4   1:Sites   349.0 + 1052.0 = 1401.0	Diffs    24.5 +   24.5 =   49.0
  4   2:Sites   348.6 + 1052.4 = 1401.0	Diffs    19.0 +   26.0 =   45.0
  4   3:Sites   348.2 + 1052.8 = 1401.0	Diffs    18.0 +   25.0 =   43.0

       48 bytes for distance
   118096 bytes for conP
     8712 bytes for fhK
  5000000 bytes for space

TREE #  1
((2, (4, 1)), 3);   MP score: 64
This is a rooted tree, without clock.  Check.

   177144 bytes for conP, adjusted

initial w for M8:NSbetaw>1 reset.

    0.000000    0.018356    0.080070    0.030084    0.094455    0.088983    2.000000    0.900000    0.587011    1.475943    2.882193

ntime & nrate & np:     6     2    11

Bounds (np=11):
   0.000004   0.000004   0.000004   0.000004   0.000004   0.000004   0.000100   0.000010   0.005000   0.005000   1.000000
  50.000000  50.000000  50.000000  50.000000  50.000000  50.000000 999.000000   0.999990  99.000000  99.000000 999.000000
Qfactor_NS = 6.632153

np =    11
lnL0 = -2379.194061

Iterating by ming2
Initial: fx=  2379.194061
x=  0.00000  0.01836  0.08007  0.03008  0.09445  0.08898  2.00000  0.90000  0.58701  1.47594  2.88219

  1 h-m-p  0.0000 0.0000 640.5722 ++     2379.193199  m 0.0000    16 | 1/11
  2 h-m-p  0.0000 0.0000 1868.7015 ++     2363.849461  m 0.0000    30 | 1/11
  3 h-m-p  0.0000 0.0000 1678.3213 +YYCYYCC  2347.119988  6 0.0000    54 | 1/11
  4 h-m-p  0.0002 0.0008  93.8050 YYYC   2346.493011  3 0.0001    71 | 1/11
  5 h-m-p  0.0006 0.0047  21.4808 YC     2346.421570  1 0.0003    86 | 1/11
  6 h-m-p  0.0003 0.0047  23.2291 +YYC   2346.234858  2 0.0010   103 | 1/11
  7 h-m-p  0.0027 0.1147   8.5739 ++CCCCC  2342.881346  4 0.0639   127 | 1/11
  8 h-m-p  0.0282 0.1409   5.7582 +CYC   2341.214255  2 0.1068   145 | 0/11
  9 h-m-p  0.0000 0.0000 8889.7013 +YCCC  2341.068546  3 0.0000   165 | 0/11
 10 h-m-p  0.0769 1.2124   1.2888 +YCCC  2340.796286  3 0.1959   185 | 0/11
 11 h-m-p  0.0319 0.1594   0.2223 ++     2340.651661  m 0.1594   199 | 1/11
 12 h-m-p  0.0733 8.0000   0.4830 +YCCC  2340.434050  3 0.5218   230 | 1/11
 13 h-m-p  0.0814 0.4071   1.6618 ++     2339.706993  m 0.4071   254 | 0/11
 14 h-m-p -0.0000 -0.0000 6589.9746 
h-m-p:     -1.61553303e-21     -8.07766516e-21      6.58997457e+03  2339.706993
..  | 0/11
 15 h-m-p  0.0000 0.0025 211.5826 YCCC   2339.586968  3 0.0000   284 | 0/11
 16 h-m-p  0.0000 0.0000 161.2135 ++     2339.480591  m 0.0000   298 | 2/11
 17 h-m-p  0.0000 0.0024  35.8043 +YCC   2339.376417  2 0.0002   316 | 2/11
 18 h-m-p  0.0006 0.0048  10.7677 YC     2339.370260  1 0.0001   331 | 2/11
 19 h-m-p  0.0009 0.0479   1.3756 C      2339.370089  0 0.0002   345 | 2/11
 20 h-m-p  0.0160 8.0000   0.6308 CY     2339.366885  1 0.0177   361 | 2/11
 21 h-m-p  0.0015 0.0935   7.3142 +YC    2339.336028  1 0.0142   386 | 2/11
 22 h-m-p  0.4166 8.0000   0.2493 +CCCC  2339.272829  3 2.1143   407 | 2/11
 23 h-m-p  0.6203 3.1017   0.6639 CYCCC  2339.196912  4 0.9344   437 | 2/11
 24 h-m-p  0.4648 8.0000   1.3345 +YYCC  2338.958633  3 1.5550   465 | 2/11
 25 h-m-p  0.3047 1.5233   1.7858 YCCCCC  2338.898695  5 0.3851   488 | 2/11
 26 h-m-p  0.5015 6.2075   1.3715 YC     2338.743926  1 1.1365   503 | 2/11
 27 h-m-p  1.6000 8.0000   0.7156 YCC    2338.621914  2 2.8778   520 | 2/11
 28 h-m-p  0.2437 1.2185   5.0822 YCCCCC  2338.561731  5 0.2881   552 | 2/11
 29 h-m-p  0.7975 8.0000   1.8359 CCC    2338.512665  2 1.1233   570 | 2/11
 30 h-m-p  1.6000 8.0000   0.7215 YC     2338.489644  1 0.7881   585 | 2/11
 31 h-m-p  0.3474 8.0000   1.6366 +CCC   2338.463850  2 1.4339   613 | 2/11
 32 h-m-p  1.6000 8.0000   0.4666 CC     2338.460835  1 1.3946   629 | 2/11
 33 h-m-p  1.6000 8.0000   0.1635 CC     2338.460249  1 2.1861   654 | 2/11
 34 h-m-p  1.6000 8.0000   0.0330 CC     2338.459551  1 2.5118   679 | 2/11
 35 h-m-p  1.4783 8.0000   0.0562 +YC    2338.457595  1 4.6745   704 | 2/11
 36 h-m-p  1.6000 8.0000   0.1232 ++     2338.446191  m 8.0000   727 | 2/11
 37 h-m-p  0.6286 8.0000   1.5678 ++     2338.424047  m 8.0000   750 | 2/11
 38 h-m-p  1.6000 8.0000   0.5168 CC     2338.405612  1 1.6138   766 | 2/11
 39 h-m-p  0.7217 8.0000   1.1557 +YC    2338.402837  1 2.1981   791 | 2/11
 40 h-m-p  1.3478 8.0000   1.8847 +YC    2338.397624  1 5.8807   807 | 2/11
 41 h-m-p  1.6000 8.0000   4.4794 CC     2338.393181  1 2.3442   823 | 2/11
 42 h-m-p  1.6000 8.0000   6.3188 +CC    2338.389476  1 5.4364   840 | 2/11
 43 h-m-p  0.7054 3.5268  11.1510 +YC    2338.387827  1 2.1031   856 | 2/11
 44 h-m-p  0.2577 1.2883  12.3246 ++     2338.387193  m 1.2883   870 | 3/11
 45 h-m-p  0.2249 1.1246  35.7985 ---------------..  | 3/11
 46 h-m-p  0.0003 0.1417   0.9430 Y      2338.387177  0 0.0000   911 | 3/11
 47 h-m-p  0.0025 1.2386   0.1800 --Y    2338.387177  0 0.0000   935 | 3/11
 48 h-m-p  0.0034 1.7074   0.0457 -C     2338.387176  0 0.0002   958 | 3/11
 49 h-m-p  0.0049 2.4263   0.0177 -C     2338.387176  0 0.0003   981 | 3/11
 50 h-m-p  0.0160 8.0000   0.0043 --C    2338.387176  0 0.0002  1005 | 3/11
 51 h-m-p  0.0160 8.0000   0.0022 +++++  2338.387148  m 8.0000  1030 | 3/11
 52 h-m-p  0.0883 8.0000   0.1999 ++CC   2338.386826  1 1.9682  1056 | 3/11
 53 h-m-p  1.6000 8.0000   0.1143 YC     2338.386516  1 2.9581  1079 | 3/11
 54 h-m-p  1.6000 8.0000   0.0036 ++     2338.386506  m 8.0000  1101 | 3/11
 55 h-m-p  0.8708 8.0000   0.0333 +C     2338.386442  0 3.6594  1124 | 3/11
 56 h-m-p  1.3712 8.0000   0.0887 +Y     2338.386274  0 4.6081  1147 | 3/11
 57 h-m-p  1.6000 8.0000   0.0040 Y      2338.386274  0 0.9780  1169 | 3/11
 58 h-m-p  1.6000 8.0000   0.0001 -C     2338.386274  0 0.1000  1192 | 3/11
 59 h-m-p  0.0620 8.0000   0.0002 -Y     2338.386274  0 0.0039  1215
Out..
lnL  = -2338.386274
1216 lfun, 12160 eigenQcodon, 65664 P(t)

BEBing (dim = 4).  This may take several minutes.
Calculating f(x_h|w): 10 categories 20 w sets.
S10 w log{f(x|w)}:    0.0500    -13.614571
S10 w log{f(x|w)}:    0.1500    -12.524090
S10 w log{f(x|w)}:    0.2500    -12.021390
S10 w log{f(x|w)}:    0.3500    -11.693038
S10 w log{f(x|w)}:    0.4500    -11.449838
S10 w log{f(x|w)}:    0.5500    -11.257278
S10 w log{f(x|w)}:    0.6500    -11.098329
S10 w log{f(x|w)}:    0.7500    -10.963327
S10 w log{f(x|w)}:    0.8500    -10.846259
S10 w log{f(x|w)}:    0.9500    -10.743122
S10 w log{f(x|w)}:    1.5000    -10.330762
S10 w log{f(x|w)}:    2.5000     -9.900253
S10 w log{f(x|w)}:    3.5000     -9.643568
S10 w log{f(x|w)}:    4.5000     -9.471505
S10 w log{f(x|w)}:    5.5000     -9.349545
S10 w log{f(x|w)}:    6.5000     -9.260654
S10 w log{f(x|w)}:    7.5000     -9.195163
S10 w log{f(x|w)}:    8.5000     -9.147049
S10 w log{f(x|w)}:    9.5000     -9.112308
S10 w log{f(x|w)}:   10.5000     -9.088137
Calculating f(X), the marginal probability of data.
	log(fX) = -2343.430335  S = -2230.196447  -108.950985
Calculating f(w|X), posterior probabilities of site classes.
	did  10 / 121 patterns   0:50	did  20 / 121 patterns   0:50	did  30 / 121 patterns   0:50	did  40 / 121 patterns   0:51	did  50 / 121 patterns   0:51	did  60 / 121 patterns   0:51	did  70 / 121 patterns   0:52	did  80 / 121 patterns   0:52	did  90 / 121 patterns   0:52	did 100 / 121 patterns   0:52	did 110 / 121 patterns   0:53	did 120 / 121 patterns   0:53	did 121 / 121 patterns   0:53
Reconstructed ancestral states go into file rst.

lnL = -2338.386274 from ProbSitePattern.
Marginal reconstruction.
	Node   5: lnL = -2338.386274
	Node   6: lnL = -2338.386274
	Node   7: lnL = -2338.386274
end of tree file.

Time used:  0:53
