
 15         verbose | verbose                1.00
  7         runmode | runmode                0.00
  4         seqtype | seqtype                1.00
 13       CodonFreq | CodonFreq              2.00
  9           clock | clock                  0.00
 18          aaDist | aaDist                 0.00
 19      aaRatefile | aaRatefile             1.00
 16           model | model                  0.00
 20         NSsites | NSsites                2.00
 22           icode | icode                  0.00
 23           Mgene | Mgene                  0.00
 24       fix_kappa | fix_kappa              0.00
 25           kappa | kappa                  2.00
 26       fix_omega | fix_omega              0.00
 27           omega | omega                  0.40
 28       fix_alpha | fix_alpha              1.00
 29           alpha | alpha                  0.00
 30          Malpha | Malpha                 0.00
 31           ncatG | ncatG                  8.00
 11           getSE | getSE                  0.00
 12    RateAncestor | RateAncestor           1.00
 36      Small_Diff | Small_Diff             0.00
  6       cleandata | cleandata              0.00
  8          method | method                 0.00
CODONML in paml version 4.8a, August 2014

----------------------------------------------
Phe F TTT | Ser S TCT | Tyr Y TAT | Cys C TGT
      TTC |       TCC |       TAC |       TGC
Leu L TTA |       TCA | *** * TAA | *** * TGA
      TTG |       TCG |       TAG | Trp W TGG
----------------------------------------------
Leu L CTT | Pro P CCT | His H CAT | Arg R CGT
      CTC |       CCC |       CAC |       CGC
      CTA |       CCA | Gln Q CAA |       CGA
      CTG |       CCG |       CAG |       CGG
----------------------------------------------
Ile I ATT | Thr T ACT | Asn N AAT | Ser S AGT
      ATC |       ACC |       AAC |       AGC
      ATA |       ACA | Lys K AAA | Arg R AGA
Met M ATG |       ACG |       AAG |       AGG
----------------------------------------------
Val V GTT | Ala A GCT | Asp D GAT | Gly G GGT
      GTC |       GCC |       GAC |       GGC
      GTA |       GCA | Glu E GAA |       GGA
      GTG |       GCG |       GAG |       GGG
----------------------------------------------
Nice code, uuh?


Ambiguity character definition table:

T (1): T 
C (1): C 
A (1): A 
G (1): G 
U (1): T 
Y (2): T C 
R (2): A G 
M (2): C A 
K (2): T G 
S (2): C G 
W (2): T A 
H (3): T C A 
B (3): T C G 
V (3): C A G 
D (3): T A G 
- (4): T C A G 
N (4): T C A G 
? (4): T C A G 

ns = 4  	ls = 1401
Reading sequences, interlaved format..
Reading seq # 1: A27     Reading seq # 2: A28     Reading seq # 3: A29     Reading seq # 4: A30     
block   1:     60     60     60     60
block   2:    120    120    120    120
block   3:    180    180    180    180
block   4:    240    240    240    240
block   5:    300    300    300    300
block   6:    360    360    360    360
block   7:    420    420    420    420
block   8:    480    480    480    480
block   9:    540    540    540    540
block  10:    600    600    600    600
block  11:    660    660    660    660
block  12:    720    720    720    720
block  13:    780    780    780    780
block  14:    840    840    840    840
block  15:    900    900    900    900
block  16:    960    960    960    960
block  17:   1020   1020   1020   1020
block  18:   1080   1080   1080   1080
block  19:   1140   1140   1140   1140
block  20:   1200   1200   1200   1200
block  21:   1260   1260   1260   1260
block  22:   1320   1320   1320   1320
block  23:   1380   1380   1380   1380
block  24:   1401   1401   1401   1401
Sequences read..
Counting site patterns..  0:00
         121 patterns at      467 /      467 sites (100.0%),  0:00
Counting codons..

  2   1:Sites   348.9 + 1052.1 = 1401.0	Diffs    26.5 +   31.5 =   58.0
  3   1:Sites   348.5 + 1052.5 = 1401.0	Diffs    25.5 +   30.5 =   56.0
  3   2:Sites   348.1 + 1052.9 = 1401.0	Diffs     3.0 +    1.0 =    4.0
  4   1:Sites   349.0 + 1052.0 = 1401.0	Diffs    24.5 +   24.5 =   49.0
  4   2:Sites   348.6 + 1052.4 = 1401.0	Diffs    19.0 +   26.0 =   45.0
  4   3:Sites   348.2 + 1052.8 = 1401.0	Diffs    18.0 +   25.0 =   43.0

       48 bytes for distance
   118096 bytes for conP
     2904 bytes for fhK
  5000000 bytes for space

TREE #  1
((2, (4, 1)), 3);   MP score: 64
This is a rooted tree, without clock.  Check.

   177144 bytes for conP, adjusted

initial w for M2:NSpselection reset.

    0.000000    0.018356    0.080070    0.030084    0.094455    0.088983    2.000000    1.187011    0.337971    0.452877    2.638800

ntime & nrate & np:     6     3    11

Bounds (np=11):
   0.000004   0.000004   0.000004   0.000004   0.000004   0.000004   0.000100 -99.000000 -99.000000   0.000001   1.000000
  50.000000  50.000000  50.000000  50.000000  50.000000  50.000000 999.000000  99.000000  99.000000   1.000000 999.000000
Qfactor_NS = 4.556373

np =    11
lnL0 = -2387.850436

Iterating by ming2
Initial: fx=  2387.850436
x=  0.00000  0.01836  0.08007  0.03008  0.09445  0.08898  2.00000  1.18701  0.33797  0.45288  2.63880

  1 h-m-p  0.0000 0.0000 674.3677 ++     2387.849528  m 0.0000    16 | 1/11
  2 h-m-p  0.0000 0.0000 1613.5208 ++     2371.076029  m 0.0000    30 | 1/11
  3 h-m-p  0.0000 0.0000 2123.4138 +CYCCC  2356.331665  4 0.0000    53 | 1/11
  4 h-m-p  0.0002 0.0012  68.5806 YC     2356.072826  1 0.0001    68 | 1/11
  5 h-m-p  0.0005 0.0118  15.8269 YCC    2355.963372  2 0.0008    85 | 1/11
  6 h-m-p  0.0002 0.0076  70.9492 +++    2348.525913  m 0.0076   100 | 2/11
  7 h-m-p  0.0398 0.5365   7.8090 CCC    2347.107804  2 0.0529   118 | 2/11
  8 h-m-p  0.0239 0.1195   3.5253 +YYCCC  2345.638351  4 0.0779   139 | 1/11
  9 h-m-p  0.0000 0.0001 2649.7862 YCC    2345.568926  2 0.0000   156 | 1/11
 10 h-m-p  0.0115 0.0574   2.8640 ++     2344.735769  m 0.0574   170 | 1/11
 11 h-m-p -0.0000 -0.0000  25.8387 
h-m-p:     -6.57819420e-19     -3.28909710e-18      2.58386515e+01  2344.735769
..  | 1/11
 12 h-m-p  0.0000 0.0002 770.0484 YCCCC  2342.996950  4 0.0000   202 | 1/11
 13 h-m-p  0.0000 0.0000 347.5319 ++     2341.986489  m 0.0000   216 | 2/11
 14 h-m-p  0.0002 0.0566  19.9109 CYC    2341.870146  2 0.0002   233 | 2/11
 15 h-m-p  0.0004 0.0792   7.7436 YC     2341.844648  1 0.0009   248 | 2/11
 16 h-m-p  0.0002 0.0340  32.8872 +YCCC  2341.672555  3 0.0017   268 | 2/11
 17 h-m-p  0.0079 0.0395   5.8949 --YC   2341.669961  1 0.0002   285 | 2/11
 18 h-m-p  0.0065 3.2592   4.5990 +++YCCCC  2340.293880  4 0.2647   309 | 2/11
 19 h-m-p  0.5949 2.9745   0.5628 YC     2339.725915  1 1.3671   324 | 2/11
 20 h-m-p  0.9765 4.8858   0.7878 YCCC   2339.475217  3 0.6615   352 | 2/11
 21 h-m-p  1.2945 8.0000   0.4025 CCC    2339.325543  2 1.8259   379 | 2/11
 22 h-m-p  1.3795 8.0000   0.5328 YCCC   2339.109047  3 2.8882   407 | 2/11
 23 h-m-p  1.3135 7.1537   1.1715 YCC    2338.996255  2 0.5730   433 | 2/11
 24 h-m-p  0.4006 8.0000   1.6755 +YCCC  2338.804844  3 1.1061   453 | 2/11
 25 h-m-p  1.6000 8.0000   0.4627 YCC    2338.711695  2 1.2966   470 | 2/11
 26 h-m-p  0.5042 8.0000   1.1899 +CCCC  2338.576061  3 2.4698   500 | 2/11
 27 h-m-p  1.6000 8.0000   1.1870 CC     2338.452856  1 1.6473   516 | 2/11
 28 h-m-p  0.9249 8.0000   2.1142 CCC    2338.410463  2 1.1128   534 | 2/11
 29 h-m-p  1.6000 8.0000   1.0513 CYC    2338.386923  2 1.7013   551 | 2/11
 30 h-m-p  1.6000 8.0000   0.5504 CC     2338.383883  1 1.3981   567 | 2/11
 31 h-m-p  1.6000 8.0000   0.0390 YC     2338.383589  1 1.0563   591 | 2/11
 32 h-m-p  0.6271 8.0000   0.0656 Y      2338.383538  0 1.1882   614 | 2/11
 33 h-m-p  1.6000 8.0000   0.0086 C      2338.383536  0 1.3841   637 | 2/11
 34 h-m-p  1.6000 8.0000   0.0018 C      2338.383536  0 1.9309   660 | 2/11
 35 h-m-p  1.6000 8.0000   0.0006 +C     2338.383536  0 6.4000   684 | 2/11
 36 h-m-p  1.6000 8.0000   0.0006 ++     2338.383534  m 8.0000   707 | 2/11
 37 h-m-p  0.0746 8.0000   0.0644 ++Y    2338.383516  0 2.0622   732 | 2/11
 38 h-m-p  1.6000 8.0000   0.0656 ++     2338.383406  m 8.0000   755 | 2/11
 39 h-m-p  0.6971 8.0000   0.7530 +C     2338.383287  0 2.7883   779 | 2/11
 40 h-m-p  1.6000 8.0000   0.2462 C      2338.383271  0 1.3793   802 | 2/11
 41 h-m-p  1.4031 8.0000   0.2420 ++     2338.383261  m 8.0000   825 | 2/11
 42 h-m-p  1.6000 8.0000   0.2535 C      2338.383259  0 1.4347   848 | 2/11
 43 h-m-p  1.3883 8.0000   0.2620 +Y     2338.383259  0 4.5881   872 | 2/11
 44 h-m-p  1.6000 8.0000   0.2395 C      2338.383258  0 2.1099   895 | 2/11
 45 h-m-p  1.2771 8.0000   0.3957 +C     2338.383258  0 5.1400   919 | 2/11
 46 h-m-p  1.6000 8.0000   0.3650 C      2338.383258  0 1.3495   942 | 2/11
 47 h-m-p  1.6000 8.0000   0.0148 Y      2338.383258  0 0.9122   965 | 2/11
 48 h-m-p  0.1373 8.0000   0.0984 Y      2338.383258  0 0.2931   988 | 2/11
 49 h-m-p  0.8884 8.0000   0.0324 ++     2338.383258  m 8.0000  1011 | 2/11
 50 h-m-p  1.6000 8.0000   0.0006 --------Y  2338.383258  0 0.0000  1042
Out..
lnL  = -2338.383258
1043 lfun, 4172 eigenQcodon, 18774 P(t)

BEBing (dim = 4).  This may take several minutes.
Calculating f(x_h|w): 10 categories 21 w sets.
S10 w log{f(x|w)}:    0.0500    -13.614374
S10 w log{f(x|w)}:    0.1500    -12.523894
S10 w log{f(x|w)}:    0.2500    -12.021196
S10 w log{f(x|w)}:    0.3500    -11.692845
S10 w log{f(x|w)}:    0.4500    -11.449647
S10 w log{f(x|w)}:    0.5500    -11.257088
S10 w log{f(x|w)}:    0.6500    -11.098141
S10 w log{f(x|w)}:    0.7500    -10.963141
S10 w log{f(x|w)}:    0.8500    -10.846074
S10 w log{f(x|w)}:    0.9500    -10.742939
S10 w log{f(x|w)}:    1.0000    -10.695689
S10 w log{f(x|w)}:    1.5000    -10.330586
S10 w log{f(x|w)}:    2.5000     -9.900092
S10 w log{f(x|w)}:    3.5000     -9.643422
S10 w log{f(x|w)}:    4.5000     -9.471374
S10 w log{f(x|w)}:    5.5000     -9.349428
S10 w log{f(x|w)}:    6.5000     -9.260551
S10 w log{f(x|w)}:    7.5000     -9.195074
S10 w log{f(x|w)}:    8.5000     -9.146974
S10 w log{f(x|w)}:    9.5000     -9.112246
S10 w log{f(x|w)}:   10.5000     -9.088089
Calculating f(X), the marginal probability of data.
	log(fX) = -2343.833066  S = -2230.196183  -108.801450
Calculating f(w|X), posterior probabilities of site classes.
	did  10 / 121 patterns   0:15	did  20 / 121 patterns   0:15	did  30 / 121 patterns   0:15	did  40 / 121 patterns   0:15	did  50 / 121 patterns   0:15	did  60 / 121 patterns   0:15	did  70 / 121 patterns   0:15	did  80 / 121 patterns   0:15	did  90 / 121 patterns   0:15	did 100 / 121 patterns   0:15	did 110 / 121 patterns   0:16	did 120 / 121 patterns   0:16	did 121 / 121 patterns   0:16
Reconstructed ancestral states go into file rst.

lnL = -2338.383258 from ProbSitePattern.
Marginal reconstruction.
	Node   5: lnL = -2338.383258
	Node   6: lnL = -2338.383258
	Node   7: lnL = -2338.383258
end of tree file.

Time used:  0:16
