
 15         verbose | verbose                1.00
  7         runmode | runmode                0.00
  4         seqtype | seqtype                1.00
 13       CodonFreq | CodonFreq              2.00
  9           clock | clock                  0.00
 18          aaDist | aaDist                 0.00
 19      aaRatefile | aaRatefile             1.00
 16           model | model                  0.00
 20         NSsites | NSsites                7.00
 22           icode | icode                  0.00
 23           Mgene | Mgene                  0.00
 24       fix_kappa | fix_kappa              0.00
 25           kappa | kappa                  2.00
 26       fix_omega | fix_omega              0.00
 27           omega | omega                  0.40
 28       fix_alpha | fix_alpha              1.00
 29           alpha | alpha                  0.00
 30          Malpha | Malpha                 0.00
 31           ncatG | ncatG                  8.00
 11           getSE | getSE                  0.00
 12    RateAncestor | RateAncestor           1.00
 36      Small_Diff | Small_Diff             0.00
  6       cleandata | cleandata              0.00
  8          method | method                 0.00
CODONML in paml version 4.8a, August 2014

----------------------------------------------
Phe F TTT | Ser S TCT | Tyr Y TAT | Cys C TGT
      TTC |       TCC |       TAC |       TGC
Leu L TTA |       TCA | *** * TAA | *** * TGA
      TTG |       TCG |       TAG | Trp W TGG
----------------------------------------------
Leu L CTT | Pro P CCT | His H CAT | Arg R CGT
      CTC |       CCC |       CAC |       CGC
      CTA |       CCA | Gln Q CAA |       CGA
      CTG |       CCG |       CAG |       CGG
----------------------------------------------
Ile I ATT | Thr T ACT | Asn N AAT | Ser S AGT
      ATC |       ACC |       AAC |       AGC
      ATA |       ACA | Lys K AAA | Arg R AGA
Met M ATG |       ACG |       AAG |       AGG
----------------------------------------------
Val V GTT | Ala A GCT | Asp D GAT | Gly G GGT
      GTC |       GCC |       GAC |       GGC
      GTA |       GCA | Glu E GAA |       GGA
      GTG |       GCG |       GAG |       GGG
----------------------------------------------
Nice code, uuh?


Ambiguity character definition table:

T (1): T 
C (1): C 
A (1): A 
G (1): G 
U (1): T 
Y (2): T C 
R (2): A G 
M (2): C A 
K (2): T G 
S (2): C G 
W (2): T A 
H (3): T C A 
B (3): T C G 
V (3): C A G 
D (3): T A G 
- (4): T C A G 
N (4): T C A G 
? (4): T C A G 

ns = 4  	ls = 1401
Reading sequences, interlaved format..
Reading seq # 1: A27     Reading seq # 2: A28     Reading seq # 3: A29     Reading seq # 4: A30     
block   1:     60     60     60     60
block   2:    120    120    120    120
block   3:    180    180    180    180
block   4:    240    240    240    240
block   5:    300    300    300    300
block   6:    360    360    360    360
block   7:    420    420    420    420
block   8:    480    480    480    480
block   9:    540    540    540    540
block  10:    600    600    600    600
block  11:    660    660    660    660
block  12:    720    720    720    720
block  13:    780    780    780    780
block  14:    840    840    840    840
block  15:    900    900    900    900
block  16:    960    960    960    960
block  17:   1020   1020   1020   1020
block  18:   1080   1080   1080   1080
block  19:   1140   1140   1140   1140
block  20:   1200   1200   1200   1200
block  21:   1260   1260   1260   1260
block  22:   1320   1320   1320   1320
block  23:   1380   1380   1380   1380
block  24:   1401   1401   1401   1401
Sequences read..
Counting site patterns..  0:00
         121 patterns at      467 /      467 sites (100.0%),  0:00
Counting codons..

  2   1:Sites   348.9 + 1052.1 = 1401.0	Diffs    26.5 +   31.5 =   58.0
  3   1:Sites   348.5 + 1052.5 = 1401.0	Diffs    25.5 +   30.5 =   56.0
  3   2:Sites   348.1 + 1052.9 = 1401.0	Diffs     3.0 +    1.0 =    4.0
  4   1:Sites   349.0 + 1052.0 = 1401.0	Diffs    24.5 +   24.5 =   49.0
  4   2:Sites   348.6 + 1052.4 = 1401.0	Diffs    19.0 +   26.0 =   45.0
  4   3:Sites   348.2 + 1052.8 = 1401.0	Diffs    18.0 +   25.0 =   43.0

       48 bytes for distance
   118096 bytes for conP
     7744 bytes for fhK
  5000000 bytes for space

TREE #  1
((2, (4, 1)), 3);   MP score: 64
This is a rooted tree, without clock.  Check.

   177144 bytes for conP, adjusted

    0.000000    0.018356    0.080070    0.030084    0.094455    0.088983    2.000000    0.587011    1.475943

ntime & nrate & np:     6     1     9

Bounds (np=9):
   0.000004   0.000004   0.000004   0.000004   0.000004   0.000004   0.000100   0.005000   0.005000
  50.000000  50.000000  50.000000  50.000000  50.000000  50.000000 999.000000  99.000000  99.000000
Qfactor_NS = 9.146833

np =     9
lnL0 = -2384.982139

Iterating by ming2
Initial: fx=  2384.982139
x=  0.00000  0.01836  0.08007  0.03008  0.09445  0.08898  2.00000  0.58701  1.47594

  1 h-m-p  0.0000 0.0000 695.9573 ++     2384.981202  m 0.0000    14 | 1/9
  2 h-m-p  0.0000 0.0000 1435.7720 ++     2366.427100  m 0.0000    26 | 1/9
  3 h-m-p  0.0000 0.0000 2368.4043 +CYCCC  2354.689591  4 0.0000    47 | 1/9
  4 h-m-p  0.0005 0.0026  36.3590 YCC    2354.624377  2 0.0001    62 | 1/9
  5 h-m-p  0.0001 0.0208  30.4433 +++YYCCC  2352.450094  4 0.0059    83 | 1/9
  6 h-m-p  0.0002 0.0008 608.7516 CCCCC  2350.773683  4 0.0002   103 | 1/9
  7 h-m-p  0.0319 0.6116   4.4113 +CYCCC  2347.310626  4 0.1128   123 | 1/9
  8 h-m-p  0.1108 0.5542   3.1999 CYCCCC  2344.452464  5 0.1902   144 | 1/9
  9 h-m-p  0.1175 0.5873   0.4918 ++     2342.699145  m 0.5873   156 | 0/9
 10 h-m-p  0.0000 0.0000 11502.1347 
h-m-p:      4.65194121e-22      2.32597061e-21      1.15021347e+04  2342.699145
..  | 0/9
 11 h-m-p  0.0003 0.1684 393.9589 --CYC  2342.445971  2 0.0000   190 | 0/9
 12 h-m-p  0.0000 0.0000 204.0597 ++     2342.151435  m 0.0000   202 | 2/9
 13 h-m-p  0.0000 0.0006  72.7962 YC     2342.003228  1 0.0001   215 | 2/9
 14 h-m-p  0.0008 0.0239   5.8160 YC     2342.000791  1 0.0001   228 | 2/9
 15 h-m-p  0.0006 0.1444   1.5117 YC     2341.999323  1 0.0012   241 | 2/9
 16 h-m-p  0.0003 0.1465  11.3229 +++CCC  2341.868859  2 0.0156   260 | 2/9
 17 h-m-p  0.0976 1.1545   1.8064 +YYC   2341.557104  2 0.3180   275 | 2/9
 18 h-m-p  0.2395 1.1977   0.8259 +YYYYYCYCCC  2340.908900  9 1.0819   301 | 2/9
 19 h-m-p  0.0005 0.0023  43.4530 CYC    2340.901689  2 0.0005   323 | 2/9
 20 h-m-p  0.0502 0.2510   0.3282 YCYYYC  2340.808786  5 0.1490   342 | 2/9
 21 h-m-p  0.2441 8.0000   0.2004 +CCC   2340.740032  2 1.2624   366 | 2/9
 22 h-m-p  0.3840 1.9202   0.0490 C      2340.738680  0 0.0992   385 | 2/9
 23 h-m-p  0.4712 8.0000   0.0103 C      2340.738441  0 0.4782   404 | 2/9
 24 h-m-p  1.6000 8.0000   0.0030 Y      2340.738409  0 1.0092   423 | 2/9
 25 h-m-p  1.6000 8.0000   0.0011 Y      2340.738399  0 1.1601   442 | 2/9
 26 h-m-p  1.6000 8.0000   0.0006 Y      2340.738378  0 3.1611   461 | 2/9
 27 h-m-p  1.4970 8.0000   0.0014 C      2340.738355  0 1.4970   480 | 2/9
 28 h-m-p  1.6000 8.0000   0.0009 Y      2340.738344  0 3.7372   499 | 2/9
 29 h-m-p  1.6000 8.0000   0.0017 C      2340.738343  0 0.4000   518 | 2/9
 30 h-m-p  0.5527 8.0000   0.0012 Y      2340.738343  0 0.1060   537 | 2/9
 31 h-m-p  0.0951 8.0000   0.0014 ------Y  2340.738343  0 0.0000   562 | 2/9
 32 h-m-p  0.0021 1.0322   2.3475 ---------Y  2340.738343  0 0.0000   590 | 2/9
 33 h-m-p  0.0160 8.0000   0.0000 +++Y   2340.738342  0 0.6501   605 | 2/9
 34 h-m-p  1.6000 8.0000   0.0000 C      2340.738342  0 0.5962   624 | 2/9
 35 h-m-p  1.6000 8.0000   0.0000 -Y     2340.738342  0 0.1000   644
Out..
lnL  = -2340.738342
645 lfun, 5805 eigenQcodon, 30960 P(t)

Reconstructed ancestral states go into file rst.

lnL = -2340.738342 from ProbSitePattern.
Marginal reconstruction.
	Node   5: lnL = -2340.738342
	Node   6: lnL = -2340.738342
	Node   7: lnL = -2340.738342
end of tree file.

Time used:  0:23
