
 15         verbose | verbose                1.00
  7         runmode | runmode                0.00
  4         seqtype | seqtype                1.00
 13       CodonFreq | CodonFreq              2.00
  9           clock | clock                  0.00
 18          aaDist | aaDist                 0.00
 19      aaRatefile | aaRatefile             1.00
 16           model | model                  0.00
 20         NSsites | NSsites                2.00
 22           icode | icode                  0.00
 23           Mgene | Mgene                  0.00
 24       fix_kappa | fix_kappa              0.00
 25           kappa | kappa                  2.00
 26       fix_omega | fix_omega              0.00
 27           omega | omega                  0.40
 28       fix_alpha | fix_alpha              1.00
 29           alpha | alpha                  0.00
 30          Malpha | Malpha                 0.00
 31           ncatG | ncatG                  8.00
 11           getSE | getSE                  0.00
 12    RateAncestor | RateAncestor           1.00
 36      Small_Diff | Small_Diff             0.00
  6       cleandata | cleandata              0.00
  8          method | method                 0.00
CODONML in paml version 4.8a, August 2014

----------------------------------------------
Phe F TTT | Ser S TCT | Tyr Y TAT | Cys C TGT
      TTC |       TCC |       TAC |       TGC
Leu L TTA |       TCA | *** * TAA | *** * TGA
      TTG |       TCG |       TAG | Trp W TGG
----------------------------------------------
Leu L CTT | Pro P CCT | His H CAT | Arg R CGT
      CTC |       CCC |       CAC |       CGC
      CTA |       CCA | Gln Q CAA |       CGA
      CTG |       CCG |       CAG |       CGG
----------------------------------------------
Ile I ATT | Thr T ACT | Asn N AAT | Ser S AGT
      ATC |       ACC |       AAC |       AGC
      ATA |       ACA | Lys K AAA | Arg R AGA
Met M ATG |       ACG |       AAG |       AGG
----------------------------------------------
Val V GTT | Ala A GCT | Asp D GAT | Gly G GGT
      GTC |       GCC |       GAC |       GGC
      GTA |       GCA | Glu E GAA |       GGA
      GTG |       GCG |       GAG |       GGG
----------------------------------------------
Nice code, uuh?


Ambiguity character definition table:

T (1): T 
C (1): C 
A (1): A 
G (1): G 
U (1): T 
Y (2): T C 
R (2): A G 
M (2): C A 
K (2): T G 
S (2): C G 
W (2): T A 
H (3): T C A 
B (3): T C G 
V (3): C A G 
D (3): T A G 
- (4): T C A G 
N (4): T C A G 
? (4): T C A G 

ns = 5  	ls = 369
Reading sequences, interlaved format..
Reading seq # 1: A126     Reading seq # 2: A127     Reading seq # 3: A128     Reading seq # 4: A129     Reading seq # 5: A130     
block   1:     60     60     60     60     60
block   2:    120    120    120    120    120
block   3:    180    180    180    180    180
block   4:    240    240    240    240    240
block   5:    300    300    300    300    300
block   6:    360    360    360    360    360
block   7:    369    369    369    369    369
Sequences read..
Counting site patterns..  0:00
          68 patterns at      123 /      123 sites (100.0%),  0:00
Counting codons..

  2   1:Sites    87.3 +  281.7 =  369.0	Diffs     4.0 +    8.0 =   12.0
  3   1:Sites    87.1 +  281.9 =  369.0	Diffs     5.0 +   13.0 =   18.0
  3   2:Sites    86.4 +  282.6 =  369.0	Diffs     5.0 +   10.0 =   15.0
  4   1:Sites    87.3 +  281.7 =  369.0	Diffs     6.0 +   10.0 =   16.0
  4   2:Sites    86.6 +  282.4 =  369.0	Diffs     8.0 +    9.0 =   17.0
  4   3:Sites    86.4 +  282.6 =  369.0	Diffs     5.0 +   13.0 =   18.0
  5   1:Sites    86.1 +  282.9 =  369.0	Diffs     4.0 +   18.0 =   22.0
  5   2:Sites    85.4 +  283.6 =  369.0	Diffs     4.0 +   15.0 =   19.0
  5   3:Sites    85.3 +  283.7 =  369.0	Diffs     2.0 +    4.0 =    6.0
  5   4:Sites    85.4 +  283.6 =  369.0	Diffs     7.0 +   15.0 =   22.0

       80 bytes for distance
    66368 bytes for conP
     1632 bytes for fhK
  5000000 bytes for space

TREE #  1
(2, ((5, 3), (1, 4)));   MP score: 35
This is a rooted tree, without clock.  Check.

   132736 bytes for conP, adjusted

initial w for M2:NSpselection reset.

    0.018424    0.029497    0.070219    0.042165    0.007185    0.006874    0.059799    0.074652    2.000000    1.682193    0.192890    0.355520    2.246683

ntime & nrate & np:     8     3    13

Bounds (np=13):
   0.000004   0.000004   0.000004   0.000004   0.000004   0.000004   0.000004   0.000004   0.000100 -99.000000 -99.000000   0.000001   1.000000
  50.000000  50.000000  50.000000  50.000000  50.000000  50.000000  50.000000  50.000000 999.000000  99.000000  99.000000   1.000000 999.000000
Qfactor_NS = 6.349812

np =    13
lnL0 =  -728.288088

Iterating by ming2
Initial: fx=   728.288088
x=  0.01842  0.02950  0.07022  0.04216  0.00718  0.00687  0.05980  0.07465  2.00000  1.68219  0.19289  0.35552  2.24668

  1 h-m-p  0.0000 0.0062 259.6698 +YCYCCC   726.757313  5 0.0001    27 | 0/13
  2 h-m-p  0.0009 0.0043  20.9837 CYC     726.592860  2 0.0008    46 | 0/13
  3 h-m-p  0.0003 0.0013  17.9008 YYC     726.566696  2 0.0002    64 | 0/13
  4 h-m-p  0.0002 0.0094  23.4454 CC      726.547381  1 0.0002    82 | 0/13
  5 h-m-p  0.0003 0.0132  16.2077 +YCCC   726.408903  3 0.0023   104 | 0/13
  6 h-m-p  0.0004 0.0045  96.6352 +YCYCCC   725.117899  5 0.0032   129 | 0/13
  7 h-m-p  0.0003 0.0017  79.6296 YCCC    724.901668  3 0.0008   150 | 0/13
  8 h-m-p  0.0098 0.4403   6.5312 ++YYCC   723.469888  3 0.1130   172 | 0/13
  9 h-m-p  0.0011 0.0054 285.1174 CYCCC   722.423488  4 0.0017   195 | 0/13
 10 h-m-p  0.0795 0.3974   1.6538 ++      721.560348  m 0.3974   211 | 1/13
 11 h-m-p  0.7085 8.0000   0.9126 YCCC    721.280761  3 0.4677   232 | 1/13
 12 h-m-p  0.5311 8.0000   0.8037 +YCCC   720.842224  3 1.6550   266 | 1/13
 13 h-m-p  1.6000 8.0000   0.2431 CYC     720.769997  2 1.5272   297 | 1/13
 14 h-m-p  1.6000 8.0000   0.1582 CC      720.757730  1 1.7629   327 | 1/13
 15 h-m-p  1.6000 8.0000   0.0964 YCC     720.748733  2 2.9953   358 | 1/13
 16 h-m-p  1.6000 8.0000   0.1288 +YCC    720.731239  2 4.7789   390 | 1/13
 17 h-m-p  1.6000 8.0000   0.1963 CC      720.719035  1 1.8968   420 | 1/13
 18 h-m-p  1.4405 8.0000   0.2585 YC      720.708004  1 2.5442   449 | 1/13
 19 h-m-p  1.6000 8.0000   0.2536 CCC     720.699952  2 2.3592   481 | 1/13
 20 h-m-p  1.6000 8.0000   0.3457 CC      720.696578  1 2.0750   511 | 1/13
 21 h-m-p  1.6000 8.0000   0.3212 YC      720.695244  1 0.7009   540 | 1/13
 22 h-m-p  0.4651 8.0000   0.4840 +C      720.693562  0 1.8229   569 | 1/13
 23 h-m-p  1.6000 8.0000   0.3419 CC      720.692831  1 2.2887   599 | 1/13
 24 h-m-p  1.6000 8.0000   0.3399 CC      720.692484  1 2.3848   629 | 1/13
 25 h-m-p  1.6000 8.0000   0.3680 YC      720.692312  1 2.6800   658 | 1/13
 26 h-m-p  1.6000 8.0000   0.3495 C       720.692238  0 2.3604   686 | 1/13
 27 h-m-p  1.6000 8.0000   0.3643 C       720.692215  0 1.8847   714 | 1/13
 28 h-m-p  1.6000 8.0000   0.2580 C       720.692206  0 2.2634   742 | 1/13
 29 h-m-p  1.6000 8.0000   0.2410 Y       720.692200  0 3.5431   770 | 1/13
 30 h-m-p  1.6000 8.0000   0.3435 Y       720.692195  0 2.7673   798 | 1/13
 31 h-m-p  1.6000 8.0000   0.3080 C       720.692194  0 1.9225   826 | 1/13
 32 h-m-p  1.6000 8.0000   0.2552 +Y      720.692193  0 4.3079   855 | 1/13
 33 h-m-p  1.6000 8.0000   0.3615 C       720.692193  0 2.0448   883 | 1/13
 34 h-m-p  1.6000 8.0000   0.3224 Y       720.692193  0 3.2392   911 | 1/13
 35 h-m-p  1.6000 8.0000   0.3391 C       720.692193  0 2.1870   939 | 1/13
 36 h-m-p  1.6000 8.0000   0.3574 Y       720.692193  0 3.2062   967 | 1/13
 37 h-m-p  1.6000 8.0000   0.2449 C       720.692193  0 1.8121   995 | 1/13
 38 h-m-p  1.1805 8.0000   0.3759 +Y      720.692193  0 6.1894  1024 | 1/13
 39 h-m-p  1.6000 8.0000   0.7767 C       720.692193  0 1.6000  1052 | 1/13
 40 h-m-p  1.6000 8.0000   0.3838 C       720.692193  0 1.6000  1080 | 1/13
 41 h-m-p  1.6000 8.0000   0.0280 +Y      720.692193  0 6.4000  1109 | 1/13
 42 h-m-p  1.6000 8.0000   0.0062 --Y     720.692193  0 0.0250  1139 | 1/13
 43 h-m-p  0.0065 3.2264  18.0812 ---Y    720.692193  0 0.0000  1170 | 1/13
 44 h-m-p  0.0291 8.0000   0.0157 --------------..  | 1/13
 45 h-m-p  0.0160 8.0000   0.0004 ------------- | 1/13
 46 h-m-p  0.0160 8.0000   0.0004 -------------
Out..
lnL  =  -720.692193
1277 lfun, 5108 eigenQcodon, 30648 P(t)

BEBing (dim = 4).  This may take several minutes.
Calculating f(x_h|w): 10 categories 21 w sets.
S10 w log{f(x|w)}:    0.0500     -4.301275
S10 w log{f(x|w)}:    0.1500     -4.329970
S10 w log{f(x|w)}:    0.2500     -4.358626
S10 w log{f(x|w)}:    0.3500     -4.387244
S10 w log{f(x|w)}:    0.4500     -4.415822
S10 w log{f(x|w)}:    0.5500     -4.444361
S10 w log{f(x|w)}:    0.6500     -4.472861
S10 w log{f(x|w)}:    0.7500     -4.501322
S10 w log{f(x|w)}:    0.8500     -4.529743
S10 w log{f(x|w)}:    0.9500     -4.558125
S10 w log{f(x|w)}:    1.0000     -4.572301
S10 w log{f(x|w)}:    1.5000     -4.713518
S10 w log{f(x|w)}:    2.5000     -4.992956
S10 w log{f(x|w)}:    3.5000     -5.268336
S10 w log{f(x|w)}:    4.5000     -5.539587
S10 w log{f(x|w)}:    5.5000     -5.806634
S10 w log{f(x|w)}:    6.5000     -6.069403
S10 w log{f(x|w)}:    7.5000     -6.327818
S10 w log{f(x|w)}:    8.5000     -6.581806
S10 w log{f(x|w)}:    9.5000     -6.831294
S10 w log{f(x|w)}:   10.5000     -7.076210
Calculating f(X), the marginal probability of data.
	log(fX) =  -724.276869  S =  -671.272949   -49.534378
Calculating f(w|X), posterior probabilities of site classes.
	did  10 /  68 patterns   0:19	did  20 /  68 patterns   0:19	did  30 /  68 patterns   0:19	did  40 /  68 patterns   0:20	did  50 /  68 patterns   0:20	did  60 /  68 patterns   0:20	did  68 /  68 patterns   0:20
Reconstructed ancestral states go into file rst.

lnL =  -720.692193 from ProbSitePattern.
Marginal reconstruction.
	Node   6: lnL =  -720.692193
	Node   7: lnL =  -720.692193
	Node   8: lnL =  -720.692193
	Node   9: lnL =  -720.692193
end of tree file.

Time used:  0:20
