
 15         verbose | verbose                1.00
  7         runmode | runmode                0.00
  4         seqtype | seqtype                1.00
 13       CodonFreq | CodonFreq              2.00
  9           clock | clock                  0.00
 18          aaDist | aaDist                 0.00
 19      aaRatefile | aaRatefile             1.00
 16           model | model                  0.00
 20         NSsites | NSsites                7.00
 22           icode | icode                  0.00
 23           Mgene | Mgene                  0.00
 24       fix_kappa | fix_kappa              0.00
 25           kappa | kappa                  2.00
 26       fix_omega | fix_omega              0.00
 27           omega | omega                  0.40
 28       fix_alpha | fix_alpha              1.00
 29           alpha | alpha                  0.00
 30          Malpha | Malpha                 0.00
 31           ncatG | ncatG                  8.00
 11           getSE | getSE                  0.00
 12    RateAncestor | RateAncestor           1.00
 36      Small_Diff | Small_Diff             0.00
  6       cleandata | cleandata              0.00
  8          method | method                 0.00
CODONML in paml version 4.8a, August 2014

----------------------------------------------
Phe F TTT | Ser S TCT | Tyr Y TAT | Cys C TGT
      TTC |       TCC |       TAC |       TGC
Leu L TTA |       TCA | *** * TAA | *** * TGA
      TTG |       TCG |       TAG | Trp W TGG
----------------------------------------------
Leu L CTT | Pro P CCT | His H CAT | Arg R CGT
      CTC |       CCC |       CAC |       CGC
      CTA |       CCA | Gln Q CAA |       CGA
      CTG |       CCG |       CAG |       CGG
----------------------------------------------
Ile I ATT | Thr T ACT | Asn N AAT | Ser S AGT
      ATC |       ACC |       AAC |       AGC
      ATA |       ACA | Lys K AAA | Arg R AGA
Met M ATG |       ACG |       AAG |       AGG
----------------------------------------------
Val V GTT | Ala A GCT | Asp D GAT | Gly G GGT
      GTC |       GCC |       GAC |       GGC
      GTA |       GCA | Glu E GAA |       GGA
      GTG |       GCG |       GAG |       GGG
----------------------------------------------
Nice code, uuh?


Ambiguity character definition table:

T (1): T 
C (1): C 
A (1): A 
G (1): G 
U (1): T 
Y (2): T C 
R (2): A G 
M (2): C A 
K (2): T G 
S (2): C G 
W (2): T A 
H (3): T C A 
B (3): T C G 
V (3): C A G 
D (3): T A G 
- (4): T C A G 
N (4): T C A G 
? (4): T C A G 

ns = 5  	ls = 369
Reading sequences, interlaved format..
Reading seq # 1: A126     Reading seq # 2: A127     Reading seq # 3: A128     Reading seq # 4: A129     Reading seq # 5: A130     
block   1:     60     60     60     60     60
block   2:    120    120    120    120    120
block   3:    180    180    180    180    180
block   4:    240    240    240    240    240
block   5:    300    300    300    300    300
block   6:    360    360    360    360    360
block   7:    369    369    369    369    369
Sequences read..
Counting site patterns..  0:00
          68 patterns at      123 /      123 sites (100.0%),  0:00
Counting codons..

  2   1:Sites    87.3 +  281.7 =  369.0	Diffs     4.0 +    8.0 =   12.0
  3   1:Sites    87.1 +  281.9 =  369.0	Diffs     5.0 +   13.0 =   18.0
  3   2:Sites    86.4 +  282.6 =  369.0	Diffs     5.0 +   10.0 =   15.0
  4   1:Sites    87.3 +  281.7 =  369.0	Diffs     6.0 +   10.0 =   16.0
  4   2:Sites    86.6 +  282.4 =  369.0	Diffs     8.0 +    9.0 =   17.0
  4   3:Sites    86.4 +  282.6 =  369.0	Diffs     5.0 +   13.0 =   18.0
  5   1:Sites    86.1 +  282.9 =  369.0	Diffs     4.0 +   18.0 =   22.0
  5   2:Sites    85.4 +  283.6 =  369.0	Diffs     4.0 +   15.0 =   19.0
  5   3:Sites    85.3 +  283.7 =  369.0	Diffs     2.0 +    4.0 =    6.0
  5   4:Sites    85.4 +  283.6 =  369.0	Diffs     7.0 +   15.0 =   22.0

       80 bytes for distance
    66368 bytes for conP
     4352 bytes for fhK
  5000000 bytes for space

TREE #  1
(2, ((5, 3), (1, 4)));   MP score: 35
This is a rooted tree, without clock.  Check.

   132736 bytes for conP, adjusted

    0.018424    0.029497    0.070219    0.042165    0.007185    0.006874    0.059799    0.074652    2.000000    1.082193    1.185780

ntime & nrate & np:     8     1    11

Bounds (np=11):
   0.000004   0.000004   0.000004   0.000004   0.000004   0.000004   0.000004   0.000004   0.000100   0.005000   0.005000
  50.000000  50.000000  50.000000  50.000000  50.000000  50.000000  50.000000  50.000000 999.000000  99.000000  99.000000
Qfactor_NS = 8.167372

np =    11
lnL0 =  -729.205556

Iterating by ming2
Initial: fx=   729.205556
x=  0.01842  0.02950  0.07022  0.04216  0.00718  0.00687  0.05980  0.07465  2.00000  1.08219  1.18578

  1 h-m-p  0.0000 0.0009 261.7530 +YYCCCC   727.699707  5 0.0001    25 | 0/11
  2 h-m-p  0.0008 0.0038  19.3358 YYC     727.577644  2 0.0007    41 | 0/11
  3 h-m-p  0.0008 0.0114  15.0282 CYC     727.559980  2 0.0002    58 | 0/11
  4 h-m-p  0.0002 0.0013  15.0006 YCC     727.551441  2 0.0001    75 | 0/11
  5 h-m-p  0.0003 0.0181   7.6488 +CCC    727.523515  2 0.0015    94 | 0/11
  6 h-m-p  0.0004 0.1335  26.7675 ++YCCC   726.734016  3 0.0150   115 | 0/11
  7 h-m-p  0.0011 0.0073 368.8910 +YCCCC   724.213129  4 0.0032   137 | 0/11
  8 h-m-p  0.0023 0.0117  58.3340 CYC     724.135336  2 0.0007   154 | 0/11
  9 h-m-p  0.0485 1.4865   0.8066 ++YYCC   723.706926  3 0.6826   174 | 0/11
 10 h-m-p  0.2751 1.3756   1.2113 CYYCCC   723.112909  5 0.6786   208 | 0/11
 11 h-m-p  0.1112 0.5558   1.6581 YCYYC   722.835734  4 0.3224   228 | 0/11
 12 h-m-p  0.0112 0.0560   8.8710 YCYYCC   722.673004  5 0.0318   250 | 0/11
 13 h-m-p  0.0095 0.0473   5.8315 ++      722.156310  m 0.0473   264 | 0/11
 14 h-m-p  0.9995 8.0000   0.2757 -CCCCC   722.144883  4 0.0819   287 | 0/11
 15 h-m-p  0.6488 3.2440   0.0209 YCCC    722.091901  3 1.1273   317 | 0/11
 16 h-m-p  1.6000 8.0000   0.0020 CC      722.090703  1 1.3818   344 | 0/11
 17 h-m-p  0.8499 8.0000   0.0033 +YY     722.090242  1 2.9808   371 | 0/11
 18 h-m-p  1.6000 8.0000   0.0024 C       722.090100  0 1.9427   396 | 0/11
 19 h-m-p  1.6000 8.0000   0.0003 YC      722.090019  1 3.2705   422 | 0/11
 20 h-m-p  1.4413 8.0000   0.0006 YC      722.089934  1 3.3267   448 | 0/11
 21 h-m-p  1.6000 8.0000   0.0005 C       722.089921  0 2.1759   473 | 0/11
 22 h-m-p  1.6000 8.0000   0.0005 C       722.089916  0 2.4440   498 | 0/11
 23 h-m-p  1.6000 8.0000   0.0005 C       722.089915  0 2.2327   523 | 0/11
 24 h-m-p  1.6000 8.0000   0.0003 C       722.089914  0 2.1666   548 | 0/11
 25 h-m-p  1.6000 8.0000   0.0002 Y       722.089914  0 2.6410   573 | 0/11
 26 h-m-p  1.6000 8.0000   0.0002 Y       722.089914  0 3.2411   598 | 0/11
 27 h-m-p  1.6000 8.0000   0.0002 C       722.089914  0 2.0498   623 | 0/11
 28 h-m-p  1.6000 8.0000   0.0001 C       722.089914  0 1.9237   648 | 0/11
 29 h-m-p  1.6000 8.0000   0.0001 +C      722.089914  0 6.4000   674 | 0/11
 30 h-m-p  1.6000 8.0000   0.0001 C       722.089914  0 1.5251   699 | 0/11
 31 h-m-p  1.5981 8.0000   0.0001 +Y      722.089914  0 6.3924   725 | 0/11
 32 h-m-p  1.6000 8.0000   0.0001 C       722.089914  0 1.5800   750 | 0/11
 33 h-m-p  0.5284 2.6421   0.0002 Y       722.089914  0 0.1321   775 | 0/11
 34 h-m-p  1.6000 8.0000   0.0000 Y       722.089914  0 0.4000   800 | 0/11
 35 h-m-p  0.0856 6.7159   0.0001 --------------..  | 0/11
 36 h-m-p  0.0160 8.0000   0.0001 ------------Y   722.089914  0 0.0000   874
Out..
lnL  =  -722.089914
875 lfun, 7875 eigenQcodon, 56000 P(t)

Reconstructed ancestral states go into file rst.

lnL =  -722.089914 from ProbSitePattern.
Marginal reconstruction.
	Node   6: lnL =  -722.089914
	Node   7: lnL =  -722.089914
	Node   8: lnL =  -722.089914
	Node   9: lnL =  -722.089914
end of tree file.

Time used:  0:36
