
 15         verbose | verbose                1.00
  7         runmode | runmode                0.00
  4         seqtype | seqtype                1.00
 13       CodonFreq | CodonFreq              2.00
  9           clock | clock                  0.00
 18          aaDist | aaDist                 0.00
 19      aaRatefile | aaRatefile             1.00
 16           model | model                  0.00
 20         NSsites | NSsites                8.00
 22           icode | icode                  0.00
 23           Mgene | Mgene                  0.00
 24       fix_kappa | fix_kappa              0.00
 25           kappa | kappa                  2.00
 26       fix_omega | fix_omega              0.00
 27           omega | omega                  0.40
 28       fix_alpha | fix_alpha              1.00
 29           alpha | alpha                  0.00
 30          Malpha | Malpha                 0.00
 31           ncatG | ncatG                  8.00
 11           getSE | getSE                  0.00
 12    RateAncestor | RateAncestor           1.00
 36      Small_Diff | Small_Diff             0.00
  6       cleandata | cleandata              0.00
  8          method | method                 0.00
CODONML in paml version 4.8a, August 2014

----------------------------------------------
Phe F TTT | Ser S TCT | Tyr Y TAT | Cys C TGT
      TTC |       TCC |       TAC |       TGC
Leu L TTA |       TCA | *** * TAA | *** * TGA
      TTG |       TCG |       TAG | Trp W TGG
----------------------------------------------
Leu L CTT | Pro P CCT | His H CAT | Arg R CGT
      CTC |       CCC |       CAC |       CGC
      CTA |       CCA | Gln Q CAA |       CGA
      CTG |       CCG |       CAG |       CGG
----------------------------------------------
Ile I ATT | Thr T ACT | Asn N AAT | Ser S AGT
      ATC |       ACC |       AAC |       AGC
      ATA |       ACA | Lys K AAA | Arg R AGA
Met M ATG |       ACG |       AAG |       AGG
----------------------------------------------
Val V GTT | Ala A GCT | Asp D GAT | Gly G GGT
      GTC |       GCC |       GAC |       GGC
      GTA |       GCA | Glu E GAA |       GGA
      GTG |       GCG |       GAG |       GGG
----------------------------------------------
Nice code, uuh?


Ambiguity character definition table:

T (1): T 
C (1): C 
A (1): A 
G (1): G 
U (1): T 
Y (2): T C 
R (2): A G 
M (2): C A 
K (2): T G 
S (2): C G 
W (2): T A 
H (3): T C A 
B (3): T C G 
V (3): C A G 
D (3): T A G 
- (4): T C A G 
N (4): T C A G 
? (4): T C A G 

ns = 5  	ls = 369
Reading sequences, interlaved format..
Reading seq # 1: A126     Reading seq # 2: A127     Reading seq # 3: A128     Reading seq # 4: A129     Reading seq # 5: A130     
block   1:     60     60     60     60     60
block   2:    120    120    120    120    120
block   3:    180    180    180    180    180
block   4:    240    240    240    240    240
block   5:    300    300    300    300    300
block   6:    360    360    360    360    360
block   7:    369    369    369    369    369
Sequences read..
Counting site patterns..  0:00
          68 patterns at      123 /      123 sites (100.0%),  0:00
Counting codons..

  2   1:Sites    87.3 +  281.7 =  369.0	Diffs     4.0 +    8.0 =   12.0
  3   1:Sites    87.1 +  281.9 =  369.0	Diffs     5.0 +   13.0 =   18.0
  3   2:Sites    86.4 +  282.6 =  369.0	Diffs     5.0 +   10.0 =   15.0
  4   1:Sites    87.3 +  281.7 =  369.0	Diffs     6.0 +   10.0 =   16.0
  4   2:Sites    86.6 +  282.4 =  369.0	Diffs     8.0 +    9.0 =   17.0
  4   3:Sites    86.4 +  282.6 =  369.0	Diffs     5.0 +   13.0 =   18.0
  5   1:Sites    86.1 +  282.9 =  369.0	Diffs     4.0 +   18.0 =   22.0
  5   2:Sites    85.4 +  283.6 =  369.0	Diffs     4.0 +   15.0 =   19.0
  5   3:Sites    85.3 +  283.7 =  369.0	Diffs     2.0 +    4.0 =    6.0
  5   4:Sites    85.4 +  283.6 =  369.0	Diffs     7.0 +   15.0 =   22.0

       80 bytes for distance
    66368 bytes for conP
     4896 bytes for fhK
  5000000 bytes for space

TREE #  1
(2, ((5, 3), (1, 4)));   MP score: 35
This is a rooted tree, without clock.  Check.

   132736 bytes for conP, adjusted

initial w for M8:NSbetaw>1 reset.

    0.018424    0.029497    0.070219    0.042165    0.007185    0.006874    0.059799    0.074652    2.000000    0.900000    1.082193    1.185780    2.638800

ntime & nrate & np:     8     2    13

Bounds (np=13):
   0.000004   0.000004   0.000004   0.000004   0.000004   0.000004   0.000004   0.000004   0.000100   0.000010   0.005000   0.005000   1.000000
  50.000000  50.000000  50.000000  50.000000  50.000000  50.000000  50.000000  50.000000 999.000000   0.999990  99.000000  99.000000 999.000000
Qfactor_NS = 6.440450

np =    13
lnL0 =  -728.083645

Iterating by ming2
Initial: fx=   728.083645
x=  0.01842  0.02950  0.07022  0.04216  0.00718  0.00687  0.05980  0.07465  2.00000  0.90000  1.08219  1.18578  2.63880

  1 h-m-p  0.0000 0.0069 257.9215 +YCYCCC   726.553971  5 0.0001    27 | 0/13
  2 h-m-p  0.0009 0.0045  20.8410 YCC     726.396790  2 0.0007    46 | 0/13
  3 h-m-p  0.0002 0.0012  15.9745 YYC     726.379164  2 0.0002    64 | 0/13
  4 h-m-p  0.0002 0.0101  16.4940 CYC     726.366659  2 0.0002    83 | 0/13
  5 h-m-p  0.0003 0.0168   9.3283 +CCC    726.321510  2 0.0018   104 | 0/13
  6 h-m-p  0.0004 0.0810  38.8170 ++YCCC   725.421316  3 0.0104   127 | 0/13
  7 h-m-p  0.0010 0.0051 170.6988 CCCCC   724.776687  4 0.0015   151 | 0/13
  8 h-m-p  0.0083 0.0729  30.3257 YC      723.572247  1 0.0180   168 | 0/13
  9 h-m-p  0.0009 0.0045 321.0274 CYCCC   722.217273  4 0.0017   191 | 0/13
 10 h-m-p  0.7150 3.6056   0.7716 CCCC    721.482210  3 0.7632   213 | 0/13
 11 h-m-p  0.1097 0.5483   1.1417 ++      721.051483  m 0.5483   242 | 0/13
 12 h-m-p  0.0000 0.0000   3.0857 
h-m-p:      3.75087520e-19      1.87543760e-18      3.08569138e+00   721.051483
..  | 0/13
 13 h-m-p  0.0000 0.0191   7.2964 ++YC    721.040813  1 0.0004   274 | 0/13
 14 h-m-p  0.0002 0.0019  14.2988 C       721.031694  0 0.0002   290 | 0/13
 15 h-m-p  0.0003 0.0135   8.6438 YC      721.018331  1 0.0008   307 | 0/13
 16 h-m-p  0.0009 0.0283   7.5996 YC      721.002183  1 0.0014   324 | 0/13
 17 h-m-p  0.0017 0.0415   6.0503 C       720.998960  0 0.0004   340 | 0/13
 18 h-m-p  0.0011 0.0607   2.4443 YC      720.997808  1 0.0006   357 | 0/13
 19 h-m-p  0.0019 0.0778   0.8025 YC      720.997486  1 0.0012   374 | 0/13
 20 h-m-p  0.0007 0.0278   1.3839 +++     720.978229  m 0.0278   404 | 1/13
 21 h-m-p  0.0002 0.0211 186.3649 +YC     720.887847  1 0.0019   422 | 1/13
 22 h-m-p  0.6283 8.0000   0.5746 YC      720.711688  1 1.2928   439 | 1/13
 23 h-m-p  1.6000 8.0000   0.1632 CYC     720.694493  2 1.6764   470 | 1/13
 24 h-m-p  1.6000 8.0000   0.0604 CC      720.692221  1 1.4794   500 | 1/13
 25 h-m-p  1.6000 8.0000   0.0051 Y       720.692193  0 1.1787   528 | 1/13
 26 h-m-p  1.6000 8.0000   0.0014 Y       720.692192  0 1.1043   556 | 1/13
 27 h-m-p  1.6000 8.0000   0.0001 Y       720.692192  0 0.9056   584 | 1/13
 28 h-m-p  1.6000 8.0000   0.0000 Y       720.692192  0 0.8498   612 | 1/13
 29 h-m-p  1.6000 8.0000   0.0000 -C      720.692192  0 0.1000   641 | 1/13
 30 h-m-p  0.0160 8.0000   0.0000 Y       720.692192  0 0.0040   669 | 1/13
 31 h-m-p  0.0591 8.0000   0.0000 -----------Y   720.692192  0 0.0000   708
Out..
lnL  =  -720.692192
709 lfun, 7090 eigenQcodon, 51048 P(t)

BEBing (dim = 4).  This may take several minutes.
Calculating f(x_h|w): 10 categories 20 w sets.
S10 w log{f(x|w)}:    0.0500     -4.301275
S10 w log{f(x|w)}:    0.1500     -4.329970
S10 w log{f(x|w)}:    0.2500     -4.358626
S10 w log{f(x|w)}:    0.3500     -4.387244
S10 w log{f(x|w)}:    0.4500     -4.415822
S10 w log{f(x|w)}:    0.5500     -4.444361
S10 w log{f(x|w)}:    0.6500     -4.472861
S10 w log{f(x|w)}:    0.7500     -4.501322
S10 w log{f(x|w)}:    0.8500     -4.529743
S10 w log{f(x|w)}:    0.9500     -4.558125
S10 w log{f(x|w)}:    1.5000     -4.713519
S10 w log{f(x|w)}:    2.5000     -4.992956
S10 w log{f(x|w)}:    3.5000     -5.268336
S10 w log{f(x|w)}:    4.5000     -5.539587
S10 w log{f(x|w)}:    5.5000     -5.806634
S10 w log{f(x|w)}:    6.5000     -6.069403
S10 w log{f(x|w)}:    7.5000     -6.327819
S10 w log{f(x|w)}:    8.5000     -6.581807
S10 w log{f(x|w)}:    9.5000     -6.831295
S10 w log{f(x|w)}:   10.5000     -7.076211
Calculating f(X), the marginal probability of data.
	log(fX) =  -724.038291  S =  -671.272948   -49.615783
Calculating f(w|X), posterior probabilities of site classes.
	did  10 /  68 patterns   0:33	did  20 /  68 patterns   0:34	did  30 /  68 patterns   0:34	did  40 /  68 patterns   0:34	did  50 /  68 patterns   0:35	did  60 /  68 patterns   0:35	did  68 /  68 patterns   0:35
Reconstructed ancestral states go into file rst.

lnL =  -720.692192 from ProbSitePattern.
Marginal reconstruction.
	Node   6: lnL =  -720.692192
	Node   7: lnL =  -720.692192
	Node   8: lnL =  -720.692192
	Node   9: lnL =  -720.692192
end of tree file.

Time used:  0:35
