
 15         verbose | verbose                1.00
  7         runmode | runmode                0.00
  4         seqtype | seqtype                1.00
 13       CodonFreq | CodonFreq              2.00
  9           clock | clock                  0.00
 18          aaDist | aaDist                 0.00
 19      aaRatefile | aaRatefile             1.00
 16           model | model                  0.00
 20         NSsites | NSsites                7.00
 22           icode | icode                  0.00
 23           Mgene | Mgene                  0.00
 24       fix_kappa | fix_kappa              0.00
 25           kappa | kappa                  2.00
 26       fix_omega | fix_omega              0.00
 27           omega | omega                  0.40
 28       fix_alpha | fix_alpha              1.00
 29           alpha | alpha                  0.00
 30          Malpha | Malpha                 0.00
 31           ncatG | ncatG                  8.00
 11           getSE | getSE                  0.00
 12    RateAncestor | RateAncestor           1.00
 36      Small_Diff | Small_Diff             0.00
  6       cleandata | cleandata              0.00
  8          method | method                 0.00
CODONML in paml version 4.8a, August 2014

----------------------------------------------
Phe F TTT | Ser S TCT | Tyr Y TAT | Cys C TGT
      TTC |       TCC |       TAC |       TGC
Leu L TTA |       TCA | *** * TAA | *** * TGA
      TTG |       TCG |       TAG | Trp W TGG
----------------------------------------------
Leu L CTT | Pro P CCT | His H CAT | Arg R CGT
      CTC |       CCC |       CAC |       CGC
      CTA |       CCA | Gln Q CAA |       CGA
      CTG |       CCG |       CAG |       CGG
----------------------------------------------
Ile I ATT | Thr T ACT | Asn N AAT | Ser S AGT
      ATC |       ACC |       AAC |       AGC
      ATA |       ACA | Lys K AAA | Arg R AGA
Met M ATG |       ACG |       AAG |       AGG
----------------------------------------------
Val V GTT | Ala A GCT | Asp D GAT | Gly G GGT
      GTC |       GCC |       GAC |       GGC
      GTA |       GCA | Glu E GAA |       GGA
      GTG |       GCG |       GAG |       GGG
----------------------------------------------
Nice code, uuh?


Ambiguity character definition table:

T (1): T 
C (1): C 
A (1): A 
G (1): G 
U (1): T 
Y (2): T C 
R (2): A G 
M (2): C A 
K (2): T G 
S (2): C G 
W (2): T A 
H (3): T C A 
B (3): T C G 
V (3): C A G 
D (3): T A G 
- (4): T C A G 
N (4): T C A G 
? (4): T C A G 

ns = 4  	ls = 399
Reading sequences, interlaved format..
Reading seq # 1: A50     Reading seq # 2: A48     Reading seq # 3: A49     Reading seq # 4: A47     
block   1:     60     60     60     60
block   2:    120    120    120    120
block   3:    180    180    180    180
block   4:    240    240    240    240
block   5:    300    300    300    300
block   6:    360    360    360    360
block   7:    399    399    399    399
Sequences read..
Counting site patterns..  0:00
          60 patterns at      133 /      133 sites (100.0%),  0:00
1 ambiguous codons are seen in the data:
 ---
Counting codons..

  2   1:Sites    71.9 +  261.1 =  333.0	Diffs     0.0 +    3.0 =    3.0
  3   1:Sites    82.3 +  298.7 =  381.0	Diffs     5.3 +    9.7 =   15.0
  3   2:Sites    69.2 +  245.8 =  315.0	Diffs     5.3 +   12.7 =   18.0
  4   1:Sites    82.3 +  298.7 =  381.0	Diffs     5.3 +    9.7 =   15.0
  4   2:Sites    69.2 +  245.8 =  315.0	Diffs     5.3 +   12.7 =   18.0
  4   3:Sites    82.9 +  298.1 =  381.0	Diffs     0.0 +    0.0 =    0.0

       48 bytes for distance
    58560 bytes for conP
     3840 bytes for fhK
  5000000 bytes for space

TREE #  1
((3, (2, 1)), 4);   MP score: -1
This is a rooted tree, without clock.  Check.

    87840 bytes for conP, adjusted

    0.000000    0.017242    0.095377    0.030600    0.079230    0.088983    2.000000    0.587011    1.475943

ntime & nrate & np:     6     1     9

Bounds (np=9):
   0.000004   0.000004   0.000004   0.000004   0.000004   0.000004   0.000100   0.005000   0.005000
  50.000000  50.000000  50.000000  50.000000  50.000000  50.000000 999.000000  99.000000  99.000000
Qfactor_NS = 5.910063

np =     9
lnL0 =  -589.794718

Iterating by ming2
Initial: fx=   589.794718
x=  0.00000  0.01724  0.09538  0.03060  0.07923  0.08898  2.00000  0.58701  1.47594

  1 h-m-p  0.0000 0.0000 229.7574 ++      589.794337  m 0.0000    14 | 1/9
  2 h-m-p  0.0000 0.0000 46947.4632 ++      583.577619  m 0.0000    26 | 2/9
  3 h-m-p  0.0000 0.0000 20517.7887 ++      568.674261  m 0.0000    38 | 3/9
  4 h-m-p  0.0000 0.0000 488.9531 ++      567.223761  m 0.0000    50 | 4/9
  5 h-m-p  0.0008 0.0175   5.6041 YC      567.196031  1 0.0014    63 | 4/9
  6 h-m-p  0.0089 2.3202   0.8915 +++YYYYCCCCC   566.920763  8 0.6227    90 | 4/9
  7 h-m-p  0.2239 1.1197   1.3328 YCCCCC   566.755505  5 0.3139   116 | 4/9
  8 h-m-p  0.5280 2.6401   0.2163 YYCC    566.720857  3 0.3599   132 | 4/9
  9 h-m-p  0.8079 8.0000   0.0963 +CYC    566.622963  2 3.5493   153 | 4/9
 10 h-m-p  0.9900 4.9501   0.2070 +YYCYCCC   565.713544  6 3.4630   181 | 4/9
 11 h-m-p  0.0143 0.0717   5.8344 YYCCCCC   565.642622  6 0.0185   208 | 4/9
 12 h-m-p  0.0948 0.4742   1.1296 +YYYYCYC   564.633657  6 0.3657   228 | 4/9
 13 h-m-p  0.0073 0.0366   4.1464 YCYCCCC   564.550176  6 0.0113   250 | 4/9
 14 h-m-p  0.0530 0.2648   0.6038 ++      563.809046  m 0.2648   262 | 4/9
 15 h-m-p  0.0000 0.0000   0.6974 
h-m-p:      6.40326646e-16      3.20163323e-15      6.97371676e-01   563.809046
..  | 4/9
 16 h-m-p  0.0000 0.0026  13.5273 ++YCCC   563.773975  3 0.0004   300 | 4/9
 17 h-m-p  0.0030 1.0750   1.6288 ++CCCYCCC   563.083330  6 0.0462   325 | 4/9
 18 h-m-p  0.0003 0.0029 298.7236 --CC    563.082002  1 0.0000   341 | 4/9
 19 h-m-p  0.0002 0.0809  11.2476 ++++CC   562.681236  1 0.0414   359 | 4/9
 20 h-m-p  0.0064 0.0318   0.4427 ++      562.677456  m 0.0318   371 | 4/9
 21 h-m-p -0.0000 -0.0000   0.0458 
h-m-p:     -0.00000000e+00     -0.00000000e+00      4.58456229e-02   562.677456
..  | 4/9
 22 h-m-p  0.0002 0.0854   2.9264 +YC     562.675651  1 0.0004   404 | 4/9
 23 h-m-p  0.0008 0.2135   1.5115 YC      562.674225  1 0.0015   417 | 4/9
 24 h-m-p  0.0157 7.5389   0.1482 ++YYYYYC   562.670739  5 0.2511   436 | 4/9
 25 h-m-p  0.0010 0.0049   0.2974 +C      562.670688  0 0.0039   454 | 4/9
 26 h-m-p  0.0401 0.2005   0.0139 ++      562.670595  m 0.2005   471 | 4/9
 27 h-m-p  0.2588 8.0000   0.0108 +YY     562.670465  1 0.8159   490 | 4/9
 28 h-m-p  0.0420 0.2099   0.0068 ++      562.670454  m 0.2099   507 | 4/9
 29 h-m-p -0.0000 -0.0000   0.0005 
h-m-p:     -0.00000000e+00     -0.00000000e+00      5.24486643e-04   562.670454
..  | 4/9
 30 h-m-p  0.0033 1.6259   0.0253 C       562.670454  0 0.0008   538 | 4/9
 31 h-m-p  0.0016 0.8093   0.0399 Y       562.670453  0 0.0038   555 | 4/9
 32 h-m-p  0.0095 2.6594   0.0158 C       562.670452  0 0.0026   572 | 4/9
 33 h-m-p  0.0462 5.6207   0.0009 +Y      562.670452  0 0.3886   590 | 4/9
 34 h-m-p  0.9508 4.7541   0.0002 Y       562.670452  0 1.5942   607 | 4/9
 35 h-m-p  0.5424 2.7122   0.0002 ++      562.670452  m 2.7122   624 | 4/9
 36 h-m-p -0.0000 -0.0000   0.0004 
h-m-p:     -0.00000000e+00     -0.00000000e+00      4.22822827e-04   562.670452
..  | 4/9
 37 h-m-p  0.0160 8.0000   0.0019 --C     562.670452  0 0.0004   657 | 4/9
 38 h-m-p  0.0160 8.0000   0.0004 Y       562.670452  0 0.0021   674 | 4/9
 39 h-m-p  0.0160 8.0000   0.0002 +Y      562.670452  0 0.1573   692 | 4/9
 40 h-m-p  0.0319 0.1596   0.0002 ++      562.670452  m 0.1596   709 | 5/9
 41 h-m-p  0.0325 8.0000   0.0010 C       562.670452  0 0.0462   726 | 5/9
 42 h-m-p  1.6000 8.0000   0.0000 C       562.670452  0 1.6000   742 | 5/9
 43 h-m-p  1.6000 8.0000   0.0000 ----C   562.670452  0 0.0016   762
Out..
lnL  =  -562.670452
763 lfun, 6867 eigenQcodon, 36624 P(t)

Reconstructed ancestral states go into file rst.

lnL =  -562.670452 from ProbSitePattern.
Marginal reconstruction.
	Node   5: lnL =  -562.670452
	Node   6: lnL =  -562.670452
	Node   7: lnL =  -562.670452

warning: strange character '-' 
warning ambiguity in difcodonNG: --- CAT
warning: strange character '-' 
warning ambiguity in difcodonNG: --- GAC
warning: strange character '-' 
warning ambiguity in difcodonNG: --- ATC
warning: strange character '-' 
warning ambiguity in difcodonNG: --- ATT
warning: strange character '-' 
warning ambiguity in difcodonNG: --- ACA
warning: strange character '-' 
warning ambiguity in difcodonNG: --- CAC
warning: strange character '-' 
warning ambiguity in difcodonNG: --- CAT
warning: strange character '-' 
warning ambiguity in difcodonNG: --- TTT
warning: strange character '-' 
warning ambiguity in difcodonNG: --- TCA
warning: strange character '-' 
warning ambiguity in difcodonNG: --- TTT
warning: strange character '-' 
warning ambiguity in difcodonNG: --- CGT
warning: strange character '-' 
warning ambiguity in difcodonNG: --- TTC
warning: strange character '-' 
warning ambiguity in difcodonNG: --- ATT
warning: strange character '-' 
warning ambiguity in difcodonNG: --- TTA
warning: strange character '-' 
warning ambiguity in difcodonNG: --- TAT
warning: strange character '-' 
warning ambiguity in difcodonNG: --- CAT
warning: strange character '-' 
warning ambiguity in difcodonNG: --- TTT
warning: strange character '-' 
warning ambiguity in difcodonNG: --- TCA
warning: strange character '-' 
warning ambiguity in difcodonNG: --- TTT
warning: strange character '-' 
warning ambiguity in difcodonNG: --- CGT
warning: strange character '-' 
warning ambiguity in difcodonNG: --- TTC
warning: strange character '-' 
warning ambiguity in difcodonNG: --- ATT
warning: strange character '-' 
warning ambiguity in difcodonNG: --- TTA
warning: strange character '-' 
warning ambiguity in difcodonNG: --- TAT
warning: strange character '-' 
warning ambiguity in difcodonNG: --- CAC
warning: strange character '-' 
warning ambiguity in difcodonNG: --- ACA
warning: strange character '-' 
warning ambiguity in difcodonNG: --- CAC
warning: strange character '-' 
warning ambiguity in difcodonNG: --- ACA
warning: strange character '-' 
warning ambiguity in difcodonNG: --- CAT
warning: strange character '-' 
warning ambiguity in difcodonNG: --- GAC
warning: strange character '-' 
warning ambiguity in difcodonNG: --- ATC
warning: strange character '-' 
warning ambiguity in difcodonNG: --- ATT
warning: strange character '-' 
warning ambiguity in difcodonNG: --- ACA
warning: strange character '-' 
warning ambiguity in difcodonNG: --- CAC
warning: strange character '-' 
warning ambiguity in difcodonNG: CAT ---
warning: strange character '-' 
warning ambiguity in difcodonNG: TTT ---
warning: strange character '-' 
warning ambiguity in difcodonNG: TCA ---
warning: strange character '-' 
warning ambiguity in difcodonNG: TTT ---
warning: strange character '-' 
warning ambiguity in difcodonNG: CGT ---
warning: strange character '-' 
warning ambiguity in difcodonNG: TTC ---
warning: strange character '-' 
warning ambiguity in difcodonNG: ATT ---
warning: strange character '-' 
warning ambiguity in difcodonNG: TTA ---
warning: strange character '-' 
warning ambiguity in difcodonNG: TAT ---
warning: strange character '-' 
warning ambiguity in difcodonNG: CAT ---
warning: strange character '-' 
warning ambiguity in difcodonNG: TTT ---
warning: strange character '-' 
warning ambiguity in difcodonNG: TCA ---
warning: strange character '-' 
warning ambiguity in difcodonNG: TTT ---
warning: strange character '-' 
warning ambiguity in difcodonNG: CGT ---
warning: strange character '-' 
warning ambiguity in difcodonNG: TTC ---
warning: strange character '-' 
warning ambiguity in difcodonNG: ATT ---
warning: strange character '-' 
warning ambiguity in difcodonNG: TTA ---
warning: strange character '-' 
warning ambiguity in difcodonNG: TAT ---
warning: strange character '-' 
warning ambiguity in difcodonNG: CAC ---
warning: strange character '-' 
warning ambiguity in difcodonNG: ACA ---
warning: strange character '-' 
warning ambiguity in difcodonNG: CAC ---
warning: strange character '-' 
warning ambiguity in difcodonNG: ACA ---
warning: strange character '-' 
warning ambiguity in difcodonNG: CAT ---
warning: strange character '-' 
warning ambiguity in difcodonNG: CAT ---
warning: strange character '-' 
warning ambiguity in difcodonNG: GAC ---
warning: strange character '-' 
warning ambiguity in difcodonNG: GAC ---
warning: strange character '-' 
warning ambiguity in difcodonNG: ATC ---
warning: strange character '-' 
warning ambiguity in difcodonNG: ATC ---
warning: strange character '-' 
warning ambiguity in difcodonNG: ATT ---
warning: strange character '-' 
warning ambiguity in difcodonNG: ATT ---
warning: strange character '-' 
warning ambiguity in difcodonNG: ACA ---
warning: strange character '-' 
warning ambiguity in difcodonNG: ACA ---
warning: strange character '-' 
warning ambiguity in difcodonNG: CAC ---
warning: strange character '-' 
warning ambiguity in difcodonNG: CAC ---end of tree file.

Time used:  0:25
