
 15         verbose | verbose                1.00
  7         runmode | runmode                0.00
  4         seqtype | seqtype                1.00
 13       CodonFreq | CodonFreq              2.00
  9           clock | clock                  0.00
 18          aaDist | aaDist                 0.00
 19      aaRatefile | aaRatefile             1.00
 16           model | model                  0.00
 20         NSsites | NSsites                1.00
 22           icode | icode                  0.00
 23           Mgene | Mgene                  0.00
 24       fix_kappa | fix_kappa              0.00
 25           kappa | kappa                  2.00
 26       fix_omega | fix_omega              0.00
 27           omega | omega                  0.40
 28       fix_alpha | fix_alpha              1.00
 29           alpha | alpha                  0.00
 30          Malpha | Malpha                 0.00
 31           ncatG | ncatG                  8.00
 11           getSE | getSE                  0.00
 12    RateAncestor | RateAncestor           1.00
 36      Small_Diff | Small_Diff             0.00
  6       cleandata | cleandata              0.00
  8          method | method                 0.00
CODONML in paml version 4.8a, August 2014

----------------------------------------------
Phe F TTT | Ser S TCT | Tyr Y TAT | Cys C TGT
      TTC |       TCC |       TAC |       TGC
Leu L TTA |       TCA | *** * TAA | *** * TGA
      TTG |       TCG |       TAG | Trp W TGG
----------------------------------------------
Leu L CTT | Pro P CCT | His H CAT | Arg R CGT
      CTC |       CCC |       CAC |       CGC
      CTA |       CCA | Gln Q CAA |       CGA
      CTG |       CCG |       CAG |       CGG
----------------------------------------------
Ile I ATT | Thr T ACT | Asn N AAT | Ser S AGT
      ATC |       ACC |       AAC |       AGC
      ATA |       ACA | Lys K AAA | Arg R AGA
Met M ATG |       ACG |       AAG |       AGG
----------------------------------------------
Val V GTT | Ala A GCT | Asp D GAT | Gly G GGT
      GTC |       GCC |       GAC |       GGC
      GTA |       GCA | Glu E GAA |       GGA
      GTG |       GCG |       GAG |       GGG
----------------------------------------------
Nice code, uuh?


Ambiguity character definition table:

T (1): T 
C (1): C 
A (1): A 
G (1): G 
U (1): T 
Y (2): T C 
R (2): A G 
M (2): C A 
K (2): T G 
S (2): C G 
W (2): T A 
H (3): T C A 
B (3): T C G 
V (3): C A G 
D (3): T A G 
- (4): T C A G 
N (4): T C A G 
? (4): T C A G 

ns = 4  	ls = 399
Reading sequences, interlaved format..
Reading seq # 1: A50     Reading seq # 2: A48     Reading seq # 3: A49     Reading seq # 4: A47     
block   1:     60     60     60     60
block   2:    120    120    120    120
block   3:    180    180    180    180
block   4:    240    240    240    240
block   5:    300    300    300    300
block   6:    360    360    360    360
block   7:    399    399    399    399
Sequences read..
Counting site patterns..  0:00
          60 patterns at      133 /      133 sites (100.0%),  0:00
1 ambiguous codons are seen in the data:
 ---
Counting codons..

  2   1:Sites    71.9 +  261.1 =  333.0	Diffs     0.0 +    3.0 =    3.0
  3   1:Sites    82.3 +  298.7 =  381.0	Diffs     5.3 +    9.7 =   15.0
  3   2:Sites    69.2 +  245.8 =  315.0	Diffs     5.3 +   12.7 =   18.0
  4   1:Sites    82.3 +  298.7 =  381.0	Diffs     5.3 +    9.7 =   15.0
  4   2:Sites    69.2 +  245.8 =  315.0	Diffs     5.3 +   12.7 =   18.0
  4   3:Sites    82.9 +  298.1 =  381.0	Diffs     0.0 +    0.0 =    0.0

       48 bytes for distance
    58560 bytes for conP
      960 bytes for fhK
  5000000 bytes for space

TREE #  1
((3, (2, 1)), 4);   MP score: -1
This is a rooted tree, without clock.  Check.

    87840 bytes for conP, adjusted

    0.000000    0.017242    0.095377    0.030600    0.079230    0.088983    2.000000    0.654804    0.337971

ntime & nrate & np:     6     2     9

Bounds (np=9):
   0.000004   0.000004   0.000004   0.000004   0.000004   0.000004   0.000100   0.000010   0.000001
  50.000000  50.000000  50.000000  50.000000  50.000000  50.000000 999.000000   0.999990   1.000000
Qfactor_NS = 3.948449

np =     9
lnL0 =  -590.211063

Iterating by ming2
Initial: fx=   590.211063
x=  0.00000  0.01724  0.09538  0.03060  0.07923  0.08898  2.00000  0.65480  0.33797

  1 h-m-p  0.0000 0.0000 237.0990 ++      590.210673  m 0.0000    14 | 1/9
  2 h-m-p  0.0000 0.0000 363631.6170 ++      583.899992  m 0.0000    26 | 2/9
  3 h-m-p  0.0000 0.0000 137316.3556 ++      568.632164  m 0.0000    38 | 3/9
  4 h-m-p  0.0000 0.0000 365.7693 ++      567.293565  m 0.0000    50 | 4/9
  5 h-m-p  0.0038 0.1094   1.2515 YC      567.266296  1 0.0065    63 | 4/9
  6 h-m-p  0.0235 1.0372   0.3472 +YYC    567.259711  2 0.0803    78 | 4/9
  7 h-m-p  0.1978 8.0000   0.1409 +++     566.856537  m 8.0000    96 | 4/9
  8 h-m-p  0.0411 0.2054   5.0123 ++      566.083815  m 0.2054   113 | 5/9
  9 h-m-p  0.0226 0.1131  36.6287 +YCYCCC   564.226804  5 0.0701   135 | 5/9
 10 h-m-p  0.2222 1.1110   1.4245 CYCCCC   563.875534  5 0.3774   156 | 5/9
 11 h-m-p  0.1318 0.6591   0.6707 CYCYCC   563.012323  5 0.2989   177 | 5/9
 12 h-m-p  1.6000 8.0000   0.0806 CYC     562.545193  2 1.8566   196 | 5/9
 13 h-m-p  1.6000 8.0000   0.0679 CYC     562.463544  2 0.4597   215 | 5/9
 14 h-m-p  0.1374 4.6351   0.2272 +CCCC   562.419771  3 0.7224   238 | 5/9
 15 h-m-p  1.6000 8.0000   0.0076 YC      562.417316  1 1.2320   255 | 5/9
 16 h-m-p  1.6000 8.0000   0.0020 YC      562.417248  1 1.1700   272 | 5/9
 17 h-m-p  1.6000 8.0000   0.0007 Y       562.417247  0 1.0253   288 | 5/9
 18 h-m-p  1.6000 8.0000   0.0001 Y       562.417247  0 1.1548   304 | 5/9
 19 h-m-p  1.6000 8.0000   0.0000 C       562.417247  0 1.6000   320 | 5/9
 20 h-m-p  1.6000 8.0000   0.0000 ----------------..  | 5/9
 21 h-m-p  0.0160 8.0000   0.0002 --Y     562.417247  0 0.0003   368 | 5/9
 22 h-m-p  0.0160 8.0000   0.0002 ------C   562.417247  0 0.0000   390
Out..
lnL  =  -562.417247
391 lfun, 1173 eigenQcodon, 4692 P(t)

Reconstructed ancestral states go into file rst.

lnL =  -562.417247 from ProbSitePattern.
Marginal reconstruction.
	Node   5: lnL =  -562.417247
	Node   6: lnL =  -562.417247
	Node   7: lnL =  -562.417247

warning: strange character '-' 
warning ambiguity in difcodonNG: --- CAT
warning: strange character '-' 
warning ambiguity in difcodonNG: --- GAC
warning: strange character '-' 
warning ambiguity in difcodonNG: --- ATC
warning: strange character '-' 
warning ambiguity in difcodonNG: --- ATT
warning: strange character '-' 
warning ambiguity in difcodonNG: --- ACA
warning: strange character '-' 
warning ambiguity in difcodonNG: --- CAC
warning: strange character '-' 
warning ambiguity in difcodonNG: --- CAT
warning: strange character '-' 
warning ambiguity in difcodonNG: --- TTT
warning: strange character '-' 
warning ambiguity in difcodonNG: --- TCA
warning: strange character '-' 
warning ambiguity in difcodonNG: --- TTT
warning: strange character '-' 
warning ambiguity in difcodonNG: --- CGT
warning: strange character '-' 
warning ambiguity in difcodonNG: --- TTC
warning: strange character '-' 
warning ambiguity in difcodonNG: --- ATT
warning: strange character '-' 
warning ambiguity in difcodonNG: --- TTA
warning: strange character '-' 
warning ambiguity in difcodonNG: --- TAT
warning: strange character '-' 
warning ambiguity in difcodonNG: --- CAT
warning: strange character '-' 
warning ambiguity in difcodonNG: --- TTT
warning: strange character '-' 
warning ambiguity in difcodonNG: --- TCA
warning: strange character '-' 
warning ambiguity in difcodonNG: --- TTT
warning: strange character '-' 
warning ambiguity in difcodonNG: --- CGT
warning: strange character '-' 
warning ambiguity in difcodonNG: --- TTC
warning: strange character '-' 
warning ambiguity in difcodonNG: --- ATT
warning: strange character '-' 
warning ambiguity in difcodonNG: --- TTA
warning: strange character '-' 
warning ambiguity in difcodonNG: --- TAT
warning: strange character '-' 
warning ambiguity in difcodonNG: --- CAC
warning: strange character '-' 
warning ambiguity in difcodonNG: --- ACA
warning: strange character '-' 
warning ambiguity in difcodonNG: --- CAC
warning: strange character '-' 
warning ambiguity in difcodonNG: --- ACA
warning: strange character '-' 
warning ambiguity in difcodonNG: --- CAT
warning: strange character '-' 
warning ambiguity in difcodonNG: --- GAC
warning: strange character '-' 
warning ambiguity in difcodonNG: --- ATC
warning: strange character '-' 
warning ambiguity in difcodonNG: --- ATT
warning: strange character '-' 
warning ambiguity in difcodonNG: --- ACA
warning: strange character '-' 
warning ambiguity in difcodonNG: --- CAC
warning: strange character '-' 
warning ambiguity in difcodonNG: CAT ---
warning: strange character '-' 
warning ambiguity in difcodonNG: TTT ---
warning: strange character '-' 
warning ambiguity in difcodonNG: TCA ---
warning: strange character '-' 
warning ambiguity in difcodonNG: TTT ---
warning: strange character '-' 
warning ambiguity in difcodonNG: CGT ---
warning: strange character '-' 
warning ambiguity in difcodonNG: TTC ---
warning: strange character '-' 
warning ambiguity in difcodonNG: ATT ---
warning: strange character '-' 
warning ambiguity in difcodonNG: TTA ---
warning: strange character '-' 
warning ambiguity in difcodonNG: TAT ---
warning: strange character '-' 
warning ambiguity in difcodonNG: CAT ---
warning: strange character '-' 
warning ambiguity in difcodonNG: TTT ---
warning: strange character '-' 
warning ambiguity in difcodonNG: TCA ---
warning: strange character '-' 
warning ambiguity in difcodonNG: TTT ---
warning: strange character '-' 
warning ambiguity in difcodonNG: CGT ---
warning: strange character '-' 
warning ambiguity in difcodonNG: TTC ---
warning: strange character '-' 
warning ambiguity in difcodonNG: ATT ---
warning: strange character '-' 
warning ambiguity in difcodonNG: TTA ---
warning: strange character '-' 
warning ambiguity in difcodonNG: TAT ---
warning: strange character '-' 
warning ambiguity in difcodonNG: CAC ---
warning: strange character '-' 
warning ambiguity in difcodonNG: ACA ---
warning: strange character '-' 
warning ambiguity in difcodonNG: CAC ---
warning: strange character '-' 
warning ambiguity in difcodonNG: ACA ---
warning: strange character '-' 
warning ambiguity in difcodonNG: CAT ---
warning: strange character '-' 
warning ambiguity in difcodonNG: CAT ---
warning: strange character '-' 
warning ambiguity in difcodonNG: GAC ---
warning: strange character '-' 
warning ambiguity in difcodonNG: GAC ---
warning: strange character '-' 
warning ambiguity in difcodonNG: ATC ---
warning: strange character '-' 
warning ambiguity in difcodonNG: ATC ---
warning: strange character '-' 
warning ambiguity in difcodonNG: ATT ---
warning: strange character '-' 
warning ambiguity in difcodonNG: ATT ---
warning: strange character '-' 
warning ambiguity in difcodonNG: ACA ---
warning: strange character '-' 
warning ambiguity in difcodonNG: ACA ---
warning: strange character '-' 
warning ambiguity in difcodonNG: CAC ---
warning: strange character '-' 
warning ambiguity in difcodonNG: CAC ---end of tree file.

Time used:  0:03
