
 15         verbose | verbose                1.00
  7         runmode | runmode                0.00
  4         seqtype | seqtype                1.00
 13       CodonFreq | CodonFreq              2.00
  9           clock | clock                  0.00
 18          aaDist | aaDist                 0.00
 19      aaRatefile | aaRatefile             1.00
 16           model | model                  0.00
 20         NSsites | NSsites                2.00
 22           icode | icode                  0.00
 23           Mgene | Mgene                  0.00
 24       fix_kappa | fix_kappa              0.00
 25           kappa | kappa                  2.00
 26       fix_omega | fix_omega              0.00
 27           omega | omega                  0.40
 28       fix_alpha | fix_alpha              1.00
 29           alpha | alpha                  0.00
 30          Malpha | Malpha                 0.00
 31           ncatG | ncatG                  8.00
 11           getSE | getSE                  0.00
 12    RateAncestor | RateAncestor           1.00
 36      Small_Diff | Small_Diff             0.00
  6       cleandata | cleandata              0.00
  8          method | method                 0.00
CODONML in paml version 4.8a, August 2014

----------------------------------------------
Phe F TTT | Ser S TCT | Tyr Y TAT | Cys C TGT
      TTC |       TCC |       TAC |       TGC
Leu L TTA |       TCA | *** * TAA | *** * TGA
      TTG |       TCG |       TAG | Trp W TGG
----------------------------------------------
Leu L CTT | Pro P CCT | His H CAT | Arg R CGT
      CTC |       CCC |       CAC |       CGC
      CTA |       CCA | Gln Q CAA |       CGA
      CTG |       CCG |       CAG |       CGG
----------------------------------------------
Ile I ATT | Thr T ACT | Asn N AAT | Ser S AGT
      ATC |       ACC |       AAC |       AGC
      ATA |       ACA | Lys K AAA | Arg R AGA
Met M ATG |       ACG |       AAG |       AGG
----------------------------------------------
Val V GTT | Ala A GCT | Asp D GAT | Gly G GGT
      GTC |       GCC |       GAC |       GGC
      GTA |       GCA | Glu E GAA |       GGA
      GTG |       GCG |       GAG |       GGG
----------------------------------------------
Nice code, uuh?


Ambiguity character definition table:

T (1): T 
C (1): C 
A (1): A 
G (1): G 
U (1): T 
Y (2): T C 
R (2): A G 
M (2): C A 
K (2): T G 
S (2): C G 
W (2): T A 
H (3): T C A 
B (3): T C G 
V (3): C A G 
D (3): T A G 
- (4): T C A G 
N (4): T C A G 
? (4): T C A G 

ns = 4  	ls = 399
Reading sequences, interlaved format..
Reading seq # 1: A50     Reading seq # 2: A48     Reading seq # 3: A49     Reading seq # 4: A47     
block   1:     60     60     60     60
block   2:    120    120    120    120
block   3:    180    180    180    180
block   4:    240    240    240    240
block   5:    300    300    300    300
block   6:    360    360    360    360
block   7:    399    399    399    399
Sequences read..
Counting site patterns..  0:00
          60 patterns at      133 /      133 sites (100.0%),  0:00
1 ambiguous codons are seen in the data:
 ---
Counting codons..

  2   1:Sites    71.9 +  261.1 =  333.0	Diffs     0.0 +    3.0 =    3.0
  3   1:Sites    82.3 +  298.7 =  381.0	Diffs     5.3 +    9.7 =   15.0
  3   2:Sites    69.2 +  245.8 =  315.0	Diffs     5.3 +   12.7 =   18.0
  4   1:Sites    82.3 +  298.7 =  381.0	Diffs     5.3 +    9.7 =   15.0
  4   2:Sites    69.2 +  245.8 =  315.0	Diffs     5.3 +   12.7 =   18.0
  4   3:Sites    82.9 +  298.1 =  381.0	Diffs     0.0 +    0.0 =    0.0

       48 bytes for distance
    58560 bytes for conP
     1440 bytes for fhK
  5000000 bytes for space

TREE #  1
((3, (2, 1)), 4);   MP score: -1
This is a rooted tree, without clock.  Check.

    87840 bytes for conP, adjusted

initial w for M2:NSpselection reset.

    0.000000    0.017242    0.095377    0.030600    0.079230    0.088983    2.000000    1.187011    0.337971    0.452877    2.638800

ntime & nrate & np:     6     3    11

Bounds (np=11):
   0.000004   0.000004   0.000004   0.000004   0.000004   0.000004   0.000100 -99.000000 -99.000000   0.000001   1.000000
  50.000000  50.000000  50.000000  50.000000  50.000000  50.000000 999.000000  99.000000  99.000000   1.000000 999.000000
Qfactor_NS = 2.678897

np =    11
lnL0 =  -587.636906

Iterating by ming2
Initial: fx=   587.636906
x=  0.00000  0.01724  0.09538  0.03060  0.07923  0.08898  2.00000  1.18701  0.33797  0.45288  2.63880

  1 h-m-p  0.0000 0.0000 225.1737 ++      587.636535  m 0.0000    16 | 1/11
  2 h-m-p  0.0000 0.0000 26613.2170 ++      581.526234  m 0.0000    30 | 2/11
  3 h-m-p  0.0000 0.0000 9250.0856 ++      566.687861  m 0.0000    44 | 3/11
  4 h-m-p  0.0000 0.0000 1476.8851 ++      565.527904  m 0.0000    58 | 4/11
  5 h-m-p  0.0004 0.0117   9.3921 +CCCC   565.452195  3 0.0018    79 | 4/11
  6 h-m-p  0.0015 0.0421  11.2051 +++     561.727425  m 0.0421    94 | 5/11
  7 h-m-p  0.0008 0.0042 198.3165 CCCCC   561.604272  4 0.0010   116 | 5/11
  8 h-m-p  0.1141 8.0000   1.6881 ++YYCCCC   558.553799  5 3.2570   140 | 5/11
  9 h-m-p  1.0946 8.0000   5.0230 YYCCC   552.362719  4 1.6335   160 | 5/11
 10 h-m-p  1.6000 8.0000   3.5753 ++      546.801465  m 8.0000   174 | 5/11
 11 h-m-p  1.6000 8.0000   8.0866 CCCCC   544.094200  4 0.5154   196 | 5/11
 12 h-m-p  0.7410 8.0000   5.6253 ++      541.941868  m 8.0000   210 | 5/11
 13 h-m-p  1.6000 8.0000  12.6982 CYC     541.641492  2 1.8469   227 | 5/11
 14 h-m-p  1.0942 8.0000  21.4335 CCC     541.298454  2 1.6953   245 | 5/11
 15 h-m-p  1.6000 8.0000  12.5540 YCCC    541.182008  3 2.7235   264 | 5/11
 16 h-m-p  1.6000 8.0000   8.9927 CC      541.145029  1 2.1868   280 | 5/11
 17 h-m-p  1.6000 8.0000   4.8209 ++      540.998555  m 8.0000   294 | 5/11
 18 h-m-p  1.4254 8.0000  27.0564 +CC     540.600945  1 5.4206   311 | 5/11
 19 h-m-p  1.6000 8.0000  19.8244 YCC     540.580741  2 1.2072   328 | 5/11
 20 h-m-p  1.2594 8.0000  19.0031 ++      540.482636  m 8.0000   342 | 5/11
 21 h-m-p  0.4587 2.2935 247.5017 ----------------..  | 5/11
 22 h-m-p  0.0133 6.6505   3.2362 YCCC    540.447871  3 0.0072   389 | 5/11
 23 h-m-p  0.0245 1.9109   0.9439 +YCC    540.372896  2 0.1842   407 | 5/11
 24 h-m-p  0.1103 2.5768   1.5758 ++YCYCCC   539.270328  5 1.3151   438 | 5/11
 25 h-m-p  1.6000 8.0000   0.1703 YCC     539.240692  2 1.1524   455 | 5/11
 26 h-m-p  0.8951 8.0000   0.2192 C       539.237125  0 0.2439   475 | 5/11
 27 h-m-p  1.6000 8.0000   0.0259 CC      539.236240  1 1.8817   497 | 5/11
 28 h-m-p  0.7129 8.0000   0.0683 ++      539.223604  m 8.0000   517 | 5/11
 29 h-m-p  0.0449 0.9480  12.1699 +CYCYC   539.144213  4 0.3925   545 | 5/11
 30 h-m-p  0.8027 4.0137   1.6781 YYYYC   539.125216  4 0.7598   563 | 5/11
 31 h-m-p  0.9982 8.0000   1.2773 YCCC    539.112849  3 0.4248   582 | 5/11
 32 h-m-p  1.6000 8.0000   0.1331 YC      539.111744  1 0.6549   597 | 5/11
 33 h-m-p  1.6000 8.0000   0.0519 YC      539.111688  1 0.9500   618 | 5/11
 34 h-m-p  1.6000 8.0000   0.0021 +Y      539.111683  0 4.6764   639 | 5/11
 35 h-m-p  1.6000 8.0000   0.0059 ++      539.111625  m 8.0000   659 | 5/11
 36 h-m-p  0.0213 8.0000   2.2252 +++CC   539.109030  1 1.8232   684 | 5/11
 37 h-m-p  1.6000 8.0000   2.1324 ++      539.088485  m 8.0000   698 | 5/11
 38 h-m-p  0.0686 1.6510 248.8524 +++     538.751111  m 1.6510   713 | 6/11
 39 h-m-p  0.2915 1.4575   7.0676 ---------------..  | 6/11
 40 h-m-p  0.0001 0.0413   2.5609 +++YYC   538.734302  2 0.0049   759 | 6/11
 41 h-m-p  0.0504 5.3134   0.2473 YC      538.731294  1 0.0999   774 | 6/11
 42 h-m-p  0.2767 8.0000   0.0893 +CYC    538.726697  2 1.3200   797 | 6/11
 43 h-m-p  1.6000 8.0000   0.0210 +C      538.725215  0 6.2436   817 | 6/11
 44 h-m-p  0.9341 8.0000   0.1407 ++      538.705479  m 8.0000   836 | 6/11
 45 h-m-p  0.1233 8.0000   9.1289 +YCC    538.611421  2 1.0815   859 | 6/11
 46 h-m-p  1.6000 8.0000   1.3694 CC      538.573853  1 2.4031   875 | 6/11
 47 h-m-p  1.6000 8.0000   1.5594 YCCC    538.535824  3 3.3200   894 | 6/11
 48 h-m-p  1.6000 8.0000   0.3940 YC      538.534614  1 1.0380   909 | 6/11
 49 h-m-p  0.7384 8.0000   0.5538 C       538.534487  0 0.8560   928 | 6/11
 50 h-m-p  1.6000 8.0000   0.0631 Y       538.534480  0 1.1753   947 | 6/11
 51 h-m-p  1.6000 8.0000   0.0003 C       538.534480  0 2.1504   966 | 6/11
 52 h-m-p  0.7033 8.0000   0.0009 C       538.534480  0 1.0412   985 | 6/11
 53 h-m-p  1.6000 8.0000   0.0000 C       538.534480  0 2.4286  1004 | 6/11
 54 h-m-p  1.6000 8.0000   0.0000 -------Y   538.534480  0 0.0000  1030
Out..
lnL  =  -538.534480
1031 lfun, 4124 eigenQcodon, 18558 P(t)

BEBing (dim = 4).  This may take several minutes.
Calculating f(x_h|w): 10 categories 21 w sets.
S10 w log{f(x|w)}:    0.0500     -5.680637
S10 w log{f(x|w)}:    0.1500     -5.682031
S10 w log{f(x|w)}:    0.2500     -5.683425
S10 w log{f(x|w)}:    0.3500     -5.684818
S10 w log{f(x|w)}:    0.4500     -5.686211
S10 w log{f(x|w)}:    0.5500     -5.687605
S10 w log{f(x|w)}:    0.6500     -5.688997
S10 w log{f(x|w)}:    0.7500     -5.690390
S10 w log{f(x|w)}:    0.8500     -5.691782
S10 w log{f(x|w)}:    0.9500     -5.693174
S10 w log{f(x|w)}:    1.0000     -5.693870
S10 w log{f(x|w)}:    1.5000     -5.700825
S10 w log{f(x|w)}:    2.5000     -5.714716
S10 w log{f(x|w)}:    3.5000     -5.728580
S10 w log{f(x|w)}:    4.5000     -5.742418
S10 w log{f(x|w)}:    5.5000     -5.756229
S10 w log{f(x|w)}:    6.5000     -5.770013
S10 w log{f(x|w)}:    7.5000     -5.783770
S10 w log{f(x|w)}:    8.5000     -5.797500
S10 w log{f(x|w)}:    9.5000     -5.811204
S10 w log{f(x|w)}:   10.5000     -5.824880
Calculating f(X), the marginal probability of data.
	log(fX) =  -577.120340  S =  -551.142572   -21.155597
Calculating f(w|X), posterior probabilities of site classes.
	did  10 /  60 patterns   0:13	did  20 /  60 patterns   0:13	did  30 /  60 patterns   0:13	did  40 /  60 patterns   0:13	did  50 /  60 patterns   0:13	did  60 /  60 patterns   0:13
Reconstructed ancestral states go into file rst.

lnL =  -538.534480 from ProbSitePattern.
Marginal reconstruction.
	Node   5: lnL =  -538.534480
	Node   6: lnL =  -538.534480
	Node   7: lnL =  -538.534480

warning: strange character '-' 
warning ambiguity in difcodonNG: --- CAT
warning: strange character '-' 
warning ambiguity in difcodonNG: --- GAC
warning: strange character '-' 
warning ambiguity in difcodonNG: --- ATC
warning: strange character '-' 
warning ambiguity in difcodonNG: --- ATT
warning: strange character '-' 
warning ambiguity in difcodonNG: --- ACA
warning: strange character '-' 
warning ambiguity in difcodonNG: --- CAC
warning: strange character '-' 
warning ambiguity in difcodonNG: --- CAT
warning: strange character '-' 
warning ambiguity in difcodonNG: --- TTT
warning: strange character '-' 
warning ambiguity in difcodonNG: --- TCA
warning: strange character '-' 
warning ambiguity in difcodonNG: --- TTT
warning: strange character '-' 
warning ambiguity in difcodonNG: --- CGT
warning: strange character '-' 
warning ambiguity in difcodonNG: --- TTC
warning: strange character '-' 
warning ambiguity in difcodonNG: --- ATT
warning: strange character '-' 
warning ambiguity in difcodonNG: --- TTA
warning: strange character '-' 
warning ambiguity in difcodonNG: --- TAT
warning: strange character '-' 
warning ambiguity in difcodonNG: --- CAT
warning: strange character '-' 
warning ambiguity in difcodonNG: --- TTT
warning: strange character '-' 
warning ambiguity in difcodonNG: --- TCA
warning: strange character '-' 
warning ambiguity in difcodonNG: --- TTT
warning: strange character '-' 
warning ambiguity in difcodonNG: --- CGT
warning: strange character '-' 
warning ambiguity in difcodonNG: --- TTC
warning: strange character '-' 
warning ambiguity in difcodonNG: --- ATT
warning: strange character '-' 
warning ambiguity in difcodonNG: --- TTA
warning: strange character '-' 
warning ambiguity in difcodonNG: --- TAT
warning: strange character '-' 
warning ambiguity in difcodonNG: --- CAC
warning: strange character '-' 
warning ambiguity in difcodonNG: --- ACA
warning: strange character '-' 
warning ambiguity in difcodonNG: --- CAC
warning: strange character '-' 
warning ambiguity in difcodonNG: --- ACA
warning: strange character '-' 
warning ambiguity in difcodonNG: --- CAT
warning: strange character '-' 
warning ambiguity in difcodonNG: --- GAC
warning: strange character '-' 
warning ambiguity in difcodonNG: --- ATC
warning: strange character '-' 
warning ambiguity in difcodonNG: --- ATT
warning: strange character '-' 
warning ambiguity in difcodonNG: --- ACA
warning: strange character '-' 
warning ambiguity in difcodonNG: --- CAC
warning: strange character '-' 
warning ambiguity in difcodonNG: CAT ---
warning: strange character '-' 
warning ambiguity in difcodonNG: TTT ---
warning: strange character '-' 
warning ambiguity in difcodonNG: TCA ---
warning: strange character '-' 
warning ambiguity in difcodonNG: TTT ---
warning: strange character '-' 
warning ambiguity in difcodonNG: CGT ---
warning: strange character '-' 
warning ambiguity in difcodonNG: TTC ---
warning: strange character '-' 
warning ambiguity in difcodonNG: ATT ---
warning: strange character '-' 
warning ambiguity in difcodonNG: TTA ---
warning: strange character '-' 
warning ambiguity in difcodonNG: TAT ---
warning: strange character '-' 
warning ambiguity in difcodonNG: CAT ---
warning: strange character '-' 
warning ambiguity in difcodonNG: TTT ---
warning: strange character '-' 
warning ambiguity in difcodonNG: TCA ---
warning: strange character '-' 
warning ambiguity in difcodonNG: TTT ---
warning: strange character '-' 
warning ambiguity in difcodonNG: CGT ---
warning: strange character '-' 
warning ambiguity in difcodonNG: TTC ---
warning: strange character '-' 
warning ambiguity in difcodonNG: ATT ---
warning: strange character '-' 
warning ambiguity in difcodonNG: TTA ---
warning: strange character '-' 
warning ambiguity in difcodonNG: TAT ---
warning: strange character '-' 
warning ambiguity in difcodonNG: CAC ---
warning: strange character '-' 
warning ambiguity in difcodonNG: ACA ---
warning: strange character '-' 
warning ambiguity in difcodonNG: CAC ---
warning: strange character '-' 
warning ambiguity in difcodonNG: ACA ---
warning: strange character '-' 
warning ambiguity in difcodonNG: CAT ---
warning: strange character '-' 
warning ambiguity in difcodonNG: CAT ---
warning: strange character '-' 
warning ambiguity in difcodonNG: GAC ---
warning: strange character '-' 
warning ambiguity in difcodonNG: GAC ---
warning: strange character '-' 
warning ambiguity in difcodonNG: ATC ---
warning: strange character '-' 
warning ambiguity in difcodonNG: ATC ---
warning: strange character '-' 
warning ambiguity in difcodonNG: ATT ---
warning: strange character '-' 
warning ambiguity in difcodonNG: ATT ---
warning: strange character '-' 
warning ambiguity in difcodonNG: ACA ---
warning: strange character '-' 
warning ambiguity in difcodonNG: ACA ---
warning: strange character '-' 
warning ambiguity in difcodonNG: CAC ---
warning: strange character '-' 
warning ambiguity in difcodonNG: CAC ---end of tree file.

Time used:  0:13
