This file contains any messages produced by compilers while
running configure, to aid debugging if configure makes a mistake.

It was created by Newick Utils configure 1.6, which was
generated by GNU Autoconf 2.68.  Invocation command line was

  $ ./configure 

## --------- ##
## Platform. ##
## --------- ##

hostname = note-leo
uname -m = x86_64
uname -r = 4.4.0-128-generic
uname -s = Linux
uname -v = #154-Ubuntu SMP Fri May 25 14:15:18 UTC 2018

/usr/bin/uname -p = unknown
/bin/uname -X     = unknown

/bin/arch              = unknown
/usr/bin/arch -k       = unknown
/usr/convex/getsysinfo = unknown
/usr/bin/hostinfo      = unknown
/bin/machine           = unknown
/usr/bin/oslevel       = unknown
/bin/universe          = unknown

PATH: /usr/local/sbin
PATH: /usr/local/bin
PATH: /usr/sbin
PATH: /usr/bin
PATH: /sbin
PATH: /bin
PATH: /usr/games
PATH: /usr/local/games
PATH: /snap/bin


## ----------- ##
## Core tests. ##
## ----------- ##

configure:2307: checking for a BSD-compatible install
configure:2375: result: /usr/bin/install -c
configure:2386: checking whether build environment is sane
configure:2436: result: yes
configure:2577: checking for a thread-safe mkdir -p
configure:2616: result: /bin/mkdir -p
configure:2629: checking for gawk
configure:2659: result: no
configure:2629: checking for mawk
configure:2645: found /usr/bin/mawk
configure:2656: result: mawk
configure:2667: checking whether make sets $(MAKE)
configure:2689: result: yes
configure:2864: checking for gcc
configure:2880: found /usr/bin/gcc
configure:2891: result: gcc
configure:3120: checking for C compiler version
configure:3129: gcc --version >&5
gcc (Ubuntu 5.4.0-6ubuntu1~16.04.9) 5.4.0 20160609
Copyright (C) 2015 Free Software Foundation, Inc.
This is free software; see the source for copying conditions.  There is NO
warranty; not even for MERCHANTABILITY or FITNESS FOR A PARTICULAR PURPOSE.

configure:3140: $? = 0
configure:3129: gcc -v >&5
Using built-in specs.
COLLECT_GCC=gcc
COLLECT_LTO_WRAPPER=/usr/lib/gcc/x86_64-linux-gnu/5/lto-wrapper
Target: x86_64-linux-gnu
Configured with: ../src/configure -v --with-pkgversion='Ubuntu 5.4.0-6ubuntu1~16.04.9' --with-bugurl=file:///usr/share/doc/gcc-5/README.Bugs --enable-languages=c,ada,c++,java,go,d,fortran,objc,obj-c++ --prefix=/usr --program-suffix=-5 --enable-shared --enable-linker-build-id --libexecdir=/usr/lib --without-included-gettext --enable-threads=posix --libdir=/usr/lib --enable-nls --with-sysroot=/ --enable-clocale=gnu --enable-libstdcxx-debug --enable-libstdcxx-time=yes --with-default-libstdcxx-abi=new --enable-gnu-unique-object --disable-vtable-verify --enable-libmpx --enable-plugin --with-system-zlib --disable-browser-plugin --enable-java-awt=gtk --enable-gtk-cairo --with-java-home=/usr/lib/jvm/java-1.5.0-gcj-5-amd64/jre --enable-java-home --with-jvm-root-dir=/usr/lib/jvm/java-1.5.0-gcj-5-amd64 --with-jvm-jar-dir=/usr/lib/jvm-exports/java-1.5.0-gcj-5-amd64 --with-arch-directory=amd64 --with-ecj-jar=/usr/share/java/eclipse-ecj.jar --enable-objc-gc --enable-multiarch --disable-werror --with-arch-32=i686 --with-abi=m64 --with-multilib-list=m32,m64,mx32 --enable-multilib --with-tune=generic --enable-checking=release --build=x86_64-linux-gnu --host=x86_64-linux-gnu --target=x86_64-linux-gnu
Thread model: posix
gcc version 5.4.0 20160609 (Ubuntu 5.4.0-6ubuntu1~16.04.9) 
configure:3140: $? = 0
configure:3129: gcc -V >&5
gcc: error: unrecognized command line option '-V'
gcc: fatal error: no input files
compilation terminated.
configure:3140: $? = 1
configure:3129: gcc -qversion >&5
gcc: error: unrecognized command line option '-qversion'
gcc: fatal error: no input files
compilation terminated.
configure:3140: $? = 1
configure:3160: checking whether the C compiler works
configure:3182: gcc    conftest.c  >&5
configure:3186: $? = 0
configure:3234: result: yes
configure:3237: checking for C compiler default output file name
configure:3239: result: a.out
configure:3245: checking for suffix of executables
configure:3252: gcc -o conftest    conftest.c  >&5
configure:3256: $? = 0
configure:3278: result: 
configure:3300: checking whether we are cross compiling
configure:3308: gcc -o conftest    conftest.c  >&5
configure:3312: $? = 0
configure:3319: ./conftest
configure:3323: $? = 0
configure:3338: result: no
configure:3343: checking for suffix of object files
configure:3365: gcc -c   conftest.c >&5
configure:3369: $? = 0
configure:3390: result: o
configure:3394: checking whether we are using the GNU C compiler
configure:3413: gcc -c   conftest.c >&5
configure:3413: $? = 0
configure:3422: result: yes
configure:3431: checking whether gcc accepts -g
configure:3451: gcc -c -g  conftest.c >&5
configure:3451: $? = 0
configure:3492: result: yes
configure:3509: checking for gcc option to accept ISO C89
configure:3573: gcc  -c -g -O2  conftest.c >&5
configure:3573: $? = 0
configure:3586: result: none needed
configure:3617: checking for style of include used by make
configure:3645: result: GNU
configure:3670: checking dependency style of gcc
configure:3780: result: gcc3
configure:3799: checking for bison
configure:3829: result: no
configure:3799: checking for byacc
configure:3829: result: no
configure:3843: checking for flex
configure:3873: result: no
configure:3843: checking for lex
configure:3873: result: no
configure:4031: checking build system type
configure:4045: result: x86_64-unknown-linux-gnu
configure:4065: checking host system type
configure:4078: result: x86_64-unknown-linux-gnu
configure:4119: checking how to print strings
configure:4146: result: printf
configure:4167: checking for a sed that does not truncate output
configure:4231: result: /bin/sed
configure:4249: checking for grep that handles long lines and -e
configure:4307: result: /bin/grep
configure:4312: checking for egrep
configure:4374: result: /bin/grep -E
configure:4379: checking for fgrep
configure:4441: result: /bin/grep -F
configure:4476: checking for ld used by gcc
configure:4543: result: /usr/bin/ld
configure:4550: checking if the linker (/usr/bin/ld) is GNU ld
configure:4565: result: yes
configure:4577: checking for BSD- or MS-compatible name lister (nm)
configure:4626: result: /usr/bin/nm -B
configure:4756: checking the name lister (/usr/bin/nm -B) interface
configure:4763: gcc -c -g -O2  conftest.c >&5
configure:4766: /usr/bin/nm -B "conftest.o"
configure:4769: output
0000000000000000 B some_variable
configure:4776: result: BSD nm
configure:4779: checking whether ln -s works
configure:4783: result: yes
configure:4791: checking the maximum length of command line arguments
configure:4916: result: 1572864
configure:4933: checking whether the shell understands some XSI constructs
configure:4943: result: yes
configure:4947: checking whether the shell understands "+="
configure:4953: result: yes
configure:4988: checking how to convert x86_64-unknown-linux-gnu file names to x86_64-unknown-linux-gnu format
configure:5028: result: func_convert_file_noop
configure:5035: checking how to convert x86_64-unknown-linux-gnu file names to toolchain format
configure:5055: result: func_convert_file_noop
configure:5062: checking for /usr/bin/ld option to reload object files
configure:5069: result: -r
configure:5143: checking for objdump
configure:5159: found /usr/bin/objdump
configure:5170: result: objdump
configure:5202: checking how to recognize dependent libraries
configure:5404: result: pass_all
configure:5489: checking for dlltool
configure:5519: result: no
configure:5549: checking how to associate runtime and link libraries
configure:5576: result: printf %s\n
configure:5636: checking for ar
configure:5652: found /usr/bin/ar
configure:5663: result: ar
configure:5700: checking for archiver @FILE support
configure:5717: gcc -c -g -O2  conftest.c >&5
configure:5717: $? = 0
configure:5720: ar cru libconftest.a @conftest.lst >&5
ar: `u' modifier ignored since `D' is the default (see `U')
configure:5723: $? = 0
configure:5728: ar cru libconftest.a @conftest.lst >&5
ar: `u' modifier ignored since `D' is the default (see `U')
ar: conftest.o: No such file or directory
configure:5731: $? = 1
configure:5743: result: @
configure:5801: checking for strip
configure:5817: found /usr/bin/strip
configure:5828: result: strip
configure:5900: checking for ranlib
configure:5916: found /usr/bin/ranlib
configure:5927: result: ranlib
configure:6029: checking command to parse /usr/bin/nm -B output from gcc object
configure:6148: gcc -c -g -O2  conftest.c >&5
configure:6151: $? = 0
configure:6155: /usr/bin/nm -B conftest.o \| sed -n -e 's/^.*[ ]\([ABCDGIRSTW][ABCDGIRSTW]*\)[ ][ ]*\([_A-Za-z][_A-Za-z0-9]*\)$/\1 \2 \2/p' | sed '/ __gnu_lto/d' \> conftest.nm
configure:6158: $? = 0
configure:6224: gcc -o conftest -g -O2   conftest.c conftstm.o >&5
configure:6227: $? = 0
configure:6265: result: ok
configure:6302: checking for sysroot
configure:6332: result: no
configure:6409: gcc -c -g -O2  conftest.c >&5
configure:6412: $? = 0
configure:6575: checking for mt
configure:6591: found /bin/mt
configure:6602: result: mt
configure:6625: checking if mt is a manifest tool
configure:6631: mt '-?'
configure:6639: result: no
configure:7271: checking how to run the C preprocessor
configure:7302: gcc -E  conftest.c
configure:7302: $? = 0
configure:7316: gcc -E  conftest.c
conftest.c:11:28: fatal error: ac_nonexistent.h: No such file or directory
compilation terminated.
configure:7316: $? = 1
configure: failed program was:
| /* confdefs.h */
| #define PACKAGE_NAME "Newick Utils"
| #define PACKAGE_TARNAME "newick-utils"
| #define PACKAGE_VERSION "1.6"
| #define PACKAGE_STRING "Newick Utils 1.6"
| #define PACKAGE_BUGREPORT "thomas.junier@.unige.ch"
| #define PACKAGE_URL ""
| #define PACKAGE "newick-utils"
| #define VERSION "1.6"
| /* end confdefs.h.  */
| #include <ac_nonexistent.h>
configure:7341: result: gcc -E
configure:7361: gcc -E  conftest.c
configure:7361: $? = 0
configure:7375: gcc -E  conftest.c
conftest.c:11:28: fatal error: ac_nonexistent.h: No such file or directory
compilation terminated.
configure:7375: $? = 1
configure: failed program was:
| /* confdefs.h */
| #define PACKAGE_NAME "Newick Utils"
| #define PACKAGE_TARNAME "newick-utils"
| #define PACKAGE_VERSION "1.6"
| #define PACKAGE_STRING "Newick Utils 1.6"
| #define PACKAGE_BUGREPORT "thomas.junier@.unige.ch"
| #define PACKAGE_URL ""
| #define PACKAGE "newick-utils"
| #define VERSION "1.6"
| /* end confdefs.h.  */
| #include <ac_nonexistent.h>
configure:7404: checking for ANSI C header files
configure:7424: gcc -c -g -O2  conftest.c >&5
configure:7424: $? = 0
configure:7497: gcc -o conftest -g -O2   conftest.c  >&5
configure:7497: $? = 0
configure:7497: ./conftest
configure:7497: $? = 0
configure:7508: result: yes
configure:7521: checking for sys/types.h
configure:7521: gcc -c -g -O2  conftest.c >&5
configure:7521: $? = 0
configure:7521: result: yes
configure:7521: checking for sys/stat.h
configure:7521: gcc -c -g -O2  conftest.c >&5
configure:7521: $? = 0
configure:7521: result: yes
configure:7521: checking for stdlib.h
configure:7521: gcc -c -g -O2  conftest.c >&5
configure:7521: $? = 0
configure:7521: result: yes
configure:7521: checking for string.h
configure:7521: gcc -c -g -O2  conftest.c >&5
configure:7521: $? = 0
configure:7521: result: yes
configure:7521: checking for memory.h
configure:7521: gcc -c -g -O2  conftest.c >&5
configure:7521: $? = 0
configure:7521: result: yes
configure:7521: checking for strings.h
configure:7521: gcc -c -g -O2  conftest.c >&5
configure:7521: $? = 0
configure:7521: result: yes
configure:7521: checking for inttypes.h
configure:7521: gcc -c -g -O2  conftest.c >&5
configure:7521: $? = 0
configure:7521: result: yes
configure:7521: checking for stdint.h
configure:7521: gcc -c -g -O2  conftest.c >&5
configure:7521: $? = 0
configure:7521: result: yes
configure:7521: checking for unistd.h
configure:7521: gcc -c -g -O2  conftest.c >&5
configure:7521: $? = 0
configure:7521: result: yes
configure:7535: checking for dlfcn.h
configure:7535: gcc -c -g -O2  conftest.c >&5
configure:7535: $? = 0
configure:7535: result: yes
configure:7722: checking for objdir
configure:7737: result: .libs
configure:8004: checking if gcc supports -fno-rtti -fno-exceptions
configure:8022: gcc -c -g -O2  -fno-rtti -fno-exceptions conftest.c >&5
cc1: warning: command line option '-fno-rtti' is valid for C++/ObjC++ but not for C
configure:8026: $? = 0
configure:8039: result: no
configure:8349: checking for gcc option to produce PIC
configure:8356: result: -fPIC -DPIC
configure:8364: checking if gcc PIC flag -fPIC -DPIC works
configure:8382: gcc -c -g -O2  -fPIC -DPIC -DPIC conftest.c >&5
configure:8386: $? = 0
configure:8399: result: yes
configure:8428: checking if gcc static flag -static works
configure:8456: result: yes
configure:8471: checking if gcc supports -c -o file.o
configure:8492: gcc -c -g -O2  -o out/conftest2.o conftest.c >&5
configure:8496: $? = 0
configure:8518: result: yes
configure:8526: checking if gcc supports -c -o file.o
configure:8573: result: yes
configure:8606: checking whether the gcc linker (/usr/bin/ld -m elf_x86_64) supports shared libraries
configure:9764: result: yes
configure:9801: checking whether -lc should be explicitly linked in
configure:9809: gcc -c -g -O2  conftest.c >&5
configure:9812: $? = 0
configure:9827: gcc -shared  -fPIC -DPIC conftest.o  -v -Wl,-soname -Wl,conftest -o conftest 2\>\&1 \| /bin/grep  -lc  \>/dev/null 2\>\&1
configure:9830: $? = 0
configure:9844: result: no
configure:10009: checking dynamic linker characteristics
configure:10523: gcc -o conftest -g -O2   -Wl,-rpath -Wl,/foo conftest.c  >&5
configure:10523: $? = 0
configure:10749: result: GNU/Linux ld.so
configure:10856: checking how to hardcode library paths into programs
configure:10881: result: immediate
configure:11421: checking whether stripping libraries is possible
configure:11426: result: yes
configure:11461: checking if libtool supports shared libraries
configure:11463: result: yes
configure:11466: checking whether to build shared libraries
configure:11487: result: yes
configure:11490: checking whether to build static libraries
configure:11494: result: yes
configure:11531: checking for log in -lm
configure:11556: gcc -o conftest -g -O2   conftest.c -lm   >&5
conftest.c:30:6: warning: conflicting types for built-in function 'log'
 char log ();
      ^
configure:11556: $? = 0
configure:11565: result: yes
configure:11579: checking for size_t
configure:11579: gcc -c -g -O2  conftest.c >&5
configure:11579: $? = 0
configure:11579: gcc -c -g -O2  conftest.c >&5
conftest.c: In function 'main':
conftest.c:60:21: error: expected expression before ')' token
 if (sizeof ((size_t)))
                     ^
configure:11579: $? = 1
configure: failed program was:
| /* confdefs.h */
| #define PACKAGE_NAME "Newick Utils"
| #define PACKAGE_TARNAME "newick-utils"
| #define PACKAGE_VERSION "1.6"
| #define PACKAGE_STRING "Newick Utils 1.6"
| #define PACKAGE_BUGREPORT "thomas.junier@.unige.ch"
| #define PACKAGE_URL ""
| #define PACKAGE "newick-utils"
| #define VERSION "1.6"
| #define STDC_HEADERS 1
| #define HAVE_SYS_TYPES_H 1
| #define HAVE_SYS_STAT_H 1
| #define HAVE_STDLIB_H 1
| #define HAVE_STRING_H 1
| #define HAVE_MEMORY_H 1
| #define HAVE_STRINGS_H 1
| #define HAVE_INTTYPES_H 1
| #define HAVE_STDINT_H 1
| #define HAVE_UNISTD_H 1
| #define HAVE_DLFCN_H 1
| #define LT_OBJDIR ".libs/"
| #define HAVE_LIBM 1
| /* end confdefs.h.  */
| #include <stdio.h>
| #ifdef HAVE_SYS_TYPES_H
| # include <sys/types.h>
| #endif
| #ifdef HAVE_SYS_STAT_H
| # include <sys/stat.h>
| #endif
| #ifdef STDC_HEADERS
| # include <stdlib.h>
| # include <stddef.h>
| #else
| # ifdef HAVE_STDLIB_H
| #  include <stdlib.h>
| # endif
| #endif
| #ifdef HAVE_STRING_H
| # if !defined STDC_HEADERS && defined HAVE_MEMORY_H
| #  include <memory.h>
| # endif
| # include <string.h>
| #endif
| #ifdef HAVE_STRINGS_H
| # include <strings.h>
| #endif
| #ifdef HAVE_INTTYPES_H
| # include <inttypes.h>
| #endif
| #ifdef HAVE_STDINT_H
| # include <stdint.h>
| #endif
| #ifdef HAVE_UNISTD_H
| # include <unistd.h>
| #endif
| int
| main ()
| {
| if (sizeof ((size_t)))
| 	    return 0;
|   ;
|   return 0;
| }
configure:11579: result: yes
configure:11592: checking for working alloca.h
configure:11609: gcc -o conftest -g -O2   conftest.c -lm  >&5
configure:11609: $? = 0
configure:11617: result: yes
configure:11625: checking for alloca
configure:11662: gcc -o conftest -g -O2   conftest.c -lm  >&5
configure:11662: $? = 0
configure:11670: result: yes
configure:11779: checking for ANSI C header files
configure:11883: result: yes
configure:11893: checking for inttypes.h
configure:11893: result: yes
configure:11905: checking libintl.h usability
configure:11905: gcc -c -g -O2  conftest.c >&5
configure:11905: $? = 0
configure:11905: result: yes
configure:11905: checking libintl.h presence
configure:11905: gcc -E  conftest.c
configure:11905: $? = 0
configure:11905: result: yes
configure:11905: checking for libintl.h
configure:11905: result: yes
configure:11917: checking malloc.h usability
configure:11917: gcc -c -g -O2  conftest.c >&5
configure:11917: $? = 0
configure:11917: result: yes
configure:11917: checking malloc.h presence
configure:11917: gcc -E  conftest.c
configure:11917: $? = 0
configure:11917: result: yes
configure:11917: checking for malloc.h
configure:11917: result: yes
configure:11929: checking stddef.h usability
configure:11929: gcc -c -g -O2  conftest.c >&5
configure:11929: $? = 0
configure:11929: result: yes
configure:11929: checking stddef.h presence
configure:11929: gcc -E  conftest.c
configure:11929: $? = 0
configure:11929: result: yes
configure:11929: checking for stddef.h
configure:11929: result: yes
configure:11941: checking for stdlib.h
configure:11941: result: yes
configure:11953: checking for string.h
configure:11953: result: yes
configure:11965: checking for unistd.h
configure:11965: result: yes
configure:11978: checking for xmlParseMemory in -lxml2
configure:12003: gcc -o conftest -g -O2   conftest.c -lxml2  -lm  >&5
/usr/bin/ld: cannot find -lxml2
collect2: error: ld returned 1 exit status
configure:12003: $? = 1
configure: failed program was:
| /* confdefs.h */
| #define PACKAGE_NAME "Newick Utils"
| #define PACKAGE_TARNAME "newick-utils"
| #define PACKAGE_VERSION "1.6"
| #define PACKAGE_STRING "Newick Utils 1.6"
| #define PACKAGE_BUGREPORT "thomas.junier@.unige.ch"
| #define PACKAGE_URL ""
| #define PACKAGE "newick-utils"
| #define VERSION "1.6"
| #define STDC_HEADERS 1
| #define HAVE_SYS_TYPES_H 1
| #define HAVE_SYS_STAT_H 1
| #define HAVE_STDLIB_H 1
| #define HAVE_STRING_H 1
| #define HAVE_MEMORY_H 1
| #define HAVE_STRINGS_H 1
| #define HAVE_INTTYPES_H 1
| #define HAVE_STDINT_H 1
| #define HAVE_UNISTD_H 1
| #define HAVE_DLFCN_H 1
| #define LT_OBJDIR ".libs/"
| #define HAVE_LIBM 1
| #define HAVE_ALLOCA_H 1
| #define HAVE_ALLOCA 1
| #define STDC_HEADERS 1
| #define HAVE_INTTYPES_H 1
| #define HAVE_LIBINTL_H 1
| #define HAVE_MALLOC_H 1
| #define HAVE_STDDEF_H 1
| #define HAVE_STDLIB_H 1
| #define HAVE_STRING_H 1
| #define HAVE_UNISTD_H 1
| /* end confdefs.h.  */
| 
| /* Override any GCC internal prototype to avoid an error.
|    Use char because int might match the return type of a GCC
|    builtin and then its argument prototype would still apply.  */
| #ifdef __cplusplus
| extern "C"
| #endif
| char xmlParseMemory ();
| int
| main ()
| {
| return xmlParseMemory ();
|   ;
|   return 0;
| }
configure:12012: result: no
configure:12033: checking libxml/tree.h usability
configure:12033: gcc -c -g -O2  conftest.c >&5
conftest.c:67:25: fatal error: libxml/tree.h: No such file or directory
compilation terminated.
configure:12033: $? = 1
configure: failed program was:
| /* confdefs.h */
| #define PACKAGE_NAME "Newick Utils"
| #define PACKAGE_TARNAME "newick-utils"
| #define PACKAGE_VERSION "1.6"
| #define PACKAGE_STRING "Newick Utils 1.6"
| #define PACKAGE_BUGREPORT "thomas.junier@.unige.ch"
| #define PACKAGE_URL ""
| #define PACKAGE "newick-utils"
| #define VERSION "1.6"
| #define STDC_HEADERS 1
| #define HAVE_SYS_TYPES_H 1
| #define HAVE_SYS_STAT_H 1
| #define HAVE_STDLIB_H 1
| #define HAVE_STRING_H 1
| #define HAVE_MEMORY_H 1
| #define HAVE_STRINGS_H 1
| #define HAVE_INTTYPES_H 1
| #define HAVE_STDINT_H 1
| #define HAVE_UNISTD_H 1
| #define HAVE_DLFCN_H 1
| #define LT_OBJDIR ".libs/"
| #define HAVE_LIBM 1
| #define HAVE_ALLOCA_H 1
| #define HAVE_ALLOCA 1
| #define STDC_HEADERS 1
| #define HAVE_INTTYPES_H 1
| #define HAVE_LIBINTL_H 1
| #define HAVE_MALLOC_H 1
| #define HAVE_STDDEF_H 1
| #define HAVE_STDLIB_H 1
| #define HAVE_STRING_H 1
| #define HAVE_UNISTD_H 1
| /* end confdefs.h.  */
| #include <stdio.h>
| #ifdef HAVE_SYS_TYPES_H
| # include <sys/types.h>
| #endif
| #ifdef HAVE_SYS_STAT_H
| # include <sys/stat.h>
| #endif
| #ifdef STDC_HEADERS
| # include <stdlib.h>
| # include <stddef.h>
| #else
| # ifdef HAVE_STDLIB_H
| #  include <stdlib.h>
| # endif
| #endif
| #ifdef HAVE_STRING_H
| # if !defined STDC_HEADERS && defined HAVE_MEMORY_H
| #  include <memory.h>
| # endif
| # include <string.h>
| #endif
| #ifdef HAVE_STRINGS_H
| # include <strings.h>
| #endif
| #ifdef HAVE_INTTYPES_H
| # include <inttypes.h>
| #endif
| #ifdef HAVE_STDINT_H
| # include <stdint.h>
| #endif
| #ifdef HAVE_UNISTD_H
| # include <unistd.h>
| #endif
| #include <libxml/tree.h>
configure:12033: result: no
configure:12033: checking libxml/tree.h presence
configure:12033: gcc -E  conftest.c
conftest.c:34:25: fatal error: libxml/tree.h: No such file or directory
compilation terminated.
configure:12033: $? = 1
configure: failed program was:
| /* confdefs.h */
| #define PACKAGE_NAME "Newick Utils"
| #define PACKAGE_TARNAME "newick-utils"
| #define PACKAGE_VERSION "1.6"
| #define PACKAGE_STRING "Newick Utils 1.6"
| #define PACKAGE_BUGREPORT "thomas.junier@.unige.ch"
| #define PACKAGE_URL ""
| #define PACKAGE "newick-utils"
| #define VERSION "1.6"
| #define STDC_HEADERS 1
| #define HAVE_SYS_TYPES_H 1
| #define HAVE_SYS_STAT_H 1
| #define HAVE_STDLIB_H 1
| #define HAVE_STRING_H 1
| #define HAVE_MEMORY_H 1
| #define HAVE_STRINGS_H 1
| #define HAVE_INTTYPES_H 1
| #define HAVE_STDINT_H 1
| #define HAVE_UNISTD_H 1
| #define HAVE_DLFCN_H 1
| #define LT_OBJDIR ".libs/"
| #define HAVE_LIBM 1
| #define HAVE_ALLOCA_H 1
| #define HAVE_ALLOCA 1
| #define STDC_HEADERS 1
| #define HAVE_INTTYPES_H 1
| #define HAVE_LIBINTL_H 1
| #define HAVE_MALLOC_H 1
| #define HAVE_STDDEF_H 1
| #define HAVE_STDLIB_H 1
| #define HAVE_STRING_H 1
| #define HAVE_UNISTD_H 1
| /* end confdefs.h.  */
| #include <libxml/tree.h>
configure:12033: result: no
configure:12033: checking for libxml/tree.h
configure:12033: result: no
configure:12047: checking libxml/parser.h usability
configure:12047: gcc -c -g -O2  conftest.c >&5
conftest.c:67:27: fatal error: libxml/parser.h: No such file or directory
compilation terminated.
configure:12047: $? = 1
configure: failed program was:
| /* confdefs.h */
| #define PACKAGE_NAME "Newick Utils"
| #define PACKAGE_TARNAME "newick-utils"
| #define PACKAGE_VERSION "1.6"
| #define PACKAGE_STRING "Newick Utils 1.6"
| #define PACKAGE_BUGREPORT "thomas.junier@.unige.ch"
| #define PACKAGE_URL ""
| #define PACKAGE "newick-utils"
| #define VERSION "1.6"
| #define STDC_HEADERS 1
| #define HAVE_SYS_TYPES_H 1
| #define HAVE_SYS_STAT_H 1
| #define HAVE_STDLIB_H 1
| #define HAVE_STRING_H 1
| #define HAVE_MEMORY_H 1
| #define HAVE_STRINGS_H 1
| #define HAVE_INTTYPES_H 1
| #define HAVE_STDINT_H 1
| #define HAVE_UNISTD_H 1
| #define HAVE_DLFCN_H 1
| #define LT_OBJDIR ".libs/"
| #define HAVE_LIBM 1
| #define HAVE_ALLOCA_H 1
| #define HAVE_ALLOCA 1
| #define STDC_HEADERS 1
| #define HAVE_INTTYPES_H 1
| #define HAVE_LIBINTL_H 1
| #define HAVE_MALLOC_H 1
| #define HAVE_STDDEF_H 1
| #define HAVE_STDLIB_H 1
| #define HAVE_STRING_H 1
| #define HAVE_UNISTD_H 1
| /* end confdefs.h.  */
| #include <stdio.h>
| #ifdef HAVE_SYS_TYPES_H
| # include <sys/types.h>
| #endif
| #ifdef HAVE_SYS_STAT_H
| # include <sys/stat.h>
| #endif
| #ifdef STDC_HEADERS
| # include <stdlib.h>
| # include <stddef.h>
| #else
| # ifdef HAVE_STDLIB_H
| #  include <stdlib.h>
| # endif
| #endif
| #ifdef HAVE_STRING_H
| # if !defined STDC_HEADERS && defined HAVE_MEMORY_H
| #  include <memory.h>
| # endif
| # include <string.h>
| #endif
| #ifdef HAVE_STRINGS_H
| # include <strings.h>
| #endif
| #ifdef HAVE_INTTYPES_H
| # include <inttypes.h>
| #endif
| #ifdef HAVE_STDINT_H
| # include <stdint.h>
| #endif
| #ifdef HAVE_UNISTD_H
| # include <unistd.h>
| #endif
| #include <libxml/parser.h>
configure:12047: result: no
configure:12047: checking libxml/parser.h presence
configure:12047: gcc -E  conftest.c
conftest.c:34:27: fatal error: libxml/parser.h: No such file or directory
compilation terminated.
configure:12047: $? = 1
configure: failed program was:
| /* confdefs.h */
| #define PACKAGE_NAME "Newick Utils"
| #define PACKAGE_TARNAME "newick-utils"
| #define PACKAGE_VERSION "1.6"
| #define PACKAGE_STRING "Newick Utils 1.6"
| #define PACKAGE_BUGREPORT "thomas.junier@.unige.ch"
| #define PACKAGE_URL ""
| #define PACKAGE "newick-utils"
| #define VERSION "1.6"
| #define STDC_HEADERS 1
| #define HAVE_SYS_TYPES_H 1
| #define HAVE_SYS_STAT_H 1
| #define HAVE_STDLIB_H 1
| #define HAVE_STRING_H 1
| #define HAVE_MEMORY_H 1
| #define HAVE_STRINGS_H 1
| #define HAVE_INTTYPES_H 1
| #define HAVE_STDINT_H 1
| #define HAVE_UNISTD_H 1
| #define HAVE_DLFCN_H 1
| #define LT_OBJDIR ".libs/"
| #define HAVE_LIBM 1
| #define HAVE_ALLOCA_H 1
| #define HAVE_ALLOCA 1
| #define STDC_HEADERS 1
| #define HAVE_INTTYPES_H 1
| #define HAVE_LIBINTL_H 1
| #define HAVE_MALLOC_H 1
| #define HAVE_STDDEF_H 1
| #define HAVE_STDLIB_H 1
| #define HAVE_STRING_H 1
| #define HAVE_UNISTD_H 1
| /* end confdefs.h.  */
| #include <libxml/parser.h>
configure:12047: result: no
configure:12047: checking for libxml/parser.h
configure:12047: result: no
configure:12061: checking libxml/xpath.h usability
configure:12061: gcc -c -g -O2  conftest.c >&5
conftest.c:67:26: fatal error: libxml/xpath.h: No such file or directory
compilation terminated.
configure:12061: $? = 1
configure: failed program was:
| /* confdefs.h */
| #define PACKAGE_NAME "Newick Utils"
| #define PACKAGE_TARNAME "newick-utils"
| #define PACKAGE_VERSION "1.6"
| #define PACKAGE_STRING "Newick Utils 1.6"
| #define PACKAGE_BUGREPORT "thomas.junier@.unige.ch"
| #define PACKAGE_URL ""
| #define PACKAGE "newick-utils"
| #define VERSION "1.6"
| #define STDC_HEADERS 1
| #define HAVE_SYS_TYPES_H 1
| #define HAVE_SYS_STAT_H 1
| #define HAVE_STDLIB_H 1
| #define HAVE_STRING_H 1
| #define HAVE_MEMORY_H 1
| #define HAVE_STRINGS_H 1
| #define HAVE_INTTYPES_H 1
| #define HAVE_STDINT_H 1
| #define HAVE_UNISTD_H 1
| #define HAVE_DLFCN_H 1
| #define LT_OBJDIR ".libs/"
| #define HAVE_LIBM 1
| #define HAVE_ALLOCA_H 1
| #define HAVE_ALLOCA 1
| #define STDC_HEADERS 1
| #define HAVE_INTTYPES_H 1
| #define HAVE_LIBINTL_H 1
| #define HAVE_MALLOC_H 1
| #define HAVE_STDDEF_H 1
| #define HAVE_STDLIB_H 1
| #define HAVE_STRING_H 1
| #define HAVE_UNISTD_H 1
| /* end confdefs.h.  */
| #include <stdio.h>
| #ifdef HAVE_SYS_TYPES_H
| # include <sys/types.h>
| #endif
| #ifdef HAVE_SYS_STAT_H
| # include <sys/stat.h>
| #endif
| #ifdef STDC_HEADERS
| # include <stdlib.h>
| # include <stddef.h>
| #else
| # ifdef HAVE_STDLIB_H
| #  include <stdlib.h>
| # endif
| #endif
| #ifdef HAVE_STRING_H
| # if !defined STDC_HEADERS && defined HAVE_MEMORY_H
| #  include <memory.h>
| # endif
| # include <string.h>
| #endif
| #ifdef HAVE_STRINGS_H
| # include <strings.h>
| #endif
| #ifdef HAVE_INTTYPES_H
| # include <inttypes.h>
| #endif
| #ifdef HAVE_STDINT_H
| # include <stdint.h>
| #endif
| #ifdef HAVE_UNISTD_H
| # include <unistd.h>
| #endif
| #include <libxml/xpath.h>
configure:12061: result: no
configure:12061: checking libxml/xpath.h presence
configure:12061: gcc -E  conftest.c
conftest.c:34:26: fatal error: libxml/xpath.h: No such file or directory
compilation terminated.
configure:12061: $? = 1
configure: failed program was:
| /* confdefs.h */
| #define PACKAGE_NAME "Newick Utils"
| #define PACKAGE_TARNAME "newick-utils"
| #define PACKAGE_VERSION "1.6"
| #define PACKAGE_STRING "Newick Utils 1.6"
| #define PACKAGE_BUGREPORT "thomas.junier@.unige.ch"
| #define PACKAGE_URL ""
| #define PACKAGE "newick-utils"
| #define VERSION "1.6"
| #define STDC_HEADERS 1
| #define HAVE_SYS_TYPES_H 1
| #define HAVE_SYS_STAT_H 1
| #define HAVE_STDLIB_H 1
| #define HAVE_STRING_H 1
| #define HAVE_MEMORY_H 1
| #define HAVE_STRINGS_H 1
| #define HAVE_INTTYPES_H 1
| #define HAVE_STDINT_H 1
| #define HAVE_UNISTD_H 1
| #define HAVE_DLFCN_H 1
| #define LT_OBJDIR ".libs/"
| #define HAVE_LIBM 1
| #define HAVE_ALLOCA_H 1
| #define HAVE_ALLOCA 1
| #define STDC_HEADERS 1
| #define HAVE_INTTYPES_H 1
| #define HAVE_LIBINTL_H 1
| #define HAVE_MALLOC_H 1
| #define HAVE_STDDEF_H 1
| #define HAVE_STDLIB_H 1
| #define HAVE_STRING_H 1
| #define HAVE_UNISTD_H 1
| /* end confdefs.h.  */
| #include <libxml/xpath.h>
configure:12061: result: no
configure:12061: checking for libxml/xpath.h
configure:12061: result: no
configure:12081: checking libguile.h usability
configure:12081: gcc -c -g -O2  conftest.c >&5
conftest.c:67:22: fatal error: libguile.h: No such file or directory
compilation terminated.
configure:12081: $? = 1
configure: failed program was:
| /* confdefs.h */
| #define PACKAGE_NAME "Newick Utils"
| #define PACKAGE_TARNAME "newick-utils"
| #define PACKAGE_VERSION "1.6"
| #define PACKAGE_STRING "Newick Utils 1.6"
| #define PACKAGE_BUGREPORT "thomas.junier@.unige.ch"
| #define PACKAGE_URL ""
| #define PACKAGE "newick-utils"
| #define VERSION "1.6"
| #define STDC_HEADERS 1
| #define HAVE_SYS_TYPES_H 1
| #define HAVE_SYS_STAT_H 1
| #define HAVE_STDLIB_H 1
| #define HAVE_STRING_H 1
| #define HAVE_MEMORY_H 1
| #define HAVE_STRINGS_H 1
| #define HAVE_INTTYPES_H 1
| #define HAVE_STDINT_H 1
| #define HAVE_UNISTD_H 1
| #define HAVE_DLFCN_H 1
| #define LT_OBJDIR ".libs/"
| #define HAVE_LIBM 1
| #define HAVE_ALLOCA_H 1
| #define HAVE_ALLOCA 1
| #define STDC_HEADERS 1
| #define HAVE_INTTYPES_H 1
| #define HAVE_LIBINTL_H 1
| #define HAVE_MALLOC_H 1
| #define HAVE_STDDEF_H 1
| #define HAVE_STDLIB_H 1
| #define HAVE_STRING_H 1
| #define HAVE_UNISTD_H 1
| /* end confdefs.h.  */
| #include <stdio.h>
| #ifdef HAVE_SYS_TYPES_H
| # include <sys/types.h>
| #endif
| #ifdef HAVE_SYS_STAT_H
| # include <sys/stat.h>
| #endif
| #ifdef STDC_HEADERS
| # include <stdlib.h>
| # include <stddef.h>
| #else
| # ifdef HAVE_STDLIB_H
| #  include <stdlib.h>
| # endif
| #endif
| #ifdef HAVE_STRING_H
| # if !defined STDC_HEADERS && defined HAVE_MEMORY_H
| #  include <memory.h>
| # endif
| # include <string.h>
| #endif
| #ifdef HAVE_STRINGS_H
| # include <strings.h>
| #endif
| #ifdef HAVE_INTTYPES_H
| # include <inttypes.h>
| #endif
| #ifdef HAVE_STDINT_H
| # include <stdint.h>
| #endif
| #ifdef HAVE_UNISTD_H
| # include <unistd.h>
| #endif
| #include <libguile.h>
configure:12081: result: no
configure:12081: checking libguile.h presence
configure:12081: gcc -E  conftest.c
conftest.c:34:22: fatal error: libguile.h: No such file or directory
compilation terminated.
configure:12081: $? = 1
configure: failed program was:
| /* confdefs.h */
| #define PACKAGE_NAME "Newick Utils"
| #define PACKAGE_TARNAME "newick-utils"
| #define PACKAGE_VERSION "1.6"
| #define PACKAGE_STRING "Newick Utils 1.6"
| #define PACKAGE_BUGREPORT "thomas.junier@.unige.ch"
| #define PACKAGE_URL ""
| #define PACKAGE "newick-utils"
| #define VERSION "1.6"
| #define STDC_HEADERS 1
| #define HAVE_SYS_TYPES_H 1
| #define HAVE_SYS_STAT_H 1
| #define HAVE_STDLIB_H 1
| #define HAVE_STRING_H 1
| #define HAVE_MEMORY_H 1
| #define HAVE_STRINGS_H 1
| #define HAVE_INTTYPES_H 1
| #define HAVE_STDINT_H 1
| #define HAVE_UNISTD_H 1
| #define HAVE_DLFCN_H 1
| #define LT_OBJDIR ".libs/"
| #define HAVE_LIBM 1
| #define HAVE_ALLOCA_H 1
| #define HAVE_ALLOCA 1
| #define STDC_HEADERS 1
| #define HAVE_INTTYPES_H 1
| #define HAVE_LIBINTL_H 1
| #define HAVE_MALLOC_H 1
| #define HAVE_STDDEF_H 1
| #define HAVE_STDLIB_H 1
| #define HAVE_STRING_H 1
| #define HAVE_UNISTD_H 1
| /* end confdefs.h.  */
| #include <libguile.h>
configure:12081: result: no
configure:12081: checking for libguile.h
configure:12081: result: no
configure:12094: checking for scm_with_guile in -lguile
configure:12119: gcc -o conftest -g -O2   conftest.c -lguile  -lm  >&5
/usr/bin/ld: cannot find -lguile
collect2: error: ld returned 1 exit status
configure:12119: $? = 1
configure: failed program was:
| /* confdefs.h */
| #define PACKAGE_NAME "Newick Utils"
| #define PACKAGE_TARNAME "newick-utils"
| #define PACKAGE_VERSION "1.6"
| #define PACKAGE_STRING "Newick Utils 1.6"
| #define PACKAGE_BUGREPORT "thomas.junier@.unige.ch"
| #define PACKAGE_URL ""
| #define PACKAGE "newick-utils"
| #define VERSION "1.6"
| #define STDC_HEADERS 1
| #define HAVE_SYS_TYPES_H 1
| #define HAVE_SYS_STAT_H 1
| #define HAVE_STDLIB_H 1
| #define HAVE_STRING_H 1
| #define HAVE_MEMORY_H 1
| #define HAVE_STRINGS_H 1
| #define HAVE_INTTYPES_H 1
| #define HAVE_STDINT_H 1
| #define HAVE_UNISTD_H 1
| #define HAVE_DLFCN_H 1
| #define LT_OBJDIR ".libs/"
| #define HAVE_LIBM 1
| #define HAVE_ALLOCA_H 1
| #define HAVE_ALLOCA 1
| #define STDC_HEADERS 1
| #define HAVE_INTTYPES_H 1
| #define HAVE_LIBINTL_H 1
| #define HAVE_MALLOC_H 1
| #define HAVE_STDDEF_H 1
| #define HAVE_STDLIB_H 1
| #define HAVE_STRING_H 1
| #define HAVE_UNISTD_H 1
| /* end confdefs.h.  */
| 
| /* Override any GCC internal prototype to avoid an error.
|    Use char because int might match the return type of a GCC
|    builtin and then its argument prototype would still apply.  */
| #ifdef __cplusplus
| extern "C"
| #endif
| char scm_with_guile ();
| int
| main ()
| {
| return scm_with_guile ();
|   ;
|   return 0;
| }
configure:12128: result: no
configure:12151: checking lua.h usability
configure:12151: gcc -c -g -O2  conftest.c >&5
conftest.c:67:17: fatal error: lua.h: No such file or directory
compilation terminated.
configure:12151: $? = 1
configure: failed program was:
| /* confdefs.h */
| #define PACKAGE_NAME "Newick Utils"
| #define PACKAGE_TARNAME "newick-utils"
| #define PACKAGE_VERSION "1.6"
| #define PACKAGE_STRING "Newick Utils 1.6"
| #define PACKAGE_BUGREPORT "thomas.junier@.unige.ch"
| #define PACKAGE_URL ""
| #define PACKAGE "newick-utils"
| #define VERSION "1.6"
| #define STDC_HEADERS 1
| #define HAVE_SYS_TYPES_H 1
| #define HAVE_SYS_STAT_H 1
| #define HAVE_STDLIB_H 1
| #define HAVE_STRING_H 1
| #define HAVE_MEMORY_H 1
| #define HAVE_STRINGS_H 1
| #define HAVE_INTTYPES_H 1
| #define HAVE_STDINT_H 1
| #define HAVE_UNISTD_H 1
| #define HAVE_DLFCN_H 1
| #define LT_OBJDIR ".libs/"
| #define HAVE_LIBM 1
| #define HAVE_ALLOCA_H 1
| #define HAVE_ALLOCA 1
| #define STDC_HEADERS 1
| #define HAVE_INTTYPES_H 1
| #define HAVE_LIBINTL_H 1
| #define HAVE_MALLOC_H 1
| #define HAVE_STDDEF_H 1
| #define HAVE_STDLIB_H 1
| #define HAVE_STRING_H 1
| #define HAVE_UNISTD_H 1
| /* end confdefs.h.  */
| #include <stdio.h>
| #ifdef HAVE_SYS_TYPES_H
| # include <sys/types.h>
| #endif
| #ifdef HAVE_SYS_STAT_H
| # include <sys/stat.h>
| #endif
| #ifdef STDC_HEADERS
| # include <stdlib.h>
| # include <stddef.h>
| #else
| # ifdef HAVE_STDLIB_H
| #  include <stdlib.h>
| # endif
| #endif
| #ifdef HAVE_STRING_H
| # if !defined STDC_HEADERS && defined HAVE_MEMORY_H
| #  include <memory.h>
| # endif
| # include <string.h>
| #endif
| #ifdef HAVE_STRINGS_H
| # include <strings.h>
| #endif
| #ifdef HAVE_INTTYPES_H
| # include <inttypes.h>
| #endif
| #ifdef HAVE_STDINT_H
| # include <stdint.h>
| #endif
| #ifdef HAVE_UNISTD_H
| # include <unistd.h>
| #endif
| #include <lua.h>
configure:12151: result: no
configure:12151: checking lua.h presence
configure:12151: gcc -E  conftest.c
conftest.c:34:17: fatal error: lua.h: No such file or directory
compilation terminated.
configure:12151: $? = 1
configure: failed program was:
| /* confdefs.h */
| #define PACKAGE_NAME "Newick Utils"
| #define PACKAGE_TARNAME "newick-utils"
| #define PACKAGE_VERSION "1.6"
| #define PACKAGE_STRING "Newick Utils 1.6"
| #define PACKAGE_BUGREPORT "thomas.junier@.unige.ch"
| #define PACKAGE_URL ""
| #define PACKAGE "newick-utils"
| #define VERSION "1.6"
| #define STDC_HEADERS 1
| #define HAVE_SYS_TYPES_H 1
| #define HAVE_SYS_STAT_H 1
| #define HAVE_STDLIB_H 1
| #define HAVE_STRING_H 1
| #define HAVE_MEMORY_H 1
| #define HAVE_STRINGS_H 1
| #define HAVE_INTTYPES_H 1
| #define HAVE_STDINT_H 1
| #define HAVE_UNISTD_H 1
| #define HAVE_DLFCN_H 1
| #define LT_OBJDIR ".libs/"
| #define HAVE_LIBM 1
| #define HAVE_ALLOCA_H 1
| #define HAVE_ALLOCA 1
| #define STDC_HEADERS 1
| #define HAVE_INTTYPES_H 1
| #define HAVE_LIBINTL_H 1
| #define HAVE_MALLOC_H 1
| #define HAVE_STDDEF_H 1
| #define HAVE_STDLIB_H 1
| #define HAVE_STRING_H 1
| #define HAVE_UNISTD_H 1
| /* end confdefs.h.  */
| #include <lua.h>
configure:12151: result: no
configure:12151: checking for lua.h
configure:12151: result: no
configure:12164: checking for library containing luaL_openlibs
configure:12195: gcc -o conftest -g -O2   conftest.c -lm  >&5
/tmp/cc38kqFG.o: In function `main':
/opt/POTION_dev/POTION2/POTION2/programs/newick/newick-utils-1.6/conftest.c:45: undefined reference to `luaL_openlibs'
collect2: error: ld returned 1 exit status
configure:12195: $? = 1
configure: failed program was:
| /* confdefs.h */
| #define PACKAGE_NAME "Newick Utils"
| #define PACKAGE_TARNAME "newick-utils"
| #define PACKAGE_VERSION "1.6"
| #define PACKAGE_STRING "Newick Utils 1.6"
| #define PACKAGE_BUGREPORT "thomas.junier@.unige.ch"
| #define PACKAGE_URL ""
| #define PACKAGE "newick-utils"
| #define VERSION "1.6"
| #define STDC_HEADERS 1
| #define HAVE_SYS_TYPES_H 1
| #define HAVE_SYS_STAT_H 1
| #define HAVE_STDLIB_H 1
| #define HAVE_STRING_H 1
| #define HAVE_MEMORY_H 1
| #define HAVE_STRINGS_H 1
| #define HAVE_INTTYPES_H 1
| #define HAVE_STDINT_H 1
| #define HAVE_UNISTD_H 1
| #define HAVE_DLFCN_H 1
| #define LT_OBJDIR ".libs/"
| #define HAVE_LIBM 1
| #define HAVE_ALLOCA_H 1
| #define HAVE_ALLOCA 1
| #define STDC_HEADERS 1
| #define HAVE_INTTYPES_H 1
| #define HAVE_LIBINTL_H 1
| #define HAVE_MALLOC_H 1
| #define HAVE_STDDEF_H 1
| #define HAVE_STDLIB_H 1
| #define HAVE_STRING_H 1
| #define HAVE_UNISTD_H 1
| /* end confdefs.h.  */
| 
| /* Override any GCC internal prototype to avoid an error.
|    Use char because int might match the return type of a GCC
|    builtin and then its argument prototype would still apply.  */
| #ifdef __cplusplus
| extern "C"
| #endif
| char luaL_openlibs ();
| int
| main ()
| {
| return luaL_openlibs ();
|   ;
|   return 0;
| }
configure:12195: gcc -o conftest -g -O2   conftest.c -llua5.1  -lm  >&5
/usr/bin/ld: cannot find -llua5.1
collect2: error: ld returned 1 exit status
configure:12195: $? = 1
configure: failed program was:
| /* confdefs.h */
| #define PACKAGE_NAME "Newick Utils"
| #define PACKAGE_TARNAME "newick-utils"
| #define PACKAGE_VERSION "1.6"
| #define PACKAGE_STRING "Newick Utils 1.6"
| #define PACKAGE_BUGREPORT "thomas.junier@.unige.ch"
| #define PACKAGE_URL ""
| #define PACKAGE "newick-utils"
| #define VERSION "1.6"
| #define STDC_HEADERS 1
| #define HAVE_SYS_TYPES_H 1
| #define HAVE_SYS_STAT_H 1
| #define HAVE_STDLIB_H 1
| #define HAVE_STRING_H 1
| #define HAVE_MEMORY_H 1
| #define HAVE_STRINGS_H 1
| #define HAVE_INTTYPES_H 1
| #define HAVE_STDINT_H 1
| #define HAVE_UNISTD_H 1
| #define HAVE_DLFCN_H 1
| #define LT_OBJDIR ".libs/"
| #define HAVE_LIBM 1
| #define HAVE_ALLOCA_H 1
| #define HAVE_ALLOCA 1
| #define STDC_HEADERS 1
| #define HAVE_INTTYPES_H 1
| #define HAVE_LIBINTL_H 1
| #define HAVE_MALLOC_H 1
| #define HAVE_STDDEF_H 1
| #define HAVE_STDLIB_H 1
| #define HAVE_STRING_H 1
| #define HAVE_UNISTD_H 1
| /* end confdefs.h.  */
| 
| /* Override any GCC internal prototype to avoid an error.
|    Use char because int might match the return type of a GCC
|    builtin and then its argument prototype would still apply.  */
| #ifdef __cplusplus
| extern "C"
| #endif
| char luaL_openlibs ();
| int
| main ()
| {
| return luaL_openlibs ();
|   ;
|   return 0;
| }
configure:12195: gcc -o conftest -g -O2   conftest.c -llua-5.1  -lm  >&5
/usr/bin/ld: cannot find -llua-5.1
collect2: error: ld returned 1 exit status
configure:12195: $? = 1
configure: failed program was:
| /* confdefs.h */
| #define PACKAGE_NAME "Newick Utils"
| #define PACKAGE_TARNAME "newick-utils"
| #define PACKAGE_VERSION "1.6"
| #define PACKAGE_STRING "Newick Utils 1.6"
| #define PACKAGE_BUGREPORT "thomas.junier@.unige.ch"
| #define PACKAGE_URL ""
| #define PACKAGE "newick-utils"
| #define VERSION "1.6"
| #define STDC_HEADERS 1
| #define HAVE_SYS_TYPES_H 1
| #define HAVE_SYS_STAT_H 1
| #define HAVE_STDLIB_H 1
| #define HAVE_STRING_H 1
| #define HAVE_MEMORY_H 1
| #define HAVE_STRINGS_H 1
| #define HAVE_INTTYPES_H 1
| #define HAVE_STDINT_H 1
| #define HAVE_UNISTD_H 1
| #define HAVE_DLFCN_H 1
| #define LT_OBJDIR ".libs/"
| #define HAVE_LIBM 1
| #define HAVE_ALLOCA_H 1
| #define HAVE_ALLOCA 1
| #define STDC_HEADERS 1
| #define HAVE_INTTYPES_H 1
| #define HAVE_LIBINTL_H 1
| #define HAVE_MALLOC_H 1
| #define HAVE_STDDEF_H 1
| #define HAVE_STDLIB_H 1
| #define HAVE_STRING_H 1
| #define HAVE_UNISTD_H 1
| /* end confdefs.h.  */
| 
| /* Override any GCC internal prototype to avoid an error.
|    Use char because int might match the return type of a GCC
|    builtin and then its argument prototype would still apply.  */
| #ifdef __cplusplus
| extern "C"
| #endif
| char luaL_openlibs ();
| int
| main ()
| {
| return luaL_openlibs ();
|   ;
|   return 0;
| }
configure:12195: gcc -o conftest -g -O2   conftest.c -llua  -lm  >&5
/usr/bin/ld: cannot find -llua
collect2: error: ld returned 1 exit status
configure:12195: $? = 1
configure: failed program was:
| /* confdefs.h */
| #define PACKAGE_NAME "Newick Utils"
| #define PACKAGE_TARNAME "newick-utils"
| #define PACKAGE_VERSION "1.6"
| #define PACKAGE_STRING "Newick Utils 1.6"
| #define PACKAGE_BUGREPORT "thomas.junier@.unige.ch"
| #define PACKAGE_URL ""
| #define PACKAGE "newick-utils"
| #define VERSION "1.6"
| #define STDC_HEADERS 1
| #define HAVE_SYS_TYPES_H 1
| #define HAVE_SYS_STAT_H 1
| #define HAVE_STDLIB_H 1
| #define HAVE_STRING_H 1
| #define HAVE_MEMORY_H 1
| #define HAVE_STRINGS_H 1
| #define HAVE_INTTYPES_H 1
| #define HAVE_STDINT_H 1
| #define HAVE_UNISTD_H 1
| #define HAVE_DLFCN_H 1
| #define LT_OBJDIR ".libs/"
| #define HAVE_LIBM 1
| #define HAVE_ALLOCA_H 1
| #define HAVE_ALLOCA 1
| #define STDC_HEADERS 1
| #define HAVE_INTTYPES_H 1
| #define HAVE_LIBINTL_H 1
| #define HAVE_MALLOC_H 1
| #define HAVE_STDDEF_H 1
| #define HAVE_STDLIB_H 1
| #define HAVE_STRING_H 1
| #define HAVE_UNISTD_H 1
| /* end confdefs.h.  */
| 
| /* Override any GCC internal prototype to avoid an error.
|    Use char because int might match the return type of a GCC
|    builtin and then its argument prototype would still apply.  */
| #ifdef __cplusplus
| extern "C"
| #endif
| char luaL_openlibs ();
| int
| main ()
| {
| return luaL_openlibs ();
|   ;
|   return 0;
| }
configure:12212: result: no
configure:12241: libXML disabled due to missing header.
configure:12264: libguile missing (disabled).
configure:12296: liblua missing (disabled).
configure:12315: checking for an ANSI C-conforming const
configure:12380: gcc -c -g -O2  conftest.c >&5
configure:12380: $? = 0
configure:12387: result: yes
configure:12401: checking for stdlib.h
configure:12401: result: yes
configure:12411: checking for GNU libc compatible malloc
configure:12435: gcc -o conftest -g -O2   conftest.c -lm  >&5
configure:12435: $? = 0
configure:12435: ./conftest
configure:12435: $? = 0
configure:12445: result: yes
configure:12468: checking for stdlib.h
configure:12468: result: yes
configure:12478: checking for GNU libc compatible realloc
configure:12502: gcc -o conftest -g -O2   conftest.c -lm  >&5
configure:12502: $? = 0
configure:12502: ./conftest
configure:12502: $? = 0
configure:12512: result: yes
configure:12533: checking for working strtod
configure:12574: gcc -o conftest -g -O2   conftest.c -lm  >&5
configure:12574: $? = 0
configure:12574: ./conftest
configure:12574: $? = 0
configure:12584: result: yes
configure:12649: checking for memset
configure:12649: gcc -o conftest -g -O2   conftest.c -lm  >&5
conftest.c:61:6: warning: conflicting types for built-in function 'memset'
 char memset ();
      ^
configure:12649: $? = 0
configure:12649: result: yes
configure:12649: checking for rint
configure:12649: gcc -o conftest -g -O2   conftest.c -lm  >&5
conftest.c:62:6: warning: conflicting types for built-in function 'rint'
 char rint ();
      ^
configure:12649: $? = 0
configure:12649: result: yes
configure:12649: checking for strdup
configure:12649: gcc -o conftest -g -O2   conftest.c -lm  >&5
conftest.c:63:6: warning: conflicting types for built-in function 'strdup'
 char strdup ();
      ^
configure:12649: $? = 0
configure:12649: result: yes
configure:12649: checking for strpbrk
configure:12649: gcc -o conftest -g -O2   conftest.c -lm  >&5
conftest.c:64:6: warning: conflicting types for built-in function 'strpbrk'
 char strpbrk ();
      ^
configure:12649: $? = 0
configure:12649: result: yes
configure:12649: checking for strspn
configure:12649: gcc -o conftest -g -O2   conftest.c -lm  >&5
conftest.c:65:6: warning: conflicting types for built-in function 'strspn'
 char strspn ();
      ^
configure:12649: $? = 0
configure:12649: result: yes
configure:12799: creating ./config.status

## ---------------------- ##
## Running config.status. ##
## ---------------------- ##

This file was extended by Newick Utils config.status 1.6, which was
generated by GNU Autoconf 2.68.  Invocation command line was

  CONFIG_FILES    = 
  CONFIG_HEADERS  = 
  CONFIG_LINKS    = 
  CONFIG_COMMANDS = 
  $ ./config.status 

on note-leo

config.status:1120: creating Makefile
config.status:1120: creating src/Makefile
config.status:1120: creating tests/Makefile
config.status:1120: creating config.h
config.status:1349: executing depfiles commands
config.status:1349: executing libtool commands

## ---------------- ##
## Cache variables. ##
## ---------------- ##

ac_cv_build=x86_64-unknown-linux-gnu
ac_cv_c_compiler_gnu=yes
ac_cv_c_const=yes
ac_cv_env_CC_set=
ac_cv_env_CC_value=
ac_cv_env_CFLAGS_set=
ac_cv_env_CFLAGS_value=
ac_cv_env_CPPFLAGS_set=
ac_cv_env_CPPFLAGS_value=
ac_cv_env_CPP_set=
ac_cv_env_CPP_value=
ac_cv_env_LDFLAGS_set=
ac_cv_env_LDFLAGS_value=
ac_cv_env_LIBS_set=
ac_cv_env_LIBS_value=
ac_cv_env_YACC_set=
ac_cv_env_YACC_value=
ac_cv_env_YFLAGS_set=
ac_cv_env_YFLAGS_value=
ac_cv_env_build_alias_set=
ac_cv_env_build_alias_value=
ac_cv_env_host_alias_set=
ac_cv_env_host_alias_value=
ac_cv_env_target_alias_set=
ac_cv_env_target_alias_value=
ac_cv_func_alloca_works=yes
ac_cv_func_malloc_0_nonnull=yes
ac_cv_func_memset=yes
ac_cv_func_realloc_0_nonnull=yes
ac_cv_func_rint=yes
ac_cv_func_strdup=yes
ac_cv_func_strpbrk=yes
ac_cv_func_strspn=yes
ac_cv_func_strtod=yes
ac_cv_header_dlfcn_h=yes
ac_cv_header_inttypes_h=yes
ac_cv_header_libguile_h=no
ac_cv_header_libintl_h=yes
ac_cv_header_libxml_parser_h=no
ac_cv_header_libxml_tree_h=no
ac_cv_header_libxml_xpath_h=no
ac_cv_header_lua_h=no
ac_cv_header_malloc_h=yes
ac_cv_header_memory_h=yes
ac_cv_header_stdc=yes
ac_cv_header_stddef_h=yes
ac_cv_header_stdint_h=yes
ac_cv_header_stdlib_h=yes
ac_cv_header_string_h=yes
ac_cv_header_strings_h=yes
ac_cv_header_sys_stat_h=yes
ac_cv_header_sys_types_h=yes
ac_cv_header_unistd_h=yes
ac_cv_host=x86_64-unknown-linux-gnu
ac_cv_lib_guile_scm_with_guile=no
ac_cv_lib_m_log=yes
ac_cv_lib_xml2_xmlParseMemory=no
ac_cv_objext=o
ac_cv_path_EGREP='/bin/grep -E'
ac_cv_path_FGREP='/bin/grep -F'
ac_cv_path_GREP=/bin/grep
ac_cv_path_SED=/bin/sed
ac_cv_path_install='/usr/bin/install -c'
ac_cv_path_mkdir=/bin/mkdir
ac_cv_prog_AWK=mawk
ac_cv_prog_CPP='gcc -E'
ac_cv_prog_ac_ct_AR=ar
ac_cv_prog_ac_ct_CC=gcc
ac_cv_prog_ac_ct_MANIFEST_TOOL=mt
ac_cv_prog_ac_ct_OBJDUMP=objdump
ac_cv_prog_ac_ct_RANLIB=ranlib
ac_cv_prog_ac_ct_STRIP=strip
ac_cv_prog_cc_c89=
ac_cv_prog_cc_g=yes
ac_cv_prog_make_make_set=yes
ac_cv_search_luaL_openlibs=no
ac_cv_type_size_t=yes
ac_cv_working_alloca_h=yes
am_cv_CC_dependencies_compiler_type=gcc3
lt_cv_ar_at_file=@
lt_cv_archive_cmds_need_lc=no
lt_cv_deplibs_check_method=pass_all
lt_cv_file_magic_cmd='$MAGIC_CMD'
lt_cv_file_magic_test_file=
lt_cv_ld_reload_flag=-r
lt_cv_nm_interface='BSD nm'
lt_cv_objdir=.libs
lt_cv_path_LD=/usr/bin/ld
lt_cv_path_NM='/usr/bin/nm -B'
lt_cv_path_mainfest_tool=no
lt_cv_prog_compiler_c_o=yes
lt_cv_prog_compiler_pic='-fPIC -DPIC'
lt_cv_prog_compiler_pic_works=yes
lt_cv_prog_compiler_rtti_exceptions=no
lt_cv_prog_compiler_static_works=yes
lt_cv_prog_gnu_ld=yes
lt_cv_sharedlib_from_linklib_cmd='printf %s\n'
lt_cv_shlibpath_overrides_runpath=no
lt_cv_sys_global_symbol_pipe='sed -n -e '\''s/^.*[	 ]\([ABCDGIRSTW][ABCDGIRSTW]*\)[	 ][	 ]*\([_A-Za-z][_A-Za-z0-9]*\)$/\1 \2 \2/p'\'' | sed '\''/ __gnu_lto/d'\'''
lt_cv_sys_global_symbol_to_c_name_address='sed -n -e '\''s/^: \([^ ]*\)[ ]*$/  {\"\1\", (void *) 0},/p'\'' -e '\''s/^[ABCDGIRSTW]* \([^ ]*\) \([^ ]*\)$/  {"\2", (void *) \&\2},/p'\'''
lt_cv_sys_global_symbol_to_c_name_address_lib_prefix='sed -n -e '\''s/^: \([^ ]*\)[ ]*$/  {\"\1\", (void *) 0},/p'\'' -e '\''s/^[ABCDGIRSTW]* \([^ ]*\) \(lib[^ ]*\)$/  {"\2", (void *) \&\2},/p'\'' -e '\''s/^[ABCDGIRSTW]* \([^ ]*\) \([^ ]*\)$/  {"lib\2", (void *) \&\2},/p'\'''
lt_cv_sys_global_symbol_to_cdecl='sed -n -e '\''s/^T .* \(.*\)$/extern int \1();/p'\'' -e '\''s/^[ABCDGIRSTW]* .* \(.*\)$/extern char \1;/p'\'''
lt_cv_sys_max_cmd_len=1572864
lt_cv_to_host_file_cmd=func_convert_file_noop
lt_cv_to_tool_file_cmd=func_convert_file_noop

## ----------------- ##
## Output variables. ##
## ----------------- ##

ACLOCAL='${SHELL} /opt/POTION_dev/POTION2/POTION2/programs/newick/newick-utils-1.6/missing --run aclocal-1.11'
ALLOCA=''
AMDEPBACKSLASH='\'
AMDEP_FALSE='#'
AMDEP_TRUE=''
AMTAR='${SHELL} /opt/POTION_dev/POTION2/POTION2/programs/newick/newick-utils-1.6/missing --run tar'
AR='ar'
AUTOCONF='${SHELL} /opt/POTION_dev/POTION2/POTION2/programs/newick/newick-utils-1.6/missing --run autoconf'
AUTOHEADER='${SHELL} /opt/POTION_dev/POTION2/POTION2/programs/newick/newick-utils-1.6/missing --run autoheader'
AUTOMAKE='${SHELL} /opt/POTION_dev/POTION2/POTION2/programs/newick/newick-utils-1.6/missing --run automake-1.11'
AWK='mawk'
CC='gcc'
CCDEPMODE='depmode=gcc3'
CFLAGS='-g -O2'
CPP='gcc -E'
CPPFLAGS=''
CYGPATH_W='echo'
DEFS='-DHAVE_CONFIG_H'
DEPDIR='.deps'
DLLTOOL='false'
DSYMUTIL=''
DUMPBIN=''
ECHO_C=''
ECHO_N='-n'
ECHO_T=''
EGREP='/bin/grep -E'
EXEEXT=''
FGREP='/bin/grep -F'
GREP='/bin/grep'
INSTALL_DATA='${INSTALL} -m 644'
INSTALL_PROGRAM='${INSTALL}'
INSTALL_SCRIPT='${INSTALL}'
INSTALL_STRIP_PROGRAM='$(install_sh) -c -s'
LD='/usr/bin/ld -m elf_x86_64'
LDFLAGS=''
LEX='${SHELL} /opt/POTION_dev/POTION2/POTION2/programs/newick/newick-utils-1.6/missing --run flex'
LEXLIB=''
LEX_OUTPUT_ROOT=''
LIBOBJS=''
LIBS='-lm '
LIBTOOL='$(SHELL) $(top_builddir)/libtool'
LIPO=''
LN_S='ln -s'
LTLIBOBJS=''
MAKEINFO='${SHELL} /opt/POTION_dev/POTION2/POTION2/programs/newick/newick-utils-1.6/missing --run makeinfo'
MANIFEST_TOOL=':'
MKDIR_P='/bin/mkdir -p'
NM='/usr/bin/nm -B'
NMEDIT=''
OBJDUMP='objdump'
OBJEXT='o'
OTOOL64=''
OTOOL=''
PACKAGE='newick-utils'
PACKAGE_BUGREPORT='thomas.junier@.unige.ch'
PACKAGE_NAME='Newick Utils'
PACKAGE_STRING='Newick Utils 1.6'
PACKAGE_TARNAME='newick-utils'
PACKAGE_URL=''
PACKAGE_VERSION='1.6'
PATH_SEPARATOR=':'
POW_LIB=''
RANLIB='ranlib'
SED='/bin/sed'
SET_MAKE=''
SHELL='/bin/bash'
STRIP='strip'
VERSION='1.6'
WANT_NW_LUAED_FALSE=''
WANT_NW_LUAED_TRUE='#'
WANT_NW_SCHED_FALSE=''
WANT_NW_SCHED_TRUE='#'
YACC='yacc'
YFLAGS=''
ac_ct_AR='ar'
ac_ct_CC='gcc'
ac_ct_DUMPBIN=''
am__EXEEXT_FALSE=''
am__EXEEXT_TRUE='#'
am__fastdepCC_FALSE='#'
am__fastdepCC_TRUE=''
am__include='include'
am__isrc=''
am__leading_dot='.'
am__quote=''
am__tar='${AMTAR} chof - "$$tardir"'
am__untar='${AMTAR} xf -'
bindir='${exec_prefix}/bin'
build='x86_64-unknown-linux-gnu'
build_alias=''
build_cpu='x86_64'
build_os='linux-gnu'
build_vendor='unknown'
datadir='${datarootdir}'
datarootdir='${prefix}/share'
docdir='${datarootdir}/doc/${PACKAGE_TARNAME}'
dvidir='${docdir}'
exec_prefix='${prefix}'
host='x86_64-unknown-linux-gnu'
host_alias=''
host_cpu='x86_64'
host_os='linux-gnu'
host_vendor='unknown'
htmldir='${docdir}'
includedir='${prefix}/include'
infodir='${datarootdir}/info'
install_sh='${SHELL} /opt/POTION_dev/POTION2/POTION2/programs/newick/newick-utils-1.6/install-sh'
libdir='${exec_prefix}/lib'
libexecdir='${exec_prefix}/libexec'
localedir='${datarootdir}/locale'
localstatedir='${prefix}/var'
mandir='${datarootdir}/man'
mkdir_p='/bin/mkdir -p'
oldincludedir='/usr/include'
pdfdir='${docdir}'
prefix='/usr/local'
program_transform_name='s,x,x,'
psdir='${docdir}'
sbindir='${exec_prefix}/sbin'
sharedstatedir='${prefix}/com'
sysconfdir='${prefix}/etc'
target_alias=''

## ----------- ##
## confdefs.h. ##
## ----------- ##

/* confdefs.h */
#define PACKAGE_NAME "Newick Utils"
#define PACKAGE_TARNAME "newick-utils"
#define PACKAGE_VERSION "1.6"
#define PACKAGE_STRING "Newick Utils 1.6"
#define PACKAGE_BUGREPORT "thomas.junier@.unige.ch"
#define PACKAGE_URL ""
#define PACKAGE "newick-utils"
#define VERSION "1.6"
#define STDC_HEADERS 1
#define HAVE_SYS_TYPES_H 1
#define HAVE_SYS_STAT_H 1
#define HAVE_STDLIB_H 1
#define HAVE_STRING_H 1
#define HAVE_MEMORY_H 1
#define HAVE_STRINGS_H 1
#define HAVE_INTTYPES_H 1
#define HAVE_STDINT_H 1
#define HAVE_UNISTD_H 1
#define HAVE_DLFCN_H 1
#define LT_OBJDIR ".libs/"
#define HAVE_LIBM 1
#define HAVE_ALLOCA_H 1
#define HAVE_ALLOCA 1
#define STDC_HEADERS 1
#define HAVE_INTTYPES_H 1
#define HAVE_LIBINTL_H 1
#define HAVE_MALLOC_H 1
#define HAVE_STDDEF_H 1
#define HAVE_STDLIB_H 1
#define HAVE_STRING_H 1
#define HAVE_UNISTD_H 1
#define HAVE_STDLIB_H 1
#define HAVE_MALLOC 1
#define HAVE_STDLIB_H 1
#define HAVE_REALLOC 1
#define HAVE_MEMSET 1
#define HAVE_RINT 1
#define HAVE_STRDUP 1
#define HAVE_STRPBRK 1
#define HAVE_STRSPN 1

configure: exit 0
