
 15         verbose | verbose                1.00
  7         runmode | runmode                0.00
  4         seqtype | seqtype                1.00
 13       CodonFreq | CodonFreq              2.00
  9           clock | clock                  0.00
 18          aaDist | aaDist                 0.00
 19      aaRatefile | aaRatefile             1.00
 16           model | model                  0.00
 20         NSsites | NSsites                1.00
 22           icode | icode                  0.00
 23           Mgene | Mgene                  0.00
 24       fix_kappa | fix_kappa              0.00
 25           kappa | kappa                  2.00
 26       fix_omega | fix_omega              0.00
 27           omega | omega                  0.40
 28       fix_alpha | fix_alpha              1.00
 29           alpha | alpha                  0.00
 30          Malpha | Malpha                 0.00
 31           ncatG | ncatG                  8.00
 11           getSE | getSE                  0.00
 12    RateAncestor | RateAncestor           1.00
 36      Small_Diff | Small_Diff             0.00
  6       cleandata | cleandata              0.00
  8          method | method                 0.00
CODONML in paml version 4.8a, August 2014

----------------------------------------------
Phe F TTT | Ser S TCT | Tyr Y TAT | Cys C TGT
      TTC |       TCC |       TAC |       TGC
Leu L TTA |       TCA | *** * TAA | *** * TGA
      TTG |       TCG |       TAG | Trp W TGG
----------------------------------------------
Leu L CTT | Pro P CCT | His H CAT | Arg R CGT
      CTC |       CCC |       CAC |       CGC
      CTA |       CCA | Gln Q CAA |       CGA
      CTG |       CCG |       CAG |       CGG
----------------------------------------------
Ile I ATT | Thr T ACT | Asn N AAT | Ser S AGT
      ATC |       ACC |       AAC |       AGC
      ATA |       ACA | Lys K AAA | Arg R AGA
Met M ATG |       ACG |       AAG |       AGG
----------------------------------------------
Val V GTT | Ala A GCT | Asp D GAT | Gly G GGT
      GTC |       GCC |       GAC |       GGC
      GTA |       GCA | Glu E GAA |       GGA
      GTG |       GCG |       GAG |       GGG
----------------------------------------------
Nice code, uuh?


Ambiguity character definition table:

T (1): T 
C (1): C 
A (1): A 
G (1): G 
U (1): T 
Y (2): T C 
R (2): A G 
M (2): C A 
K (2): T G 
S (2): C G 
W (2): T A 
H (3): T C A 
B (3): T C G 
V (3): C A G 
D (3): T A G 
- (4): T C A G 
N (4): T C A G 
? (4): T C A G 

ns = 8  	ls = 2082
Reading sequences, interlaved format..
Reading seq # 1: A34     Reading seq # 2: A32     Reading seq # 3: A33     Reading seq # 4: A31     Reading seq # 5: A35     Reading seq # 6: A36     Reading seq # 7: A37     Reading seq # 8: A38     
block   1:     60     60     60     60     60     60     60     60
block   2:    120    120    120    120    120    120    120    120
block   3:    180    180    180    180    180    180    180    180
block   4:    240    240    240    240    240    240    240    240
block   5:    300    300    300    300    300    300    300    300
block   6:    360    360    360    360    360    360    360    360
block   7:    420    420    420    420    420    420    420    420
block   8:    480    480    480    480    480    480    480    480
block   9:    540    540    540    540    540    540    540    540
block  10:    600    600    600    600    600    600    600    600
block  11:    660    660    660    660    660    660    660    660
block  12:    720    720    720    720    720    720    720    720
block  13:    780    780    780    780    780    780    780    780
block  14:    840    840    840    840    840    840    840    840
block  15:    900    900    900    900    900    900    900    900
block  16:    960    960    960    960    960    960    960    960
block  17:   1020   1020   1020   1020   1020   1020   1020   1020
block  18:   1080   1080   1080   1080   1080   1080   1080   1080
block  19:   1140   1140   1140   1140   1140   1140   1140   1140
block  20:   1200   1200   1200   1200   1200   1200   1200   1200
block  21:   1260   1260   1260   1260   1260   1260   1260   1260
block  22:   1320   1320   1320   1320   1320   1320   1320   1320
block  23:   1380   1380   1380   1380   1380   1380   1380   1380
block  24:   1440   1440   1440   1440   1440   1440   1440   1440
block  25:   1500   1500   1500   1500   1500   1500   1500   1500
block  26:   1560   1560   1560   1560   1560   1560   1560   1560
block  27:   1620   1620   1620   1620   1620   1620   1620   1620
block  28:   1680   1680   1680   1680   1680   1680   1680   1680
block  29:   1740   1740   1740   1740   1740   1740   1740   1740
block  30:   1800   1800   1800   1800   1800   1800   1800   1800
block  31:   1860   1860   1860   1860   1860   1860   1860   1860
block  32:   1920   1920   1920   1920   1920   1920   1920   1920
block  33:   1980   1980   1980   1980   1980   1980   1980   1980
block  34:   2040   2040   2040   2040   2040   2040   2040   2040
block  35:   2082   2082   2082   2082   2082   2082   2082   2082
Sequences read..
Counting site patterns..  0:00
         225 patterns at      694 /      694 sites (100.0%),  0:00
1 ambiguous codons are seen in the data:
 ---
Counting codons..

  2   1:Sites   457.1 + 1612.9 = 2070.0	Diffs    11.8 +   35.2 =   47.0
  3   1:Sites   452.9 + 1605.1 = 2058.0	Diffs     6.8 +   22.2 =   29.0
  3   2:Sites   453.6 + 1604.4 = 2058.0	Diffs     7.0 +   21.0 =   28.0
  4   1:Sites   456.1 + 1613.9 = 2070.0	Diffs     6.8 +   25.2 =   32.0
  4   2:Sites   456.7 + 1613.3 = 2070.0	Diffs     5.0 +   18.0 =   23.0
  4   3:Sites   452.6 + 1605.4 = 2058.0	Diffs     2.0 +    5.0 =    7.0
  5   1:Sites   455.9 + 1614.1 = 2070.0	Diffs    51.0 +  154.0 =  205.0
  5   2:Sites   455.3 + 1605.7 = 2061.0	Diffs    50.8 +  163.2 =  214.0
  5   3:Sites   451.1 + 1597.9 = 2049.0	Diffs    47.2 +  154.8 =  202.0
  5   4:Sites   454.2 + 1606.8 = 2061.0	Diffs    49.2 +  155.8 =  205.0
  6   1:Sites   454.9 + 1612.1 = 2067.0	Diffs    48.9 +  156.1 =  205.0
  6   2:Sites   454.3 + 1603.7 = 2058.0	Diffs    51.1 +  166.9 =  218.0
  6   3:Sites   450.1 + 1595.9 = 2046.0	Diffs    48.9 +  159.1 =  208.0
  6   4:Sites   453.2 + 1604.8 = 2058.0	Diffs    48.9 +  160.1 =  209.0
  6   5:Sites   455.5 + 1614.5 = 2070.0	Diffs     5.0 +   17.0 =   22.0
  7   1:Sites   451.8 + 1606.2 = 2058.0	Diffs    47.9 +  157.1 =  205.0
  7   2:Sites   451.1 + 1597.9 = 2049.0	Diffs    49.6 +  170.4 =  220.0
  7   3:Sites   450.1 + 1598.9 = 2049.0	Diffs    45.9 +  162.1 =  208.0
  7   4:Sites   450.1 + 1598.9 = 2049.0	Diffs    47.9 +  163.1 =  211.0
  7   5:Sites   452.3 + 1608.7 = 2061.0	Diffs     3.0 +   12.0 =   15.0
  7   6:Sites   451.3 + 1606.7 = 2058.0	Diffs     4.0 +   13.0 =   17.0
  8   1:Sites   456.1 + 1607.9 = 2064.0	Diffs    11.5 +   44.5 =   56.0
  8   2:Sites   455.1 + 1599.9 = 2055.0	Diffs    14.0 +   58.0 =   72.0
  8   3:Sites   454.1 + 1600.9 = 2055.0	Diffs    10.5 +   56.5 =   67.0
  8   4:Sites   454.0 + 1601.0 = 2055.0	Diffs    10.5 +   55.5 =   66.0
  8   5:Sites   453.4 + 1601.6 = 2055.0	Diffs    50.2 +  152.8 =  203.0
  8   6:Sites   453.5 + 1601.5 = 2055.0	Diffs    48.9 +  147.1 =  196.0
  8   7:Sites   452.4 + 1602.6 = 2055.0	Diffs    46.9 +  154.1 =  201.0

      224 bytes for distance
   219600 bytes for conP
     3600 bytes for fhK
  5000000 bytes for space

TREE #  1
(((1, ((2, 4), 3)), ((5, 7), 6)), 8);   MP score: -1
This is a rooted tree, without clock.  Check.

   768600 bytes for conP, adjusted

    0.013714    0.026470    0.019815    0.018600    0.000966    0.025800    0.007783    0.007953    0.257430    0.003551    0.008819    0.013121    0.013994    0.027330    2.000000    0.573207    0.492243

ntime & nrate & np:    14     2    17

Bounds (np=17):
   0.000004   0.000004   0.000004   0.000004   0.000004   0.000004   0.000004   0.000004   0.000004   0.000004   0.000004   0.000004   0.000004   0.000004   0.000100   0.000010   0.000001
  50.000000  50.000000  50.000000  50.000000  50.000000  50.000000  50.000000  50.000000  50.000000  50.000000  50.000000  50.000000  50.000000  50.000000 999.000000   0.999990   1.000000
Qfactor_NS = 5.931508

np =    17
lnL0 = -4443.765141

Iterating by ming2
Initial: fx=  4443.765141
x=  0.01371  0.02647  0.01981  0.01860  0.00097  0.02580  0.00778  0.00795  0.25743  0.00355  0.00882  0.01312  0.01399  0.02733  2.00000  0.57321  0.49224

  1 h-m-p  0.0000 0.0000 2619.9291 YYYCCC  4437.860941  5 0.0000    29 | 0/17
  2 h-m-p  0.0000 0.0000 902.9226 +YCYCCC  4432.749323  5 0.0000    58 | 0/17
  3 h-m-p  0.0000 0.0000 765.9241 +YCYC  4432.025935  3 0.0000    83 | 0/17
  4 h-m-p  0.0000 0.0000 508.1360 CCC    4431.355168  2 0.0000   107 | 0/17
  5 h-m-p  0.0000 0.0002 223.3654 CYC    4430.947398  2 0.0000   130 | 0/17
  6 h-m-p  0.0000 0.0003 140.9048 CCC    4430.693648  2 0.0000   154 | 0/17
  7 h-m-p  0.0000 0.0005 160.6255 YC     4430.277788  1 0.0001   175 | 0/17
  8 h-m-p  0.0000 0.0006 320.0784 CCC    4429.788848  2 0.0001   199 | 0/17
  9 h-m-p  0.0000 0.0003 472.3600 CCCC   4429.000022  3 0.0001   225 | 0/17
 10 h-m-p  0.0000 0.0004 617.3898 CCC    4427.933447  2 0.0001   249 | 0/17
 11 h-m-p  0.0001 0.0005 302.6573 CCCC   4426.974836  3 0.0001   275 | 0/17
 12 h-m-p  0.0000 0.0004 938.9218 ++     4420.399678  m 0.0004   295 | 0/17
 13 h-m-p -0.0000 -0.0000 13174.7783 
h-m-p:     -5.32988234e-22     -2.66494117e-21      1.31747783e+04  4420.399678
..  | 0/17
 14 h-m-p  0.0000 0.0000 2097.5979 +YCCCC  4406.708727  4 0.0000   340 | 0/17
 15 h-m-p  0.0000 0.0000 1014.7856 YCCC   4404.202458  3 0.0000   365 | 0/17
 16 h-m-p  0.0000 0.0000 1024.4028 +CYC   4397.281456  2 0.0000   389 | 0/17
 17 h-m-p  0.0000 0.0000 686.3695 ++     4395.730124  m 0.0000   409 | 1/17
 18 h-m-p  0.0000 0.0001 458.3847 +YYCC  4394.045476  3 0.0000   434 | 1/17
 19 h-m-p  0.0001 0.0003 153.8620 YCC    4393.605048  2 0.0000   457 | 1/17
 20 h-m-p  0.0000 0.0004 254.8557 YCCC   4393.413081  3 0.0000   482 | 1/17
 21 h-m-p  0.0000 0.0002 278.7360 +YYYCCC  4392.665889  5 0.0001   510 | 1/17
 22 h-m-p  0.0000 0.0002 748.8207 CYC    4391.929625  2 0.0000   533 | 1/17
 23 h-m-p  0.0000 0.0003 541.9686 CCC    4390.885976  2 0.0001   557 | 1/17
 24 h-m-p  0.0002 0.0011  63.2385 CCC    4390.787387  2 0.0001   581 | 1/17
 25 h-m-p  0.0001 0.0019  47.7001 CC     4390.765527  1 0.0000   603 | 1/17
 26 h-m-p  0.0001 0.0079  20.2127 YC     4390.741488  1 0.0002   624 | 1/17
 27 h-m-p  0.0001 0.0055  61.5363 +YCC   4390.593047  2 0.0004   648 | 1/17
 28 h-m-p  0.0020 0.1727  11.2364 ++YCCCCC  4388.799182  5 0.0358   679 | 1/17
 29 h-m-p  0.1403 0.7014   0.0332 +YYCCC  4387.406365  4 0.4659   706 | 1/17
 30 h-m-p  0.1767 0.8837   0.0176 YCYCC  4387.078980  4 0.4159   748 | 1/17
 31 h-m-p  0.9011 8.0000   0.0081 YC     4387.028329  1 0.5467   785 | 1/17
 32 h-m-p  1.5777 7.8886   0.0020 CC     4387.021477  1 0.6385   823 | 1/17
 33 h-m-p  1.6000 8.0000   0.0005 YC     4387.020902  1 1.0181   860 | 1/17
 34 h-m-p  1.6000 8.0000   0.0002 Y      4387.020871  0 1.0344   896 | 1/17
 35 h-m-p  1.6000 8.0000   0.0000 Y      4387.020871  0 0.8712   932 | 1/17
 36 h-m-p  1.6000 8.0000   0.0000 Y      4387.020871  0 0.7562   968 | 1/17
 37 h-m-p  1.0133 8.0000   0.0000 -C     4387.020871  0 0.0972  1005 | 1/17
 38 h-m-p  0.0245 8.0000   0.0000 --Y    4387.020871  0 0.0004  1043
Out..
lnL  = -4387.020871
1044 lfun, 3132 eigenQcodon, 29232 P(t)

Reconstructed ancestral states go into file rst.

lnL = -4387.020871 from ProbSitePattern.
Marginal reconstruction.
	Node   9: lnL = -4387.020871
	Node  10: lnL = -4387.020871
	Node  11: lnL = -4387.020871
	Node  12: lnL = -4387.020871
	Node  13: lnL = -4387.020871
	Node  14: lnL = -4387.020871
	Node  15: lnL = -4387.020871

warning: strange character '-' 
warning ambiguity in difcodonNG: --- AAC
warning: strange character '-' 
warning ambiguity in difcodonNG: --- ATA
warning: strange character '-' 
warning ambiguity in difcodonNG: --- TTG
warning: strange character '-' 
warning ambiguity in difcodonNG: --- GAC
warning: strange character '-' 
warning ambiguity in difcodonNG: --- AAC
warning: strange character '-' 
warning ambiguity in difcodonNG: --- ATA
warning: strange character '-' 
warning ambiguity in difcodonNG: --- TTG
warning: strange character '-' 
warning ambiguity in difcodonNG: --- GAC
warning: strange character '-' 
warning ambiguity in difcodonNG: --- AAC
warning: strange character '-' 
warning ambiguity in difcodonNG: --- ATA
warning: strange character '-' 
warning ambiguity in difcodonNG: --- TTG
warning: strange character '-' 
warning ambiguity in difcodonNG: --- GAC
warning: strange character '-' 
warning ambiguity in difcodonNG: --- AAC
warning: strange character '-' 
warning ambiguity in difcodonNG: --- CGA
warning: strange character '-' 
warning ambiguity in difcodonNG: --- GGT
warning: strange character '-' 
warning ambiguity in difcodonNG: --- CAT
warning: strange character '-' 
warning ambiguity in difcodonNG: --- GAG
warning: strange character '-' 
warning ambiguity in difcodonNG: --- TGT
warning: strange character '-' 
warning ambiguity in difcodonNG: --- GCT
warning: strange character '-' 
warning ambiguity in difcodonNG: --- CTC
warning: strange character '-' 
warning ambiguity in difcodonNG: --- TGT
warning: strange character '-' 
warning ambiguity in difcodonNG: --- GCT
warning: strange character '-' 
warning ambiguity in difcodonNG: --- CTC
warning: strange character '-' 
warning ambiguity in difcodonNG: --- CGA
warning: strange character '-' 
warning ambiguity in difcodonNG: --- GGT
warning: strange character '-' 
warning ambiguity in difcodonNG: --- CAT
warning: strange character '-' 
warning ambiguity in difcodonNG: --- GAG
warning: strange character '-' 
warning ambiguity in difcodonNG: --- TGT
warning: strange character '-' 
warning ambiguity in difcodonNG: --- GCT
warning: strange character '-' 
warning ambiguity in difcodonNG: --- CTC
warning: strange character '-' 
warning ambiguity in difcodonNG: --- ACA
warning: strange character '-' 
warning ambiguity in difcodonNG: --- ACA
warning: strange character '-' 
warning ambiguity in difcodonNG: --- AAC
warning: strange character '-' 
warning ambiguity in difcodonNG: --- CGA
warning: strange character '-' 
warning ambiguity in difcodonNG: --- GGT
warning: strange character '-' 
warning ambiguity in difcodonNG: --- CAT
warning: strange character '-' 
warning ambiguity in difcodonNG: --- GAG
warning: strange character '-' 
warning ambiguity in difcodonNG: TGT ---
warning: strange character '-' 
warning ambiguity in difcodonNG: TGT ---
warning: strange character '-' 
warning ambiguity in difcodonNG: TGT ---
warning: strange character '-' 
warning ambiguity in difcodonNG: GCT ---
warning: strange character '-' 
warning ambiguity in difcodonNG: GCT ---
warning: strange character '-' 
warning ambiguity in difcodonNG: GCT ---
warning: strange character '-' 
warning ambiguity in difcodonNG: CTC ---
warning: strange character '-' 
warning ambiguity in difcodonNG: CTC ---
warning: strange character '-' 
warning ambiguity in difcodonNG: CTC ---
warning: strange character '-' 
warning ambiguity in difcodonNG: ATA ---
warning: strange character '-' 
warning ambiguity in difcodonNG: ATA ---
warning: strange character '-' 
warning ambiguity in difcodonNG: ATA ---
warning: strange character '-' 
warning ambiguity in difcodonNG: TTG ---
warning: strange character '-' 
warning ambiguity in difcodonNG: TTG ---
warning: strange character '-' 
warning ambiguity in difcodonNG: TTG ---
warning: strange character '-' 
warning ambiguity in difcodonNG: GAC ---
warning: strange character '-' 
warning ambiguity in difcodonNG: GAC ---
warning: strange character '-' 
warning ambiguity in difcodonNG: GAC ---
warning: strange character '-' 
warning ambiguity in difcodonNG: ACA ---
warning: strange character '-' 
warning ambiguity in difcodonNG: ACA ---
warning: strange character '-' 
warning ambiguity in difcodonNG: AAC ---
warning: strange character '-' 
warning ambiguity in difcodonNG: AAC ---
warning: strange character '-' 
warning ambiguity in difcodonNG: AAC ---
warning: strange character '-' 
warning ambiguity in difcodonNG: AAC ---
warning: strange character '-' 
warning ambiguity in difcodonNG: AAC ---
warning: strange character '-' 
warning ambiguity in difcodonNG: CGA ---
warning: strange character '-' 
warning ambiguity in difcodonNG: CGA ---
warning: strange character '-' 
warning ambiguity in difcodonNG: CGA ---
warning: strange character '-' 
warning ambiguity in difcodonNG: GGT ---
warning: strange character '-' 
warning ambiguity in difcodonNG: GGT ---
warning: strange character '-' 
warning ambiguity in difcodonNG: GGT ---
warning: strange character '-' 
warning ambiguity in difcodonNG: CAT ---
warning: strange character '-' 
warning ambiguity in difcodonNG: CAT ---
warning: strange character '-' 
warning ambiguity in difcodonNG: CAT ---
warning: strange character '-' 
warning ambiguity in difcodonNG: GAG ---
warning: strange character '-' 
warning ambiguity in difcodonNG: GAG ---
warning: strange character '-' 
warning ambiguity in difcodonNG: GAG ---end of tree file.

Time used:  0:29
