
 15         verbose | verbose                1.00
  7         runmode | runmode                0.00
  4         seqtype | seqtype                1.00
 13       CodonFreq | CodonFreq              2.00
  9           clock | clock                  0.00
 18          aaDist | aaDist                 0.00
 19      aaRatefile | aaRatefile             1.00
 16           model | model                  0.00
 20         NSsites | NSsites                8.00
 22           icode | icode                  0.00
 23           Mgene | Mgene                  0.00
 24       fix_kappa | fix_kappa              0.00
 25           kappa | kappa                  2.00
 26       fix_omega | fix_omega              0.00
 27           omega | omega                  0.40
 28       fix_alpha | fix_alpha              1.00
 29           alpha | alpha                  0.00
 30          Malpha | Malpha                 0.00
 31           ncatG | ncatG                  8.00
 11           getSE | getSE                  0.00
 12    RateAncestor | RateAncestor           1.00
 36      Small_Diff | Small_Diff             0.00
  6       cleandata | cleandata              0.00
  8          method | method                 0.00
CODONML in paml version 4.8a, August 2014

----------------------------------------------
Phe F TTT | Ser S TCT | Tyr Y TAT | Cys C TGT
      TTC |       TCC |       TAC |       TGC
Leu L TTA |       TCA | *** * TAA | *** * TGA
      TTG |       TCG |       TAG | Trp W TGG
----------------------------------------------
Leu L CTT | Pro P CCT | His H CAT | Arg R CGT
      CTC |       CCC |       CAC |       CGC
      CTA |       CCA | Gln Q CAA |       CGA
      CTG |       CCG |       CAG |       CGG
----------------------------------------------
Ile I ATT | Thr T ACT | Asn N AAT | Ser S AGT
      ATC |       ACC |       AAC |       AGC
      ATA |       ACA | Lys K AAA | Arg R AGA
Met M ATG |       ACG |       AAG |       AGG
----------------------------------------------
Val V GTT | Ala A GCT | Asp D GAT | Gly G GGT
      GTC |       GCC |       GAC |       GGC
      GTA |       GCA | Glu E GAA |       GGA
      GTG |       GCG |       GAG |       GGG
----------------------------------------------
Nice code, uuh?


Ambiguity character definition table:

T (1): T 
C (1): C 
A (1): A 
G (1): G 
U (1): T 
Y (2): T C 
R (2): A G 
M (2): C A 
K (2): T G 
S (2): C G 
W (2): T A 
H (3): T C A 
B (3): T C G 
V (3): C A G 
D (3): T A G 
- (4): T C A G 
N (4): T C A G 
? (4): T C A G 

ns = 3  	ls = 2367
Reading sequences, interlaved format..
Reading seq # 1: A87     Reading seq # 2: A88     Reading seq # 3: A89     
block   1:     60     60     60
block   2:    120    120    120
block   3:    180    180    180
block   4:    240    240    240
block   5:    300    300    300
block   6:    360    360    360
block   7:    420    420    420
block   8:    480    480    480
block   9:    540    540    540
block  10:    600    600    600
block  11:    660    660    660
block  12:    720    720    720
block  13:    780    780    780
block  14:    840    840    840
block  15:    900    900    900
block  16:    960    960    960
block  17:   1020   1020   1020
block  18:   1080   1080   1080
block  19:   1140   1140   1140
block  20:   1200   1200   1200
block  21:   1260   1260   1260
block  22:   1320   1320   1320
block  23:   1380   1380   1380
block  24:   1440   1440   1440
block  25:   1500   1500   1500
block  26:   1560   1560   1560
block  27:   1620   1620   1620
block  28:   1680   1680   1680
block  29:   1740   1740   1740
block  30:   1800   1800   1800
block  31:   1860   1860   1860
block  32:   1920   1920   1920
block  33:   1980   1980   1980
block  34:   2040   2040   2040
block  35:   2100   2100   2100
block  36:   2160   2160   2160
block  37:   2220   2220   2220
block  38:   2280   2280   2280
block  39:   2340   2340   2340
block  40:   2367   2367   2367
Sequences read..
Counting site patterns..  0:00
         115 patterns at      789 /      789 sites (100.0%),  0:00
Counting codons..

  2   1:Sites   548.7 + 1818.3 = 2367.0	Diffs    22.0 +   50.0 =   72.0
  3   1:Sites   547.5 + 1819.5 = 2367.0	Diffs     5.0 +   11.0 =   16.0
  3   2:Sites   547.6 + 1819.4 = 2367.0	Diffs    21.0 +   41.0 =   62.0

       24 bytes for distance
   112240 bytes for conP
     8280 bytes for fhK
  5000000 bytes for space

TREE #  1
((2, 1), 3);   MP score: 57
This is a rooted tree, without clock.  Check.

initial w for M8:NSbetaw>1 reset.

    0.000000    0.052200    0.046818    0.017997    2.000000    0.900000    1.102878    1.889840    2.387011

ntime & nrate & np:     4     2     9

Bounds (np=9):
   0.000004   0.000004   0.000004   0.000004   0.000100   0.000010   0.005000   0.005000   1.000000
  50.000000  50.000000  50.000000  50.000000 999.000000   0.999990  99.000000  99.000000 999.000000
Qfactor_NS = 6.896467

np =     9
lnL0 = -3629.270523

Iterating by ming2
Initial: fx=  3629.270523
x=  0.00000  0.05220  0.04682  0.01800  2.00000  0.90000  1.10288  1.88984  2.38701

  1 h-m-p  0.0000 0.0000 1036.8573 ++     3629.269074  m 0.0000    14 | 1/9
  2 h-m-p  0.0000 0.0001 452.0032 +YCYCCCC  3623.135605  6 0.0001    38 | 1/9
  3 h-m-p  0.0001 0.0006  73.5466 CC     3623.008385  1 0.0000    52 | 1/9
  4 h-m-p  0.0002 0.0755  18.6945 +++CYCCC  3621.687279  4 0.0088    75 | 1/9
  5 h-m-p  0.0045 0.0260  36.9474 +CYYCCCC  3611.727186  6 0.0221    98 | 0/9
  6 h-m-p  0.0000 0.0000 10337.8785 ++     3611.137979  m 0.0000   110 | 0/9
  7 h-m-p  0.0000 0.0000   6.4857 
h-m-p:      2.18035071e-19      1.09017536e-18      6.48569562e+00  3611.137979
..  | 0/9
  8 h-m-p  0.0000 0.0004 463.4367 +YCCC  3609.133400  3 0.0000   137 | 0/9
  9 h-m-p  0.0000 0.0000 1111.0089 ++     3605.837735  m 0.0000   149 | 0/9
 10 h-m-p  0.0000 0.0000  87.6757 
h-m-p:      8.54644245e-21      4.27322122e-20      8.76757110e+01  3605.837735
..  | 0/9
 11 h-m-p  0.0000 0.0217 170.9145 -CYC   3605.793892  2 0.0000   174 | 0/9
 12 h-m-p  0.0000 0.0001  98.1826 YC     3605.708342  1 0.0000   187 | 0/9
 13 h-m-p  0.0001 0.0037  42.6170 YC     3605.642375  1 0.0001   200 | 0/9
 14 h-m-p  0.0004 0.0212  10.3785 ++YCCC  3605.408514  3 0.0043   219 | 0/9
 15 h-m-p  0.0081 0.3586   5.5551 +++    3599.997212  m 0.3586   232 | 0/9
 16 h-m-p -0.0000 -0.0000   9.0333 
h-m-p:     -3.29651397e-18     -1.64825698e-17      9.03329860e+00  3599.997212
..  | 0/9
 17 h-m-p  0.0000 0.0000 185.1264 ++     3599.960601  m 0.0000   253 | 1/9
 18 h-m-p  0.0000 0.0003 273.8586 +YCCC  3598.652731  3 0.0001   271 | 2/9
 19 h-m-p  0.0000 0.0008 471.6046 CYCC   3597.733140  3 0.0000   288 | 2/9
 20 h-m-p  0.0003 0.0185  73.7058 YCCC   3597.437594  3 0.0002   305 | 2/9
 21 h-m-p  0.0135 6.7419   2.0079 ++++YCCCC  3593.646547  4 2.4066   328 | 1/9
 22 h-m-p  0.0007 0.0036 2416.5762 --YC   3593.644304  1 0.0000   343 | 1/9
 23 h-m-p  0.0160 8.0000   1.2989 +++CYC  3592.980102  2 0.9143   361 | 1/9
 24 h-m-p  1.5559 8.0000   0.7633 CCCC   3592.715810  3 2.0502   379 | 1/9
 25 h-m-p  1.6000 8.0000   0.7276 YCC    3592.602948  2 1.0249   402 | 1/9
 26 h-m-p  1.0934 8.0000   0.6820 YC     3592.511758  1 2.2967   423 | 1/9
 27 h-m-p  1.6000 8.0000   0.1147 YC     3592.503758  1 1.1181   444 | 1/9
 28 h-m-p  1.5567 8.0000   0.0824 C      3592.503213  0 1.4292   464 | 1/9
 29 h-m-p  1.6000 8.0000   0.0088 Y      3592.503204  0 1.1862   484 | 1/9
 30 h-m-p  1.6000 8.0000   0.0012 C      3592.503204  0 1.3691   504 | 1/9
 31 h-m-p  1.6000 8.0000   0.0001 C      3592.503204  0 2.3865   524 | 1/9
 32 h-m-p  1.6000 8.0000   0.0001 --Y    3592.503204  0 0.0151   546 | 1/9
 33 h-m-p  0.0160 8.0000   0.0001 ---C   3592.503204  0 0.0001   569
Out..
lnL  = -3592.503204
570 lfun, 5700 eigenQcodon, 20520 P(t)

BEBing (dim = 4).  This may take several minutes.
Calculating f(x_h|w): 10 categories 20 w sets.
S10 w log{f(x|w)}:    0.0500     -8.665959
S10 w log{f(x|w)}:    0.1500     -8.672466
S10 w log{f(x|w)}:    0.2500     -8.678966
S10 w log{f(x|w)}:    0.3500     -8.685460
S10 w log{f(x|w)}:    0.4500     -8.691947
S10 w log{f(x|w)}:    0.5500     -8.698427
S10 w log{f(x|w)}:    0.6500     -8.704898
S10 w log{f(x|w)}:    0.7500     -8.711362
S10 w log{f(x|w)}:    0.8500     -8.717817
S10 w log{f(x|w)}:    0.9500     -8.724263
S10 w log{f(x|w)}:    1.5000     -8.759539
S10 w log{f(x|w)}:    2.5000     -8.822742
S10 w log{f(x|w)}:    3.5000     -8.884423
S10 w log{f(x|w)}:    4.5000     -8.944238
S10 w log{f(x|w)}:    5.5000     -9.001868
S10 w log{f(x|w)}:    6.5000     -9.057030
S10 w log{f(x|w)}:    7.5000     -9.109477
S10 w log{f(x|w)}:    8.5000     -9.159003
S10 w log{f(x|w)}:    9.5000     -9.205444
S10 w log{f(x|w)}:   10.5000     -9.248684
Calculating f(X), the marginal probability of data.
	log(fX) = -3601.567886  S = -3465.882216  -130.254738
Calculating f(w|X), posterior probabilities of site classes.
	did  10 / 115 patterns   0:17	did  20 / 115 patterns   0:18	did  30 / 115 patterns   0:18	did  40 / 115 patterns   0:18	did  50 / 115 patterns   0:19	did  60 / 115 patterns   0:19	did  70 / 115 patterns   0:19	did  80 / 115 patterns   0:19	did  90 / 115 patterns   0:20	did 100 / 115 patterns   0:20	did 110 / 115 patterns   0:20	did 115 / 115 patterns   0:20
Reconstructed ancestral states go into file rst.

lnL = -3592.503204 from ProbSitePattern.
Marginal reconstruction.
	Node   4: lnL = -3592.503204
	Node   5: lnL = -3592.503204
end of tree file.

Time used:  0:20
