
 15         verbose | verbose                1.00
  7         runmode | runmode                0.00
  4         seqtype | seqtype                1.00
 13       CodonFreq | CodonFreq              2.00
  9           clock | clock                  0.00
 18          aaDist | aaDist                 0.00
 19      aaRatefile | aaRatefile             1.00
 16           model | model                  0.00
 20         NSsites | NSsites                7.00
 22           icode | icode                  0.00
 23           Mgene | Mgene                  0.00
 24       fix_kappa | fix_kappa              0.00
 25           kappa | kappa                  2.00
 26       fix_omega | fix_omega              0.00
 27           omega | omega                  0.40
 28       fix_alpha | fix_alpha              1.00
 29           alpha | alpha                  0.00
 30          Malpha | Malpha                 0.00
 31           ncatG | ncatG                  8.00
 11           getSE | getSE                  0.00
 12    RateAncestor | RateAncestor           1.00
 36      Small_Diff | Small_Diff             0.00
  6       cleandata | cleandata              0.00
  8          method | method                 0.00
CODONML in paml version 4.8a, August 2014

----------------------------------------------
Phe F TTT | Ser S TCT | Tyr Y TAT | Cys C TGT
      TTC |       TCC |       TAC |       TGC
Leu L TTA |       TCA | *** * TAA | *** * TGA
      TTG |       TCG |       TAG | Trp W TGG
----------------------------------------------
Leu L CTT | Pro P CCT | His H CAT | Arg R CGT
      CTC |       CCC |       CAC |       CGC
      CTA |       CCA | Gln Q CAA |       CGA
      CTG |       CCG |       CAG |       CGG
----------------------------------------------
Ile I ATT | Thr T ACT | Asn N AAT | Ser S AGT
      ATC |       ACC |       AAC |       AGC
      ATA |       ACA | Lys K AAA | Arg R AGA
Met M ATG |       ACG |       AAG |       AGG
----------------------------------------------
Val V GTT | Ala A GCT | Asp D GAT | Gly G GGT
      GTC |       GCC |       GAC |       GGC
      GTA |       GCA | Glu E GAA |       GGA
      GTG |       GCG |       GAG |       GGG
----------------------------------------------
Nice code, uuh?


Ambiguity character definition table:

T (1): T 
C (1): C 
A (1): A 
G (1): G 
U (1): T 
Y (2): T C 
R (2): A G 
M (2): C A 
K (2): T G 
S (2): C G 
W (2): T A 
H (3): T C A 
B (3): T C G 
V (3): C A G 
D (3): T A G 
- (4): T C A G 
N (4): T C A G 
? (4): T C A G 

ns = 3  	ls = 2367
Reading sequences, interlaved format..
Reading seq # 1: A87     Reading seq # 2: A88     Reading seq # 3: A89     
block   1:     60     60     60
block   2:    120    120    120
block   3:    180    180    180
block   4:    240    240    240
block   5:    300    300    300
block   6:    360    360    360
block   7:    420    420    420
block   8:    480    480    480
block   9:    540    540    540
block  10:    600    600    600
block  11:    660    660    660
block  12:    720    720    720
block  13:    780    780    780
block  14:    840    840    840
block  15:    900    900    900
block  16:    960    960    960
block  17:   1020   1020   1020
block  18:   1080   1080   1080
block  19:   1140   1140   1140
block  20:   1200   1200   1200
block  21:   1260   1260   1260
block  22:   1320   1320   1320
block  23:   1380   1380   1380
block  24:   1440   1440   1440
block  25:   1500   1500   1500
block  26:   1560   1560   1560
block  27:   1620   1620   1620
block  28:   1680   1680   1680
block  29:   1740   1740   1740
block  30:   1800   1800   1800
block  31:   1860   1860   1860
block  32:   1920   1920   1920
block  33:   1980   1980   1980
block  34:   2040   2040   2040
block  35:   2100   2100   2100
block  36:   2160   2160   2160
block  37:   2220   2220   2220
block  38:   2280   2280   2280
block  39:   2340   2340   2340
block  40:   2367   2367   2367
Sequences read..
Counting site patterns..  0:00
         115 patterns at      789 /      789 sites (100.0%),  0:00
Counting codons..

  2   1:Sites   548.7 + 1818.3 = 2367.0	Diffs    22.0 +   50.0 =   72.0
  3   1:Sites   547.5 + 1819.5 = 2367.0	Diffs     5.0 +   11.0 =   16.0
  3   2:Sites   547.6 + 1819.4 = 2367.0	Diffs    21.0 +   41.0 =   62.0

       24 bytes for distance
   112240 bytes for conP
     7360 bytes for fhK
  5000000 bytes for space

TREE #  1
((2, 1), 3);   MP score: 57
This is a rooted tree, without clock.  Check.

    0.000000    0.052200    0.046818    0.017997    2.000000    1.102878    1.889840

ntime & nrate & np:     4     1     7

Bounds (np=7):
   0.000004   0.000004   0.000004   0.000004   0.000100   0.005000   0.005000
  50.000000  50.000000  50.000000  50.000000 999.000000  99.000000  99.000000
Qfactor_NS = 8.840391

np =     7
lnL0 = -3637.533818

Iterating by ming2
Initial: fx=  3637.533818
x=  0.00000  0.05220  0.04682  0.01800  2.00000  1.10288  1.88984

  1 h-m-p  0.0000 0.0000 1047.8450 ++     3637.532361  m 0.0000    12 | 1/7
  2 h-m-p  0.0000 0.0001 414.9209 +YCYCYCC  3631.808307  6 0.0001    33 | 1/7
  3 h-m-p  0.0001 0.0006 127.7938 CYC    3631.076135  2 0.0001    46 | 1/7
  4 h-m-p  0.0001 0.0009 192.4494 ++     3625.379379  m 0.0009    56 | 0/7
  5 h-m-p  0.0000 0.0000 751.6340 
h-m-p:      1.19912734e-21      5.99563671e-21      7.51634045e+02  3625.379379
..  | 0/7
  6 h-m-p  0.0000 0.0061 11619.5254 -YYCYYC  3620.755675  5 0.0000    81 | 0/7
  7 h-m-p  0.0000 0.0012 366.7233 +YCCC  3616.690341  3 0.0001    97 | 0/7
  8 h-m-p  0.0001 0.0004  53.1033 CCC    3616.654327  2 0.0000   111 | 0/7
  9 h-m-p  0.0014 0.7154   4.4189 ++++CYCCC  3614.038414  4 0.3317   132 | 0/7
 10 h-m-p  0.9653 4.8265   0.4646 +YYYYYCYYYC  3610.936584 10 4.7081   155 | 0/7
 11 h-m-p  0.0138 0.0691   0.8923 CYCC   3610.592585  3 0.0098   177 | 0/7
 12 h-m-p  0.0001 0.0010  59.4047 CYCCC  3610.528165  4 0.0002   201 | 0/7
 13 h-m-p  0.0183 1.9655   0.6799 +++CCC  3609.661400  2 1.3069   218 | 0/7
 14 h-m-p  0.9656 4.8282   0.0248 YCY    3609.656755  2 1.6973   238 | 0/7
 15 h-m-p  1.5306 7.6531   0.0190 YC     3609.656244  1 1.0605   256 | 0/7
 16 h-m-p  1.6000 8.0000   0.0025 +YC    3609.655944  1 4.5548   275 | 0/7
 17 h-m-p  1.5359 7.6794   0.0043 C      3609.655860  0 1.6261   292 | 0/7
 18 h-m-p  1.6000 8.0000   0.0008 C      3609.655842  0 2.0622   309 | 0/7
 19 h-m-p  1.6000 8.0000   0.0001 Y      3609.655842  0 1.0767   326 | 0/7
 20 h-m-p  1.6000 8.0000   0.0000 Y      3609.655841  0 3.0273   343 | 0/7
 21 h-m-p  1.6000 8.0000   0.0000 C      3609.655841  0 1.6000   360 | 0/7
 22 h-m-p  0.6594 8.0000   0.0000 +C     3609.655841  0 2.5433   378 | 0/7
 23 h-m-p  0.5542 8.0000   0.0001 +C     3609.655841  0 3.1730   396 | 0/7
 24 h-m-p  1.1484 8.0000   0.0004 +Y     3609.655841  0 5.9029   414 | 0/7
 25 h-m-p  0.2260 1.1302   0.0014 ++     3609.655841  m 1.1302   431 | 1/7
 26 h-m-p  0.3085 1.5423   0.0004 -------C  3609.655841  0 0.0000   455 | 1/7
 27 h-m-p  0.0160 8.0000   0.0001 +++C   3609.655841  0 1.0290   474 | 1/7
 28 h-m-p  1.4682 8.0000   0.0000 -C     3609.655841  0 0.0918   491 | 1/7
 29 h-m-p  0.0863 8.0000   0.0000 --------------..  | 1/7
 30 h-m-p  0.0160 8.0000   0.0514 ------------- | 1/7
 31 h-m-p  0.0160 8.0000   0.0514 -------------
Out..
lnL  = -3609.655841
574 lfun, 5166 eigenQcodon, 18368 P(t)

Reconstructed ancestral states go into file rst.

lnL = -3609.655841 from ProbSitePattern.
Marginal reconstruction.
	Node   4: lnL = -3609.655841
	Node   5: lnL = -3609.655841
end of tree file.

Time used:  0:14
