
 15         verbose | verbose                1.00
  7         runmode | runmode                0.00
  4         seqtype | seqtype                1.00
 13       CodonFreq | CodonFreq              2.00
  9           clock | clock                  0.00
 18          aaDist | aaDist                 0.00
 19      aaRatefile | aaRatefile             1.00
 16           model | model                  0.00
 20         NSsites | NSsites                2.00
 22           icode | icode                  0.00
 23           Mgene | Mgene                  0.00
 24       fix_kappa | fix_kappa              0.00
 25           kappa | kappa                  2.00
 26       fix_omega | fix_omega              0.00
 27           omega | omega                  0.40
 28       fix_alpha | fix_alpha              1.00
 29           alpha | alpha                  0.00
 30          Malpha | Malpha                 0.00
 31           ncatG | ncatG                  8.00
 11           getSE | getSE                  0.00
 12    RateAncestor | RateAncestor           1.00
 36      Small_Diff | Small_Diff             0.00
  6       cleandata | cleandata              0.00
  8          method | method                 0.00
CODONML in paml version 4.8a, August 2014

----------------------------------------------
Phe F TTT | Ser S TCT | Tyr Y TAT | Cys C TGT
      TTC |       TCC |       TAC |       TGC
Leu L TTA |       TCA | *** * TAA | *** * TGA
      TTG |       TCG |       TAG | Trp W TGG
----------------------------------------------
Leu L CTT | Pro P CCT | His H CAT | Arg R CGT
      CTC |       CCC |       CAC |       CGC
      CTA |       CCA | Gln Q CAA |       CGA
      CTG |       CCG |       CAG |       CGG
----------------------------------------------
Ile I ATT | Thr T ACT | Asn N AAT | Ser S AGT
      ATC |       ACC |       AAC |       AGC
      ATA |       ACA | Lys K AAA | Arg R AGA
Met M ATG |       ACG |       AAG |       AGG
----------------------------------------------
Val V GTT | Ala A GCT | Asp D GAT | Gly G GGT
      GTC |       GCC |       GAC |       GGC
      GTA |       GCA | Glu E GAA |       GGA
      GTG |       GCG |       GAG |       GGG
----------------------------------------------
Nice code, uuh?


Ambiguity character definition table:

T (1): T 
C (1): C 
A (1): A 
G (1): G 
U (1): T 
Y (2): T C 
R (2): A G 
M (2): C A 
K (2): T G 
S (2): C G 
W (2): T A 
H (3): T C A 
B (3): T C G 
V (3): C A G 
D (3): T A G 
- (4): T C A G 
N (4): T C A G 
? (4): T C A G 

ns = 3  	ls = 2367
Reading sequences, interlaved format..
Reading seq # 1: A87     Reading seq # 2: A88     Reading seq # 3: A89     
block   1:     60     60     60
block   2:    120    120    120
block   3:    180    180    180
block   4:    240    240    240
block   5:    300    300    300
block   6:    360    360    360
block   7:    420    420    420
block   8:    480    480    480
block   9:    540    540    540
block  10:    600    600    600
block  11:    660    660    660
block  12:    720    720    720
block  13:    780    780    780
block  14:    840    840    840
block  15:    900    900    900
block  16:    960    960    960
block  17:   1020   1020   1020
block  18:   1080   1080   1080
block  19:   1140   1140   1140
block  20:   1200   1200   1200
block  21:   1260   1260   1260
block  22:   1320   1320   1320
block  23:   1380   1380   1380
block  24:   1440   1440   1440
block  25:   1500   1500   1500
block  26:   1560   1560   1560
block  27:   1620   1620   1620
block  28:   1680   1680   1680
block  29:   1740   1740   1740
block  30:   1800   1800   1800
block  31:   1860   1860   1860
block  32:   1920   1920   1920
block  33:   1980   1980   1980
block  34:   2040   2040   2040
block  35:   2100   2100   2100
block  36:   2160   2160   2160
block  37:   2220   2220   2220
block  38:   2280   2280   2280
block  39:   2340   2340   2340
block  40:   2367   2367   2367
Sequences read..
Counting site patterns..  0:00
         115 patterns at      789 /      789 sites (100.0%),  0:00
Counting codons..

  2   1:Sites   548.7 + 1818.3 = 2367.0	Diffs    22.0 +   50.0 =   72.0
  3   1:Sites   547.5 + 1819.5 = 2367.0	Diffs     5.0 +   11.0 =   16.0
  3   2:Sites   547.6 + 1819.4 = 2367.0	Diffs    21.0 +   41.0 =   62.0

       24 bytes for distance
   112240 bytes for conP
     2760 bytes for fhK
  5000000 bytes for space

TREE #  1
((2, 1), 3);   MP score: 57
This is a rooted tree, without clock.  Check.

initial w for M2:NSpselection reset.

    0.000000    0.052200    0.046818    0.017997    2.000000    1.702878    0.544920    0.254804    2.882193

ntime & nrate & np:     4     3     9

Bounds (np=9):
   0.000004   0.000004   0.000004   0.000004   0.000100 -99.000000 -99.000000   0.000001   1.000000
  50.000000  50.000000  50.000000  50.000000 999.000000  99.000000  99.000000   1.000000 999.000000
Qfactor_NS = 5.860437

np =     9
lnL0 = -3628.007065

Iterating by ming2
Initial: fx=  3628.007065
x=  0.00000  0.05220  0.04682  0.01800  2.00000  1.70288  0.54492  0.25480  2.88219

  1 h-m-p  0.0000 0.0000 1028.2583 ++     3628.005624  m 0.0000    14 | 1/9
  2 h-m-p  0.0000 0.0001 471.5217 +YCYCYCC  3621.413661  6 0.0001    37 | 1/9
  3 h-m-p  0.0001 0.0007  86.8588 YCC    3621.122930  2 0.0001    52 | 1/9
  4 h-m-p  0.0001 0.0025 102.0150 +++    3609.208685  m 0.0025    65 | 2/9
  5 h-m-p  0.0111 2.0828   5.2708 ++YCCC  3603.795359  3 0.2826    84 | 2/9
  6 h-m-p  0.1434 8.0000  10.3853 CYC    3598.540850  2 0.1688    99 | 2/9
  7 h-m-p  0.3106 1.5529   2.6014 +YCCC  3594.868106  3 0.9003   117 | 1/9
  8 h-m-p  0.0000 0.0000 113827.3633 CYCC   3594.430978  3 0.0000   134 | 1/9
  9 h-m-p  0.3689 2.5328   1.0266 +C     3593.469809  0 1.4757   147 | 1/9
 10 h-m-p  0.1131 0.5656   1.4421 ++     3593.087702  m 0.5656   159 | 2/9
 11 h-m-p  0.4650 8.0000   1.7541 YCC    3592.827450  2 0.9349   174 | 2/9
 12 h-m-p  0.4731 2.3657   0.7976 CCCC   3592.761560  3 0.5440   192 | 1/9
 13 h-m-p  0.0000 0.0000 30301.6049 ++     3592.637692  m 0.0000   211 | 2/9
 14 h-m-p  1.6000 8.0000   0.1399 CC     3592.570839  1 1.8650   225 | 2/9
 15 h-m-p  0.5169 2.5845   0.2213 YYC    3592.546602  2 0.3615   246 | 1/9
 16 h-m-p  0.0000 0.0003 1629.0586 YC     3592.543488  1 0.0000   266 | 1/9
 17 h-m-p  0.1135 8.0000   0.5058 ++YC   3592.510559  1 1.2119   281 | 1/9
 18 h-m-p  1.6000 8.0000   0.2031 C      3592.505989  0 1.7001   301 | 1/9
 19 h-m-p  1.6000 8.0000   0.0527 YC     3592.505559  1 1.0776   322 | 1/9
 20 h-m-p  1.6000 8.0000   0.0079 Y      3592.505543  0 3.0251   342 | 1/9
 21 h-m-p  1.6000 8.0000   0.0025 +Y     3592.505525  0 5.1417   363 | 1/9
 22 h-m-p  1.0694 8.0000   0.0119 ++     3592.505315  m 8.0000   383 | 1/9
 23 h-m-p  0.1119 2.9927   0.8480 ++YC   3592.503743  1 2.3062   406 | 1/9
 24 h-m-p  0.6491 3.2453   0.2331 YC     3592.503425  1 1.5265   427 | 1/9
 25 h-m-p  0.2360 1.1802   0.2672 ++     3592.503362  m 1.1802   447 | 2/9
 26 h-m-p  0.7804 7.6689   0.4041 ---C   3592.503362  0 0.0026   470 | 2/9
 27 h-m-p  0.0987 8.0000   0.0106 ++C    3592.503360  0 1.3925   491 | 2/9
 28 h-m-p  1.5715 8.0000   0.0094 ++     3592.503349  m 8.0000   510 | 2/9
 29 h-m-p  0.0933 8.0000   0.8049 ++Y    3592.503246  0 3.2381   531 | 2/9
 30 h-m-p  1.6000 8.0000   0.0441 C      3592.503216  0 1.6559   550 | 2/9
 31 h-m-p  0.4045 8.0000   0.1806 +C     3592.503213  0 2.5381   570 | 2/9
 32 h-m-p  1.6000 8.0000   0.2579 +Y     3592.503209  0 4.5758   590 | 2/9
 33 h-m-p  1.6000 8.0000   0.3719 C      3592.503207  0 2.1558   609 | 2/9
 34 h-m-p  1.6000 8.0000   0.3122 Y      3592.503207  0 2.6092   628 | 2/9
 35 h-m-p  1.6000 8.0000   0.3939 Y      3592.503206  0 3.1847   647 | 2/9
 36 h-m-p  1.6000 8.0000   0.2666 C      3592.503206  0 1.5494   666 | 2/9
 37 h-m-p  1.0230 8.0000   0.4038 ++     3592.503206  m 8.0000   685 | 2/9
 38 h-m-p  1.6000 8.0000   0.0586 C      3592.503206  0 1.6000   704 | 2/9
 39 h-m-p  0.9700 8.0000   0.0967 -C     3592.503206  0 0.0606   724 | 2/9
 40 h-m-p  0.0263 8.0000   0.2228 -------------..  | 2/9
 41 h-m-p  0.0160 8.0000   0.0092 ------------- | 2/9
 42 h-m-p  0.0160 8.0000   0.0092 -------------
Out..
lnL  = -3592.503206
815 lfun, 3260 eigenQcodon, 9780 P(t)

BEBing (dim = 4).  This may take several minutes.
Calculating f(x_h|w): 10 categories 21 w sets.
S10 w log{f(x|w)}:    0.0500     -8.665967
S10 w log{f(x|w)}:    0.1500     -8.672473
S10 w log{f(x|w)}:    0.2500     -8.678974
S10 w log{f(x|w)}:    0.3500     -8.685468
S10 w log{f(x|w)}:    0.4500     -8.691954
S10 w log{f(x|w)}:    0.5500     -8.698434
S10 w log{f(x|w)}:    0.6500     -8.704906
S10 w log{f(x|w)}:    0.7500     -8.711369
S10 w log{f(x|w)}:    0.8500     -8.717824
S10 w log{f(x|w)}:    0.9500     -8.724271
S10 w log{f(x|w)}:    1.0000     -8.727490
S10 w log{f(x|w)}:    1.5000     -8.759546
S10 w log{f(x|w)}:    2.5000     -8.822748
S10 w log{f(x|w)}:    3.5000     -8.884429
S10 w log{f(x|w)}:    4.5000     -8.944243
S10 w log{f(x|w)}:    5.5000     -9.001872
S10 w log{f(x|w)}:    6.5000     -9.057034
S10 w log{f(x|w)}:    7.5000     -9.109481
S10 w log{f(x|w)}:    8.5000     -9.159006
S10 w log{f(x|w)}:    9.5000     -9.205447
S10 w log{f(x|w)}:   10.5000     -9.248687
Calculating f(X), the marginal probability of data.
	log(fX) = -3601.539365  S = -3465.882519  -129.079838
Calculating f(w|X), posterior probabilities of site classes.
	did  10 / 115 patterns   0:08	did  20 / 115 patterns   0:08	did  30 / 115 patterns   0:08	did  40 / 115 patterns   0:08	did  50 / 115 patterns   0:08	did  60 / 115 patterns   0:08	did  70 / 115 patterns   0:08	did  80 / 115 patterns   0:08	did  90 / 115 patterns   0:08	did 100 / 115 patterns   0:08	did 110 / 115 patterns   0:08	did 115 / 115 patterns   0:08
Reconstructed ancestral states go into file rst.

lnL = -3592.503206 from ProbSitePattern.
Marginal reconstruction.
	Node   4: lnL = -3592.503206
	Node   5: lnL = -3592.503206
end of tree file.

Time used:  0:09
