
 15         verbose | verbose                1.00
  7         runmode | runmode                0.00
  4         seqtype | seqtype                1.00
 13       CodonFreq | CodonFreq              2.00
  9           clock | clock                  0.00
 18          aaDist | aaDist                 0.00
 19      aaRatefile | aaRatefile             1.00
 16           model | model                  0.00
 20         NSsites | NSsites                1.00
 22           icode | icode                  0.00
 23           Mgene | Mgene                  0.00
 24       fix_kappa | fix_kappa              0.00
 25           kappa | kappa                  2.00
 26       fix_omega | fix_omega              0.00
 27           omega | omega                  0.40
 28       fix_alpha | fix_alpha              1.00
 29           alpha | alpha                  0.00
 30          Malpha | Malpha                 0.00
 31           ncatG | ncatG                  8.00
 11           getSE | getSE                  0.00
 12    RateAncestor | RateAncestor           1.00
 36      Small_Diff | Small_Diff             0.00
  6       cleandata | cleandata              0.00
  8          method | method                 0.00
CODONML in paml version 4.8a, August 2014

----------------------------------------------
Phe F TTT | Ser S TCT | Tyr Y TAT | Cys C TGT
      TTC |       TCC |       TAC |       TGC
Leu L TTA |       TCA | *** * TAA | *** * TGA
      TTG |       TCG |       TAG | Trp W TGG
----------------------------------------------
Leu L CTT | Pro P CCT | His H CAT | Arg R CGT
      CTC |       CCC |       CAC |       CGC
      CTA |       CCA | Gln Q CAA |       CGA
      CTG |       CCG |       CAG |       CGG
----------------------------------------------
Ile I ATT | Thr T ACT | Asn N AAT | Ser S AGT
      ATC |       ACC |       AAC |       AGC
      ATA |       ACA | Lys K AAA | Arg R AGA
Met M ATG |       ACG |       AAG |       AGG
----------------------------------------------
Val V GTT | Ala A GCT | Asp D GAT | Gly G GGT
      GTC |       GCC |       GAC |       GGC
      GTA |       GCA | Glu E GAA |       GGA
      GTG |       GCG |       GAG |       GGG
----------------------------------------------
Nice code, uuh?


Ambiguity character definition table:

T (1): T 
C (1): C 
A (1): A 
G (1): G 
U (1): T 
Y (2): T C 
R (2): A G 
M (2): C A 
K (2): T G 
S (2): C G 
W (2): T A 
H (3): T C A 
B (3): T C G 
V (3): C A G 
D (3): T A G 
- (4): T C A G 
N (4): T C A G 
? (4): T C A G 

ns = 3  	ls = 2367
Reading sequences, interlaved format..
Reading seq # 1: A87     Reading seq # 2: A88     Reading seq # 3: A89     
block   1:     60     60     60
block   2:    120    120    120
block   3:    180    180    180
block   4:    240    240    240
block   5:    300    300    300
block   6:    360    360    360
block   7:    420    420    420
block   8:    480    480    480
block   9:    540    540    540
block  10:    600    600    600
block  11:    660    660    660
block  12:    720    720    720
block  13:    780    780    780
block  14:    840    840    840
block  15:    900    900    900
block  16:    960    960    960
block  17:   1020   1020   1020
block  18:   1080   1080   1080
block  19:   1140   1140   1140
block  20:   1200   1200   1200
block  21:   1260   1260   1260
block  22:   1320   1320   1320
block  23:   1380   1380   1380
block  24:   1440   1440   1440
block  25:   1500   1500   1500
block  26:   1560   1560   1560
block  27:   1620   1620   1620
block  28:   1680   1680   1680
block  29:   1740   1740   1740
block  30:   1800   1800   1800
block  31:   1860   1860   1860
block  32:   1920   1920   1920
block  33:   1980   1980   1980
block  34:   2040   2040   2040
block  35:   2100   2100   2100
block  36:   2160   2160   2160
block  37:   2220   2220   2220
block  38:   2280   2280   2280
block  39:   2340   2340   2340
block  40:   2367   2367   2367
Sequences read..
Counting site patterns..  0:00
         115 patterns at      789 /      789 sites (100.0%),  0:00
Counting codons..

  2   1:Sites   548.7 + 1818.3 = 2367.0	Diffs    22.0 +   50.0 =   72.0
  3   1:Sites   547.5 + 1819.5 = 2367.0	Diffs     5.0 +   11.0 =   16.0
  3   2:Sites   547.6 + 1819.4 = 2367.0	Diffs    21.0 +   41.0 =   62.0

       24 bytes for distance
   112240 bytes for conP
     1840 bytes for fhK
  5000000 bytes for space

TREE #  1
((2, 1), 3);   MP score: 57
This is a rooted tree, without clock.  Check.

    0.000000    0.052200    0.046818    0.017997    2.000000    0.861151    0.544920

ntime & nrate & np:     4     2     7

Bounds (np=7):
   0.000004   0.000004   0.000004   0.000004   0.000100   0.000010   0.000001
  50.000000  50.000000  50.000000  50.000000 999.000000   0.999990   1.000000
Qfactor_NS = 6.612699

np =     7
lnL0 = -3636.601143

Iterating by ming2
Initial: fx=  3636.601143
x=  0.00000  0.05220  0.04682  0.01800  2.00000  0.86115  0.54492

  1 h-m-p  0.0000 0.0000 1051.3976 ++     3636.599682  m 0.0000    12 | 1/7
  2 h-m-p  0.0000 0.0001 449.6421 +YCYCYCC  3629.404878  6 0.0001    33 | 1/7
  3 h-m-p  0.0001 0.0007 209.9498 YCCCC  3624.331894  4 0.0003    50 | 1/7
  4 h-m-p  0.0000 0.0001 919.7898 +YYYYYC  3618.410132  5 0.0001    66 | 1/7
  5 h-m-p  0.0067 0.1127   7.9511 +YCCC  3616.494328  3 0.0528    82 | 0/7
  6 h-m-p  0.0000 0.0001 3635.0066 YCCC   3616.428374  3 0.0000    97 | 0/7
  7 h-m-p  0.0012 0.0369  12.7844 +++    3614.360531  m 0.0369   108 | 1/7
  8 h-m-p  0.0817 0.4084   0.4036 ++     3611.835912  m 0.4084   118 | 1/7
  9 h-m-p -0.0000 -0.0000   0.2787 
h-m-p:     -9.02556308e-19     -4.51278154e-18      2.78685076e-01  3611.835912
..  | 1/7
 10 h-m-p  0.0000 0.0002 162.2457 CYC    3611.726011  2 0.0000   150 | 1/7
 11 h-m-p  0.0000 0.0000 275.5844 ++     3611.567420  m 0.0000   160 | 2/7
 12 h-m-p  0.0001 0.0011  16.7451 YC     3611.554100  1 0.0001   171 | 2/7
 13 h-m-p  0.0000 0.0042  74.9513 YC     3611.532867  1 0.0000   182 | 2/7
 14 h-m-p  0.0001 0.0217  29.4351 +++YYYYYYYC  3610.182605  7 0.0062   202 | 2/7
 15 h-m-p  0.0889 3.5688   2.0667 +CYC   3609.637232  2 0.2947   216 | 2/7
 16 h-m-p  1.6000 8.0000   0.0476 YC     3609.590971  1 0.7570   227 | 2/7
 17 h-m-p  1.6000 8.0000   0.0068 YC     3609.590040  1 0.9276   243 | 1/7
 18 h-m-p  0.0021 0.2041   3.0113 ---C   3609.590040  0 0.0000   261 | 1/7
 19 h-m-p  0.0160 8.0000   0.0022 +++C   3609.590028  0 1.4282   274 | 1/7
 20 h-m-p  0.0028 0.0142   0.0288 --C    3609.590028  0 0.0000   292 | 1/7
 21 h-m-p  0.0002 0.0469   0.0061 ---Y   3609.590028  0 0.0000   311 | 1/7
 22 h-m-p  0.0002 0.0845   0.0006 ----------..  | 1/7
 23 h-m-p  0.0000 0.0000   2.7646 ---- | 1/7
 24 h-m-p  0.0000 0.0000   2.7646 ----
Out..
lnL  = -3609.590028
372 lfun, 1116 eigenQcodon, 2976 P(t)

Reconstructed ancestral states go into file rst.

lnL = -3609.590028 from ProbSitePattern.
Marginal reconstruction.
	Node   4: lnL = -3609.590028
	Node   5: lnL = -3609.590028
end of tree file.

Time used:  0:02
