
 15         verbose | verbose                1.00
  7         runmode | runmode                0.00
  4         seqtype | seqtype                1.00
 13       CodonFreq | CodonFreq              2.00
  9           clock | clock                  0.00
 18          aaDist | aaDist                 0.00
 19      aaRatefile | aaRatefile             1.00
 16           model | model                  0.00
 20         NSsites | NSsites                7.00
 22           icode | icode                  0.00
 23           Mgene | Mgene                  0.00
 24       fix_kappa | fix_kappa              0.00
 25           kappa | kappa                  2.00
 26       fix_omega | fix_omega              0.00
 27           omega | omega                  0.40
 28       fix_alpha | fix_alpha              1.00
 29           alpha | alpha                  0.00
 30          Malpha | Malpha                 0.00
 31           ncatG | ncatG                  8.00
 11           getSE | getSE                  0.00
 12    RateAncestor | RateAncestor           1.00
 36      Small_Diff | Small_Diff             0.00
  6       cleandata | cleandata              0.00
  8          method | method                 0.00
CODONML in paml version 4.8a, August 2014

----------------------------------------------
Phe F TTT | Ser S TCT | Tyr Y TAT | Cys C TGT
      TTC |       TCC |       TAC |       TGC
Leu L TTA |       TCA | *** * TAA | *** * TGA
      TTG |       TCG |       TAG | Trp W TGG
----------------------------------------------
Leu L CTT | Pro P CCT | His H CAT | Arg R CGT
      CTC |       CCC |       CAC |       CGC
      CTA |       CCA | Gln Q CAA |       CGA
      CTG |       CCG |       CAG |       CGG
----------------------------------------------
Ile I ATT | Thr T ACT | Asn N AAT | Ser S AGT
      ATC |       ACC |       AAC |       AGC
      ATA |       ACA | Lys K AAA | Arg R AGA
Met M ATG |       ACG |       AAG |       AGG
----------------------------------------------
Val V GTT | Ala A GCT | Asp D GAT | Gly G GGT
      GTC |       GCC |       GAC |       GGC
      GTA |       GCA | Glu E GAA |       GGA
      GTG |       GCG |       GAG |       GGG
----------------------------------------------
Nice code, uuh?


Ambiguity character definition table:

T (1): T 
C (1): C 
A (1): A 
G (1): G 
U (1): T 
Y (2): T C 
R (2): A G 
M (2): C A 
K (2): T G 
S (2): C G 
W (2): T A 
H (3): T C A 
B (3): T C G 
V (3): C A G 
D (3): T A G 
- (4): T C A G 
N (4): T C A G 
? (4): T C A G 

ns = 3  	ls = 2511
Reading sequences, interlaved format..
Reading seq # 1: A162     Reading seq # 2: A161     Reading seq # 3: A160     
block   1:     60     60     60
block   2:    120    120    120
block   3:    180    180    180
block   4:    240    240    240
block   5:    300    300    300
block   6:    360    360    360
block   7:    420    420    420
block   8:    480    480    480
block   9:    540    540    540
block  10:    600    600    600
block  11:    660    660    660
block  12:    720    720    720
block  13:    780    780    780
block  14:    840    840    840
block  15:    900    900    900
block  16:    960    960    960
block  17:   1020   1020   1020
block  18:   1080   1080   1080
block  19:   1140   1140   1140
block  20:   1200   1200   1200
block  21:   1260   1260   1260
block  22:   1320   1320   1320
block  23:   1380   1380   1380
block  24:   1440   1440   1440
block  25:   1500   1500   1500
block  26:   1560   1560   1560
block  27:   1620   1620   1620
block  28:   1680   1680   1680
block  29:   1740   1740   1740
block  30:   1800   1800   1800
block  31:   1860   1860   1860
block  32:   1920   1920   1920
block  33:   1980   1980   1980
block  34:   2040   2040   2040
block  35:   2100   2100   2100
block  36:   2160   2160   2160
block  37:   2220   2220   2220
block  38:   2280   2280   2280
block  39:   2340   2340   2340
block  40:   2400   2400   2400
block  41:   2460   2460   2460
block  42:   2511   2511   2511
Sequences read..
Counting site patterns..  0:00
         128 patterns at      837 /      837 sites (100.0%),  0:00
1 ambiguous codons are seen in the data:
 ---
Counting codons..

  2   1:Sites   562.0 + 1928.0 = 2490.0	Diffs    30.5 +   69.5 =  100.0
  3   1:Sites   562.4 + 1927.6 = 2490.0	Diffs    30.5 +   68.5 =   99.0
  3   2:Sites   565.2 + 1933.8 = 2499.0	Diffs     2.0 +    3.0 =    5.0

       24 bytes for distance
   124928 bytes for conP
     8192 bytes for fhK
  5000000 bytes for space

TREE #  1
((3, 1), 2);   MP score: -1
This is a rooted tree, without clock.  Check.

    0.000000    0.010391    0.105702    0.017997    2.000000    1.102878    1.889840

ntime & nrate & np:     4     1     7

Bounds (np=7):
   0.000004   0.000004   0.000004   0.000004   0.000100   0.005000   0.005000
  50.000000  50.000000  50.000000  50.000000 999.000000  99.000000  99.000000
Qfactor_NS = 8.851971

np =     7
lnL0 = -3899.515233

Iterating by ming2
Initial: fx=  3899.515233
x=  0.00000  0.01039  0.10570  0.01800  2.00000  1.10288  1.88984

  1 h-m-p  0.0000 0.0000 1109.3563 ++     3899.513691  m 0.0000    12 | 1/7
  2 h-m-p  0.0000 0.0004  88.8854 ++YYYC  3898.892885  3 0.0002    27 | 1/7
  3 h-m-p  0.0002 0.0012  83.9285 YCC    3898.284372  2 0.0003    40 | 1/7
  4 h-m-p  0.0001 0.0014 224.1087 +YCCYC  3888.678791  4 0.0012    58 | 1/7
  5 h-m-p  0.0387 0.2236   6.8996 +YYCCC  3884.082602  4 0.1185    75 | 0/7
  6 h-m-p  0.0000 0.0001 7130.6266 CYC    3883.875139  2 0.0000    88 | 0/7
  7 h-m-p  0.0048 0.1151   4.7917 ++YYCCCCC  3882.283516  6 0.0823   110 | 0/7
  8 h-m-p  0.0081 0.0404  16.5575 ++     3879.912240  m 0.0404   120 | 0/7
  9 h-m-p -0.0000 -0.0000  11.4937 
h-m-p:     -3.04627020e-19     -1.52313510e-18      1.14937415e+01  3879.912240
..  | 0/7
 10 h-m-p  0.0000 0.0041 12339.7137 -CYYCCC  3876.359243  5 0.0000   147 | 0/7
 11 h-m-p  0.0000 0.0001  34.1780 YC     3876.355995  1 0.0000   158 | 0/7
 12 h-m-p  0.0000 0.0076  53.9067 ++YCC  3876.232858  2 0.0002   173 | 0/7
 13 h-m-p  0.0002 0.0073  40.5594 +YCYCCC  3874.914235  5 0.0026   192 | 0/7
 14 h-m-p  0.0055 0.0274  14.8391 CYYCCC  3873.523044  5 0.0126   211 | 0/7
 15 h-m-p  0.0618 0.3090   1.7093 +YYCYYCC  3871.694814  6 0.2199   231 | 0/7
 16 h-m-p  0.0211 0.1054   1.5937 CYYC   3870.809192  3 0.0549   246 | 0/7
 17 h-m-p  0.0086 0.0430   3.3117 +CCCC  3869.988381  3 0.0290   263 | 0/7
 18 h-m-p  0.0658 0.9499   1.4584 +YYCCCCCC  3868.049084  7 0.3287   286 | 0/7
 19 h-m-p  1.2910 6.4549   0.0107 CY     3867.992515  1 1.3116   298 | 0/7
 20 h-m-p  1.2333 6.1667   0.0068 YC     3867.986792  1 2.1809   316 | 0/7
 21 h-m-p  0.7018 3.5090   0.0118 YC     3867.984517  1 1.1186   334 | 0/7
 22 h-m-p  0.6473 3.2363   0.0037 +YC    3867.983046  1 2.0925   353 | 0/7
 23 h-m-p  0.2373 1.1866   0.0031 ++     3867.982416  m 1.1866   370 | 0/7
 24 h-m-p -0.0000 -0.0000   0.0065 
h-m-p:     -0.00000000e+00     -0.00000000e+00      6.49448864e-03  3867.982416
..  | 0/7
 25 h-m-p  0.0000 0.0001  17.5988 C      3867.981924  0 0.0000   401 | 0/7
 26 h-m-p  0.0000 0.0051   2.5379 Y      3867.981915  0 0.0000   411 | 0/7
 27 h-m-p  0.0026 1.3161   0.4806 -C     3867.981892  0 0.0002   422 | 0/7
 28 h-m-p  0.0030 1.4860   0.1196 Y      3867.981873  0 0.0030   439 | 0/7
 29 h-m-p  0.0456 1.1247   0.0078 C      3867.981872  0 0.0432   456 | 0/7
 30 h-m-p  0.1711 1.1833   0.0020 ++     3867.981869  m 1.1833   473 | 0/7
 31 h-m-p -0.0000 -0.0000   0.0011 
h-m-p:     -0.00000000e+00     -0.00000000e+00      1.07275624e-03  3867.981869
..  | 0/7
 32 h-m-p  0.0000 0.0017   0.5949 C      3867.981869  0 0.0000   504 | 0/7
 33 h-m-p  0.0160 8.0000   0.1054 -----------Y  3867.981869  0 0.0000   532 | 0/7
 34 h-m-p  0.0007 0.3563   0.1660 -----------..  | 0/7
 35 h-m-p  0.0160 8.0000   0.1237 ----------C  3867.981869  0 0.0000   585 | 0/7
 36 h-m-p  0.0000 0.0000   0.0692 ++     3867.981869  m 0.0000   602 | 0/7
 37 h-m-p -0.0000 -0.0000   0.7309 
h-m-p:     -0.00000000e+00     -0.00000000e+00      7.30879556e-01  3867.981869
..  | 0/7
 38 h-m-p  0.0160 8.0000   0.1219 -------C  3867.981869  0 0.0000   640 | 0/7
 39 h-m-p  0.0029 1.4269   0.0605 -C     3867.981868  0 0.0002   658 | 0/7
 40 h-m-p  0.0001 0.0327   0.1263 ---------..  | 0/7
 41 h-m-p  0.0160 8.0000   0.1464 ------------- | 0/7
 42 h-m-p  0.0160 8.0000   0.1464 -------------
Out..
lnL  = -3867.981868
739 lfun, 6651 eigenQcodon, 23648 P(t)

Reconstructed ancestral states go into file rst.

lnL = -3867.981868 from ProbSitePattern.
Marginal reconstruction.
	Node   4: lnL = -3867.981868
	Node   5: lnL = -3867.981868

warning: strange character '-' 
warning ambiguity in difcodonNG: --- CAA
warning: strange character '-' 
warning ambiguity in difcodonNG: --- TTC
warning: strange character '-' 
warning ambiguity in difcodonNG: --- TCT
warning: strange character '-' 
warning ambiguity in difcodonNG: --- GAA
warning: strange character '-' 
warning ambiguity in difcodonNG: --- GCG
warning: strange character '-' 
warning ambiguity in difcodonNG: --- GTG
warning: strange character '-' 
warning ambiguity in difcodonNG: --- GCT
warning: strange character '-' 
warning ambiguity in difcodonNG: --- CAA
warning: strange character '-' 
warning ambiguity in difcodonNG: --- TTC
warning: strange character '-' 
warning ambiguity in difcodonNG: --- TCT
warning: strange character '-' 
warning ambiguity in difcodonNG: --- GAA
warning: strange character '-' 
warning ambiguity in difcodonNG: GCG ---
warning: strange character '-' 
warning ambiguity in difcodonNG: GTG ---
warning: strange character '-' 
warning ambiguity in difcodonNG: GCT ---
warning: strange character '-' 
warning ambiguity in difcodonNG: CAA ---
warning: strange character '-' 
warning ambiguity in difcodonNG: CAA ---
warning: strange character '-' 
warning ambiguity in difcodonNG: TTC ---
warning: strange character '-' 
warning ambiguity in difcodonNG: TTC ---
warning: strange character '-' 
warning ambiguity in difcodonNG: TCT ---
warning: strange character '-' 
warning ambiguity in difcodonNG: TCT ---
warning: strange character '-' 
warning ambiguity in difcodonNG: GAA ---
warning: strange character '-' 
warning ambiguity in difcodonNG: GAA ---end of tree file.

Time used:  0:19
