
 15         verbose | verbose                1.00
  7         runmode | runmode                0.00
  4         seqtype | seqtype                1.00
 13       CodonFreq | CodonFreq              2.00
  9           clock | clock                  0.00
 18          aaDist | aaDist                 0.00
 19      aaRatefile | aaRatefile             1.00
 16           model | model                  0.00
 20         NSsites | NSsites                8.00
 22           icode | icode                  0.00
 23           Mgene | Mgene                  0.00
 24       fix_kappa | fix_kappa              0.00
 25           kappa | kappa                  2.00
 26       fix_omega | fix_omega              0.00
 27           omega | omega                  0.40
 28       fix_alpha | fix_alpha              1.00
 29           alpha | alpha                  0.00
 30          Malpha | Malpha                 0.00
 31           ncatG | ncatG                  8.00
 11           getSE | getSE                  0.00
 12    RateAncestor | RateAncestor           1.00
 36      Small_Diff | Small_Diff             0.00
  6       cleandata | cleandata              0.00
  8          method | method                 0.00
CODONML in paml version 4.8a, August 2014

----------------------------------------------
Phe F TTT | Ser S TCT | Tyr Y TAT | Cys C TGT
      TTC |       TCC |       TAC |       TGC
Leu L TTA |       TCA | *** * TAA | *** * TGA
      TTG |       TCG |       TAG | Trp W TGG
----------------------------------------------
Leu L CTT | Pro P CCT | His H CAT | Arg R CGT
      CTC |       CCC |       CAC |       CGC
      CTA |       CCA | Gln Q CAA |       CGA
      CTG |       CCG |       CAG |       CGG
----------------------------------------------
Ile I ATT | Thr T ACT | Asn N AAT | Ser S AGT
      ATC |       ACC |       AAC |       AGC
      ATA |       ACA | Lys K AAA | Arg R AGA
Met M ATG |       ACG |       AAG |       AGG
----------------------------------------------
Val V GTT | Ala A GCT | Asp D GAT | Gly G GGT
      GTC |       GCC |       GAC |       GGC
      GTA |       GCA | Glu E GAA |       GGA
      GTG |       GCG |       GAG |       GGG
----------------------------------------------
Nice code, uuh?


Ambiguity character definition table:

T (1): T 
C (1): C 
A (1): A 
G (1): G 
U (1): T 
Y (2): T C 
R (2): A G 
M (2): C A 
K (2): T G 
S (2): C G 
W (2): T A 
H (3): T C A 
B (3): T C G 
V (3): C A G 
D (3): T A G 
- (4): T C A G 
N (4): T C A G 
? (4): T C A G 

ns = 3  	ls = 2511
Reading sequences, interlaved format..
Reading seq # 1: A162     Reading seq # 2: A161     Reading seq # 3: A160     
block   1:     60     60     60
block   2:    120    120    120
block   3:    180    180    180
block   4:    240    240    240
block   5:    300    300    300
block   6:    360    360    360
block   7:    420    420    420
block   8:    480    480    480
block   9:    540    540    540
block  10:    600    600    600
block  11:    660    660    660
block  12:    720    720    720
block  13:    780    780    780
block  14:    840    840    840
block  15:    900    900    900
block  16:    960    960    960
block  17:   1020   1020   1020
block  18:   1080   1080   1080
block  19:   1140   1140   1140
block  20:   1200   1200   1200
block  21:   1260   1260   1260
block  22:   1320   1320   1320
block  23:   1380   1380   1380
block  24:   1440   1440   1440
block  25:   1500   1500   1500
block  26:   1560   1560   1560
block  27:   1620   1620   1620
block  28:   1680   1680   1680
block  29:   1740   1740   1740
block  30:   1800   1800   1800
block  31:   1860   1860   1860
block  32:   1920   1920   1920
block  33:   1980   1980   1980
block  34:   2040   2040   2040
block  35:   2100   2100   2100
block  36:   2160   2160   2160
block  37:   2220   2220   2220
block  38:   2280   2280   2280
block  39:   2340   2340   2340
block  40:   2400   2400   2400
block  41:   2460   2460   2460
block  42:   2511   2511   2511
Sequences read..
Counting site patterns..  0:00
         128 patterns at      837 /      837 sites (100.0%),  0:00
1 ambiguous codons are seen in the data:
 ---
Counting codons..

  2   1:Sites   562.0 + 1928.0 = 2490.0	Diffs    30.5 +   69.5 =  100.0
  3   1:Sites   562.4 + 1927.6 = 2490.0	Diffs    30.5 +   68.5 =   99.0
  3   2:Sites   565.2 + 1933.8 = 2499.0	Diffs     2.0 +    3.0 =    5.0

       24 bytes for distance
   124928 bytes for conP
     9216 bytes for fhK
  5000000 bytes for space

TREE #  1
((3, 1), 2);   MP score: -1
This is a rooted tree, without clock.  Check.

initial w for M8:NSbetaw>1 reset.

    0.000000    0.010391    0.105702    0.017997    2.000000    0.900000    1.102878    1.889840    2.387011

ntime & nrate & np:     4     2     9

Bounds (np=9):
   0.000004   0.000004   0.000004   0.000004   0.000100   0.000010   0.005000   0.005000   1.000000
  50.000000  50.000000  50.000000  50.000000 999.000000   0.999990  99.000000  99.000000 999.000000
Qfactor_NS = 6.807906

np =     9
lnL0 = -3883.016225

Iterating by ming2
Initial: fx=  3883.016225
x=  0.00000  0.01039  0.10570  0.01800  2.00000  0.90000  1.10288  1.88984  2.38701

  1 h-m-p  0.0000 0.0000 1110.0557 ++     3883.014681  m 0.0000    14 | 1/9
  2 h-m-p  0.0000 0.0004  53.0913 ++YCC  3882.859699  2 0.0001    31 | 1/9
  3 h-m-p  0.0002 0.0050  23.3065 YCC    3882.821622  2 0.0002    46 | 1/9
  4 h-m-p  0.0002 0.0637  20.3708 ++YYCC  3882.252504  3 0.0039    64 | 1/9
  5 h-m-p  0.0015 0.0181  53.0558 +YCCYCCC  3874.303234  6 0.0144    88 | 1/9
  6 h-m-p  0.0309 0.1547  14.2653 ++     3848.315535  m 0.1547   100 | 1/9
  7 h-m-p -0.0000 -0.0000   3.8519 
h-m-p:     -1.49293711e-16     -7.46468556e-16      3.85186872e+00  3848.315535
..  | 1/9
  8 h-m-p  0.0000 0.0000 790.8547 +CCC   3845.696931  2 0.0000   126 | 2/9
  9 h-m-p  0.0000 0.0000 585.7879 YCYCCC  3844.854996  5 0.0000   146 | 2/9
 10 h-m-p  0.0000 0.0039 251.2631 +YCCC  3842.201114  3 0.0001   164 | 2/9
 11 h-m-p  0.0005 0.0087  67.2076 YCCC   3841.702454  3 0.0003   181 | 2/9
 12 h-m-p  0.0021 0.4958   8.1529 +++CCYCCC  3824.097591  5 0.3595   207 | 2/9
 13 h-m-p  0.5281 2.6403   3.8853 CCCCC  3820.136980  4 0.6677   227 | 1/9
 14 h-m-p  0.0005 0.0027 2815.3468 --YCC  3820.122129  2 0.0000   244 | 1/9
 15 h-m-p  0.0060 2.9840   3.0620 ++++YYYYC  3814.552729  4 1.4791   264 | 1/9
 16 h-m-p  0.3395 1.6973   4.4238 YCCC   3811.770004  3 0.6159   281 | 1/9
 17 h-m-p  0.3770 1.8850   3.2781 ++     3809.026476  m 1.8850   293 | 2/9
 18 h-m-p  1.4291 8.0000   4.3239 +YCCCC  3807.149882  4 3.4969   313 | 2/9
 19 h-m-p  0.4752 2.3761   2.8598 YCYCCC  3806.476088  5 1.0389   333 | 1/9
 20 h-m-p  0.0000 0.0002 21656.7190 +CC    3806.431200  1 0.0001   348 | 1/9
 21 h-m-p  0.0606 0.3028   4.8602 ++     3806.344710  m 0.3028   360 | 2/9
 22 h-m-p  0.0256 2.6959  57.4162 CC     3806.339749  1 0.0053   374 | 2/9
 23 h-m-p  0.2296 8.0000   1.3267 +YC    3806.163673  1 2.2675   388 | 2/9
 24 h-m-p  1.6000 8.0000   1.0867 YCCC   3806.086106  3 3.0447   405 | 2/9
 25 h-m-p  1.6000 8.0000   1.3201 YC     3806.017022  1 3.5284   418 | 1/9
 26 h-m-p  0.0006 0.0029 8091.4042 --YC   3806.016420  1 0.0000   433 | 1/9
 27 h-m-p  0.1558 8.0000   0.3156 ++CC   3806.000743  1 2.6945   449 | 1/9
 28 h-m-p  1.6000 8.0000   0.4863 CC     3805.994350  1 2.0867   471 | 1/9
 29 h-m-p  1.6000 8.0000   0.4594 YC     3805.990960  1 2.9573   492 | 1/9
 30 h-m-p  1.6000 8.0000   0.1694 Y      3805.990842  0 1.2412   512 | 1/9
 31 h-m-p  1.6000 8.0000   0.0048 Y      3805.990841  0 0.9023   532 | 0/9
 32 h-m-p  0.5599 8.0000   0.0078 ++     3805.685580  m 8.0000   552 | 0/9
 33 h-m-p  0.2002 1.0010   0.0681 -------------Y  3805.685580  0 0.0000   586 | 0/9
 34 h-m-p  0.0027 1.3705   7.6858 +++YYCCC  3805.580862  4 0.2422   616 | 0/9
 35 h-m-p  0.1289 1.2305  14.4402 ++     3805.037203  m 1.2305   628 | 1/9
 36 h-m-p  1.6000 8.0000   1.5874 C      3805.023917  0 1.6000   640 | 0/9
 37 h-m-p  0.0005 0.0233 5514.6626 --C    3805.023862  0 0.0000   654 | 0/9
 38 h-m-p  0.0174 8.0000   1.9527 +++C   3805.021651  0 1.0332   669 | 0/9
 39 h-m-p  0.3752 1.8761   0.3243 +C     3805.021328  0 1.5053   682 | 0/9
 40 h-m-p  0.0335 0.1673   0.0522 ++     3805.021322  m 0.1673   703 | 1/9
 41 h-m-p  0.0654 8.0000   0.1335 +C     3805.021296  0 0.2475   725 | 1/9
 42 h-m-p  0.2689 8.0000   0.1228 +C     3805.021231  0 1.5754   746 | 1/9
 43 h-m-p  1.6000 8.0000   0.0165 Y      3805.021228  0 0.9330   766 | 1/9
 44 h-m-p  1.6000 8.0000   0.0025 ------C  3805.021228  0 0.0001   792 | 1/9
 45 h-m-p  0.0160 8.0000   0.0106 +C     3805.021225  0 0.1021   813 | 1/9
 46 h-m-p  0.0847 8.0000   0.0128 ++C    3805.021225  0 1.5009   835 | 1/9
 47 h-m-p  1.6000 8.0000   0.0046 Y      3805.021225  0 0.8396   855 | 1/9
 48 h-m-p  1.6000 8.0000   0.0003 Y      3805.021225  0 0.4000   875 | 1/9
 49 h-m-p  0.0332 8.0000   0.0037 ++C    3805.021225  0 0.7967   897 | 1/9
 50 h-m-p  0.6271 8.0000   0.0048 +Y     3805.021225  0 1.9887   918 | 1/9
 51 h-m-p  1.6000 8.0000   0.0031 +Y     3805.021224  0 4.0571   939 | 1/9
 52 h-m-p  1.6000 8.0000   0.0075 C      3805.021224  0 2.0160   959 | 1/9
 53 h-m-p  1.6000 8.0000   0.0024 ----C  3805.021224  0 0.0016   983 | 1/9
 54 h-m-p  0.0160 8.0000   0.0096 Y      3805.021224  0 0.0160  1003 | 1/9
 55 h-m-p  0.0644 8.0000   0.0024 --------------..  | 1/9
 56 h-m-p  0.0160 8.0000   0.0382 ------------- | 1/9
 57 h-m-p  0.0160 8.0000   0.0382 -------------
Out..
lnL  = -3805.021224
1098 lfun, 10980 eigenQcodon, 39528 P(t)

BEBing (dim = 4).  This may take several minutes.
Calculating f(x_h|w): 10 categories 20 w sets.
S10 w log{f(x|w)}:    0.0500    -27.955826
S10 w log{f(x|w)}:    0.1500    -24.684945
S10 w log{f(x|w)}:    0.2500    -23.162013
S10 w log{f(x|w)}:    0.3500    -22.159908
S10 w log{f(x|w)}:    0.4500    -21.412524
S10 w log{f(x|w)}:    0.5500    -20.816726
S10 w log{f(x|w)}:    0.6500    -20.321588
S10 w log{f(x|w)}:    0.7500    -19.898194
S10 w log{f(x|w)}:    0.8500    -19.528535
S10 w log{f(x|w)}:    0.9500    -19.200633
S10 w log{f(x|w)}:    1.5000    -17.861573
S10 w log{f(x|w)}:    2.5000    -16.384712
S10 w log{f(x|w)}:    3.5000    -15.430057
S10 w log{f(x|w)}:    4.5000    -14.730185
S10 w log{f(x|w)}:    5.5000    -14.181608
S10 w log{f(x|w)}:    6.5000    -13.733273
S10 w log{f(x|w)}:    7.5000    -13.356210
S10 w log{f(x|w)}:    8.5000    -13.032389
S10 w log{f(x|w)}:    9.5000    -12.749823
S10 w log{f(x|w)}:   10.5000    -12.500140
Calculating f(X), the marginal probability of data.
	log(fX) = -3844.501812  S = -3687.383774  -150.126339
Calculating f(w|X), posterior probabilities of site classes.
	did  10 / 128 patterns   0:34	did  20 / 128 patterns   0:34	did  30 / 128 patterns   0:34	did  40 / 128 patterns   0:35	did  50 / 128 patterns   0:35	did  60 / 128 patterns   0:35	did  70 / 128 patterns   0:36	did  80 / 128 patterns   0:36	did  90 / 128 patterns   0:36	did 100 / 128 patterns   0:36	did 110 / 128 patterns   0:37	did 120 / 128 patterns   0:37	did 128 / 128 patterns   0:37
Reconstructed ancestral states go into file rst.

lnL = -3805.021224 from ProbSitePattern.
Marginal reconstruction.
	Node   4: lnL = -3805.021224
	Node   5: lnL = -3805.021224

warning: strange character '-' 
warning ambiguity in difcodonNG: --- CAA
warning: strange character '-' 
warning ambiguity in difcodonNG: --- TTC
warning: strange character '-' 
warning ambiguity in difcodonNG: --- TCT
warning: strange character '-' 
warning ambiguity in difcodonNG: --- GAA
warning: strange character '-' 
warning ambiguity in difcodonNG: --- GCG
warning: strange character '-' 
warning ambiguity in difcodonNG: --- GTG
warning: strange character '-' 
warning ambiguity in difcodonNG: --- GCT
warning: strange character '-' 
warning ambiguity in difcodonNG: --- CAA
warning: strange character '-' 
warning ambiguity in difcodonNG: --- TTC
warning: strange character '-' 
warning ambiguity in difcodonNG: --- TCT
warning: strange character '-' 
warning ambiguity in difcodonNG: --- GAA
warning: strange character '-' 
warning ambiguity in difcodonNG: GCG ---
warning: strange character '-' 
warning ambiguity in difcodonNG: GTG ---
warning: strange character '-' 
warning ambiguity in difcodonNG: GCT ---
warning: strange character '-' 
warning ambiguity in difcodonNG: CAA ---
warning: strange character '-' 
warning ambiguity in difcodonNG: CAA ---
warning: strange character '-' 
warning ambiguity in difcodonNG: TTC ---
warning: strange character '-' 
warning ambiguity in difcodonNG: TTC ---
warning: strange character '-' 
warning ambiguity in difcodonNG: TCT ---
warning: strange character '-' 
warning ambiguity in difcodonNG: TCT ---
warning: strange character '-' 
warning ambiguity in difcodonNG: GAA ---
warning: strange character '-' 
warning ambiguity in difcodonNG: GAA ---end of tree file.

Time used:  0:37
