
 15         verbose | verbose                1.00
  7         runmode | runmode                0.00
  4         seqtype | seqtype                1.00
 13       CodonFreq | CodonFreq              2.00
  9           clock | clock                  0.00
 18          aaDist | aaDist                 0.00
 19      aaRatefile | aaRatefile             1.00
 16           model | model                  0.00
 20         NSsites | NSsites                1.00
 22           icode | icode                  0.00
 23           Mgene | Mgene                  0.00
 24       fix_kappa | fix_kappa              0.00
 25           kappa | kappa                  2.00
 26       fix_omega | fix_omega              0.00
 27           omega | omega                  0.40
 28       fix_alpha | fix_alpha              1.00
 29           alpha | alpha                  0.00
 30          Malpha | Malpha                 0.00
 31           ncatG | ncatG                  8.00
 11           getSE | getSE                  0.00
 12    RateAncestor | RateAncestor           1.00
 36      Small_Diff | Small_Diff             0.00
  6       cleandata | cleandata              0.00
  8          method | method                 0.00
CODONML in paml version 4.8a, August 2014

----------------------------------------------
Phe F TTT | Ser S TCT | Tyr Y TAT | Cys C TGT
      TTC |       TCC |       TAC |       TGC
Leu L TTA |       TCA | *** * TAA | *** * TGA
      TTG |       TCG |       TAG | Trp W TGG
----------------------------------------------
Leu L CTT | Pro P CCT | His H CAT | Arg R CGT
      CTC |       CCC |       CAC |       CGC
      CTA |       CCA | Gln Q CAA |       CGA
      CTG |       CCG |       CAG |       CGG
----------------------------------------------
Ile I ATT | Thr T ACT | Asn N AAT | Ser S AGT
      ATC |       ACC |       AAC |       AGC
      ATA |       ACA | Lys K AAA | Arg R AGA
Met M ATG |       ACG |       AAG |       AGG
----------------------------------------------
Val V GTT | Ala A GCT | Asp D GAT | Gly G GGT
      GTC |       GCC |       GAC |       GGC
      GTA |       GCA | Glu E GAA |       GGA
      GTG |       GCG |       GAG |       GGG
----------------------------------------------
Nice code, uuh?


Ambiguity character definition table:

T (1): T 
C (1): C 
A (1): A 
G (1): G 
U (1): T 
Y (2): T C 
R (2): A G 
M (2): C A 
K (2): T G 
S (2): C G 
W (2): T A 
H (3): T C A 
B (3): T C G 
V (3): C A G 
D (3): T A G 
- (4): T C A G 
N (4): T C A G 
? (4): T C A G 

ns = 3  	ls = 2511
Reading sequences, interlaved format..
Reading seq # 1: A162     Reading seq # 2: A161     Reading seq # 3: A160     
block   1:     60     60     60
block   2:    120    120    120
block   3:    180    180    180
block   4:    240    240    240
block   5:    300    300    300
block   6:    360    360    360
block   7:    420    420    420
block   8:    480    480    480
block   9:    540    540    540
block  10:    600    600    600
block  11:    660    660    660
block  12:    720    720    720
block  13:    780    780    780
block  14:    840    840    840
block  15:    900    900    900
block  16:    960    960    960
block  17:   1020   1020   1020
block  18:   1080   1080   1080
block  19:   1140   1140   1140
block  20:   1200   1200   1200
block  21:   1260   1260   1260
block  22:   1320   1320   1320
block  23:   1380   1380   1380
block  24:   1440   1440   1440
block  25:   1500   1500   1500
block  26:   1560   1560   1560
block  27:   1620   1620   1620
block  28:   1680   1680   1680
block  29:   1740   1740   1740
block  30:   1800   1800   1800
block  31:   1860   1860   1860
block  32:   1920   1920   1920
block  33:   1980   1980   1980
block  34:   2040   2040   2040
block  35:   2100   2100   2100
block  36:   2160   2160   2160
block  37:   2220   2220   2220
block  38:   2280   2280   2280
block  39:   2340   2340   2340
block  40:   2400   2400   2400
block  41:   2460   2460   2460
block  42:   2511   2511   2511
Sequences read..
Counting site patterns..  0:00
         128 patterns at      837 /      837 sites (100.0%),  0:00
1 ambiguous codons are seen in the data:
 ---
Counting codons..

  2   1:Sites   562.0 + 1928.0 = 2490.0	Diffs    30.5 +   69.5 =  100.0
  3   1:Sites   562.4 + 1927.6 = 2490.0	Diffs    30.5 +   68.5 =   99.0
  3   2:Sites   565.2 + 1933.8 = 2499.0	Diffs     2.0 +    3.0 =    5.0

       24 bytes for distance
   124928 bytes for conP
     2048 bytes for fhK
  5000000 bytes for space

TREE #  1
((3, 1), 2);   MP score: -1
This is a rooted tree, without clock.  Check.

    0.000000    0.010391    0.105702    0.017997    2.000000    0.861151    0.544920

ntime & nrate & np:     4     2     7

Bounds (np=7):
   0.000004   0.000004   0.000004   0.000004   0.000100   0.000010   0.000001
  50.000000  50.000000  50.000000  50.000000 999.000000   0.999990   1.000000
Qfactor_NS = 6.514343

np =     7
lnL0 = -3903.950432

Iterating by ming2
Initial: fx=  3903.950432
x=  0.00000  0.01039  0.10570  0.01800  2.00000  0.86115  0.54492

  1 h-m-p  0.0000 0.0000 1118.9570 ++     3903.948881  m 0.0000    12 | 1/7
  2 h-m-p  0.0000 0.0002 247.3954 ++YYYYC  3897.240472  4 0.0002    28 | 1/7
  3 h-m-p  0.0000 0.0000 1666.0075 +YYYYCC  3891.501823  5 0.0000    45 | 1/7
  4 h-m-p  0.0001 0.0006  42.0088 YYC    3891.422075  2 0.0001    57 | 0/7
  5 h-m-p  0.0000 0.0000 508.4710 C      3891.341726  0 0.0000    67 | 0/7
  6 h-m-p  0.0002 0.0332  19.7716 ++++   3885.318818  m 0.0332    79 | 0/7
  7 h-m-p  0.0000 0.0000  38.9249 
h-m-p:      1.69980837e-19      8.49904184e-19      3.89249398e+01  3885.318818
..  | 0/7
  8 h-m-p  0.0000 0.0040 505.4931 CYC    3885.113711  2 0.0000    99 | 0/7
  9 h-m-p  0.0000 0.0000  52.3519 ++     3885.105031  m 0.0000   109 | 0/7
 10 h-m-p  0.0000 0.0006 290.1382 ++CCC  3884.103763  2 0.0002   125 | 0/7
 11 h-m-p  0.0001 0.0005 234.4906 ++     3877.923127  m 0.0005   135 | 1/7
 12 h-m-p  0.0313 0.5469   2.9756 --------------..  | 1/7
 13 h-m-p  0.0000 0.0000 141.1260 ++     3877.865194  m 0.0000   167 | 1/7
 14 h-m-p  0.0000 0.0007 242.2879 +YCCC  3876.705861  3 0.0001   183 | 1/7
 15 h-m-p  0.0000 0.0000 937.1218 CYCCC  3876.358799  4 0.0000   200 | 1/7
 16 h-m-p  0.0001 0.0100  49.0788 ++YCYCCC  3869.365953  5 0.0050   220 | 1/7
 17 h-m-p  0.0325 0.2776   7.5469 +YYYYCCCCC  3864.062125  8 0.1404   243 | 1/7
 18 h-m-p  1.6000 8.0000   0.0880 YCC    3863.988111  2 0.2563   256 | 1/7
 19 h-m-p  0.3164 1.5821   0.0434 YC     3863.975934  1 0.6036   273 | 1/7
 20 h-m-p  0.1840 0.9200   0.0190 +YC    3863.972987  1 0.5945   291 | 1/7
 21 h-m-p  0.0926 0.4628   0.0003 ++     3863.972978  m 0.4628   307 | 2/7
 22 h-m-p  0.0053 1.9649   0.0225 --Y    3863.972978  0 0.0001   325 | 2/7
 23 h-m-p  0.0160 8.0000   0.0002 ++C    3863.972977  0 0.3603   342 | 2/7
 24 h-m-p  1.0190 8.0000   0.0001 C      3863.972977  0 1.0190   357 | 2/7
 25 h-m-p  1.6000 8.0000   0.0000 --C    3863.972977  0 0.0262   374 | 2/7
 26 h-m-p  0.0352 8.0000   0.0000 --------------..  | 2/7
 27 h-m-p  0.0160 8.0000   0.0432 -----------C  3863.972977  0 0.0000   427 | 2/7
 28 h-m-p  0.0160 8.0000   0.0212 -------------..  | 2/7
 29 h-m-p  0.0160 8.0000   0.0432 ------------- | 2/7
 30 h-m-p  0.0160 8.0000   0.0432 -------------
Out..
lnL  = -3863.972977
506 lfun, 1518 eigenQcodon, 4048 P(t)

Reconstructed ancestral states go into file rst.

lnL = -3863.972977 from ProbSitePattern.
Marginal reconstruction.
	Node   4: lnL = -3863.972977
	Node   5: lnL = -3863.972977

warning: strange character '-' 
warning ambiguity in difcodonNG: --- CAA
warning: strange character '-' 
warning ambiguity in difcodonNG: --- TTC
warning: strange character '-' 
warning ambiguity in difcodonNG: --- TCT
warning: strange character '-' 
warning ambiguity in difcodonNG: --- GAA
warning: strange character '-' 
warning ambiguity in difcodonNG: --- GCG
warning: strange character '-' 
warning ambiguity in difcodonNG: --- GTG
warning: strange character '-' 
warning ambiguity in difcodonNG: --- GCT
warning: strange character '-' 
warning ambiguity in difcodonNG: --- CAA
warning: strange character '-' 
warning ambiguity in difcodonNG: --- TTC
warning: strange character '-' 
warning ambiguity in difcodonNG: --- TCT
warning: strange character '-' 
warning ambiguity in difcodonNG: --- GAA
warning: strange character '-' 
warning ambiguity in difcodonNG: GCG ---
warning: strange character '-' 
warning ambiguity in difcodonNG: GTG ---
warning: strange character '-' 
warning ambiguity in difcodonNG: GCT ---
warning: strange character '-' 
warning ambiguity in difcodonNG: CAA ---
warning: strange character '-' 
warning ambiguity in difcodonNG: CAA ---
warning: strange character '-' 
warning ambiguity in difcodonNG: TTC ---
warning: strange character '-' 
warning ambiguity in difcodonNG: TTC ---
warning: strange character '-' 
warning ambiguity in difcodonNG: TCT ---
warning: strange character '-' 
warning ambiguity in difcodonNG: TCT ---
warning: strange character '-' 
warning ambiguity in difcodonNG: GAA ---
warning: strange character '-' 
warning ambiguity in difcodonNG: GAA ---end of tree file.

Time used:  0:04
