
 15         verbose | verbose                1.00
  7         runmode | runmode                0.00
  4         seqtype | seqtype                1.00
 13       CodonFreq | CodonFreq              2.00
  9           clock | clock                  0.00
 18          aaDist | aaDist                 0.00
 19      aaRatefile | aaRatefile             1.00
 16           model | model                  0.00
 20         NSsites | NSsites                2.00
 22           icode | icode                  0.00
 23           Mgene | Mgene                  0.00
 24       fix_kappa | fix_kappa              0.00
 25           kappa | kappa                  2.00
 26       fix_omega | fix_omega              0.00
 27           omega | omega                  0.40
 28       fix_alpha | fix_alpha              1.00
 29           alpha | alpha                  0.00
 30          Malpha | Malpha                 0.00
 31           ncatG | ncatG                  8.00
 11           getSE | getSE                  0.00
 12    RateAncestor | RateAncestor           1.00
 36      Small_Diff | Small_Diff             0.00
  6       cleandata | cleandata              0.00
  8          method | method                 0.00
CODONML in paml version 4.8a, August 2014

----------------------------------------------
Phe F TTT | Ser S TCT | Tyr Y TAT | Cys C TGT
      TTC |       TCC |       TAC |       TGC
Leu L TTA |       TCA | *** * TAA | *** * TGA
      TTG |       TCG |       TAG | Trp W TGG
----------------------------------------------
Leu L CTT | Pro P CCT | His H CAT | Arg R CGT
      CTC |       CCC |       CAC |       CGC
      CTA |       CCA | Gln Q CAA |       CGA
      CTG |       CCG |       CAG |       CGG
----------------------------------------------
Ile I ATT | Thr T ACT | Asn N AAT | Ser S AGT
      ATC |       ACC |       AAC |       AGC
      ATA |       ACA | Lys K AAA | Arg R AGA
Met M ATG |       ACG |       AAG |       AGG
----------------------------------------------
Val V GTT | Ala A GCT | Asp D GAT | Gly G GGT
      GTC |       GCC |       GAC |       GGC
      GTA |       GCA | Glu E GAA |       GGA
      GTG |       GCG |       GAG |       GGG
----------------------------------------------
Nice code, uuh?


Ambiguity character definition table:

T (1): T 
C (1): C 
A (1): A 
G (1): G 
U (1): T 
Y (2): T C 
R (2): A G 
M (2): C A 
K (2): T G 
S (2): C G 
W (2): T A 
H (3): T C A 
B (3): T C G 
V (3): C A G 
D (3): T A G 
- (4): T C A G 
N (4): T C A G 
? (4): T C A G 

ns = 3  	ls = 2511
Reading sequences, interlaved format..
Reading seq # 1: A162     Reading seq # 2: A161     Reading seq # 3: A160     
block   1:     60     60     60
block   2:    120    120    120
block   3:    180    180    180
block   4:    240    240    240
block   5:    300    300    300
block   6:    360    360    360
block   7:    420    420    420
block   8:    480    480    480
block   9:    540    540    540
block  10:    600    600    600
block  11:    660    660    660
block  12:    720    720    720
block  13:    780    780    780
block  14:    840    840    840
block  15:    900    900    900
block  16:    960    960    960
block  17:   1020   1020   1020
block  18:   1080   1080   1080
block  19:   1140   1140   1140
block  20:   1200   1200   1200
block  21:   1260   1260   1260
block  22:   1320   1320   1320
block  23:   1380   1380   1380
block  24:   1440   1440   1440
block  25:   1500   1500   1500
block  26:   1560   1560   1560
block  27:   1620   1620   1620
block  28:   1680   1680   1680
block  29:   1740   1740   1740
block  30:   1800   1800   1800
block  31:   1860   1860   1860
block  32:   1920   1920   1920
block  33:   1980   1980   1980
block  34:   2040   2040   2040
block  35:   2100   2100   2100
block  36:   2160   2160   2160
block  37:   2220   2220   2220
block  38:   2280   2280   2280
block  39:   2340   2340   2340
block  40:   2400   2400   2400
block  41:   2460   2460   2460
block  42:   2511   2511   2511
Sequences read..
Counting site patterns..  0:00
         128 patterns at      837 /      837 sites (100.0%),  0:00
1 ambiguous codons are seen in the data:
 ---
Counting codons..

  2   1:Sites   562.0 + 1928.0 = 2490.0	Diffs    30.5 +   69.5 =  100.0
  3   1:Sites   562.4 + 1927.6 = 2490.0	Diffs    30.5 +   68.5 =   99.0
  3   2:Sites   565.2 + 1933.8 = 2499.0	Diffs     2.0 +    3.0 =    5.0

       24 bytes for distance
   124928 bytes for conP
     3072 bytes for fhK
  5000000 bytes for space

TREE #  1
((3, 1), 2);   MP score: -1
This is a rooted tree, without clock.  Check.

initial w for M2:NSpselection reset.

    0.000000    0.010391    0.105702    0.017997    2.000000    1.702878    0.544920    0.254804    2.882193

ntime & nrate & np:     4     3     9

Bounds (np=9):
   0.000004   0.000004   0.000004   0.000004   0.000100 -99.000000 -99.000000   0.000001   1.000000
  50.000000  50.000000  50.000000  50.000000 999.000000  99.000000  99.000000   1.000000 999.000000
Qfactor_NS = 5.741931

np =     9
lnL0 = -3881.573362

Iterating by ming2
Initial: fx=  3881.573362
x=  0.00000  0.01039  0.10570  0.01800  2.00000  1.70288  0.54492  0.25480  2.88219

  1 h-m-p  0.0000 0.0000 1099.3291 ++     3881.571832  m 0.0000    14 | 1/9
  2 h-m-p  0.0000 0.0005  56.6291 ++YYC  3881.349544  2 0.0001    30 | 1/9
  3 h-m-p  0.0002 0.0037  48.5533 YCCC   3881.121823  3 0.0003    47 | 1/9
  4 h-m-p  0.0001 0.0077 113.2147 +++    3856.331740  m 0.0077    60 | 2/9
  5 h-m-p  0.0142 0.0712  28.1659 YCCC   3851.556527  3 0.0306    77 | 1/9
  6 h-m-p  0.0000 0.0001 19195.6668 CYC    3851.302063  2 0.0000    92 | 1/9
  7 h-m-p  0.0039 0.0517  16.1030 ++     3842.939289  m 0.0517   104 | 1/9
  8 h-m-p  0.0000 0.0000  14.1646 
h-m-p:      5.60050186e-19      2.80025093e-18      1.41645864e+01  3842.939289
..  | 1/9
  9 h-m-p  0.0000 0.0000  90.1669 YCC    3842.911613  2 0.0000   128 | 1/9
 10 h-m-p  0.0000 0.0000 130.1909 ++     3842.632125  m 0.0000   140 | 1/9
 11 h-m-p  0.0000 0.0206 1100.8544 -CYC   3842.535916  2 0.0000   156 | 1/9
 12 h-m-p  0.0007 0.3570  10.0419 ++++YYCCC  3834.883113  4 0.1426   178 | 1/9
 13 h-m-p  0.0191 0.0953  22.9599 YCYCCC  3829.859788  5 0.0455   198 | 1/9
 14 h-m-p  0.1178 1.7708   8.8672 +CYCC  3820.928950  3 0.3684   216 | 1/9
 15 h-m-p  1.5332 8.0000   2.1306 CYC    3815.990821  2 1.6757   231 | 1/9
 16 h-m-p  1.0005 5.7937   3.5685 CCC    3811.470227  2 1.5810   247 | 0/9
 17 h-m-p  0.0167 0.0837 184.3024 -CC    3811.446463  1 0.0014   262 | 0/9
 18 h-m-p  0.0865 2.6738   3.0825 +++    3808.272670  m 2.6738   275 | 1/9
 19 h-m-p  0.8892 4.4459   6.7823 CYC    3807.448844  2 0.9250   290 | 0/9
 20 h-m-p  0.0021 0.0103 2327.3728 CCC    3806.934793  2 0.0023   306 | 0/9
 21 h-m-p  0.7227 3.6137   3.8466 +YC    3806.059938  1 3.1805   320 | 0/9
 22 h-m-p  0.1090 0.5448   5.8957 ++     3805.893152  m 0.5448   332 | 0/9
 23 h-m-p -0.0000 -0.0000  10.9510 
h-m-p:     -4.83505141e-18     -2.41752571e-17      1.09509641e+01  3805.893152
..  | 0/9
 24 h-m-p  0.0001 0.0312  52.9803 -CC    3805.888716  1 0.0000   356 | 0/9
 25 h-m-p  0.0000 0.0002  17.2190 C      3805.887225  0 0.0000   368 | 0/9
 26 h-m-p  0.0000 0.0084  23.3933 +++CCCC  3805.627370  3 0.0018   389 | 0/9
 27 h-m-p  0.0029 0.0143   4.1345 CC     3805.591474  1 0.0046   403 | 0/9
 28 h-m-p  0.0032 0.0160   4.5943 ++     3805.475064  m 0.0160   415 | 1/9
 29 h-m-p  0.0004 0.0020   2.3939 --Y    3805.475013  0 0.0000   429 | 1/9
 30 h-m-p  0.0091 4.5474   0.3208 ++YC   3805.459584  1 0.2460   444 | 1/9
 31 h-m-p  1.4606 8.0000   0.0540 YC     3805.451863  1 0.8745   465 | 0/9
 32 h-m-p  0.0020 0.0653  23.2181 ---C   3805.451862  0 0.0000   488 | 0/9
 33 h-m-p  0.0160 8.0000   0.0453 ++++C  3805.447801  0 3.7252   504 | 0/9
 34 h-m-p  0.8173 8.0000   0.2065 ++     3805.390790  m 8.0000   525 | 0/9
 35 h-m-p  0.1686 2.4396   9.7955 ++     3805.098988  m 2.4396   546 | 0/9
 36 h-m-p  1.6000 8.0000   0.1047 CCC    3805.036362  2 1.2934   562 | 0/9
 37 h-m-p  0.0960 0.4802   1.1116 ++     3805.029599  m 0.4802   583 | 0/9
 38 h-m-p  0.0000 0.0000   1.7001 
h-m-p:      1.81449485e-18      9.07247425e-18      1.70012542e+00  3805.029599
..  | 0/9
 39 h-m-p  0.0000 0.0003  13.9259 YC     3805.029099  1 0.0000   605 | 0/9
 40 h-m-p  0.0000 0.0000   6.4052 Y      3805.029046  0 0.0000   617 | 0/9
 41 h-m-p  0.0008 0.3830   1.5602 +CC    3805.025213  1 0.0034   632 | 0/9
 42 h-m-p  0.0122 0.1288   0.4374 YC     3805.024573  1 0.0072   645 | 0/9
 43 h-m-p  0.0000 0.0001   2.5786 ++     3805.024568  m 0.0001   666 | 1/9
 44 h-m-p  0.0065 3.2594   0.4870 +YC    3805.023253  1 0.0211   680 | 1/9
 45 h-m-p  0.3821 8.0000   0.0269 C      3805.023125  0 0.3185   700 | 1/9
 46 h-m-p  1.6000 8.0000   0.0019 --Y    3805.023124  0 0.0164   722 | 0/9
 47 h-m-p  0.0000 0.0000   0.2113 
h-m-p:      2.32659149e-20      1.16329575e-19      2.11298748e-01  3805.023124
..  | 1/9
 48 h-m-p  0.0000 0.0110   0.2368 C      3805.023123  0 0.0000   760 | 1/9
 49 h-m-p  0.0160 8.0000   0.1164 -----Y  3805.023123  0 0.0000   785 | 1/9
 50 h-m-p  0.0160 8.0000   0.0425 C      3805.023120  0 0.0037   805 | 1/9
 51 h-m-p  0.0260 8.0000   0.0061 Y      3805.023120  0 0.0046   825 | 1/9
 52 h-m-p  0.0160 8.0000   0.0039 +Y     3805.023120  0 0.0431   846 | 1/9
 53 h-m-p  0.0727 8.0000   0.0023 ++++   3805.023094  m 8.0000   868 | 1/9
 54 h-m-p  0.1121 8.0000   0.1670 ++Y    3805.022939  0 1.2553   890 | 1/9
 55 h-m-p  0.6924 8.0000   0.3028 YC     3805.022654  1 1.2670   911 | 1/9
 56 h-m-p  1.2142 8.0000   0.3159 +Y     3805.021229  0 5.5681   932 | 1/9
 57 h-m-p  1.6000 8.0000   0.0004 Y      3805.021228  0 0.9830   952 | 1/9
 58 h-m-p  0.7442 8.0000   0.0005 C      3805.021228  0 0.7976   972 | 1/9
 59 h-m-p  1.6000 8.0000   0.0001 C      3805.021228  0 2.4401   992 | 1/9
 60 h-m-p  1.1818 8.0000   0.0001 ------C  3805.021228  0 0.0001  1018
Out..
lnL  = -3805.021228
1019 lfun, 4076 eigenQcodon, 12228 P(t)

BEBing (dim = 4).  This may take several minutes.
Calculating f(x_h|w): 10 categories 21 w sets.
S10 w log{f(x|w)}:    0.0500    -27.955890
S10 w log{f(x|w)}:    0.1500    -24.685008
S10 w log{f(x|w)}:    0.2500    -23.162077
S10 w log{f(x|w)}:    0.3500    -22.159971
S10 w log{f(x|w)}:    0.4500    -21.412588
S10 w log{f(x|w)}:    0.5500    -20.816790
S10 w log{f(x|w)}:    0.6500    -20.321652
S10 w log{f(x|w)}:    0.7500    -19.898258
S10 w log{f(x|w)}:    0.8500    -19.528599
S10 w log{f(x|w)}:    0.9500    -19.200697
S10 w log{f(x|w)}:    1.0000    -19.049689
S10 w log{f(x|w)}:    1.5000    -17.861637
S10 w log{f(x|w)}:    2.5000    -16.384776
S10 w log{f(x|w)}:    3.5000    -15.430121
S10 w log{f(x|w)}:    4.5000    -14.730249
S10 w log{f(x|w)}:    5.5000    -14.181672
S10 w log{f(x|w)}:    6.5000    -13.733338
S10 w log{f(x|w)}:    7.5000    -13.356275
S10 w log{f(x|w)}:    8.5000    -13.032454
S10 w log{f(x|w)}:    9.5000    -12.749888
S10 w log{f(x|w)}:   10.5000    -12.500205
Calculating f(X), the marginal probability of data.
	log(fX) = -3843.037091  S = -3687.379341  -146.840398
Calculating f(w|X), posterior probabilities of site classes.
	did  10 / 128 patterns   0:11	did  20 / 128 patterns   0:11	did  30 / 128 patterns   0:11	did  40 / 128 patterns   0:11	did  50 / 128 patterns   0:11	did  60 / 128 patterns   0:11	did  70 / 128 patterns   0:11	did  80 / 128 patterns   0:11	did  90 / 128 patterns   0:11	did 100 / 128 patterns   0:11	did 110 / 128 patterns   0:11	did 120 / 128 patterns   0:11	did 128 / 128 patterns   0:11
Reconstructed ancestral states go into file rst.

lnL = -3805.021228 from ProbSitePattern.
Marginal reconstruction.
	Node   4: lnL = -3805.021228
	Node   5: lnL = -3805.021228

warning: strange character '-' 
warning ambiguity in difcodonNG: --- CAA
warning: strange character '-' 
warning ambiguity in difcodonNG: --- TTC
warning: strange character '-' 
warning ambiguity in difcodonNG: --- TCT
warning: strange character '-' 
warning ambiguity in difcodonNG: --- GAA
warning: strange character '-' 
warning ambiguity in difcodonNG: --- GCG
warning: strange character '-' 
warning ambiguity in difcodonNG: --- GTG
warning: strange character '-' 
warning ambiguity in difcodonNG: --- GCT
warning: strange character '-' 
warning ambiguity in difcodonNG: --- CAA
warning: strange character '-' 
warning ambiguity in difcodonNG: --- TTC
warning: strange character '-' 
warning ambiguity in difcodonNG: --- TCT
warning: strange character '-' 
warning ambiguity in difcodonNG: --- GAA
warning: strange character '-' 
warning ambiguity in difcodonNG: GCG ---
warning: strange character '-' 
warning ambiguity in difcodonNG: GTG ---
warning: strange character '-' 
warning ambiguity in difcodonNG: GCT ---
warning: strange character '-' 
warning ambiguity in difcodonNG: CAA ---
warning: strange character '-' 
warning ambiguity in difcodonNG: CAA ---
warning: strange character '-' 
warning ambiguity in difcodonNG: TTC ---
warning: strange character '-' 
warning ambiguity in difcodonNG: TTC ---
warning: strange character '-' 
warning ambiguity in difcodonNG: TCT ---
warning: strange character '-' 
warning ambiguity in difcodonNG: TCT ---
warning: strange character '-' 
warning ambiguity in difcodonNG: GAA ---
warning: strange character '-' 
warning ambiguity in difcodonNG: GAA ---end of tree file.

Time used:  0:11
