
 15         verbose | verbose                1.00
  7         runmode | runmode                0.00
  4         seqtype | seqtype                1.00
 13       CodonFreq | CodonFreq              2.00
  9           clock | clock                  0.00
 18          aaDist | aaDist                 0.00
 19      aaRatefile | aaRatefile             1.00
 16           model | model                  0.00
 20         NSsites | NSsites                8.00
 22           icode | icode                  0.00
 23           Mgene | Mgene                  0.00
 24       fix_kappa | fix_kappa              0.00
 25           kappa | kappa                  2.00
 26       fix_omega | fix_omega              0.00
 27           omega | omega                  0.40
 28       fix_alpha | fix_alpha              1.00
 29           alpha | alpha                  0.00
 30          Malpha | Malpha                 0.00
 31           ncatG | ncatG                  8.00
 11           getSE | getSE                  0.00
 12    RateAncestor | RateAncestor           1.00
 36      Small_Diff | Small_Diff             0.00
  6       cleandata | cleandata              0.00
  8          method | method                 0.00
CODONML in paml version 4.8a, August 2014

----------------------------------------------
Phe F TTT | Ser S TCT | Tyr Y TAT | Cys C TGT
      TTC |       TCC |       TAC |       TGC
Leu L TTA |       TCA | *** * TAA | *** * TGA
      TTG |       TCG |       TAG | Trp W TGG
----------------------------------------------
Leu L CTT | Pro P CCT | His H CAT | Arg R CGT
      CTC |       CCC |       CAC |       CGC
      CTA |       CCA | Gln Q CAA |       CGA
      CTG |       CCG |       CAG |       CGG
----------------------------------------------
Ile I ATT | Thr T ACT | Asn N AAT | Ser S AGT
      ATC |       ACC |       AAC |       AGC
      ATA |       ACA | Lys K AAA | Arg R AGA
Met M ATG |       ACG |       AAG |       AGG
----------------------------------------------
Val V GTT | Ala A GCT | Asp D GAT | Gly G GGT
      GTC |       GCC |       GAC |       GGC
      GTA |       GCA | Glu E GAA |       GGA
      GTG |       GCG |       GAG |       GGG
----------------------------------------------
Nice code, uuh?


Ambiguity character definition table:

T (1): T 
C (1): C 
A (1): A 
G (1): G 
U (1): T 
Y (2): T C 
R (2): A G 
M (2): C A 
K (2): T G 
S (2): C G 
W (2): T A 
H (3): T C A 
B (3): T C G 
V (3): C A G 
D (3): T A G 
- (4): T C A G 
N (4): T C A G 
? (4): T C A G 

ns = 3  	ls = 1353
Reading sequences, interlaved format..
Reading seq # 1: A53     Reading seq # 2: A52     Reading seq # 3: A51     
block   1:     60     60     60
block   2:    120    120    120
block   3:    180    180    180
block   4:    240    240    240
block   5:    300    300    300
block   6:    360    360    360
block   7:    420    420    420
block   8:    480    480    480
block   9:    540    540    540
block  10:    600    600    600
block  11:    660    660    660
block  12:    720    720    720
block  13:    780    780    780
block  14:    840    840    840
block  15:    900    900    900
block  16:    960    960    960
block  17:   1020   1020   1020
block  18:   1080   1080   1080
block  19:   1140   1140   1140
block  20:   1200   1200   1200
block  21:   1260   1260   1260
block  22:   1320   1320   1320
block  23:   1353   1353   1353
Sequences read..
Counting site patterns..  0:00
         103 patterns at      451 /      451 sites (100.0%),  0:00
1 ambiguous codons are seen in the data:
 ---
Counting codons..

  2   1:Sites   337.9 + 1012.1 = 1350.0	Diffs    29.8 +   38.2 =   68.0
  3   1:Sites   337.9 + 1012.1 = 1350.0	Diffs    29.8 +   38.2 =   68.0
  3   2:Sites   337.5 + 1012.5 = 1350.0	Diffs     0.0 +    0.0 =    0.0

       24 bytes for distance
   100528 bytes for conP
     7416 bytes for fhK
  5000000 bytes for space

TREE #  1
((3, 1), 2);   MP score: -1
This is a rooted tree, without clock.  Check.

initial w for M8:NSbetaw>1 reset.

    0.000000    0.010302    0.123501    0.017997    2.000000    0.900000    1.102878    1.889840    2.387011

ntime & nrate & np:     4     2     9

Bounds (np=9):
   0.000004   0.000004   0.000004   0.000004   0.000100   0.000010   0.005000   0.005000   1.000000
  50.000000  50.000000  50.000000  50.000000 999.000000   0.999990  99.000000  99.000000 999.000000
Qfactor_NS = 6.341271

np =     9
lnL0 = -2138.484693

Iterating by ming2
Initial: fx=  2138.484693
x=  0.00000  0.01030  0.12350  0.01800  2.00000  0.90000  1.10288  1.88984  2.38701

  1 h-m-p  0.0000 0.0000 769.0617 ++     2138.483610  m 0.0000    14 | 1/9
  2 h-m-p  0.0000 0.0000 3393.6204 ++     2128.099620  m 0.0000    26 | 2/9
  3 h-m-p  0.0000 0.0000 365.5793 ++     2124.736735  m 0.0000    38 | 3/9
  4 h-m-p  0.0003 0.0114  10.1619 +YC    2124.523277  1 0.0029    52 | 3/9
  5 h-m-p  0.0031 0.1609   9.4240 +++    2114.570974  m 0.1609    65 | 3/9
  6 h-m-p -0.0000 -0.0000   6.2021 
h-m-p:     -9.76447129e-18     -4.88223565e-17      6.20213305e+00  2114.570974
..  | 3/9
  7 h-m-p  0.0000 0.0134  82.4250 ++YYCCC  2112.645688  4 0.0006    94 | 4/9
  8 h-m-p  0.0178 0.1350   2.9709 -CC    2112.638337  1 0.0017   109 | 4/9
  9 h-m-p  0.0019 0.9529   6.8564 +++YCYCCC  2109.848475  5 0.3248   132 | 4/9
 10 h-m-p  0.5878 2.9391   3.7536 YCCCC  2108.925158  4 0.3077   151 | 4/9
 11 h-m-p  0.7802 8.0000   1.4803 CYCCC  2107.814943  4 0.5918   170 | 4/9
 12 h-m-p  0.5925 8.0000   1.4786 +CYCCCC  2105.956708  5 3.1204   192 | 4/9
 13 h-m-p  1.6000 8.0000   1.6507 YYCC   2105.057990  3 2.3611   208 | 4/9
 14 h-m-p  0.8616 7.8814   4.5235 YCYCCC  2103.474284  5 2.3437   228 | 4/9
 15 h-m-p  1.0758 8.0000   9.8547 +YCCC  2100.306320  3 3.1273   246 | 4/9
 16 h-m-p  0.2972 1.4859  60.7136 +YCCCC  2095.021517  4 0.8130   266 | 4/9
 17 h-m-p  1.6000 8.0000  14.2454 YCYCCC  2094.172063  5 0.6574   286 | 4/9
 18 h-m-p  0.4218 8.0000  22.2037 +++    2092.164103  m 8.0000   299 | 4/9
 19 h-m-p  1.6000 8.0000  12.3154 CC     2092.008301  1 1.6216   313 | 4/9
 20 h-m-p  1.6000 8.0000   8.3520 ++     2091.935879  m 8.0000   325 | 4/9
 21 h-m-p  1.6000 8.0000  26.9935 +YCCC  2091.902459  3 4.7019   343 | 4/9
 22 h-m-p  1.6000 8.0000  14.1223 +YC    2091.867160  1 4.5417   357 | 4/9
 23 h-m-p  1.1613 7.7452  55.2316 +YC    2091.845346  1 2.9243   371 | 4/9
 24 h-m-p  0.9411 4.7057  56.5834 +YC    2091.831459  1 4.0487   385 | 4/9
 25 h-m-p  0.0815 0.4073  91.2761 ++     2091.829615  m 0.4073   397 | 5/9
 26 h-m-p  0.0621 8.0000   4.0825 --------------..  | 5/9
 27 h-m-p  0.0005 0.2260   4.1270 C      2091.828667  0 0.0001   433 | 5/9
 28 h-m-p  0.0160 8.0000   0.1971 ++++CCC  2091.735384  2 4.5608   453 | 5/9
 29 h-m-p  1.6000 8.0000   0.2120 CC     2091.730216  1 0.3999   471 | 5/9
 30 h-m-p  1.6000 8.0000   0.0105 Y      2091.730194  0 0.8981   487 | 5/9
 31 h-m-p  1.6000 8.0000   0.0009 Y      2091.730194  0 0.9418   503 | 4/9
 32 h-m-p  0.1072 8.0000   0.0079 ++++   2091.173740  m 8.0000   521 | 4/9
 33 h-m-p  0.1999 0.9993   0.0634 ---------------..  | 4/9
 34 h-m-p  0.0000 0.0026  27.1776 ++YYC  2091.120113  2 0.0001   572 | 4/9
 35 h-m-p  0.0003 0.0976  12.7151 +++YCC  2090.217806  2 0.0135   590 | 4/9
 36 h-m-p  0.5796 5.4039   0.2972 CCC    2090.055353  2 0.8782   606 | 4/9
 37 h-m-p  0.6128 8.0000   0.4260 CYC    2089.998284  2 0.4906   626 | 4/9
 38 h-m-p  0.9712 8.0000   0.2152 CCC    2089.960682  2 1.4464   647 | 4/9
 39 h-m-p  1.6000 8.0000   0.1562 CCC    2089.945496  2 1.7436   668 | 4/9
 40 h-m-p  1.6000 8.0000   0.0067 Y      2089.945411  0 1.2278   685 | 4/9
 41 h-m-p  1.6000 8.0000   0.0021 ++     2089.945353  m 8.0000   702 | 4/9
 42 h-m-p  0.3737 8.0000   0.0451 ++Y    2089.944974  0 4.8929   721 | 4/9
 43 h-m-p  1.6000 8.0000   0.1273 ++     2089.941940  m 8.0000   738 | 4/9
 44 h-m-p  0.8227 8.0000   1.2375 ++     2089.938071  m 8.0000   755 | 4/9
 45 h-m-p  1.6000 8.0000   0.4292 YC     2089.936308  1 1.2419   768 | 4/9
 46 h-m-p  0.7545 8.0000   0.7064 +YC    2089.936003  1 4.2589   787 | 4/9
 47 h-m-p  1.2876 8.0000   2.3367 +C     2089.935190  0 4.8478   805 | 4/9
 48 h-m-p  1.6000 8.0000   3.9419 CC     2089.934797  1 2.1724   819 | 4/9
 49 h-m-p  1.6000 8.0000   5.3146 +YC    2089.934444  1 4.4592   833 | 4/9
 50 h-m-p  0.8802 4.4011   8.9309 +YC    2089.934237  1 2.4173   847 | 4/9
 51 h-m-p  0.3077 1.5386  11.5152 ++     2089.934137  m 1.5386   859 | 5/9
 52 h-m-p  0.2572 8.0000   9.1620 ---------------..  | 5/9
 53 h-m-p  0.0160 8.0000   0.0801 ---C   2089.934137  0 0.0001   899 | 5/9
 54 h-m-p  0.0160 8.0000   0.0042 ++++Y  2089.934111  0 2.9252   919 | 5/9
 55 h-m-p  0.3683 8.0000   0.0335 +YC    2089.933919  1 2.9042   937 | 5/9
 56 h-m-p  1.6000 8.0000   0.0306 ++     2089.933378  m 8.0000   953 | 5/9
 57 h-m-p  1.6000 8.0000   0.0583 Y      2089.933352  0 1.0074   969 | 5/9
 58 h-m-p  1.6000 8.0000   0.0012 Y      2089.933352  0 1.0080   985 | 5/9
 59 h-m-p  1.6000 8.0000   0.0000 C      2089.933352  0 0.6337  1001
Out..
lnL  = -2089.933352
1002 lfun, 10020 eigenQcodon, 36072 P(t)

BEBing (dim = 4).  This may take several minutes.
Calculating f(x_h|w): 10 categories 20 w sets.
S10 w log{f(x|w)}:    0.0500     -8.636660
S10 w log{f(x|w)}:    0.1500     -8.643901
S10 w log{f(x|w)}:    0.2500     -8.651132
S10 w log{f(x|w)}:    0.3500     -8.658353
S10 w log{f(x|w)}:    0.4500     -8.665563
S10 w log{f(x|w)}:    0.5500     -8.672763
S10 w log{f(x|w)}:    0.6500     -8.679952
S10 w log{f(x|w)}:    0.7500     -8.687130
S10 w log{f(x|w)}:    0.8500     -8.694297
S10 w log{f(x|w)}:    0.9500     -8.701453
S10 w log{f(x|w)}:    1.5000     -8.740597
S10 w log{f(x|w)}:    2.5000     -8.810770
S10 w log{f(x|w)}:    3.5000     -8.879481
S10 w log{f(x|w)}:    4.5000     -8.946518
S10 w log{f(x|w)}:    5.5000     -9.011658
S10 w log{f(x|w)}:    6.5000     -9.074675
S10 w log{f(x|w)}:    7.5000     -9.135340
S10 w log{f(x|w)}:    8.5000     -9.193429
S10 w log{f(x|w)}:    9.5000     -9.248729
S10 w log{f(x|w)}:   10.5000     -9.301037
Calculating f(X), the marginal probability of data.
	log(fX) = -2121.589644  S = -2025.021111   -90.763259
Calculating f(w|X), posterior probabilities of site classes.
	did  10 / 103 patterns   0:29	did  20 / 103 patterns   0:29	did  30 / 103 patterns   0:29	did  40 / 103 patterns   0:29	did  50 / 103 patterns   0:30	did  60 / 103 patterns   0:30	did  70 / 103 patterns   0:30	did  80 / 103 patterns   0:30	did  90 / 103 patterns   0:31	did 100 / 103 patterns   0:31	did 103 / 103 patterns   0:31
Reconstructed ancestral states go into file rst.

lnL = -2089.933352 from ProbSitePattern.
Marginal reconstruction.
	Node   4: lnL = -2089.933352
	Node   5: lnL = -2089.933352

warning: strange character '-' 
warning ambiguity in difcodonNG: --- AAT
warning: strange character '-' 
warning ambiguity in difcodonNG: --- AAT
warning: strange character '-' 
warning ambiguity in difcodonNG: AAT ---
warning: strange character '-' 
warning ambiguity in difcodonNG: AAT ---end of tree file.

Time used:  0:31
