
 15         verbose | verbose                1.00
  7         runmode | runmode                0.00
  4         seqtype | seqtype                1.00
 13       CodonFreq | CodonFreq              2.00
  9           clock | clock                  0.00
 18          aaDist | aaDist                 0.00
 19      aaRatefile | aaRatefile             1.00
 16           model | model                  0.00
 20         NSsites | NSsites                7.00
 22           icode | icode                  0.00
 23           Mgene | Mgene                  0.00
 24       fix_kappa | fix_kappa              0.00
 25           kappa | kappa                  2.00
 26       fix_omega | fix_omega              0.00
 27           omega | omega                  0.40
 28       fix_alpha | fix_alpha              1.00
 29           alpha | alpha                  0.00
 30          Malpha | Malpha                 0.00
 31           ncatG | ncatG                  8.00
 11           getSE | getSE                  0.00
 12    RateAncestor | RateAncestor           1.00
 36      Small_Diff | Small_Diff             0.00
  6       cleandata | cleandata              0.00
  8          method | method                 0.00
CODONML in paml version 4.8a, August 2014

----------------------------------------------
Phe F TTT | Ser S TCT | Tyr Y TAT | Cys C TGT
      TTC |       TCC |       TAC |       TGC
Leu L TTA |       TCA | *** * TAA | *** * TGA
      TTG |       TCG |       TAG | Trp W TGG
----------------------------------------------
Leu L CTT | Pro P CCT | His H CAT | Arg R CGT
      CTC |       CCC |       CAC |       CGC
      CTA |       CCA | Gln Q CAA |       CGA
      CTG |       CCG |       CAG |       CGG
----------------------------------------------
Ile I ATT | Thr T ACT | Asn N AAT | Ser S AGT
      ATC |       ACC |       AAC |       AGC
      ATA |       ACA | Lys K AAA | Arg R AGA
Met M ATG |       ACG |       AAG |       AGG
----------------------------------------------
Val V GTT | Ala A GCT | Asp D GAT | Gly G GGT
      GTC |       GCC |       GAC |       GGC
      GTA |       GCA | Glu E GAA |       GGA
      GTG |       GCG |       GAG |       GGG
----------------------------------------------
Nice code, uuh?


Ambiguity character definition table:

T (1): T 
C (1): C 
A (1): A 
G (1): G 
U (1): T 
Y (2): T C 
R (2): A G 
M (2): C A 
K (2): T G 
S (2): C G 
W (2): T A 
H (3): T C A 
B (3): T C G 
V (3): C A G 
D (3): T A G 
- (4): T C A G 
N (4): T C A G 
? (4): T C A G 

ns = 3  	ls = 1353
Reading sequences, interlaved format..
Reading seq # 1: A53     Reading seq # 2: A52     Reading seq # 3: A51     
block   1:     60     60     60
block   2:    120    120    120
block   3:    180    180    180
block   4:    240    240    240
block   5:    300    300    300
block   6:    360    360    360
block   7:    420    420    420
block   8:    480    480    480
block   9:    540    540    540
block  10:    600    600    600
block  11:    660    660    660
block  12:    720    720    720
block  13:    780    780    780
block  14:    840    840    840
block  15:    900    900    900
block  16:    960    960    960
block  17:   1020   1020   1020
block  18:   1080   1080   1080
block  19:   1140   1140   1140
block  20:   1200   1200   1200
block  21:   1260   1260   1260
block  22:   1320   1320   1320
block  23:   1353   1353   1353
Sequences read..
Counting site patterns..  0:00
         103 patterns at      451 /      451 sites (100.0%),  0:00
1 ambiguous codons are seen in the data:
 ---
Counting codons..

  2   1:Sites   337.9 + 1012.1 = 1350.0	Diffs    29.8 +   38.2 =   68.0
  3   1:Sites   337.9 + 1012.1 = 1350.0	Diffs    29.8 +   38.2 =   68.0
  3   2:Sites   337.5 + 1012.5 = 1350.0	Diffs     0.0 +    0.0 =    0.0

       24 bytes for distance
   100528 bytes for conP
     6592 bytes for fhK
  5000000 bytes for space

TREE #  1
((3, 1), 2);   MP score: -1
This is a rooted tree, without clock.  Check.

    0.000000    0.010302    0.123501    0.017997    2.000000    1.102878    1.889840

ntime & nrate & np:     4     1     7

Bounds (np=7):
   0.000004   0.000004   0.000004   0.000004   0.000100   0.005000   0.005000
  50.000000  50.000000  50.000000  50.000000 999.000000  99.000000  99.000000
Qfactor_NS = 7.957922

np =     7
lnL0 = -2143.291737

Iterating by ming2
Initial: fx=  2143.291737
x=  0.00000  0.01030  0.12350  0.01800  2.00000  1.10288  1.88984

  1 h-m-p  0.0000 0.0000 765.7010 ++     2143.290659  m 0.0000    12 | 1/7
  2 h-m-p  0.0000 0.0000 216232.9465 ++     2133.856364  m 0.0000    22 | 2/7
  3 h-m-p  0.0000 0.0000 31590.9958 ++     2130.299132  m 0.0000    32 | 3/7
  4 h-m-p  0.0027 1.3510   1.5797 +++YCCCC  2129.183242  4 0.3626    52 | 3/7
  5 h-m-p  0.7530 3.7650   0.7123 YYC    2128.175897  2 0.5892    64 | 3/7
  6 h-m-p  0.6821 4.0053   0.6153 YC     2128.046165  1 0.4186    79 | 3/7
  7 h-m-p  1.6000 8.0000   0.0634 CCC    2128.012446  2 1.3684    97 | 3/7
  8 h-m-p  1.6000 8.0000   0.0275 ++     2127.839946  m 8.0000   111 | 3/7
  9 h-m-p  0.0155 0.1269  14.1638 +YYYYYYYCYY  2126.571698 10 0.0890   137 | 3/7
 10 h-m-p  0.0029 0.0147  39.7529 YYCC   2126.529006  3 0.0024   151 | 3/7
 11 h-m-p  0.1876 1.4517   0.5124 +YYYYYYCYCY  2125.616394 10 0.9171   173 | 3/7
 12 h-m-p  0.0213 0.1067   3.1277 CYYYY  2125.248037  4 0.0585   193 | 3/7
 13 h-m-p  0.0068 0.0341   4.8838 +YYYYYCCCCC  2124.468630  9 0.0278   217 | 3/7
 14 h-m-p  0.0003 0.0014  21.2541 YYYC   2124.455099  3 0.0003   230 | 3/7
 15 h-m-p  0.0445 0.5913   0.1240 ++     2123.475052  m 0.5913   240 | 3/7
 16 h-m-p -0.0000 -0.0000   1.2405 
h-m-p:     -2.52784634e-18     -1.26392317e-17      1.24045476e+00  2123.475052
..  | 3/7
 17 h-m-p  0.0000 0.0000 3549.5675 CYY    2123.004058  2 0.0000   264 | 3/7
 18 h-m-p  0.0000 0.0049  39.6682 ++YCCC  2122.541678  3 0.0006   281 | 3/7
 19 h-m-p  0.0100 0.9021   2.2266 ++CYCCCC  2121.872836  5 0.2346   302 | 3/7
 20 h-m-p  1.6000 8.0000   0.0010 YC     2121.872672  1 0.8610   313 | 3/7
 21 h-m-p  1.1373 8.0000   0.0007 --------C  2121.872672  0 0.0000   335
Out..
lnL  = -2121.872672
336 lfun, 3024 eigenQcodon, 10752 P(t)

Reconstructed ancestral states go into file rst.

lnL = -2121.872672 from ProbSitePattern.
Marginal reconstruction.
	Node   4: lnL = -2121.872672
	Node   5: lnL = -2121.872672

warning: strange character '-' 
warning ambiguity in difcodonNG: --- AAT
warning: strange character '-' 
warning ambiguity in difcodonNG: --- AAT
warning: strange character '-' 
warning ambiguity in difcodonNG: AAT ---
warning: strange character '-' 
warning ambiguity in difcodonNG: AAT ---end of tree file.

Time used:  0:09
