
 15         verbose | verbose                1.00
  7         runmode | runmode                0.00
  4         seqtype | seqtype                1.00
 13       CodonFreq | CodonFreq              2.00
  9           clock | clock                  0.00
 18          aaDist | aaDist                 0.00
 19      aaRatefile | aaRatefile             1.00
 16           model | model                  0.00
 20         NSsites | NSsites                1.00
 22           icode | icode                  0.00
 23           Mgene | Mgene                  0.00
 24       fix_kappa | fix_kappa              0.00
 25           kappa | kappa                  2.00
 26       fix_omega | fix_omega              0.00
 27           omega | omega                  0.40
 28       fix_alpha | fix_alpha              1.00
 29           alpha | alpha                  0.00
 30          Malpha | Malpha                 0.00
 31           ncatG | ncatG                  8.00
 11           getSE | getSE                  0.00
 12    RateAncestor | RateAncestor           1.00
 36      Small_Diff | Small_Diff             0.00
  6       cleandata | cleandata              0.00
  8          method | method                 0.00
CODONML in paml version 4.8a, August 2014

----------------------------------------------
Phe F TTT | Ser S TCT | Tyr Y TAT | Cys C TGT
      TTC |       TCC |       TAC |       TGC
Leu L TTA |       TCA | *** * TAA | *** * TGA
      TTG |       TCG |       TAG | Trp W TGG
----------------------------------------------
Leu L CTT | Pro P CCT | His H CAT | Arg R CGT
      CTC |       CCC |       CAC |       CGC
      CTA |       CCA | Gln Q CAA |       CGA
      CTG |       CCG |       CAG |       CGG
----------------------------------------------
Ile I ATT | Thr T ACT | Asn N AAT | Ser S AGT
      ATC |       ACC |       AAC |       AGC
      ATA |       ACA | Lys K AAA | Arg R AGA
Met M ATG |       ACG |       AAG |       AGG
----------------------------------------------
Val V GTT | Ala A GCT | Asp D GAT | Gly G GGT
      GTC |       GCC |       GAC |       GGC
      GTA |       GCA | Glu E GAA |       GGA
      GTG |       GCG |       GAG |       GGG
----------------------------------------------
Nice code, uuh?


Ambiguity character definition table:

T (1): T 
C (1): C 
A (1): A 
G (1): G 
U (1): T 
Y (2): T C 
R (2): A G 
M (2): C A 
K (2): T G 
S (2): C G 
W (2): T A 
H (3): T C A 
B (3): T C G 
V (3): C A G 
D (3): T A G 
- (4): T C A G 
N (4): T C A G 
? (4): T C A G 

ns = 3  	ls = 1353
Reading sequences, interlaved format..
Reading seq # 1: A53     Reading seq # 2: A52     Reading seq # 3: A51     
block   1:     60     60     60
block   2:    120    120    120
block   3:    180    180    180
block   4:    240    240    240
block   5:    300    300    300
block   6:    360    360    360
block   7:    420    420    420
block   8:    480    480    480
block   9:    540    540    540
block  10:    600    600    600
block  11:    660    660    660
block  12:    720    720    720
block  13:    780    780    780
block  14:    840    840    840
block  15:    900    900    900
block  16:    960    960    960
block  17:   1020   1020   1020
block  18:   1080   1080   1080
block  19:   1140   1140   1140
block  20:   1200   1200   1200
block  21:   1260   1260   1260
block  22:   1320   1320   1320
block  23:   1353   1353   1353
Sequences read..
Counting site patterns..  0:00
         103 patterns at      451 /      451 sites (100.0%),  0:00
1 ambiguous codons are seen in the data:
 ---
Counting codons..

  2   1:Sites   337.9 + 1012.1 = 1350.0	Diffs    29.8 +   38.2 =   68.0
  3   1:Sites   337.9 + 1012.1 = 1350.0	Diffs    29.8 +   38.2 =   68.0
  3   2:Sites   337.5 + 1012.5 = 1350.0	Diffs     0.0 +    0.0 =    0.0

       24 bytes for distance
   100528 bytes for conP
     1648 bytes for fhK
  5000000 bytes for space

TREE #  1
((3, 1), 2);   MP score: -1
This is a rooted tree, without clock.  Check.

    0.000000    0.010302    0.123501    0.017997    2.000000    0.861151    0.544920

ntime & nrate & np:     4     2     7

Bounds (np=7):
   0.000004   0.000004   0.000004   0.000004   0.000100   0.000010   0.000001
  50.000000  50.000000  50.000000  50.000000 999.000000   0.999990   1.000000
Qfactor_NS = 6.099456

np =     7
lnL0 = -2145.953461

Iterating by ming2
Initial: fx=  2145.953461
x=  0.00000  0.01030  0.12350  0.01800  2.00000  0.86115  0.54492

  1 h-m-p  0.0000 0.0000 769.1548 ++     2145.952380  m 0.0000    12 | 1/7
  2 h-m-p  0.0000 0.0000 6291273.9406 ++     2136.534101  m 0.0000    22 | 2/7
  3 h-m-p  0.0000 0.0000 26078.4793 ++     2133.006282  m 0.0000    32 | 3/7
  4 h-m-p  0.0018 0.9230   2.1732 +++YCCCC  2131.739004  4 0.2710    52 | 3/7
  5 h-m-p  0.0368 0.1839   0.9348 +YCCC  2131.477941  3 0.1099    68 | 3/7
  6 h-m-p  0.0806 2.1934   1.2738 +CYCC  2130.012967  3 0.2588    88 | 3/7
  7 h-m-p  1.5518 7.7589   0.1420 +CYC   2126.483545  2 6.7400   102 | 3/7
  8 h-m-p  0.0096 0.0480   1.7901 ++     2125.763872  m 0.0480   116 | 4/7
  9 h-m-p  0.0628 0.6095   0.9714 +YCCC  2124.026457  3 0.1632   132 | 4/7
 10 h-m-p  0.2337 2.5618   0.6784 YCC    2122.217463  2 0.3803   148 | 4/7
 11 h-m-p  1.6000 8.0000   0.1077 CYC    2121.754471  2 1.8390   164 | 4/7
 12 h-m-p  1.6000 8.0000   0.0798 CCC    2121.642854  2 1.5252   181 | 4/7
 13 h-m-p  1.6000 8.0000   0.0123 YC     2121.640595  1 1.2566   195 | 4/7
 14 h-m-p  1.6000 8.0000   0.0013 Y      2121.640583  0 1.0607   208 | 4/7
 15 h-m-p  1.6000 8.0000   0.0000 C      2121.640583  0 1.4252   221 | 4/7
 16 h-m-p  1.6000 8.0000   0.0000 C      2121.640583  0 1.6000   234 | 4/7
 17 h-m-p  1.6000 8.0000   0.0000 -------C  2121.640583  0 0.0000   254
Out..
lnL  = -2121.640583
255 lfun, 765 eigenQcodon, 2040 P(t)

Reconstructed ancestral states go into file rst.

lnL = -2121.640583 from ProbSitePattern.
Marginal reconstruction.
	Node   4: lnL = -2121.640583
	Node   5: lnL = -2121.640583

warning: strange character '-' 
warning ambiguity in difcodonNG: --- AAT
warning: strange character '-' 
warning ambiguity in difcodonNG: --- AAT
warning: strange character '-' 
warning ambiguity in difcodonNG: AAT ---
warning: strange character '-' 
warning ambiguity in difcodonNG: AAT ---end of tree file.

Time used:  0:02
