
 15         verbose | verbose                1.00
  7         runmode | runmode                0.00
  4         seqtype | seqtype                1.00
 13       CodonFreq | CodonFreq              2.00
  9           clock | clock                  0.00
 18          aaDist | aaDist                 0.00
 19      aaRatefile | aaRatefile             1.00
 16           model | model                  0.00
 20         NSsites | NSsites                7.00
 22           icode | icode                  0.00
 23           Mgene | Mgene                  0.00
 24       fix_kappa | fix_kappa              0.00
 25           kappa | kappa                  2.00
 26       fix_omega | fix_omega              0.00
 27           omega | omega                  0.40
 28       fix_alpha | fix_alpha              1.00
 29           alpha | alpha                  0.00
 30          Malpha | Malpha                 0.00
 31           ncatG | ncatG                  8.00
 11           getSE | getSE                  0.00
 12    RateAncestor | RateAncestor           1.00
 36      Small_Diff | Small_Diff             0.00
  6       cleandata | cleandata              0.00
  8          method | method                 0.00
CODONML in paml version 4.8a, August 2014

----------------------------------------------
Phe F TTT | Ser S TCT | Tyr Y TAT | Cys C TGT
      TTC |       TCC |       TAC |       TGC
Leu L TTA |       TCA | *** * TAA | *** * TGA
      TTG |       TCG |       TAG | Trp W TGG
----------------------------------------------
Leu L CTT | Pro P CCT | His H CAT | Arg R CGT
      CTC |       CCC |       CAC |       CGC
      CTA |       CCA | Gln Q CAA |       CGA
      CTG |       CCG |       CAG |       CGG
----------------------------------------------
Ile I ATT | Thr T ACT | Asn N AAT | Ser S AGT
      ATC |       ACC |       AAC |       AGC
      ATA |       ACA | Lys K AAA | Arg R AGA
Met M ATG |       ACG |       AAG |       AGG
----------------------------------------------
Val V GTT | Ala A GCT | Asp D GAT | Gly G GGT
      GTC |       GCC |       GAC |       GGC
      GTA |       GCA | Glu E GAA |       GGA
      GTG |       GCG |       GAG |       GGG
----------------------------------------------
Nice code, uuh?


Ambiguity character definition table:

T (1): T 
C (1): C 
A (1): A 
G (1): G 
U (1): T 
Y (2): T C 
R (2): A G 
M (2): C A 
K (2): T G 
S (2): C G 
W (2): T A 
H (3): T C A 
B (3): T C G 
V (3): C A G 
D (3): T A G 
- (4): T C A G 
N (4): T C A G 
? (4): T C A G 

ns = 5  	ls = 1749
Reading sequences, interlaved format..
Reading seq # 1: A94     Reading seq # 2: A91     Reading seq # 3: A92     Reading seq # 4: A93     Reading seq # 5: A90     
block   1:     60     60     60     60     60
block   2:    120    120    120    120    120
block   3:    180    180    180    180    180
block   4:    240    240    240    240    240
block   5:    300    300    300    300    300
block   6:    360    360    360    360    360
block   7:    420    420    420    420    420
block   8:    480    480    480    480    480
block   9:    540    540    540    540    540
block  10:    600    600    600    600    600
block  11:    660    660    660    660    660
block  12:    720    720    720    720    720
block  13:    780    780    780    780    780
block  14:    840    840    840    840    840
block  15:    900    900    900    900    900
block  16:    960    960    960    960    960
block  17:   1020   1020   1020   1020   1020
block  18:   1080   1080   1080   1080   1080
block  19:   1140   1140   1140   1140   1140
block  20:   1200   1200   1200   1200   1200
block  21:   1260   1260   1260   1260   1260
block  22:   1320   1320   1320   1320   1320
block  23:   1380   1380   1380   1380   1380
block  24:   1440   1440   1440   1440   1440
block  25:   1500   1500   1500   1500   1500
block  26:   1560   1560   1560   1560   1560
block  27:   1620   1620   1620   1620   1620
block  28:   1680   1680   1680   1680   1680
block  29:   1740   1740   1740   1740   1740
block  30:   1749   1749   1749   1749   1749
Sequences read..
Counting site patterns..  0:00
         126 patterns at      583 /      583 sites (100.0%),  0:00
1 ambiguous codons are seen in the data:
 ---
Counting codons..

  2   1:Sites   354.6 + 1283.4 = 1638.0	Diffs    12.1 +   33.9 =   46.0
  3   1:Sites   353.7 + 1284.3 = 1638.0	Diffs    13.1 +   29.9 =   43.0
  3   2:Sites   360.9 + 1310.1 = 1671.0	Diffs     2.0 +    4.0 =    6.0
  4   1:Sites   354.3 + 1283.7 = 1638.0	Diffs    13.1 +   30.9 =   44.0
  4   2:Sites   361.4 + 1309.6 = 1671.0	Diffs     2.0 +    3.0 =    5.0
  4   3:Sites   360.6 + 1310.4 = 1671.0	Diffs     2.0 +    1.0 =    3.0
  5   1:Sites   353.2 + 1284.8 = 1638.0	Diffs    13.1 +   32.9 =   46.0
  5   2:Sites   360.3 + 1310.7 = 1671.0	Diffs     2.0 +   14.0 =   16.0
  5   3:Sites   359.5 + 1311.5 = 1671.0	Diffs     2.0 +   12.0 =   14.0
  5   4:Sites   360.0 + 1311.0 = 1671.0	Diffs     2.0 +   11.0 =   13.0

       80 bytes for distance
   122976 bytes for conP
     8064 bytes for fhK
  5000000 bytes for space

TREE #  1
(((3, (5, 1)), 2), 4);   MP score: -1
This is a rooted tree, without clock.  Check.

   245952 bytes for conP, adjusted

    0.000000    0.014831    0.060856    0.021520    0.074137    0.090574    0.035964    0.047593    2.000000    1.082193    1.185780

ntime & nrate & np:     8     1    11

Bounds (np=11):
   0.000004   0.000004   0.000004   0.000004   0.000004   0.000004   0.000004   0.000004   0.000100   0.005000   0.005000
  50.000000  50.000000  50.000000  50.000000  50.000000  50.000000  50.000000  50.000000 999.000000  99.000000  99.000000
Qfactor_NS = 7.639600

np =    11
lnL0 = -2776.966284

Iterating by ming2
Initial: fx=  2776.966284
x=  0.00000  0.01483  0.06086  0.02152  0.07414  0.09057  0.03596  0.04759  2.00000  1.08219  1.18578

  1 h-m-p  0.0000 0.0000 1202.4280 ++     2776.963975  m 0.0000    16 | 1/11
  2 h-m-p  0.0000 0.0000 7061.4444 ++     2747.969245  m 0.0000    30 | 2/11
  3 h-m-p  0.0000 0.0000 1590.7472 +YYCYCCC  2720.035814  6 0.0000    55 | 2/11
  4 h-m-p  0.0000 0.0000 730.3680 +YYYYYYC  2713.584195  6 0.0000    76 | 2/11
  5 h-m-p  0.0000 0.0001 244.9183 YCCCC  2712.198127  4 0.0001    97 | 2/11
  6 h-m-p  0.0000 0.0001 376.2383 CCCC   2711.740048  3 0.0000   117 | 2/11
  7 h-m-p  0.0004 0.0058  17.3906 CC     2711.658789  1 0.0004   133 | 2/11
  8 h-m-p  0.0004 0.0746  16.2631 +++CYCCC  2695.162149  4 0.0596   158 | 1/11
  9 h-m-p  0.0000 0.0000 7950.3862 YYCC   2695.065345  3 0.0000   176 | 1/11
 10 h-m-p  0.0071 0.0356   1.6751 ++     2694.032803  m 0.0356   190 | 1/11
 11 h-m-p -0.0000 -0.0000   1.8225 
h-m-p:     -9.41256680e-15     -4.70628340e-14      1.82248170e+00  2694.032803
..  | 1/11
 12 h-m-p  0.0000 0.0030 372.5440 YCCC   2693.773556  3 0.0000   220 | 1/11
 13 h-m-p  0.0000 0.0000 269.7375 +C     2693.667476  0 0.0000   235 | 1/11
 14 h-m-p  0.0000 0.0001 107.9851 C      2693.621449  0 0.0000   249 | 1/11
 15 h-m-p  0.0000 0.0011  31.6404 CC     2693.599829  1 0.0000   265 | 1/11
 16 h-m-p  0.0000 0.0011  38.1302 CC     2693.583219  1 0.0000   281 | 1/11
 17 h-m-p  0.0000 0.0011  37.6385 YC     2693.576097  1 0.0000   296 | 1/11
 18 h-m-p  0.0016 0.7928   4.6780 +++CCCC  2692.038033  3 0.1574   319 | 1/11
 19 h-m-p  0.1409 0.7043   1.4901 CYYCCC  2691.545871  5 0.3064   341 | 1/11
 20 h-m-p  0.0536 0.2680   2.7113 YCYCCCC  2691.369981  6 0.0832   365 | 1/11
 21 h-m-p  0.1178 0.5889   1.2449 CYYYC  2690.789730  4 0.3081   385 | 1/11
 22 h-m-p  0.0358 0.1790   2.6234 CYYC   2690.375080  3 0.0870   404 | 1/11
 23 h-m-p  0.0278 0.1391   2.2258 +YYYYYCYYCC  2688.971154 10 0.1222   432 | 1/11
 24 h-m-p  0.0022 0.0111   3.7363 +YCYC  2688.892830  3 0.0064   451 | 1/11
 25 h-m-p  0.0354 0.1768   0.5602 +CYCYYC  2688.599060  5 0.1661   473 | 1/11
 26 h-m-p  0.0924 2.2774   1.0067 +CYCCC  2687.612529  4 0.7210   505 | 1/11
 27 h-m-p  1.6000 8.0000   0.0027 YC     2687.611364  1 1.0841   520 | 1/11
 28 h-m-p  0.4414 2.2070   0.0023 +C     2687.611250  0 1.7697   545 | 1/11
 29 h-m-p  0.0340 0.1699   0.0025 ++     2687.611227  m 0.1699   569 | 2/11
 30 h-m-p  0.0002 0.0106   2.6589 C      2687.611206  0 0.0002   593 | 2/11
 31 h-m-p  0.0214 8.0000   0.0242 -------------..  | 2/11
 32 h-m-p  0.0000 0.0010   2.7401 Y      2687.611180  0 0.0000   641 | 2/11
 33 h-m-p  0.0000 0.0007   3.2213 +C     2687.611072  0 0.0000   656 | 2/11
 34 h-m-p  0.0000 0.0007   2.9160 Y      2687.611009  0 0.0000   670 | 2/11
 35 h-m-p  0.0001 0.0023   1.1894 C      2687.611001  0 0.0000   684 | 2/11
 36 h-m-p  0.0000 0.0033   1.0952 Y      2687.610997  0 0.0000   698 | 2/11
 37 h-m-p  0.0002 0.1078   0.0723 -C     2687.610997  0 0.0000   713 | 2/11
 38 h-m-p  0.0018 0.8910   0.0100 C      2687.610997  0 0.0019   736 | 2/11
 39 h-m-p  0.0002 0.0875   0.1256 +++Y   2687.610992  0 0.0077   762 | 2/11
 40 h-m-p  0.0406 8.0000   0.0237 C      2687.610984  0 0.0564   785 | 2/11
 41 h-m-p  0.8426 4.2129   0.0012 C      2687.610959  0 1.2838   808 | 1/11
 42 h-m-p  0.0000 0.0000  87.3124 C      2687.610954  0 0.0000   831 | 1/11
 43 h-m-p  1.6000 8.0000   0.0002 C      2687.610946  0 2.0492   845 | 1/11
 44 h-m-p  0.3080 1.5402   0.0010 ------------Y  2687.610946  0 0.0000   881 | 1/11
 45 h-m-p  0.0000 0.0132   0.1236 ---C   2687.610946  0 0.0000   908 | 1/11
 46 h-m-p  0.0007 0.3555   0.0001 -----------..  | 1/11
 47 h-m-p  0.0000 0.0000   3.9707 Y      2687.610946  0 0.0000   965 | 1/11
 48 h-m-p  0.0000 0.0031   0.2972 C      2687.610946  0 0.0000   979 | 1/11
 49 h-m-p  0.0000 0.0128   0.4244 -Y     2687.610946  0 0.0000  1004 | 1/11
 50 h-m-p  0.0000 0.0217   0.1022 C      2687.610946  0 0.0000  1028 | 1/11
 51 h-m-p  0.0000 0.0228   0.0344 Y      2687.610946  0 0.0001  1052 | 1/11
 52 h-m-p  0.0000 0.0047   0.1502 +C     2687.610945  0 0.0001  1077 | 1/11
 53 h-m-p  0.0000 0.0013   0.5451 +C     2687.610944  0 0.0001  1102 | 1/11
 54 h-m-p  0.0005 0.0035   0.1766 Y      2687.610944  0 0.0003  1126 | 1/11
 55 h-m-p  0.0548 8.0000   0.0010 Y      2687.610944  0 0.1288  1150 | 1/11
 56 h-m-p  0.5419 6.8417   0.0002 ---Y   2687.610944  0 0.0021  1177 | 1/11
 57 h-m-p  0.0031 1.5350   0.0012 +++Y   2687.610944  0 0.1292  1204 | 1/11
 58 h-m-p  0.1743 1.5395   0.0009 ---------------..  | 1/11
 59 h-m-p  0.0000 0.0000   3.8389 ------ | 1/11
 60 h-m-p  0.0000 0.0000   3.8389 ------
Out..
lnL  = -2687.610944
1298 lfun, 11682 eigenQcodon, 83072 P(t)

Reconstructed ancestral states go into file rst.

lnL = -2687.610944 from ProbSitePattern.
Marginal reconstruction.
	Node   6: lnL = -2687.610944
	Node   7: lnL = -2687.610944
	Node   8: lnL = -2687.610944
	Node   9: lnL = -2687.610944

warning: strange character '-' 
warning ambiguity in difcodonNG: --- ATG
warning: strange character '-' 
warning ambiguity in difcodonNG: --- TCA
warning: strange character '-' 
warning ambiguity in difcodonNG: --- AGA
warning: strange character '-' 
warning ambiguity in difcodonNG: --- GCC
warning: strange character '-' 
warning ambiguity in difcodonNG: --- AAT
warning: strange character '-' 
warning ambiguity in difcodonNG: --- AGC
warning: strange character '-' 
warning ambiguity in difcodonNG: --- CCC
warning: strange character '-' 
warning ambiguity in difcodonNG: --- GCA
warning: strange character '-' 
warning ambiguity in difcodonNG: --- GCT
warning: strange character '-' 
warning ambiguity in difcodonNG: --- CCA
warning: strange character '-' 
warning ambiguity in difcodonNG: --- CAA
warning: strange character '-' 
warning ambiguity in difcodonNG: --- GGA
warning: strange character '-' 
warning ambiguity in difcodonNG: --- AAT
warning: strange character '-' 
warning ambiguity in difcodonNG: --- AAC
warning: strange character '-' 
warning ambiguity in difcodonNG: --- GCA
warning: strange character '-' 
warning ambiguity in difcodonNG: --- AAC
warning: strange character '-' 
warning ambiguity in difcodonNG: --- CCA
warning: strange character '-' 
warning ambiguity in difcodonNG: --- CAA
warning: strange character '-' 
warning ambiguity in difcodonNG: --- GTG
warning: strange character '-' 
warning ambiguity in difcodonNG: --- CCA
warning: strange character '-' 
warning ambiguity in difcodonNG: --- AAT
warning: strange character '-' 
warning ambiguity in difcodonNG: --- AAC
warning: strange character '-' 
warning ambiguity in difcodonNG: --- ATT
warning: strange character '-' 
warning ambiguity in difcodonNG: --- GAA
warning: strange character '-' 
warning ambiguity in difcodonNG: --- GGG
warning: strange character '-' 
warning ambiguity in difcodonNG: --- CCC
warning: strange character '-' 
warning ambiguity in difcodonNG: --- ATG
warning: strange character '-' 
warning ambiguity in difcodonNG: --- TCA
warning: strange character '-' 
warning ambiguity in difcodonNG: --- AGA
warning: strange character '-' 
warning ambiguity in difcodonNG: --- GCC
warning: strange character '-' 
warning ambiguity in difcodonNG: --- AAT
warning: strange character '-' 
warning ambiguity in difcodonNG: --- AGC
warning: strange character '-' 
warning ambiguity in difcodonNG: --- CCC
warning: strange character '-' 
warning ambiguity in difcodonNG: --- GCA
warning: strange character '-' 
warning ambiguity in difcodonNG: --- GCT
warning: strange character '-' 
warning ambiguity in difcodonNG: --- CCA
warning: strange character '-' 
warning ambiguity in difcodonNG: --- CAA
warning: strange character '-' 
warning ambiguity in difcodonNG: --- GGA
warning: strange character '-' 
warning ambiguity in difcodonNG: --- AAT
warning: strange character '-' 
warning ambiguity in difcodonNG: --- AAC
warning: strange character '-' 
warning ambiguity in difcodonNG: --- GCA
warning: strange character '-' 
warning ambiguity in difcodonNG: --- AAC
warning: strange character '-' 
warning ambiguity in difcodonNG: --- CCA
warning: strange character '-' 
warning ambiguity in difcodonNG: --- CAA
warning: strange character '-' 
warning ambiguity in difcodonNG: --- GTG
warning: strange character '-' 
warning ambiguity in difcodonNG: --- CCA
warning: strange character '-' 
warning ambiguity in difcodonNG: --- AAT
warning: strange character '-' 
warning ambiguity in difcodonNG: --- AAC
warning: strange character '-' 
warning ambiguity in difcodonNG: --- ATT
warning: strange character '-' 
warning ambiguity in difcodonNG: --- GAA
warning: strange character '-' 
warning ambiguity in difcodonNG: --- GGG
warning: strange character '-' 
warning ambiguity in difcodonNG: --- CCC
warning: strange character '-' 
warning ambiguity in difcodonNG: --- GAG
warning: strange character '-' 
warning ambiguity in difcodonNG: --- AAA
warning: strange character '-' 
warning ambiguity in difcodonNG: --- CTG
warning: strange character '-' 
warning ambiguity in difcodonNG: --- CCT
warning: strange character '-' 
warning ambiguity in difcodonNG: --- GAA
warning: strange character '-' 
warning ambiguity in difcodonNG: --- ACA
warning: strange character '-' 
warning ambiguity in difcodonNG: --- GAA
warning: strange character '-' 
warning ambiguity in difcodonNG: --- ATG
warning: strange character '-' 
warning ambiguity in difcodonNG: --- TGG
warning: strange character '-' 
warning ambiguity in difcodonNG: --- ATA
warning: strange character '-' 
warning ambiguity in difcodonNG: --- AAC
warning: strange character '-' 
warning ambiguity in difcodonNG: --- ATG
warning: strange character '-' 
warning ambiguity in difcodonNG: --- TCA
warning: strange character '-' 
warning ambiguity in difcodonNG: --- AGA
warning: strange character '-' 
warning ambiguity in difcodonNG: --- GCC
warning: strange character '-' 
warning ambiguity in difcodonNG: --- AAT
warning: strange character '-' 
warning ambiguity in difcodonNG: --- AGC
warning: strange character '-' 
warning ambiguity in difcodonNG: --- CCC
warning: strange character '-' 
warning ambiguity in difcodonNG: --- GCA
warning: strange character '-' 
warning ambiguity in difcodonNG: --- GCT
warning: strange character '-' 
warning ambiguity in difcodonNG: --- CCA
warning: strange character '-' 
warning ambiguity in difcodonNG: --- CAA
warning: strange character '-' 
warning ambiguity in difcodonNG: --- GGA
warning: strange character '-' 
warning ambiguity in difcodonNG: --- AAT
warning: strange character '-' 
warning ambiguity in difcodonNG: --- AAC
warning: strange character '-' 
warning ambiguity in difcodonNG: --- GCA
warning: strange character '-' 
warning ambiguity in difcodonNG: --- AAC
warning: strange character '-' 
warning ambiguity in difcodonNG: --- CCA
warning: strange character '-' 
warning ambiguity in difcodonNG: --- CAA
warning: strange character '-' 
warning ambiguity in difcodonNG: --- GTG
warning: strange character '-' 
warning ambiguity in difcodonNG: --- CCA
warning: strange character '-' 
warning ambiguity in difcodonNG: --- AAT
warning: strange character '-' 
warning ambiguity in difcodonNG: --- AAC
warning: strange character '-' 
warning ambiguity in difcodonNG: --- ATT
warning: strange character '-' 
warning ambiguity in difcodonNG: --- GAA
warning: strange character '-' 
warning ambiguity in difcodonNG: --- GGG
warning: strange character '-' 
warning ambiguity in difcodonNG: --- CCC
warning: strange character '-' 
warning ambiguity in difcodonNG: --- ATG
warning: strange character '-' 
warning ambiguity in difcodonNG: --- TCA
warning: strange character '-' 
warning ambiguity in difcodonNG: --- AGA
warning: strange character '-' 
warning ambiguity in difcodonNG: --- GCC
warning: strange character '-' 
warning ambiguity in difcodonNG: --- AAT
warning: strange character '-' 
warning ambiguity in difcodonNG: --- AGC
warning: strange character '-' 
warning ambiguity in difcodonNG: --- CCC
warning: strange character '-' 
warning ambiguity in difcodonNG: --- GCA
warning: strange character '-' 
warning ambiguity in difcodonNG: --- GCT
warning: strange character '-' 
warning ambiguity in difcodonNG: --- CCA
warning: strange character '-' 
warning ambiguity in difcodonNG: --- CAA
warning: strange character '-' 
warning ambiguity in difcodonNG: --- GGA
warning: strange character '-' 
warning ambiguity in difcodonNG: --- AAT
warning: strange character '-' 
warning ambiguity in difcodonNG: --- AAC
warning: strange character '-' 
warning ambiguity in difcodonNG: --- GCA
warning: strange character '-' 
warning ambiguity in difcodonNG: --- AAC
warning: strange character '-' 
warning ambiguity in difcodonNG: --- CCA
warning: strange character '-' 
warning ambiguity in difcodonNG: --- CAA
warning: strange character '-' 
warning ambiguity in difcodonNG: --- GTG
warning: strange character '-' 
warning ambiguity in difcodonNG: --- CCA
warning: strange character '-' 
warning ambiguity in difcodonNG: --- AAT
warning: strange character '-' 
warning ambiguity in difcodonNG: --- AAC
warning: strange character '-' 
warning ambiguity in difcodonNG: --- ATT
warning: strange character '-' 
warning ambiguity in difcodonNG: --- GAA
warning: strange character '-' 
warning ambiguity in difcodonNG: --- GGG
warning: strange character '-' 
warning ambiguity in difcodonNG: --- CCC
warning: strange character '-' 
warning ambiguity in difcodonNG: ATG ---
warning: strange character '-' 
warning ambiguity in difcodonNG: ATG ---
warning: strange character '-' 
warning ambiguity in difcodonNG: ATG ---
warning: strange character '-' 
warning ambiguity in difcodonNG: ATG ---
warning: strange character '-' 
warning ambiguity in difcodonNG: TCA ---
warning: strange character '-' 
warning ambiguity in difcodonNG: TCA ---
warning: strange character '-' 
warning ambiguity in difcodonNG: TCA ---
warning: strange character '-' 
warning ambiguity in difcodonNG: TCA ---
warning: strange character '-' 
warning ambiguity in difcodonNG: AGA ---
warning: strange character '-' 
warning ambiguity in difcodonNG: AGA ---
warning: strange character '-' 
warning ambiguity in difcodonNG: AGA ---
warning: strange character '-' 
warning ambiguity in difcodonNG: AGA ---
warning: strange character '-' 
warning ambiguity in difcodonNG: GCC ---
warning: strange character '-' 
warning ambiguity in difcodonNG: GCC ---
warning: strange character '-' 
warning ambiguity in difcodonNG: GCC ---
warning: strange character '-' 
warning ambiguity in difcodonNG: GCC ---
warning: strange character '-' 
warning ambiguity in difcodonNG: AAT ---
warning: strange character '-' 
warning ambiguity in difcodonNG: AAT ---
warning: strange character '-' 
warning ambiguity in difcodonNG: AAT ---
warning: strange character '-' 
warning ambiguity in difcodonNG: AAT ---
warning: strange character '-' 
warning ambiguity in difcodonNG: AGC ---
warning: strange character '-' 
warning ambiguity in difcodonNG: AGC ---
warning: strange character '-' 
warning ambiguity in difcodonNG: AGC ---
warning: strange character '-' 
warning ambiguity in difcodonNG: AGC ---
warning: strange character '-' 
warning ambiguity in difcodonNG: CCC ---
warning: strange character '-' 
warning ambiguity in difcodonNG: CCC ---
warning: strange character '-' 
warning ambiguity in difcodonNG: CCC ---
warning: strange character '-' 
warning ambiguity in difcodonNG: CCC ---
warning: strange character '-' 
warning ambiguity in difcodonNG: GCA ---
warning: strange character '-' 
warning ambiguity in difcodonNG: GCA ---
warning: strange character '-' 
warning ambiguity in difcodonNG: GCA ---
warning: strange character '-' 
warning ambiguity in difcodonNG: GCA ---
warning: strange character '-' 
warning ambiguity in difcodonNG: GCT ---
warning: strange character '-' 
warning ambiguity in difcodonNG: GCT ---
warning: strange character '-' 
warning ambiguity in difcodonNG: GCT ---
warning: strange character '-' 
warning ambiguity in difcodonNG: GCT ---
warning: strange character '-' 
warning ambiguity in difcodonNG: CCA ---
warning: strange character '-' 
warning ambiguity in difcodonNG: CCA ---
warning: strange character '-' 
warning ambiguity in difcodonNG: CCA ---
warning: strange character '-' 
warning ambiguity in difcodonNG: CCA ---
warning: strange character '-' 
warning ambiguity in difcodonNG: CAA ---
warning: strange character '-' 
warning ambiguity in difcodonNG: CAA ---
warning: strange character '-' 
warning ambiguity in difcodonNG: CAA ---
warning: strange character '-' 
warning ambiguity in difcodonNG: CAA ---
warning: strange character '-' 
warning ambiguity in difcodonNG: GGA ---
warning: strange character '-' 
warning ambiguity in difcodonNG: GGA ---
warning: strange character '-' 
warning ambiguity in difcodonNG: GGA ---
warning: strange character '-' 
warning ambiguity in difcodonNG: GGA ---
warning: strange character '-' 
warning ambiguity in difcodonNG: AAT ---
warning: strange character '-' 
warning ambiguity in difcodonNG: AAT ---
warning: strange character '-' 
warning ambiguity in difcodonNG: AAT ---
warning: strange character '-' 
warning ambiguity in difcodonNG: AAT ---
warning: strange character '-' 
warning ambiguity in difcodonNG: AAC ---
warning: strange character '-' 
warning ambiguity in difcodonNG: AAC ---
warning: strange character '-' 
warning ambiguity in difcodonNG: AAC ---
warning: strange character '-' 
warning ambiguity in difcodonNG: AAC ---
warning: strange character '-' 
warning ambiguity in difcodonNG: GCA ---
warning: strange character '-' 
warning ambiguity in difcodonNG: GCA ---
warning: strange character '-' 
warning ambiguity in difcodonNG: GCA ---
warning: strange character '-' 
warning ambiguity in difcodonNG: GCA ---
warning: strange character '-' 
warning ambiguity in difcodonNG: AAC ---
warning: strange character '-' 
warning ambiguity in difcodonNG: AAC ---
warning: strange character '-' 
warning ambiguity in difcodonNG: AAC ---
warning: strange character '-' 
warning ambiguity in difcodonNG: AAC ---
warning: strange character '-' 
warning ambiguity in difcodonNG: CCA ---
warning: strange character '-' 
warning ambiguity in difcodonNG: CCA ---
warning: strange character '-' 
warning ambiguity in difcodonNG: CCA ---
warning: strange character '-' 
warning ambiguity in difcodonNG: CCA ---
warning: strange character '-' 
warning ambiguity in difcodonNG: CAA ---
warning: strange character '-' 
warning ambiguity in difcodonNG: CAA ---
warning: strange character '-' 
warning ambiguity in difcodonNG: CAA ---
warning: strange character '-' 
warning ambiguity in difcodonNG: CAA ---
warning: strange character '-' 
warning ambiguity in difcodonNG: GTG ---
warning: strange character '-' 
warning ambiguity in difcodonNG: GTG ---
warning: strange character '-' 
warning ambiguity in difcodonNG: GTG ---
warning: strange character '-' 
warning ambiguity in difcodonNG: GTG ---
warning: strange character '-' 
warning ambiguity in difcodonNG: CCA ---
warning: strange character '-' 
warning ambiguity in difcodonNG: CCA ---
warning: strange character '-' 
warning ambiguity in difcodonNG: CCA ---
warning: strange character '-' 
warning ambiguity in difcodonNG: CCA ---
warning: strange character '-' 
warning ambiguity in difcodonNG: AAT ---
warning: strange character '-' 
warning ambiguity in difcodonNG: AAT ---
warning: strange character '-' 
warning ambiguity in difcodonNG: AAT ---
warning: strange character '-' 
warning ambiguity in difcodonNG: AAT ---
warning: strange character '-' 
warning ambiguity in difcodonNG: AAC ---
warning: strange character '-' 
warning ambiguity in difcodonNG: AAC ---
warning: strange character '-' 
warning ambiguity in difcodonNG: AAC ---
warning: strange character '-' 
warning ambiguity in difcodonNG: AAC ---
warning: strange character '-' 
warning ambiguity in difcodonNG: ATT ---
warning: strange character '-' 
warning ambiguity in difcodonNG: ATT ---
warning: strange character '-' 
warning ambiguity in difcodonNG: ATT ---
warning: strange character '-' 
warning ambiguity in difcodonNG: ATT ---
warning: strange character '-' 
warning ambiguity in difcodonNG: GAA ---
warning: strange character '-' 
warning ambiguity in difcodonNG: GAA ---
warning: strange character '-' 
warning ambiguity in difcodonNG: GAA ---
warning: strange character '-' 
warning ambiguity in difcodonNG: GAA ---
warning: strange character '-' 
warning ambiguity in difcodonNG: GGG ---
warning: strange character '-' 
warning ambiguity in difcodonNG: GGG ---
warning: strange character '-' 
warning ambiguity in difcodonNG: GGG ---
warning: strange character '-' 
warning ambiguity in difcodonNG: GGG ---
warning: strange character '-' 
warning ambiguity in difcodonNG: CCC ---
warning: strange character '-' 
warning ambiguity in difcodonNG: CCC ---
warning: strange character '-' 
warning ambiguity in difcodonNG: CCC ---
warning: strange character '-' 
warning ambiguity in difcodonNG: CCC ---
warning: strange character '-' 
warning ambiguity in difcodonNG: GAG ---
warning: strange character '-' 
warning ambiguity in difcodonNG: AAA ---
warning: strange character '-' 
warning ambiguity in difcodonNG: CTG ---
warning: strange character '-' 
warning ambiguity in difcodonNG: CCT ---
warning: strange character '-' 
warning ambiguity in difcodonNG: GAA ---
warning: strange character '-' 
warning ambiguity in difcodonNG: ACA ---
warning: strange character '-' 
warning ambiguity in difcodonNG: GAA ---
warning: strange character '-' 
warning ambiguity in difcodonNG: ATG ---
warning: strange character '-' 
warning ambiguity in difcodonNG: TGG ---
warning: strange character '-' 
warning ambiguity in difcodonNG: ATA ---
warning: strange character '-' 
warning ambiguity in difcodonNG: AAC ---end of tree file.

Time used:  1:07
