
 15         verbose | verbose                1.00
  7         runmode | runmode                0.00
  4         seqtype | seqtype                1.00
 13       CodonFreq | CodonFreq              2.00
  9           clock | clock                  0.00
 18          aaDist | aaDist                 0.00
 19      aaRatefile | aaRatefile             1.00
 16           model | model                  0.00
 20         NSsites | NSsites                2.00
 22           icode | icode                  0.00
 23           Mgene | Mgene                  0.00
 24       fix_kappa | fix_kappa              0.00
 25           kappa | kappa                  2.00
 26       fix_omega | fix_omega              0.00
 27           omega | omega                  0.40
 28       fix_alpha | fix_alpha              1.00
 29           alpha | alpha                  0.00
 30          Malpha | Malpha                 0.00
 31           ncatG | ncatG                  8.00
 11           getSE | getSE                  0.00
 12    RateAncestor | RateAncestor           1.00
 36      Small_Diff | Small_Diff             0.00
  6       cleandata | cleandata              0.00
  8          method | method                 0.00
CODONML in paml version 4.8a, August 2014

----------------------------------------------
Phe F TTT | Ser S TCT | Tyr Y TAT | Cys C TGT
      TTC |       TCC |       TAC |       TGC
Leu L TTA |       TCA | *** * TAA | *** * TGA
      TTG |       TCG |       TAG | Trp W TGG
----------------------------------------------
Leu L CTT | Pro P CCT | His H CAT | Arg R CGT
      CTC |       CCC |       CAC |       CGC
      CTA |       CCA | Gln Q CAA |       CGA
      CTG |       CCG |       CAG |       CGG
----------------------------------------------
Ile I ATT | Thr T ACT | Asn N AAT | Ser S AGT
      ATC |       ACC |       AAC |       AGC
      ATA |       ACA | Lys K AAA | Arg R AGA
Met M ATG |       ACG |       AAG |       AGG
----------------------------------------------
Val V GTT | Ala A GCT | Asp D GAT | Gly G GGT
      GTC |       GCC |       GAC |       GGC
      GTA |       GCA | Glu E GAA |       GGA
      GTG |       GCG |       GAG |       GGG
----------------------------------------------
Nice code, uuh?


Ambiguity character definition table:

T (1): T 
C (1): C 
A (1): A 
G (1): G 
U (1): T 
Y (2): T C 
R (2): A G 
M (2): C A 
K (2): T G 
S (2): C G 
W (2): T A 
H (3): T C A 
B (3): T C G 
V (3): C A G 
D (3): T A G 
- (4): T C A G 
N (4): T C A G 
? (4): T C A G 

ns = 5  	ls = 1749
Reading sequences, interlaved format..
Reading seq # 1: A94     Reading seq # 2: A91     Reading seq # 3: A92     Reading seq # 4: A93     Reading seq # 5: A90     
block   1:     60     60     60     60     60
block   2:    120    120    120    120    120
block   3:    180    180    180    180    180
block   4:    240    240    240    240    240
block   5:    300    300    300    300    300
block   6:    360    360    360    360    360
block   7:    420    420    420    420    420
block   8:    480    480    480    480    480
block   9:    540    540    540    540    540
block  10:    600    600    600    600    600
block  11:    660    660    660    660    660
block  12:    720    720    720    720    720
block  13:    780    780    780    780    780
block  14:    840    840    840    840    840
block  15:    900    900    900    900    900
block  16:    960    960    960    960    960
block  17:   1020   1020   1020   1020   1020
block  18:   1080   1080   1080   1080   1080
block  19:   1140   1140   1140   1140   1140
block  20:   1200   1200   1200   1200   1200
block  21:   1260   1260   1260   1260   1260
block  22:   1320   1320   1320   1320   1320
block  23:   1380   1380   1380   1380   1380
block  24:   1440   1440   1440   1440   1440
block  25:   1500   1500   1500   1500   1500
block  26:   1560   1560   1560   1560   1560
block  27:   1620   1620   1620   1620   1620
block  28:   1680   1680   1680   1680   1680
block  29:   1740   1740   1740   1740   1740
block  30:   1749   1749   1749   1749   1749
Sequences read..
Counting site patterns..  0:00
         126 patterns at      583 /      583 sites (100.0%),  0:00
1 ambiguous codons are seen in the data:
 ---
Counting codons..

  2   1:Sites   354.6 + 1283.4 = 1638.0	Diffs    12.1 +   33.9 =   46.0
  3   1:Sites   353.7 + 1284.3 = 1638.0	Diffs    13.1 +   29.9 =   43.0
  3   2:Sites   360.9 + 1310.1 = 1671.0	Diffs     2.0 +    4.0 =    6.0
  4   1:Sites   354.3 + 1283.7 = 1638.0	Diffs    13.1 +   30.9 =   44.0
  4   2:Sites   361.4 + 1309.6 = 1671.0	Diffs     2.0 +    3.0 =    5.0
  4   3:Sites   360.6 + 1310.4 = 1671.0	Diffs     2.0 +    1.0 =    3.0
  5   1:Sites   353.2 + 1284.8 = 1638.0	Diffs    13.1 +   32.9 =   46.0
  5   2:Sites   360.3 + 1310.7 = 1671.0	Diffs     2.0 +   14.0 =   16.0
  5   3:Sites   359.5 + 1311.5 = 1671.0	Diffs     2.0 +   12.0 =   14.0
  5   4:Sites   360.0 + 1311.0 = 1671.0	Diffs     2.0 +   11.0 =   13.0

       80 bytes for distance
   122976 bytes for conP
     3024 bytes for fhK
  5000000 bytes for space

TREE #  1
(((3, (5, 1)), 2), 4);   MP score: -1
This is a rooted tree, without clock.  Check.

   245952 bytes for conP, adjusted

initial w for M2:NSpselection reset.

    0.000000    0.014831    0.060856    0.021520    0.074137    0.090574    0.035964    0.047593    2.000000    1.682193    0.192890    0.355520    2.246683

ntime & nrate & np:     8     3    13

Bounds (np=13):
   0.000004   0.000004   0.000004   0.000004   0.000004   0.000004   0.000004   0.000004   0.000100 -99.000000 -99.000000   0.000001   1.000000
  50.000000  50.000000  50.000000  50.000000  50.000000  50.000000  50.000000  50.000000 999.000000  99.000000  99.000000   1.000000 999.000000
Qfactor_NS = 5.886907

np =    13
lnL0 = -2768.642895

Iterating by ming2
Initial: fx=  2768.642895
x=  0.00000  0.01483  0.06086  0.02152  0.07414  0.09057  0.03596  0.04759  2.00000  1.68219  0.19289  0.35552  2.24668

  1 h-m-p  0.0000 0.0000 1133.7486 ++     2768.640730  m 0.0000    18 | 1/13
  2 h-m-p  0.0000 0.0000 24159.0160 ++     2739.471862  m 0.0000    34 | 2/13
  3 h-m-p  0.0000 0.0000 2502.4622 ++     2712.369309  m 0.0000    50 | 1/13
  4 h-m-p -0.0000 -0.0000 1792.9669 
h-m-p:     -1.01472284e-21     -5.07361420e-21      1.79296690e+03  2712.369309
..  | 1/13
  5 h-m-p  0.0000 0.0001 168619.7150 ---CCYYYCYCCC  2707.909172  9 0.0000    96 | 1/13
  6 h-m-p  0.0000 0.0001 685.8344 +YCYYYYCCCC  2691.148318 10 0.0000   127 | 1/13
  7 h-m-p  0.0000 0.0000 735.0340 +YCYCCC  2688.264289  5 0.0000   152 | 1/13
  8 h-m-p  0.0000 0.0001 286.3395 CYCCC  2687.290249  4 0.0000   175 | 1/13
  9 h-m-p  0.0001 0.0004  59.6524 YCC    2687.203648  2 0.0001   194 | 1/13
 10 h-m-p  0.0000 0.0005 160.2812 YCC    2687.041018  2 0.0000   213 | 1/13
 11 h-m-p  0.0004 0.0214  16.7658 +++    2680.690552  m 0.0214   230 | 2/13
 12 h-m-p  0.0085 1.2456  10.4950 +YCCC  2679.492420  3 0.0683   252 | 2/13
 13 h-m-p  0.1220 5.7590   5.8758 YCCC   2676.774519  3 0.2785   273 | 2/13
 14 h-m-p  0.2778 1.7503   5.8905 YCC    2673.020900  2 0.4425   292 | 2/13
 15 h-m-p  1.6000 8.0000   1.2585 +YCCC  2669.335340  3 4.5290   314 | 2/13
 16 h-m-p  1.6000 8.0000   1.6850 CYCCC  2668.083036  4 1.3290   337 | 1/13
 17 h-m-p  0.1287 0.6437  10.7838 -YC    2668.060829  1 0.0134   355 | 1/13
 18 h-m-p  0.0673 1.5390   2.1515 ++CCC  2667.430246  2 0.9494   377 | 1/13
 19 h-m-p  1.0413 5.5579   1.9617 YCCC   2666.985519  3 2.0065   398 | 1/13
 20 h-m-p  1.6000 8.0000   1.8325 YC     2666.698433  1 2.7959   415 | 1/13
 21 h-m-p  1.6000 8.0000   3.1237 CYCCC  2666.362809  4 2.6219   438 | 1/13
 22 h-m-p  1.6000 8.0000   1.2669 YCC    2666.260737  2 1.0163   457 | 1/13
 23 h-m-p  0.4123 8.0000   3.1225 +YCC   2666.202467  2 1.3465   477 | 1/13
 24 h-m-p  1.6000 8.0000   1.1239 CYC    2666.163550  2 1.7477   496 | 1/13
 25 h-m-p  1.0608 8.0000   1.8517 CC     2666.149957  1 1.2794   514 | 1/13
 26 h-m-p  1.6000 8.0000   0.3752 CC     2666.148049  1 2.0839   532 | 1/13
 27 h-m-p  1.6000 8.0000   0.3070 C      2666.147265  0 1.7295   560 | 1/13
 28 h-m-p  1.6000 8.0000   0.1066 C      2666.147144  0 1.3826   588 | 1/13
 29 h-m-p  1.6000 8.0000   0.0013 Y      2666.147103  0 2.6775   616 | 1/13
 30 h-m-p  0.2298 8.0000   0.0147 ++C    2666.147075  0 3.2134   646 | 1/13
 31 h-m-p  1.6000 8.0000   0.0064 ++     2666.146923  m 8.0000   674 | 1/13
 32 h-m-p  0.0488 0.2439   0.0593 ++     2666.146758  m 0.2439   702 | 2/13
 33 h-m-p  0.0163 8.0000   0.8877 -------------..  | 2/13
 34 h-m-p  0.0000 0.0001  15.3717 CC     2666.146339  1 0.0000   770 | 2/13
 35 h-m-p  0.0001 0.0076   0.8795 Y      2666.146335  0 0.0000   786 | 2/13
 36 h-m-p  0.0001 0.0265   0.5447 C      2666.146334  0 0.0000   813 | 2/13
 37 h-m-p  0.0002 0.1057   0.2089 C      2666.146333  0 0.0000   840 | 2/13
 38 h-m-p  0.0017 0.8260   0.1485 -C     2666.146332  0 0.0001   868 | 2/13
 39 h-m-p  0.0004 0.2077   0.4470 C      2666.146330  0 0.0001   895 | 2/13
 40 h-m-p  0.0160 8.0000   0.0243 C      2666.146324  0 0.0196   922 | 2/13
 41 h-m-p  0.4741 8.0000   0.0010 +Y     2666.146322  0 4.0327   950 | 2/13
 42 h-m-p  0.3471 8.0000   0.0116 C      2666.146320  0 0.3811   977 | 2/13
 43 h-m-p  0.2744 8.0000   0.0162 ++Y    2666.146280  0 5.6550  1006 | 2/13
 44 h-m-p  0.7943 8.0000   0.1151 ++     2666.145544  m 8.0000  1033 | 2/13
 45 h-m-p  1.6000 8.0000   0.2025 CYC    2666.143955  2 2.5409  1063 | 1/13
 46 h-m-p  0.0001 0.0029 6071.1714 -Y     2666.143942  0 0.0000  1091 | 1/13
 47 h-m-p  0.0545 5.4671   0.3800 YC     2666.143033  1 0.1023  1108 | 1/13
 48 h-m-p  0.0620 8.0000   0.6270 ++YC   2666.141446  1 0.6343  1139 | 1/13
 49 h-m-p  0.6950 8.0000   0.5722 YCY    2666.140381  2 0.4384  1170 | 1/13
 50 h-m-p  1.3900 8.0000   0.1805 CC     2666.136869  1 1.2172  1200 | 1/13
 51 h-m-p  0.5624 8.0000   0.3906 YYY    2666.135203  2 0.5624  1230 | 1/13
 52 h-m-p  0.8768 8.0000   0.2506 CCCC   2666.130013  3 1.0758  1264 | 1/13
 53 h-m-p  1.6000 8.0000   0.0922 CC     2666.128101  1 0.4836  1294 | 1/13
 54 h-m-p  0.1607 5.6847   0.2774 +CYC   2666.120437  2 1.2165  1326 | 1/13
 55 h-m-p  0.7683 3.8417   0.2275 YCCC   2666.116088  3 0.8572  1359 | 1/13
 56 h-m-p  0.4696 2.3482   0.1261 CYC    2666.108487  2 0.6464  1390 | 1/13
 57 h-m-p  0.2251 1.1255   0.3270 +YYC   2666.099074  2 0.7434  1421 | 1/13
 58 h-m-p  0.1073 0.5364   0.1637 ++     2666.091165  m 0.5364  1449 | 2/13
 59 h-m-p  0.0987 1.3560   0.7971 YC     2666.087363  1 0.0478  1478 | 2/13
 60 h-m-p  1.4649 7.3244   0.0118 YC     2666.086677  1 0.8464  1506 | 2/13
 61 h-m-p  1.6000 8.0000   0.0019 Y      2666.086636  0 1.2215  1533 | 2/13
 62 h-m-p  1.2403 8.0000   0.0019 Y      2666.086629  0 2.7743  1560 | 2/13
 63 h-m-p  1.1183 8.0000   0.0047 ++     2666.086572  m 8.0000  1587 | 2/13
 64 h-m-p  0.0711 7.3686   0.5240 ++CC   2666.085946  1 1.5397  1618 | 2/13
 65 h-m-p  1.6000 8.0000   0.1165 C      2666.085701  0 2.1930  1645 | 2/13
 66 h-m-p  1.6000 8.0000   0.0022 Y      2666.085701  0 1.0679  1672 | 2/13
 67 h-m-p  1.6000 8.0000   0.0000 -Y     2666.085701  0 0.1669  1700 | 2/13
 68 h-m-p  0.1212 8.0000   0.0000 --C    2666.085701  0 0.0019  1729
Out..
lnL  = -2666.085701
1730 lfun, 6920 eigenQcodon, 41520 P(t)

BEBing (dim = 4).  This may take several minutes.
Calculating f(x_h|w): 10 categories 21 w sets.
S10 w log{f(x|w)}:    0.0500     -3.445502
S10 w log{f(x|w)}:    0.1500     -3.453803
S10 w log{f(x|w)}:    0.2500     -3.462095
S10 w log{f(x|w)}:    0.3500     -3.470378
S10 w log{f(x|w)}:    0.4500     -3.478650
S10 w log{f(x|w)}:    0.5500     -3.486913
S10 w log{f(x|w)}:    0.6500     -3.495166
S10 w log{f(x|w)}:    0.7500     -3.503410
S10 w log{f(x|w)}:    0.8500     -3.511643
S10 w log{f(x|w)}:    0.9500     -3.519867
S10 w log{f(x|w)}:    1.0000     -3.523975
S10 w log{f(x|w)}:    1.5000     -3.564922
S10 w log{f(x|w)}:    2.5000     -3.646076
S10 w log{f(x|w)}:    3.5000     -3.726237
S10 w log{f(x|w)}:    4.5000     -3.805398
S10 w log{f(x|w)}:    5.5000     -3.883552
S10 w log{f(x|w)}:    6.5000     -3.960695
S10 w log{f(x|w)}:    7.5000     -4.036821
S10 w log{f(x|w)}:    8.5000     -4.111926
S10 w log{f(x|w)}:    9.5000     -4.186009
S10 w log{f(x|w)}:   10.5000     -4.259067
Calculating f(X), the marginal probability of data.
	log(fX) = -2679.617794  S = -2577.094841   -95.082836
Calculating f(w|X), posterior probabilities of site classes.
	did  10 / 126 patterns   0:34	did  20 / 126 patterns   0:34	did  30 / 126 patterns   0:34	did  40 / 126 patterns   0:34	did  50 / 126 patterns   0:34	did  60 / 126 patterns   0:34	did  70 / 126 patterns   0:35	did  80 / 126 patterns   0:35	did  90 / 126 patterns   0:35	did 100 / 126 patterns   0:35	did 110 / 126 patterns   0:35	did 120 / 126 patterns   0:35	did 126 / 126 patterns   0:35
Reconstructed ancestral states go into file rst.

lnL = -2666.085701 from ProbSitePattern.
Marginal reconstruction.
	Node   6: lnL = -2666.085701
	Node   7: lnL = -2666.085701
	Node   8: lnL = -2666.085701
	Node   9: lnL = -2666.085701

warning: strange character '-' 
warning ambiguity in difcodonNG: --- ATG
warning: strange character '-' 
warning ambiguity in difcodonNG: --- TCA
warning: strange character '-' 
warning ambiguity in difcodonNG: --- AGA
warning: strange character '-' 
warning ambiguity in difcodonNG: --- GCC
warning: strange character '-' 
warning ambiguity in difcodonNG: --- AAT
warning: strange character '-' 
warning ambiguity in difcodonNG: --- AGC
warning: strange character '-' 
warning ambiguity in difcodonNG: --- CCC
warning: strange character '-' 
warning ambiguity in difcodonNG: --- GCA
warning: strange character '-' 
warning ambiguity in difcodonNG: --- GCT
warning: strange character '-' 
warning ambiguity in difcodonNG: --- CCA
warning: strange character '-' 
warning ambiguity in difcodonNG: --- CAA
warning: strange character '-' 
warning ambiguity in difcodonNG: --- GGA
warning: strange character '-' 
warning ambiguity in difcodonNG: --- AAT
warning: strange character '-' 
warning ambiguity in difcodonNG: --- AAC
warning: strange character '-' 
warning ambiguity in difcodonNG: --- GCA
warning: strange character '-' 
warning ambiguity in difcodonNG: --- AAC
warning: strange character '-' 
warning ambiguity in difcodonNG: --- CCA
warning: strange character '-' 
warning ambiguity in difcodonNG: --- CAA
warning: strange character '-' 
warning ambiguity in difcodonNG: --- GTG
warning: strange character '-' 
warning ambiguity in difcodonNG: --- CCA
warning: strange character '-' 
warning ambiguity in difcodonNG: --- AAT
warning: strange character '-' 
warning ambiguity in difcodonNG: --- AAC
warning: strange character '-' 
warning ambiguity in difcodonNG: --- ATT
warning: strange character '-' 
warning ambiguity in difcodonNG: --- GAA
warning: strange character '-' 
warning ambiguity in difcodonNG: --- GGG
warning: strange character '-' 
warning ambiguity in difcodonNG: --- CCC
warning: strange character '-' 
warning ambiguity in difcodonNG: --- ATG
warning: strange character '-' 
warning ambiguity in difcodonNG: --- TCA
warning: strange character '-' 
warning ambiguity in difcodonNG: --- AGA
warning: strange character '-' 
warning ambiguity in difcodonNG: --- GCC
warning: strange character '-' 
warning ambiguity in difcodonNG: --- AAT
warning: strange character '-' 
warning ambiguity in difcodonNG: --- AGC
warning: strange character '-' 
warning ambiguity in difcodonNG: --- CCC
warning: strange character '-' 
warning ambiguity in difcodonNG: --- GCA
warning: strange character '-' 
warning ambiguity in difcodonNG: --- GCT
warning: strange character '-' 
warning ambiguity in difcodonNG: --- CCA
warning: strange character '-' 
warning ambiguity in difcodonNG: --- CAA
warning: strange character '-' 
warning ambiguity in difcodonNG: --- GGA
warning: strange character '-' 
warning ambiguity in difcodonNG: --- AAT
warning: strange character '-' 
warning ambiguity in difcodonNG: --- AAC
warning: strange character '-' 
warning ambiguity in difcodonNG: --- GCA
warning: strange character '-' 
warning ambiguity in difcodonNG: --- AAC
warning: strange character '-' 
warning ambiguity in difcodonNG: --- CCA
warning: strange character '-' 
warning ambiguity in difcodonNG: --- CAA
warning: strange character '-' 
warning ambiguity in difcodonNG: --- GTG
warning: strange character '-' 
warning ambiguity in difcodonNG: --- CCA
warning: strange character '-' 
warning ambiguity in difcodonNG: --- AAT
warning: strange character '-' 
warning ambiguity in difcodonNG: --- AAC
warning: strange character '-' 
warning ambiguity in difcodonNG: --- ATT
warning: strange character '-' 
warning ambiguity in difcodonNG: --- GAA
warning: strange character '-' 
warning ambiguity in difcodonNG: --- GGG
warning: strange character '-' 
warning ambiguity in difcodonNG: --- CCC
warning: strange character '-' 
warning ambiguity in difcodonNG: --- GAG
warning: strange character '-' 
warning ambiguity in difcodonNG: --- AAA
warning: strange character '-' 
warning ambiguity in difcodonNG: --- CTG
warning: strange character '-' 
warning ambiguity in difcodonNG: --- CCT
warning: strange character '-' 
warning ambiguity in difcodonNG: --- GAA
warning: strange character '-' 
warning ambiguity in difcodonNG: --- ACA
warning: strange character '-' 
warning ambiguity in difcodonNG: --- GAA
warning: strange character '-' 
warning ambiguity in difcodonNG: --- ATG
warning: strange character '-' 
warning ambiguity in difcodonNG: --- TGG
warning: strange character '-' 
warning ambiguity in difcodonNG: --- ATA
warning: strange character '-' 
warning ambiguity in difcodonNG: --- AAC
warning: strange character '-' 
warning ambiguity in difcodonNG: --- ATG
warning: strange character '-' 
warning ambiguity in difcodonNG: --- TCA
warning: strange character '-' 
warning ambiguity in difcodonNG: --- AGA
warning: strange character '-' 
warning ambiguity in difcodonNG: --- GCC
warning: strange character '-' 
warning ambiguity in difcodonNG: --- AAT
warning: strange character '-' 
warning ambiguity in difcodonNG: --- AGC
warning: strange character '-' 
warning ambiguity in difcodonNG: --- CCC
warning: strange character '-' 
warning ambiguity in difcodonNG: --- GCA
warning: strange character '-' 
warning ambiguity in difcodonNG: --- GCT
warning: strange character '-' 
warning ambiguity in difcodonNG: --- CCA
warning: strange character '-' 
warning ambiguity in difcodonNG: --- CAA
warning: strange character '-' 
warning ambiguity in difcodonNG: --- GGA
warning: strange character '-' 
warning ambiguity in difcodonNG: --- AAT
warning: strange character '-' 
warning ambiguity in difcodonNG: --- AAC
warning: strange character '-' 
warning ambiguity in difcodonNG: --- GCA
warning: strange character '-' 
warning ambiguity in difcodonNG: --- AAC
warning: strange character '-' 
warning ambiguity in difcodonNG: --- CCA
warning: strange character '-' 
warning ambiguity in difcodonNG: --- CAA
warning: strange character '-' 
warning ambiguity in difcodonNG: --- GTG
warning: strange character '-' 
warning ambiguity in difcodonNG: --- CCA
warning: strange character '-' 
warning ambiguity in difcodonNG: --- AAT
warning: strange character '-' 
warning ambiguity in difcodonNG: --- AAC
warning: strange character '-' 
warning ambiguity in difcodonNG: --- ATT
warning: strange character '-' 
warning ambiguity in difcodonNG: --- GAA
warning: strange character '-' 
warning ambiguity in difcodonNG: --- GGG
warning: strange character '-' 
warning ambiguity in difcodonNG: --- CCC
warning: strange character '-' 
warning ambiguity in difcodonNG: --- ATG
warning: strange character '-' 
warning ambiguity in difcodonNG: --- TCA
warning: strange character '-' 
warning ambiguity in difcodonNG: --- AGA
warning: strange character '-' 
warning ambiguity in difcodonNG: --- GCC
warning: strange character '-' 
warning ambiguity in difcodonNG: --- AAT
warning: strange character '-' 
warning ambiguity in difcodonNG: --- AGC
warning: strange character '-' 
warning ambiguity in difcodonNG: --- CCC
warning: strange character '-' 
warning ambiguity in difcodonNG: --- GCA
warning: strange character '-' 
warning ambiguity in difcodonNG: --- GCT
warning: strange character '-' 
warning ambiguity in difcodonNG: --- CCA
warning: strange character '-' 
warning ambiguity in difcodonNG: --- CAA
warning: strange character '-' 
warning ambiguity in difcodonNG: --- GGA
warning: strange character '-' 
warning ambiguity in difcodonNG: --- AAT
warning: strange character '-' 
warning ambiguity in difcodonNG: --- AAC
warning: strange character '-' 
warning ambiguity in difcodonNG: --- GCA
warning: strange character '-' 
warning ambiguity in difcodonNG: --- AAC
warning: strange character '-' 
warning ambiguity in difcodonNG: --- CCA
warning: strange character '-' 
warning ambiguity in difcodonNG: --- CAA
warning: strange character '-' 
warning ambiguity in difcodonNG: --- GTG
warning: strange character '-' 
warning ambiguity in difcodonNG: --- CCA
warning: strange character '-' 
warning ambiguity in difcodonNG: --- AAT
warning: strange character '-' 
warning ambiguity in difcodonNG: --- AAC
warning: strange character '-' 
warning ambiguity in difcodonNG: --- ATT
warning: strange character '-' 
warning ambiguity in difcodonNG: --- GAA
warning: strange character '-' 
warning ambiguity in difcodonNG: --- GGG
warning: strange character '-' 
warning ambiguity in difcodonNG: --- CCC
warning: strange character '-' 
warning ambiguity in difcodonNG: ATG ---
warning: strange character '-' 
warning ambiguity in difcodonNG: ATG ---
warning: strange character '-' 
warning ambiguity in difcodonNG: ATG ---
warning: strange character '-' 
warning ambiguity in difcodonNG: ATG ---
warning: strange character '-' 
warning ambiguity in difcodonNG: TCA ---
warning: strange character '-' 
warning ambiguity in difcodonNG: TCA ---
warning: strange character '-' 
warning ambiguity in difcodonNG: TCA ---
warning: strange character '-' 
warning ambiguity in difcodonNG: TCA ---
warning: strange character '-' 
warning ambiguity in difcodonNG: AGA ---
warning: strange character '-' 
warning ambiguity in difcodonNG: AGA ---
warning: strange character '-' 
warning ambiguity in difcodonNG: AGA ---
warning: strange character '-' 
warning ambiguity in difcodonNG: AGA ---
warning: strange character '-' 
warning ambiguity in difcodonNG: GCC ---
warning: strange character '-' 
warning ambiguity in difcodonNG: GCC ---
warning: strange character '-' 
warning ambiguity in difcodonNG: GCC ---
warning: strange character '-' 
warning ambiguity in difcodonNG: GCC ---
warning: strange character '-' 
warning ambiguity in difcodonNG: AAT ---
warning: strange character '-' 
warning ambiguity in difcodonNG: AAT ---
warning: strange character '-' 
warning ambiguity in difcodonNG: AAT ---
warning: strange character '-' 
warning ambiguity in difcodonNG: AAT ---
warning: strange character '-' 
warning ambiguity in difcodonNG: AGC ---
warning: strange character '-' 
warning ambiguity in difcodonNG: AGC ---
warning: strange character '-' 
warning ambiguity in difcodonNG: AGC ---
warning: strange character '-' 
warning ambiguity in difcodonNG: AGC ---
warning: strange character '-' 
warning ambiguity in difcodonNG: CCC ---
warning: strange character '-' 
warning ambiguity in difcodonNG: CCC ---
warning: strange character '-' 
warning ambiguity in difcodonNG: CCC ---
warning: strange character '-' 
warning ambiguity in difcodonNG: CCC ---
warning: strange character '-' 
warning ambiguity in difcodonNG: GCA ---
warning: strange character '-' 
warning ambiguity in difcodonNG: GCA ---
warning: strange character '-' 
warning ambiguity in difcodonNG: GCA ---
warning: strange character '-' 
warning ambiguity in difcodonNG: GCA ---
warning: strange character '-' 
warning ambiguity in difcodonNG: GCT ---
warning: strange character '-' 
warning ambiguity in difcodonNG: GCT ---
warning: strange character '-' 
warning ambiguity in difcodonNG: GCT ---
warning: strange character '-' 
warning ambiguity in difcodonNG: GCT ---
warning: strange character '-' 
warning ambiguity in difcodonNG: CCA ---
warning: strange character '-' 
warning ambiguity in difcodonNG: CCA ---
warning: strange character '-' 
warning ambiguity in difcodonNG: CCA ---
warning: strange character '-' 
warning ambiguity in difcodonNG: CCA ---
warning: strange character '-' 
warning ambiguity in difcodonNG: CAA ---
warning: strange character '-' 
warning ambiguity in difcodonNG: CAA ---
warning: strange character '-' 
warning ambiguity in difcodonNG: CAA ---
warning: strange character '-' 
warning ambiguity in difcodonNG: CAA ---
warning: strange character '-' 
warning ambiguity in difcodonNG: GGA ---
warning: strange character '-' 
warning ambiguity in difcodonNG: GGA ---
warning: strange character '-' 
warning ambiguity in difcodonNG: GGA ---
warning: strange character '-' 
warning ambiguity in difcodonNG: GGA ---
warning: strange character '-' 
warning ambiguity in difcodonNG: AAT ---
warning: strange character '-' 
warning ambiguity in difcodonNG: AAT ---
warning: strange character '-' 
warning ambiguity in difcodonNG: AAT ---
warning: strange character '-' 
warning ambiguity in difcodonNG: AAT ---
warning: strange character '-' 
warning ambiguity in difcodonNG: AAC ---
warning: strange character '-' 
warning ambiguity in difcodonNG: AAC ---
warning: strange character '-' 
warning ambiguity in difcodonNG: AAC ---
warning: strange character '-' 
warning ambiguity in difcodonNG: AAC ---
warning: strange character '-' 
warning ambiguity in difcodonNG: GCA ---
warning: strange character '-' 
warning ambiguity in difcodonNG: GCA ---
warning: strange character '-' 
warning ambiguity in difcodonNG: GCA ---
warning: strange character '-' 
warning ambiguity in difcodonNG: GCA ---
warning: strange character '-' 
warning ambiguity in difcodonNG: AAC ---
warning: strange character '-' 
warning ambiguity in difcodonNG: AAC ---
warning: strange character '-' 
warning ambiguity in difcodonNG: AAC ---
warning: strange character '-' 
warning ambiguity in difcodonNG: AAC ---
warning: strange character '-' 
warning ambiguity in difcodonNG: CCA ---
warning: strange character '-' 
warning ambiguity in difcodonNG: CCA ---
warning: strange character '-' 
warning ambiguity in difcodonNG: CCA ---
warning: strange character '-' 
warning ambiguity in difcodonNG: CCA ---
warning: strange character '-' 
warning ambiguity in difcodonNG: CAA ---
warning: strange character '-' 
warning ambiguity in difcodonNG: CAA ---
warning: strange character '-' 
warning ambiguity in difcodonNG: CAA ---
warning: strange character '-' 
warning ambiguity in difcodonNG: CAA ---
warning: strange character '-' 
warning ambiguity in difcodonNG: GTG ---
warning: strange character '-' 
warning ambiguity in difcodonNG: GTG ---
warning: strange character '-' 
warning ambiguity in difcodonNG: GTG ---
warning: strange character '-' 
warning ambiguity in difcodonNG: GTG ---
warning: strange character '-' 
warning ambiguity in difcodonNG: CCA ---
warning: strange character '-' 
warning ambiguity in difcodonNG: CCA ---
warning: strange character '-' 
warning ambiguity in difcodonNG: CCA ---
warning: strange character '-' 
warning ambiguity in difcodonNG: CCA ---
warning: strange character '-' 
warning ambiguity in difcodonNG: AAT ---
warning: strange character '-' 
warning ambiguity in difcodonNG: AAT ---
warning: strange character '-' 
warning ambiguity in difcodonNG: AAT ---
warning: strange character '-' 
warning ambiguity in difcodonNG: AAT ---
warning: strange character '-' 
warning ambiguity in difcodonNG: AAC ---
warning: strange character '-' 
warning ambiguity in difcodonNG: AAC ---
warning: strange character '-' 
warning ambiguity in difcodonNG: AAC ---
warning: strange character '-' 
warning ambiguity in difcodonNG: AAC ---
warning: strange character '-' 
warning ambiguity in difcodonNG: ATT ---
warning: strange character '-' 
warning ambiguity in difcodonNG: ATT ---
warning: strange character '-' 
warning ambiguity in difcodonNG: ATT ---
warning: strange character '-' 
warning ambiguity in difcodonNG: ATT ---
warning: strange character '-' 
warning ambiguity in difcodonNG: GAA ---
warning: strange character '-' 
warning ambiguity in difcodonNG: GAA ---
warning: strange character '-' 
warning ambiguity in difcodonNG: GAA ---
warning: strange character '-' 
warning ambiguity in difcodonNG: GAA ---
warning: strange character '-' 
warning ambiguity in difcodonNG: GGG ---
warning: strange character '-' 
warning ambiguity in difcodonNG: GGG ---
warning: strange character '-' 
warning ambiguity in difcodonNG: GGG ---
warning: strange character '-' 
warning ambiguity in difcodonNG: GGG ---
warning: strange character '-' 
warning ambiguity in difcodonNG: CCC ---
warning: strange character '-' 
warning ambiguity in difcodonNG: CCC ---
warning: strange character '-' 
warning ambiguity in difcodonNG: CCC ---
warning: strange character '-' 
warning ambiguity in difcodonNG: CCC ---
warning: strange character '-' 
warning ambiguity in difcodonNG: GAG ---
warning: strange character '-' 
warning ambiguity in difcodonNG: AAA ---
warning: strange character '-' 
warning ambiguity in difcodonNG: CTG ---
warning: strange character '-' 
warning ambiguity in difcodonNG: CCT ---
warning: strange character '-' 
warning ambiguity in difcodonNG: GAA ---
warning: strange character '-' 
warning ambiguity in difcodonNG: ACA ---
warning: strange character '-' 
warning ambiguity in difcodonNG: GAA ---
warning: strange character '-' 
warning ambiguity in difcodonNG: ATG ---
warning: strange character '-' 
warning ambiguity in difcodonNG: TGG ---
warning: strange character '-' 
warning ambiguity in difcodonNG: ATA ---
warning: strange character '-' 
warning ambiguity in difcodonNG: AAC ---end of tree file.

Time used:  0:35
