
 15         verbose | verbose                1.00
  7         runmode | runmode                0.00
  4         seqtype | seqtype                1.00
 13       CodonFreq | CodonFreq              2.00
  9           clock | clock                  0.00
 18          aaDist | aaDist                 0.00
 19      aaRatefile | aaRatefile             1.00
 16           model | model                  0.00
 20         NSsites | NSsites                8.00
 22           icode | icode                  0.00
 23           Mgene | Mgene                  0.00
 24       fix_kappa | fix_kappa              0.00
 25           kappa | kappa                  2.00
 26       fix_omega | fix_omega              0.00
 27           omega | omega                  0.40
 28       fix_alpha | fix_alpha              1.00
 29           alpha | alpha                  0.00
 30          Malpha | Malpha                 0.00
 31           ncatG | ncatG                  8.00
 11           getSE | getSE                  0.00
 12    RateAncestor | RateAncestor           1.00
 36      Small_Diff | Small_Diff             0.00
  6       cleandata | cleandata              0.00
  8          method | method                 0.00
CODONML in paml version 4.8a, August 2014

----------------------------------------------
Phe F TTT | Ser S TCT | Tyr Y TAT | Cys C TGT
      TTC |       TCC |       TAC |       TGC
Leu L TTA |       TCA | *** * TAA | *** * TGA
      TTG |       TCG |       TAG | Trp W TGG
----------------------------------------------
Leu L CTT | Pro P CCT | His H CAT | Arg R CGT
      CTC |       CCC |       CAC |       CGC
      CTA |       CCA | Gln Q CAA |       CGA
      CTG |       CCG |       CAG |       CGG
----------------------------------------------
Ile I ATT | Thr T ACT | Asn N AAT | Ser S AGT
      ATC |       ACC |       AAC |       AGC
      ATA |       ACA | Lys K AAA | Arg R AGA
Met M ATG |       ACG |       AAG |       AGG
----------------------------------------------
Val V GTT | Ala A GCT | Asp D GAT | Gly G GGT
      GTC |       GCC |       GAC |       GGC
      GTA |       GCA | Glu E GAA |       GGA
      GTG |       GCG |       GAG |       GGG
----------------------------------------------
Nice code, uuh?


Ambiguity character definition table:

T (1): T 
C (1): C 
A (1): A 
G (1): G 
U (1): T 
Y (2): T C 
R (2): A G 
M (2): C A 
K (2): T G 
S (2): C G 
W (2): T A 
H (3): T C A 
B (3): T C G 
V (3): C A G 
D (3): T A G 
- (4): T C A G 
N (4): T C A G 
? (4): T C A G 

ns = 5  	ls = 1749
Reading sequences, interlaved format..
Reading seq # 1: A94     Reading seq # 2: A91     Reading seq # 3: A92     Reading seq # 4: A93     Reading seq # 5: A90     
block   1:     60     60     60     60     60
block   2:    120    120    120    120    120
block   3:    180    180    180    180    180
block   4:    240    240    240    240    240
block   5:    300    300    300    300    300
block   6:    360    360    360    360    360
block   7:    420    420    420    420    420
block   8:    480    480    480    480    480
block   9:    540    540    540    540    540
block  10:    600    600    600    600    600
block  11:    660    660    660    660    660
block  12:    720    720    720    720    720
block  13:    780    780    780    780    780
block  14:    840    840    840    840    840
block  15:    900    900    900    900    900
block  16:    960    960    960    960    960
block  17:   1020   1020   1020   1020   1020
block  18:   1080   1080   1080   1080   1080
block  19:   1140   1140   1140   1140   1140
block  20:   1200   1200   1200   1200   1200
block  21:   1260   1260   1260   1260   1260
block  22:   1320   1320   1320   1320   1320
block  23:   1380   1380   1380   1380   1380
block  24:   1440   1440   1440   1440   1440
block  25:   1500   1500   1500   1500   1500
block  26:   1560   1560   1560   1560   1560
block  27:   1620   1620   1620   1620   1620
block  28:   1680   1680   1680   1680   1680
block  29:   1740   1740   1740   1740   1740
block  30:   1749   1749   1749   1749   1749
Sequences read..
Counting site patterns..  0:00
         126 patterns at      583 /      583 sites (100.0%),  0:00
1 ambiguous codons are seen in the data:
 ---
Counting codons..

  2   1:Sites   354.6 + 1283.4 = 1638.0	Diffs    12.1 +   33.9 =   46.0
  3   1:Sites   353.7 + 1284.3 = 1638.0	Diffs    13.1 +   29.9 =   43.0
  3   2:Sites   360.9 + 1310.1 = 1671.0	Diffs     2.0 +    4.0 =    6.0
  4   1:Sites   354.3 + 1283.7 = 1638.0	Diffs    13.1 +   30.9 =   44.0
  4   2:Sites   361.4 + 1309.6 = 1671.0	Diffs     2.0 +    3.0 =    5.0
  4   3:Sites   360.6 + 1310.4 = 1671.0	Diffs     2.0 +    1.0 =    3.0
  5   1:Sites   353.2 + 1284.8 = 1638.0	Diffs    13.1 +   32.9 =   46.0
  5   2:Sites   360.3 + 1310.7 = 1671.0	Diffs     2.0 +   14.0 =   16.0
  5   3:Sites   359.5 + 1311.5 = 1671.0	Diffs     2.0 +   12.0 =   14.0
  5   4:Sites   360.0 + 1311.0 = 1671.0	Diffs     2.0 +   11.0 =   13.0

       80 bytes for distance
   122976 bytes for conP
     9072 bytes for fhK
  5000000 bytes for space

TREE #  1
(((3, (5, 1)), 2), 4);   MP score: -1
This is a rooted tree, without clock.  Check.

   245952 bytes for conP, adjusted

initial w for M8:NSbetaw>1 reset.

    0.000000    0.014831    0.060856    0.021520    0.074137    0.090574    0.035964    0.047593    2.000000    0.900000    1.082193    1.185780    2.638800

ntime & nrate & np:     8     2    13

Bounds (np=13):
   0.000004   0.000004   0.000004   0.000004   0.000004   0.000004   0.000004   0.000004   0.000100   0.000010   0.005000   0.005000   1.000000
  50.000000  50.000000  50.000000  50.000000  50.000000  50.000000  50.000000  50.000000 999.000000   0.999990  99.000000  99.000000 999.000000
Qfactor_NS = 5.973574

np =    13
lnL0 = -2766.650357

Iterating by ming2
Initial: fx=  2766.650357
x=  0.00000  0.01483  0.06086  0.02152  0.07414  0.09057  0.03596  0.04759  2.00000  0.90000  1.08219  1.18578  2.63880

  1 h-m-p  0.0000 0.0000 1115.6351 ++     2766.648230  m 0.0000    18 | 1/13
  2 h-m-p  0.0000 0.0000 49092.6759 ++     2737.003051  m 0.0000    34 | 2/13
  3 h-m-p  0.0000 0.0000 1972.2563 ++     2708.957451  m 0.0000    50 | 1/13
  4 h-m-p -0.0000 -0.0000 1920.1905 
h-m-p:     -9.80969185e-22     -4.90484593e-21      1.92019048e+03  2708.957451
..  | 1/13
  5 h-m-p  0.0000 0.0001 168562.3795 ---CCYYYCYCCC  2704.494345  9 0.0000    96 | 1/13
  6 h-m-p  0.0000 0.0001 680.1106 +YYCYYCCC  2689.305579  7 0.0000   124 | 1/13
  7 h-m-p  0.0000 0.0000 679.7573 YCCCC  2688.090525  4 0.0000   147 | 1/13
  8 h-m-p  0.0000 0.0000 751.8192 CCCC   2687.345780  3 0.0000   169 | 1/13
  9 h-m-p  0.0000 0.0000 520.1025 CYCCC  2686.317126  4 0.0000   192 | 1/13
 10 h-m-p  0.0001 0.0016  54.9453 CCCC   2686.053510  3 0.0002   214 | 1/13
 11 h-m-p  0.0006 0.0615  16.0194 +YCCC  2685.649605  3 0.0038   236 | 1/13
 12 h-m-p  0.0085 0.2144   7.1784 +++    2675.396158  m 0.2144   253 | 2/13
 13 h-m-p  0.2941 3.0762   3.8096 +YYYC  2670.996554  3 1.0646   273 | 2/13
 14 h-m-p  0.3899 1.9494   5.2724 YYCCC  2668.995385  4 0.5018   295 | 2/13
 15 h-m-p  1.6000 8.0000   1.0535 CYC    2668.814398  2 0.3073   314 | 2/13
 16 h-m-p  0.0935 3.3039   3.4626 +YC    2668.522371  1 0.2423   332 | 2/13
 17 h-m-p  0.5328 7.6284   1.5744 +YCCC  2667.425662  3 3.6476   354 | 2/13
 18 h-m-p  1.6000 8.0000   0.9586 CYC    2667.231380  2 1.1955   373 | 2/13
 19 h-m-p  0.7674 8.0000   1.4933 YC     2667.104488  1 1.5980   401 | 2/13
 20 h-m-p  1.6000 8.0000   0.9226 CC     2667.057534  1 1.8407   419 | 2/13
 21 h-m-p  1.6000 8.0000   0.2898 C      2667.051259  0 1.5444   446 | 2/13
 22 h-m-p  1.6000 8.0000   0.0090 Y      2667.051200  0 1.0853   473 | 2/13
 23 h-m-p  1.3886 8.0000   0.0070 +Y     2667.051171  0 4.5621   501 | 2/13
 24 h-m-p  1.6000 8.0000   0.0029 ++     2667.051020  m 8.0000   528 | 2/13
 25 h-m-p  0.3849 1.9244   0.0012 ++     2667.050730  m 1.9244   555 | 3/13
 26 h-m-p  0.0084 4.2121   0.3623 Y      2667.050729  0 0.0014   582 | 3/13
 27 h-m-p  0.0678 8.0000   0.0073 -----------C  2667.050729  0 0.0000   619 | 3/13
 28 h-m-p  0.0002 0.1020   4.6355 ++YC   2667.050380  1 0.0025   648 | 3/13
 29 h-m-p  1.6000 8.0000   0.0033 Y      2667.050275  0 1.2048   664 | 2/13
 30 h-m-p  0.0091 1.5510   0.4395 ----Y  2667.050275  0 0.0000   694 | 3/13
 31 h-m-p  0.0000 0.0007 3414.3853 --------..  | 3/13
 32 h-m-p  0.0000 0.0239   0.1873 -Y     2667.050275  0 0.0000   744 | 3/13
 33 h-m-p  0.0002 0.0960   0.5342 ---C   2667.050275  0 0.0000   773 | 3/13
 34 h-m-p  0.0021 1.0706   0.0124 --Y    2667.050275  0 0.0001   801 | 2/13
 35 h-m-p  0.0041 2.0393   0.0475 ---Y   2667.050275  0 0.0000   830 | 3/13
 36 h-m-p  0.0015 0.7557   0.1161 --Y    2667.050275  0 0.0000   859 | 3/13
 37 h-m-p  0.0160 8.0000   0.0050 --Y    2667.050275  0 0.0002   887 | 3/13
 38 h-m-p  0.0160 8.0000   0.0071 --Y    2667.050275  0 0.0001   915 | 3/13
 39 h-m-p  0.0160 8.0000   0.0004 C      2667.050275  0 0.0040   941 | 3/13
 40 h-m-p  0.0160 8.0000   0.0008 ++C    2667.050274  0 0.2353   969 | 3/13
 41 h-m-p  0.8981 8.0000   0.0002 Y      2667.050274  0 0.7038   995 | 2/13
 42 h-m-p  0.3675 8.0000   0.0004 +++    2667.050259  m 8.0000  1022 | 2/13
 43 h-m-p  0.1950 0.9750   0.0033 ---------C  2667.050259  0 0.0000  1058 | 2/13
 44 h-m-p  0.0160 8.0000   0.0158 +++++  2667.026683  m 8.0000  1088 | 1/13
 45 h-m-p  0.0000 0.0000   4.3405 +Y     2667.026683  0 0.0000  1116 | 1/13
 46 h-m-p  0.0001 0.0084   0.0966 ---------..  | 2/13
 47 h-m-p  0.0000 0.0075  16.4802 CC     2667.023643  1 0.0000  1169 | 2/13
 48 h-m-p  0.0000 0.0002  17.1514 YC     2667.022832  1 0.0000  1186 | 2/13
 49 h-m-p  0.0000 0.0012  28.7275 +CC    2667.017396  1 0.0000  1205 | 2/13
 50 h-m-p  0.0000 0.0007  33.6139 C      2667.016362  0 0.0000  1221 | 2/13
 51 h-m-p  0.0001 0.0072   1.8673 C      2667.016312  0 0.0000  1237 | 2/13
 52 h-m-p  0.0000 0.0190   2.5532 +C     2667.016078  0 0.0001  1254 | 2/13
 53 h-m-p  0.0001 0.0200   4.1948 YC     2667.015706  1 0.0002  1271 | 2/13
 54 h-m-p  0.0051 2.5489   1.0418 +++CYCCC  2666.798016  4 0.5670  1297 | 2/13
 55 h-m-p  1.6000 8.0000   0.3430 YCCC   2666.749952  3 0.8557  1318 | 2/13
 56 h-m-p  1.6000 8.0000   0.0883 YC     2666.740490  1 0.9641  1346 | 2/13
 57 h-m-p  0.7190 8.0000   0.1184 +CC    2666.723331  1 3.5218  1376 | 1/13
 58 h-m-p  0.0182 0.4299  22.8553 -----C  2666.723330  0 0.0000  1408 | 1/13
 59 h-m-p  0.0160 8.0000   0.3073 +++++  2666.606650  m 8.0000  1427 | 1/13
 60 h-m-p  0.5654 6.9203   4.3477 +YYCCC  2666.383003  4 1.7019  1462 | 1/13
 61 h-m-p  1.2358 8.0000   5.9874 CYC    2666.220334  2 0.8244  1481 | 1/13
 62 h-m-p  1.1795 8.0000   4.1849 YYY    2666.145638  2 1.1795  1499 | 1/13
 63 h-m-p  1.6000 8.0000   0.8773 C      2666.140278  0 1.6000  1515 | 1/13
 64 h-m-p  1.6000 8.0000   0.5643 CC     2666.139358  1 1.3403  1545 | 1/13
 65 h-m-p  1.6000 8.0000   0.0127 C      2666.139080  0 1.4324  1573 | 1/13
 66 h-m-p  1.6000 8.0000   0.0078 C      2666.139071  0 1.4006  1601 | 1/13
 67 h-m-p  1.0152 8.0000   0.0107 Y      2666.139067  0 2.0891  1629 | 1/13
 68 h-m-p  1.6000 8.0000   0.0047 ++     2666.139046  m 8.0000  1657 | 1/13
 69 h-m-p  0.3790 8.0000   0.0996 +YC    2666.138882  1 3.1705  1687 | 1/13
 70 h-m-p  1.6000 8.0000   0.1427 ++     2666.136283  m 8.0000  1715 | 1/13
 71 h-m-p  0.4365 2.2341   2.6157 -------------C  2666.136283  0 0.0000  1756 | 1/13
 72 h-m-p  0.0064 3.2230   0.8925 ++++CYCYC  2666.113711  4 3.0738  1784 | 1/13
 73 h-m-p  0.0001 0.0003 458.3839 Y      2666.113703  0 0.0000  1812 | 1/13
 74 h-m-p  0.0160 8.0000   0.4978 -------------..  | 1/13
 75 h-m-p  0.0000 0.0000  96.1228 CC     2666.104066  1 0.0000  1869 | 1/13
 76 h-m-p  0.0000 0.0003  16.6212 C      2666.102710  0 0.0000  1885 | 1/13
 77 h-m-p  0.0000 0.0010   9.7710 C      2666.101967  0 0.0000  1901 | 1/13
 78 h-m-p  0.0000 0.0089   5.2721 YC     2666.101114  1 0.0001  1918 | 1/13
 79 h-m-p  0.0000 0.0029  15.0928 CC     2666.100163  1 0.0000  1936 | 1/13
 80 h-m-p  0.0001 0.0549   3.7703 +C     2666.097956  0 0.0005  1953 | 1/13
 81 h-m-p  0.0001 0.0049  19.0656 YC     2666.096433  1 0.0001  1970 | 1/13
 82 h-m-p  0.0107 0.9939   0.1361 -C     2666.096425  0 0.0009  1987 | 1/13
 83 h-m-p  0.0036 1.7827   0.0814 +++YCYC  2666.094526  3 0.5913  2022 | 1/13
 84 h-m-p  0.2004 1.0021   0.0503 +YYC   2666.093115  2 0.6516  2053 | 1/13
 85 h-m-p  0.3818 1.9090   0.0339 YYY    2666.092832  2 0.3818  2083 | 1/13
 86 h-m-p  0.2093 1.0467   0.0121 +Y     2666.092730  0 0.5740  2112 | 1/13
 87 h-m-p  0.0369 0.1846   0.0175 ++     2666.092692  m 0.1846  2140 | 2/13
 88 h-m-p  0.0160 8.0000   0.2307 ------C  2666.092692  0 0.0000  2174 | 2/13
 89 h-m-p  0.0160 8.0000   0.0037 ++C    2666.092690  0 0.3635  2203 | 2/13
 90 h-m-p  0.5650 8.0000   0.0024 Y      2666.092688  0 1.0251  2230 | 2/13
 91 h-m-p  0.8901 8.0000   0.0027 C      2666.092685  0 0.9448  2257 | 2/13
 92 h-m-p  0.3449 4.7109   0.0075 Y      2666.092684  0 0.1811  2284 | 2/13
 93 h-m-p  0.0719 1.8942   0.0188 C      2666.092683  0 0.1127  2311 | 2/13
 94 h-m-p  0.0808 1.3152   0.0262 Y      2666.092682  0 0.0808  2338 | 2/13
 95 h-m-p  0.0381 0.5991   0.0557 C      2666.092682  0 0.0104  2365 | 2/13
 96 h-m-p  0.0102 0.5918   0.0566 C      2666.092682  0 0.0135  2392 | 2/13
 97 h-m-p  0.0084 0.3642   0.0909 Y      2666.092682  0 0.0050  2419 | 2/13
 98 h-m-p  0.0051 0.3693   0.0895 C      2666.092682  0 0.0042  2446 | 2/13
 99 h-m-p  0.0039 0.3451   0.0955 Y      2666.092682  0 0.0029  2473 | 2/13
100 h-m-p  0.0028 0.3341   0.0986 Y      2666.092682  0 0.0022  2500 | 2/13
101 h-m-p  0.0022 0.3252   0.1013 C      2666.092682  0 0.0018  2527 | 2/13
102 h-m-p  0.0017 0.3160   0.1044 C      2666.092682  0 0.0014  2554 | 2/13
103 h-m-p  0.0014 0.3071   0.1076 C      2666.092682  0 0.0011  2581 | 2/13
104 h-m-p  0.0011 0.2856   0.1158 C      2666.092682  0 0.0009  2608 | 2/13
105 h-m-p  0.0009 0.2872   0.1154 C      2666.092682  0 0.0008  2635 | 2/13
106 h-m-p  0.0008 0.3180   0.1045 C      2666.092682  0 0.0008  2662 | 2/13
107 h-m-p  0.0006 0.2192   0.1517 Y      2666.092682  0 0.0004  2689 | 2/13
108 h-m-p  0.0004 0.2040   0.1633 C      2666.092682  0 0.0004  2716 | 2/13
109 h-m-p  0.0005 0.2503   0.1333 C      2666.092682  0 0.0004  2743 | 2/13
110 h-m-p  0.0005 0.2393   0.1397 Y      2666.092682  0 0.0003  2770 | 2/13
111 h-m-p  0.0004 0.1967   0.1702 Y      2666.092682  0 0.0003  2797 | 2/13
112 h-m-p  0.0004 0.2177   0.1540 Y      2666.092682  0 0.0003  2824 | 2/13
113 h-m-p  0.0003 0.1540   0.2180 Y      2666.092682  0 0.0002  2851 | 2/13
114 h-m-p  0.0003 0.1671   0.2010 Y      2666.092682  0 0.0001  2878 | 2/13
115 h-m-p  0.0006 0.2798   0.1207 C      2666.092682  0 0.0007  2905 | 2/13
116 h-m-p  0.0002 0.0987   0.3410 ----------..  | 2/13
117 h-m-p  0.0000 0.0248   0.6751 C      2666.092680  0 0.0000  2967 | 2/13
118 h-m-p  0.0001 0.0271   0.0980 Y      2666.092679  0 0.0000  2994 | 2/13
119 h-m-p  0.0002 0.1102   0.0592 --C    2666.092679  0 0.0000  3023 | 2/13
120 h-m-p  0.0006 0.2830   0.0353 --Y    2666.092679  0 0.0000  3052 | 2/13
121 h-m-p  0.0031 1.5462   0.0163 --Y    2666.092679  0 0.0001  3081 | 2/13
122 h-m-p  0.0019 0.9624   0.0514 -C     2666.092679  0 0.0001  3109 | 2/13
123 h-m-p  0.0030 1.5136   0.0288 -Y     2666.092679  0 0.0001  3137 | 2/13
124 h-m-p  0.0025 1.2419   0.0296 -Y     2666.092679  0 0.0001  3165 | 2/13
125 h-m-p  0.0055 2.7350   0.0085 ++C    2666.092679  0 0.1386  3194 | 2/13
126 h-m-p  0.2258 8.0000   0.0052 ---------Y  2666.092679  0 0.0000  3230 | 2/13
127 h-m-p  0.0009 0.4662   0.0497 ++Y    2666.092679  0 0.0095  3259 | 2/13
128 h-m-p  0.0841 8.0000   0.0056 C      2666.092679  0 0.0198  3286 | 2/13
129 h-m-p  0.0209 8.0000   0.0053 C      2666.092679  0 0.0325  3313 | 2/13
130 h-m-p  0.0320 8.0000   0.0054 C      2666.092679  0 0.0330  3340 | 2/13
131 h-m-p  0.0321 8.0000   0.0055 C      2666.092679  0 0.0321  3367 | 2/13
132 h-m-p  0.0311 8.0000   0.0057 C      2666.092679  0 0.0346  3394 | 2/13
133 h-m-p  0.0332 8.0000   0.0059 C      2666.092679  0 0.0332  3421 | 2/13
134 h-m-p  0.0320 8.0000   0.0062 C      2666.092679  0 0.0316  3448 | 2/13
135 h-m-p  0.0302 8.0000   0.0065 C      2666.092679  0 0.0302  3475 | 2/13
136 h-m-p  0.0289 8.0000   0.0068 C      2666.092679  0 0.0319  3502 | 2/13
137 h-m-p  0.0305 8.0000   0.0071 C      2666.092679  0 0.0304  3529 | 2/13
138 h-m-p  0.0290 8.0000   0.0074 C      2666.092679  0 0.0290  3556 | 2/13
139 h-m-p  0.0275 8.0000   0.0078 C      2666.092679  0 0.0291  3583 | 2/13
140 h-m-p  0.0280 8.0000   0.0081 C      2666.092679  0 0.0280  3610 | 2/13
141 h-m-p  0.0265 8.0000   0.0086 C      2666.092679  0 0.0270  3637 | 2/13
142 h-m-p  0.0259 8.0000   0.0089 C      2666.092679  0 0.0259  3664 | 2/13
143 h-m-p  0.0246 8.0000   0.0094 C      2666.092679  0 0.0260  3691 | 2/13
144 h-m-p  0.0249 8.0000   0.0098 C      2666.092679  0 0.0249  3718 | 2/13
145 h-m-p  0.0238 8.0000   0.0103 C      2666.092679  0 0.0238  3745 | 2/13
146 h-m-p  0.0227 8.0000   0.0108 C      2666.092679  0 0.0230  3772 | 2/13
147 h-m-p  0.0219 8.0000   0.0113 C      2666.092679  0 0.0220  3799 | 2/13
148 h-m-p  0.0210 8.0000   0.0118 C      2666.092679  0 0.0211  3826 | 2/13
149 h-m-p  0.0204 8.0000   0.0122 C      2666.092679  0 0.0204  3853 | 2/13
150 h-m-p  0.0194 8.0000   0.0129 C      2666.092679  0 0.0198  3880 | 2/13
151 h-m-p  0.0190 8.0000   0.0134 C      2666.092679  0 0.0190  3907 | 2/13
152 h-m-p  0.0182 8.0000   0.0140 C      2666.092679  0 0.0179  3934 | 2/13
153 h-m-p  0.0171 8.0000   0.0146 C      2666.092679  0 0.0172  3961 | 2/13
154 h-m-p  0.0167 8.0000   0.0151 C      2666.092679  0 0.0165  3988 | 2/13
155 h-m-p  0.0160 8.0000   0.0158 C      2666.092679  0 0.0158  4015 | 2/13
156 h-m-p  0.0160 8.0000   0.0164 C      2666.092679  0 0.0149  4042 | 2/13
157 h-m-p  0.0160 8.0000   0.0170 C      2666.092679  0 0.0146  4069 | 2/13
158 h-m-p  0.0160 8.0000   0.0178 C      2666.092679  0 0.0135  4096 | 2/13
159 h-m-p  0.0160 8.0000   0.0187 Y      2666.092679  0 0.0127  4123 | 2/13
160 h-m-p  0.0160 8.0000   0.0194 Y      2666.092679  0 0.0122  4150 | 2/13
161 h-m-p  0.0160 8.0000   0.0202 Y      2666.092679  0 0.0116  4177 | 2/13
162 h-m-p  0.0160 8.0000   0.0204 Y      2666.092679  0 0.0113  4204 | 2/13
163 h-m-p  0.0160 8.0000   0.0218 Y      2666.092679  0 0.0105  4231 | 2/13
164 h-m-p  0.0160 8.0000   0.0224 Y      2666.092679  0 0.0100  4258 | 2/13
165 h-m-p  0.0160 8.0000   0.0234 Y      2666.092679  0 0.0094  4285 | 2/13
166 h-m-p  0.0160 8.0000   0.0242 Y      2666.092679  0 0.0088  4312 | 2/13
167 h-m-p  0.0160 8.0000   0.0252 Y      2666.092679  0 0.0084  4339 | 2/13
168 h-m-p  0.0160 8.0000   0.0255 Y      2666.092679  0 0.0085  4366 | 2/13
169 h-m-p  0.0160 8.0000   0.0269 Y      2666.092679  0 0.0075  4393 | 2/13
170 h-m-p  0.0160 8.0000   0.0283 Y      2666.092679  0 0.0071  4420 | 2/13
171 h-m-p  0.0160 8.0000   0.0290 Y      2666.092679  0 0.0068  4447 | 2/13
172 h-m-p  0.0160 8.0000   0.0314 C      2666.092679  0 0.0057  4474 | 2/13
173 h-m-p  0.0160 8.0000   0.0303 Y      2666.092679  0 0.0065  4501 | 2/13
174 h-m-p  0.0160 8.0000   0.0328 C      2666.092679  0 0.0058  4528 | 2/13
175 h-m-p  0.0160 8.0000   0.0340 C      2666.092679  0 0.0049  4555 | 2/13
176 h-m-p  0.0160 8.0000   0.0355 C      2666.092679  0 0.0040  4582 | 2/13
177 h-m-p  0.0160 8.0000   0.0359 C      2666.092679  0 0.0056  4609 | 2/13
178 h-m-p  0.0160 8.0000   0.0378 C      2666.092679  0 0.0040  4636 | 2/13
179 h-m-p  0.0160 8.0000   0.0382 C      2666.092679  0 0.0040  4663 | 2/13
180 h-m-p  0.0160 8.0000   0.0390 C      2666.092679  0 0.0040  4690 | 2/13
181 h-m-p  0.0160 8.0000   0.0436 C      2666.092679  0 0.0040  4717 | 2/13
182 h-m-p  0.0160 8.0000   0.0436 C      2666.092679  0 0.0040  4744 | 2/13
183 h-m-p  0.0160 8.0000   0.0460 Y      2666.092679  0 0.0040  4771 | 2/13
184 h-m-p  0.0160 8.0000   0.0466 -Y     2666.092679  0 0.0020  4799 | 2/13
185 h-m-p  0.0160 8.0000   0.0533 Y      2666.092679  0 0.0026  4826 | 2/13
186 h-m-p  0.0160 8.0000   0.0490 Y      2666.092679  0 0.0028  4853 | 2/13
187 h-m-p  0.0160 8.0000   0.0519 Y      2666.092679  0 0.0027  4880 | 2/13
188 h-m-p  0.0160 8.0000   0.0534 Y      2666.092679  0 0.0024  4907 | 2/13
189 h-m-p  0.0160 8.0000   0.0526 Y      2666.092679  0 0.0025  4934 | 2/13
190 h-m-p  0.0160 8.0000   0.0661 -Y     2666.092679  0 0.0018  4962 | 2/13
191 h-m-p  0.0160 8.0000   0.0654 -Y     2666.092679  0 0.0018  4990 | 2/13
192 h-m-p  0.0160 8.0000   0.0564 Y      2666.092679  0 0.0022  5017 | 2/13
193 h-m-p  0.0160 8.0000   0.0683 -C     2666.092679  0 0.0016  5045 | 2/13
194 h-m-p  0.0160 8.0000   0.0640 -Y     2666.092679  0 0.0019  5073 | 2/13
195 h-m-p  0.0160 8.0000   0.0654 -Y     2666.092679  0 0.0010  5101 | 2/13
196 h-m-p  0.0160 8.0000   0.0872 -Y     2666.092679  0 0.0016  5129 | 2/13
197 h-m-p  0.0160 8.0000   0.0837 -C     2666.092679  0 0.0010  5157 | 2/13
198 h-m-p  0.0160 8.0000   0.0662 -Y     2666.092679  0 0.0020  5185 | 2/13
199 h-m-p  0.0160 8.0000   0.0793 -C     2666.092679  0 0.0014  5213 | 2/13
200 h-m-p  0.0160 8.0000   0.0974 -C     2666.092679  0 0.0010  5241 | 2/13
201 h-m-p  0.0160 8.0000   0.0889 -C     2666.092679  0 0.0010  5269 | 2/13
202 h-m-p  0.0160 8.0000   0.1047 -Y     2666.092679  0 0.0008  5297 | 2/13
203 h-m-p  0.0160 8.0000   0.0782 -C     2666.092679  0 0.0011  5325 | 2/13
204 h-m-p  0.0160 8.0000   0.1186 -Y     2666.092679  0 0.0008  5353 | 2/13
205 h-m-p  0.0160 8.0000   0.0937 -C     2666.092679  0 0.0010  5381 | 2/13
206 h-m-p  0.0160 8.0000   0.1195 -Y     2666.092679  0 0.0006  5409 | 2/13
207 h-m-p  0.0160 8.0000   0.2041 --Y    2666.092679  0 0.0001  5438 | 2/13
208 h-m-p  0.0160 8.0000   0.0464 C      2666.092679  0 0.0039  5465 | 2/13
209 h-m-p  0.0160 8.0000   0.1335 -Y     2666.092679  0 0.0010  5493 | 2/13
210 h-m-p  0.0160 8.0000   0.1329 --C    2666.092679  0 0.0003  5522 | 2/13
211 h-m-p  0.0160 8.0000   0.3623 --Y    2666.092679  0 0.0003  5551 | 2/13
212 h-m-p  0.0160 8.0000   0.1400 -------------..  | 2/13
213 h-m-p  0.0006 0.2783   0.1108 ----------- | 2/13
214 h-m-p  0.0006 0.2783   0.1108 -----------
Out..
lnL  = -2666.092679
5662 lfun, 56620 eigenQcodon, 407664 P(t)

BEBing (dim = 4).  This may take several minutes.
Calculating f(x_h|w): 10 categories 20 w sets.
S10 w log{f(x|w)}:    0.0500     -3.445660
S10 w log{f(x|w)}:    0.1500     -3.454006
S10 w log{f(x|w)}:    0.2500     -3.462341
S10 w log{f(x|w)}:    0.3500     -3.470667
S10 w log{f(x|w)}:    0.4500     -3.478983
S10 w log{f(x|w)}:    0.5500     -3.487289
S10 w log{f(x|w)}:    0.6500     -3.495585
S10 w log{f(x|w)}:    0.7500     -3.503871
S10 w log{f(x|w)}:    0.8500     -3.512148
S10 w log{f(x|w)}:    0.9500     -3.520414
S10 w log{f(x|w)}:    1.5000     -3.565703
S10 w log{f(x|w)}:    2.5000     -3.647275
S10 w log{f(x|w)}:    3.5000     -3.727845
S10 w log{f(x|w)}:    4.5000     -3.807404
S10 w log{f(x|w)}:    5.5000     -3.885947
S10 w log{f(x|w)}:    6.5000     -3.963468
S10 w log{f(x|w)}:    7.5000     -4.039963
S10 w log{f(x|w)}:    8.5000     -4.115427
S10 w log{f(x|w)}:    9.5000     -4.189858
S10 w log{f(x|w)}:   10.5000     -4.263255
Calculating f(X), the marginal probability of data.
	log(fX) = -2679.182064  S = -2576.934882   -96.139325
Calculating f(w|X), posterior probabilities of site classes.
	did  10 / 126 patterns   5:30	did  20 / 126 patterns   5:30	did  30 / 126 patterns   5:30	did  40 / 126 patterns   5:31	did  50 / 126 patterns   5:31	did  60 / 126 patterns   5:31	did  70 / 126 patterns   5:31	did  80 / 126 patterns   5:32	did  90 / 126 patterns   5:32	did 100 / 126 patterns   5:32	did 110 / 126 patterns   5:33	did 120 / 126 patterns   5:33	did 126 / 126 patterns   5:33
Reconstructed ancestral states go into file rst.

lnL = -2666.092679 from ProbSitePattern.
Marginal reconstruction.
	Node   6: lnL = -2666.092679
	Node   7: lnL = -2666.092679
	Node   8: lnL = -2666.092679
	Node   9: lnL = -2666.092679

warning: strange character '-' 
warning ambiguity in difcodonNG: --- ATG
warning: strange character '-' 
warning ambiguity in difcodonNG: --- TCA
warning: strange character '-' 
warning ambiguity in difcodonNG: --- AGA
warning: strange character '-' 
warning ambiguity in difcodonNG: --- GCC
warning: strange character '-' 
warning ambiguity in difcodonNG: --- AAT
warning: strange character '-' 
warning ambiguity in difcodonNG: --- AGC
warning: strange character '-' 
warning ambiguity in difcodonNG: --- CCC
warning: strange character '-' 
warning ambiguity in difcodonNG: --- GCA
warning: strange character '-' 
warning ambiguity in difcodonNG: --- GCT
warning: strange character '-' 
warning ambiguity in difcodonNG: --- CCA
warning: strange character '-' 
warning ambiguity in difcodonNG: --- CAA
warning: strange character '-' 
warning ambiguity in difcodonNG: --- GGA
warning: strange character '-' 
warning ambiguity in difcodonNG: --- AAT
warning: strange character '-' 
warning ambiguity in difcodonNG: --- AAC
warning: strange character '-' 
warning ambiguity in difcodonNG: --- GCA
warning: strange character '-' 
warning ambiguity in difcodonNG: --- AAC
warning: strange character '-' 
warning ambiguity in difcodonNG: --- CCA
warning: strange character '-' 
warning ambiguity in difcodonNG: --- CAA
warning: strange character '-' 
warning ambiguity in difcodonNG: --- GTG
warning: strange character '-' 
warning ambiguity in difcodonNG: --- CCA
warning: strange character '-' 
warning ambiguity in difcodonNG: --- AAT
warning: strange character '-' 
warning ambiguity in difcodonNG: --- AAC
warning: strange character '-' 
warning ambiguity in difcodonNG: --- ATT
warning: strange character '-' 
warning ambiguity in difcodonNG: --- GAA
warning: strange character '-' 
warning ambiguity in difcodonNG: --- GGG
warning: strange character '-' 
warning ambiguity in difcodonNG: --- CCC
warning: strange character '-' 
warning ambiguity in difcodonNG: --- ATG
warning: strange character '-' 
warning ambiguity in difcodonNG: --- TCA
warning: strange character '-' 
warning ambiguity in difcodonNG: --- AGA
warning: strange character '-' 
warning ambiguity in difcodonNG: --- GCC
warning: strange character '-' 
warning ambiguity in difcodonNG: --- AAT
warning: strange character '-' 
warning ambiguity in difcodonNG: --- AGC
warning: strange character '-' 
warning ambiguity in difcodonNG: --- CCC
warning: strange character '-' 
warning ambiguity in difcodonNG: --- GCA
warning: strange character '-' 
warning ambiguity in difcodonNG: --- GCT
warning: strange character '-' 
warning ambiguity in difcodonNG: --- CCA
warning: strange character '-' 
warning ambiguity in difcodonNG: --- CAA
warning: strange character '-' 
warning ambiguity in difcodonNG: --- GGA
warning: strange character '-' 
warning ambiguity in difcodonNG: --- AAT
warning: strange character '-' 
warning ambiguity in difcodonNG: --- AAC
warning: strange character '-' 
warning ambiguity in difcodonNG: --- GCA
warning: strange character '-' 
warning ambiguity in difcodonNG: --- AAC
warning: strange character '-' 
warning ambiguity in difcodonNG: --- CCA
warning: strange character '-' 
warning ambiguity in difcodonNG: --- CAA
warning: strange character '-' 
warning ambiguity in difcodonNG: --- GTG
warning: strange character '-' 
warning ambiguity in difcodonNG: --- CCA
warning: strange character '-' 
warning ambiguity in difcodonNG: --- AAT
warning: strange character '-' 
warning ambiguity in difcodonNG: --- AAC
warning: strange character '-' 
warning ambiguity in difcodonNG: --- ATT
warning: strange character '-' 
warning ambiguity in difcodonNG: --- GAA
warning: strange character '-' 
warning ambiguity in difcodonNG: --- GGG
warning: strange character '-' 
warning ambiguity in difcodonNG: --- CCC
warning: strange character '-' 
warning ambiguity in difcodonNG: --- GAG
warning: strange character '-' 
warning ambiguity in difcodonNG: --- AAA
warning: strange character '-' 
warning ambiguity in difcodonNG: --- CTG
warning: strange character '-' 
warning ambiguity in difcodonNG: --- CCT
warning: strange character '-' 
warning ambiguity in difcodonNG: --- GAA
warning: strange character '-' 
warning ambiguity in difcodonNG: --- ACA
warning: strange character '-' 
warning ambiguity in difcodonNG: --- GAA
warning: strange character '-' 
warning ambiguity in difcodonNG: --- ATG
warning: strange character '-' 
warning ambiguity in difcodonNG: --- TGG
warning: strange character '-' 
warning ambiguity in difcodonNG: --- ATA
warning: strange character '-' 
warning ambiguity in difcodonNG: --- AAC
warning: strange character '-' 
warning ambiguity in difcodonNG: --- ATG
warning: strange character '-' 
warning ambiguity in difcodonNG: --- TCA
warning: strange character '-' 
warning ambiguity in difcodonNG: --- AGA
warning: strange character '-' 
warning ambiguity in difcodonNG: --- GCC
warning: strange character '-' 
warning ambiguity in difcodonNG: --- AAT
warning: strange character '-' 
warning ambiguity in difcodonNG: --- AGC
warning: strange character '-' 
warning ambiguity in difcodonNG: --- CCC
warning: strange character '-' 
warning ambiguity in difcodonNG: --- GCA
warning: strange character '-' 
warning ambiguity in difcodonNG: --- GCT
warning: strange character '-' 
warning ambiguity in difcodonNG: --- CCA
warning: strange character '-' 
warning ambiguity in difcodonNG: --- CAA
warning: strange character '-' 
warning ambiguity in difcodonNG: --- GGA
warning: strange character '-' 
warning ambiguity in difcodonNG: --- AAT
warning: strange character '-' 
warning ambiguity in difcodonNG: --- AAC
warning: strange character '-' 
warning ambiguity in difcodonNG: --- GCA
warning: strange character '-' 
warning ambiguity in difcodonNG: --- AAC
warning: strange character '-' 
warning ambiguity in difcodonNG: --- CCA
warning: strange character '-' 
warning ambiguity in difcodonNG: --- CAA
warning: strange character '-' 
warning ambiguity in difcodonNG: --- GTG
warning: strange character '-' 
warning ambiguity in difcodonNG: --- CCA
warning: strange character '-' 
warning ambiguity in difcodonNG: --- AAT
warning: strange character '-' 
warning ambiguity in difcodonNG: --- AAC
warning: strange character '-' 
warning ambiguity in difcodonNG: --- ATT
warning: strange character '-' 
warning ambiguity in difcodonNG: --- GAA
warning: strange character '-' 
warning ambiguity in difcodonNG: --- GGG
warning: strange character '-' 
warning ambiguity in difcodonNG: --- CCC
warning: strange character '-' 
warning ambiguity in difcodonNG: --- ATG
warning: strange character '-' 
warning ambiguity in difcodonNG: --- TCA
warning: strange character '-' 
warning ambiguity in difcodonNG: --- AGA
warning: strange character '-' 
warning ambiguity in difcodonNG: --- GCC
warning: strange character '-' 
warning ambiguity in difcodonNG: --- AAT
warning: strange character '-' 
warning ambiguity in difcodonNG: --- AGC
warning: strange character '-' 
warning ambiguity in difcodonNG: --- CCC
warning: strange character '-' 
warning ambiguity in difcodonNG: --- GCA
warning: strange character '-' 
warning ambiguity in difcodonNG: --- GCT
warning: strange character '-' 
warning ambiguity in difcodonNG: --- CCA
warning: strange character '-' 
warning ambiguity in difcodonNG: --- CAA
warning: strange character '-' 
warning ambiguity in difcodonNG: --- GGA
warning: strange character '-' 
warning ambiguity in difcodonNG: --- AAT
warning: strange character '-' 
warning ambiguity in difcodonNG: --- AAC
warning: strange character '-' 
warning ambiguity in difcodonNG: --- GCA
warning: strange character '-' 
warning ambiguity in difcodonNG: --- AAC
warning: strange character '-' 
warning ambiguity in difcodonNG: --- CCA
warning: strange character '-' 
warning ambiguity in difcodonNG: --- CAA
warning: strange character '-' 
warning ambiguity in difcodonNG: --- GTG
warning: strange character '-' 
warning ambiguity in difcodonNG: --- CCA
warning: strange character '-' 
warning ambiguity in difcodonNG: --- AAT
warning: strange character '-' 
warning ambiguity in difcodonNG: --- AAC
warning: strange character '-' 
warning ambiguity in difcodonNG: --- ATT
warning: strange character '-' 
warning ambiguity in difcodonNG: --- GAA
warning: strange character '-' 
warning ambiguity in difcodonNG: --- GGG
warning: strange character '-' 
warning ambiguity in difcodonNG: --- CCC
warning: strange character '-' 
warning ambiguity in difcodonNG: ATG ---
warning: strange character '-' 
warning ambiguity in difcodonNG: ATG ---
warning: strange character '-' 
warning ambiguity in difcodonNG: ATG ---
warning: strange character '-' 
warning ambiguity in difcodonNG: ATG ---
warning: strange character '-' 
warning ambiguity in difcodonNG: TCA ---
warning: strange character '-' 
warning ambiguity in difcodonNG: TCA ---
warning: strange character '-' 
warning ambiguity in difcodonNG: TCA ---
warning: strange character '-' 
warning ambiguity in difcodonNG: TCA ---
warning: strange character '-' 
warning ambiguity in difcodonNG: AGA ---
warning: strange character '-' 
warning ambiguity in difcodonNG: AGA ---
warning: strange character '-' 
warning ambiguity in difcodonNG: AGA ---
warning: strange character '-' 
warning ambiguity in difcodonNG: AGA ---
warning: strange character '-' 
warning ambiguity in difcodonNG: GCC ---
warning: strange character '-' 
warning ambiguity in difcodonNG: GCC ---
warning: strange character '-' 
warning ambiguity in difcodonNG: GCC ---
warning: strange character '-' 
warning ambiguity in difcodonNG: GCC ---
warning: strange character '-' 
warning ambiguity in difcodonNG: AAT ---
warning: strange character '-' 
warning ambiguity in difcodonNG: AAT ---
warning: strange character '-' 
warning ambiguity in difcodonNG: AAT ---
warning: strange character '-' 
warning ambiguity in difcodonNG: AAT ---
warning: strange character '-' 
warning ambiguity in difcodonNG: AGC ---
warning: strange character '-' 
warning ambiguity in difcodonNG: AGC ---
warning: strange character '-' 
warning ambiguity in difcodonNG: AGC ---
warning: strange character '-' 
warning ambiguity in difcodonNG: AGC ---
warning: strange character '-' 
warning ambiguity in difcodonNG: CCC ---
warning: strange character '-' 
warning ambiguity in difcodonNG: CCC ---
warning: strange character '-' 
warning ambiguity in difcodonNG: CCC ---
warning: strange character '-' 
warning ambiguity in difcodonNG: CCC ---
warning: strange character '-' 
warning ambiguity in difcodonNG: GCA ---
warning: strange character '-' 
warning ambiguity in difcodonNG: GCA ---
warning: strange character '-' 
warning ambiguity in difcodonNG: GCA ---
warning: strange character '-' 
warning ambiguity in difcodonNG: GCA ---
warning: strange character '-' 
warning ambiguity in difcodonNG: GCT ---
warning: strange character '-' 
warning ambiguity in difcodonNG: GCT ---
warning: strange character '-' 
warning ambiguity in difcodonNG: GCT ---
warning: strange character '-' 
warning ambiguity in difcodonNG: GCT ---
warning: strange character '-' 
warning ambiguity in difcodonNG: CCA ---
warning: strange character '-' 
warning ambiguity in difcodonNG: CCA ---
warning: strange character '-' 
warning ambiguity in difcodonNG: CCA ---
warning: strange character '-' 
warning ambiguity in difcodonNG: CCA ---
warning: strange character '-' 
warning ambiguity in difcodonNG: CAA ---
warning: strange character '-' 
warning ambiguity in difcodonNG: CAA ---
warning: strange character '-' 
warning ambiguity in difcodonNG: CAA ---
warning: strange character '-' 
warning ambiguity in difcodonNG: CAA ---
warning: strange character '-' 
warning ambiguity in difcodonNG: GGA ---
warning: strange character '-' 
warning ambiguity in difcodonNG: GGA ---
warning: strange character '-' 
warning ambiguity in difcodonNG: GGA ---
warning: strange character '-' 
warning ambiguity in difcodonNG: GGA ---
warning: strange character '-' 
warning ambiguity in difcodonNG: AAT ---
warning: strange character '-' 
warning ambiguity in difcodonNG: AAT ---
warning: strange character '-' 
warning ambiguity in difcodonNG: AAT ---
warning: strange character '-' 
warning ambiguity in difcodonNG: AAT ---
warning: strange character '-' 
warning ambiguity in difcodonNG: AAC ---
warning: strange character '-' 
warning ambiguity in difcodonNG: AAC ---
warning: strange character '-' 
warning ambiguity in difcodonNG: AAC ---
warning: strange character '-' 
warning ambiguity in difcodonNG: AAC ---
warning: strange character '-' 
warning ambiguity in difcodonNG: GCA ---
warning: strange character '-' 
warning ambiguity in difcodonNG: GCA ---
warning: strange character '-' 
warning ambiguity in difcodonNG: GCA ---
warning: strange character '-' 
warning ambiguity in difcodonNG: GCA ---
warning: strange character '-' 
warning ambiguity in difcodonNG: AAC ---
warning: strange character '-' 
warning ambiguity in difcodonNG: AAC ---
warning: strange character '-' 
warning ambiguity in difcodonNG: AAC ---
warning: strange character '-' 
warning ambiguity in difcodonNG: AAC ---
warning: strange character '-' 
warning ambiguity in difcodonNG: CCA ---
warning: strange character '-' 
warning ambiguity in difcodonNG: CCA ---
warning: strange character '-' 
warning ambiguity in difcodonNG: CCA ---
warning: strange character '-' 
warning ambiguity in difcodonNG: CCA ---
warning: strange character '-' 
warning ambiguity in difcodonNG: CAA ---
warning: strange character '-' 
warning ambiguity in difcodonNG: CAA ---
warning: strange character '-' 
warning ambiguity in difcodonNG: CAA ---
warning: strange character '-' 
warning ambiguity in difcodonNG: CAA ---
warning: strange character '-' 
warning ambiguity in difcodonNG: GTG ---
warning: strange character '-' 
warning ambiguity in difcodonNG: GTG ---
warning: strange character '-' 
warning ambiguity in difcodonNG: GTG ---
warning: strange character '-' 
warning ambiguity in difcodonNG: GTG ---
warning: strange character '-' 
warning ambiguity in difcodonNG: CCA ---
warning: strange character '-' 
warning ambiguity in difcodonNG: CCA ---
warning: strange character '-' 
warning ambiguity in difcodonNG: CCA ---
warning: strange character '-' 
warning ambiguity in difcodonNG: CCA ---
warning: strange character '-' 
warning ambiguity in difcodonNG: AAT ---
warning: strange character '-' 
warning ambiguity in difcodonNG: AAT ---
warning: strange character '-' 
warning ambiguity in difcodonNG: AAT ---
warning: strange character '-' 
warning ambiguity in difcodonNG: AAT ---
warning: strange character '-' 
warning ambiguity in difcodonNG: AAC ---
warning: strange character '-' 
warning ambiguity in difcodonNG: AAC ---
warning: strange character '-' 
warning ambiguity in difcodonNG: AAC ---
warning: strange character '-' 
warning ambiguity in difcodonNG: AAC ---
warning: strange character '-' 
warning ambiguity in difcodonNG: ATT ---
warning: strange character '-' 
warning ambiguity in difcodonNG: ATT ---
warning: strange character '-' 
warning ambiguity in difcodonNG: ATT ---
warning: strange character '-' 
warning ambiguity in difcodonNG: ATT ---
warning: strange character '-' 
warning ambiguity in difcodonNG: GAA ---
warning: strange character '-' 
warning ambiguity in difcodonNG: GAA ---
warning: strange character '-' 
warning ambiguity in difcodonNG: GAA ---
warning: strange character '-' 
warning ambiguity in difcodonNG: GAA ---
warning: strange character '-' 
warning ambiguity in difcodonNG: GGG ---
warning: strange character '-' 
warning ambiguity in difcodonNG: GGG ---
warning: strange character '-' 
warning ambiguity in difcodonNG: GGG ---
warning: strange character '-' 
warning ambiguity in difcodonNG: GGG ---
warning: strange character '-' 
warning ambiguity in difcodonNG: CCC ---
warning: strange character '-' 
warning ambiguity in difcodonNG: CCC ---
warning: strange character '-' 
warning ambiguity in difcodonNG: CCC ---
warning: strange character '-' 
warning ambiguity in difcodonNG: CCC ---
warning: strange character '-' 
warning ambiguity in difcodonNG: GAG ---
warning: strange character '-' 
warning ambiguity in difcodonNG: AAA ---
warning: strange character '-' 
warning ambiguity in difcodonNG: CTG ---
warning: strange character '-' 
warning ambiguity in difcodonNG: CCT ---
warning: strange character '-' 
warning ambiguity in difcodonNG: GAA ---
warning: strange character '-' 
warning ambiguity in difcodonNG: ACA ---
warning: strange character '-' 
warning ambiguity in difcodonNG: GAA ---
warning: strange character '-' 
warning ambiguity in difcodonNG: ATG ---
warning: strange character '-' 
warning ambiguity in difcodonNG: TGG ---
warning: strange character '-' 
warning ambiguity in difcodonNG: ATA ---
warning: strange character '-' 
warning ambiguity in difcodonNG: AAC ---end of tree file.

Time used:  5:33
