
 15         verbose | verbose                1.00
  7         runmode | runmode                0.00
  4         seqtype | seqtype                1.00
 13       CodonFreq | CodonFreq              2.00
  9           clock | clock                  0.00
 18          aaDist | aaDist                 0.00
 19      aaRatefile | aaRatefile             1.00
 16           model | model                  0.00
 20         NSsites | NSsites                7.00
 22           icode | icode                  0.00
 23           Mgene | Mgene                  0.00
 24       fix_kappa | fix_kappa              0.00
 25           kappa | kappa                  2.00
 26       fix_omega | fix_omega              0.00
 27           omega | omega                  0.40
 28       fix_alpha | fix_alpha              1.00
 29           alpha | alpha                  0.00
 30          Malpha | Malpha                 0.00
 31           ncatG | ncatG                  8.00
 11           getSE | getSE                  0.00
 12    RateAncestor | RateAncestor           1.00
 36      Small_Diff | Small_Diff             0.00
  6       cleandata | cleandata              0.00
  8          method | method                 0.00
CODONML in paml version 4.8a, August 2014

----------------------------------------------
Phe F TTT | Ser S TCT | Tyr Y TAT | Cys C TGT
      TTC |       TCC |       TAC |       TGC
Leu L TTA |       TCA | *** * TAA | *** * TGA
      TTG |       TCG |       TAG | Trp W TGG
----------------------------------------------
Leu L CTT | Pro P CCT | His H CAT | Arg R CGT
      CTC |       CCC |       CAC |       CGC
      CTA |       CCA | Gln Q CAA |       CGA
      CTG |       CCG |       CAG |       CGG
----------------------------------------------
Ile I ATT | Thr T ACT | Asn N AAT | Ser S AGT
      ATC |       ACC |       AAC |       AGC
      ATA |       ACA | Lys K AAA | Arg R AGA
Met M ATG |       ACG |       AAG |       AGG
----------------------------------------------
Val V GTT | Ala A GCT | Asp D GAT | Gly G GGT
      GTC |       GCC |       GAC |       GGC
      GTA |       GCA | Glu E GAA |       GGA
      GTG |       GCG |       GAG |       GGG
----------------------------------------------
Nice code, uuh?


Ambiguity character definition table:

T (1): T 
C (1): C 
A (1): A 
G (1): G 
U (1): T 
Y (2): T C 
R (2): A G 
M (2): C A 
K (2): T G 
S (2): C G 
W (2): T A 
H (3): T C A 
B (3): T C G 
V (3): C A G 
D (3): T A G 
- (4): T C A G 
N (4): T C A G 
? (4): T C A G 

ns = 4  	ls = 264
Reading sequences, interlaved format..
Reading seq # 1: A78     Reading seq # 2: A77     Reading seq # 3: A79     Reading seq # 4: A80     
block   1:     60     60     60     60
block   2:    120    120    120    120
block   3:    180    180    180    180
block   4:    240    240    240    240
block   5:    264    264    264    264
Sequences read..
Counting site patterns..  0:00
          52 patterns at       88 /       88 sites (100.0%),  0:00
1 ambiguous codons are seen in the data:
 ---
Counting codons..

  2   1:Sites    56.8 +  177.2 =  234.0	Diffs     2.0 +    6.0 =    8.0
  3   1:Sites    57.1 +  176.9 =  234.0	Diffs     0.0 +    3.0 =    3.0
  3   2:Sites    56.3 +  177.7 =  234.0	Diffs     2.0 +    6.0 =    8.0
  4   1:Sites    64.7 +  199.3 =  264.0	Diffs     4.0 +    7.0 =   11.0
  4   2:Sites    56.2 +  177.8 =  234.0	Diffs     4.0 +    6.0 =   10.0
  4   3:Sites    56.5 +  177.5 =  234.0	Diffs     4.0 +    6.0 =   10.0

       48 bytes for distance
    50752 bytes for conP
     3328 bytes for fhK
  5000000 bytes for space

TREE #  1
(4, (2, (3, 1)));   MP score: -1
This is a rooted tree, without clock.  Check.

    76128 bytes for conP, adjusted

    0.034052    0.045125    0.053412    0.032113    0.020369    0.018534    2.000000    0.587011    1.475943

ntime & nrate & np:     6     1     9

Bounds (np=9):
   0.000004   0.000004   0.000004   0.000004   0.000004   0.000004   0.000100   0.005000   0.005000
  50.000000  50.000000  50.000000  50.000000  50.000000  50.000000 999.000000  99.000000  99.000000
Qfactor_NS = 9.110678

np =     9
lnL0 =  -456.258131

Iterating by ming2
Initial: fx=   456.258131
x=  0.03405  0.04512  0.05341  0.03211  0.02037  0.01853  2.00000  0.58701  1.47594

  1 h-m-p  0.0000 0.0119  40.6357 +++YCCCC   455.932888  4 0.0004    24 | 0/9
  2 h-m-p  0.0004 0.0018  12.4269 CCCC    455.894101  3 0.0005    42 | 0/9
  3 h-m-p  0.0008 0.0044   8.1090 CC      455.868015  1 0.0011    56 | 0/9
  4 h-m-p  0.0013 0.0123   6.7509 +YCC    455.780396  2 0.0072    72 | 0/9
  5 h-m-p  0.0015 0.0483  33.0042 +YCY    455.065729  2 0.0128    88 | 0/9
  6 h-m-p  0.0009 0.0045 301.4844 CCCC    454.670138  3 0.0008   106 | 0/9
  7 h-m-p  0.1205 1.0607   1.9669 ++      453.176204  m 1.0607   118 | 0/9
  8 h-m-p  1.2855 6.4275   0.5724 YCCC    452.975856  3 0.8281   135 | 0/9
  9 h-m-p  0.5287 2.6435   0.6142 +YCYCCC   452.705271  5 1.5982   165 | 0/9
 10 h-m-p  0.1424 0.7118   1.3436 +YYYYYYCCYC   452.240306  9 0.5777   198 | 0/9
 11 h-m-p  0.0039 0.0195   8.9718 YC      452.237632  1 0.0016   211 | 0/9
 12 h-m-p  0.0560 0.7792   0.2590 +CYCYCCC   452.021325  6 0.4245   234 | 0/9
 13 h-m-p  0.0674 0.3368   0.1903 ++      451.876766  m 0.3368   255 | 0/9
 14 h-m-p -0.0000 -0.0000   0.8138 
h-m-p:     -1.52600796e-18     -7.63003978e-18      8.13754350e-01   451.876766
..  | 0/9
 15 h-m-p  0.0000 0.0000 201.1142 YYY     451.869305  2 0.0000   296 | 0/9
 16 h-m-p  0.0003 0.0616   2.6001 YC      451.867075  1 0.0007   309 | 0/9
 17 h-m-p  0.0068 0.4053   0.2531 -YC     451.867051  1 0.0008   323 | 0/9
 18 h-m-p  0.0008 0.1878   0.2303 YC      451.867043  1 0.0005   345 | 0/9
 19 h-m-p  0.0026 1.2832   0.0899 Y       451.867037  0 0.0019   366 | 0/9
 20 h-m-p  0.0091 4.5645   0.1357 +C      451.866917  0 0.0326   388 | 0/9
 21 h-m-p  0.0023 1.1560   5.4241 +++YYC   451.847350  2 0.1248   414 | 0/9
 22 h-m-p  1.6000 8.0000   0.0010 Y       451.847344  0 1.0032   426 | 0/9
 23 h-m-p  1.6000 8.0000   0.0003 Y       451.847344  0 0.8642   447 | 0/9
 24 h-m-p  1.6000 8.0000   0.0000 Y       451.847344  0 0.7931   468 | 0/9
 25 h-m-p  1.6000 8.0000   0.0000 ---C    451.847344  0 0.0067   492
Out..
lnL  =  -451.847344
493 lfun, 4437 eigenQcodon, 23664 P(t)

Reconstructed ancestral states go into file rst.

lnL =  -451.847344 from ProbSitePattern.
Marginal reconstruction.
	Node   5: lnL =  -451.847344
	Node   6: lnL =  -451.847344
	Node   7: lnL =  -451.847344

warning: strange character '-' 
warning ambiguity in difcodonNG: --- CAA
warning: strange character '-' 
warning ambiguity in difcodonNG: --- AAT
warning: strange character '-' 
warning ambiguity in difcodonNG: --- ATT
warning: strange character '-' 
warning ambiguity in difcodonNG: --- CCC
warning: strange character '-' 
warning ambiguity in difcodonNG: --- TCA
warning: strange character '-' 
warning ambiguity in difcodonNG: --- TCA
warning: strange character '-' 
warning ambiguity in difcodonNG: --- TTG
warning: strange character '-' 
warning ambiguity in difcodonNG: --- CAG
warning: strange character '-' 
warning ambiguity in difcodonNG: --- AAC
warning: strange character '-' 
warning ambiguity in difcodonNG: --- TCA
warning: strange character '-' 
warning ambiguity in difcodonNG: --- CAA
warning: strange character '-' 
warning ambiguity in difcodonNG: --- AAT
warning: strange character '-' 
warning ambiguity in difcodonNG: --- ATT
warning: strange character '-' 
warning ambiguity in difcodonNG: --- CCC
warning: strange character '-' 
warning ambiguity in difcodonNG: --- TCA
warning: strange character '-' 
warning ambiguity in difcodonNG: --- TCA
warning: strange character '-' 
warning ambiguity in difcodonNG: --- TTG
warning: strange character '-' 
warning ambiguity in difcodonNG: --- CAG
warning: strange character '-' 
warning ambiguity in difcodonNG: --- AAC
warning: strange character '-' 
warning ambiguity in difcodonNG: --- TCA
warning: strange character '-' 
warning ambiguity in difcodonNG: CAA ---
warning: strange character '-' 
warning ambiguity in difcodonNG: CAA ---
warning: strange character '-' 
warning ambiguity in difcodonNG: AAT ---
warning: strange character '-' 
warning ambiguity in difcodonNG: AAT ---
warning: strange character '-' 
warning ambiguity in difcodonNG: ATT ---
warning: strange character '-' 
warning ambiguity in difcodonNG: ATT ---
warning: strange character '-' 
warning ambiguity in difcodonNG: CCC ---
warning: strange character '-' 
warning ambiguity in difcodonNG: CCC ---
warning: strange character '-' 
warning ambiguity in difcodonNG: TCA ---
warning: strange character '-' 
warning ambiguity in difcodonNG: TCA ---
warning: strange character '-' 
warning ambiguity in difcodonNG: TCA ---
warning: strange character '-' 
warning ambiguity in difcodonNG: TCA ---
warning: strange character '-' 
warning ambiguity in difcodonNG: TTG ---
warning: strange character '-' 
warning ambiguity in difcodonNG: TTG ---
warning: strange character '-' 
warning ambiguity in difcodonNG: CAG ---
warning: strange character '-' 
warning ambiguity in difcodonNG: CAG ---
warning: strange character '-' 
warning ambiguity in difcodonNG: AAC ---
warning: strange character '-' 
warning ambiguity in difcodonNG: AAC ---
warning: strange character '-' 
warning ambiguity in difcodonNG: TCA ---
warning: strange character '-' 
warning ambiguity in difcodonNG: TCA ---end of tree file.

Time used:  0:16
