
 15         verbose | verbose                1.00
  7         runmode | runmode                0.00
  4         seqtype | seqtype                1.00
 13       CodonFreq | CodonFreq              2.00
  9           clock | clock                  0.00
 18          aaDist | aaDist                 0.00
 19      aaRatefile | aaRatefile             1.00
 16           model | model                  0.00
 20         NSsites | NSsites                1.00
 22           icode | icode                  0.00
 23           Mgene | Mgene                  0.00
 24       fix_kappa | fix_kappa              0.00
 25           kappa | kappa                  2.00
 26       fix_omega | fix_omega              0.00
 27           omega | omega                  0.40
 28       fix_alpha | fix_alpha              1.00
 29           alpha | alpha                  0.00
 30          Malpha | Malpha                 0.00
 31           ncatG | ncatG                  8.00
 11           getSE | getSE                  0.00
 12    RateAncestor | RateAncestor           1.00
 36      Small_Diff | Small_Diff             0.00
  6       cleandata | cleandata              0.00
  8          method | method                 0.00
CODONML in paml version 4.8a, August 2014

----------------------------------------------
Phe F TTT | Ser S TCT | Tyr Y TAT | Cys C TGT
      TTC |       TCC |       TAC |       TGC
Leu L TTA |       TCA | *** * TAA | *** * TGA
      TTG |       TCG |       TAG | Trp W TGG
----------------------------------------------
Leu L CTT | Pro P CCT | His H CAT | Arg R CGT
      CTC |       CCC |       CAC |       CGC
      CTA |       CCA | Gln Q CAA |       CGA
      CTG |       CCG |       CAG |       CGG
----------------------------------------------
Ile I ATT | Thr T ACT | Asn N AAT | Ser S AGT
      ATC |       ACC |       AAC |       AGC
      ATA |       ACA | Lys K AAA | Arg R AGA
Met M ATG |       ACG |       AAG |       AGG
----------------------------------------------
Val V GTT | Ala A GCT | Asp D GAT | Gly G GGT
      GTC |       GCC |       GAC |       GGC
      GTA |       GCA | Glu E GAA |       GGA
      GTG |       GCG |       GAG |       GGG
----------------------------------------------
Nice code, uuh?


Ambiguity character definition table:

T (1): T 
C (1): C 
A (1): A 
G (1): G 
U (1): T 
Y (2): T C 
R (2): A G 
M (2): C A 
K (2): T G 
S (2): C G 
W (2): T A 
H (3): T C A 
B (3): T C G 
V (3): C A G 
D (3): T A G 
- (4): T C A G 
N (4): T C A G 
? (4): T C A G 

ns = 4  	ls = 264
Reading sequences, interlaved format..
Reading seq # 1: A78     Reading seq # 2: A77     Reading seq # 3: A79     Reading seq # 4: A80     
block   1:     60     60     60     60
block   2:    120    120    120    120
block   3:    180    180    180    180
block   4:    240    240    240    240
block   5:    264    264    264    264
Sequences read..
Counting site patterns..  0:00
          52 patterns at       88 /       88 sites (100.0%),  0:00
1 ambiguous codons are seen in the data:
 ---
Counting codons..

  2   1:Sites    56.8 +  177.2 =  234.0	Diffs     2.0 +    6.0 =    8.0
  3   1:Sites    57.1 +  176.9 =  234.0	Diffs     0.0 +    3.0 =    3.0
  3   2:Sites    56.3 +  177.7 =  234.0	Diffs     2.0 +    6.0 =    8.0
  4   1:Sites    64.7 +  199.3 =  264.0	Diffs     4.0 +    7.0 =   11.0
  4   2:Sites    56.2 +  177.8 =  234.0	Diffs     4.0 +    6.0 =   10.0
  4   3:Sites    56.5 +  177.5 =  234.0	Diffs     4.0 +    6.0 =   10.0

       48 bytes for distance
    50752 bytes for conP
      832 bytes for fhK
  5000000 bytes for space

TREE #  1
(4, (2, (3, 1)));   MP score: -1
This is a rooted tree, without clock.  Check.

    76128 bytes for conP, adjusted

    0.034052    0.045125    0.053412    0.032113    0.020369    0.018534    2.000000    0.654804    0.337971

ntime & nrate & np:     6     2     9

Bounds (np=9):
   0.000004   0.000004   0.000004   0.000004   0.000004   0.000004   0.000100   0.000010   0.000001
  50.000000  50.000000  50.000000  50.000000  50.000000  50.000000 999.000000   0.999990   1.000000
Qfactor_NS = 6.306348

np =     9
lnL0 =  -455.076278

Iterating by ming2
Initial: fx=   455.076278
x=  0.03405  0.04512  0.05341  0.03211  0.02037  0.01853  2.00000  0.65480  0.33797

  1 h-m-p  0.0000 0.0101  40.7943 +++YCCCC   454.752039  4 0.0004    24 | 0/9
  2 h-m-p  0.0004 0.0019  12.3197 CCCC    454.714411  3 0.0005    42 | 0/9
  3 h-m-p  0.0008 0.0047   8.0302 CC      454.689103  1 0.0011    56 | 0/9
  4 h-m-p  0.0012 0.0113   7.1674 ++      454.579621  m 0.0113    68 | 0/9
  5 h-m-p  0.0000 0.0000  51.2326 
h-m-p:      2.05076925e-19      1.02538463e-18      5.12325785e+01   454.579621
..  | 0/9
  6 h-m-p  0.0000 0.0052  18.8219 +++CYC   454.465314  2 0.0007    95 | 0/9
  7 h-m-p  0.0006 0.0031  22.2441 CCCC    454.377282  3 0.0006   113 | 0/9
  8 h-m-p  0.0017 0.0084   7.8018 YYC     454.344442  2 0.0014   127 | 0/9
  9 h-m-p  0.0015 0.0386   7.1702 +CYC    454.259827  2 0.0057   143 | 0/9
 10 h-m-p  0.0007 0.0040  62.2503 ++      453.396730  m 0.0040   155 | 1/9
 11 h-m-p  0.0003 0.0034 439.6742 +YYC    453.034950  2 0.0008   170 | 1/9
 12 h-m-p  0.0050 0.0255  71.7918 CCCC    452.725978  3 0.0048   188 | 1/9
 13 h-m-p  1.1398 5.6988   0.2216 CYCCC   452.514149  4 1.5569   207 | 1/9
 14 h-m-p  1.6000 8.0000   0.2136 +YC     452.049742  1 7.1444   229 | 1/9
 15 h-m-p  1.1104 5.5518   0.2369 CCCC    451.852514  3 1.8737   255 | 1/9
 16 h-m-p  1.6000 8.0000   0.1368 CCC     451.841403  2 1.5201   279 | 1/9
 17 h-m-p  1.6000 8.0000   0.0664 C       451.839984  0 1.5319   299 | 1/9
 18 h-m-p  1.6000 8.0000   0.0259 C       451.839762  0 1.5209   319 | 1/9
 19 h-m-p  1.6000 8.0000   0.0057 Y       451.839739  0 1.2228   339 | 1/9
 20 h-m-p  1.6000 8.0000   0.0002 Y       451.839738  0 0.9125   359 | 1/9
 21 h-m-p  1.6000 8.0000   0.0000 Y       451.839738  0 0.9831   379 | 1/9
 22 h-m-p  1.6000 8.0000   0.0000 Y       451.839738  0 1.6000   399 | 1/9
 23 h-m-p  1.6000 8.0000   0.0000 Y       451.839738  0 0.7420   419 | 1/9
 24 h-m-p  1.6000 8.0000   0.0000 Y       451.839738  0 0.2185   439 | 1/9
 25 h-m-p  0.0620 8.0000   0.0000 --------------..  | 1/9
 26 h-m-p  0.0160 8.0000   0.0000 ------------- | 1/9
 27 h-m-p  0.0160 8.0000   0.0000 -------------
Out..
lnL  =  -451.839738
534 lfun, 1602 eigenQcodon, 6408 P(t)

Reconstructed ancestral states go into file rst.

lnL =  -451.839738 from ProbSitePattern.
Marginal reconstruction.
	Node   5: lnL =  -451.839738
	Node   6: lnL =  -451.839738
	Node   7: lnL =  -451.839738

warning: strange character '-' 
warning ambiguity in difcodonNG: --- CAA
warning: strange character '-' 
warning ambiguity in difcodonNG: --- AAT
warning: strange character '-' 
warning ambiguity in difcodonNG: --- ATT
warning: strange character '-' 
warning ambiguity in difcodonNG: --- CCC
warning: strange character '-' 
warning ambiguity in difcodonNG: --- TCA
warning: strange character '-' 
warning ambiguity in difcodonNG: --- TCA
warning: strange character '-' 
warning ambiguity in difcodonNG: --- TTG
warning: strange character '-' 
warning ambiguity in difcodonNG: --- CAG
warning: strange character '-' 
warning ambiguity in difcodonNG: --- AAC
warning: strange character '-' 
warning ambiguity in difcodonNG: --- TCA
warning: strange character '-' 
warning ambiguity in difcodonNG: --- CAA
warning: strange character '-' 
warning ambiguity in difcodonNG: --- AAT
warning: strange character '-' 
warning ambiguity in difcodonNG: --- ATT
warning: strange character '-' 
warning ambiguity in difcodonNG: --- CCC
warning: strange character '-' 
warning ambiguity in difcodonNG: --- TCA
warning: strange character '-' 
warning ambiguity in difcodonNG: --- TCA
warning: strange character '-' 
warning ambiguity in difcodonNG: --- TTG
warning: strange character '-' 
warning ambiguity in difcodonNG: --- CAG
warning: strange character '-' 
warning ambiguity in difcodonNG: --- AAC
warning: strange character '-' 
warning ambiguity in difcodonNG: --- TCA
warning: strange character '-' 
warning ambiguity in difcodonNG: CAA ---
warning: strange character '-' 
warning ambiguity in difcodonNG: CAA ---
warning: strange character '-' 
warning ambiguity in difcodonNG: AAT ---
warning: strange character '-' 
warning ambiguity in difcodonNG: AAT ---
warning: strange character '-' 
warning ambiguity in difcodonNG: ATT ---
warning: strange character '-' 
warning ambiguity in difcodonNG: ATT ---
warning: strange character '-' 
warning ambiguity in difcodonNG: CCC ---
warning: strange character '-' 
warning ambiguity in difcodonNG: CCC ---
warning: strange character '-' 
warning ambiguity in difcodonNG: TCA ---
warning: strange character '-' 
warning ambiguity in difcodonNG: TCA ---
warning: strange character '-' 
warning ambiguity in difcodonNG: TCA ---
warning: strange character '-' 
warning ambiguity in difcodonNG: TCA ---
warning: strange character '-' 
warning ambiguity in difcodonNG: TTG ---
warning: strange character '-' 
warning ambiguity in difcodonNG: TTG ---
warning: strange character '-' 
warning ambiguity in difcodonNG: CAG ---
warning: strange character '-' 
warning ambiguity in difcodonNG: CAG ---
warning: strange character '-' 
warning ambiguity in difcodonNG: AAC ---
warning: strange character '-' 
warning ambiguity in difcodonNG: AAC ---
warning: strange character '-' 
warning ambiguity in difcodonNG: TCA ---
warning: strange character '-' 
warning ambiguity in difcodonNG: TCA ---end of tree file.

Time used:  0:04
