
 15         verbose | verbose                1.00
  7         runmode | runmode                0.00
  4         seqtype | seqtype                1.00
 13       CodonFreq | CodonFreq              2.00
  9           clock | clock                  0.00
 18          aaDist | aaDist                 0.00
 19      aaRatefile | aaRatefile             1.00
 16           model | model                  0.00
 20         NSsites | NSsites                2.00
 22           icode | icode                  0.00
 23           Mgene | Mgene                  0.00
 24       fix_kappa | fix_kappa              0.00
 25           kappa | kappa                  2.00
 26       fix_omega | fix_omega              0.00
 27           omega | omega                  0.40
 28       fix_alpha | fix_alpha              1.00
 29           alpha | alpha                  0.00
 30          Malpha | Malpha                 0.00
 31           ncatG | ncatG                  8.00
 11           getSE | getSE                  0.00
 12    RateAncestor | RateAncestor           1.00
 36      Small_Diff | Small_Diff             0.00
  6       cleandata | cleandata              0.00
  8          method | method                 0.00
CODONML in paml version 4.8a, August 2014

----------------------------------------------
Phe F TTT | Ser S TCT | Tyr Y TAT | Cys C TGT
      TTC |       TCC |       TAC |       TGC
Leu L TTA |       TCA | *** * TAA | *** * TGA
      TTG |       TCG |       TAG | Trp W TGG
----------------------------------------------
Leu L CTT | Pro P CCT | His H CAT | Arg R CGT
      CTC |       CCC |       CAC |       CGC
      CTA |       CCA | Gln Q CAA |       CGA
      CTG |       CCG |       CAG |       CGG
----------------------------------------------
Ile I ATT | Thr T ACT | Asn N AAT | Ser S AGT
      ATC |       ACC |       AAC |       AGC
      ATA |       ACA | Lys K AAA | Arg R AGA
Met M ATG |       ACG |       AAG |       AGG
----------------------------------------------
Val V GTT | Ala A GCT | Asp D GAT | Gly G GGT
      GTC |       GCC |       GAC |       GGC
      GTA |       GCA | Glu E GAA |       GGA
      GTG |       GCG |       GAG |       GGG
----------------------------------------------
Nice code, uuh?


Ambiguity character definition table:

T (1): T 
C (1): C 
A (1): A 
G (1): G 
U (1): T 
Y (2): T C 
R (2): A G 
M (2): C A 
K (2): T G 
S (2): C G 
W (2): T A 
H (3): T C A 
B (3): T C G 
V (3): C A G 
D (3): T A G 
- (4): T C A G 
N (4): T C A G 
? (4): T C A G 

ns = 4  	ls = 264
Reading sequences, interlaved format..
Reading seq # 1: A78     Reading seq # 2: A77     Reading seq # 3: A79     Reading seq # 4: A80     
block   1:     60     60     60     60
block   2:    120    120    120    120
block   3:    180    180    180    180
block   4:    240    240    240    240
block   5:    264    264    264    264
Sequences read..
Counting site patterns..  0:00
          52 patterns at       88 /       88 sites (100.0%),  0:00
1 ambiguous codons are seen in the data:
 ---
Counting codons..

  2   1:Sites    56.8 +  177.2 =  234.0	Diffs     2.0 +    6.0 =    8.0
  3   1:Sites    57.1 +  176.9 =  234.0	Diffs     0.0 +    3.0 =    3.0
  3   2:Sites    56.3 +  177.7 =  234.0	Diffs     2.0 +    6.0 =    8.0
  4   1:Sites    64.7 +  199.3 =  264.0	Diffs     4.0 +    7.0 =   11.0
  4   2:Sites    56.2 +  177.8 =  234.0	Diffs     4.0 +    6.0 =   10.0
  4   3:Sites    56.5 +  177.5 =  234.0	Diffs     4.0 +    6.0 =   10.0

       48 bytes for distance
    50752 bytes for conP
     1248 bytes for fhK
  5000000 bytes for space

TREE #  1
(4, (2, (3, 1)));   MP score: -1
This is a rooted tree, without clock.  Check.

    76128 bytes for conP, adjusted

initial w for M2:NSpselection reset.

    0.034052    0.045125    0.053412    0.032113    0.020369    0.018534    2.000000    1.187011    0.337971    0.452877    2.638800

ntime & nrate & np:     6     3    11

Bounds (np=11):
   0.000004   0.000004   0.000004   0.000004   0.000004   0.000004   0.000100 -99.000000 -99.000000   0.000001   1.000000
  50.000000  50.000000  50.000000  50.000000  50.000000  50.000000 999.000000  99.000000  99.000000   1.000000 999.000000
Qfactor_NS = 4.380953

np =    11
lnL0 =  -453.430162

Iterating by ming2
Initial: fx=   453.430162
x=  0.03405  0.04512  0.05341  0.03211  0.02037  0.01853  2.00000  1.18701  0.33797  0.45288  2.63880

  1 h-m-p  0.0000 0.0131  42.5817 +++YCCCC   453.067325  4 0.0005    26 | 0/11
  2 h-m-p  0.0004 0.0019  12.7114 CCCC    453.024197  3 0.0005    46 | 0/11
  3 h-m-p  0.0008 0.0041   8.6638 CCC     452.990402  2 0.0013    64 | 0/11
  4 h-m-p  0.0013 0.0091   8.6754 ++      452.829936  m 0.0091    78 | 0/11
  5 h-m-p  0.0000 0.0000  56.7418 
h-m-p:      2.67492713e-19      1.33746357e-18      5.67418134e+01   452.829936
..  | 0/11
  6 h-m-p  0.0000 0.0057  16.9841 +++CC   452.710004  1 0.0009   108 | 0/11
  7 h-m-p  0.0007 0.0035  19.3870 YYC     452.641547  2 0.0006   124 | 0/11
  8 h-m-p  0.0013 0.0075   9.2768 CCC     452.598493  2 0.0015   142 | 0/11
  9 h-m-p  0.0016 0.0400   8.6462 +CCCC   452.444420  3 0.0085   163 | 0/11
 10 h-m-p  0.0007 0.0038  99.4823 ++      450.794200  m 0.0038   177 | 1/11
 11 h-m-p  0.0002 0.0088 1059.9023 +CCCC   449.751151  3 0.0010   198 | 1/11
 12 h-m-p  0.3633 1.8166   1.8017 YCCC    448.549177  3 0.8070   217 | 0/11
 13 h-m-p  0.0139 0.0694  25.2054 YCCC    448.214673  3 0.0259   236 | 0/11
 14 h-m-p  0.0421 0.2105   4.9835 ++      446.876656  m 0.2105   250 | 1/11
 15 h-m-p  0.4335 2.1674   1.7853 ++      445.791829  m 2.1674   264 | 2/11
 16 h-m-p  1.6000 8.0000   1.7731 YCCC    445.401824  3 0.7488   283 | 1/11
 17 h-m-p  0.0628 0.3936  21.1566 CC      445.175240  1 0.0627   299 | 1/11
 18 h-m-p  0.8221 4.6070   1.6123 +YCCC   444.807132  3 2.5947   319 | 0/11
 19 h-m-p  0.0014 0.0071 458.4753 YCCC    444.795723  3 0.0006   338 | 0/11
 20 h-m-p  0.2508 1.8469   1.1355 ++      444.662998  m 1.8469   352 | 1/11
 21 h-m-p  0.9003 8.0000   2.3293 CCC     444.616991  2 1.1127   370 | 1/11
 22 h-m-p  1.6000 8.0000   0.9907 CCC     444.597425  2 1.5297   388 | 1/11
 23 h-m-p  1.6000 8.0000   0.3269 CC      444.592970  1 1.8633   414 | 1/11
 24 h-m-p  1.6000 8.0000   0.1332 YC      444.588997  1 3.4101   439 | 1/11
 25 h-m-p  1.6000 8.0000   0.1674 +YC     444.580322  1 6.7643   465 | 1/11
 26 h-m-p  1.6000 8.0000   0.4406 +YC     444.561836  1 4.3773   491 | 1/11
 27 h-m-p  1.6000 8.0000   0.5473 +YC     444.530033  1 4.2895   517 | 1/11
 28 h-m-p  1.6000 8.0000   0.9654 YYC     444.520149  2 1.3489   543 | 1/11
 29 h-m-p  1.6000 8.0000   0.0918 CC      444.519792  1 1.3732   569 | 1/11
 30 h-m-p  1.6000 8.0000   0.0310 C       444.519718  0 1.6526   593 | 1/11
 31 h-m-p  1.6000 8.0000   0.0197 Y       444.519701  0 1.1334   617 | 1/11
 32 h-m-p  1.6000 8.0000   0.0120 C       444.519700  0 1.2855   641 | 1/11
 33 h-m-p  1.6000 8.0000   0.0040 Y       444.519700  0 1.1398   665 | 1/11
 34 h-m-p  1.6000 8.0000   0.0001 C       444.519700  0 1.5897   689 | 1/11
 35 h-m-p  1.6000 8.0000   0.0000 C       444.519700  0 1.3169   713 | 1/11
 36 h-m-p  1.6000 8.0000   0.0000 +Y      444.519700  0 6.4000   738 | 1/11
 37 h-m-p  1.6000 8.0000   0.0000 ++      444.519700  m 8.0000   762 | 1/11
 38 h-m-p  0.6793 8.0000   0.0001 ++      444.519700  m 8.0000   786 | 1/11
 39 h-m-p  0.0402 8.0000   0.0192 +++C    444.519700  0 2.2220   813 | 1/11
 40 h-m-p  1.6000 8.0000   0.0226 ++      444.519699  m 8.0000   837 | 1/11
 41 h-m-p  0.1668 8.0000   1.0833 -----------Y   444.519699  0 0.0000   872 | 1/11
 42 h-m-p  0.0160 8.0000   0.1531 +++C    444.519699  0 1.2435   889 | 1/11
 43 h-m-p  1.6000 8.0000   0.0003 C       444.519699  0 1.5383   913 | 1/11
 44 h-m-p  0.6144 8.0000   0.0006 ++      444.519699  m 8.0000   937 | 1/11
 45 h-m-p  0.0669 8.0000   0.0770 ++Y     444.519699  0 2.1014   963 | 1/11
 46 h-m-p  1.6000 8.0000   0.0304 ++      444.519698  m 8.0000   987 | 1/11
 47 h-m-p  0.1779 0.8893   1.1136 --------C   444.519698  0 0.0000  1019 | 1/11
 48 h-m-p  0.0057 2.8502   0.1057 ++++C   444.519697  0 1.2476  1037 | 1/11
 49 h-m-p  1.6000 8.0000   0.0057 Y       444.519697  0 1.0227  1061 | 1/11
 50 h-m-p  1.6000 8.0000   0.0000 --C     444.519697  0 0.0250  1087 | 1/11
 51 h-m-p  0.0160 8.0000   0.0056 ------Y   444.519697  0 0.0000  1117 | 1/11
 52 h-m-p  0.0160 8.0000   0.0008 --Y     444.519697  0 0.0003  1143 | 1/11
 53 h-m-p  0.0160 8.0000   0.0039 -------------..  | 1/11
 54 h-m-p  0.0107 5.3339   0.0102 Y       444.519697  0 0.0018  1202 | 1/11
 55 h-m-p  0.0143 7.1648   0.0044 Y       444.519697  0 0.0019  1226 | 1/11
 56 h-m-p  0.0160 8.0000   0.0006 C       444.519697  0 0.0160  1250 | 1/11
 57 h-m-p  0.0160 8.0000   0.0030 C       444.519697  0 0.0217  1274 | 1/11
 58 h-m-p  0.0160 8.0000   0.0044 Y       444.519697  0 0.0030  1298 | 1/11
 59 h-m-p  0.0160 8.0000   0.0011 ++C     444.519697  0 0.2333  1324 | 1/11
 60 h-m-p  1.4252 8.0000   0.0002 ++      444.519697  m 8.0000  1348 | 1/11
 61 h-m-p  0.3772 8.0000   0.0037 +Y      444.519697  0 1.0005  1373 | 1/11
 62 h-m-p  1.6000 8.0000   0.0000 ++      444.519697  m 8.0000  1397 | 1/11
 63 h-m-p  0.0235 8.0000   0.0029 +++C    444.519697  0 1.6648  1424 | 1/11
 64 h-m-p  1.6000 8.0000   0.0009 Y       444.519697  0 2.6292  1448 | 1/11
 65 h-m-p  1.6000 8.0000   0.0001 Y       444.519697  0 1.2471  1472 | 1/11
 66 h-m-p  1.6000 8.0000   0.0000 ++      444.519697  m 8.0000  1496 | 1/11
 67 h-m-p  0.2232 8.0000   0.0007 ++C     444.519697  0 3.0884  1522 | 1/11
 68 h-m-p  1.6000 8.0000   0.0011 ++      444.519697  m 8.0000  1546 | 1/11
 69 h-m-p  0.0139 6.7881   0.6537 -------C   444.519697  0 0.0000  1577 | 1/11
 70 h-m-p  0.0160 8.0000   0.0018 +++C    444.519697  0 1.0240  1604 | 1/11
 71 h-m-p  1.6000 8.0000   0.0009 ----------------..  | 1/11
 72 h-m-p  0.0160 8.0000   0.0002 C       444.519697  0 0.0233  1666 | 1/11
 73 h-m-p  0.0160 8.0000   0.0013 C       444.519697  0 0.0040  1690 | 1/11
 74 h-m-p  0.0160 8.0000   0.0009 -Y      444.519697  0 0.0010  1715 | 1/11
 75 h-m-p  0.0160 8.0000   0.0001 Y       444.519697  0 0.0040  1739 | 1/11
 76 h-m-p  0.0160 8.0000   0.0001 +C      444.519697  0 0.0686  1764 | 1/11
 77 h-m-p  0.0160 8.0000   0.0023 Y       444.519697  0 0.0104  1788 | 1/11
 78 h-m-p  1.6000 8.0000   0.0000 C       444.519697  0 2.0683  1812 | 1/11
 79 h-m-p  1.4467 8.0000   0.0000 ++      444.519697  m 8.0000  1836 | 1/11
 80 h-m-p  0.1830 8.0000   0.0005 ++C     444.519697  0 2.9285  1862 | 1/11
 81 h-m-p  1.6000 8.0000   0.0008 ++      444.519697  m 8.0000  1886 | 1/11
 82 h-m-p  1.3012 8.0000   0.0050 Y       444.519697  0 1.0084  1910 | 1/11
 83 h-m-p  1.6000 8.0000   0.0001 ++      444.519697  m 8.0000  1934 | 1/11
 84 h-m-p  0.1234 8.0000   0.0046 +Y      444.519697  0 1.2098  1959 | 1/11
 85 h-m-p  1.6000 8.0000   0.0007 Y       444.519697  0 2.8759  1983 | 1/11
 86 h-m-p  1.6000 8.0000   0.0002 ++      444.519697  m 8.0000  2007 | 1/11
 87 h-m-p  0.0049 1.0640   0.3328 ++++    444.519695  m 1.0640  2033 | 2/11
 88 h-m-p  0.8113 8.0000   0.4362 -----------Y   444.519695  0 0.0000  2068 | 2/11
 89 h-m-p  0.0160 8.0000   0.0051 ++Y     444.519695  0 0.1980  2093 | 2/11
 90 h-m-p  0.0371 8.0000   0.0270 +C      444.519694  0 0.1880  2117 | 2/11
 91 h-m-p  1.6000 8.0000   0.0001 Y       444.519694  0 1.1880  2140 | 2/11
 92 h-m-p  1.6000 8.0000   0.0000 ++      444.519694  m 8.0000  2163 | 1/11
 93 h-m-p  0.0000 0.0000   0.0146 
h-m-p:      1.44736210e-15      7.23681049e-15      1.45918245e-02   444.519694
..  | 2/11
 94 h-m-p  0.0160 8.0000   0.0002 C       444.519694  0 0.0040  2207 | 2/11
 95 h-m-p  0.0160 8.0000   0.0001 C       444.519694  0 0.0040  2230 | 2/11
 96 h-m-p  0.0160 8.0000   0.0002 -------C   444.519694  0 0.0000  2260
Out..
lnL  =  -444.519694
2261 lfun, 9044 eigenQcodon, 40698 P(t)

BEBing (dim = 4).  This may take several minutes.
Calculating f(x_h|w): 10 categories 21 w sets.
S10 w log{f(x|w)}:    0.0500     -3.747905
S10 w log{f(x|w)}:    0.1500     -3.762663
S10 w log{f(x|w)}:    0.2500     -3.777401
S10 w log{f(x|w)}:    0.3500     -3.792117
S10 w log{f(x|w)}:    0.4500     -3.806812
S10 w log{f(x|w)}:    0.5500     -3.821486
S10 w log{f(x|w)}:    0.6500     -3.836139
S10 w log{f(x|w)}:    0.7500     -3.850770
S10 w log{f(x|w)}:    0.8500     -3.865381
S10 w log{f(x|w)}:    0.9500     -3.879969
S10 w log{f(x|w)}:    1.0000     -3.887256
S10 w log{f(x|w)}:    1.5000     -3.959822
S10 w log{f(x|w)}:    2.5000     -4.103309
S10 w log{f(x|w)}:    3.5000     -4.244554
S10 w log{f(x|w)}:    4.5000     -4.383496
S10 w log{f(x|w)}:    5.5000     -4.520082
S10 w log{f(x|w)}:    6.5000     -4.654259
S10 w log{f(x|w)}:    7.5000     -4.785981
S10 w log{f(x|w)}:    8.5000     -4.915206
S10 w log{f(x|w)}:    9.5000     -5.041895
S10 w log{f(x|w)}:   10.5000     -5.166019
Calculating f(X), the marginal probability of data.
	log(fX) =  -449.430075  S =  -420.247111   -25.153804
Calculating f(w|X), posterior probabilities of site classes.
	did  10 /  52 patterns   0:27	did  20 /  52 patterns   0:27	did  30 /  52 patterns   0:27	did  40 /  52 patterns   0:27	did  50 /  52 patterns   0:27	did  52 /  52 patterns   0:27
Reconstructed ancestral states go into file rst.

lnL =  -444.519694 from ProbSitePattern.
Marginal reconstruction.
	Node   5: lnL =  -444.519694
	Node   6: lnL =  -444.519694
	Node   7: lnL =  -444.519694

warning: strange character '-' 
warning ambiguity in difcodonNG: --- CAA
warning: strange character '-' 
warning ambiguity in difcodonNG: --- AAT
warning: strange character '-' 
warning ambiguity in difcodonNG: --- ATT
warning: strange character '-' 
warning ambiguity in difcodonNG: --- CCC
warning: strange character '-' 
warning ambiguity in difcodonNG: --- TCA
warning: strange character '-' 
warning ambiguity in difcodonNG: --- TCA
warning: strange character '-' 
warning ambiguity in difcodonNG: --- TTG
warning: strange character '-' 
warning ambiguity in difcodonNG: --- CAG
warning: strange character '-' 
warning ambiguity in difcodonNG: --- AAC
warning: strange character '-' 
warning ambiguity in difcodonNG: --- TCA
warning: strange character '-' 
warning ambiguity in difcodonNG: --- CAA
warning: strange character '-' 
warning ambiguity in difcodonNG: --- AAT
warning: strange character '-' 
warning ambiguity in difcodonNG: --- ATT
warning: strange character '-' 
warning ambiguity in difcodonNG: --- CCC
warning: strange character '-' 
warning ambiguity in difcodonNG: --- TCA
warning: strange character '-' 
warning ambiguity in difcodonNG: --- TCA
warning: strange character '-' 
warning ambiguity in difcodonNG: --- TTG
warning: strange character '-' 
warning ambiguity in difcodonNG: --- CAG
warning: strange character '-' 
warning ambiguity in difcodonNG: --- AAC
warning: strange character '-' 
warning ambiguity in difcodonNG: --- TCA
warning: strange character '-' 
warning ambiguity in difcodonNG: CAA ---
warning: strange character '-' 
warning ambiguity in difcodonNG: CAA ---
warning: strange character '-' 
warning ambiguity in difcodonNG: AAT ---
warning: strange character '-' 
warning ambiguity in difcodonNG: AAT ---
warning: strange character '-' 
warning ambiguity in difcodonNG: ATT ---
warning: strange character '-' 
warning ambiguity in difcodonNG: ATT ---
warning: strange character '-' 
warning ambiguity in difcodonNG: CCC ---
warning: strange character '-' 
warning ambiguity in difcodonNG: CCC ---
warning: strange character '-' 
warning ambiguity in difcodonNG: TCA ---
warning: strange character '-' 
warning ambiguity in difcodonNG: TCA ---
warning: strange character '-' 
warning ambiguity in difcodonNG: TCA ---
warning: strange character '-' 
warning ambiguity in difcodonNG: TCA ---
warning: strange character '-' 
warning ambiguity in difcodonNG: TTG ---
warning: strange character '-' 
warning ambiguity in difcodonNG: TTG ---
warning: strange character '-' 
warning ambiguity in difcodonNG: CAG ---
warning: strange character '-' 
warning ambiguity in difcodonNG: CAG ---
warning: strange character '-' 
warning ambiguity in difcodonNG: AAC ---
warning: strange character '-' 
warning ambiguity in difcodonNG: AAC ---
warning: strange character '-' 
warning ambiguity in difcodonNG: TCA ---
warning: strange character '-' 
warning ambiguity in difcodonNG: TCA ---end of tree file.

Time used:  0:27
