
 15         verbose | verbose                1.00
  7         runmode | runmode                0.00
  4         seqtype | seqtype                1.00
 13       CodonFreq | CodonFreq              2.00
  9           clock | clock                  0.00
 18          aaDist | aaDist                 0.00
 19      aaRatefile | aaRatefile             1.00
 16           model | model                  0.00
 20         NSsites | NSsites                8.00
 22           icode | icode                  0.00
 23           Mgene | Mgene                  0.00
 24       fix_kappa | fix_kappa              0.00
 25           kappa | kappa                  2.00
 26       fix_omega | fix_omega              0.00
 27           omega | omega                  0.40
 28       fix_alpha | fix_alpha              1.00
 29           alpha | alpha                  0.00
 30          Malpha | Malpha                 0.00
 31           ncatG | ncatG                  8.00
 11           getSE | getSE                  0.00
 12    RateAncestor | RateAncestor           1.00
 36      Small_Diff | Small_Diff             0.00
  6       cleandata | cleandata              0.00
  8          method | method                 0.00
CODONML in paml version 4.8a, August 2014

----------------------------------------------
Phe F TTT | Ser S TCT | Tyr Y TAT | Cys C TGT
      TTC |       TCC |       TAC |       TGC
Leu L TTA |       TCA | *** * TAA | *** * TGA
      TTG |       TCG |       TAG | Trp W TGG
----------------------------------------------
Leu L CTT | Pro P CCT | His H CAT | Arg R CGT
      CTC |       CCC |       CAC |       CGC
      CTA |       CCA | Gln Q CAA |       CGA
      CTG |       CCG |       CAG |       CGG
----------------------------------------------
Ile I ATT | Thr T ACT | Asn N AAT | Ser S AGT
      ATC |       ACC |       AAC |       AGC
      ATA |       ACA | Lys K AAA | Arg R AGA
Met M ATG |       ACG |       AAG |       AGG
----------------------------------------------
Val V GTT | Ala A GCT | Asp D GAT | Gly G GGT
      GTC |       GCC |       GAC |       GGC
      GTA |       GCA | Glu E GAA |       GGA
      GTG |       GCG |       GAG |       GGG
----------------------------------------------
Nice code, uuh?


Ambiguity character definition table:

T (1): T 
C (1): C 
A (1): A 
G (1): G 
U (1): T 
Y (2): T C 
R (2): A G 
M (2): C A 
K (2): T G 
S (2): C G 
W (2): T A 
H (3): T C A 
B (3): T C G 
V (3): C A G 
D (3): T A G 
- (4): T C A G 
N (4): T C A G 
? (4): T C A G 

ns = 4  	ls = 264
Reading sequences, interlaved format..
Reading seq # 1: A78     Reading seq # 2: A77     Reading seq # 3: A79     Reading seq # 4: A80     
block   1:     60     60     60     60
block   2:    120    120    120    120
block   3:    180    180    180    180
block   4:    240    240    240    240
block   5:    264    264    264    264
Sequences read..
Counting site patterns..  0:00
          52 patterns at       88 /       88 sites (100.0%),  0:00
1 ambiguous codons are seen in the data:
 ---
Counting codons..

  2   1:Sites    56.8 +  177.2 =  234.0	Diffs     2.0 +    6.0 =    8.0
  3   1:Sites    57.1 +  176.9 =  234.0	Diffs     0.0 +    3.0 =    3.0
  3   2:Sites    56.3 +  177.7 =  234.0	Diffs     2.0 +    6.0 =    8.0
  4   1:Sites    64.7 +  199.3 =  264.0	Diffs     4.0 +    7.0 =   11.0
  4   2:Sites    56.2 +  177.8 =  234.0	Diffs     4.0 +    6.0 =   10.0
  4   3:Sites    56.5 +  177.5 =  234.0	Diffs     4.0 +    6.0 =   10.0

       48 bytes for distance
    50752 bytes for conP
     3744 bytes for fhK
  5000000 bytes for space

TREE #  1
(4, (2, (3, 1)));   MP score: -1
This is a rooted tree, without clock.  Check.

    76128 bytes for conP, adjusted

initial w for M8:NSbetaw>1 reset.

    0.034052    0.045125    0.053412    0.032113    0.020369    0.018534    2.000000    0.900000    0.587011    1.475943    2.882193

ntime & nrate & np:     6     2    11

Bounds (np=11):
   0.000004   0.000004   0.000004   0.000004   0.000004   0.000004   0.000100   0.000010   0.005000   0.005000   1.000000
  50.000000  50.000000  50.000000  50.000000  50.000000  50.000000 999.000000   0.999990  99.000000  99.000000 999.000000
Qfactor_NS = 6.478424

np =    11
lnL0 =  -451.654857

Iterating by ming2
Initial: fx=   451.654857
x=  0.03405  0.04512  0.05341  0.03211  0.02037  0.01853  2.00000  0.90000  0.58701  1.47594  2.88219

  1 h-m-p  0.0000 0.0231  43.0386 +++YCCCC   451.255873  4 0.0005    26 | 0/11
  2 h-m-p  0.0003 0.0017  14.0030 CCCC    451.197651  3 0.0006    46 | 0/11
  3 h-m-p  0.0006 0.0032  10.6631 YC      451.146729  1 0.0013    61 | 0/11
  4 h-m-p  0.0017 0.0268   8.4594 YCCC    451.092205  3 0.0028    80 | 0/11
  5 h-m-p  0.0023 0.0258  10.2521 CC      451.026693  1 0.0034    96 | 0/11
  6 h-m-p  0.0034 0.0207  10.4035 YCCC    450.997158  3 0.0018   115 | 0/11
  7 h-m-p  0.0015 0.0775  12.4553 +++     448.876560  m 0.0775   130 | 1/11
  8 h-m-p  0.1135 0.5675   3.0744 +CCCC   448.044957  3 0.3736   151 | 1/11
  9 h-m-p  0.8780 4.3901   1.0191 YCYCCC   446.438700  5 2.3265   173 | 1/11
 10 h-m-p  0.5743 2.8713   1.4435 +YYYYYCYCCC   445.459611  9 2.4969   201 | 1/11
 11 h-m-p  0.0825 0.4125   1.9008 CYCYC   445.434841  4 0.0709   221 | 1/11
 12 h-m-p  0.0085 0.1167  15.8903 ++      445.234867  m 0.1167   235 | 1/11
 13 h-m-p  0.0019 0.0093 522.7413 YCYCCCC   445.142500  6 0.0008   259 | 1/11
 14 h-m-p  0.0308 0.1542   1.8704 YYC     445.139738  2 0.0277   275 | 1/11
 15 h-m-p  0.0089 0.5312   5.8322 
QuantileBeta(0.06, 0.00707, 0.09655) = 1.235162e-161	2000 rounds
+++     444.849228  m 0.5312   290 | 2/11
 16 h-m-p  1.3008 8.0000   2.3817 YCC     444.784611  2 1.0314   307 | 1/11
 17 h-m-p  0.0000 0.0005 68528.2194 YCCC    444.762597  3 0.0000   326 | 1/11
 18 h-m-p  0.3950 1.9748   0.1247 +YC     444.740100  1 1.6945   342 | 1/11
 19 h-m-p  0.5131 8.0000   0.4120 +YC     444.729443  1 3.3264   368 | 1/11
 20 h-m-p  1.6000 8.0000   0.1283 ++      444.697232  m 8.0000   392 | 1/11
 21 h-m-p  0.7878 8.0000   1.3032 CCCC    444.665786  3 1.1664   422 | 1/11
 22 h-m-p  1.6000 8.0000   0.7647 YCC
QuantileBeta(0.06, 0.00698, 0.06454) = 1.059536e-161	2000 rounds
C    444.628731  3 3.2689   441 | 1/11
 23 h-m-p  1.6000 8.0000   0.1374 YC      444.626325  1 1.0442   466 | 1/11
 24 h-m-p  1.6000 8.0000   0.0467 CC      444.626193  1 2.2798   492 | 1/11
 25 h-m-p  1.6000 8.0000   0.0403 
QuantileBeta(0.06, 0.00701, 0.06332) = 6.917801e-161	2000 rounds
C       444.626083  0 1.9298   516
QuantileBeta(0.06, 0.00696, 0.06276) = 8.204200e-163	2000 rounds
 | 1/11
 26 h-m-p  1.5501 8.0000   0.0502 C       444.626061  0 1.3954   540 | 1/11
 27 h-m-p  1.6000 8.0000   0.0016 +Y      444.626056  0 4.7576   565 | 1/11
 28 h-m-p  1.6000 8.0000   0.0020 +Y      444.626048  0 5.0259   590 | 1/11
 29 h-m-p  1.6000 8.0000   0.0018 ++      444.626030  m 8.0000   614 | 1/11
 30 h-m-p  1.6000 8.0000   0.0027 Y       444.626004  0 3.3222   638 | 1/11
 31 h-m-p  1.6000 8.0000   0.0031 Y       444.625999  0 1.2512   662 | 1/11
 32 h-m-p  1.6000 8.0000   0.0011 +Y      444.625998  0 6.9487   687 | 1/11
 33 h-m-p  1.6000 8.0000   0.0033 C       444.625998  0 1.7906   711 | 1/11
 34 h-m-p  1.6000 8.0000   0.0010 ++      444.625998  m 8.0000   735 | 1/11
 35 h-m-p  0.5548 8.0000   0.0137 --------------Y   444.625998  0 0.0000   773 | 1/11
 36 h-m-p  0.0106 5.2895   0.2934 C       444.625998  0 0.0130   797 | 1/11
 37 h-m-p  1.6000 8.0000   0.0008 Y       444.625998  0 1.1763   821 | 1/11
 38 h-m-p  1.6000 8.0000   0.0000 Y       444.625998  0 3.1363   845 | 1/11
 39 h-m-p  1.6000 8.0000   0.0000 ++      444.625998  m 8.0000   869 | 1/11
 40 h-m-p  0.0160 8.0000   0.0034 +Y      444.625998  0 0.1332   894 | 1/11
 41 h-m-p  1.1130 8.0000   0.0004 --------Y   444.625998  0 0.0000   926 | 1/11
 42 h-m-p  0.0160 8.0000   0.0067 +++++   444.625955  m 8.0000   953 | 1/11
 43 h-m-p  0.4250 2.1252   0.0555 ------------C   444.625955  0 0.0000   989 | 1/11
 44 h-m-p  0.0038 1.8813   0.7668 +++CCYYCC   444.605716  5 0.3474  1024 | 1/11
 45 h-m-p  0.0233 0.1167   9.5622 ----Y   444.605716  0 0.0000  1052 | 1/11
 46 h-m-p  0.0160 8.0000   0.0808 ++C     444.605653  0 0.3188  1068 | 1/11
 47 h-m-p  1.6000 8.0000   0.0132 --------------C   444.605653  0 0.0000  1106 | 1/11
 48 h-m-p  0.0002 0.0791   2.2748 ++++YCCC   444.565973  3 0.0300  1139 | 1/11
 49 h-m-p  0.4497 6.0195   0.1516 +CCC    444.561209  2 2.0277  1158 | 1/11
 50 h-m-p  0.3255 1.6276   0.3026 ++      444.553638  m 1.6276  1182 | 2/11
 51 h-m-p  0.4501 2.2507   0.2236 --C     444.553598  0 0.0095  1208 | 2/11
 52 h-m-p  0.0069 3.4294   0.6677 +++CC   444.548799  1 0.6265  1236 | 2/11
 53 h-m-p  0.7605 3.8026   0.3732 +YC     444.542930  1 2.5087  1261 | 2/11
 54 h-m-p  0.1918 0.9592   0.5754 ++      444.540003  m 0.9592  1284 | 2/11
 55 h-m-p -0.0000 -0.0000   0.1604 
h-m-p:     -0.00000000e+00     -0.00000000e+00      1.60429924e-01   444.540003
..  | 2/11
 56 h-m-p  0.0016 0.8205   0.1188 C       444.539987  0 0.0022  1327 | 2/11
 57 h-m-p  0.0039 1.9654   0.0708 Y       444.539982  0 0.0028  1350 | 2/11
 58 h-m-p  0.0101 5.0693   0.0351 Y       444.539979  0 0.0055  1373 | 2/11
 59 h-m-p  0.0160 8.0000   0.0308 Y       444.539978  0 0.0027  1396 | 2/11
 60 h-m-p  0.0158 7.9064   0.0449 ++Y     444.539910  0 0.2530  1421 | 2/11
 61 h-m-p  0.0025 0.0706   4.5584 YYYYCYCY   444.534352  7 0.0022  1454 | 2/11
 62 h-m-p  0.0025 0.0939   3.8837 ----Y   444.534352  0 0.0000  1472 | 2/11
 63 h-m-p  0.0120 6.0011   1.6028 ++CCC   444.530289  2 0.3094  1492 | 2/11
 64 h-m-p  1.6000 8.0000   0.0422 ++      444.523161  m 8.0000  1506 | 2/11
 65 h-m-p  0.0014 0.0252 244.4214 YC      444.521485  1 0.0007  1530 | 2/11
 66 h-m-p  1.6000 8.0000   0.0382 YC      444.520706  1 3.8470  1545 | 2/11
 67 h-m-p  1.6000 8.0000   0.0205 YC      444.520543  1 1.2401  1569 | 2/11
 68 h-m-p  1.6000 8.0000   0.0064 ++      444.520240  m 8.0000  1592 | 2/11
 69 h-m-p  0.0581 8.0000   0.8871 ++CC    444.516936  1 1.3110  1619 | 2/11
 70 h-m-p  1.6000 8.0000   0.0604 C       444.516592  0 1.6000  1642 | 2/11
 71 h-m-p  1.6000 8.0000   0.0091 C       444.516591  0 1.5090  1665 | 2/11
 72 h-m-p  1.6000 8.0000   0.0011 ++      444.516581  m 8.0000  1688 | 2/11
 73 h-m-p  0.0406 4.2703   0.2217 +++YYYYYYY   444.515779  6 2.5954  1720 | 2/11
 74 h-m-p  0.3632 1.8162   0.2751 -------------Y   444.515779  0 0.0000  1756 | 2/11
 75 h-m-p  0.0056 2.7948   1.2756 ++YC    444.512818  1 0.1887  1782 | 2/11
 76 h-m-p  1.0521 8.0000   0.2288 CCC     444.510917  2 1.5362  1800 | 2/11
 77 h-m-p  1.2027 8.0000   0.2923 C       444.510679  0 1.1329  1823 | 2/11
 78 h-m-p  1.6000 8.0000   0.0534 C       444.510621  0 1.6572  1846 | 2/11
 79 h-m-p  1.6000 8.0000   0.0177 ++      444.510220  m 8.0000  1869 | 1/11
 80 h-m-p  0.0379 1.3293   3.7279 YC      444.510179  1 0.0054  1893 | 1/11
 81 h-m-p  0.0286 5.5822   0.7001 ++YC    444.508893  1 1.0974  1910 | 1/11
 82 h-m-p  1.6000 8.0000   0.0889 CC      444.508508  1 1.3448  1936 | 1/11
 83 h-m-p  1.6000 8.0000   0.0302 YC      444.508450  1 1.1063  1961 | 1/11
 84 h-m-p  1.6000 8.0000   0.0050 Y       444.508450  0 1.1274  1985 | 1/11
 85 h-m-p  1.6000 8.0000   0.0002 +C      444.508450  0 6.4567  2010 | 1/11
 86 h-m-p  1.6000 8.0000   0.0001 ++      444.508445  m 8.0000  2034 | 1/11
 87 h-m-p  0.0114 0.0572   0.0348 ++      444.508432  m 0.0572  2058 | 2/11
 88 h-m-p  0.1013 8.0000   0.0173 Y       444.508432  0 0.0132  2082 | 2/11
 89 h-m-p  0.0320 8.0000   0.0071 +++C    444.508430  0 2.6288  2108 | 2/11
 90 h-m-p  1.6000 8.0000   0.0016 ++      444.508418  m 8.0000  2131 | 2/11
 91 h-m-p  0.9352 8.0000   0.0141 +C      444.508373  0 3.6107  2155 | 2/11
 92 h-m-p  1.6000 8.0000   0.0154 +C      444.508221  0 6.0418  2179 | 2/11
 93 h-m-p  1.0360 8.0000   0.0897 YC      444.508202  1 0.4981  2203 | 2/11
 94 h-m-p  1.5018 8.0000   0.0298 Y       444.508200  0 0.8138  2226 | 2/11
 95 h-m-p  1.4590 8.0000   0.0166 Y       444.508199  0 0.9750  2249 | 2/11
 96 h-m-p  1.6000 8.0000   0.0008 +Y      444.508197  0 4.9247  2273 | 2/11
 97 h-m-p  1.6000 8.0000   0.0023 --------Y   444.508197  0 0.0000  2304 | 2/11
 98 h-m-p  0.0160 8.0000   0.0096 ++C     444.508197  0 0.2883  2329 | 2/11
 99 h-m-p  1.4862 8.0000   0.0019 C       444.508197  0 0.3337  2352 | 2/11
100 h-m-p  0.8621 8.0000   0.0007 C       444.508197  0 0.3279  2375 | 2/11
101 h-m-p  1.1755 8.0000   0.0002 Y       444.508197  0 2.5383  2398 | 2/11
102 h-m-p  0.5355 8.0000   0.0009 ----------------..  | 2/11
103 h-m-p  0.0160 8.0000   0.0012 --------Y   444.508197  0 0.0000  2466 | 2/11
104 h-m-p  0.0160 8.0000   0.0004 C       444.508197  0 0.0050  2489 | 2/11
105 h-m-p  0.0160 8.0000   0.0004 -------------..  | 2/11
106 h-m-p  0.0160 8.0000   0.0023 ------------- | 2/11
107 h-m-p  0.0160 8.0000   0.0023 -------------
Out..
lnL  =  -444.508197
2592 lfun, 25920 eigenQcodon, 139968 P(t)

BEBing (dim = 4).  This may take several minutes.
Calculating f(x_h|w): 10 categories 20 w sets.
S10 w log{f(x|w)}:    0.0500     -3.747926
S10 w log{f(x|w)}:    0.1500     -3.762685
S10 w log{f(x|w)}:    0.2500     -3.777423
S10 w log{f(x|w)}:    0.3500     -3.792139
S10 w log{f(x|w)}:    0.4500     -3.806834
S10 w log{f(x|w)}:    0.5500     -3.821509
S10 w log{f(x|w)}:    0.6500     -3.836162
S10 w log{f(x|w)}:    0.7500     -3.850793
S10 w log{f(x|w)}:    0.8500     -3.865403
S10 w log{f(x|w)}:    0.9500     -3.879992
S10 w log{f(x|w)}:    1.5000     -3.959843
S10 w log{f(x|w)}:    2.5000     -4.103326
S10 w log{f(x|w)}:    3.5000     -4.244560
S10 w log{f(x|w)}:    4.5000     -4.383488
S10 w log{f(x|w)}:    5.5000     -4.520055
S10 w log{f(x|w)}:    6.5000     -4.654210
S10 w log{f(x|w)}:    7.5000     -4.785906
S10 w log{f(x|w)}:    8.5000     -4.915100
S10 w log{f(x|w)}:    9.5000     -5.041756
S10 w log{f(x|w)}:   10.5000     -5.165843
Calculating f(X), the marginal probability of data.
	log(fX) =  -449.288704  S =  -420.246021   -25.178821
Calculating f(w|X), posterior probabilities of site classes.
	did  10 /  52 patterns   1:34	did  20 /  52 patterns   1:35	did  30 /  52 patterns   1:35	did  40 /  52 patterns   1:35	did  50 /  52 patterns   1:35	did  52 /  52 patterns   1:35
Reconstructed ancestral states go into file rst.

lnL =  -444.508197 from ProbSitePattern.
Marginal reconstruction.
	Node   5: lnL =  -444.508197
	Node   6: lnL =  -444.508197
	Node   7: lnL =  -444.508197

warning: strange character '-' 
warning ambiguity in difcodonNG: --- CAA
warning: strange character '-' 
warning ambiguity in difcodonNG: --- AAT
warning: strange character '-' 
warning ambiguity in difcodonNG: --- ATT
warning: strange character '-' 
warning ambiguity in difcodonNG: --- CCC
warning: strange character '-' 
warning ambiguity in difcodonNG: --- TCA
warning: strange character '-' 
warning ambiguity in difcodonNG: --- TCA
warning: strange character '-' 
warning ambiguity in difcodonNG: --- TTG
warning: strange character '-' 
warning ambiguity in difcodonNG: --- CAG
warning: strange character '-' 
warning ambiguity in difcodonNG: --- AAC
warning: strange character '-' 
warning ambiguity in difcodonNG: --- TCA
warning: strange character '-' 
warning ambiguity in difcodonNG: --- CAA
warning: strange character '-' 
warning ambiguity in difcodonNG: --- AAT
warning: strange character '-' 
warning ambiguity in difcodonNG: --- ATT
warning: strange character '-' 
warning ambiguity in difcodonNG: --- CCC
warning: strange character '-' 
warning ambiguity in difcodonNG: --- TCA
warning: strange character '-' 
warning ambiguity in difcodonNG: --- TCA
warning: strange character '-' 
warning ambiguity in difcodonNG: --- TTG
warning: strange character '-' 
warning ambiguity in difcodonNG: --- CAG
warning: strange character '-' 
warning ambiguity in difcodonNG: --- AAC
warning: strange character '-' 
warning ambiguity in difcodonNG: --- TCA
warning: strange character '-' 
warning ambiguity in difcodonNG: CAA ---
warning: strange character '-' 
warning ambiguity in difcodonNG: CAA ---
warning: strange character '-' 
warning ambiguity in difcodonNG: AAT ---
warning: strange character '-' 
warning ambiguity in difcodonNG: AAT ---
warning: strange character '-' 
warning ambiguity in difcodonNG: ATT ---
warning: strange character '-' 
warning ambiguity in difcodonNG: ATT ---
warning: strange character '-' 
warning ambiguity in difcodonNG: CCC ---
warning: strange character '-' 
warning ambiguity in difcodonNG: CCC ---
warning: strange character '-' 
warning ambiguity in difcodonNG: TCA ---
warning: strange character '-' 
warning ambiguity in difcodonNG: TCA ---
warning: strange character '-' 
warning ambiguity in difcodonNG: TCA ---
warning: strange character '-' 
warning ambiguity in difcodonNG: TCA ---
warning: strange character '-' 
warning ambiguity in difcodonNG: TTG ---
warning: strange character '-' 
warning ambiguity in difcodonNG: TTG ---
warning: strange character '-' 
warning ambiguity in difcodonNG: CAG ---
warning: strange character '-' 
warning ambiguity in difcodonNG: CAG ---
warning: strange character '-' 
warning ambiguity in difcodonNG: AAC ---
warning: strange character '-' 
warning ambiguity in difcodonNG: AAC ---
warning: strange character '-' 
warning ambiguity in difcodonNG: TCA ---
warning: strange character '-' 
warning ambiguity in difcodonNG: TCA ---end of tree file.

Time used:  1:36
