
 15         verbose | verbose                1.00
  7         runmode | runmode                0.00
  4         seqtype | seqtype                1.00
 13       CodonFreq | CodonFreq              2.00
  9           clock | clock                  0.00
 18          aaDist | aaDist                 0.00
 19      aaRatefile | aaRatefile             1.00
 16           model | model                  0.00
 20         NSsites | NSsites                7.00
 22           icode | icode                  0.00
 23           Mgene | Mgene                  0.00
 24       fix_kappa | fix_kappa              0.00
 25           kappa | kappa                  2.00
 26       fix_omega | fix_omega              0.00
 27           omega | omega                  0.40
 28       fix_alpha | fix_alpha              1.00
 29           alpha | alpha                  0.00
 30          Malpha | Malpha                 0.00
 31           ncatG | ncatG                  8.00
 11           getSE | getSE                  0.00
 12    RateAncestor | RateAncestor           1.00
 36      Small_Diff | Small_Diff             0.00
  6       cleandata | cleandata              0.00
  8          method | method                 0.00
CODONML in paml version 4.8a, August 2014

----------------------------------------------
Phe F TTT | Ser S TCT | Tyr Y TAT | Cys C TGT
      TTC |       TCC |       TAC |       TGC
Leu L TTA |       TCA | *** * TAA | *** * TGA
      TTG |       TCG |       TAG | Trp W TGG
----------------------------------------------
Leu L CTT | Pro P CCT | His H CAT | Arg R CGT
      CTC |       CCC |       CAC |       CGC
      CTA |       CCA | Gln Q CAA |       CGA
      CTG |       CCG |       CAG |       CGG
----------------------------------------------
Ile I ATT | Thr T ACT | Asn N AAT | Ser S AGT
      ATC |       ACC |       AAC |       AGC
      ATA |       ACA | Lys K AAA | Arg R AGA
Met M ATG |       ACG |       AAG |       AGG
----------------------------------------------
Val V GTT | Ala A GCT | Asp D GAT | Gly G GGT
      GTC |       GCC |       GAC |       GGC
      GTA |       GCA | Glu E GAA |       GGA
      GTG |       GCG |       GAG |       GGG
----------------------------------------------
Nice code, uuh?


Ambiguity character definition table:

T (1): T 
C (1): C 
A (1): A 
G (1): G 
U (1): T 
Y (2): T C 
R (2): A G 
M (2): C A 
K (2): T G 
S (2): C G 
W (2): T A 
H (3): T C A 
B (3): T C G 
V (3): C A G 
D (3): T A G 
- (4): T C A G 
N (4): T C A G 
? (4): T C A G 

ns = 8  	ls = 3876
Reading sequences, interlaved format..
Reading seq # 1: A61     Reading seq # 2: A58     Reading seq # 3: A59     Reading seq # 4: A60     Reading seq # 5: A57     Reading seq # 6: A62     Reading seq # 7: A63     Reading seq # 8: A64     
block   1:     60     60     60     60     60     60     60     60
block   2:    120    120    120    120    120    120    120    120
block   3:    180    180    180    180    180    180    180    180
block   4:    240    240    240    240    240    240    240    240
block   5:    300    300    300    300    300    300    300    300
block   6:    360    360    360    360    360    360    360    360
block   7:    420    420    420    420    420    420    420    420
block   8:    480    480    480    480    480    480    480    480
block   9:    540    540    540    540    540    540    540    540
block  10:    600    600    600    600    600    600    600    600
block  11:    660    660    660    660    660    660    660    660
block  12:    720    720    720    720    720    720    720    720
block  13:    780    780    780    780    780    780    780    780
block  14:    840    840    840    840    840    840    840    840
block  15:    900    900    900    900    900    900    900    900
block  16:    960    960    960    960    960    960    960    960
block  17:   1020   1020   1020   1020   1020   1020   1020   1020
block  18:   1080   1080   1080   1080   1080   1080   1080   1080
block  19:   1140   1140   1140   1140   1140   1140   1140   1140
block  20:   1200   1200   1200   1200   1200   1200   1200   1200
block  21:   1260   1260   1260   1260   1260   1260   1260   1260
block  22:   1320   1320   1320   1320   1320   1320   1320   1320
block  23:   1380   1380   1380   1380   1380   1380   1380   1380
block  24:   1440   1440   1440   1440   1440   1440   1440   1440
block  25:   1500   1500   1500   1500   1500   1500   1500   1500
block  26:   1560   1560   1560   1560   1560   1560   1560   1560
block  27:   1620   1620   1620   1620   1620   1620   1620   1620
block  28:   1680   1680   1680   1680   1680   1680   1680   1680
block  29:   1740   1740   1740   1740   1740   1740   1740   1740
block  30:   1800   1800   1800   1800   1800   1800   1800   1800
block  31:   1860   1860   1860   1860   1860   1860   1860   1860
block  32:   1920   1920   1920   1920   1920   1920   1920   1920
block  33:   1980   1980   1980   1980   1980   1980   1980   1980
block  34:   2040   2040   2040   2040   2040   2040   2040   2040
block  35:   2100   2100   2100   2100   2100   2100   2100   2100
block  36:   2160   2160   2160   2160   2160   2160   2160   2160
block  37:   2220   2220   2220   2220   2220   2220   2220   2220
block  38:   2280   2280   2280   2280   2280   2280   2280   2280
block  39:   2340   2340   2340   2340   2340   2340   2340   2340
block  40:   2400   2400   2400   2400   2400   2400   2400   2400
block  41:   2460   2460   2460   2460   2460   2460   2460   2460
block  42:   2520   2520   2520   2520   2520   2520   2520   2520
block  43:   2580   2580   2580   2580   2580   2580   2580   2580
block  44:   2640   2640   2640   2640   2640   2640   2640   2640
block  45:   2700   2700   2700   2700   2700   2700   2700   2700
block  46:   2760   2760   2760   2760   2760   2760   2760   2760
block  47:   2820   2820   2820   2820   2820   2820   2820   2820
block  48:   2880   2880   2880   2880   2880   2880   2880   2880
block  49:   2940   2940   2940   2940   2940   2940   2940   2940
block  50:   3000   3000   3000   3000   3000   3000   3000   3000
block  51:   3060   3060   3060   3060   3060   3060   3060   3060
block  52:   3120   3120   3120   3120   3120   3120   3120   3120
block  53:   3180   3180   3180   3180   3180   3180   3180   3180
block  54:   3240   3240   3240   3240   3240   3240   3240   3240
block  55:   3300   3300   3300   3300   3300   3300   3300   3300
block  56:   3360   3360   3360   3360   3360   3360   3360   3360
block  57:   3420   3420   3420   3420   3420   3420   3420   3420
block  58:   3480   3480   3480   3480   3480   3480   3480   3480
block  59:   3540   3540   3540   3540   3540   3540   3540   3540
block  60:   3600   3600   3600   3600   3600   3600   3600   3600
block  61:   3660   3660   3660   3660   3660   3660   3660   3660
block  62:   3720   3720   3720   3720   3720   3720   3720   3720
block  63:   3780   3780   3780   3780   3780   3780   3780   3780
block  64:   3840   3840   3840   3840   3840   3840   3840   3840
block  65:   3876   3876   3876   3876   3876   3876   3876   3876
codon     334: TCG TCG AGT TCG AGT AGT TCG TCT 
Sequences read..
Counting site patterns..  0:00
         573 patterns at     1292 /     1292 sites (100.0%),  0:00
1 ambiguous codons are seen in the data:
 ---
Counting codons..

  2   1:Sites   895.2 + 2833.8 = 3729.0	Diffs   113.4 +  236.6 =  350.0
  3   1:Sites   894.6 + 2834.4 = 3729.0	Diffs   105.5 +  241.5 =  347.0
  3   2:Sites   899.4 + 2829.6 = 3729.0	Diffs    49.8 +   98.2 =  148.0
  4   1:Sites   894.3 + 2834.7 = 3729.0	Diffs   104.4 +  222.6 =  327.0
  4   2:Sites   899.1 + 2829.9 = 3729.0	Diffs    30.5 +   45.5 =   76.0
  4   3:Sites   898.5 + 2830.5 = 3729.0	Diffs    45.3 +   98.7 =  144.0
  5   1:Sites   894.4 + 2834.6 = 3729.0	Diffs   108.5 +  246.5 =  355.0
  5   2:Sites   898.2 + 2827.8 = 3726.0	Diffs    43.5 +   75.5 =  119.0
  5   3:Sites   898.6 + 2830.4 = 3729.0	Diffs    39.6 +   77.4 =  117.0
  5   4:Sites   897.3 + 2828.7 = 3726.0	Diffs    35.0 +   62.0 =   97.0
  6   1:Sites   908.8 + 2901.2 = 3810.0	Diffs    95.5 +  192.5 =  288.0
  6   2:Sites   882.4 + 2792.6 = 3675.0	Diffs   145.0 +  270.0 =  415.0
  6   3:Sites   882.9 + 2795.1 = 3678.0	Diffs   152.9 +  285.1 =  438.0
  6   4:Sites   881.6 + 2793.4 = 3675.0	Diffs   136.0 +  261.0 =  397.0
  6   5:Sites   883.0 + 2795.0 = 3678.0	Diffs   144.6 +  257.4 =  402.0
  7   1:Sites   897.2 + 2831.8 = 3729.0	Diffs   188.0 +  342.0 =  530.0
  7   2:Sites   902.0 + 2827.0 = 3729.0	Diffs   158.7 +  227.3 =  386.0
  7   3:Sites   901.5 + 2827.5 = 3729.0	Diffs   146.5 +  195.5 =  342.0
  7   4:Sites   901.1 + 2827.9 = 3729.0	Diffs   151.2 +  224.8 =  376.0
  7   5:Sites   900.0 + 2826.0 = 3726.0	Diffs   159.6 +  236.4 =  396.0
  7   6:Sites   884.7 + 2790.3 = 3675.0	Diffs   222.7 +  391.3 =  614.0
  8   1:Sites   897.6 + 2831.4 = 3729.0	Diffs   193.2 +  344.8 =  538.0
  8   2:Sites   902.4 + 2826.6 = 3729.0	Diffs   164.5 +  233.5 =  398.0
  8   3:Sites   901.9 + 2827.1 = 3729.0	Diffs   148.5 +  192.5 =  341.0
  8   4:Sites   901.5 + 2827.5 = 3729.0	Diffs   156.5 +  231.5 =  388.0
  8   5:Sites   900.4 + 2825.6 = 3726.0	Diffs   163.9 +  241.1 =  405.0
  8   6:Sites   885.1 + 2789.9 = 3675.0	Diffs   225.7 +  397.3 =  623.0
  8   7:Sites   904.4 + 2824.6 = 3729.0	Diffs    19.2 +   22.8 =   42.0

      224 bytes for distance
   559248 bytes for conP
    36672 bytes for fhK
  5000000 bytes for space

TREE #  1
((((6, 1), ((3, (8, 7)), 5)), 4), 2);   MP score: -1
This is a rooted tree, without clock.  Check.

  1957368 bytes for conP, adjusted

    0.011957    0.025402    0.144769    0.150476    0.081303    0.000000    0.029643    0.043294    0.228288    0.021742    0.017272    0.053559    0.025025    0.025572    2.000000    0.383017    1.784487

ntime & nrate & np:    14     1    17

Bounds (np=17):
   0.000004   0.000004   0.000004   0.000004   0.000004   0.000004   0.000004   0.000004   0.000004   0.000004   0.000004   0.000004   0.000004   0.000004   0.000100   0.005000   0.005000
  50.000000  50.000000  50.000000  50.000000  50.000000  50.000000  50.000000  50.000000  50.000000  50.000000  50.000000  50.000000  50.000000  50.000000 999.000000  99.000000  99.000000
Qfactor_NS = 12.507820

np =    17
lnL0 = -10877.445413

Iterating by ming2
Initial: fx= 10877.445413
x=  0.01196  0.02540  0.14477  0.15048  0.08130  0.00000  0.02964  0.04329  0.22829  0.02174  0.01727  0.05356  0.02503  0.02557  2.00000  0.38302  1.78449

  1 h-m-p  0.0000 0.0001 4488.7855 CCYCC 10861.869838  4 0.0000    30 | 0/17
  2 h-m-p  0.0000 0.0001 1104.3999 +YYCCC 10835.114624  4 0.0000    57 | 0/17
  3 h-m-p  0.0000 0.0000 1499.8756 +YCCC 10827.461705  3 0.0000    83 | 0/17
  4 h-m-p  0.0000 0.0002 762.0906 CCCC  10821.241540  3 0.0000   109 | 0/17
  5 h-m-p  0.0000 0.0011 1069.8502 YCCC  10810.370541  3 0.0001   134 | 0/17
  6 h-m-p  0.0000 0.0002 924.4983 YCCCC 10799.929790  4 0.0001   161 | 0/17
  7 h-m-p  0.0000 0.0002 560.6275 CCCCC 10796.109025  4 0.0001   189 | 0/17
  8 h-m-p  0.0001 0.0003 600.0724 CCC   10792.860321  2 0.0001   213 | 0/17
  9 h-m-p  0.0000 0.0005 925.3718 YCCC  10786.063865  3 0.0001   238 | 0/17
 10 h-m-p  0.0001 0.0003 315.8881 CCCC  10784.781982  3 0.0001   264 | 0/17
 11 h-m-p  0.0001 0.0006 313.5547 CCC   10783.812185  2 0.0001   288 | 0/17
 12 h-m-p  0.0002 0.0042 108.4586 CCC   10782.846827  2 0.0003   312 | 0/17
 13 h-m-p  0.0001 0.0007 165.2630 CCC   10782.657683  2 0.0000   336 | 0/17
 14 h-m-p  0.0001 0.0125 136.1197 +++CYYYCC 10747.758298  5 0.0076   367 | 0/17
 15 h-m-p  0.0001 0.0007 940.3897 YYYC  10744.780889  3 0.0001   390 | 0/17
 16 h-m-p  0.0348 1.3740   3.6511 YCCC  10743.645818  3 0.0556   415 | 0/17
 17 h-m-p  0.1714 0.8572   0.8248 YCYYCCC 10712.640833  6 0.5026   445 | 0/17
 18 h-m-p  0.0379 0.1895   1.6543 YYCCCCC 10710.408426  6 0.0457   492 | 0/17
 19 h-m-p  0.1405 0.7026   0.5073 +YYYYCCCC 10690.054155  7 0.5164   523 | 0/17
 20 h-m-p  0.0415 0.2077   0.4326 YCCC  10689.739553  3 0.0250   565 | 0/17
 21 h-m-p  0.0432 0.3679   0.2498 +YYCYCYCC 10684.945375  7 0.2028   613 | 0/17
 22 h-m-p  1.2738 6.3690   0.0293 YYYC  10683.887564  3 1.1556   653 | 0/17
 23 h-m-p  1.0819 5.4097   0.0137 YCC   10683.852346  2 0.6499   693 | 0/17
 24 h-m-p  1.4294 8.0000   0.0062 YCC   10683.837398  2 0.6915   733 | 0/17
 25 h-m-p  0.8956 8.0000   0.0048 CCC   10683.826924  2 1.2471   774 | 0/17
 26 h-m-p  1.6000 8.0000   0.0020 C     10683.818313  0 1.6000   811 | 0/17
 27 h-m-p  0.6470 4.5448   0.0050 CY    10683.817249  1 0.2691   850 | 0/17
 28 h-m-p  0.1856 2.8959   0.0073 Y     10683.816702  0 0.1856   887 | 0/17
 29 h-m-p  0.1822 2.6341   0.0074 C     10683.816624  0 0.0704   924 | 0/17
 30 h-m-p  0.0353 1.2793   0.0148 C     10683.816615  0 0.0130   961 | 0/17
 31 h-m-p  0.0047 0.4600   0.0406 C     10683.816615  0 0.0012   998 | 0/17
 32 h-m-p  0.0002 0.0676   0.2750 C     10683.816615  0 0.0000  1035 | 0/17
 33 h-m-p  0.0001 0.0347   0.5399 Y     10683.816615  0 0.0001  1072 | 0/17
 34 h-m-p  0.0008 0.4109   0.1004 +C    10683.816608  0 0.0030  1110 | 0/17
 35 h-m-p  0.0160 8.0000   0.0274 Y     10683.816601  0 0.0105  1147 | 0/17
 36 h-m-p  0.0020 0.3436   0.1448 ---C  10683.816601  0 0.0000  1187 | 0/17
 37 h-m-p  0.0160 8.0000   0.0232 -----C 10683.816601  0 0.0000  1229 | 0/17
 38 h-m-p  0.0160 8.0000   0.0221 -------------..  | 0/17
 39 h-m-p  0.0000 0.0002  68.1479 --C   10683.816139  0 0.0000  1316 | 0/17
 40 h-m-p  0.0000 0.0101   4.6693 C     10683.815942  0 0.0000  1336 | 0/17
 41 h-m-p  0.0000 0.0221   1.9790 Y     10683.815901  0 0.0000  1356 | 0/17
 42 h-m-p  0.0000 0.0221   1.1625 Y     10683.815891  0 0.0000  1376 | 0/17
 43 h-m-p  0.0000 0.0101   2.1735 Y     10683.815889  0 0.0000  1396 | 0/17
 44 h-m-p  0.0000 0.0084   2.4966 C     10683.815888  0 0.0000  1416 | 0/17
 45 h-m-p  0.0000 0.0099   2.1181 --------..  | 0/17
 46 h-m-p  0.0000 0.0016   6.8100 --C   10683.815883  0 0.0000  1464 | 0/17
 47 h-m-p  0.0001 0.0275   0.6988 +Y    10683.815877  0 0.0002  1485 | 0/17
 48 h-m-p  0.0002 0.0670   0.5527 -----Y 10683.815877  0 0.0000  1527 | 0/17
 49 h-m-p  0.0005 0.2578   0.3630 --C   10683.815877  0 0.0000  1566 | 0/17
 50 h-m-p  0.0004 0.1914   0.4035 -C    10683.815876  0 0.0000  1604 | 0/17
 51 h-m-p  0.0003 0.1690   0.3116 -C    10683.815876  0 0.0000  1642 | 0/17
 52 h-m-p  0.0009 0.4336   0.1632 -Y    10683.815876  0 0.0000  1680 | 0/17
 53 h-m-p  0.0015 0.7414   0.0851 -Y    10683.815876  0 0.0001  1718 | 0/17
 54 h-m-p  0.0024 1.2006   0.0393 -------C 10683.815876  0 0.0000  1762 | 0/17
 55 h-m-p  0.0070 3.5033   0.0423 --Y   10683.815876  0 0.0001  1801 | 0/17
 56 h-m-p  0.0086 4.3242   0.0071 ----------C 10683.815876  0 0.0000  1848 | 0/17
 57 h-m-p  0.0060 3.0154   0.0272 ------------..  | 0/17
 58 h-m-p  0.0000 0.0012   8.9090 ---C  10683.815875  0 0.0000  1935 | 0/17
 59 h-m-p  0.0001 0.0285   0.7960 -C    10683.815875  0 0.0000  1956 | 0/17
 60 h-m-p  0.0002 0.1132   0.2187 ------Y 10683.815875  0 0.0000  1999 | 0/17
 61 h-m-p  0.0021 1.0386   0.0850 ---C  10683.815875  0 0.0000  2039 | 0/17
 62 h-m-p  0.0018 0.9122   0.0919 ------------..  | 0/17
 63 h-m-p  0.0000 0.0011   9.7573 ---C  10683.815874  0 0.0000  2126 | 0/17
 64 h-m-p  0.0001 0.0290   0.6868 -C    10683.815874  0 0.0000  2147 | 0/17
 65 h-m-p  0.0000 0.0113   2.7656 -Y    10683.815874  0 0.0000  2185 | 0/17
 66 h-m-p  0.0009 0.4523   0.0970 --Y   10683.815873  0 0.0000  2207 | 0/17
 67 h-m-p  0.0018 0.9136   0.0665 --Y   10683.815873  0 0.0000  2246 | 0/17
 68 h-m-p  0.0021 1.0490   0.0790 --C   10683.815873  0 0.0000  2285 | 0/17
 69 h-m-p  0.0014 0.7225   0.1130 --C   10683.815873  0 0.0000  2324 | 0/17
 70 h-m-p  0.0019 0.9447   0.1239 ----------Y 10683.815873  0 0.0000  2371 | 0/17
 71 h-m-p  0.0137 6.8556   0.0203 -----C 10683.815873  0 0.0000  2413 | 0/17
 72 h-m-p  0.0155 7.7642   0.0091 ------Y 10683.815873  0 0.0000  2456 | 0/17
 73 h-m-p  0.0160 8.0000   0.0051 ----------C 10683.815873  0 0.0000  2503 | 0/17
 74 h-m-p  0.0001 0.0603   1.2500 ----------..  | 0/17
 75 h-m-p  0.0000 0.0039   2.6228 --C   10683.815873  0 0.0000  2570 | 0/17
 76 h-m-p  0.0001 0.0261   0.7215 C     10683.815872  0 0.0000  2590 | 0/17
 77 h-m-p  0.0003 0.1601   0.3889 -------Y 10683.815872  0 0.0000  2634 | 0/17
 78 h-m-p  0.0020 0.9836   0.1654 ------------..  | 0/17
 79 h-m-p  0.0000 0.0012   8.5347 ---Y  10683.815872  0 0.0000  2721 | 0/17
 80 h-m-p  0.0001 0.0288   0.6589 --Y   10683.815872  0 0.0000  2743 | 0/17
 81 h-m-p  0.0001 0.0305   0.7185 -C    10683.815871  0 0.0000  2781 | 0/17
 82 h-m-p  0.0024 1.1811   0.0310 -----C 10683.815871  0 0.0000  2823 | 0/17
 83 h-m-p  0.0090 4.4935   0.0240 -------------..  | 0/17
 84 h-m-p  0.0000 0.0012   8.8020 ---Y  10683.815871  0 0.0000  2911 | 0/17
 85 h-m-p  0.0001 0.0310   0.5642 -----Y 10683.815871  0 0.0000  2936 | 0/17
 86 h-m-p  0.0010 0.4799   0.0620 --Y   10683.815871  0 0.0000  2975 | 0/17
 87 h-m-p  0.0070 3.5087   0.0172 ----C 10683.815871  0 0.0000  3016 | 0/17
 88 h-m-p  0.0069 3.4408   0.0249 -------------..  | 0/17
 89 h-m-p  0.0000 0.0013   7.8648 -------- | 0/17
 90 h-m-p  0.0000 0.0013   7.8648 --------
Out..
lnL  = -10683.815871
3151 lfun, 28359 eigenQcodon, 352912 P(t)

Reconstructed ancestral states go into file rst.

lnL = -10683.815871 from ProbSitePattern.
Marginal reconstruction.
	Node   9: lnL = -10683.815871
	Node  10: lnL = -10683.815871
	Node  11: lnL = -10683.815871
	Node  12: lnL = -10683.815871
	Node  13: lnL = -10683.815871
	Node  14: lnL = -10683.815871
	Node  15: lnL = -10683.815871

warning: strange character '-' 
warning ambiguity in difcodonNG: --- ATG
warning: strange character '-' 
warning ambiguity in difcodonNG: --- CGT
warning: strange character '-' 
warning ambiguity in difcodonNG: --- GAA
warning: strange character '-' 
warning ambiguity in difcodonNG: --- TTG
warning: strange character '-' 
warning ambiguity in difcodonNG: --- TAT
warning: strange character '-' 
warning ambiguity in difcodonNG: --- GTT
warning: strange character '-' 
warning ambiguity in difcodonNG: --- AGG
warning: strange character '-' 
warning ambiguity in difcodonNG: --- GAT
warning: strange character '-' 
warning ambiguity in difcodonNG: --- GGC
warning: strange character '-' 
warning ambiguity in difcodonNG: --- GCA
warning: strange character '-' 
warning ambiguity in difcodonNG: --- GTC
warning: strange character '-' 
warning ambiguity in difcodonNG: --- ACT
warning: strange character '-' 
warning ambiguity in difcodonNG: --- TAC
warning: strange character '-' 
warning ambiguity in difcodonNG: --- GTA
warning: strange character '-' 
warning ambiguity in difcodonNG: --- GTG
warning: strange character '-' 
warning ambiguity in difcodonNG: --- TTT
warning: strange character '-' 
warning ambiguity in difcodonNG: --- TCT
warning: strange character '-' 
warning ambiguity in difcodonNG: --- AGC
warning: strange character '-' 
warning ambiguity in difcodonNG: --- AAC
warning: strange character '-' 
warning ambiguity in difcodonNG: --- GAC
warning: strange character '-' 
warning ambiguity in difcodonNG: --- GGA
warning: strange character '-' 
warning ambiguity in difcodonNG: --- AGC
warning: strange character '-' 
warning ambiguity in difcodonNG: --- AAC
warning: strange character '-' 
warning ambiguity in difcodonNG: --- GAC
warning: strange character '-' 
warning ambiguity in difcodonNG: --- GGC
warning: strange character '-' 
warning ambiguity in difcodonNG: --- TTT
warning: strange character '-' 
warning ambiguity in difcodonNG: --- ACT
warning: strange character '-' 
warning ambiguity in difcodonNG: --- GAT
warning: strange character '-' 
warning ambiguity in difcodonNG: --- AAG
warning: strange character '-' 
warning ambiguity in difcodonNG: --- GCT
warning: strange character '-' 
warning ambiguity in difcodonNG: --- TTA
warning: strange character '-' 
warning ambiguity in difcodonNG: --- TCT
warning: strange character '-' 
warning ambiguity in difcodonNG: --- CAT
warning: strange character '-' 
warning ambiguity in difcodonNG: --- AGC
warning: strange character '-' 
warning ambiguity in difcodonNG: --- ATT
warning: strange character '-' 
warning ambiguity in difcodonNG: --- TGC
warning: strange character '-' 
warning ambiguity in difcodonNG: --- GAT
warning: strange character '-' 
warning ambiguity in difcodonNG: --- GTT
warning: strange character '-' 
warning ambiguity in difcodonNG: --- AGC
warning: strange character '-' 
warning ambiguity in difcodonNG: --- CAG
warning: strange character '-' 
warning ambiguity in difcodonNG: --- TTA
warning: strange character '-' 
warning ambiguity in difcodonNG: --- GGA
warning: strange character '-' 
warning ambiguity in difcodonNG: --- CGG
warning: strange character '-' 
warning ambiguity in difcodonNG: --- CAG
warning: strange character '-' 
warning ambiguity in difcodonNG: --- CAT
warning: strange character '-' 
warning ambiguity in difcodonNG: --- CCA
warning: strange character '-' 
warning ambiguity in difcodonNG: --- CTA
warning: strange character '-' 
warning ambiguity in difcodonNG: --- CCT
warning: strange character '-' 
warning ambiguity in difcodonNG: --- TCC
warning: strange character '-' 
warning ambiguity in difcodonNG: --- GTT
warning: strange character '-' 
warning ambiguity in difcodonNG: --- CGC
warning: strange character '-' 
warning ambiguity in difcodonNG: --- GTT
warning: strange character '-' 
warning ambiguity in difcodonNG: --- AAT
warning: strange character '-' 
warning ambiguity in difcodonNG: --- ATG
warning: strange character '-' 
warning ambiguity in difcodonNG: --- TTT
warning: strange character '-' 
warning ambiguity in difcodonNG: --- AAC
warning: strange character '-' 
warning ambiguity in difcodonNG: --- GGC
warning: strange character '-' 
warning ambiguity in difcodonNG: --- ACC
warning: strange character '-' 
warning ambiguity in difcodonNG: --- TTG
warning: strange character '-' 
warning ambiguity in difcodonNG: --- GAG
warning: strange character '-' 
warning ambiguity in difcodonNG: --- AAA
warning: strange character '-' 
warning ambiguity in difcodonNG: --- TTT
warning: strange character '-' 
warning ambiguity in difcodonNG: --- GAT
warning: strange character '-' 
warning ambiguity in difcodonNG: --- TCA
warning: strange character '-' 
warning ambiguity in difcodonNG: --- CGT
warning: strange character '-' 
warning ambiguity in difcodonNG: --- GAA
warning: strange character '-' 
warning ambiguity in difcodonNG: --- CCA
warning: strange character '-' 
warning ambiguity in difcodonNG: --- TTA
warning: strange character '-' 
warning ambiguity in difcodonNG: --- TTT
warning: strange character '-' 
warning ambiguity in difcodonNG: --- GGC
warning: strange character '-' 
warning ambiguity in difcodonNG: --- AGC
warning: strange character '-' 
warning ambiguity in difcodonNG: --- AAC
warning: strange character '-' 
warning ambiguity in difcodonNG: --- GAC
warning: strange character '-' 
warning ambiguity in difcodonNG: --- GGC
warning: strange character '-' 
warning ambiguity in difcodonNG: --- TTT
warning: strange character '-' 
warning ambiguity in difcodonNG: --- ACT
warning: strange character '-' 
warning ambiguity in difcodonNG: --- GAT
warning: strange character '-' 
warning ambiguity in difcodonNG: --- AAG
warning: strange character '-' 
warning ambiguity in difcodonNG: --- GCT
warning: strange character '-' 
warning ambiguity in difcodonNG: --- TTA
warning: strange character '-' 
warning ambiguity in difcodonNG: --- TCT
warning: strange character '-' 
warning ambiguity in difcodonNG: --- CAT
warning: strange character '-' 
warning ambiguity in difcodonNG: --- AGC
warning: strange character '-' 
warning ambiguity in difcodonNG: --- ATT
warning: strange character '-' 
warning ambiguity in difcodonNG: --- TGC
warning: strange character '-' 
warning ambiguity in difcodonNG: --- GAT
warning: strange character '-' 
warning ambiguity in difcodonNG: --- GTT
warning: strange character '-' 
warning ambiguity in difcodonNG: --- AGC
warning: strange character '-' 
warning ambiguity in difcodonNG: --- CAG
warning: strange character '-' 
warning ambiguity in difcodonNG: --- TTA
warning: strange character '-' 
warning ambiguity in difcodonNG: --- GGA
warning: strange character '-' 
warning ambiguity in difcodonNG: --- CGG
warning: strange character '-' 
warning ambiguity in difcodonNG: --- CAG
warning: strange character '-' 
warning ambiguity in difcodonNG: --- CAT
warning: strange character '-' 
warning ambiguity in difcodonNG: --- CCA
warning: strange character '-' 
warning ambiguity in difcodonNG: --- CTA
warning: strange character '-' 
warning ambiguity in difcodonNG: --- CCT
warning: strange character '-' 
warning ambiguity in difcodonNG: --- TCC
warning: strange character '-' 
warning ambiguity in difcodonNG: --- GTT
warning: strange character '-' 
warning ambiguity in difcodonNG: --- CGC
warning: strange character '-' 
warning ambiguity in difcodonNG: --- GTT
warning: strange character '-' 
warning ambiguity in difcodonNG: --- AAT
warning: strange character '-' 
warning ambiguity in difcodonNG: --- ATG
warning: strange character '-' 
warning ambiguity in difcodonNG: --- TTT
warning: strange character '-' 
warning ambiguity in difcodonNG: --- AAC
warning: strange character '-' 
warning ambiguity in difcodonNG: --- GGC
warning: strange character '-' 
warning ambiguity in difcodonNG: --- ACC
warning: strange character '-' 
warning ambiguity in difcodonNG: --- TTG
warning: strange character '-' 
warning ambiguity in difcodonNG: --- GAG
warning: strange character '-' 
warning ambiguity in difcodonNG: --- AAA
warning: strange character '-' 
warning ambiguity in difcodonNG: --- TTT
warning: strange character '-' 
warning ambiguity in difcodonNG: --- GAT
warning: strange character '-' 
warning ambiguity in difcodonNG: --- TCA
warning: strange character '-' 
warning ambiguity in difcodonNG: --- CGT
warning: strange character '-' 
warning ambiguity in difcodonNG: --- GAA
warning: strange character '-' 
warning ambiguity in difcodonNG: --- CCA
warning: strange character '-' 
warning ambiguity in difcodonNG: --- TTA
warning: strange character '-' 
warning ambiguity in difcodonNG: --- TTT
warning: strange character '-' 
warning ambiguity in difcodonNG: --- GGC
warning: strange character '-' 
warning ambiguity in difcodonNG: --- AGC
warning: strange character '-' 
warning ambiguity in difcodonNG: --- AAC
warning: strange character '-' 
warning ambiguity in difcodonNG: --- GAC
warning: strange character '-' 
warning ambiguity in difcodonNG: --- GGC
warning: strange character '-' 
warning ambiguity in difcodonNG: --- TTT
warning: strange character '-' 
warning ambiguity in difcodonNG: --- ACT
warning: strange character '-' 
warning ambiguity in difcodonNG: --- GAT
warning: strange character '-' 
warning ambiguity in difcodonNG: --- AAG
warning: strange character '-' 
warning ambiguity in difcodonNG: --- GCT
warning: strange character '-' 
warning ambiguity in difcodonNG: --- TTA
warning: strange character '-' 
warning ambiguity in difcodonNG: --- TCT
warning: strange character '-' 
warning ambiguity in difcodonNG: --- CAT
warning: strange character '-' 
warning ambiguity in difcodonNG: --- AGC
warning: strange character '-' 
warning ambiguity in difcodonNG: --- ATT
warning: strange character '-' 
warning ambiguity in difcodonNG: --- TGC
warning: strange character '-' 
warning ambiguity in difcodonNG: --- GAT
warning: strange character '-' 
warning ambiguity in difcodonNG: --- GTT
warning: strange character '-' 
warning ambiguity in difcodonNG: --- AGC
warning: strange character '-' 
warning ambiguity in difcodonNG: --- CAG
warning: strange character '-' 
warning ambiguity in difcodonNG: --- TTA
warning: strange character '-' 
warning ambiguity in difcodonNG: --- GGA
warning: strange character '-' 
warning ambiguity in difcodonNG: --- CGG
warning: strange character '-' 
warning ambiguity in difcodonNG: --- CAG
warning: strange character '-' 
warning ambiguity in difcodonNG: --- CAT
warning: strange character '-' 
warning ambiguity in difcodonNG: --- CCA
warning: strange character '-' 
warning ambiguity in difcodonNG: --- CTA
warning: strange character '-' 
warning ambiguity in difcodonNG: --- CCT
warning: strange character '-' 
warning ambiguity in difcodonNG: --- TCC
warning: strange character '-' 
warning ambiguity in difcodonNG: --- GTT
warning: strange character '-' 
warning ambiguity in difcodonNG: --- CGC
warning: strange character '-' 
warning ambiguity in difcodonNG: --- GTT
warning: strange character '-' 
warning ambiguity in difcodonNG: --- AAT
warning: strange character '-' 
warning ambiguity in difcodonNG: --- ATG
warning: strange character '-' 
warning ambiguity in difcodonNG: --- TTT
warning: strange character '-' 
warning ambiguity in difcodonNG: --- AAC
warning: strange character '-' 
warning ambiguity in difcodonNG: --- GGC
warning: strange character '-' 
warning ambiguity in difcodonNG: --- ACC
warning: strange character '-' 
warning ambiguity in difcodonNG: --- TTG
warning: strange character '-' 
warning ambiguity in difcodonNG: --- GAG
warning: strange character '-' 
warning ambiguity in difcodonNG: --- AAA
warning: strange character '-' 
warning ambiguity in difcodonNG: --- TTT
warning: strange character '-' 
warning ambiguity in difcodonNG: --- GAT
warning: strange character '-' 
warning ambiguity in difcodonNG: --- TCA
warning: strange character '-' 
warning ambiguity in difcodonNG: --- CGT
warning: strange character '-' 
warning ambiguity in difcodonNG: --- GAA
warning: strange character '-' 
warning ambiguity in difcodonNG: --- CCA
warning: strange character '-' 
warning ambiguity in difcodonNG: --- TTA
warning: strange character '-' 
warning ambiguity in difcodonNG: --- TTT
warning: strange character '-' 
warning ambiguity in difcodonNG: --- GGC
warning: strange character '-' 
warning ambiguity in difcodonNG: --- AGC
warning: strange character '-' 
warning ambiguity in difcodonNG: --- AAC
warning: strange character '-' 
warning ambiguity in difcodonNG: --- GAC
warning: strange character '-' 
warning ambiguity in difcodonNG: --- ATA
warning: strange character '-' 
warning ambiguity in difcodonNG: --- TTT
warning: strange character '-' 
warning ambiguity in difcodonNG: --- ACT
warning: strange character '-' 
warning ambiguity in difcodonNG: --- GAT
warning: strange character '-' 
warning ambiguity in difcodonNG: --- AAG
warning: strange character '-' 
warning ambiguity in difcodonNG: --- GCT
warning: strange character '-' 
warning ambiguity in difcodonNG: --- TTA
warning: strange character '-' 
warning ambiguity in difcodonNG: --- TCT
warning: strange character '-' 
warning ambiguity in difcodonNG: --- CAT
warning: strange character '-' 
warning ambiguity in difcodonNG: --- AGC
warning: strange character '-' 
warning ambiguity in difcodonNG: --- ATT
warning: strange character '-' 
warning ambiguity in difcodonNG: --- TGC
warning: strange character '-' 
warning ambiguity in difcodonNG: --- GAT
warning: strange character '-' 
warning ambiguity in difcodonNG: --- GTT
warning: strange character '-' 
warning ambiguity in difcodonNG: --- AGC
warning: strange character '-' 
warning ambiguity in difcodonNG: --- CAG
warning: strange character '-' 
warning ambiguity in difcodonNG: --- TTA
warning: strange character '-' 
warning ambiguity in difcodonNG: --- GGA
warning: strange character '-' 
warning ambiguity in difcodonNG: --- CGG
warning: strange character '-' 
warning ambiguity in difcodonNG: --- CAG
warning: strange character '-' 
warning ambiguity in difcodonNG: --- CAT
warning: strange character '-' 
warning ambiguity in difcodonNG: --- CCA
warning: strange character '-' 
warning ambiguity in difcodonNG: --- CTA
warning: strange character '-' 
warning ambiguity in difcodonNG: --- CCT
warning: strange character '-' 
warning ambiguity in difcodonNG: --- TCC
warning: strange character '-' 
warning ambiguity in difcodonNG: --- GTT
warning: strange character '-' 
warning ambiguity in difcodonNG: --- CGC
warning: strange character '-' 
warning ambiguity in difcodonNG: --- AAT
warning: strange character '-' 
warning ambiguity in difcodonNG: --- ATG
warning: strange character '-' 
warning ambiguity in difcodonNG: --- TTT
warning: strange character '-' 
warning ambiguity in difcodonNG: --- AAC
warning: strange character '-' 
warning ambiguity in difcodonNG: --- GGC
warning: strange character '-' 
warning ambiguity in difcodonNG: --- ACC
warning: strange character '-' 
warning ambiguity in difcodonNG: --- TTG
warning: strange character '-' 
warning ambiguity in difcodonNG: --- GAG
warning: strange character '-' 
warning ambiguity in difcodonNG: --- AAA
warning: strange character '-' 
warning ambiguity in difcodonNG: --- TTT
warning: strange character '-' 
warning ambiguity in difcodonNG: --- GAT
warning: strange character '-' 
warning ambiguity in difcodonNG: --- TCA
warning: strange character '-' 
warning ambiguity in difcodonNG: --- CGT
warning: strange character '-' 
warning ambiguity in difcodonNG: --- GAA
warning: strange character '-' 
warning ambiguity in difcodonNG: --- CCA
warning: strange character '-' 
warning ambiguity in difcodonNG: --- TTA
warning: strange character '-' 
warning ambiguity in difcodonNG: --- TTT
warning: strange character '-' 
warning ambiguity in difcodonNG: --- GGC
warning: strange character '-' 
warning ambiguity in difcodonNG: --- AGC
warning: strange character '-' 
warning ambiguity in difcodonNG: --- AAC
warning: strange character '-' 
warning ambiguity in difcodonNG: --- GAC
warning: strange character '-' 
warning ambiguity in difcodonNG: --- GGC
warning: strange character '-' 
warning ambiguity in difcodonNG: --- TTT
warning: strange character '-' 
warning ambiguity in difcodonNG: --- ACT
warning: strange character '-' 
warning ambiguity in difcodonNG: --- GAT
warning: strange character '-' 
warning ambiguity in difcodonNG: --- AAG
warning: strange character '-' 
warning ambiguity in difcodonNG: --- GCT
warning: strange character '-' 
warning ambiguity in difcodonNG: --- TTA
warning: strange character '-' 
warning ambiguity in difcodonNG: --- TCT
warning: strange character '-' 
warning ambiguity in difcodonNG: --- CAT
warning: strange character '-' 
warning ambiguity in difcodonNG: --- AGC
warning: strange character '-' 
warning ambiguity in difcodonNG: --- ATT
warning: strange character '-' 
warning ambiguity in difcodonNG: --- TGC
warning: strange character '-' 
warning ambiguity in difcodonNG: --- GAT
warning: strange character '-' 
warning ambiguity in difcodonNG: --- GTT
warning: strange character '-' 
warning ambiguity in difcodonNG: --- AGC
warning: strange character '-' 
warning ambiguity in difcodonNG: --- CAG
warning: strange character '-' 
warning ambiguity in difcodonNG: --- TTA
warning: strange character '-' 
warning ambiguity in difcodonNG: --- GGA
warning: strange character '-' 
warning ambiguity in difcodonNG: --- CGG
warning: strange character '-' 
warning ambiguity in difcodonNG: --- CAG
warning: strange character '-' 
warning ambiguity in difcodonNG: --- CAT
warning: strange character '-' 
warning ambiguity in difcodonNG: --- CCA
warning: strange character '-' 
warning ambiguity in difcodonNG: --- CTA
warning: strange character '-' 
warning ambiguity in difcodonNG: --- CCT
warning: strange character '-' 
warning ambiguity in difcodonNG: --- TCC
warning: strange character '-' 
warning ambiguity in difcodonNG: --- GTT
warning: strange character '-' 
warning ambiguity in difcodonNG: --- CGC
warning: strange character '-' 
warning ambiguity in difcodonNG: --- GTT
warning: strange character '-' 
warning ambiguity in difcodonNG: --- AAT
warning: strange character '-' 
warning ambiguity in difcodonNG: --- ATG
warning: strange character '-' 
warning ambiguity in difcodonNG: --- TTT
warning: strange character '-' 
warning ambiguity in difcodonNG: --- AAC
warning: strange character '-' 
warning ambiguity in difcodonNG: --- GGC
warning: strange character '-' 
warning ambiguity in difcodonNG: --- ACC
warning: strange character '-' 
warning ambiguity in difcodonNG: --- TTG
warning: strange character '-' 
warning ambiguity in difcodonNG: --- GAG
warning: strange character '-' 
warning ambiguity in difcodonNG: --- AAA
warning: strange character '-' 
warning ambiguity in difcodonNG: --- TTT
warning: strange character '-' 
warning ambiguity in difcodonNG: --- GAT
warning: strange character '-' 
warning ambiguity in difcodonNG: --- TCA
warning: strange character '-' 
warning ambiguity in difcodonNG: --- CGT
warning: strange character '-' 
warning ambiguity in difcodonNG: --- GAA
warning: strange character '-' 
warning ambiguity in difcodonNG: --- CCA
warning: strange character '-' 
warning ambiguity in difcodonNG: --- TTA
warning: strange character '-' 
warning ambiguity in difcodonNG: --- TTT
warning: strange character '-' 
warning ambiguity in difcodonNG: --- GGC
warning: strange character '-' 
warning ambiguity in difcodonNG: --- AGC
warning: strange character '-' 
warning ambiguity in difcodonNG: --- AAC
warning: strange character '-' 
warning ambiguity in difcodonNG: --- GAC
warning: strange character '-' 
warning ambiguity in difcodonNG: --- GGC
warning: strange character '-' 
warning ambiguity in difcodonNG: --- TTT
warning: strange character '-' 
warning ambiguity in difcodonNG: --- ACT
warning: strange character '-' 
warning ambiguity in difcodonNG: --- GAT
warning: strange character '-' 
warning ambiguity in difcodonNG: --- AAG
warning: strange character '-' 
warning ambiguity in difcodonNG: --- GCT
warning: strange character '-' 
warning ambiguity in difcodonNG: --- TTA
warning: strange character '-' 
warning ambiguity in difcodonNG: --- TCT
warning: strange character '-' 
warning ambiguity in difcodonNG: --- CAT
warning: strange character '-' 
warning ambiguity in difcodonNG: --- AGC
warning: strange character '-' 
warning ambiguity in difcodonNG: --- ATT
warning: strange character '-' 
warning ambiguity in difcodonNG: --- TGC
warning: strange character '-' 
warning ambiguity in difcodonNG: --- GAT
warning: strange character '-' 
warning ambiguity in difcodonNG: --- GTT
warning: strange character '-' 
warning ambiguity in difcodonNG: --- AGC
warning: strange character '-' 
warning ambiguity in difcodonNG: --- CAG
warning: strange character '-' 
warning ambiguity in difcodonNG: --- TTA
warning: strange character '-' 
warning ambiguity in difcodonNG: --- GGA
warning: strange character '-' 
warning ambiguity in difcodonNG: --- CGG
warning: strange character '-' 
warning ambiguity in difcodonNG: --- CAG
warning: strange character '-' 
warning ambiguity in difcodonNG: --- CAT
warning: strange character '-' 
warning ambiguity in difcodonNG: --- CCA
warning: strange character '-' 
warning ambiguity in difcodonNG: --- CTA
warning: strange character '-' 
warning ambiguity in difcodonNG: --- CCT
warning: strange character '-' 
warning ambiguity in difcodonNG: --- TCC
warning: strange character '-' 
warning ambiguity in difcodonNG: --- GTT
warning: strange character '-' 
warning ambiguity in difcodonNG: --- CGC
warning: strange character '-' 
warning ambiguity in difcodonNG: --- GTT
warning: strange character '-' 
warning ambiguity in difcodonNG: --- AAT
warning: strange character '-' 
warning ambiguity in difcodonNG: --- ATG
warning: strange character '-' 
warning ambiguity in difcodonNG: --- TTT
warning: strange character '-' 
warning ambiguity in difcodonNG: --- AAC
warning: strange character '-' 
warning ambiguity in difcodonNG: --- GGC
warning: strange character '-' 
warning ambiguity in difcodonNG: --- ACC
warning: strange character '-' 
warning ambiguity in difcodonNG: --- TTG
warning: strange character '-' 
warning ambiguity in difcodonNG: --- GAG
warning: strange character '-' 
warning ambiguity in difcodonNG: --- AAA
warning: strange character '-' 
warning ambiguity in difcodonNG: --- TTT
warning: strange character '-' 
warning ambiguity in difcodonNG: --- GAT
warning: strange character '-' 
warning ambiguity in difcodonNG: --- TCA
warning: strange character '-' 
warning ambiguity in difcodonNG: --- CGT
warning: strange character '-' 
warning ambiguity in difcodonNG: --- GAA
warning: strange character '-' 
warning ambiguity in difcodonNG: --- CCA
warning: strange character '-' 
warning ambiguity in difcodonNG: --- TTA
warning: strange character '-' 
warning ambiguity in difcodonNG: --- TTT
warning: strange character '-' 
warning ambiguity in difcodonNG: --- GGC
warning: strange character '-' 
warning ambiguity in difcodonNG: ATG ---
warning: strange character '-' 
warning ambiguity in difcodonNG: CGT ---
warning: strange character '-' 
warning ambiguity in difcodonNG: GAA ---
warning: strange character '-' 
warning ambiguity in difcodonNG: TTG ---
warning: strange character '-' 
warning ambiguity in difcodonNG: TAT ---
warning: strange character '-' 
warning ambiguity in difcodonNG: GTT ---
warning: strange character '-' 
warning ambiguity in difcodonNG: AGG ---
warning: strange character '-' 
warning ambiguity in difcodonNG: GAT ---
warning: strange character '-' 
warning ambiguity in difcodonNG: GGC ---
warning: strange character '-' 
warning ambiguity in difcodonNG: GCA ---
warning: strange character '-' 
warning ambiguity in difcodonNG: GTC ---
warning: strange character '-' 
warning ambiguity in difcodonNG: ACT ---
warning: strange character '-' 
warning ambiguity in difcodonNG: TAC ---
warning: strange character '-' 
warning ambiguity in difcodonNG: GTA ---
warning: strange character '-' 
warning ambiguity in difcodonNG: GTG ---
warning: strange character '-' 
warning ambiguity in difcodonNG: TTT ---
warning: strange character '-' 
warning ambiguity in difcodonNG: TCT ---
warning: strange character '-' 
warning ambiguity in difcodonNG: AGC ---
warning: strange character '-' 
warning ambiguity in difcodonNG: AGC ---
warning: strange character '-' 
warning ambiguity in difcodonNG: AGC ---
warning: strange character '-' 
warning ambiguity in difcodonNG: AGC ---
warning: strange character '-' 
warning ambiguity in difcodonNG: AGC ---
warning: strange character '-' 
warning ambiguity in difcodonNG: AGC ---
warning: strange character '-' 
warning ambiguity in difcodonNG: AGC ---
warning: strange character '-' 
warning ambiguity in difcodonNG: AAC ---
warning: strange character '-' 
warning ambiguity in difcodonNG: AAC ---
warning: strange character '-' 
warning ambiguity in difcodonNG: AAC ---
warning: strange character '-' 
warning ambiguity in difcodonNG: AAC ---
warning: strange character '-' 
warning ambiguity in difcodonNG: AAC ---
warning: strange character '-' 
warning ambiguity in difcodonNG: AAC ---
warning: strange character '-' 
warning ambiguity in difcodonNG: AAC ---
warning: strange character '-' 
warning ambiguity in difcodonNG: GAC ---
warning: strange character '-' 
warning ambiguity in difcodonNG: GAC ---
warning: strange character '-' 
warning ambiguity in difcodonNG: GAC ---
warning: strange character '-' 
warning ambiguity in difcodonNG: GAC ---
warning: strange character '-' 
warning ambiguity in difcodonNG: GAC ---
warning: strange character '-' 
warning ambiguity in difcodonNG: GAC ---
warning: strange character '-' 
warning ambiguity in difcodonNG: GAC ---
warning: strange character '-' 
warning ambiguity in difcodonNG: GGC ---
warning: strange character '-' 
warning ambiguity in difcodonNG: GGC ---
warning: strange character '-' 
warning ambiguity in difcodonNG: GGC ---
warning: strange character '-' 
warning ambiguity in difcodonNG: GGC ---
warning: strange character '-' 
warning ambiguity in difcodonNG: GGC ---
warning: strange character '-' 
warning ambiguity in difcodonNG: ATA ---
warning: strange character '-' 
warning ambiguity in difcodonNG: GGA ---
warning: strange character '-' 
warning ambiguity in difcodonNG: TTT ---
warning: strange character '-' 
warning ambiguity in difcodonNG: TTT ---
warning: strange character '-' 
warning ambiguity in difcodonNG: TTT ---
warning: strange character '-' 
warning ambiguity in difcodonNG: TTT ---
warning: strange character '-' 
warning ambiguity in difcodonNG: TTT ---
warning: strange character '-' 
warning ambiguity in difcodonNG: TTT ---
warning: strange character '-' 
warning ambiguity in difcodonNG: ACT ---
warning: strange character '-' 
warning ambiguity in difcodonNG: ACT ---
warning: strange character '-' 
warning ambiguity in difcodonNG: ACT ---
warning: strange character '-' 
warning ambiguity in difcodonNG: ACT ---
warning: strange character '-' 
warning ambiguity in difcodonNG: ACT ---
warning: strange character '-' 
warning ambiguity in difcodonNG: ACT ---
warning: strange character '-' 
warning ambiguity in difcodonNG: GAT ---
warning: strange character '-' 
warning ambiguity in difcodonNG: GAT ---
warning: strange character '-' 
warning ambiguity in difcodonNG: GAT ---
warning: strange character '-' 
warning ambiguity in difcodonNG: GAT ---
warning: strange character '-' 
warning ambiguity in difcodonNG: GAT ---
warning: strange character '-' 
warning ambiguity in difcodonNG: GAT ---
warning: strange character '-' 
warning ambiguity in difcodonNG: AAG ---
warning: strange character '-' 
warning ambiguity in difcodonNG: AAG ---
warning: strange character '-' 
warning ambiguity in difcodonNG: AAG ---
warning: strange character '-' 
warning ambiguity in difcodonNG: AAG ---
warning: strange character '-' 
warning ambiguity in difcodonNG: AAG ---
warning: strange character '-' 
warning ambiguity in difcodonNG: AAG ---
warning: strange character '-' 
warning ambiguity in difcodonNG: GCT ---
warning: strange character '-' 
warning ambiguity in difcodonNG: GCT ---
warning: strange character '-' 
warning ambiguity in difcodonNG: GCT ---
warning: strange character '-' 
warning ambiguity in difcodonNG: GCT ---
warning: strange character '-' 
warning ambiguity in difcodonNG: GCT ---
warning: strange character '-' 
warning ambiguity in difcodonNG: GCT ---
warning: strange character '-' 
warning ambiguity in difcodonNG: TTA ---
warning: strange character '-' 
warning ambiguity in difcodonNG: TTA ---
warning: strange character '-' 
warning ambiguity in difcodonNG: TTA ---
warning: strange character '-' 
warning ambiguity in difcodonNG: TTA ---
warning: strange character '-' 
warning ambiguity in difcodonNG: TTA ---
warning: strange character '-' 
warning ambiguity in difcodonNG: TTA ---
warning: strange character '-' 
warning ambiguity in difcodonNG: TCT ---
warning: strange character '-' 
warning ambiguity in difcodonNG: TCT ---
warning: strange character '-' 
warning ambiguity in difcodonNG: TCT ---
warning: strange character '-' 
warning ambiguity in difcodonNG: TCT ---
warning: strange character '-' 
warning ambiguity in difcodonNG: TCT ---
warning: strange character '-' 
warning ambiguity in difcodonNG: TCT ---
warning: strange character '-' 
warning ambiguity in difcodonNG: CAT ---
warning: strange character '-' 
warning ambiguity in difcodonNG: CAT ---
warning: strange character '-' 
warning ambiguity in difcodonNG: CAT ---
warning: strange character '-' 
warning ambiguity in difcodonNG: CAT ---
warning: strange character '-' 
warning ambiguity in difcodonNG: CAT ---
warning: strange character '-' 
warning ambiguity in difcodonNG: CAT ---
warning: strange character '-' 
warning ambiguity in difcodonNG: AGC ---
warning: strange character '-' 
warning ambiguity in difcodonNG: AGC ---
warning: strange character '-' 
warning ambiguity in difcodonNG: AGC ---
warning: strange character '-' 
warning ambiguity in difcodonNG: AGC ---
warning: strange character '-' 
warning ambiguity in difcodonNG: AGC ---
warning: strange character '-' 
warning ambiguity in difcodonNG: AGC ---
warning: strange character '-' 
warning ambiguity in difcodonNG: ATT ---
warning: strange character '-' 
warning ambiguity in difcodonNG: ATT ---
warning: strange character '-' 
warning ambiguity in difcodonNG: ATT ---
warning: strange character '-' 
warning ambiguity in difcodonNG: ATT ---
warning: strange character '-' 
warning ambiguity in difcodonNG: ATT ---
warning: strange character '-' 
warning ambiguity in difcodonNG: ATT ---
warning: strange character '-' 
warning ambiguity in difcodonNG: TGC ---
warning: strange character '-' 
warning ambiguity in difcodonNG: TGC ---
warning: strange character '-' 
warning ambiguity in difcodonNG: TGC ---
warning: strange character '-' 
warning ambiguity in difcodonNG: TGC ---
warning: strange character '-' 
warning ambiguity in difcodonNG: TGC ---
warning: strange character '-' 
warning ambiguity in difcodonNG: TGC ---
warning: strange character '-' 
warning ambiguity in difcodonNG: GAT ---
warning: strange character '-' 
warning ambiguity in difcodonNG: GAT ---
warning: strange character '-' 
warning ambiguity in difcodonNG: GAT ---
warning: strange character '-' 
warning ambiguity in difcodonNG: GAT ---
warning: strange character '-' 
warning ambiguity in difcodonNG: GAT ---
warning: strange character '-' 
warning ambiguity in difcodonNG: GAT ---
warning: strange character '-' 
warning ambiguity in difcodonNG: GTT ---
warning: strange character '-' 
warning ambiguity in difcodonNG: GTT ---
warning: strange character '-' 
warning ambiguity in difcodonNG: GTT ---
warning: strange character '-' 
warning ambiguity in difcodonNG: GTT ---
warning: strange character '-' 
warning ambiguity in difcodonNG: GTT ---
warning: strange character '-' 
warning ambiguity in difcodonNG: GTT ---
warning: strange character '-' 
warning ambiguity in difcodonNG: AGC ---
warning: strange character '-' 
warning ambiguity in difcodonNG: AGC ---
warning: strange character '-' 
warning ambiguity in difcodonNG: AGC ---
warning: strange character '-' 
warning ambiguity in difcodonNG: AGC ---
warning: strange character '-' 
warning ambiguity in difcodonNG: AGC ---
warning: strange character '-' 
warning ambiguity in difcodonNG: AGC ---
warning: strange character '-' 
warning ambiguity in difcodonNG: CAG ---
warning: strange character '-' 
warning ambiguity in difcodonNG: CAG ---
warning: strange character '-' 
warning ambiguity in difcodonNG: CAG ---
warning: strange character '-' 
warning ambiguity in difcodonNG: CAG ---
warning: strange character '-' 
warning ambiguity in difcodonNG: CAG ---
warning: strange character '-' 
warning ambiguity in difcodonNG: CAG ---
warning: strange character '-' 
warning ambiguity in difcodonNG: TTA ---
warning: strange character '-' 
warning ambiguity in difcodonNG: TTA ---
warning: strange character '-' 
warning ambiguity in difcodonNG: TTA ---
warning: strange character '-' 
warning ambiguity in difcodonNG: TTA ---
warning: strange character '-' 
warning ambiguity in difcodonNG: TTA ---
warning: strange character '-' 
warning ambiguity in difcodonNG: TTA ---
warning: strange character '-' 
warning ambiguity in difcodonNG: GGA ---
warning: strange character '-' 
warning ambiguity in difcodonNG: GGA ---
warning: strange character '-' 
warning ambiguity in difcodonNG: GGA ---
warning: strange character '-' 
warning ambiguity in difcodonNG: GGA ---
warning: strange character '-' 
warning ambiguity in difcodonNG: GGA ---
warning: strange character '-' 
warning ambiguity in difcodonNG: GGA ---
warning: strange character '-' 
warning ambiguity in difcodonNG: CGG ---
warning: strange character '-' 
warning ambiguity in difcodonNG: CGG ---
warning: strange character '-' 
warning ambiguity in difcodonNG: CGG ---
warning: strange character '-' 
warning ambiguity in difcodonNG: CGG ---
warning: strange character '-' 
warning ambiguity in difcodonNG: CGG ---
warning: strange character '-' 
warning ambiguity in difcodonNG: CGG ---
warning: strange character '-' 
warning ambiguity in difcodonNG: CAG ---
warning: strange character '-' 
warning ambiguity in difcodonNG: CAG ---
warning: strange character '-' 
warning ambiguity in difcodonNG: CAG ---
warning: strange character '-' 
warning ambiguity in difcodonNG: CAG ---
warning: strange character '-' 
warning ambiguity in difcodonNG: CAG ---
warning: strange character '-' 
warning ambiguity in difcodonNG: CAG ---
warning: strange character '-' 
warning ambiguity in difcodonNG: CAT ---
warning: strange character '-' 
warning ambiguity in difcodonNG: CAT ---
warning: strange character '-' 
warning ambiguity in difcodonNG: CAT ---
warning: strange character '-' 
warning ambiguity in difcodonNG: CAT ---
warning: strange character '-' 
warning ambiguity in difcodonNG: CAT ---
warning: strange character '-' 
warning ambiguity in difcodonNG: CAT ---
warning: strange character '-' 
warning ambiguity in difcodonNG: CCA ---
warning: strange character '-' 
warning ambiguity in difcodonNG: CCA ---
warning: strange character '-' 
warning ambiguity in difcodonNG: CCA ---
warning: strange character '-' 
warning ambiguity in difcodonNG: CCA ---
warning: strange character '-' 
warning ambiguity in difcodonNG: CCA ---
warning: strange character '-' 
warning ambiguity in difcodonNG: CCA ---
warning: strange character '-' 
warning ambiguity in difcodonNG: CTA ---
warning: strange character '-' 
warning ambiguity in difcodonNG: CTA ---
warning: strange character '-' 
warning ambiguity in difcodonNG: CTA ---
warning: strange character '-' 
warning ambiguity in difcodonNG: CTA ---
warning: strange character '-' 
warning ambiguity in difcodonNG: CTA ---
warning: strange character '-' 
warning ambiguity in difcodonNG: CTA ---
warning: strange character '-' 
warning ambiguity in difcodonNG: CCT ---
warning: strange character '-' 
warning ambiguity in difcodonNG: CCT ---
warning: strange character '-' 
warning ambiguity in difcodonNG: CCT ---
warning: strange character '-' 
warning ambiguity in difcodonNG: CCT ---
warning: strange character '-' 
warning ambiguity in difcodonNG: CCT ---
warning: strange character '-' 
warning ambiguity in difcodonNG: CCT ---
warning: strange character '-' 
warning ambiguity in difcodonNG: TCC ---
warning: strange character '-' 
warning ambiguity in difcodonNG: TCC ---
warning: strange character '-' 
warning ambiguity in difcodonNG: TCC ---
warning: strange character '-' 
warning ambiguity in difcodonNG: TCC ---
warning: strange character '-' 
warning ambiguity in difcodonNG: TCC ---
warning: strange character '-' 
warning ambiguity in difcodonNG: TCC ---
warning: strange character '-' 
warning ambiguity in difcodonNG: GTT ---
warning: strange character '-' 
warning ambiguity in difcodonNG: GTT ---
warning: strange character '-' 
warning ambiguity in difcodonNG: GTT ---
warning: strange character '-' 
warning ambiguity in difcodonNG: GTT ---
warning: strange character '-' 
warning ambiguity in difcodonNG: GTT ---
warning: strange character '-' 
warning ambiguity in difcodonNG: GTT ---
warning: strange character '-' 
warning ambiguity in difcodonNG: CGC ---
warning: strange character '-' 
warning ambiguity in difcodonNG: CGC ---
warning: strange character '-' 
warning ambiguity in difcodonNG: CGC ---
warning: strange character '-' 
warning ambiguity in difcodonNG: CGC ---
warning: strange character '-' 
warning ambiguity in difcodonNG: CGC ---
warning: strange character '-' 
warning ambiguity in difcodonNG: CGC ---
warning: strange character '-' 
warning ambiguity in difcodonNG: GTT ---
warning: strange character '-' 
warning ambiguity in difcodonNG: GTT ---
warning: strange character '-' 
warning ambiguity in difcodonNG: GTT ---
warning: strange character '-' 
warning ambiguity in difcodonNG: GTT ---
warning: strange character '-' 
warning ambiguity in difcodonNG: GTT ---
warning: strange character '-' 
warning ambiguity in difcodonNG: AAT ---
warning: strange character '-' 
warning ambiguity in difcodonNG: AAT ---
warning: strange character '-' 
warning ambiguity in difcodonNG: AAT ---
warning: strange character '-' 
warning ambiguity in difcodonNG: AAT ---
warning: strange character '-' 
warning ambiguity in difcodonNG: AAT ---
warning: strange character '-' 
warning ambiguity in difcodonNG: AAT ---
warning: strange character '-' 
warning ambiguity in difcodonNG: ATG ---
warning: strange character '-' 
warning ambiguity in difcodonNG: ATG ---
warning: strange character '-' 
warning ambiguity in difcodonNG: ATG ---
warning: strange character '-' 
warning ambiguity in difcodonNG: ATG ---
warning: strange character '-' 
warning ambiguity in difcodonNG: ATG ---
warning: strange character '-' 
warning ambiguity in difcodonNG: ATG ---
warning: strange character '-' 
warning ambiguity in difcodonNG: TTT ---
warning: strange character '-' 
warning ambiguity in difcodonNG: TTT ---
warning: strange character '-' 
warning ambiguity in difcodonNG: TTT ---
warning: strange character '-' 
warning ambiguity in difcodonNG: TTT ---
warning: strange character '-' 
warning ambiguity in difcodonNG: TTT ---
warning: strange character '-' 
warning ambiguity in difcodonNG: TTT ---
warning: strange character '-' 
warning ambiguity in difcodonNG: AAC ---
warning: strange character '-' 
warning ambiguity in difcodonNG: AAC ---
warning: strange character '-' 
warning ambiguity in difcodonNG: AAC ---
warning: strange character '-' 
warning ambiguity in difcodonNG: AAC ---
warning: strange character '-' 
warning ambiguity in difcodonNG: AAC ---
warning: strange character '-' 
warning ambiguity in difcodonNG: AAC ---
warning: strange character '-' 
warning ambiguity in difcodonNG: GGC ---
warning: strange character '-' 
warning ambiguity in difcodonNG: GGC ---
warning: strange character '-' 
warning ambiguity in difcodonNG: GGC ---
warning: strange character '-' 
warning ambiguity in difcodonNG: GGC ---
warning: strange character '-' 
warning ambiguity in difcodonNG: GGC ---
warning: strange character '-' 
warning ambiguity in difcodonNG: GGC ---
warning: strange character '-' 
warning ambiguity in difcodonNG: ACC ---
warning: strange character '-' 
warning ambiguity in difcodonNG: ACC ---
warning: strange character '-' 
warning ambiguity in difcodonNG: ACC ---
warning: strange character '-' 
warning ambiguity in difcodonNG: ACC ---
warning: strange character '-' 
warning ambiguity in difcodonNG: ACC ---
warning: strange character '-' 
warning ambiguity in difcodonNG: ACC ---
warning: strange character '-' 
warning ambiguity in difcodonNG: TTG ---
warning: strange character '-' 
warning ambiguity in difcodonNG: TTG ---
warning: strange character '-' 
warning ambiguity in difcodonNG: TTG ---
warning: strange character '-' 
warning ambiguity in difcodonNG: TTG ---
warning: strange character '-' 
warning ambiguity in difcodonNG: TTG ---
warning: strange character '-' 
warning ambiguity in difcodonNG: TTG ---
warning: strange character '-' 
warning ambiguity in difcodonNG: GAG ---
warning: strange character '-' 
warning ambiguity in difcodonNG: GAG ---
warning: strange character '-' 
warning ambiguity in difcodonNG: GAG ---
warning: strange character '-' 
warning ambiguity in difcodonNG: GAG ---
warning: strange character '-' 
warning ambiguity in difcodonNG: GAG ---
warning: strange character '-' 
warning ambiguity in difcodonNG: GAG ---
warning: strange character '-' 
warning ambiguity in difcodonNG: AAA ---
warning: strange character '-' 
warning ambiguity in difcodonNG: AAA ---
warning: strange character '-' 
warning ambiguity in difcodonNG: AAA ---
warning: strange character '-' 
warning ambiguity in difcodonNG: AAA ---
warning: strange character '-' 
warning ambiguity in difcodonNG: AAA ---
warning: strange character '-' 
warning ambiguity in difcodonNG: AAA ---
warning: strange character '-' 
warning ambiguity in difcodonNG: TTT ---
warning: strange character '-' 
warning ambiguity in difcodonNG: TTT ---
warning: strange character '-' 
warning ambiguity in difcodonNG: TTT ---
warning: strange character '-' 
warning ambiguity in difcodonNG: TTT ---
warning: strange character '-' 
warning ambiguity in difcodonNG: TTT ---
warning: strange character '-' 
warning ambiguity in difcodonNG: TTT ---
warning: strange character '-' 
warning ambiguity in difcodonNG: GAT ---
warning: strange character '-' 
warning ambiguity in difcodonNG: GAT ---
warning: strange character '-' 
warning ambiguity in difcodonNG: GAT ---
warning: strange character '-' 
warning ambiguity in difcodonNG: GAT ---
warning: strange character '-' 
warning ambiguity in difcodonNG: GAT ---
warning: strange character '-' 
warning ambiguity in difcodonNG: GAT ---
warning: strange character '-' 
warning ambiguity in difcodonNG: TCA ---
warning: strange character '-' 
warning ambiguity in difcodonNG: TCA ---
warning: strange character '-' 
warning ambiguity in difcodonNG: TCA ---
warning: strange character '-' 
warning ambiguity in difcodonNG: TCA ---
warning: strange character '-' 
warning ambiguity in difcodonNG: TCA ---
warning: strange character '-' 
warning ambiguity in difcodonNG: TCA ---
warning: strange character '-' 
warning ambiguity in difcodonNG: CGT ---
warning: strange character '-' 
warning ambiguity in difcodonNG: CGT ---
warning: strange character '-' 
warning ambiguity in difcodonNG: CGT ---
warning: strange character '-' 
warning ambiguity in difcodonNG: CGT ---
warning: strange character '-' 
warning ambiguity in difcodonNG: CGT ---
warning: strange character '-' 
warning ambiguity in difcodonNG: CGT ---
warning: strange character '-' 
warning ambiguity in difcodonNG: GAA ---
warning: strange character '-' 
warning ambiguity in difcodonNG: GAA ---
warning: strange character '-' 
warning ambiguity in difcodonNG: GAA ---
warning: strange character '-' 
warning ambiguity in difcodonNG: GAA ---
warning: strange character '-' 
warning ambiguity in difcodonNG: GAA ---
warning: strange character '-' 
warning ambiguity in difcodonNG: GAA ---
warning: strange character '-' 
warning ambiguity in difcodonNG: CCA ---
warning: strange character '-' 
warning ambiguity in difcodonNG: CCA ---
warning: strange character '-' 
warning ambiguity in difcodonNG: CCA ---
warning: strange character '-' 
warning ambiguity in difcodonNG: CCA ---
warning: strange character '-' 
warning ambiguity in difcodonNG: CCA ---
warning: strange character '-' 
warning ambiguity in difcodonNG: CCA ---
warning: strange character '-' 
warning ambiguity in difcodonNG: TTA ---
warning: strange character '-' 
warning ambiguity in difcodonNG: TTA ---
warning: strange character '-' 
warning ambiguity in difcodonNG: TTA ---
warning: strange character '-' 
warning ambiguity in difcodonNG: TTA ---
warning: strange character '-' 
warning ambiguity in difcodonNG: TTA ---
warning: strange character '-' 
warning ambiguity in difcodonNG: TTA ---
warning: strange character '-' 
warning ambiguity in difcodonNG: TTT ---
warning: strange character '-' 
warning ambiguity in difcodonNG: TTT ---
warning: strange character '-' 
warning ambiguity in difcodonNG: TTT ---
warning: strange character '-' 
warning ambiguity in difcodonNG: TTT ---
warning: strange character '-' 
warning ambiguity in difcodonNG: TTT ---
warning: strange character '-' 
warning ambiguity in difcodonNG: TTT ---
warning: strange character '-' 
warning ambiguity in difcodonNG: GGC ---
warning: strange character '-' 
warning ambiguity in difcodonNG: GGC ---
warning: strange character '-' 
warning ambiguity in difcodonNG: GGC ---
warning: strange character '-' 
warning ambiguity in difcodonNG: GGC ---
warning: strange character '-' 
warning ambiguity in difcodonNG: GGC ---
warning: strange character '-' 
warning ambiguity in difcodonNG: GGC ---end of tree file.

Time used: 10:34
