
 15         verbose | verbose                1.00
  7         runmode | runmode                0.00
  4         seqtype | seqtype                1.00
 13       CodonFreq | CodonFreq              2.00
  9           clock | clock                  0.00
 18          aaDist | aaDist                 0.00
 19      aaRatefile | aaRatefile             1.00
 16           model | model                  0.00
 20         NSsites | NSsites                1.00
 22           icode | icode                  0.00
 23           Mgene | Mgene                  0.00
 24       fix_kappa | fix_kappa              0.00
 25           kappa | kappa                  2.00
 26       fix_omega | fix_omega              0.00
 27           omega | omega                  0.40
 28       fix_alpha | fix_alpha              1.00
 29           alpha | alpha                  0.00
 30          Malpha | Malpha                 0.00
 31           ncatG | ncatG                  8.00
 11           getSE | getSE                  0.00
 12    RateAncestor | RateAncestor           1.00
 36      Small_Diff | Small_Diff             0.00
  6       cleandata | cleandata              0.00
  8          method | method                 0.00
CODONML in paml version 4.8a, August 2014

----------------------------------------------
Phe F TTT | Ser S TCT | Tyr Y TAT | Cys C TGT
      TTC |       TCC |       TAC |       TGC
Leu L TTA |       TCA | *** * TAA | *** * TGA
      TTG |       TCG |       TAG | Trp W TGG
----------------------------------------------
Leu L CTT | Pro P CCT | His H CAT | Arg R CGT
      CTC |       CCC |       CAC |       CGC
      CTA |       CCA | Gln Q CAA |       CGA
      CTG |       CCG |       CAG |       CGG
----------------------------------------------
Ile I ATT | Thr T ACT | Asn N AAT | Ser S AGT
      ATC |       ACC |       AAC |       AGC
      ATA |       ACA | Lys K AAA | Arg R AGA
Met M ATG |       ACG |       AAG |       AGG
----------------------------------------------
Val V GTT | Ala A GCT | Asp D GAT | Gly G GGT
      GTC |       GCC |       GAC |       GGC
      GTA |       GCA | Glu E GAA |       GGA
      GTG |       GCG |       GAG |       GGG
----------------------------------------------
Nice code, uuh?


Ambiguity character definition table:

T (1): T 
C (1): C 
A (1): A 
G (1): G 
U (1): T 
Y (2): T C 
R (2): A G 
M (2): C A 
K (2): T G 
S (2): C G 
W (2): T A 
H (3): T C A 
B (3): T C G 
V (3): C A G 
D (3): T A G 
- (4): T C A G 
N (4): T C A G 
? (4): T C A G 

ns = 3  	ls = 1956
Reading sequences, interlaved format..
Reading seq # 1: A16     Reading seq # 2: A17     Reading seq # 3: A18     
block   1:     60     60     60
block   2:    120    120    120
block   3:    180    180    180
block   4:    240    240    240
block   5:    300    300    300
block   6:    360    360    360
block   7:    420    420    420
block   8:    480    480    480
block   9:    540    540    540
block  10:    600    600    600
block  11:    660    660    660
block  12:    720    720    720
block  13:    780    780    780
block  14:    840    840    840
block  15:    900    900    900
block  16:    960    960    960
block  17:   1020   1020   1020
block  18:   1080   1080   1080
block  19:   1140   1140   1140
block  20:   1200   1200   1200
block  21:   1260   1260   1260
block  22:   1320   1320   1320
block  23:   1380   1380   1380
block  24:   1440   1440   1440
block  25:   1500   1500   1500
block  26:   1560   1560   1560
block  27:   1620   1620   1620
block  28:   1680   1680   1680
block  29:   1740   1740   1740
block  30:   1800   1800   1800
block  31:   1860   1860   1860
block  32:   1920   1920   1920
block  33:   1956   1956   1956
Sequences read..
Counting site patterns..  0:00
          76 patterns at      652 /      652 sites (100.0%),  0:00
Counting codons..

  2   1:Sites   485.7 + 1470.3 = 1956.0	Diffs     4.0 +    8.0 =   12.0
  3   1:Sites   487.0 + 1469.0 = 1956.0	Diffs     4.0 +    8.0 =   12.0
  3   2:Sites   486.6 + 1469.4 = 1956.0	Diffs     4.0 +   12.0 =   16.0

       24 bytes for distance
    74176 bytes for conP
     1216 bytes for fhK
  5000000 bytes for space

TREE #  1
((2, 1), 3);   MP score: 17
This is a rooted tree, without clock.  Check.

    0.000000    0.013954    0.026229    0.017997    2.000000    0.861151    0.544920

ntime & nrate & np:     4     2     7

Bounds (np=7):
   0.000004   0.000004   0.000004   0.000004   0.000100   0.000010   0.000001
  50.000000  50.000000  50.000000  50.000000 999.000000   0.999990   1.000000
Qfactor_NS = 6.475627

np =     7
lnL0 = -2781.021918

Iterating by ming2
Initial: fx=  2781.021918
x=  0.00000  0.01395  0.02623  0.01800  2.00000  0.86115  0.54492

  1 h-m-p  0.0000 0.0000 555.1821 ++     2781.020623  m 0.0000    12 | 1/7
  2 h-m-p  0.0000 0.0000 1066.2562 +YYYCCC  2775.458001  5 0.0000    30 | 1/7
  3 h-m-p  0.0002 0.0009  17.7107 YC     2775.453245  1 0.0000    41 | 1/7
  4 h-m-p  0.0007 0.3267   2.4269 +++++  2772.788978  m 0.3267    54 | 2/7
  5 h-m-p  0.0415 0.2073   2.6085 +CCC   2772.360031  2 0.1556    69 | 2/7
  6 h-m-p  0.2592 1.6207   1.5661 CCCC   2771.922842  3 0.3689    85 | 1/7
  7 h-m-p  0.0002 0.0012 1662.6514 -YC    2771.913730  1 0.0000    97 | 1/7
  8 h-m-p  0.0356 0.4770   1.1055 ++     2771.595953  m 0.4770   107 | 2/7
  9 h-m-p  1.1889 8.0000   0.4435 YC     2771.537943  1 0.9253   118 | 1/7
 10 h-m-p  0.0001 0.0010 5561.5943 YC     2771.519644  1 0.0000   134 | 1/7
 11 h-m-p  1.1212 8.0000   0.1562 CYC    2771.506004  2 1.2238   147 | 1/7
 12 h-m-p  1.6000 8.0000   0.0358 YC     2771.505589  1 1.2519   164 | 1/7
 13 h-m-p  1.6000 8.0000   0.0020 Y      2771.505587  0 0.8694   180 | 1/7
 14 h-m-p  1.6000 8.0000   0.0005 Y      2771.505587  0 0.9116   196 | 1/7
 15 h-m-p  1.6000 8.0000   0.0000 Y      2771.505587  0 0.4000   212 | 1/7
 16 h-m-p  0.4020 8.0000   0.0000 -Y     2771.505587  0 0.0454   229 | 1/7
 17 h-m-p  0.1492 8.0000   0.0000 ----Y  2771.505587  0 0.0001   249
Out..
lnL  = -2771.505587
250 lfun, 750 eigenQcodon, 2000 P(t)

Reconstructed ancestral states go into file rst.

lnL = -2771.505587 from ProbSitePattern.
Marginal reconstruction.
	Node   4: lnL = -2771.505587
	Node   5: lnL = -2771.505587
end of tree file.

Time used:  0:02
