
 15         verbose | verbose                1.00
  7         runmode | runmode                0.00
  4         seqtype | seqtype                1.00
 13       CodonFreq | CodonFreq              2.00
  9           clock | clock                  0.00
 18          aaDist | aaDist                 0.00
 19      aaRatefile | aaRatefile             1.00
 16           model | model                  0.00
 20         NSsites | NSsites                7.00
 22           icode | icode                  0.00
 23           Mgene | Mgene                  0.00
 24       fix_kappa | fix_kappa              0.00
 25           kappa | kappa                  2.00
 26       fix_omega | fix_omega              0.00
 27           omega | omega                  0.40
 28       fix_alpha | fix_alpha              1.00
 29           alpha | alpha                  0.00
 30          Malpha | Malpha                 0.00
 31           ncatG | ncatG                  8.00
 11           getSE | getSE                  0.00
 12    RateAncestor | RateAncestor           1.00
 36      Small_Diff | Small_Diff             0.00
  6       cleandata | cleandata              0.00
  8          method | method                 0.00
CODONML in paml version 4.8a, August 2014

----------------------------------------------
Phe F TTT | Ser S TCT | Tyr Y TAT | Cys C TGT
      TTC |       TCC |       TAC |       TGC
Leu L TTA |       TCA | *** * TAA | *** * TGA
      TTG |       TCG |       TAG | Trp W TGG
----------------------------------------------
Leu L CTT | Pro P CCT | His H CAT | Arg R CGT
      CTC |       CCC |       CAC |       CGC
      CTA |       CCA | Gln Q CAA |       CGA
      CTG |       CCG |       CAG |       CGG
----------------------------------------------
Ile I ATT | Thr T ACT | Asn N AAT | Ser S AGT
      ATC |       ACC |       AAC |       AGC
      ATA |       ACA | Lys K AAA | Arg R AGA
Met M ATG |       ACG |       AAG |       AGG
----------------------------------------------
Val V GTT | Ala A GCT | Asp D GAT | Gly G GGT
      GTC |       GCC |       GAC |       GGC
      GTA |       GCA | Glu E GAA |       GGA
      GTG |       GCG |       GAG |       GGG
----------------------------------------------
Nice code, uuh?


Ambiguity character definition table:

T (1): T 
C (1): C 
A (1): A 
G (1): G 
U (1): T 
Y (2): T C 
R (2): A G 
M (2): C A 
K (2): T G 
S (2): C G 
W (2): T A 
H (3): T C A 
B (3): T C G 
V (3): C A G 
D (3): T A G 
- (4): T C A G 
N (4): T C A G 
? (4): T C A G 

ns = 3  	ls = 1956
Reading sequences, interlaved format..
Reading seq # 1: A16     Reading seq # 2: A17     Reading seq # 3: A18     
block   1:     60     60     60
block   2:    120    120    120
block   3:    180    180    180
block   4:    240    240    240
block   5:    300    300    300
block   6:    360    360    360
block   7:    420    420    420
block   8:    480    480    480
block   9:    540    540    540
block  10:    600    600    600
block  11:    660    660    660
block  12:    720    720    720
block  13:    780    780    780
block  14:    840    840    840
block  15:    900    900    900
block  16:    960    960    960
block  17:   1020   1020   1020
block  18:   1080   1080   1080
block  19:   1140   1140   1140
block  20:   1200   1200   1200
block  21:   1260   1260   1260
block  22:   1320   1320   1320
block  23:   1380   1380   1380
block  24:   1440   1440   1440
block  25:   1500   1500   1500
block  26:   1560   1560   1560
block  27:   1620   1620   1620
block  28:   1680   1680   1680
block  29:   1740   1740   1740
block  30:   1800   1800   1800
block  31:   1860   1860   1860
block  32:   1920   1920   1920
block  33:   1956   1956   1956
Sequences read..
Counting site patterns..  0:00
          76 patterns at      652 /      652 sites (100.0%),  0:00
Counting codons..

  2   1:Sites   485.7 + 1470.3 = 1956.0	Diffs     4.0 +    8.0 =   12.0
  3   1:Sites   487.0 + 1469.0 = 1956.0	Diffs     4.0 +    8.0 =   12.0
  3   2:Sites   486.6 + 1469.4 = 1956.0	Diffs     4.0 +   12.0 =   16.0

       24 bytes for distance
    74176 bytes for conP
     4864 bytes for fhK
  5000000 bytes for space

TREE #  1
((2, 1), 3);   MP score: 17
This is a rooted tree, without clock.  Check.

    0.000000    0.013954    0.026229    0.017997    2.000000    1.102878    1.889840

ntime & nrate & np:     4     1     7

Bounds (np=7):
   0.000004   0.000004   0.000004   0.000004   0.000100   0.005000   0.005000
  50.000000  50.000000  50.000000  50.000000 999.000000  99.000000  99.000000
Qfactor_NS = 8.548512

np =     7
lnL0 = -2782.034817

Iterating by ming2
Initial: fx=  2782.034817
x=  0.00000  0.01395  0.02623  0.01800  2.00000  1.10288  1.88984

  1 h-m-p  0.0000 0.0000 545.3290 ++     2782.033530  m 0.0000    12 | 1/7
  2 h-m-p  0.0000 0.0000 1073.0142 +YYYCCC  2776.539669  5 0.0000    30 | 1/7
  3 h-m-p  0.0002 0.0009  16.8731 YC     2776.535299  1 0.0000    41 | 1/7
  4 h-m-p  0.0030 1.5011   3.3490 ++++YYYYC  2772.203633  4 0.7564    59 | 1/7
  5 h-m-p  0.2990 1.4949   1.4984 YCCCC  2771.830321  4 0.1631    76 | 0/7
  6 h-m-p  0.0004 0.0033 611.5002 -CCC   2771.815759  2 0.0000    91 | 0/7
  7 h-m-p  0.0352 6.0506   0.3636 +++CYC  2771.668972  2 2.3690   107 | 0/7
  8 h-m-p  0.7510 3.7551   0.2746 CCC    2771.634122  2 0.9708   128 | 0/7
  9 h-m-p  1.6000 8.0000   0.0638 C      2771.632802  0 1.4452   145 | 0/7
 10 h-m-p  1.6000 8.0000   0.0101 YC     2771.632677  1 3.1303   163 | 0/7
 11 h-m-p  1.6000 8.0000   0.0037 +Y     2771.632642  0 5.1849   181 | 0/7
 12 h-m-p  1.4023 8.0000   0.0137 ++     2771.632332  m 8.0000   198 | 0/7
 13 h-m-p  0.0814 0.4412   1.3414 ++     2771.630619  m 0.4412   215 | 0/7
 14 h-m-p -0.0000 -0.0000 137.8091 
h-m-p:     -1.25444669e-20     -6.27223346e-20      1.37809083e+02  2771.630619
..  | 0/7
 15 h-m-p  0.0098 4.9010  10.3521 ----C  2771.630090  0 0.0000   236 | 0/7
 16 h-m-p  0.0000 0.0001   0.8303 C      2771.630083  0 0.0000   246 | 0/7
 17 h-m-p  0.0000 0.0000   0.9992 --C    2771.630083  0 0.0000   265 | 0/7
 18 h-m-p  0.0000 0.0000   0.8888 Y      2771.630083  0 0.0000   282 | 0/7
 19 h-m-p  0.0003 0.1315   0.0158 +++++  2771.630052  m 0.1315   302 | 1/7
 20 h-m-p  0.1071 8.0000   0.0194 +YC    2771.629915  1 0.9264   321 | 1/7
 21 h-m-p  1.6000 8.0000   0.0056 YC     2771.629789  1 3.2244   338 | 1/7
 22 h-m-p  1.2352 8.0000   0.0147 YC     2771.629528  1 2.7186   355 | 0/7
 23 h-m-p  0.0001 0.0021 376.8766 YC     2771.629487  1 0.0001   372 | 0/7
 24 h-m-p  0.7412 8.0000   0.0281 +C     2771.629173  0 3.3390   383 | 0/7
 25 h-m-p  1.6000 8.0000   0.0172 ++     2771.628480  m 8.0000   400 | 0/7
 26 h-m-p  0.4708 7.6192   0.2921 +YYYYYY  2771.624392  5 1.8830   423 | 0/7
 27 h-m-p  0.1372 0.6861   1.1396 -----------Y  2771.624392  0 0.0000   451 | 0/7
 28 h-m-p  0.0160 8.0000   0.0438 +++CC  2771.623389  1 0.8656   466 | 0/7
 29 h-m-p  0.4357 8.0000   0.0870 C      2771.623212  0 0.4926   483 | 0/7
 30 h-m-p  1.6000 8.0000   0.0052 Y      2771.623209  0 1.0061   500 | 0/7
 31 h-m-p  1.6000 8.0000   0.0001 ++     2771.623208  m 8.0000   517 | 0/7
 32 h-m-p  1.6000 8.0000   0.0001 ++     2771.623207  m 8.0000   534 | 0/7
 33 h-m-p  0.0854 2.1457   0.0140 +++    2771.623168  m 2.1457   552 | 1/7
 34 h-m-p  1.6000 8.0000   0.0076 -------------Y  2771.623168  0 0.0000   582 | 1/7
 35 h-m-p  0.0000 0.0093   2.2714 Y      2771.623160  0 0.0000   598 | 1/7
 36 h-m-p  0.0192 8.0000   0.0016 +++++  2771.622879  m 8.0000   611 | 0/7
 37 h-m-p  0.0061 0.6882   2.0649 ---C   2771.622879  0 0.0000   630 | 0/7
 38 h-m-p  0.0160 8.0000   0.0237 +++++  2771.619923  m 8.0000   643 | 0/7
 39 h-m-p  0.4514 2.2571   0.3765 CYC    2771.616943  2 0.7289   663 | 0/7
 40 h-m-p  0.4719 2.3595   0.0480 YC     2771.616091  1 1.1763   681 | 0/7
 41 h-m-p  1.6000 8.0000   0.0298 Y      2771.616055  0 0.8715   698 | 0/7
 42 h-m-p  1.6000 8.0000   0.0069 Y      2771.616052  0 0.6552   715 | 0/7
 43 h-m-p  1.6000 8.0000   0.0003 ++     2771.616050  m 8.0000   732 | 0/7
 44 h-m-p  0.5931 8.0000   0.0042 +C     2771.616035  0 3.3078   750 | 0/7
 45 h-m-p  1.6000 8.0000   0.0011 ++     2771.615870  m 8.0000   767 | 0/7
 46 h-m-p  0.0041 0.0205   0.5511 ----------C  2771.615870  0 0.0000   794 | 0/7
 47 h-m-p  0.0011 0.5613   0.0428 +++++  2771.613795  m 0.5613   814 | 1/7
 48 h-m-p  0.9627 8.0000   0.0219 ----------------..  | 1/7
 49 h-m-p  0.0000 0.0195   0.7031 Y      2771.613791  0 0.0000   861 | 1/7
 50 h-m-p  0.0002 0.0947   0.2788 -C     2771.613790  0 0.0000   878 | 1/7
 51 h-m-p  0.0160 8.0000   0.1079 ++CC   2771.612170  1 0.3252   898 | 1/7
 52 h-m-p  0.0121 0.0605   1.0096 ----Y  2771.612169  0 0.0000   918 | 1/7
 53 h-m-p  0.0160 8.0000   0.0398 +++++  2771.602095  m 8.0000   931 | 0/7
 54 h-m-p  0.0000 0.0000 71945.9223 CYYC   2771.591162  3 0.0000   951 | 0/7
 55 h-m-p  0.0455 0.2277   2.4007 YYCYC  2771.587913  4 0.0633   966 | 0/7
 56 h-m-p  0.1064 0.5322   0.7835 +YYYCYYYY  2771.545873  7 0.4790   985 | 0/7
 57 h-m-p  0.1690 0.8449   0.0763 YC     2771.545015  1 0.1143  1003 | 0/7
 58 h-m-p  0.0070 0.0351   1.0334 ++     2771.542600  m 0.0351  1020 | 0/7
 59 h-m-p  0.1327 0.6634   0.1785 +YC    2771.536039  1 0.5706  1032 | 0/7
 60 h-m-p  0.1834 0.9169   0.2318 ++     2771.521310  m 0.9169  1049 | 0/7
 61 h-m-p -0.0000 -0.0000   0.1983 
h-m-p:     -7.87298534e-19     -3.93649267e-18      1.98336447e-01  2771.521310
..  | 0/7
 62 h-m-p  0.0000 0.0016  23.4570 YC     2771.516360  1 0.0000  1081 | 0/7
 63 h-m-p  0.0000 0.0000   5.0493 YC     2771.516215  1 0.0000  1092 | 0/7
 64 h-m-p  0.0002 0.0008   0.2399 -C     2771.516215  0 0.0000  1103 | 0/7
 65 h-m-p  0.0000 0.0003   0.2143 ---Y   2771.516215  0 0.0000  1123 | 0/7
 66 h-m-p  0.0010 0.5095   0.1241 +C     2771.516186  0 0.0046  1141 | 0/7
 67 h-m-p  0.0069 2.9258   0.0828 +++++  2771.509189  m 2.9258  1161 | 1/7
 68 h-m-p  0.0293 0.1466   0.0389 ++     2771.509137  m 0.1466  1178 | 2/7
 69 h-m-p  0.1049 8.0000   0.0544 +Y     2771.509078  0 0.3436  1195 | 2/7
 70 h-m-p  1.6000 8.0000   0.0077 C      2771.509063  0 0.4114  1210 | 2/7
 71 h-m-p  1.4689 8.0000   0.0021 C      2771.509059  0 1.8233  1225 | 2/7
 72 h-m-p  1.6000 8.0000   0.0017 C      2771.509058  0 1.2971  1240 | 2/7
 73 h-m-p  1.6000 8.0000   0.0001 Y      2771.509058  0 0.7813  1255 | 2/7
 74 h-m-p  1.6000 8.0000   0.0000 Y      2771.509058  0 1.6000  1270 | 2/7
 75 h-m-p  1.6000 8.0000   0.0000 ++     2771.509058  m 8.0000  1285 | 2/7
 76 h-m-p  1.0938 8.0000   0.0001 ++     2771.509058  m 8.0000  1300 | 1/7
 77 h-m-p  0.6390 8.0000   0.0010 Y      2771.509058  0 0.1097  1315 | 1/7
 78 h-m-p  0.8092 4.9200   0.0001 C      2771.509058  0 1.0375  1331 | 1/7
 79 h-m-p  1.6000 8.0000   0.0000 -----------Y  2771.509058  0 0.0000  1358
Out..
lnL  = -2771.509058
1359 lfun, 12231 eigenQcodon, 43488 P(t)

Reconstructed ancestral states go into file rst.

lnL = -2771.509058 from ProbSitePattern.
Marginal reconstruction.
	Node   4: lnL = -2771.509058
	Node   5: lnL = -2771.509058
end of tree file.

Time used:  0:33
