
 15         verbose | verbose                1.00
  7         runmode | runmode                0.00
  4         seqtype | seqtype                1.00
 13       CodonFreq | CodonFreq              2.00
  9           clock | clock                  0.00
 18          aaDist | aaDist                 0.00
 19      aaRatefile | aaRatefile             1.00
 16           model | model                  0.00
 20         NSsites | NSsites                2.00
 22           icode | icode                  0.00
 23           Mgene | Mgene                  0.00
 24       fix_kappa | fix_kappa              0.00
 25           kappa | kappa                  2.00
 26       fix_omega | fix_omega              0.00
 27           omega | omega                  0.40
 28       fix_alpha | fix_alpha              1.00
 29           alpha | alpha                  0.00
 30          Malpha | Malpha                 0.00
 31           ncatG | ncatG                  8.00
 11           getSE | getSE                  0.00
 12    RateAncestor | RateAncestor           1.00
 36      Small_Diff | Small_Diff             0.00
  6       cleandata | cleandata              0.00
  8          method | method                 0.00
CODONML in paml version 4.8a, August 2014

----------------------------------------------
Phe F TTT | Ser S TCT | Tyr Y TAT | Cys C TGT
      TTC |       TCC |       TAC |       TGC
Leu L TTA |       TCA | *** * TAA | *** * TGA
      TTG |       TCG |       TAG | Trp W TGG
----------------------------------------------
Leu L CTT | Pro P CCT | His H CAT | Arg R CGT
      CTC |       CCC |       CAC |       CGC
      CTA |       CCA | Gln Q CAA |       CGA
      CTG |       CCG |       CAG |       CGG
----------------------------------------------
Ile I ATT | Thr T ACT | Asn N AAT | Ser S AGT
      ATC |       ACC |       AAC |       AGC
      ATA |       ACA | Lys K AAA | Arg R AGA
Met M ATG |       ACG |       AAG |       AGG
----------------------------------------------
Val V GTT | Ala A GCT | Asp D GAT | Gly G GGT
      GTC |       GCC |       GAC |       GGC
      GTA |       GCA | Glu E GAA |       GGA
      GTG |       GCG |       GAG |       GGG
----------------------------------------------
Nice code, uuh?


Ambiguity character definition table:

T (1): T 
C (1): C 
A (1): A 
G (1): G 
U (1): T 
Y (2): T C 
R (2): A G 
M (2): C A 
K (2): T G 
S (2): C G 
W (2): T A 
H (3): T C A 
B (3): T C G 
V (3): C A G 
D (3): T A G 
- (4): T C A G 
N (4): T C A G 
? (4): T C A G 

ns = 3  	ls = 1956
Reading sequences, interlaved format..
Reading seq # 1: A16     Reading seq # 2: A17     Reading seq # 3: A18     
block   1:     60     60     60
block   2:    120    120    120
block   3:    180    180    180
block   4:    240    240    240
block   5:    300    300    300
block   6:    360    360    360
block   7:    420    420    420
block   8:    480    480    480
block   9:    540    540    540
block  10:    600    600    600
block  11:    660    660    660
block  12:    720    720    720
block  13:    780    780    780
block  14:    840    840    840
block  15:    900    900    900
block  16:    960    960    960
block  17:   1020   1020   1020
block  18:   1080   1080   1080
block  19:   1140   1140   1140
block  20:   1200   1200   1200
block  21:   1260   1260   1260
block  22:   1320   1320   1320
block  23:   1380   1380   1380
block  24:   1440   1440   1440
block  25:   1500   1500   1500
block  26:   1560   1560   1560
block  27:   1620   1620   1620
block  28:   1680   1680   1680
block  29:   1740   1740   1740
block  30:   1800   1800   1800
block  31:   1860   1860   1860
block  32:   1920   1920   1920
block  33:   1956   1956   1956
Sequences read..
Counting site patterns..  0:00
          76 patterns at      652 /      652 sites (100.0%),  0:00
Counting codons..

  2   1:Sites   485.7 + 1470.3 = 1956.0	Diffs     4.0 +    8.0 =   12.0
  3   1:Sites   487.0 + 1469.0 = 1956.0	Diffs     4.0 +    8.0 =   12.0
  3   2:Sites   486.6 + 1469.4 = 1956.0	Diffs     4.0 +   12.0 =   16.0

       24 bytes for distance
    74176 bytes for conP
     1824 bytes for fhK
  5000000 bytes for space

TREE #  1
((2, 1), 3);   MP score: 17
This is a rooted tree, without clock.  Check.

initial w for M2:NSpselection reset.

    0.000000    0.013954    0.026229    0.017997    2.000000    1.702878    0.544920    0.254804    2.882193

ntime & nrate & np:     4     3     9

Bounds (np=9):
   0.000004   0.000004   0.000004   0.000004   0.000100 -99.000000 -99.000000   0.000001   1.000000
  50.000000  50.000000  50.000000  50.000000 999.000000  99.000000  99.000000   1.000000 999.000000
Qfactor_NS = 5.763691

np =     9
lnL0 = -2779.929501

Iterating by ming2
Initial: fx=  2779.929501
x=  0.00000  0.01395  0.02623  0.01800  2.00000  1.70288  0.54492  0.25480  2.88219

  1 h-m-p  0.0000 0.0000 534.2082 ++     2779.928216  m 0.0000    14 | 1/9
  2 h-m-p  0.0000 0.0000 1139.3260 +YYYCCC  2774.405282  5 0.0000    34 | 1/9
  3 h-m-p  0.0002 0.0011  13.9270 YC     2774.402371  1 0.0000    47 | 1/9
  4 h-m-p  0.0020 0.9859   2.6796 ++++CCCC  2771.771115  3 0.5136    69 | 1/9
  5 h-m-p  0.1506 0.7532   2.1337 YYCC   2771.221299  3 0.2180    85 | 0/9
  6 h-m-p  0.0003 0.0013 888.6342 -CC    2771.211404  1 0.0000   100 | 0/9
  7 h-m-p  0.0211 0.2829   0.9670 ++     2771.002517  m 0.2829   112 | 1/9
  8 h-m-p  0.0486 0.2430   1.5675 ++     2770.786997  m 0.2430   133 | 2/9
  9 h-m-p  0.0003 0.0118 971.8651 CCC    2770.687209  2 0.0004   149 | 2/9
 10 h-m-p  0.6727 8.0000   0.6142 +CCC   2770.389501  2 2.4239   166 | 1/9
 11 h-m-p  0.0003 0.0019 4559.0254 -YC    2770.383046  1 0.0000   187 | 1/9
 12 h-m-p  0.2311 8.0000   0.6879 +YCC   2770.246586  2 1.6540   203 | 1/9
 13 h-m-p  1.6000 8.0000   0.4576 YCCC   2770.132528  3 3.1961   228 | 1/9
 14 h-m-p  0.4998 2.4989   0.4699 ++     2770.011672  m 2.4989   248 | 1/9
 15 h-m-p  0.0000 0.0000   3.0998 
h-m-p:      1.51237588e-17      7.56187942e-17      3.09983127e+00  2770.011672
..  | 1/9
 16 h-m-p  0.0000 0.0002  33.2605 CC     2770.005005  1 0.0000   279 | 1/9
 17 h-m-p  0.0000 0.0001   2.6796 C      2770.004928  0 0.0000   291 | 1/9
 18 h-m-p  0.0001 0.0350   0.7367 Y      2770.004924  0 0.0000   303 | 1/9
 19 h-m-p  0.0000 0.0009   0.3249 +++    2770.004850  m 0.0009   324 | 2/9
 20 h-m-p  0.0037 1.8650   3.9773 +CC    2769.993062  1 0.0222   347 | 1/9
 21 h-m-p  0.0005 0.0427 172.5143 -YC    2769.992577  1 0.0000   361 | 1/9
 22 h-m-p  0.0218 8.0000   0.1921 ++++CCC  2769.902545  2 6.0667   381 | 1/9
 23 h-m-p  1.0267 5.1335   0.0639 ++     2769.887617  m 5.1335   401 | 1/9
 24 h-m-p -0.0000 -0.0000   1.0028 
h-m-p:     -3.47377841e-18     -1.73688920e-17      1.00277858e+00  2769.887617
..  | 1/9
 25 h-m-p  0.0000 0.0013  10.6027 YC     2769.886344  1 0.0000   431 | 1/9
 26 h-m-p  0.0000 0.0000   2.7408 +Y     2769.886300  0 0.0000   444 | 1/9
 27 h-m-p  0.0003 0.1149   0.1264 Y      2769.886299  0 0.0001   456 | 1/9
 28 h-m-p  0.0000 0.0001   1.6040 C      2769.886299  0 0.0000   476 | 1/9
 29 h-m-p  0.0160 8.0000   0.8499 +YC    2769.884332  1 0.0408   490 | 1/9
 30 h-m-p  0.5063 8.0000   0.0685 ++     2769.860755  m 8.0000   510 | 1/9
 31 h-m-p  0.5117 8.0000   1.0705 +YCC   2769.831420  2 1.6139   534 | 1/9
 32 h-m-p  1.6000 8.0000   0.1926 ++     2769.788737  m 8.0000   546 | 1/9
 33 h-m-p  0.6907 6.9083   2.2307 +YCCC  2769.716461  3 1.8920   572 | 1/9
 34 h-m-p  0.8750 4.3752   0.4982 YC     2769.711160  1 1.4366   585 | 1/9
 35 h-m-p  1.0458 8.0000   0.6843 YC     2769.708036  1 2.2005   606 | 1/9
 36 h-m-p  1.6000 8.0000   0.0673 YC     2769.707492  1 0.7772   627 | 0/9
 37 h-m-p  0.0724 5.6779   0.7223 +CCC   2769.700355  2 0.4376   652 | 0/9
 38 h-m-p  0.1594 2.1766   1.9828 ++     2769.667832  m 2.1766   673 | 1/9
 39 h-m-p  0.0419 0.2095  98.1887 CCCC   2769.647368  3 0.0481   691 | 1/9
 40 h-m-p  1.2456 8.0000   3.7883 YCCC   2769.596693  3 2.6975   708 | 1/9
 41 h-m-p  1.1436 5.7182   5.4632 YYC    2769.548866  2 0.7891   722 | 1/9
 42 h-m-p  0.3929 5.1797  10.9716 +YYC   2769.476340  2 1.3958   737 | 1/9
 43 h-m-p  1.6000 8.0000   5.4594 YYC    2769.419819  2 1.3396   751 | 1/9
 44 h-m-p  1.1435 8.0000   6.3958 YCC    2769.380896  2 2.5602   766 | 1/9
 45 h-m-p  1.6000 8.0000   4.6375 CYC    2769.331491  2 1.5000   781 | 0/9
 46 h-m-p  0.0007 0.0064 10393.4053 -CC    2769.329387  1 0.0000   796 | 0/9
 47 h-m-p  0.0177 8.0000  20.8370 ++++YCCC  2769.021597  3 3.5458   817 | 0/9
 48 h-m-p  1.6000 8.0000  21.4319 YCCC   2768.872302  3 0.8031   834 | 0/9
 49 h-m-p  0.3244 5.2462  53.0606 +CCC   2768.699775  2 1.7364   851 | 0/9
 50 h-m-p  1.6000 8.0000  28.0002 YCC    2768.662352  2 1.0310   866 | 0/9
 51 h-m-p  0.9058 8.0000  31.8681 YC     2768.642053  1 1.6916   879 | 0/9
 52 h-m-p  1.6000 8.0000   8.8386 C      2768.637939  0 1.6994   891 | 0/9
 53 h-m-p  1.6000 8.0000   3.7422 CC     2768.635816  1 2.1288   905 | 0/9
 54 h-m-p  1.6000 8.0000   2.3894 CC     2768.634813  1 2.2840   919 | 0/9
 55 h-m-p  1.6000 8.0000   2.0125 C      2768.634634  0 1.6000   931 | 0/9
 56 h-m-p  1.6000 8.0000   0.9718 C      2768.634625  0 1.5210   943 | 0/9
 57 h-m-p  1.6000 8.0000   0.0731 C      2768.634625  0 1.3700   964 | 0/9
 58 h-m-p  1.6000 8.0000   0.0015 C      2768.634625  0 1.6128   985 | 0/9
 59 h-m-p  1.6000 8.0000   0.0005 C      2768.634625  0 1.5502  1006 | 0/9
 60 h-m-p  1.0393 8.0000   0.0007 +C     2768.634625  0 4.1572  1028 | 0/9
 61 h-m-p  1.3695 8.0000   0.0023 ---------C  2768.634625  0 0.0000  1058 | 0/9
 62 h-m-p  0.0160 8.0000   0.0563 -------------..  | 0/9
 63 h-m-p  0.0153 7.6716   0.0050 --------Y  2768.634625  0 0.0000  1119 | 0/9
 64 h-m-p  0.0126 6.3194   0.0023 --Y    2768.634625  0 0.0001  1142 | 0/9
 65 h-m-p  0.0160 8.0000   0.0012 ---C   2768.634625  0 0.0001  1166 | 0/9
 66 h-m-p  0.0160 8.0000   0.0011 -----Y  2768.634625  0 0.0000  1192 | 0/9
 67 h-m-p  0.0160 8.0000   0.0001 -----------C  2768.634625  0 0.0000  1224
Out..
lnL  = -2768.634625
1225 lfun, 4900 eigenQcodon, 14700 P(t)

BEBing (dim = 4).  This may take several minutes.
Calculating f(x_h|w): 10 categories 21 w sets.
S10 w log{f(x|w)}:    0.0500    -25.732883
S10 w log{f(x|w)}:    0.1500    -23.536398
S10 w log{f(x|w)}:    0.2500    -22.515487
S10 w log{f(x|w)}:    0.3500    -21.843282
S10 w log{f(x|w)}:    0.4500    -21.341392
S10 w log{f(x|w)}:    0.5500    -20.940789
S10 w log{f(x|w)}:    0.6500    -20.607419
S10 w log{f(x|w)}:    0.7500    -20.321955
S10 w log{f(x|w)}:    0.8500    -20.072365
S10 w log{f(x|w)}:    0.9500    -19.850651
S10 w log{f(x|w)}:    1.0000    -19.748433
S10 w log{f(x|w)}:    1.5000    -18.941180
S10 w log{f(x|w)}:    2.5000    -17.926852
S10 w log{f(x|w)}:    3.5000    -17.261191
S10 w log{f(x|w)}:    4.5000    -16.765805
S10 w log{f(x|w)}:    5.5000    -16.371665
S10 w log{f(x|w)}:    6.5000    -16.044717
S10 w log{f(x|w)}:    7.5000    -15.765636
S10 w log{f(x|w)}:    8.5000    -15.522388
S10 w log{f(x|w)}:    9.5000    -15.306976
S10 w log{f(x|w)}:   10.5000    -15.113807
Calculating f(X), the marginal probability of data.
	log(fX) = -2772.685518  S = -2729.393729   -41.151557
Calculating f(w|X), posterior probabilities of site classes.
	did  10 /  76 patterns   0:12	did  20 /  76 patterns   0:12	did  30 /  76 patterns   0:12	did  40 /  76 patterns   0:12	did  50 /  76 patterns   0:12	did  60 /  76 patterns   0:12	did  70 /  76 patterns   0:12	did  76 /  76 patterns   0:12
Reconstructed ancestral states go into file rst.

lnL = -2768.634625 from ProbSitePattern.
Marginal reconstruction.
	Node   4: lnL = -2768.634625
	Node   5: lnL = -2768.634625
end of tree file.

Time used:  0:12
