
 15         verbose | verbose                1.00
  7         runmode | runmode                0.00
  4         seqtype | seqtype                1.00
 13       CodonFreq | CodonFreq              2.00
  9           clock | clock                  0.00
 18          aaDist | aaDist                 0.00
 19      aaRatefile | aaRatefile             1.00
 16           model | model                  0.00
 20         NSsites | NSsites                7.00
 22           icode | icode                  0.00
 23           Mgene | Mgene                  0.00
 24       fix_kappa | fix_kappa              0.00
 25           kappa | kappa                  2.00
 26       fix_omega | fix_omega              0.00
 27           omega | omega                  0.40
 28       fix_alpha | fix_alpha              1.00
 29           alpha | alpha                  0.00
 30          Malpha | Malpha                 0.00
 31           ncatG | ncatG                  8.00
 11           getSE | getSE                  0.00
 12    RateAncestor | RateAncestor           1.00
 36      Small_Diff | Small_Diff             0.00
  6       cleandata | cleandata              0.00
  8          method | method                 0.00
CODONML in paml version 4.8a, August 2014

----------------------------------------------
Phe F TTT | Ser S TCT | Tyr Y TAT | Cys C TGT
      TTC |       TCC |       TAC |       TGC
Leu L TTA |       TCA | *** * TAA | *** * TGA
      TTG |       TCG |       TAG | Trp W TGG
----------------------------------------------
Leu L CTT | Pro P CCT | His H CAT | Arg R CGT
      CTC |       CCC |       CAC |       CGC
      CTA |       CCA | Gln Q CAA |       CGA
      CTG |       CCG |       CAG |       CGG
----------------------------------------------
Ile I ATT | Thr T ACT | Asn N AAT | Ser S AGT
      ATC |       ACC |       AAC |       AGC
      ATA |       ACA | Lys K AAA | Arg R AGA
Met M ATG |       ACG |       AAG |       AGG
----------------------------------------------
Val V GTT | Ala A GCT | Asp D GAT | Gly G GGT
      GTC |       GCC |       GAC |       GGC
      GTA |       GCA | Glu E GAA |       GGA
      GTG |       GCG |       GAG |       GGG
----------------------------------------------
Nice code, uuh?


Ambiguity character definition table:

T (1): T 
C (1): C 
A (1): A 
G (1): G 
U (1): T 
Y (2): T C 
R (2): A G 
M (2): C A 
K (2): T G 
S (2): C G 
W (2): T A 
H (3): T C A 
B (3): T C G 
V (3): C A G 
D (3): T A G 
- (4): T C A G 
N (4): T C A G 
? (4): T C A G 

ns = 3  	ls = 1305
Reading sequences, interlaved format..
Reading seq # 1: A20     Reading seq # 2: A19     Reading seq # 3: A21     
block   1:     60     60     60
block   2:    120    120    120
block   3:    180    180    180
block   4:    240    240    240
block   5:    300    300    300
block   6:    360    360    360
block   7:    420    420    420
block   8:    480    480    480
block   9:    540    540    540
block  10:    600    600    600
block  11:    660    660    660
block  12:    720    720    720
block  13:    780    780    780
block  14:    840    840    840
block  15:    900    900    900
block  16:    960    960    960
block  17:   1020   1020   1020
block  18:   1080   1080   1080
block  19:   1140   1140   1140
block  20:   1200   1200   1200
block  21:   1260   1260   1260
block  22:   1305   1305   1305
Sequences read..
Counting site patterns..  0:00
         209 patterns at      435 /      435 sites (100.0%),  0:00
1 ambiguous codons are seen in the data:
 ---
Counting codons..

  2   1:Sites   313.5 +  988.5 = 1302.0	Diffs    65.5 +  106.5 =  172.0
  3   1:Sites   312.7 +  989.3 = 1302.0	Diffs    72.7 +  106.3 =  179.0
  3   2:Sites   311.7 +  990.3 = 1302.0	Diffs    60.9 +   96.1 =  157.0

       24 bytes for distance
   203984 bytes for conP
    13376 bytes for fhK
  5000000 bytes for space

TREE #  1
((2, 1), 3);   MP score: -1
This is a rooted tree, without clock.  Check.

    0.096681    0.188331    0.253477    0.114677    2.000000    1.102878    1.889840

ntime & nrate & np:     4     1     7

Bounds (np=7):
   0.000004   0.000004   0.000004   0.000004   0.000100   0.005000   0.005000
  50.000000  50.000000  50.000000  50.000000 999.000000  99.000000  99.000000
Qfactor_NS = 8.108120

np =     7
lnL0 = -2883.760376

Iterating by ming2
Initial: fx=  2883.760376
x=  0.09668  0.18833  0.25348  0.11468  2.00000  1.10288  1.88984

  1 h-m-p  0.0002 0.4045  43.9397 YCCC   2883.322627  3 0.0005    17 | 0/7
  2 h-m-p  0.0013 0.0209  15.4718 YC     2883.250939  1 0.0007    28 | 0/7
  3 h-m-p  0.0018 0.1232   5.8284 YC     2883.188650  1 0.0042    39 | 0/7
  4 h-m-p  0.0009 0.0701  26.9242 ++CCY  2882.250796  2 0.0145    55 | 0/7
  5 h-m-p  0.0415 0.2077   8.5014 +YYCYCCC  2877.859691  6 0.1454    75 | 0/7
  6 h-m-p  0.0119 0.0595   9.5944 CYCCCC  2877.430083  5 0.0184    94 | 0/7
  7 h-m-p  0.0596 0.2978   2.2307 +YYYYYYCCC  2873.537351  8 0.2397   115 | 0/7
  8 h-m-p  0.0023 0.0117  10.4145 ++     2868.309341  m 0.0117   125 | 0/7
  9 h-m-p  0.0000 0.0000   1.7045 
h-m-p:      2.72491821e-18      1.36245911e-17      1.70449051e+00  2868.309341
..  | 0/7
 10 h-m-p  0.0000 0.0004  24.3575 +++    2868.153337  m 0.0004   143 | 0/7
 11 h-m-p  0.0000 0.0001  24.8126 ++     2868.143172  m 0.0001   153 | 0/7
 12 h-m-p  0.0002 0.0356   9.1091 +C     2868.119123  0 0.0008   164 | 0/7
 13 h-m-p  0.0012 0.4740   5.7562 ++YCC  2867.945131  2 0.0154   179 | 0/7
 14 h-m-p  0.0014 0.0402  64.3600 +CCCCC  2867.124028  4 0.0061   198 | 0/7
 15 h-m-p  0.0088 0.0440   0.2694 ++     2867.122545  m 0.0440   208 | 0/7
 16 h-m-p  0.5212 8.0000   0.0228 CC     2867.109593  1 0.6725   227 | 0/7
 17 h-m-p  1.6000 8.0000   0.0033 YC     2867.109499  1 0.8917   245 | 0/7
 18 h-m-p  1.6000 8.0000   0.0003 Y      2867.109498  0 0.8914   262 | 0/7
 19 h-m-p  1.6000 8.0000   0.0000 ++     2867.109498  m 8.0000   279 | 0/7
 20 h-m-p  0.2237 1.1184   0.0005 ++     2867.109497  m 1.1184   296 | 0/7
 21 h-m-p -0.0000 -0.0000   0.0004 
h-m-p:     -0.00000000e+00     -0.00000000e+00      3.99215822e-04  2867.109497
..  | 0/7
 22 h-m-p  0.0002 0.0785   0.0106 +C     2867.109497  0 0.0009   328 | 0/7
 23 h-m-p  0.0007 0.0458   0.0138 +C     2867.109497  0 0.0028   346 | 0/7
 24 h-m-p  0.0033 0.0583   0.0115 Y      2867.109497  0 0.0015   363 | 0/7
 25 h-m-p  0.0084 0.8339   0.0020 -Y     2867.109497  0 0.0009   381 | 0/7
 26 h-m-p  0.0110 1.6640   0.0002 ++C    2867.109497  0 0.2081   400 | 0/7
 27 h-m-p  0.1298 0.6490   0.0001 ++     2867.109497  m 0.6490   417 | 0/7
 28 h-m-p -0.0000 -0.0000   0.0001 
h-m-p:     -0.00000000e+00     -0.00000000e+00      5.68846549e-05  2867.109497
..  | 0/7
 29 h-m-p  0.0013 0.6279   0.0026 C      2867.109497  0 0.0005   448 | 0/7
 30 h-m-p  0.0015 0.5788   0.0008 +Y     2867.109497  0 0.0049   466 | 0/7
 31 h-m-p  0.0011 0.1238   0.0036 ++C    2867.109497  0 0.0159   485 | 0/7
 32 h-m-p  0.0079 0.0556   0.0073 -Y     2867.109497  0 0.0009   503 | 0/7
 33 h-m-p  0.5966 8.0000   0.0000 Y      2867.109497  0 1.3417   520 | 0/7
 34 h-m-p  0.8659 8.0000   0.0000 C      2867.109497  0 0.2165   537 | 0/7
 35 h-m-p  0.0934 7.2046   0.0000 ++C    2867.109497  0 1.4950   556 | 0/7
 36 h-m-p  1.6000 8.0000   0.0000 C      2867.109497  0 1.6000   573 | 0/7
 37 h-m-p  1.5881 8.0000   0.0000 Y      2867.109497  0 3.9424   590 | 0/7
 38 h-m-p  1.6000 8.0000   0.0000 C      2867.109497  0 0.4000   607 | 0/7
 39 h-m-p  0.2460 8.0000   0.0000 ---------------..  | 0/7
 40 h-m-p  0.0160 8.0000   0.0000 -----Y  2867.109497  0 0.0000   659
Out..
lnL  = -2867.109497
660 lfun, 5940 eigenQcodon, 21120 P(t)

Reconstructed ancestral states go into file rst.

lnL = -2867.109497 from ProbSitePattern.
Marginal reconstruction.
	Node   4: lnL = -2867.109497
	Node   5: lnL = -2867.109497

warning: strange character '-' 
warning ambiguity in difcodonNG: --- GGT
warning: strange character '-' 
warning ambiguity in difcodonNG: --- GGT
warning: strange character '-' 
warning ambiguity in difcodonNG: GGT ---
warning: strange character '-' 
warning ambiguity in difcodonNG: GGT ---end of tree file.

Time used:  0:20
