
 15         verbose | verbose                1.00
  7         runmode | runmode                0.00
  4         seqtype | seqtype                1.00
 13       CodonFreq | CodonFreq              2.00
  9           clock | clock                  0.00
 18          aaDist | aaDist                 0.00
 19      aaRatefile | aaRatefile             1.00
 16           model | model                  0.00
 20         NSsites | NSsites                1.00
 22           icode | icode                  0.00
 23           Mgene | Mgene                  0.00
 24       fix_kappa | fix_kappa              0.00
 25           kappa | kappa                  2.00
 26       fix_omega | fix_omega              0.00
 27           omega | omega                  0.40
 28       fix_alpha | fix_alpha              1.00
 29           alpha | alpha                  0.00
 30          Malpha | Malpha                 0.00
 31           ncatG | ncatG                  8.00
 11           getSE | getSE                  0.00
 12    RateAncestor | RateAncestor           1.00
 36      Small_Diff | Small_Diff             0.00
  6       cleandata | cleandata              0.00
  8          method | method                 0.00
CODONML in paml version 4.8a, August 2014

----------------------------------------------
Phe F TTT | Ser S TCT | Tyr Y TAT | Cys C TGT
      TTC |       TCC |       TAC |       TGC
Leu L TTA |       TCA | *** * TAA | *** * TGA
      TTG |       TCG |       TAG | Trp W TGG
----------------------------------------------
Leu L CTT | Pro P CCT | His H CAT | Arg R CGT
      CTC |       CCC |       CAC |       CGC
      CTA |       CCA | Gln Q CAA |       CGA
      CTG |       CCG |       CAG |       CGG
----------------------------------------------
Ile I ATT | Thr T ACT | Asn N AAT | Ser S AGT
      ATC |       ACC |       AAC |       AGC
      ATA |       ACA | Lys K AAA | Arg R AGA
Met M ATG |       ACG |       AAG |       AGG
----------------------------------------------
Val V GTT | Ala A GCT | Asp D GAT | Gly G GGT
      GTC |       GCC |       GAC |       GGC
      GTA |       GCA | Glu E GAA |       GGA
      GTG |       GCG |       GAG |       GGG
----------------------------------------------
Nice code, uuh?


Ambiguity character definition table:

T (1): T 
C (1): C 
A (1): A 
G (1): G 
U (1): T 
Y (2): T C 
R (2): A G 
M (2): C A 
K (2): T G 
S (2): C G 
W (2): T A 
H (3): T C A 
B (3): T C G 
V (3): C A G 
D (3): T A G 
- (4): T C A G 
N (4): T C A G 
? (4): T C A G 

ns = 3  	ls = 1305
Reading sequences, interlaved format..
Reading seq # 1: A20     Reading seq # 2: A19     Reading seq # 3: A21     
block   1:     60     60     60
block   2:    120    120    120
block   3:    180    180    180
block   4:    240    240    240
block   5:    300    300    300
block   6:    360    360    360
block   7:    420    420    420
block   8:    480    480    480
block   9:    540    540    540
block  10:    600    600    600
block  11:    660    660    660
block  12:    720    720    720
block  13:    780    780    780
block  14:    840    840    840
block  15:    900    900    900
block  16:    960    960    960
block  17:   1020   1020   1020
block  18:   1080   1080   1080
block  19:   1140   1140   1140
block  20:   1200   1200   1200
block  21:   1260   1260   1260
block  22:   1305   1305   1305
Sequences read..
Counting site patterns..  0:00
         209 patterns at      435 /      435 sites (100.0%),  0:00
1 ambiguous codons are seen in the data:
 ---
Counting codons..

  2   1:Sites   313.5 +  988.5 = 1302.0	Diffs    65.5 +  106.5 =  172.0
  3   1:Sites   312.7 +  989.3 = 1302.0	Diffs    72.7 +  106.3 =  179.0
  3   2:Sites   311.7 +  990.3 = 1302.0	Diffs    60.9 +   96.1 =  157.0

       24 bytes for distance
   203984 bytes for conP
     3344 bytes for fhK
  5000000 bytes for space

TREE #  1
((2, 1), 3);   MP score: -1
This is a rooted tree, without clock.  Check.

    0.096681    0.188331    0.253477    0.114677    2.000000    0.861151    0.544920

ntime & nrate & np:     4     2     7

Bounds (np=7):
   0.000004   0.000004   0.000004   0.000004   0.000100   0.000010   0.000001
  50.000000  50.000000  50.000000  50.000000 999.000000   0.999990   1.000000
Qfactor_NS = 6.080961

np =     7
lnL0 = -2891.705174

Iterating by ming2
Initial: fx=  2891.705174
x=  0.09668  0.18833  0.25348  0.11468  2.00000  0.86115  0.54492

  1 h-m-p  0.0000 0.0166  41.7570 +++YCCC  2890.552613  3 0.0014    20 | 0/7
  2 h-m-p  0.0005 0.0045 116.9694 +CYYYC  2879.709875  4 0.0033    37 | 0/7
  3 h-m-p  0.0001 0.0003 433.8392 CYCCC  2878.658575  4 0.0001    54 | 0/7
  4 h-m-p  0.0009 0.0046  41.8537 CCC    2878.016623  2 0.0014    68 | 0/7
  5 h-m-p  0.0129 0.1933   4.4032 YCC    2877.872814  2 0.0078    81 | 0/7
  6 h-m-p  0.0020 0.1099  17.4635 ++YCCC  2874.576204  3 0.0501    98 | 0/7
  7 h-m-p  0.0891 0.4456   1.0976 ++     2867.185952  m 0.4456   108 | 1/7
  8 h-m-p  1.1694 5.9394   0.4174 YCCC   2866.324875  3 0.7048   123 | 1/7
  9 h-m-p  1.6000 8.0000   0.0062 CY     2866.301269  1 1.5023   141 | 1/7
 10 h-m-p  1.6000 8.0000   0.0039 YC     2866.299269  1 0.8475   158 | 1/7
 11 h-m-p  0.9551 8.0000   0.0035 Y      2866.299237  0 0.5400   174 | 1/7
 12 h-m-p  1.6000 8.0000   0.0001 Y      2866.299237  0 0.8921   190 | 1/7
 13 h-m-p  1.6000 8.0000   0.0000 Y      2866.299237  0 0.7447   206 | 1/7
 14 h-m-p  1.6000 8.0000   0.0000 C      2866.299237  0 1.6000   222 | 1/7
 15 h-m-p  1.6000 8.0000   0.0000 --------------C  2866.299237  0 0.0000   252
Out..
lnL  = -2866.299237
253 lfun, 759 eigenQcodon, 2024 P(t)

Reconstructed ancestral states go into file rst.

lnL = -2866.299237 from ProbSitePattern.
Marginal reconstruction.
	Node   4: lnL = -2866.299237
	Node   5: lnL = -2866.299237

warning: strange character '-' 
warning ambiguity in difcodonNG: --- GGT
warning: strange character '-' 
warning ambiguity in difcodonNG: --- GGT
warning: strange character '-' 
warning ambiguity in difcodonNG: GGT ---
warning: strange character '-' 
warning ambiguity in difcodonNG: GGT ---end of tree file.

Time used:  0:02
