
 15         verbose | verbose                1.00
  7         runmode | runmode                0.00
  4         seqtype | seqtype                1.00
 13       CodonFreq | CodonFreq              2.00
  9           clock | clock                  0.00
 18          aaDist | aaDist                 0.00
 19      aaRatefile | aaRatefile             1.00
 16           model | model                  0.00
 20         NSsites | NSsites                7.00
 22           icode | icode                  0.00
 23           Mgene | Mgene                  0.00
 24       fix_kappa | fix_kappa              0.00
 25           kappa | kappa                  2.00
 26       fix_omega | fix_omega              0.00
 27           omega | omega                  0.40
 28       fix_alpha | fix_alpha              1.00
 29           alpha | alpha                  0.00
 30          Malpha | Malpha                 0.00
 31           ncatG | ncatG                  8.00
 11           getSE | getSE                  0.00
 12    RateAncestor | RateAncestor           1.00
 36      Small_Diff | Small_Diff             0.00
  6       cleandata | cleandata              0.00
  8          method | method                 0.00
CODONML in paml version 4.8a, August 2014

----------------------------------------------
Phe F TTT | Ser S TCT | Tyr Y TAT | Cys C TGT
      TTC |       TCC |       TAC |       TGC
Leu L TTA |       TCA | *** * TAA | *** * TGA
      TTG |       TCG |       TAG | Trp W TGG
----------------------------------------------
Leu L CTT | Pro P CCT | His H CAT | Arg R CGT
      CTC |       CCC |       CAC |       CGC
      CTA |       CCA | Gln Q CAA |       CGA
      CTG |       CCG |       CAG |       CGG
----------------------------------------------
Ile I ATT | Thr T ACT | Asn N AAT | Ser S AGT
      ATC |       ACC |       AAC |       AGC
      ATA |       ACA | Lys K AAA | Arg R AGA
Met M ATG |       ACG |       AAG |       AGG
----------------------------------------------
Val V GTT | Ala A GCT | Asp D GAT | Gly G GGT
      GTC |       GCC |       GAC |       GGC
      GTA |       GCA | Glu E GAA |       GGA
      GTG |       GCG |       GAG |       GGG
----------------------------------------------
Nice code, uuh?


Ambiguity character definition table:

T (1): T 
C (1): C 
A (1): A 
G (1): G 
U (1): T 
Y (2): T C 
R (2): A G 
M (2): C A 
K (2): T G 
S (2): C G 
W (2): T A 
H (3): T C A 
B (3): T C G 
V (3): C A G 
D (3): T A G 
- (4): T C A G 
N (4): T C A G 
? (4): T C A G 

ns = 5  	ls = 423
Reading sequences, interlaved format..
Reading seq # 1: A26     Reading seq # 2: A23     Reading seq # 3: A24     Reading seq # 4: A25     Reading seq # 5: A22     
block   1:     60     60     60     60     60
block   2:    120    120    120    120    120
block   3:    180    180    180    180    180
block   4:    240    240    240    240    240
block   5:    300    300    300    300    300
block   6:    360    360    360    360    360
block   7:    420    420    420    420    420
block   8:    423    423    423    423    423
Sequences read..
Counting site patterns..  0:00
          80 patterns at      141 /      141 sites (100.0%),  0:00
1 ambiguous codons are seen in the data:
 ---
Counting codons..

  2   1:Sites    96.5 +  272.5 =  369.0	Diffs    17.0 +    7.0 =   24.0
  3   1:Sites   101.0 +  286.0 =  387.0	Diffs    24.0 +    8.0 =   32.0
  3   2:Sites    96.2 +  272.8 =  369.0	Diffs    21.0 +    3.0 =   24.0
  4   1:Sites   100.7 +  286.3 =  387.0	Diffs    24.5 +   17.5 =   42.0
  4   2:Sites    95.9 +  273.1 =  369.0	Diffs    17.3 +   15.7 =   33.0
  4   3:Sites   100.4 +  286.6 =  387.0	Diffs    20.3 +   14.7 =   35.0
  5   1:Sites    99.3 +  281.7 =  381.0	Diffs    19.0 +    8.0 =   27.0
  5   2:Sites    95.9 +  273.1 =  369.0	Diffs     2.0 +    0.0 =    2.0
  5   3:Sites    98.9 +  282.1 =  381.0	Diffs    20.0 +    4.0 =   24.0
  5   4:Sites    98.7 +  282.3 =  381.0	Diffs    21.3 +   16.7 =   38.0

       80 bytes for distance
    78080 bytes for conP
     5120 bytes for fhK
  5000000 bytes for space

TREE #  1
((((5, 2), 1), 4), 3);   MP score: -1
This is a rooted tree, without clock.  Check.

   156160 bytes for conP, adjusted

    0.028925    0.034408    0.074158    0.016870    0.000000    0.143673    0.195424    0.076518    2.000000    1.082193    1.185780

ntime & nrate & np:     8     1    11

Bounds (np=11):
   0.000004   0.000004   0.000004   0.000004   0.000004   0.000004   0.000004   0.000004   0.000100   0.005000   0.005000
  50.000000  50.000000  50.000000  50.000000  50.000000  50.000000  50.000000  50.000000 999.000000  99.000000  99.000000
Qfactor_NS = 5.806980

np =    11
lnL0 =  -860.490459

Iterating by ming2
Initial: fx=   860.490459
x=  0.02893  0.03441  0.07416  0.01687  0.00000  0.14367  0.19542  0.07652  2.00000  1.08219  1.18578

  1 h-m-p  0.0000 0.0684 733.1122 CYCCC   859.287630  4 0.0000    24 | 0/11
  2 h-m-p  0.0001 0.0006  55.7055 +YCYCCC   858.733299  5 0.0003    47 | 0/11
  3 h-m-p  0.0003 0.0065  51.6456 CYC     858.428066  2 0.0004    64 | 0/11
  4 h-m-p  0.0008 0.0070  26.4410 YC      857.980341  1 0.0019    79 | 0/11
  5 h-m-p  0.0014 0.0125  34.9147 CYCC    857.642763  3 0.0015    98 | 0/11
  6 h-m-p  0.0013 0.0330  40.5576 ++YYCCCC   852.809298  5 0.0161   122 | 0/11
  7 h-m-p  0.0005 0.0025 271.2636 CYCCCC   851.240054  5 0.0009   145 | 0/11
  8 h-m-p  0.0090 0.0450   4.4810 YCCC    851.178408  3 0.0055   164 | 0/11
  9 h-m-p  0.0013 0.2404  18.8030 ++CYCC   850.242677  3 0.0257   185 | 0/11
 10 h-m-p  0.8165 4.0827   0.5354 CYCCC   849.806456  4 1.3204   206 | 0/11
 11 h-m-p  0.7656 3.8281   0.3365 CYYCCC   849.363928  5 1.7521   240 | 0/11
 12 h-m-p  0.1181 0.5907   1.8055 +YYYYYYYYYC   848.575950 10 0.4726   276 | 0/11
 13 h-m-p  0.0240 0.1202   1.9206 YYYC    848.529328  3 0.0208   293 | 0/11
 14 h-m-p  0.1081 8.0000   0.3690 +YYCC   848.362351  3 0.6165   312 | 0/11
 15 h-m-p  0.4664 2.3321   0.2203 CCC     848.281027  2 0.5646   341 | 0/11
 16 h-m-p  1.6000 8.0000   0.0101 CC      848.270875  1 1.3691   368 | 0/11
 17 h-m-p  1.6000 8.0000   0.0058 CC      848.270284  1 1.3045   395 | 0/11
 18 h-m-p  1.6000 8.0000   0.0026 C       848.270192  0 1.4450   420 | 0/11
 19 h-m-p  1.6000 8.0000   0.0006 C       848.270182  0 1.3926   445 | 0/11
 20 h-m-p  1.6000 8.0000   0.0002 +C      848.270169  0 5.8465   471 | 0/11
 21 h-m-p  1.6000 8.0000   0.0004 C       848.270165  0 1.5369   496 | 0/11
 22 h-m-p  1.6000 8.0000   0.0001 C       848.270165  0 1.2885   521 | 0/11
 23 h-m-p  1.6000 8.0000   0.0000 C       848.270165  0 1.4395   546 | 0/11
 24 h-m-p  1.6000 8.0000   0.0000 Y       848.270165  0 0.4000   571 | 0/11
 25 h-m-p  0.5498 8.0000   0.0000 --------C   848.270165  0 0.0000   604
Out..
lnL  =  -848.270165
605 lfun, 5445 eigenQcodon, 38720 P(t)

Reconstructed ancestral states go into file rst.

lnL =  -848.270165 from ProbSitePattern.
Marginal reconstruction.
	Node   6: lnL =  -848.270165
	Node   7: lnL =  -848.270165
	Node   8: lnL =  -848.270165
	Node   9: lnL =  -848.270165

warning: strange character '-' 
warning ambiguity in difcodonNG: --- GGC
warning: strange character '-' 
warning ambiguity in difcodonNG: --- AAA
warning: strange character '-' 
warning ambiguity in difcodonNG: --- CCT
warning: strange character '-' 
warning ambiguity in difcodonNG: --- GAA
warning: strange character '-' 
warning ambiguity in difcodonNG: --- CCC
warning: strange character '-' 
warning ambiguity in difcodonNG: --- GAA
warning: strange character '-' 
warning ambiguity in difcodonNG: --- CCC
warning: strange character '-' 
warning ambiguity in difcodonNG: --- GAA
warning: strange character '-' 
warning ambiguity in difcodonNG: --- CCC
warning: strange character '-' 
warning ambiguity in difcodonNG: --- GAA
warning: strange character '-' 
warning ambiguity in difcodonNG: --- CCC
warning: strange character '-' 
warning ambiguity in difcodonNG: --- GAA
warning: strange character '-' 
warning ambiguity in difcodonNG: --- CCT
warning: strange character '-' 
warning ambiguity in difcodonNG: --- GAA
warning: strange character '-' 
warning ambiguity in difcodonNG: --- GGC
warning: strange character '-' 
warning ambiguity in difcodonNG: --- AAA
warning: strange character '-' 
warning ambiguity in difcodonNG: --- CCC
warning: strange character '-' 
warning ambiguity in difcodonNG: --- GAC
warning: strange character '-' 
warning ambiguity in difcodonNG: --- CCC
warning: strange character '-' 
warning ambiguity in difcodonNG: --- GAA
warning: strange character '-' 
warning ambiguity in difcodonNG: --- CCT
warning: strange character '-' 
warning ambiguity in difcodonNG: --- GAA
warning: strange character '-' 
warning ambiguity in difcodonNG: --- CCC
warning: strange character '-' 
warning ambiguity in difcodonNG: --- GAA
warning: strange character '-' 
warning ambiguity in difcodonNG: --- CCC
warning: strange character '-' 
warning ambiguity in difcodonNG: --- GAA
warning: strange character '-' 
warning ambiguity in difcodonNG: --- CCC
warning: strange character '-' 
warning ambiguity in difcodonNG: --- GAA
warning: strange character '-' 
warning ambiguity in difcodonNG: --- CCC
warning: strange character '-' 
warning ambiguity in difcodonNG: --- GAA
warning: strange character '-' 
warning ambiguity in difcodonNG: --- CCT
warning: strange character '-' 
warning ambiguity in difcodonNG: --- GAA
warning: strange character '-' 
warning ambiguity in difcodonNG: --- CCT
warning: strange character '-' 
warning ambiguity in difcodonNG: --- GAA
warning: strange character '-' 
warning ambiguity in difcodonNG: --- CCC
warning: strange character '-' 
warning ambiguity in difcodonNG: --- GAA
warning: strange character '-' 
warning ambiguity in difcodonNG: --- CCC
warning: strange character '-' 
warning ambiguity in difcodonNG: --- GAA
warning: strange character '-' 
warning ambiguity in difcodonNG: --- CCC
warning: strange character '-' 
warning ambiguity in difcodonNG: --- GAA
warning: strange character '-' 
warning ambiguity in difcodonNG: --- CCC
warning: strange character '-' 
warning ambiguity in difcodonNG: --- GAA
warning: strange character '-' 
warning ambiguity in difcodonNG: --- CCT
warning: strange character '-' 
warning ambiguity in difcodonNG: --- GAA
warning: strange character '-' 
warning ambiguity in difcodonNG: --- CCT
warning: strange character '-' 
warning ambiguity in difcodonNG: --- GAA
warning: strange character '-' 
warning ambiguity in difcodonNG: --- CCC
warning: strange character '-' 
warning ambiguity in difcodonNG: --- GAA
warning: strange character '-' 
warning ambiguity in difcodonNG: --- CCC
warning: strange character '-' 
warning ambiguity in difcodonNG: --- GAA
warning: strange character '-' 
warning ambiguity in difcodonNG: --- CCC
warning: strange character '-' 
warning ambiguity in difcodonNG: --- GAA
warning: strange character '-' 
warning ambiguity in difcodonNG: --- CCC
warning: strange character '-' 
warning ambiguity in difcodonNG: --- GAA
warning: strange character '-' 
warning ambiguity in difcodonNG: --- CCT
warning: strange character '-' 
warning ambiguity in difcodonNG: --- GAA
warning: strange character '-' 
warning ambiguity in difcodonNG: GGC ---
warning: strange character '-' 
warning ambiguity in difcodonNG: GGC ---
warning: strange character '-' 
warning ambiguity in difcodonNG: AAA ---
warning: strange character '-' 
warning ambiguity in difcodonNG: AAA ---
warning: strange character '-' 
warning ambiguity in difcodonNG: CCC ---
warning: strange character '-' 
warning ambiguity in difcodonNG: GAC ---
warning: strange character '-' 
warning ambiguity in difcodonNG: CCC ---
warning: strange character '-' 
warning ambiguity in difcodonNG: GAA ---
warning: strange character '-' 
warning ambiguity in difcodonNG: CCT ---
warning: strange character '-' 
warning ambiguity in difcodonNG: CCT ---
warning: strange character '-' 
warning ambiguity in difcodonNG: CCT ---
warning: strange character '-' 
warning ambiguity in difcodonNG: CCT ---
warning: strange character '-' 
warning ambiguity in difcodonNG: GAA ---
warning: strange character '-' 
warning ambiguity in difcodonNG: GAA ---
warning: strange character '-' 
warning ambiguity in difcodonNG: GAA ---
warning: strange character '-' 
warning ambiguity in difcodonNG: GAA ---
warning: strange character '-' 
warning ambiguity in difcodonNG: CCC ---
warning: strange character '-' 
warning ambiguity in difcodonNG: CCC ---
warning: strange character '-' 
warning ambiguity in difcodonNG: CCC ---
warning: strange character '-' 
warning ambiguity in difcodonNG: CCC ---
warning: strange character '-' 
warning ambiguity in difcodonNG: GAA ---
warning: strange character '-' 
warning ambiguity in difcodonNG: GAA ---
warning: strange character '-' 
warning ambiguity in difcodonNG: GAA ---
warning: strange character '-' 
warning ambiguity in difcodonNG: GAA ---
warning: strange character '-' 
warning ambiguity in difcodonNG: CCC ---
warning: strange character '-' 
warning ambiguity in difcodonNG: CCC ---
warning: strange character '-' 
warning ambiguity in difcodonNG: CCC ---
warning: strange character '-' 
warning ambiguity in difcodonNG: CCC ---
warning: strange character '-' 
warning ambiguity in difcodonNG: GAA ---
warning: strange character '-' 
warning ambiguity in difcodonNG: GAA ---
warning: strange character '-' 
warning ambiguity in difcodonNG: GAA ---
warning: strange character '-' 
warning ambiguity in difcodonNG: GAA ---
warning: strange character '-' 
warning ambiguity in difcodonNG: CCC ---
warning: strange character '-' 
warning ambiguity in difcodonNG: CCC ---
warning: strange character '-' 
warning ambiguity in difcodonNG: CCC ---
warning: strange character '-' 
warning ambiguity in difcodonNG: CCC ---
warning: strange character '-' 
warning ambiguity in difcodonNG: GAA ---
warning: strange character '-' 
warning ambiguity in difcodonNG: GAA ---
warning: strange character '-' 
warning ambiguity in difcodonNG: GAA ---
warning: strange character '-' 
warning ambiguity in difcodonNG: GAA ---
warning: strange character '-' 
warning ambiguity in difcodonNG: CCC ---
warning: strange character '-' 
warning ambiguity in difcodonNG: CCC ---
warning: strange character '-' 
warning ambiguity in difcodonNG: CCC ---
warning: strange character '-' 
warning ambiguity in difcodonNG: CCC ---
warning: strange character '-' 
warning ambiguity in difcodonNG: GAA ---
warning: strange character '-' 
warning ambiguity in difcodonNG: GAA ---
warning: strange character '-' 
warning ambiguity in difcodonNG: GAA ---
warning: strange character '-' 
warning ambiguity in difcodonNG: GAA ---
warning: strange character '-' 
warning ambiguity in difcodonNG: CCT ---
warning: strange character '-' 
warning ambiguity in difcodonNG: CCT ---
warning: strange character '-' 
warning ambiguity in difcodonNG: CCT ---
warning: strange character '-' 
warning ambiguity in difcodonNG: CCT ---
warning: strange character '-' 
warning ambiguity in difcodonNG: GAA ---
warning: strange character '-' 
warning ambiguity in difcodonNG: GAA ---
warning: strange character '-' 
warning ambiguity in difcodonNG: GAA ---
warning: strange character '-' 
warning ambiguity in difcodonNG: GAA ---end of tree file.

Time used:  0:26
