
 15         verbose | verbose                1.00
  7         runmode | runmode                0.00
  4         seqtype | seqtype                1.00
 13       CodonFreq | CodonFreq              2.00
  9           clock | clock                  0.00
 18          aaDist | aaDist                 0.00
 19      aaRatefile | aaRatefile             1.00
 16           model | model                  0.00
 20         NSsites | NSsites                1.00
 22           icode | icode                  0.00
 23           Mgene | Mgene                  0.00
 24       fix_kappa | fix_kappa              0.00
 25           kappa | kappa                  2.00
 26       fix_omega | fix_omega              0.00
 27           omega | omega                  0.40
 28       fix_alpha | fix_alpha              1.00
 29           alpha | alpha                  0.00
 30          Malpha | Malpha                 0.00
 31           ncatG | ncatG                  8.00
 11           getSE | getSE                  0.00
 12    RateAncestor | RateAncestor           1.00
 36      Small_Diff | Small_Diff             0.00
  6       cleandata | cleandata              0.00
  8          method | method                 0.00
CODONML in paml version 4.8a, August 2014

----------------------------------------------
Phe F TTT | Ser S TCT | Tyr Y TAT | Cys C TGT
      TTC |       TCC |       TAC |       TGC
Leu L TTA |       TCA | *** * TAA | *** * TGA
      TTG |       TCG |       TAG | Trp W TGG
----------------------------------------------
Leu L CTT | Pro P CCT | His H CAT | Arg R CGT
      CTC |       CCC |       CAC |       CGC
      CTA |       CCA | Gln Q CAA |       CGA
      CTG |       CCG |       CAG |       CGG
----------------------------------------------
Ile I ATT | Thr T ACT | Asn N AAT | Ser S AGT
      ATC |       ACC |       AAC |       AGC
      ATA |       ACA | Lys K AAA | Arg R AGA
Met M ATG |       ACG |       AAG |       AGG
----------------------------------------------
Val V GTT | Ala A GCT | Asp D GAT | Gly G GGT
      GTC |       GCC |       GAC |       GGC
      GTA |       GCA | Glu E GAA |       GGA
      GTG |       GCG |       GAG |       GGG
----------------------------------------------
Nice code, uuh?


Ambiguity character definition table:

T (1): T 
C (1): C 
A (1): A 
G (1): G 
U (1): T 
Y (2): T C 
R (2): A G 
M (2): C A 
K (2): T G 
S (2): C G 
W (2): T A 
H (3): T C A 
B (3): T C G 
V (3): C A G 
D (3): T A G 
- (4): T C A G 
N (4): T C A G 
? (4): T C A G 

ns = 3  	ls = 1371
Reading sequences, interlaved format..
Reading seq # 1: A106     Reading seq # 2: A107     Reading seq # 3: A108     
block   1:     60     60     60
block   2:    120    120    120
block   3:    180    180    180
block   4:    240    240    240
block   5:    300    300    300
block   6:    360    360    360
block   7:    420    420    420
block   8:    480    480    480
block   9:    540    540    540
block  10:    600    600    600
block  11:    660    660    660
block  12:    720    720    720
block  13:    780    780    780
block  14:    840    840    840
block  15:    900    900    900
block  16:    960    960    960
block  17:   1020   1020   1020
block  18:   1080   1080   1080
block  19:   1140   1140   1140
block  20:   1200   1200   1200
block  21:   1260   1260   1260
block  22:   1320   1320   1320
block  23:   1371   1371   1371
Sequences read..
Counting site patterns..  0:00
         111 patterns at      457 /      457 sites (100.0%),  0:00
1 ambiguous codons are seen in the data:
 ---
Counting codons..

  2   1:Sites   295.6 + 1075.4 = 1371.0	Diffs     1.0 +    0.0 =    1.0
  3   1:Sites   293.3 + 1068.7 = 1362.0	Diffs    18.4 +   48.6 =   67.0
  3   2:Sites   293.3 + 1068.7 = 1362.0	Diffs    19.4 +   48.6 =   68.0

       24 bytes for distance
   108336 bytes for conP
     1776 bytes for fhK
  5000000 bytes for space

TREE #  1
((2, 1), 3);   MP score: -1
This is a rooted tree, without clock.  Check.

    0.067370    0.002319    0.000000    0.085367    2.000000    0.861151    0.544920

ntime & nrate & np:     4     2     7

Bounds (np=7):
   0.000004   0.000004   0.000004   0.000004   0.000100   0.000010   0.000001
  50.000000  50.000000  50.000000  50.000000 999.000000   0.999990   1.000000
Qfactor_NS = 6.271910

np =     7
lnL0 = -2158.364649

Iterating by ming2
Initial: fx=  2158.364649
x=  0.06737  0.00232  0.00000  0.08537  2.00000  0.86115  0.54492

  1 h-m-p  0.0000 0.0000 438.4516 ++     2158.364297  m 0.0000    12 | 1/7
  2 h-m-p  0.0000 0.0004  36.1701 +CCC   2158.347660  2 0.0000    27 | 1/7
  3 h-m-p  0.0001 0.0600  44.0997 YC     2158.332066  1 0.0000    38 | 1/7
  4 h-m-p  0.0004 0.1543   5.7086 +++YYCCC  2157.859969  4 0.0391    57 | 1/7
  5 h-m-p  0.2534 1.3377   0.8812 CCCC   2157.673057  3 0.4316    73 | 1/7
  6 h-m-p  0.1373 0.6867   0.2138 ++     2157.562371  m 0.6867    89 | 1/7
  7 h-m-p  0.0564 0.2818   0.8110 ++     2157.531608  m 0.2818   105 | 1/7
  8 h-m-p  0.1963 0.9814   0.2345 ---------------..  | 1/7
  9 h-m-p  0.0000 0.0009   8.7747 +CC    2157.529479  1 0.0001   153 | 1/7
 10 h-m-p  0.0000 0.0039  96.2576 +++++  2155.338685  m 0.0039   166 | 2/7
 11 h-m-p  0.0012 0.0059  46.4569 YCCC   2155.143396  3 0.0025   181 | 2/7
 12 h-m-p  0.0019 0.0097  17.2416 ++     2154.644208  m 0.0097   191 | 3/7
 13 h-m-p  0.0010 0.0050  89.9211 CCCCC  2152.688885  4 0.0017   209 | 3/7
 14 h-m-p  0.0754 0.9525   1.9725 +YYYYC  2151.722584  4 0.2898   224 | 3/7
 15 h-m-p  1.6000 8.0000   0.0526 YYCC   2151.557942  3 0.6308   238 | 2/7
 16 h-m-p  0.0106 1.3245   3.1371 -YC    2151.555709  1 0.0005   254 | 2/7
 17 h-m-p  0.1256 8.0000   0.0120 +YC    2151.549710  1 1.1843   266 | 2/7
 18 h-m-p  1.6000 8.0000   0.0049 YC     2151.549580  1 0.9762   282 | 2/7
 19 h-m-p  1.6000 8.0000   0.0015 Y      2151.549551  0 0.9704   297 | 2/7
 20 h-m-p  1.6000 8.0000   0.0000 --Y    2151.549551  0 0.0185   314 | 2/7
 21 h-m-p  0.0233 8.0000   0.0000 Y      2151.549551  0 0.0058   329 | 2/7
 22 h-m-p  0.0160 8.0000   0.0001 -------------..  | 2/7
 23 h-m-p  0.0160 8.0000   0.0756 ------------- | 2/7
 24 h-m-p  0.0160 8.0000   0.0756 -------------
Out..
lnL  = -2151.549551
408 lfun, 1224 eigenQcodon, 3264 P(t)

Reconstructed ancestral states go into file rst.

lnL = -2151.549551 from ProbSitePattern.
Marginal reconstruction.
	Node   4: lnL = -2151.549551
	Node   5: lnL = -2151.549551

warning: strange character '-' 
warning ambiguity in difcodonNG: --- GAT
warning: strange character '-' 
warning ambiguity in difcodonNG: --- GGT
warning: strange character '-' 
warning ambiguity in difcodonNG: --- GAA
warning: strange character '-' 
warning ambiguity in difcodonNG: GAT ---
warning: strange character '-' 
warning ambiguity in difcodonNG: GGT ---
warning: strange character '-' 
warning ambiguity in difcodonNG: GAA ---end of tree file.

Time used:  0:03
