
 15         verbose | verbose                1.00
  7         runmode | runmode                0.00
  4         seqtype | seqtype                1.00
 13       CodonFreq | CodonFreq              2.00
  9           clock | clock                  0.00
 18          aaDist | aaDist                 0.00
 19      aaRatefile | aaRatefile             1.00
 16           model | model                  0.00
 20         NSsites | NSsites                7.00
 22           icode | icode                  0.00
 23           Mgene | Mgene                  0.00
 24       fix_kappa | fix_kappa              0.00
 25           kappa | kappa                  2.00
 26       fix_omega | fix_omega              0.00
 27           omega | omega                  0.40
 28       fix_alpha | fix_alpha              1.00
 29           alpha | alpha                  0.00
 30          Malpha | Malpha                 0.00
 31           ncatG | ncatG                  8.00
 11           getSE | getSE                  0.00
 12    RateAncestor | RateAncestor           1.00
 36      Small_Diff | Small_Diff             0.00
  6       cleandata | cleandata              0.00
  8          method | method                 0.00
CODONML in paml version 4.8a, August 2014

----------------------------------------------
Phe F TTT | Ser S TCT | Tyr Y TAT | Cys C TGT
      TTC |       TCC |       TAC |       TGC
Leu L TTA |       TCA | *** * TAA | *** * TGA
      TTG |       TCG |       TAG | Trp W TGG
----------------------------------------------
Leu L CTT | Pro P CCT | His H CAT | Arg R CGT
      CTC |       CCC |       CAC |       CGC
      CTA |       CCA | Gln Q CAA |       CGA
      CTG |       CCG |       CAG |       CGG
----------------------------------------------
Ile I ATT | Thr T ACT | Asn N AAT | Ser S AGT
      ATC |       ACC |       AAC |       AGC
      ATA |       ACA | Lys K AAA | Arg R AGA
Met M ATG |       ACG |       AAG |       AGG
----------------------------------------------
Val V GTT | Ala A GCT | Asp D GAT | Gly G GGT
      GTC |       GCC |       GAC |       GGC
      GTA |       GCA | Glu E GAA |       GGA
      GTG |       GCG |       GAG |       GGG
----------------------------------------------
Nice code, uuh?


Ambiguity character definition table:

T (1): T 
C (1): C 
A (1): A 
G (1): G 
U (1): T 
Y (2): T C 
R (2): A G 
M (2): C A 
K (2): T G 
S (2): C G 
W (2): T A 
H (3): T C A 
B (3): T C G 
V (3): C A G 
D (3): T A G 
- (4): T C A G 
N (4): T C A G 
? (4): T C A G 

ns = 3  	ls = 1371
Reading sequences, interlaved format..
Reading seq # 1: A106     Reading seq # 2: A107     Reading seq # 3: A108     
block   1:     60     60     60
block   2:    120    120    120
block   3:    180    180    180
block   4:    240    240    240
block   5:    300    300    300
block   6:    360    360    360
block   7:    420    420    420
block   8:    480    480    480
block   9:    540    540    540
block  10:    600    600    600
block  11:    660    660    660
block  12:    720    720    720
block  13:    780    780    780
block  14:    840    840    840
block  15:    900    900    900
block  16:    960    960    960
block  17:   1020   1020   1020
block  18:   1080   1080   1080
block  19:   1140   1140   1140
block  20:   1200   1200   1200
block  21:   1260   1260   1260
block  22:   1320   1320   1320
block  23:   1371   1371   1371
Sequences read..
Counting site patterns..  0:00
         111 patterns at      457 /      457 sites (100.0%),  0:00
1 ambiguous codons are seen in the data:
 ---
Counting codons..

  2   1:Sites   295.6 + 1075.4 = 1371.0	Diffs     1.0 +    0.0 =    1.0
  3   1:Sites   293.3 + 1068.7 = 1362.0	Diffs    18.4 +   48.6 =   67.0
  3   2:Sites   293.3 + 1068.7 = 1362.0	Diffs    19.4 +   48.6 =   68.0

       24 bytes for distance
   108336 bytes for conP
     7104 bytes for fhK
  5000000 bytes for space

TREE #  1
((2, 1), 3);   MP score: -1
This is a rooted tree, without clock.  Check.

    0.067370    0.002319    0.000000    0.085367    2.000000    1.102878    1.889840

ntime & nrate & np:     4     1     7

Bounds (np=7):
   0.000004   0.000004   0.000004   0.000004   0.000100   0.005000   0.005000
  50.000000  50.000000  50.000000  50.000000 999.000000  99.000000  99.000000
Qfactor_NS = 8.572745

np =     7
lnL0 = -2158.763161

Iterating by ming2
Initial: fx=  2158.763161
x=  0.06737  0.00232  0.00000  0.08537  2.00000  1.10288  1.88984

  1 h-m-p  0.0000 0.0000 432.9447 ++     2158.762814  m 0.0000    12 | 1/7
  2 h-m-p  0.0008 0.3855  64.5232 -CCC   2158.701705  2 0.0001    27 | 1/7
  3 h-m-p  0.0026 0.0203   1.8229 YC     2158.699674  1 0.0012    38 | 1/7
  4 h-m-p  0.0010 0.4932   2.9686 +++++  2156.104113  m 0.4932    51 | 1/7
  5 h-m-p  0.0000 0.0000 106.6356 
h-m-p:      1.60199291e-19      8.00996453e-19      1.06635605e+02  2156.104113
..  | 1/7
  6 h-m-p  0.0000 0.0001  28.5683 YC     2156.101326  1 0.0000    69 | 1/7
  7 h-m-p  0.0001 0.0650  17.6886 +YC    2155.965515  1 0.0012    81 | 1/7
  8 h-m-p  0.0003 0.0015  70.1576 ++     2155.195930  m 0.0015    91 | 1/7
  9 h-m-p  0.0276 0.2020   3.8904 +YYCYCYCC  2153.754031  7 0.1329   112 | 1/7
 10 h-m-p  0.1247 0.6235   1.2747 CYYCCC  2153.206466  5 0.3045   131 | 1/7
 11 h-m-p  0.0069 0.0345   6.4097 CYCYCCC  2153.019535  6 0.0126   151 | 1/7
 12 h-m-p  0.0502 0.2512   0.5017 CCCCC  2152.929497  4 0.0663   169 | 1/7
 13 h-m-p  0.0886 0.7433   0.3756 ++     2151.750588  m 0.7433   185 | 2/7
 14 h-m-p  0.0489 0.2445   1.1275 CYYYYY  2151.578045  5 0.0306   207 | 1/7
 15 h-m-p  0.0007 0.0048  50.6176 YC     2151.576331  1 0.0004   218 | 1/7
 16 h-m-p  1.6000 8.0000   0.0045 YC     2151.561701  1 1.1032   229 | 1/7
 17 h-m-p  1.6000 8.0000   0.0013 Y      2151.561691  0 1.0941   245 | 1/7
 18 h-m-p  1.6000 8.0000   0.0001 +C     2151.561690  0 5.9219   262 | 1/7
 19 h-m-p  1.6000 8.0000   0.0003 +Y     2151.561687  0 4.7801   279 | 1/7
 20 h-m-p  1.6000 8.0000   0.0003 Y      2151.561687  0 0.7877   295 | 1/7
 21 h-m-p  1.6000 8.0000   0.0001 -C     2151.561687  0 0.1572   312 | 1/7
 22 h-m-p  0.1628 8.0000   0.0001 C      2151.561687  0 0.1824   328 | 1/7
 23 h-m-p  0.1900 8.0000   0.0001 C      2151.561687  0 0.2173   344 | 1/7
 24 h-m-p  0.2234 8.0000   0.0001 C      2151.561687  0 0.2234   360 | 1/7
 25 h-m-p  0.2231 8.0000   0.0001 C      2151.561687  0 0.3360   376 | 1/7
 26 h-m-p  0.3484 8.0000   0.0001 C      2151.561687  0 0.4362   392 | 1/7
 27 h-m-p  0.4383 8.0000   0.0001 C      2151.561687  0 0.6389   408 | 1/7
 28 h-m-p  0.6346 8.0000   0.0001 Y      2151.561687  0 1.1085   424 | 1/7
 29 h-m-p  1.0187 8.0000   0.0001 +Y     2151.561686  0 2.5860   441 | 1/7
 30 h-m-p  1.5729 8.0000   0.0002 ++     2151.561684  m 8.0000   457 | 1/7
 31 h-m-p  0.3282 1.6408   0.0013 ++     2151.561677  m 1.6408   473 | 2/7
 32 h-m-p  0.1798 3.0671   0.0087 ---C   2151.561677  0 0.0007   492 | 2/7
 33 h-m-p  0.0143 7.1489   0.0009 +++Y   2151.561668  0 1.8409   510 | 2/7
 34 h-m-p  1.6000 8.0000   0.0004 Y      2151.561666  0 2.6681   525 | 2/7
 35 h-m-p  1.4529 7.2643   0.0004 Y      2151.561664  0 3.6049   540 | 1/7
 36 h-m-p  0.2672 1.3358   0.0014 ---C   2151.561664  0 0.0010   558 | 2/7
 37 h-m-p  0.0000 0.0000  34.3532 Y      2151.561664  0 0.0000   574 | 2/7
 38 h-m-p  0.0346 0.1732   0.0048 ++     2151.561664  m 0.1732   584 | 2/7
 39 h-m-p -0.0000 -0.0000   0.0014 
h-m-p:     -0.00000000e+00     -0.00000000e+00      1.35409828e-03  2151.561664
..  | 2/7
 40 h-m-p  0.0160 8.0000   0.2384 -----Y  2151.561664  0 0.0000   616 | 2/7
 41 h-m-p  0.0160 8.0000   0.0019 C      2151.561664  0 0.0228   631 | 2/7
 42 h-m-p  0.0008 0.3831   0.0733 +Y     2151.561664  0 0.0025   647 | 2/7
 43 h-m-p  1.1510 8.0000   0.0002 Y      2151.561664  0 0.1564   662 | 2/7
 44 h-m-p  1.6000 8.0000   0.0000 ---C   2151.561664  0 0.0063   680 | 2/7
 45 h-m-p  0.0013 0.6406   0.0001 -C     2151.561664  0 0.0001   696
Out..
lnL  = -2151.561664
697 lfun, 6273 eigenQcodon, 22304 P(t)

Reconstructed ancestral states go into file rst.

lnL = -2151.561664 from ProbSitePattern.
Marginal reconstruction.
	Node   4: lnL = -2151.561664
	Node   5: lnL = -2151.561664

warning: strange character '-' 
warning ambiguity in difcodonNG: --- GAT
warning: strange character '-' 
warning ambiguity in difcodonNG: --- GGT
warning: strange character '-' 
warning ambiguity in difcodonNG: --- GAA
warning: strange character '-' 
warning ambiguity in difcodonNG: GAT ---
warning: strange character '-' 
warning ambiguity in difcodonNG: GGT ---
warning: strange character '-' 
warning ambiguity in difcodonNG: GAA ---end of tree file.

Time used:  0:18
