
 15         verbose | verbose                1.00
  7         runmode | runmode                0.00
  4         seqtype | seqtype                1.00
 13       CodonFreq | CodonFreq              2.00
  9           clock | clock                  0.00
 18          aaDist | aaDist                 0.00
 19      aaRatefile | aaRatefile             1.00
 16           model | model                  0.00
 20         NSsites | NSsites                2.00
 22           icode | icode                  0.00
 23           Mgene | Mgene                  0.00
 24       fix_kappa | fix_kappa              0.00
 25           kappa | kappa                  2.00
 26       fix_omega | fix_omega              0.00
 27           omega | omega                  0.40
 28       fix_alpha | fix_alpha              1.00
 29           alpha | alpha                  0.00
 30          Malpha | Malpha                 0.00
 31           ncatG | ncatG                  8.00
 11           getSE | getSE                  0.00
 12    RateAncestor | RateAncestor           1.00
 36      Small_Diff | Small_Diff             0.00
  6       cleandata | cleandata              0.00
  8          method | method                 0.00
CODONML in paml version 4.8a, August 2014

----------------------------------------------
Phe F TTT | Ser S TCT | Tyr Y TAT | Cys C TGT
      TTC |       TCC |       TAC |       TGC
Leu L TTA |       TCA | *** * TAA | *** * TGA
      TTG |       TCG |       TAG | Trp W TGG
----------------------------------------------
Leu L CTT | Pro P CCT | His H CAT | Arg R CGT
      CTC |       CCC |       CAC |       CGC
      CTA |       CCA | Gln Q CAA |       CGA
      CTG |       CCG |       CAG |       CGG
----------------------------------------------
Ile I ATT | Thr T ACT | Asn N AAT | Ser S AGT
      ATC |       ACC |       AAC |       AGC
      ATA |       ACA | Lys K AAA | Arg R AGA
Met M ATG |       ACG |       AAG |       AGG
----------------------------------------------
Val V GTT | Ala A GCT | Asp D GAT | Gly G GGT
      GTC |       GCC |       GAC |       GGC
      GTA |       GCA | Glu E GAA |       GGA
      GTG |       GCG |       GAG |       GGG
----------------------------------------------
Nice code, uuh?


Ambiguity character definition table:

T (1): T 
C (1): C 
A (1): A 
G (1): G 
U (1): T 
Y (2): T C 
R (2): A G 
M (2): C A 
K (2): T G 
S (2): C G 
W (2): T A 
H (3): T C A 
B (3): T C G 
V (3): C A G 
D (3): T A G 
- (4): T C A G 
N (4): T C A G 
? (4): T C A G 

ns = 3  	ls = 1371
Reading sequences, interlaved format..
Reading seq # 1: A106     Reading seq # 2: A107     Reading seq # 3: A108     
block   1:     60     60     60
block   2:    120    120    120
block   3:    180    180    180
block   4:    240    240    240
block   5:    300    300    300
block   6:    360    360    360
block   7:    420    420    420
block   8:    480    480    480
block   9:    540    540    540
block  10:    600    600    600
block  11:    660    660    660
block  12:    720    720    720
block  13:    780    780    780
block  14:    840    840    840
block  15:    900    900    900
block  16:    960    960    960
block  17:   1020   1020   1020
block  18:   1080   1080   1080
block  19:   1140   1140   1140
block  20:   1200   1200   1200
block  21:   1260   1260   1260
block  22:   1320   1320   1320
block  23:   1371   1371   1371
Sequences read..
Counting site patterns..  0:00
         111 patterns at      457 /      457 sites (100.0%),  0:00
1 ambiguous codons are seen in the data:
 ---
Counting codons..

  2   1:Sites   295.6 + 1075.4 = 1371.0	Diffs     1.0 +    0.0 =    1.0
  3   1:Sites   293.3 + 1068.7 = 1362.0	Diffs    18.4 +   48.6 =   67.0
  3   2:Sites   293.3 + 1068.7 = 1362.0	Diffs    19.4 +   48.6 =   68.0

       24 bytes for distance
   108336 bytes for conP
     2664 bytes for fhK
  5000000 bytes for space

TREE #  1
((2, 1), 3);   MP score: -1
This is a rooted tree, without clock.  Check.

initial w for M2:NSpselection reset.

    0.067370    0.002319    0.000000    0.085367    2.000000    1.702878    0.544920    0.254804    2.882193

ntime & nrate & np:     4     3     9

Bounds (np=9):
   0.000004   0.000004   0.000004   0.000004   0.000100 -99.000000 -99.000000   0.000001   1.000000
  50.000000  50.000000  50.000000  50.000000 999.000000  99.000000  99.000000   1.000000 999.000000
Qfactor_NS = 5.517567

np =     9
lnL0 = -2149.496554

Iterating by ming2
Initial: fx=  2149.496554
x=  0.06737  0.00232  0.00000  0.08537  2.00000  1.70288  0.54492  0.25480  2.88219

  1 h-m-p  0.0000 0.0000 436.7377 ++     2149.496203  m 0.0000    14 | 1/9
  2 h-m-p  0.0000 0.0040 232.0056 +CCC   2149.341958  2 0.0000    31 | 1/9
  3 h-m-p  0.0014 0.1367   5.4922 ++CYC  2149.027636  2 0.0233    48 | 1/9
  4 h-m-p  0.0016 0.0259  82.3572 +YCYCCC  2144.316907  5 0.0171    69 | 1/9
  5 h-m-p  0.3096 2.7020   4.5513 +CYCCC  2136.034427  4 1.8982    90 | 1/9
  6 h-m-p  0.4141 2.0703   1.8682 CC     2135.860209  1 0.1098   104 | 1/9
  7 h-m-p  0.1251 0.7515   1.6396 +YC    2135.340740  1 0.6018   118 | 1/9
  8 h-m-p  0.0795 0.3977   1.3212 ++     2135.068597  m 0.3977   130 | 1/9
  9 h-m-p  0.0000 0.0000   0.8889 
h-m-p:      1.22219299e-17      6.11096496e-17      8.88926891e-01  2135.068597
..  | 2/9
 10 h-m-p  0.0000 0.0000 110.4477 CCCC   2135.017957  3 0.0000   165 | 2/9
 11 h-m-p  0.0104 5.2122   3.8363 -CC    2135.012397  1 0.0008   180 | 2/9
 12 h-m-p  0.0104 5.1874   0.5532 +YC    2134.999405  1 0.0864   194 | 2/9
 13 h-m-p  0.0529 2.5549   0.9042 +CCC   2134.952763  2 0.2468   218 | 1/9
 14 h-m-p  0.0313 0.3087   7.1288 CC     2134.935091  1 0.0089   239 | 1/9
 15 h-m-p  0.3018 8.0000   0.2094 +++    2134.546339  m 8.0000   252 | 1/9
 16 h-m-p  1.0876 8.0000   1.5405 CCCC   2134.335430  3 1.3459   278 | 1/9
 17 h-m-p  1.6000 8.0000   1.2947 YYC    2134.067597  2 1.2207   292 | 1/9
 18 h-m-p  1.0303 8.0000   1.5339 YCCC   2133.851510  3 2.0659   309 | 1/9
 19 h-m-p  1.6000 8.0000   1.4707 ++     2132.994691  m 8.0000   321 | 1/9
 20 h-m-p  1.4262 7.1311   7.8814 YYCC   2132.431927  3 1.0365   337 | 1/9
 21 h-m-p  1.6000 8.0000   4.1457 YCCC   2132.007147  3 2.4420   354 | 1/9
 22 h-m-p  1.1376 8.0000   8.8997 CCYC   2131.829316  3 1.1173   371 | 1/9
 23 h-m-p  1.6000 8.0000   4.5415 ++     2131.476652  m 8.0000   383 | 1/9
 24 h-m-p  1.6000 8.0000   1.0281 CCC    2131.414766  2 2.3236   399 | 1/9
 25 h-m-p  0.5374 8.0000   4.4452 +YC    2131.384345  1 1.5719   413 | 1/9
 26 h-m-p  1.6000 8.0000   4.0860 YC     2131.342070  1 2.8253   426 | 1/9
 27 h-m-p  0.6708 8.0000  17.2087 CCC    2131.302642  2 1.0869   442 | 1/9
 28 h-m-p  1.6000 8.0000   7.4319 YC     2131.267597  1 3.2285   455 | 1/9
 29 h-m-p  1.6000 8.0000   9.9754 CC     2131.258166  1 1.4392   469 | 1/9
 30 h-m-p  1.6000 8.0000   2.7518 YC     2131.257483  1 1.0933   482 | 1/9
 31 h-m-p  1.3597 8.0000   2.2126 C      2131.257358  0 1.0890   494 | 1/9
 32 h-m-p  1.6000 8.0000   0.2816 C      2131.257342  0 1.7102   506 | 1/9
 33 h-m-p  1.6000 8.0000   0.0070 C      2131.257341  0 1.5586   526 | 1/9
 34 h-m-p  0.3767 8.0000   0.0289 ++C    2131.257338  0 5.8188   548 | 1/9
 35 h-m-p  1.6000 8.0000   0.0534 C      2131.257338  0 1.3388   568 | 1/9
 36 h-m-p  1.6000 8.0000   0.0104 -C     2131.257338  0 0.1000   589 | 1/9
 37 h-m-p  0.1063 8.0000   0.0098 C      2131.257338  0 0.0957   609 | 1/9
 38 h-m-p  0.0968 8.0000   0.0097 Y      2131.257338  0 0.0968   629 | 1/9
 39 h-m-p  0.1065 8.0000   0.0088 --------Y  2131.257338  0 0.0000   657 | 1/9
 40 h-m-p  0.0160 8.0000   0.0067 -------------..  | 1/9
 41 h-m-p  0.0160 8.0000   0.0259 ------------- | 1/9
 42 h-m-p  0.0160 8.0000   0.0259 -------------
Out..
lnL  = -2131.257338
751 lfun, 3004 eigenQcodon, 9012 P(t)

BEBing (dim = 4).  This may take several minutes.
Calculating f(x_h|w): 10 categories 21 w sets.
S10 w log{f(x|w)}:    0.0500     -4.169448
S10 w log{f(x|w)}:    0.1500     -4.177023
S10 w log{f(x|w)}:    0.2500     -4.184587
S10 w log{f(x|w)}:    0.3500     -4.192141
S10 w log{f(x|w)}:    0.4500     -4.199685
S10 w log{f(x|w)}:    0.5500     -4.207218
S10 w log{f(x|w)}:    0.6500     -4.214741
S10 w log{f(x|w)}:    0.7500     -4.222254
S10 w log{f(x|w)}:    0.8500     -4.229756
S10 w log{f(x|w)}:    0.9500     -4.237248
S10 w log{f(x|w)}:    1.0000     -4.240991
S10 w log{f(x|w)}:    1.5000     -4.278271
S10 w log{f(x|w)}:    2.5000     -4.352056
S10 w log{f(x|w)}:    3.5000     -4.424807
S10 w log{f(x|w)}:    4.5000     -4.496521
S10 w log{f(x|w)}:    5.5000     -4.567197
S10 w log{f(x|w)}:    6.5000     -4.636831
S10 w log{f(x|w)}:    7.5000     -4.705423
S10 w log{f(x|w)}:    8.5000     -4.772970
S10 w log{f(x|w)}:    9.5000     -4.839469
S10 w log{f(x|w)}:   10.5000     -4.904920
Calculating f(X), the marginal probability of data.
	log(fX) = -2145.929134  S = -2029.608988  -109.187553
Calculating f(w|X), posterior probabilities of site classes.
	did  10 / 111 patterns   0:08	did  20 / 111 patterns   0:08	did  30 / 111 patterns   0:08	did  40 / 111 patterns   0:08	did  50 / 111 patterns   0:08	did  60 / 111 patterns   0:08	did  70 / 111 patterns   0:08	did  80 / 111 patterns   0:08	did  90 / 111 patterns   0:08	did 100 / 111 patterns   0:08	did 110 / 111 patterns   0:08	did 111 / 111 patterns   0:08
Reconstructed ancestral states go into file rst.

lnL = -2131.257338 from ProbSitePattern.
Marginal reconstruction.
	Node   4: lnL = -2131.257338
	Node   5: lnL = -2131.257338

warning: strange character '-' 
warning ambiguity in difcodonNG: --- GAT
warning: strange character '-' 
warning ambiguity in difcodonNG: --- GGT
warning: strange character '-' 
warning ambiguity in difcodonNG: --- GAA
warning: strange character '-' 
warning ambiguity in difcodonNG: GAT ---
warning: strange character '-' 
warning ambiguity in difcodonNG: GGT ---
warning: strange character '-' 
warning ambiguity in difcodonNG: GAA ---end of tree file.

Time used:  0:09
