
 15         verbose | verbose                1.00
  7         runmode | runmode                0.00
  4         seqtype | seqtype                1.00
 13       CodonFreq | CodonFreq              2.00
  9           clock | clock                  0.00
 18          aaDist | aaDist                 0.00
 19      aaRatefile | aaRatefile             1.00
 16           model | model                  0.00
 20         NSsites | NSsites                8.00
 22           icode | icode                  0.00
 23           Mgene | Mgene                  0.00
 24       fix_kappa | fix_kappa              0.00
 25           kappa | kappa                  2.00
 26       fix_omega | fix_omega              0.00
 27           omega | omega                  0.40
 28       fix_alpha | fix_alpha              1.00
 29           alpha | alpha                  0.00
 30          Malpha | Malpha                 0.00
 31           ncatG | ncatG                  8.00
 11           getSE | getSE                  0.00
 12    RateAncestor | RateAncestor           1.00
 36      Small_Diff | Small_Diff             0.00
  6       cleandata | cleandata              0.00
  8          method | method                 0.00
CODONML in paml version 4.8a, August 2014

----------------------------------------------
Phe F TTT | Ser S TCT | Tyr Y TAT | Cys C TGT
      TTC |       TCC |       TAC |       TGC
Leu L TTA |       TCA | *** * TAA | *** * TGA
      TTG |       TCG |       TAG | Trp W TGG
----------------------------------------------
Leu L CTT | Pro P CCT | His H CAT | Arg R CGT
      CTC |       CCC |       CAC |       CGC
      CTA |       CCA | Gln Q CAA |       CGA
      CTG |       CCG |       CAG |       CGG
----------------------------------------------
Ile I ATT | Thr T ACT | Asn N AAT | Ser S AGT
      ATC |       ACC |       AAC |       AGC
      ATA |       ACA | Lys K AAA | Arg R AGA
Met M ATG |       ACG |       AAG |       AGG
----------------------------------------------
Val V GTT | Ala A GCT | Asp D GAT | Gly G GGT
      GTC |       GCC |       GAC |       GGC
      GTA |       GCA | Glu E GAA |       GGA
      GTG |       GCG |       GAG |       GGG
----------------------------------------------
Nice code, uuh?


Ambiguity character definition table:

T (1): T 
C (1): C 
A (1): A 
G (1): G 
U (1): T 
Y (2): T C 
R (2): A G 
M (2): C A 
K (2): T G 
S (2): C G 
W (2): T A 
H (3): T C A 
B (3): T C G 
V (3): C A G 
D (3): T A G 
- (4): T C A G 
N (4): T C A G 
? (4): T C A G 

ns = 3  	ls = 1371
Reading sequences, interlaved format..
Reading seq # 1: A106     Reading seq # 2: A107     Reading seq # 3: A108     
block   1:     60     60     60
block   2:    120    120    120
block   3:    180    180    180
block   4:    240    240    240
block   5:    300    300    300
block   6:    360    360    360
block   7:    420    420    420
block   8:    480    480    480
block   9:    540    540    540
block  10:    600    600    600
block  11:    660    660    660
block  12:    720    720    720
block  13:    780    780    780
block  14:    840    840    840
block  15:    900    900    900
block  16:    960    960    960
block  17:   1020   1020   1020
block  18:   1080   1080   1080
block  19:   1140   1140   1140
block  20:   1200   1200   1200
block  21:   1260   1260   1260
block  22:   1320   1320   1320
block  23:   1371   1371   1371
Sequences read..
Counting site patterns..  0:00
         111 patterns at      457 /      457 sites (100.0%),  0:00
1 ambiguous codons are seen in the data:
 ---
Counting codons..

  2   1:Sites   295.6 + 1075.4 = 1371.0	Diffs     1.0 +    0.0 =    1.0
  3   1:Sites   293.3 + 1068.7 = 1362.0	Diffs    18.4 +   48.6 =   67.0
  3   2:Sites   293.3 + 1068.7 = 1362.0	Diffs    19.4 +   48.6 =   68.0

       24 bytes for distance
   108336 bytes for conP
     7992 bytes for fhK
  5000000 bytes for space

TREE #  1
((2, 1), 3);   MP score: -1
This is a rooted tree, without clock.  Check.

initial w for M8:NSbetaw>1 reset.

    0.067370    0.002319    0.000000    0.085367    2.000000    0.900000    1.102878    1.889840    2.387011

ntime & nrate & np:     4     2     9

Bounds (np=9):
   0.000004   0.000004   0.000004   0.000004   0.000100   0.000010   0.005000   0.005000   1.000000
  50.000000  50.000000  50.000000  50.000000 999.000000   0.999990  99.000000  99.000000 999.000000
Qfactor_NS = 6.559372

np =     9
lnL0 = -2150.734471

Iterating by ming2
Initial: fx=  2150.734471
x=  0.06737  0.00232  0.00000  0.08537  2.00000  0.90000  1.10288  1.88984  2.38701

  1 h-m-p  0.0000 0.0000 437.8790 ++     2150.734119  m 0.0000    14 | 1/9
  2 h-m-p  0.0000 0.0094 185.6324 +YCC   2150.521481  2 0.0001    30 | 1/9
  3 h-m-p  0.0004 0.0343  26.9561 +YYCC  2149.950157  3 0.0024    47 | 1/9
  4 h-m-p  0.0112 0.1005   5.6959 +CYYYYCCCC  2148.370471  8 0.0745    72 | 1/9
  5 h-m-p  0.0031 0.0157  89.8831 ++     2141.753090  m 0.0157    84 | 2/9
  6 h-m-p  0.4842 8.0000   2.3075 +CYCCC  2138.671059  4 1.4439   104 | 2/9
  7 h-m-p  0.1680 0.8400   3.9449 YCCCCCC  2137.025038  6 0.2351   127 | 2/9
  8 h-m-p  1.0889 8.0000   0.8516 +CCC   2135.885495  2 4.5034   144 | 2/9
  9 h-m-p  0.4502 2.2510   3.2712 YCCC   2135.026356  3 0.7274   168 | 2/9
 10 h-m-p  0.6159 3.0793   1.6255 +YCCC  2134.685732  3 1.9303   186 | 2/9
 11 h-m-p  0.8483 4.2413   0.3051 ++     2134.553329  m 4.2413   198 | 3/9
 12 h-m-p  0.0050 0.3283 259.8428 CC     2134.550302  1 0.0014   219 | 3/9
 13 h-m-p  0.5626 8.0000   0.6695 +YC    2134.531306  1 1.7827   233 | 3/9
 14 h-m-p  1.6000 8.0000   0.2291 CC     2134.523421  1 1.9114   253 | 3/9
 15 h-m-p  1.6000 8.0000   0.0400 CC     2134.523002  1 1.3043   273 | 3/9
 16 h-m-p  1.6000 8.0000   0.0062 Y      2134.522954  0 2.7759   291 | 2/9
 17 h-m-p  0.0432 8.0000   0.3980 Y      2134.522954  0 0.0063   309 | 2/9
 18 h-m-p  0.1082 8.0000   0.0233 ++Y    2134.522946  0 1.4045   330 | 2/9
 19 h-m-p  1.6000 8.0000   0.0009 C      2134.522946  0 1.2970   349 | 2/9
 20 h-m-p  1.6000 8.0000   0.0002 ---Y   2134.522946  0 0.0019   371 | 1/9
 21 h-m-p -0.0000 -0.0000   0.1108 
h-m-p:     -1.13301050e-14     -5.66505251e-14      1.10792755e-01  2134.522946
..  | 1/9
 22 h-m-p  0.0040 2.0238   0.0223 ------------ | 1/9
 23 h-m-p  0.0040 2.0238   0.0223 ------------
Out..
lnL  = -2134.522946
448 lfun, 4480 eigenQcodon, 16128 P(t)

BEBing (dim = 4).  This may take several minutes.
Calculating f(x_h|w): 10 categories 20 w sets.
S10 w log{f(x|w)}:    0.0500     -4.173550
S10 w log{f(x|w)}:    0.1500     -4.181933
S10 w log{f(x|w)}:    0.2500     -4.190304
S10 w log{f(x|w)}:    0.3500     -4.198663
S10 w log{f(x|w)}:    0.4500     -4.207009
S10 w log{f(x|w)}:    0.5500     -4.215343
S10 w log{f(x|w)}:    0.6500     -4.223664
S10 w log{f(x|w)}:    0.7500     -4.231972
S10 w log{f(x|w)}:    0.8500     -4.240268
S10 w log{f(x|w)}:    0.9500     -4.248552
S10 w log{f(x|w)}:    1.5000     -4.293888
S10 w log{f(x|w)}:    2.5000     -4.375347
S10 w log{f(x|w)}:    3.5000     -4.455552
S10 w log{f(x|w)}:    4.5000     -4.534499
S10 w log{f(x|w)}:    5.5000     -4.612186
S10 w log{f(x|w)}:    6.5000     -4.688610
S10 w log{f(x|w)}:    7.5000     -4.763768
S10 w log{f(x|w)}:    8.5000     -4.837657
S10 w log{f(x|w)}:    9.5000     -4.910274
S10 w log{f(x|w)}:   10.5000     -4.981618
Calculating f(X), the marginal probability of data.
	log(fX) = -2143.822393  S = -2026.289592  -111.283530
Calculating f(w|X), posterior probabilities of site classes.
	did  10 / 111 patterns   0:14	did  20 / 111 patterns   0:14	did  30 / 111 patterns   0:14	did  40 / 111 patterns   0:15	did  50 / 111 patterns   0:15	did  60 / 111 patterns   0:15	did  70 / 111 patterns   0:15	did  80 / 111 patterns   0:16	did  90 / 111 patterns   0:16	did 100 / 111 patterns   0:16	did 110 / 111 patterns   0:17	did 111 / 111 patterns   0:17
Reconstructed ancestral states go into file rst.

lnL = -2134.522946 from ProbSitePattern.
Marginal reconstruction.
	Node   4: lnL = -2134.522946
	Node   5: lnL = -2134.522946

warning: strange character '-' 
warning ambiguity in difcodonNG: --- GAT
warning: strange character '-' 
warning ambiguity in difcodonNG: --- GGT
warning: strange character '-' 
warning ambiguity in difcodonNG: --- GAA
warning: strange character '-' 
warning ambiguity in difcodonNG: GAT ---
warning: strange character '-' 
warning ambiguity in difcodonNG: GGT ---
warning: strange character '-' 
warning ambiguity in difcodonNG: GAA ---end of tree file.

Time used:  0:17
