
 15         verbose | verbose                1.00
  7         runmode | runmode                0.00
  4         seqtype | seqtype                1.00
 13       CodonFreq | CodonFreq              2.00
  9           clock | clock                  0.00
 18          aaDist | aaDist                 0.00
 19      aaRatefile | aaRatefile             1.00
 16           model | model                  0.00
 20         NSsites | NSsites                7.00
 22           icode | icode                  0.00
 23           Mgene | Mgene                  0.00
 24       fix_kappa | fix_kappa              0.00
 25           kappa | kappa                  2.00
 26       fix_omega | fix_omega              0.00
 27           omega | omega                  0.40
 28       fix_alpha | fix_alpha              1.00
 29           alpha | alpha                  0.00
 30          Malpha | Malpha                 0.00
 31           ncatG | ncatG                  8.00
 11           getSE | getSE                  0.00
 12    RateAncestor | RateAncestor           1.00
 36      Small_Diff | Small_Diff             0.00
  6       cleandata | cleandata              0.00
  8          method | method                 0.00
CODONML in paml version 4.8a, August 2014

----------------------------------------------
Phe F TTT | Ser S TCT | Tyr Y TAT | Cys C TGT
      TTC |       TCC |       TAC |       TGC
Leu L TTA |       TCA | *** * TAA | *** * TGA
      TTG |       TCG |       TAG | Trp W TGG
----------------------------------------------
Leu L CTT | Pro P CCT | His H CAT | Arg R CGT
      CTC |       CCC |       CAC |       CGC
      CTA |       CCA | Gln Q CAA |       CGA
      CTG |       CCG |       CAG |       CGG
----------------------------------------------
Ile I ATT | Thr T ACT | Asn N AAT | Ser S AGT
      ATC |       ACC |       AAC |       AGC
      ATA |       ACA | Lys K AAA | Arg R AGA
Met M ATG |       ACG |       AAG |       AGG
----------------------------------------------
Val V GTT | Ala A GCT | Asp D GAT | Gly G GGT
      GTC |       GCC |       GAC |       GGC
      GTA |       GCA | Glu E GAA |       GGA
      GTG |       GCG |       GAG |       GGG
----------------------------------------------
Nice code, uuh?


Ambiguity character definition table:

T (1): T 
C (1): C 
A (1): A 
G (1): G 
U (1): T 
Y (2): T C 
R (2): A G 
M (2): C A 
K (2): T G 
S (2): C G 
W (2): T A 
H (3): T C A 
B (3): T C G 
V (3): C A G 
D (3): T A G 
- (4): T C A G 
N (4): T C A G 
? (4): T C A G 

ns = 3  	ls = 531
Reading sequences, interlaved format..
Reading seq # 1: A134     Reading seq # 2: A135     Reading seq # 3: A136     
block   1:     60     60     60
block   2:    120    120    120
block   3:    180    180    180
block   4:    240    240    240
block   5:    300    300    300
block   6:    360    360    360
block   7:    420    420    420
block   8:    480    480    480
block   9:    531    531    531
Sequences read..
Counting site patterns..  0:00
          62 patterns at      177 /      177 sites (100.0%),  0:00
Counting codons..

  2   1:Sites   124.8 +  406.2 =  531.0	Diffs     2.0 +    4.0 =    6.0
  3   1:Sites   124.5 +  406.5 =  531.0	Diffs     2.0 +    2.0 =    4.0
  3   2:Sites   124.8 +  406.2 =  531.0	Diffs     2.0 +    2.0 =    4.0

       24 bytes for distance
    60512 bytes for conP
     3968 bytes for fhK
  5000000 bytes for space

TREE #  1
((3, 1), 2);   MP score: 7
This is a rooted tree, without clock.  Check.

    0.000000    0.005673    0.017085    0.017312    2.000000    1.102878    1.889840

ntime & nrate & np:     4     1     7

Bounds (np=7):
   0.000004   0.000004   0.000004   0.000004   0.000100   0.005000   0.005000
  50.000000  50.000000  50.000000  50.000000 999.000000  99.000000  99.000000
Qfactor_NS = 8.022050

np =     7
lnL0 =  -748.238264

Iterating by ming2
Initial: fx=   748.238264
x=  0.00000  0.00567  0.01709  0.01731  2.00000  1.10288  1.88984

  1 h-m-p  0.0040 8.0000   5.6491 --CC    748.237390  1 0.0001    16 | 0/7
  2 h-m-p  0.0001 0.0045   2.9331 YC      748.237179  1 0.0001    27 | 0/7
  3 h-m-p  0.0001 0.0003   0.7688 C       748.237164  0 0.0001    37 | 0/7
  4 h-m-p  0.0126 6.2975   0.1846 +++YYCC   748.219099  3 1.2478    61 | 0/7
  5 h-m-p  1.6000 8.0000   0.0280 YC      748.218081  1 2.7429    79 | 0/7
  6 h-m-p  0.0013 0.0067   0.0138 ++      748.218080  m 0.0067    96 | 1/7
  7 h-m-p  0.0053 1.4059   0.0144 ------------..  | 1/7
  8 h-m-p  0.0017 0.8505   0.0233 -C      748.218080  0 0.0001   140 | 1/7
  9 h-m-p  0.0018 0.8908   0.0093 -Y      748.218080  0 0.0001   157 | 1/7
 10 h-m-p  0.0160 8.0000   0.0091 ++++YC   748.218015  1 2.7435   178 | 0/7
 11 h-m-p  0.0023 0.5864  10.7411 --C     748.218013  0 0.0001   196 | 0/7
 12 h-m-p  0.0002 0.0012   0.0265 ++      748.218013  m 0.0012   206 | 1/7
 13 h-m-p  0.0160 8.0000   0.0230 C       748.218013  0 0.0044   223 | 1/7
 14 h-m-p  0.0160 8.0000   0.1181 +++++   748.215008  m 8.0000   242 | 1/7
 15 h-m-p  0.8004 8.0000   1.1805 ++      748.209113  m 8.0000   258 | 1/7
 16 h-m-p  1.6000 8.0000   0.6272 C       748.208847  0 1.6057   268 | 1/7
 17 h-m-p  1.2036 8.0000   0.8367 ++      748.208287  m 8.0000   284 | 1/7
 18 h-m-p  1.6000 8.0000   1.5616 +YC     748.207622  1 5.2461   302 | 1/7
 19 h-m-p  1.6000 8.0000   4.5304 YC      748.207188  1 3.5011   313 | 1/7
 20 h-m-p  1.6000 8.0000   5.2956 C       748.207028  0 2.0318   323 | 1/7
 21 h-m-p  1.6000 8.0000   3.7471 Y       748.206984  0 2.5966   333 | 1/7
 22 h-m-p  1.6000 8.0000   2.2192 ++      748.206905  m 8.0000   343 | 1/7
 23 h-m-p  0.8360 4.1799   9.6353 ++      748.206684  m 4.1799   353 | 2/7
 24 h-m-p  0.1108 0.5538  47.2562 ---------------..  | 2/7
 25 h-m-p  0.0001 0.0276   0.2525 Y       748.206683  0 0.0000   386 | 2/7
 26 h-m-p  0.0039 1.9639   0.1141 --C     748.206683  0 0.0001   403 | 2/7
 27 h-m-p  0.0160 8.0000   0.0008 ---Y    748.206683  0 0.0000   421
Out..
lnL  =  -748.206683
422 lfun, 3798 eigenQcodon, 13504 P(t)

Reconstructed ancestral states go into file rst.

lnL =  -748.206683 from ProbSitePattern.
Marginal reconstruction.
	Node   4: lnL =  -748.206683
	Node   5: lnL =  -748.206683
end of tree file.

Time used:  0:10
