
 15         verbose | verbose                1.00
  7         runmode | runmode                0.00
  4         seqtype | seqtype                1.00
 13       CodonFreq | CodonFreq              2.00
  9           clock | clock                  0.00
 18          aaDist | aaDist                 0.00
 19      aaRatefile | aaRatefile             1.00
 16           model | model                  0.00
 20         NSsites | NSsites                2.00
 22           icode | icode                  0.00
 23           Mgene | Mgene                  0.00
 24       fix_kappa | fix_kappa              0.00
 25           kappa | kappa                  2.00
 26       fix_omega | fix_omega              0.00
 27           omega | omega                  0.40
 28       fix_alpha | fix_alpha              1.00
 29           alpha | alpha                  0.00
 30          Malpha | Malpha                 0.00
 31           ncatG | ncatG                  8.00
 11           getSE | getSE                  0.00
 12    RateAncestor | RateAncestor           1.00
 36      Small_Diff | Small_Diff             0.00
  6       cleandata | cleandata              0.00
  8          method | method                 0.00
CODONML in paml version 4.8a, August 2014

----------------------------------------------
Phe F TTT | Ser S TCT | Tyr Y TAT | Cys C TGT
      TTC |       TCC |       TAC |       TGC
Leu L TTA |       TCA | *** * TAA | *** * TGA
      TTG |       TCG |       TAG | Trp W TGG
----------------------------------------------
Leu L CTT | Pro P CCT | His H CAT | Arg R CGT
      CTC |       CCC |       CAC |       CGC
      CTA |       CCA | Gln Q CAA |       CGA
      CTG |       CCG |       CAG |       CGG
----------------------------------------------
Ile I ATT | Thr T ACT | Asn N AAT | Ser S AGT
      ATC |       ACC |       AAC |       AGC
      ATA |       ACA | Lys K AAA | Arg R AGA
Met M ATG |       ACG |       AAG |       AGG
----------------------------------------------
Val V GTT | Ala A GCT | Asp D GAT | Gly G GGT
      GTC |       GCC |       GAC |       GGC
      GTA |       GCA | Glu E GAA |       GGA
      GTG |       GCG |       GAG |       GGG
----------------------------------------------
Nice code, uuh?


Ambiguity character definition table:

T (1): T 
C (1): C 
A (1): A 
G (1): G 
U (1): T 
Y (2): T C 
R (2): A G 
M (2): C A 
K (2): T G 
S (2): C G 
W (2): T A 
H (3): T C A 
B (3): T C G 
V (3): C A G 
D (3): T A G 
- (4): T C A G 
N (4): T C A G 
? (4): T C A G 

ns = 3  	ls = 531
Reading sequences, interlaved format..
Reading seq # 1: A134     Reading seq # 2: A135     Reading seq # 3: A136     
block   1:     60     60     60
block   2:    120    120    120
block   3:    180    180    180
block   4:    240    240    240
block   5:    300    300    300
block   6:    360    360    360
block   7:    420    420    420
block   8:    480    480    480
block   9:    531    531    531
Sequences read..
Counting site patterns..  0:00
          62 patterns at      177 /      177 sites (100.0%),  0:00
Counting codons..

  2   1:Sites   124.8 +  406.2 =  531.0	Diffs     2.0 +    4.0 =    6.0
  3   1:Sites   124.5 +  406.5 =  531.0	Diffs     2.0 +    2.0 =    4.0
  3   2:Sites   124.8 +  406.2 =  531.0	Diffs     2.0 +    2.0 =    4.0

       24 bytes for distance
    60512 bytes for conP
     1488 bytes for fhK
  5000000 bytes for space

TREE #  1
((3, 1), 2);   MP score: 7
This is a rooted tree, without clock.  Check.

initial w for M2:NSpselection reset.

    0.000000    0.005673    0.017085    0.017312    2.000000    1.702878    0.544920    0.254804    2.882193

ntime & nrate & np:     4     3     9

Bounds (np=9):
   0.000004   0.000004   0.000004   0.000004   0.000100 -99.000000 -99.000000   0.000001   1.000000
  50.000000  50.000000  50.000000  50.000000 999.000000  99.000000  99.000000   1.000000 999.000000
Qfactor_NS = 5.254250

np =     9
lnL0 =  -748.504651

Iterating by ming2
Initial: fx=   748.504651
x=  0.00000  0.00567  0.01709  0.01731  2.00000  1.70288  0.54492  0.25480  2.88219

  1 h-m-p  0.0002 0.3747   6.9705 CC      748.503353  1 0.0001    16 | 0/9
  2 h-m-p  0.0001 0.0040   3.6327 YC      748.502996  1 0.0001    29 | 0/9
  3 h-m-p  0.0001 0.0003   1.3813 YC      748.502915  1 0.0001    42 | 0/9
  4 h-m-p  0.0004 0.1959   1.5320 +++++   748.352165  m 0.1959    57 | 0/9
  5 h-m-p  1.6000 8.0000   0.1455 YCC     748.309183  2 3.6528    72 | 0/9
  6 h-m-p  1.0535 5.2673   0.4278 +YC     748.248474  1 2.9784    95 | 0/9
  7 h-m-p  0.8508 4.2542   0.1450 YYC     748.239887  2 0.5805   118 | 0/9
  8 h-m-p  0.3362 4.2919   0.2503 +YCCC   748.215162  3 2.6734   145 | 0/9
  9 h-m-p  0.4778 2.3889   0.1409 ++      748.211841  m 2.3889   166 | 1/9
 10 h-m-p  1.6000 8.0000   0.0407 C       748.210967  0 1.7484   187 | 1/9
 11 h-m-p  0.3678 8.0000   0.1935 +C      748.210251  0 1.4714   208 | 1/9
 12 h-m-p  1.3022 8.0000   0.2186 +YC     748.208629  1 3.4673   230 | 1/9
 13 h-m-p  1.6000 8.0000   0.2900 CC      748.207445  1 1.8648   252 | 1/9
 14 h-m-p  1.6000 8.0000   0.2397 +YC     748.206859  1 4.1745   274 | 1/9
 15 h-m-p  0.4175 2.0875   0.8692 CC      748.206652  1 0.5843   296 | 1/9
 16 h-m-p  0.5900 2.9499   0.2995 +YC     748.206537  1 1.6332   318 | 1/9
 17 h-m-p  0.0004 0.0020   2.4954 ++      748.206537  m 0.0020   338 | 1/9
 18 h-m-p  0.0000 0.0000   0.2875 
h-m-p:      3.69237325e-15      1.84618662e-14      2.87481984e-01   748.206537
..  | 2/9
 19 h-m-p  0.0160 8.0000   0.4086 ---C    748.206533  0 0.0001   370 | 2/9
 20 h-m-p  0.0001 0.0701   0.2407 Y       748.206532  0 0.0001   389 | 2/9
 21 h-m-p  0.0160 8.0000   0.0122 +C      748.206526  0 0.0791   409 | 2/9
 22 h-m-p  0.0004 0.1382   2.4851 C       748.206524  0 0.0001   428 | 2/9
 23 h-m-p  0.1520 8.0000   0.0023 ++C     748.206517  0 2.5887   442 | 1/9
 24 h-m-p  0.3522 8.0000   0.0167 -----Y   748.206517  0 0.0002   466 | 2/9
 25 h-m-p  0.0152 7.6075   0.2691 ---C    748.206517  0 0.0001   489 | 2/9
 26 h-m-p  0.1481 8.0000   0.0002 ++Y     748.206517  0 1.5237   510 | 2/9
 27 h-m-p  0.8010 8.0000   0.0003 ++      748.206517  m 8.0000   529 | 2/9
 28 h-m-p  0.1444 8.0000   0.0169 ++C     748.206514  0 2.5827   550 | 2/9
 29 h-m-p  1.6000 8.0000   0.0231 ++      748.206489  m 8.0000   569 | 2/9
 30 h-m-p  0.2568 8.0000   0.7200 +YC     748.206413  1 2.3270   590 | 2/9
 31 h-m-p  1.6000 8.0000   0.1692 C       748.206400  0 1.3758   609 | 2/9
 32 h-m-p  1.0124 8.0000   0.2299 ++      748.206391  m 8.0000   628 | 2/9
 33 h-m-p  1.6000 8.0000   0.2557 C       748.206389  0 1.3495   647 | 2/9
 34 h-m-p  1.3119 8.0000   0.2630 ++      748.206388  m 8.0000   666 | 2/9
 35 h-m-p  1.6000 8.0000   0.2474 C       748.206388  0 1.3570   685 | 2/9
 36 h-m-p  1.3196 8.0000   0.2544 +C      748.206388  0 5.2783   705 | 2/9
 37 h-m-p  1.6000 8.0000   0.3285 C       748.206388  0 1.7636   724 | 2/9
 38 h-m-p  1.6000 8.0000   0.1312 Y       748.206388  0 1.1120   743 | 2/9
 39 h-m-p  0.7118 8.0000   0.2050 C       748.206388  0 0.9206   762 | 2/9
 40 h-m-p  1.6000 8.0000   0.0853 C       748.206388  0 2.1922   781 | 2/9
 41 h-m-p  1.6000 8.0000   0.0459 C       748.206388  0 1.7613   800 | 2/9
 42 h-m-p  1.6000 8.0000   0.0154 ++      748.206388  m 8.0000   819 | 2/9
 43 h-m-p  0.5125 8.0000   0.2407 +C      748.206388  0 2.0116   839 | 2/9
 44 h-m-p  1.6000 8.0000   0.0090 ++      748.206388  m 8.0000   858 | 2/9
 45 h-m-p  0.1678 8.0000   0.4307 +Y      748.206388  0 1.0983   878 | 2/9
 46 h-m-p  0.8836 8.0000   0.5353 +Y      748.206388  0 4.9620   898 | 2/9
 47 h-m-p  1.6000 8.0000   0.0918 Y       748.206388  0 1.1332   917 | 2/9
 48 h-m-p  1.6000 8.0000   0.0387 -Y      748.206388  0 0.1000   937 | 2/9
 49 h-m-p  1.3044 8.0000   0.0030 ------------Y   748.206388  0 0.0000   968 | 2/9
 50 h-m-p  0.0160 8.0000   0.0002 ++Y     748.206388  0 0.4112   989 | 2/9
 51 h-m-p  0.8478 8.0000   0.0001 --Y     748.206388  0 0.0132  1010 | 2/9
 52 h-m-p  0.0160 8.0000   0.0001 ---C    748.206388  0 0.0001  1032
Out..
lnL  =  -748.206388
1033 lfun, 4132 eigenQcodon, 12396 P(t)

BEBing (dim = 4).  This may take several minutes.
Calculating f(x_h|w): 10 categories 21 w sets.
S10 w log{f(x|w)}:    0.0500     -4.754572
S10 w log{f(x|w)}:    0.1500     -4.757717
S10 w log{f(x|w)}:    0.2500     -4.760862
S10 w log{f(x|w)}:    0.3500     -4.764007
S10 w log{f(x|w)}:    0.4500     -4.767151
S10 w log{f(x|w)}:    0.5500     -4.770295
S10 w log{f(x|w)}:    0.6500     -4.773438
S10 w log{f(x|w)}:    0.7500     -4.776581
S10 w log{f(x|w)}:    0.8500     -4.779724
S10 w log{f(x|w)}:    0.9500     -4.782866
S10 w log{f(x|w)}:    1.0000     -4.784437
S10 w log{f(x|w)}:    1.5000     -4.800141
S10 w log{f(x|w)}:    2.5000     -4.831515
S10 w log{f(x|w)}:    3.5000     -4.862848
S10 w log{f(x|w)}:    4.5000     -4.894138
S10 w log{f(x|w)}:    5.5000     -4.925385
S10 w log{f(x|w)}:    6.5000     -4.956590
S10 w log{f(x|w)}:    7.5000     -4.987753
S10 w log{f(x|w)}:    8.5000     -5.018872
S10 w log{f(x|w)}:    9.5000     -5.049949
S10 w log{f(x|w)}:   10.5000     -5.080984
Calculating f(X), the marginal probability of data.
	log(fX) =  -750.955621  S =  -734.086961   -14.132392
Calculating f(w|X), posterior probabilities of site classes.
	did  10 /  62 patterns   0:09	did  20 /  62 patterns   0:09	did  30 /  62 patterns   0:09	did  40 /  62 patterns   0:09	did  50 /  62 patterns   0:09	did  60 /  62 patterns   0:10	did  62 /  62 patterns   0:10
Reconstructed ancestral states go into file rst.

lnL =  -748.206388 from ProbSitePattern.
Marginal reconstruction.
	Node   4: lnL =  -748.206388
	Node   5: lnL =  -748.206388
end of tree file.

Time used:  0:10
