
 15         verbose | verbose                1.00
  7         runmode | runmode                0.00
  4         seqtype | seqtype                1.00
 13       CodonFreq | CodonFreq              2.00
  9           clock | clock                  0.00
 18          aaDist | aaDist                 0.00
 19      aaRatefile | aaRatefile             1.00
 16           model | model                  0.00
 20         NSsites | NSsites                1.00
 22           icode | icode                  0.00
 23           Mgene | Mgene                  0.00
 24       fix_kappa | fix_kappa              0.00
 25           kappa | kappa                  2.00
 26       fix_omega | fix_omega              0.00
 27           omega | omega                  0.40
 28       fix_alpha | fix_alpha              1.00
 29           alpha | alpha                  0.00
 30          Malpha | Malpha                 0.00
 31           ncatG | ncatG                  8.00
 11           getSE | getSE                  0.00
 12    RateAncestor | RateAncestor           1.00
 36      Small_Diff | Small_Diff             0.00
  6       cleandata | cleandata              0.00
  8          method | method                 0.00
CODONML in paml version 4.8a, August 2014

----------------------------------------------
Phe F TTT | Ser S TCT | Tyr Y TAT | Cys C TGT
      TTC |       TCC |       TAC |       TGC
Leu L TTA |       TCA | *** * TAA | *** * TGA
      TTG |       TCG |       TAG | Trp W TGG
----------------------------------------------
Leu L CTT | Pro P CCT | His H CAT | Arg R CGT
      CTC |       CCC |       CAC |       CGC
      CTA |       CCA | Gln Q CAA |       CGA
      CTG |       CCG |       CAG |       CGG
----------------------------------------------
Ile I ATT | Thr T ACT | Asn N AAT | Ser S AGT
      ATC |       ACC |       AAC |       AGC
      ATA |       ACA | Lys K AAA | Arg R AGA
Met M ATG |       ACG |       AAG |       AGG
----------------------------------------------
Val V GTT | Ala A GCT | Asp D GAT | Gly G GGT
      GTC |       GCC |       GAC |       GGC
      GTA |       GCA | Glu E GAA |       GGA
      GTG |       GCG |       GAG |       GGG
----------------------------------------------
Nice code, uuh?


Ambiguity character definition table:

T (1): T 
C (1): C 
A (1): A 
G (1): G 
U (1): T 
Y (2): T C 
R (2): A G 
M (2): C A 
K (2): T G 
S (2): C G 
W (2): T A 
H (3): T C A 
B (3): T C G 
V (3): C A G 
D (3): T A G 
- (4): T C A G 
N (4): T C A G 
? (4): T C A G 

ns = 3  	ls = 531
Reading sequences, interlaved format..
Reading seq # 1: A134     Reading seq # 2: A135     Reading seq # 3: A136     
block   1:     60     60     60
block   2:    120    120    120
block   3:    180    180    180
block   4:    240    240    240
block   5:    300    300    300
block   6:    360    360    360
block   7:    420    420    420
block   8:    480    480    480
block   9:    531    531    531
Sequences read..
Counting site patterns..  0:00
          62 patterns at      177 /      177 sites (100.0%),  0:00
Counting codons..

  2   1:Sites   124.8 +  406.2 =  531.0	Diffs     2.0 +    4.0 =    6.0
  3   1:Sites   124.5 +  406.5 =  531.0	Diffs     2.0 +    2.0 =    4.0
  3   2:Sites   124.8 +  406.2 =  531.0	Diffs     2.0 +    2.0 =    4.0

       24 bytes for distance
    60512 bytes for conP
      992 bytes for fhK
  5000000 bytes for space

TREE #  1
((3, 1), 2);   MP score: 7
This is a rooted tree, without clock.  Check.

    0.000000    0.005673    0.017085    0.017312    2.000000    0.861151    0.544920

ntime & nrate & np:     4     2     7

Bounds (np=7):
   0.000004   0.000004   0.000004   0.000004   0.000100   0.000010   0.000001
  50.000000  50.000000  50.000000  50.000000 999.000000   0.999990   1.000000
Qfactor_NS = 5.946680

np =     7
lnL0 =  -748.326263

Iterating by ming2
Initial: fx=   748.326263
x=  0.00000  0.00567  0.01709  0.01731  2.00000  0.86115  0.54492

  1 h-m-p  0.0001 0.2958   4.3240 CC      748.325745  1 0.0001    14 | 0/7
  2 h-m-p  0.0001 0.0062   2.7608 C       748.325526  0 0.0001    24 | 0/7
  3 h-m-p  0.0000 0.0002   1.4034 ++      748.325324  m 0.0002    34 | 0/7
  4 h-m-p  0.0001 0.0390   7.4261 ++++CYCCC   748.210271  4 0.0243    55 | 0/7
  5 h-m-p  0.1788 0.8938   0.0652 ++      748.206684  m 0.8938    65 | 1/7
  6 h-m-p  0.5925 8.0000   0.0437 ---------------C   748.206684  0 0.0000    97 | 1/7
  7 h-m-p  0.0000 0.0004   5.1372 +++     748.206563  m 0.0004   114 | 1/7
  8 h-m-p  0.3107 8.0000   0.0061 +C      748.206405  0 1.0624   125 | 1/7
  9 h-m-p  1.6000 8.0000   0.0021 +C      748.206391  0 5.7771   142 | 1/7
 10 h-m-p  1.1914 5.9572   0.0027 C       748.206388  0 1.2940   158 | 1/7
 11 h-m-p  1.6000 8.0000   0.0000 Y       748.206388  0 0.6607   174 | 1/7
 12 h-m-p  1.6000 8.0000   0.0000 ---Y    748.206388  0 0.0063   193 | 1/7
 13 h-m-p  0.0160 8.0000   0.0000 ----C   748.206388  0 0.0000   213
Out..
lnL  =  -748.206388
214 lfun, 642 eigenQcodon, 1712 P(t)

Reconstructed ancestral states go into file rst.

lnL =  -748.206388 from ProbSitePattern.
Marginal reconstruction.
	Node   4: lnL =  -748.206388
	Node   5: lnL =  -748.206388
end of tree file.

Time used:  0:01
