
 15         verbose | verbose                1.00
  7         runmode | runmode                0.00
  4         seqtype | seqtype                1.00
 13       CodonFreq | CodonFreq              2.00
  9           clock | clock                  0.00
 18          aaDist | aaDist                 0.00
 19      aaRatefile | aaRatefile             1.00
 16           model | model                  0.00
 20         NSsites | NSsites                8.00
 22           icode | icode                  0.00
 23           Mgene | Mgene                  0.00
 24       fix_kappa | fix_kappa              0.00
 25           kappa | kappa                  2.00
 26       fix_omega | fix_omega              0.00
 27           omega | omega                  0.40
 28       fix_alpha | fix_alpha              1.00
 29           alpha | alpha                  0.00
 30          Malpha | Malpha                 0.00
 31           ncatG | ncatG                  8.00
 11           getSE | getSE                  0.00
 12    RateAncestor | RateAncestor           1.00
 36      Small_Diff | Small_Diff             0.00
  6       cleandata | cleandata              0.00
  8          method | method                 0.00
CODONML in paml version 4.8a, August 2014

----------------------------------------------
Phe F TTT | Ser S TCT | Tyr Y TAT | Cys C TGT
      TTC |       TCC |       TAC |       TGC
Leu L TTA |       TCA | *** * TAA | *** * TGA
      TTG |       TCG |       TAG | Trp W TGG
----------------------------------------------
Leu L CTT | Pro P CCT | His H CAT | Arg R CGT
      CTC |       CCC |       CAC |       CGC
      CTA |       CCA | Gln Q CAA |       CGA
      CTG |       CCG |       CAG |       CGG
----------------------------------------------
Ile I ATT | Thr T ACT | Asn N AAT | Ser S AGT
      ATC |       ACC |       AAC |       AGC
      ATA |       ACA | Lys K AAA | Arg R AGA
Met M ATG |       ACG |       AAG |       AGG
----------------------------------------------
Val V GTT | Ala A GCT | Asp D GAT | Gly G GGT
      GTC |       GCC |       GAC |       GGC
      GTA |       GCA | Glu E GAA |       GGA
      GTG |       GCG |       GAG |       GGG
----------------------------------------------
Nice code, uuh?


Ambiguity character definition table:

T (1): T 
C (1): C 
A (1): A 
G (1): G 
U (1): T 
Y (2): T C 
R (2): A G 
M (2): C A 
K (2): T G 
S (2): C G 
W (2): T A 
H (3): T C A 
B (3): T C G 
V (3): C A G 
D (3): T A G 
- (4): T C A G 
N (4): T C A G 
? (4): T C A G 

ns = 3  	ls = 531
Reading sequences, interlaved format..
Reading seq # 1: A134     Reading seq # 2: A135     Reading seq # 3: A136     
block   1:     60     60     60
block   2:    120    120    120
block   3:    180    180    180
block   4:    240    240    240
block   5:    300    300    300
block   6:    360    360    360
block   7:    420    420    420
block   8:    480    480    480
block   9:    531    531    531
Sequences read..
Counting site patterns..  0:00
          62 patterns at      177 /      177 sites (100.0%),  0:00
Counting codons..

  2   1:Sites   124.8 +  406.2 =  531.0	Diffs     2.0 +    4.0 =    6.0
  3   1:Sites   124.5 +  406.5 =  531.0	Diffs     2.0 +    2.0 =    4.0
  3   2:Sites   124.8 +  406.2 =  531.0	Diffs     2.0 +    2.0 =    4.0

       24 bytes for distance
    60512 bytes for conP
     4464 bytes for fhK
  5000000 bytes for space

TREE #  1
((3, 1), 2);   MP score: 7
This is a rooted tree, without clock.  Check.

initial w for M8:NSbetaw>1 reset.

    0.000000    0.005673    0.017085    0.017312    2.000000    0.900000    1.102878    1.889840    2.387011

ntime & nrate & np:     4     2     9

Bounds (np=9):
   0.000004   0.000004   0.000004   0.000004   0.000100   0.000010   0.005000   0.005000   1.000000
  50.000000  50.000000  50.000000  50.000000 999.000000   0.999990  99.000000  99.000000 999.000000
Qfactor_NS = 6.208970

np =     9
lnL0 =  -748.329746

Iterating by ming2
Initial: fx=   748.329746
x=  0.00000  0.00567  0.01709  0.01731  2.00000  0.90000  1.10288  1.88984  2.38701

  1 h-m-p  0.0000 0.0560   6.6366 YC      748.328479  1 0.0001    15 | 0/9
  2 h-m-p  0.0001 0.0040   4.2005 C       748.327919  0 0.0001    27 | 0/9
  3 h-m-p  0.0000 0.0002   3.0992 ++      748.327192  m 0.0002    39 | 0/9
  4 h-m-p  0.0001 0.0089  11.2084 ++++    748.238812  m 0.0089    53 | 0/9
  5 h-m-p  0.8447 8.0000   0.1180 YCCC    748.222961  3 1.5222    70 | 0/9
  6 h-m-p  0.0319 0.1595   0.2326 ++      748.218891  m 0.1595    91 | 1/9
  7 h-m-p  0.0989 4.1676   0.3699 --------------..  | 1/9
  8 h-m-p  0.0000 0.0003   0.9792 +C      748.218862  0 0.0001   145 | 1/9
  9 h-m-p  0.0001 0.0270   0.4205 Y       748.218858  0 0.0001   165 | 1/9
 10 h-m-p  0.0160 8.0000   0.1679 ---C    748.218857  0 0.0001   188 | 1/9
 11 h-m-p  0.0160 8.0000   0.0242 ++++YC   748.218127  1 2.6391   213 | 1/9
 12 h-m-p  1.6000 8.0000   0.0086 YC      748.218037  1 2.6403   234 | 1/9
 13 h-m-p  1.3255 6.6273   0.0062 ++      748.217867  m 6.6273   254 | 2/9
 14 h-m-p  0.0160 8.0000  11.0392 --Y     748.217863  0 0.0002   276 | 2/9
 15 h-m-p  0.0160 8.0000   1.1953 +++++   748.209563  m 8.0000   291 | 1/9
 16 h-m-p  0.0061 0.0715 1569.0941 --C     748.209261  0 0.0001   305 | 1/9
 17 h-m-p  0.3542 8.0000   0.4708 +C      748.209013  0 1.4169   318 | 1/9
 18 h-m-p  1.1179 8.0000   0.5967 ++      748.208337  m 8.0000   338 | 1/9
 19 h-m-p  0.8937 8.0000   5.3419 +YC     748.207368  1 5.4639   360 | 1/9
 20 h-m-p  1.6000 8.0000   3.9907 C       748.207116  0 1.3827   372 | 1/9
 21 h-m-p  1.2203 8.0000   4.5217 ++      748.206871  m 8.0000   384 | 1/9
 22 h-m-p  0.3719 1.8595  18.7768 ++      748.206761  m 1.8595   396 | 2/9
 23 h-m-p  0.1422 0.7111  36.0009 ---------------..  | 2/9
 24 h-m-p  0.0002 0.1199   0.2205 C       748.206759  0 0.0000   433 | 2/9
 25 h-m-p  0.0004 0.1751   0.1046 C       748.206759  0 0.0001   452 | 2/9
 26 h-m-p  0.0160 8.0000   0.0015 ---Y    748.206759  0 0.0001   474 | 2/9
 27 h-m-p  0.0160 8.0000   0.0051 ++Y     748.206757  0 0.6314   495 | 2/9
 28 h-m-p  1.6000 8.0000   0.0002 Y       748.206757  0 3.3859   514 | 2/9
 29 h-m-p  1.2193 8.0000   0.0004 ++      748.206756  m 8.0000   533 | 2/9
 30 h-m-p  0.0644 1.8414   0.0524 +++     748.206748  m 1.8414   553 | 3/9
 31 h-m-p  1.0247 5.1235   0.0244 --------------Y   748.206748  0 0.0000   586 | 3/9
 32 h-m-p  0.0160 8.0000   0.1760 -Y      748.206748  0 0.0006   605 | 3/9
 33 h-m-p  0.0551 8.0000   0.0018 ++Y     748.206742  0 1.7645   625 | 3/9
 34 h-m-p  0.0794 8.0000   0.0403 ++C     748.206738  0 1.8800   645 | 3/9
 35 h-m-p  1.6000 8.0000   0.0008 ++      748.206737  m 8.0000   663 | 3/9
 36 h-m-p  0.1019 8.0000   0.0599 ++C     748.206729  0 2.3646   683 | 3/9
 37 h-m-p  1.6000 8.0000   0.0697 ++      748.206672  m 8.0000   701 | 3/9
 38 h-m-p  0.7848 8.0000   0.7105 C       748.206648  0 0.9586   719 | 3/9
 39 h-m-p  1.6000 8.0000   0.0064 Y       748.206648  0 0.8263   737 | 3/9
 40 h-m-p  1.6000 8.0000   0.0011 ----------------..  | 3/9
 41 h-m-p  0.0160 8.0000   0.0024 ------------- | 3/9
 42 h-m-p  0.0160 8.0000   0.0024 -------------
Out..
lnL  =  -748.206648
828 lfun, 8280 eigenQcodon, 29808 P(t)

BEBing (dim = 4).  This may take several minutes.
Calculating f(x_h|w): 10 categories 20 w sets.
S10 w log{f(x|w)}:    0.0500     -4.754569
S10 w log{f(x|w)}:    0.1500     -4.757713
S10 w log{f(x|w)}:    0.2500     -4.760856
S10 w log{f(x|w)}:    0.3500     -4.764000
S10 w log{f(x|w)}:    0.4500     -4.767143
S10 w log{f(x|w)}:    0.5500     -4.770285
S10 w log{f(x|w)}:    0.6500     -4.773427
S10 w log{f(x|w)}:    0.7500     -4.776569
S10 w log{f(x|w)}:    0.8500     -4.779710
S10 w log{f(x|w)}:    0.9500     -4.782851
S10 w log{f(x|w)}:    1.5000     -4.800118
S10 w log{f(x|w)}:    2.5000     -4.831479
S10 w log{f(x|w)}:    3.5000     -4.862798
S10 w log{f(x|w)}:    4.5000     -4.894075
S10 w log{f(x|w)}:    5.5000     -4.925309
S10 w log{f(x|w)}:    6.5000     -4.956500
S10 w log{f(x|w)}:    7.5000     -4.987649
S10 w log{f(x|w)}:    8.5000     -5.018755
S10 w log{f(x|w)}:    9.5000     -5.049819
S10 w log{f(x|w)}:   10.5000     -5.080840
Calculating f(X), the marginal probability of data.
	log(fX) =  -750.809865  S =  -734.087489   -14.142533
Calculating f(w|X), posterior probabilities of site classes.
	did  10 /  62 patterns   0:22	did  20 /  62 patterns   0:23	did  30 /  62 patterns   0:23	did  40 /  62 patterns   0:23	did  50 /  62 patterns   0:24	did  60 /  62 patterns   0:24	did  62 /  62 patterns   0:24
Reconstructed ancestral states go into file rst.

lnL =  -748.206648 from ProbSitePattern.
Marginal reconstruction.
	Node   4: lnL =  -748.206648
	Node   5: lnL =  -748.206648
end of tree file.

Time used:  0:24
