
 15         verbose | verbose                1.00
  7         runmode | runmode                0.00
  4         seqtype | seqtype                1.00
 13       CodonFreq | CodonFreq              2.00
  9           clock | clock                  0.00
 18          aaDist | aaDist                 0.00
 19      aaRatefile | aaRatefile             1.00
 16           model | model                  0.00
 20         NSsites | NSsites                2.00
 22           icode | icode                  0.00
 23           Mgene | Mgene                  0.00
 24       fix_kappa | fix_kappa              0.00
 25           kappa | kappa                  2.00
 26       fix_omega | fix_omega              0.00
 27           omega | omega                  0.40
 28       fix_alpha | fix_alpha              1.00
 29           alpha | alpha                  0.00
 30          Malpha | Malpha                 0.00
 31           ncatG | ncatG                  8.00
 11           getSE | getSE                  0.00
 12    RateAncestor | RateAncestor           1.00
 36      Small_Diff | Small_Diff             0.00
  6       cleandata | cleandata              0.00
  8          method | method                 0.00
CODONML in paml version 4.8a, August 2014

----------------------------------------------
Phe F TTT | Ser S TCT | Tyr Y TAT | Cys C TGT
      TTC |       TCC |       TAC |       TGC
Leu L TTA |       TCA | *** * TAA | *** * TGA
      TTG |       TCG |       TAG | Trp W TGG
----------------------------------------------
Leu L CTT | Pro P CCT | His H CAT | Arg R CGT
      CTC |       CCC |       CAC |       CGC
      CTA |       CCA | Gln Q CAA |       CGA
      CTG |       CCG |       CAG |       CGG
----------------------------------------------
Ile I ATT | Thr T ACT | Asn N AAT | Ser S AGT
      ATC |       ACC |       AAC |       AGC
      ATA |       ACA | Lys K AAA | Arg R AGA
Met M ATG |       ACG |       AAG |       AGG
----------------------------------------------
Val V GTT | Ala A GCT | Asp D GAT | Gly G GGT
      GTC |       GCC |       GAC |       GGC
      GTA |       GCA | Glu E GAA |       GGA
      GTG |       GCG |       GAG |       GGG
----------------------------------------------
Nice code, uuh?


Ambiguity character definition table:

T (1): T 
C (1): C 
A (1): A 
G (1): G 
U (1): T 
Y (2): T C 
R (2): A G 
M (2): C A 
K (2): T G 
S (2): C G 
W (2): T A 
H (3): T C A 
B (3): T C G 
V (3): C A G 
D (3): T A G 
- (4): T C A G 
N (4): T C A G 
? (4): T C A G 

ns = 3  	ls = 606
Reading sequences, interlaved format..
Reading seq # 1: A103     Reading seq # 2: A104     Reading seq # 3: A105     
block   1:     60     60     60
block   2:    120    120    120
block   3:    180    180    180
block   4:    240    240    240
block   5:    300    300    300
block   6:    360    360    360
block   7:    420    420    420
block   8:    480    480    480
block   9:    540    540    540
block  10:    600    600    600
block  11:    606    606    606
Sequences read..
Counting site patterns..  0:00
          58 patterns at      202 /      202 sites (100.0%),  0:00
Counting codons..

  2   1:Sites   142.1 +  463.9 =  606.0	Diffs     0.0 +    1.0 =    1.0
  3   1:Sites   142.1 +  463.9 =  606.0	Diffs     0.0 +    3.0 =    3.0
  3   2:Sites   142.1 +  463.9 =  606.0	Diffs     0.0 +    2.0 =    2.0

       24 bytes for distance
    56608 bytes for conP
     1392 bytes for fhK
  5000000 bytes for space

TREE #  1
((3, 1), 2);   MP score: 3
This is a rooted tree, without clock.  Check.

initial w for M2:NSpselection reset.

    0.000000    0.014883    0.045267    0.017997    2.000000    1.702878    0.544920    0.254804    2.882193

ntime & nrate & np:     4     3     9

Bounds (np=9):
   0.000004   0.000004   0.000004   0.000004   0.000100 -99.000000 -99.000000   0.000001   1.000000
  50.000000  50.000000  50.000000  50.000000 999.000000  99.000000  99.000000   1.000000 999.000000
Qfactor_NS = 5.852957

np =     9
lnL0 =  -843.394676

Iterating by ming2
Initial: fx=   843.394676
x=  0.00000  0.01488  0.04527  0.01800  2.00000  1.70288  0.54492  0.25480  2.88219

  1 h-m-p  0.0000 0.0000 321.2918 ++      843.394240  m 0.0000    14 | 1/9
  2 h-m-p  0.0000 0.0000 75124.5012 ++      837.199876  m 0.0000    26 | 2/9
  3 h-m-p  0.0001 0.0003 111.2452 +YYYYYCCCCC   834.193406  9 0.0002    52 | 2/9
  4 h-m-p  0.0163 0.5279   1.5107 ++YYCC   833.893619  3 0.2174    70 | 2/9
  5 h-m-p  0.1655 0.8276   0.7375 YYCC    833.803908  3 0.2374    86 | 2/9
  6 h-m-p  0.1912 0.9559   0.6758 ++      833.538205  m 0.9559   105 | 3/9
  7 h-m-p  0.6567 3.2834   0.5286 CYCCC   833.457954  4 1.1506   131 | 3/9
  8 h-m-p  1.6000 8.0000   0.1118 CCCC    833.422468  3 2.7176   155 | 3/9
  9 h-m-p  0.8877 8.0000   0.3422 ++      833.283162  m 8.0000   173 | 3/9
 10 h-m-p  1.6000 8.0000   1.1854 CYCC    833.123509  3 1.9067   196 | 3/9
 11 h-m-p  1.3405 6.7024   0.9429 CYCCC   833.051476  4 1.8175   215 | 3/9
 12 h-m-p  1.6000 8.0000   1.0409 YCC     833.021572  2 3.5243   236 | 3/9
 13 h-m-p  1.6000 8.0000   1.6828 YCC     832.997555  2 2.6543   251 | 3/9
 14 h-m-p  1.6000 8.0000   2.4524 +YC     832.975820  1 4.4717   265 | 3/9
 15 h-m-p  1.6000 8.0000   4.3846 YC      832.961073  1 2.6392   278 | 3/9
 16 h-m-p  1.6000 8.0000   6.6813 YC      832.949940  1 3.8200   291 | 3/9
 17 h-m-p  1.5523 7.7614  10.0747 CC      832.942856  1 2.3969   305 | 3/9
 18 h-m-p  0.7971 3.9853  13.5627 ++      832.937366  m 3.9853   317 | 3/9
 19 h-m-p -0.0000 -0.0000  24.5986 
h-m-p:     -0.00000000e+00     -0.00000000e+00      2.45985532e+01   832.937366
..  | 3/9
 20 h-m-p  0.0000 0.0013   6.0727 +CC     832.936719  1 0.0000   341 | 3/9
 21 h-m-p  0.0001 0.0050   2.2706 CC      832.936637  1 0.0000   355 | 3/9
 22 h-m-p  0.0160 8.0000   0.0067 +++YC   832.936587  1 2.2264   371 | 3/9
 23 h-m-p  1.6000 8.0000   0.0001 Y       832.936587  0 1.0574   389 | 3/9
 24 h-m-p  0.6826 8.0000   0.0002 ++      832.936586  m 8.0000   407 | 3/9
 25 h-m-p  1.3655 8.0000   0.0010 ++      832.936585  m 8.0000   425 | 3/9
 26 h-m-p  0.0163 8.0000   0.5145 +++YC   832.936525  1 2.0357   447 | 3/9
 27 h-m-p  1.6000 8.0000   0.5389 ++      832.936064  m 8.0000   465 | 3/9
 28 h-m-p  0.1015 8.0000  42.4567 +++CYC   832.930316  2 5.4296   489 | 3/9
 29 h-m-p  1.6000 8.0000  17.9600 YC      832.929386  1 1.2318   502 | 3/9
 30 h-m-p  1.1391 8.0000  19.4216 ++      832.928642  m 8.0000   514 | 3/9
 31 h-m-p  0.7190 3.5952 139.0155 ++      832.927857  m 3.5952   526 | 4/9
 32 h-m-p  1.3879 8.0000   0.0044 Y       832.927805  0 0.9902   538 | 4/9
 33 h-m-p  1.6000 8.0000   0.0002 Y       832.927805  0 0.9715   555 | 4/9
 34 h-m-p  1.6000 8.0000   0.0000 Y       832.927805  0 0.7765   572
Out..
lnL  =  -832.927805
573 lfun, 2292 eigenQcodon, 6876 P(t)

BEBing (dim = 4).  This may take several minutes.
Calculating f(x_h|w): 10 categories 21 w sets.
S10 w log{f(x|w)}:    0.0500     -4.058164
S10 w log{f(x|w)}:    0.1500     -4.058166
S10 w log{f(x|w)}:    0.2500     -4.058168
S10 w log{f(x|w)}:    0.3500     -4.058170
S10 w log{f(x|w)}:    0.4500     -4.058171
S10 w log{f(x|w)}:    0.5500     -4.058173
S10 w log{f(x|w)}:    0.6500     -4.058175
S10 w log{f(x|w)}:    0.7500     -4.058177
S10 w log{f(x|w)}:    0.8500     -4.058179
S10 w log{f(x|w)}:    0.9500     -4.058180
S10 w log{f(x|w)}:    1.0000     -4.058181
S10 w log{f(x|w)}:    1.5000     -4.058190
S10 w log{f(x|w)}:    2.5000     -4.058209
S10 w log{f(x|w)}:    3.5000     -4.058227
S10 w log{f(x|w)}:    4.5000     -4.058245
S10 w log{f(x|w)}:    5.5000     -4.058263
S10 w log{f(x|w)}:    6.5000     -4.058281
S10 w log{f(x|w)}:    7.5000     -4.058299
S10 w log{f(x|w)}:    8.5000     -4.058318
S10 w log{f(x|w)}:    9.5000     -4.058336
S10 w log{f(x|w)}:   10.5000     -4.058354
Calculating f(X), the marginal probability of data.
	log(fX) =  -846.873631  S =  -843.591378    -0.216227
Calculating f(w|X), posterior probabilities of site classes.
	did  10 /  58 patterns   0:05	did  20 /  58 patterns   0:05	did  30 /  58 patterns   0:05	did  40 /  58 patterns   0:05	did  50 /  58 patterns   0:05	did  58 /  58 patterns   0:05
Reconstructed ancestral states go into file rst.

lnL =  -832.927805 from ProbSitePattern.
Marginal reconstruction.
	Node   4: lnL =  -832.927805
	Node   5: lnL =  -832.927805
end of tree file.

Time used:  0:06
