
 15         verbose | verbose                1.00
  7         runmode | runmode                0.00
  4         seqtype | seqtype                1.00
 13       CodonFreq | CodonFreq              2.00
  9           clock | clock                  0.00
 18          aaDist | aaDist                 0.00
 19      aaRatefile | aaRatefile             1.00
 16           model | model                  0.00
 20         NSsites | NSsites                7.00
 22           icode | icode                  0.00
 23           Mgene | Mgene                  0.00
 24       fix_kappa | fix_kappa              0.00
 25           kappa | kappa                  2.00
 26       fix_omega | fix_omega              0.00
 27           omega | omega                  0.40
 28       fix_alpha | fix_alpha              1.00
 29           alpha | alpha                  0.00
 30          Malpha | Malpha                 0.00
 31           ncatG | ncatG                  8.00
 11           getSE | getSE                  0.00
 12    RateAncestor | RateAncestor           1.00
 36      Small_Diff | Small_Diff             0.00
  6       cleandata | cleandata              0.00
  8          method | method                 0.00
CODONML in paml version 4.8a, August 2014

----------------------------------------------
Phe F TTT | Ser S TCT | Tyr Y TAT | Cys C TGT
      TTC |       TCC |       TAC |       TGC
Leu L TTA |       TCA | *** * TAA | *** * TGA
      TTG |       TCG |       TAG | Trp W TGG
----------------------------------------------
Leu L CTT | Pro P CCT | His H CAT | Arg R CGT
      CTC |       CCC |       CAC |       CGC
      CTA |       CCA | Gln Q CAA |       CGA
      CTG |       CCG |       CAG |       CGG
----------------------------------------------
Ile I ATT | Thr T ACT | Asn N AAT | Ser S AGT
      ATC |       ACC |       AAC |       AGC
      ATA |       ACA | Lys K AAA | Arg R AGA
Met M ATG |       ACG |       AAG |       AGG
----------------------------------------------
Val V GTT | Ala A GCT | Asp D GAT | Gly G GGT
      GTC |       GCC |       GAC |       GGC
      GTA |       GCA | Glu E GAA |       GGA
      GTG |       GCG |       GAG |       GGG
----------------------------------------------
Nice code, uuh?


Ambiguity character definition table:

T (1): T 
C (1): C 
A (1): A 
G (1): G 
U (1): T 
Y (2): T C 
R (2): A G 
M (2): C A 
K (2): T G 
S (2): C G 
W (2): T A 
H (3): T C A 
B (3): T C G 
V (3): C A G 
D (3): T A G 
- (4): T C A G 
N (4): T C A G 
? (4): T C A G 

ns = 3  	ls = 606
Reading sequences, interlaved format..
Reading seq # 1: A103     Reading seq # 2: A104     Reading seq # 3: A105     
block   1:     60     60     60
block   2:    120    120    120
block   3:    180    180    180
block   4:    240    240    240
block   5:    300    300    300
block   6:    360    360    360
block   7:    420    420    420
block   8:    480    480    480
block   9:    540    540    540
block  10:    600    600    600
block  11:    606    606    606
Sequences read..
Counting site patterns..  0:00
          58 patterns at      202 /      202 sites (100.0%),  0:00
Counting codons..

  2   1:Sites   142.1 +  463.9 =  606.0	Diffs     0.0 +    1.0 =    1.0
  3   1:Sites   142.1 +  463.9 =  606.0	Diffs     0.0 +    3.0 =    3.0
  3   2:Sites   142.1 +  463.9 =  606.0	Diffs     0.0 +    2.0 =    2.0

       24 bytes for distance
    56608 bytes for conP
     3712 bytes for fhK
  5000000 bytes for space

TREE #  1
((3, 1), 2);   MP score: 3
This is a rooted tree, without clock.  Check.

    0.000000    0.014883    0.045267    0.017997    2.000000    1.102878    1.889840

ntime & nrate & np:     4     1     7

Bounds (np=7):
   0.000004   0.000004   0.000004   0.000004   0.000100   0.005000   0.005000
  50.000000  50.000000  50.000000  50.000000 999.000000  99.000000  99.000000
Qfactor_NS = 8.974675

np =     7
lnL0 =  -844.354525

Iterating by ming2
Initial: fx=   844.354525
x=  0.00000  0.01488  0.04527  0.01800  2.00000  1.10288  1.88984

  1 h-m-p  0.0000 0.0000 334.1168 ++      844.354071  m 0.0000    12 | 1/7
  2 h-m-p  0.0000 0.0000 4066.5054 ++      838.278137  m 0.0000    22 | 2/7
  3 h-m-p  0.0029 0.0147   2.2981 YCYCCC   837.388098  5 0.0081    40 | 2/7
  4 h-m-p  0.0081 0.0686   2.3193 +CYYYCYCYC   834.805934  8 0.0554    62 | 2/7
  5 h-m-p  0.1488 4.1488   0.8644 ++YCCC   834.128290  3 1.7580    79 | 2/7
  6 h-m-p  0.2181 1.0905   0.9271 CYCCC   833.954492  4 0.4381   101 | 2/7
  7 h-m-p  0.2669 1.3346   0.8729 +CCC    833.700807  2 1.0938   121 | 2/7
  8 h-m-p  0.0848 0.4239   0.4116 ++      833.655333  m 0.4239   136 | 3/7
  9 h-m-p  0.5720 8.0000   0.1679 YCCC    833.638155  3 1.1366   156 | 3/7
 10 h-m-p  1.6000 8.0000   0.0246 YC      833.637247  1 0.9960   171 | 3/7
 11 h-m-p  1.6000 8.0000   0.0035 Y       833.637237  0 1.1792   185 | 3/7
 12 h-m-p  1.6000 8.0000   0.0005 Y       833.637237  0 1.1060   199 | 3/7
 13 h-m-p  1.6000 8.0000   0.0000 -C      833.637237  0 0.1000   214 | 3/7
 14 h-m-p  0.1106 8.0000   0.0000 Y       833.637237  0 0.0276   228 | 3/7
 15 h-m-p  0.0282 8.0000   0.0000 -C      833.637237  0 0.0018   243
Out..
lnL  =  -833.637237
244 lfun, 2196 eigenQcodon, 7808 P(t)

Reconstructed ancestral states go into file rst.

lnL =  -833.637237 from ProbSitePattern.
Marginal reconstruction.
	Node   4: lnL =  -833.637237
	Node   5: lnL =  -833.637237
end of tree file.

Time used:  0:06
