
 15         verbose | verbose                1.00
  7         runmode | runmode                0.00
  4         seqtype | seqtype                1.00
 13       CodonFreq | CodonFreq              2.00
  9           clock | clock                  0.00
 18          aaDist | aaDist                 0.00
 19      aaRatefile | aaRatefile             1.00
 16           model | model                  0.00
 20         NSsites | NSsites                7.00
 22           icode | icode                  0.00
 23           Mgene | Mgene                  0.00
 24       fix_kappa | fix_kappa              0.00
 25           kappa | kappa                  2.00
 26       fix_omega | fix_omega              0.00
 27           omega | omega                  0.40
 28       fix_alpha | fix_alpha              1.00
 29           alpha | alpha                  0.00
 30          Malpha | Malpha                 0.00
 31           ncatG | ncatG                  8.00
 11           getSE | getSE                  0.00
 12    RateAncestor | RateAncestor           1.00
 36      Small_Diff | Small_Diff             0.00
  6       cleandata | cleandata              0.00
  8          method | method                 0.00
CODONML in paml version 4.8a, August 2014

----------------------------------------------
Phe F TTT | Ser S TCT | Tyr Y TAT | Cys C TGT
      TTC |       TCC |       TAC |       TGC
Leu L TTA |       TCA | *** * TAA | *** * TGA
      TTG |       TCG |       TAG | Trp W TGG
----------------------------------------------
Leu L CTT | Pro P CCT | His H CAT | Arg R CGT
      CTC |       CCC |       CAC |       CGC
      CTA |       CCA | Gln Q CAA |       CGA
      CTG |       CCG |       CAG |       CGG
----------------------------------------------
Ile I ATT | Thr T ACT | Asn N AAT | Ser S AGT
      ATC |       ACC |       AAC |       AGC
      ATA |       ACA | Lys K AAA | Arg R AGA
Met M ATG |       ACG |       AAG |       AGG
----------------------------------------------
Val V GTT | Ala A GCT | Asp D GAT | Gly G GGT
      GTC |       GCC |       GAC |       GGC
      GTA |       GCA | Glu E GAA |       GGA
      GTG |       GCG |       GAG |       GGG
----------------------------------------------
Nice code, uuh?


Ambiguity character definition table:

T (1): T 
C (1): C 
A (1): A 
G (1): G 
U (1): T 
Y (2): T C 
R (2): A G 
M (2): C A 
K (2): T G 
S (2): C G 
W (2): T A 
H (3): T C A 
B (3): T C G 
V (3): C A G 
D (3): T A G 
- (4): T C A G 
N (4): T C A G 
? (4): T C A G 

ns = 5  	ls = 3738
Reading sequences, interlaved format..
Reading seq # 1: A43     Reading seq # 2: A40     Reading seq # 3: A41     Reading seq # 4: A42     Reading seq # 5: A39     
block   1:     60     60     60     60     60
block   2:    120    120    120    120    120
block   3:    180    180    180    180    180
block   4:    240    240    240    240    240
block   5:    300    300    300    300    300
block   6:    360    360    360    360    360
block   7:    420    420    420    420    420
block   8:    480    480    480    480    480
block   9:    540    540    540    540    540
block  10:    600    600    600    600    600
block  11:    660    660    660    660    660
block  12:    720    720    720    720    720
block  13:    780    780    780    780    780
block  14:    840    840    840    840    840
block  15:    900    900    900    900    900
block  16:    960    960    960    960    960
block  17:   1020   1020   1020   1020   1020
block  18:   1080   1080   1080   1080   1080
block  19:   1140   1140   1140   1140   1140
block  20:   1200   1200   1200   1200   1200
block  21:   1260   1260   1260   1260   1260
block  22:   1320   1320   1320   1320   1320
block  23:   1380   1380   1380   1380   1380
block  24:   1440   1440   1440   1440   1440
block  25:   1500   1500   1500   1500   1500
block  26:   1560   1560   1560   1560   1560
block  27:   1620   1620   1620   1620   1620
block  28:   1680   1680   1680   1680   1680
block  29:   1740   1740   1740   1740   1740
block  30:   1800   1800   1800   1800   1800
block  31:   1860   1860   1860   1860   1860
block  32:   1920   1920   1920   1920   1920
block  33:   1980   1980   1980   1980   1980
block  34:   2040   2040   2040   2040   2040
block  35:   2100   2100   2100   2100   2100
block  36:   2160   2160   2160   2160   2160
block  37:   2220   2220   2220   2220   2220
block  38:   2280   2280   2280   2280   2280
block  39:   2340   2340   2340   2340   2340
block  40:   2400   2400   2400   2400   2400
block  41:   2460   2460   2460   2460   2460
block  42:   2520   2520   2520   2520   2520
block  43:   2580   2580   2580   2580   2580
block  44:   2640   2640   2640   2640   2640
block  45:   2700   2700   2700   2700   2700
block  46:   2760   2760   2760   2760   2760
block  47:   2820   2820   2820   2820   2820
block  48:   2880   2880   2880   2880   2880
block  49:   2940   2940   2940   2940   2940
block  50:   3000   3000   3000   3000   3000
block  51:   3060   3060   3060   3060   3060
block  52:   3120   3120   3120   3120   3120
block  53:   3180   3180   3180   3180   3180
block  54:   3240   3240   3240   3240   3240
block  55:   3300   3300   3300   3300   3300
block  56:   3360   3360   3360   3360   3360
block  57:   3420   3420   3420   3420   3420
block  58:   3480   3480   3480   3480   3480
block  59:   3540   3540   3540   3540   3540
block  60:   3600   3600   3600   3600   3600
block  61:   3660   3660   3660   3660   3660
block  62:   3720   3720   3720   3720   3720
block  63:   3738   3738   3738   3738   3738
Sequences read..
Counting site patterns..  0:00
         158 patterns at     1246 /     1246 sites (100.0%),  0:00
1 ambiguous codons are seen in the data:
 ---
Counting codons..

  2   1:Sites   906.8 + 2822.2 = 3729.0	Diffs    26.2 +   37.8 =   64.0
  3   1:Sites   905.6 + 2823.4 = 3729.0	Diffs    23.2 +   27.8 =   51.0
  3   2:Sites   906.0 + 2823.0 = 3729.0	Diffs    11.0 +   16.0 =   27.0
  4   1:Sites   904.8 + 2824.2 = 3729.0	Diffs    28.2 +   45.8 =   74.0
  4   2:Sites   905.2 + 2823.8 = 3729.0	Diffs    27.0 +   46.0 =   73.0
  4   3:Sites   904.0 + 2825.0 = 3729.0	Diffs    24.0 +   34.0 =   58.0
  5   1:Sites   903.5 + 2825.5 = 3729.0	Diffs    33.2 +   54.8 =   88.0
  5   2:Sites   904.0 + 2825.0 = 3729.0	Diffs    24.0 +   45.0 =   69.0
  5   3:Sites   902.8 + 2826.2 = 3729.0	Diffs    19.0 +   37.0 =   56.0
  5   4:Sites   901.9 + 2827.1 = 3729.0	Diffs    20.0 +   19.0 =   39.0

       80 bytes for distance
   154208 bytes for conP
    10112 bytes for fhK
  5000000 bytes for space

TREE #  1
((3, ((4, 5), 1)), 2);   MP score: -1
This is a rooted tree, without clock.  Check.

   308416 bytes for conP, adjusted

    0.000000    0.014875    0.054720    0.024732    0.066878    0.066944    0.041562    0.047593    2.000000    1.082193    1.185780

ntime & nrate & np:     8     1    11

Bounds (np=11):
   0.000004   0.000004   0.000004   0.000004   0.000004   0.000004   0.000004   0.000004   0.000100   0.005000   0.005000
  50.000000  50.000000  50.000000  50.000000  50.000000  50.000000  50.000000  50.000000 999.000000  99.000000  99.000000
Qfactor_NS = 7.901023

np =    11
lnL0 = -6175.556972

Iterating by ming2
Initial: fx=  6175.556972
x=  0.00000  0.01488  0.05472  0.02473  0.06688  0.06694  0.04156  0.04759  2.00000  1.08219  1.18578

  1 h-m-p  0.0000 0.0000 2075.5599 ++     6175.552305  m 0.0000    16 | 1/11
  2 h-m-p  0.0000 0.0000 2789.3213 ++     6092.996660  m 0.0000    30 | 1/11
  3 h-m-p  0.0000 0.0000 1856.5042 CCCC   6090.979941  3 0.0000    50 | 1/11
  4 h-m-p  0.0000 0.0001 413.2721 CCCC   6089.599487  3 0.0000    70 | 1/11
  5 h-m-p  0.0001 0.0005 127.2955 CCCC   6088.805567  3 0.0001    90 | 1/11
  6 h-m-p  0.0001 0.0018 114.0820 YCCC   6087.606523  3 0.0003   109 | 1/11
  7 h-m-p  0.0000 0.0003 1133.8848 YCCC   6085.394239  3 0.0001   128 | 1/11
  8 h-m-p  0.0000 0.0003 2256.7834 +YCYYCCC  6051.243431  6 0.0003   153 | 1/11
  9 h-m-p  0.0177 0.0885   5.5485 YCCCC  6049.039761  4 0.0350   174 | 1/11
 10 h-m-p  0.0227 0.2113   8.5461 YCCC   6047.163891  3 0.0549   193 | 1/11
 11 h-m-p  0.1686 0.8428   2.5022 CCCC   6046.111717  3 0.1954   213 | 1/11
 12 h-m-p  0.4128 2.0638   0.9851 CCCCC  6045.087950  4 0.5069   235 | 0/11
 13 h-m-p  0.0000 0.0001 10446.7773 YCC    6044.819610  2 0.0000   262 | 0/11
 14 h-m-p  0.1514 1.5275   1.2387 +YCYYYYC  6042.616904  6 1.0451   284 | 0/11
 15 h-m-p  0.0111 0.0554  11.8156 CYCYC  6042.353065  4 0.0194   304 | 0/11
 16 h-m-p  0.0531 0.2654   1.7686 +YYCYYYCYYC  6039.505410 10 0.2506   332 | 0/11
 17 h-m-p  0.0013 0.0063   4.1838 +YCYC  6039.466658  3 0.0029   351 | 0/11
 18 h-m-p  0.0343 0.6576   0.3479 +++    6038.882420  m 0.6576   366 | 1/11
 19 h-m-p  0.0741 0.3706   0.7682 +YYYC  6038.168736  3 0.2845   395 | 1/11
 20 h-m-p  0.7064 6.5291   0.3093 +YCCC  6036.801675  3 2.1623   425 | 0/11
 21 h-m-p  0.0000 0.0000 28835.9400 +YCCC  6035.391957  3 0.0000   455 | 0/11
 22 h-m-p  1.6000 8.0000   0.0629 YCC    6035.094082  2 1.1309   472 | 0/11
 23 h-m-p  1.4071 8.0000   0.0505 C      6035.075224  0 1.3007   497 | 0/11
 24 h-m-p  1.6000 8.0000   0.0117 YC     6035.051469  1 3.7858   523 | 0/11
 25 h-m-p  1.2006 8.0000   0.0369 YC     6035.019072  1 2.3109   549 | 0/11
 26 h-m-p  1.6000 8.0000   0.0081 YC     6035.009849  1 1.2809   575 | 0/11
 27 h-m-p  1.6000 8.0000   0.0034 C      6035.009069  0 1.5838   600 | 0/11
 28 h-m-p  1.6000 8.0000   0.0015 C      6035.008906  0 2.4097   625 | 0/11
 29 h-m-p  1.6000 8.0000   0.0013 Y      6035.008753  0 3.1485   650 | 0/11
 30 h-m-p  1.6000 8.0000   0.0010 C      6035.008709  0 1.6910   675 | 0/11
 31 h-m-p  1.6000 8.0000   0.0007 Y      6035.008692  0 3.9438   700 | 0/11
 32 h-m-p  0.9411 4.7054   0.0007 Y      6035.008687  0 1.5605   725 | 0/11
 33 h-m-p  0.7693 3.8464   0.0005 +Y     6035.008686  0 2.0090   751 | 0/11
 34 h-m-p  0.4435 2.2174   0.0005 C      6035.008686  0 0.4435   776 | 0/11
 35 h-m-p  1.6000 8.0000   0.0001 Y      6035.008686  0 1.6000   801 | 0/11
 36 h-m-p  1.6000 8.0000   0.0001 +C     6035.008686  0 6.4000   827 | 0/11
 37 h-m-p  1.6000 8.0000   0.0001 +Y     6035.008684  0 4.8482   853 | 0/11
 38 h-m-p  0.7356 3.6779   0.0002 +Y     6035.008683  0 2.3021   879 | 0/11
 39 h-m-p  0.2312 1.1560   0.0003 ++     6035.008683  m 1.1560   904 | 0/11
 40 h-m-p -0.0000 -0.0000   0.0006 
h-m-p:     -0.00000000e+00     -0.00000000e+00      5.64475434e-04  6035.008683
..  | 0/11
 41 h-m-p  0.0002 0.0897   0.0308 -------C  6035.008683  0 0.0000   958 | 0/11
 42 h-m-p  0.0000 0.0051   1.9390 --------..  | 0/11
 43 h-m-p  0.0001 0.0513   0.1469 --------- | 0/11
 44 h-m-p  0.0002 0.0979   0.0308 ----------
Out..
lnL  = -6035.008683
1044 lfun, 9396 eigenQcodon, 66816 P(t)

Reconstructed ancestral states go into file rst.

lnL = -6035.008683 from ProbSitePattern.
Marginal reconstruction.
	Node   6: lnL = -6035.008683
	Node   7: lnL = -6035.008683
	Node   8: lnL = -6035.008683
	Node   9: lnL = -6035.008683

warning: strange character '-' 
warning ambiguity in difcodonNG: --- ATG
warning: strange character '-' 
warning ambiguity in difcodonNG: --- TGT
warning: strange character '-' 
warning ambiguity in difcodonNG: --- TCT
warning: strange character '-' 
warning ambiguity in difcodonNG: --- ATG
warning: strange character '-' 
warning ambiguity in difcodonNG: --- TGT
warning: strange character '-' 
warning ambiguity in difcodonNG: --- TCT
warning: strange character '-' 
warning ambiguity in difcodonNG: --- ATG
warning: strange character '-' 
warning ambiguity in difcodonNG: --- TGT
warning: strange character '-' 
warning ambiguity in difcodonNG: --- TCT
warning: strange character '-' 
warning ambiguity in difcodonNG: --- ATG
warning: strange character '-' 
warning ambiguity in difcodonNG: --- TGT
warning: strange character '-' 
warning ambiguity in difcodonNG: --- TCT
warning: strange character '-' 
warning ambiguity in difcodonNG: ATG ---
warning: strange character '-' 
warning ambiguity in difcodonNG: ATG ---
warning: strange character '-' 
warning ambiguity in difcodonNG: ATG ---
warning: strange character '-' 
warning ambiguity in difcodonNG: ATG ---
warning: strange character '-' 
warning ambiguity in difcodonNG: TGT ---
warning: strange character '-' 
warning ambiguity in difcodonNG: TGT ---
warning: strange character '-' 
warning ambiguity in difcodonNG: TGT ---
warning: strange character '-' 
warning ambiguity in difcodonNG: TGT ---
warning: strange character '-' 
warning ambiguity in difcodonNG: TCT ---
warning: strange character '-' 
warning ambiguity in difcodonNG: TCT ---
warning: strange character '-' 
warning ambiguity in difcodonNG: TCT ---
warning: strange character '-' 
warning ambiguity in difcodonNG: TCT ---end of tree file.

Time used:  0:55
