
 15         verbose | verbose                1.00
  7         runmode | runmode                0.00
  4         seqtype | seqtype                1.00
 13       CodonFreq | CodonFreq              2.00
  9           clock | clock                  0.00
 18          aaDist | aaDist                 0.00
 19      aaRatefile | aaRatefile             1.00
 16           model | model                  0.00
 20         NSsites | NSsites                1.00
 22           icode | icode                  0.00
 23           Mgene | Mgene                  0.00
 24       fix_kappa | fix_kappa              0.00
 25           kappa | kappa                  2.00
 26       fix_omega | fix_omega              0.00
 27           omega | omega                  0.40
 28       fix_alpha | fix_alpha              1.00
 29           alpha | alpha                  0.00
 30          Malpha | Malpha                 0.00
 31           ncatG | ncatG                  8.00
 11           getSE | getSE                  0.00
 12    RateAncestor | RateAncestor           1.00
 36      Small_Diff | Small_Diff             0.00
  6       cleandata | cleandata              0.00
  8          method | method                 0.00
CODONML in paml version 4.8a, August 2014

----------------------------------------------
Phe F TTT | Ser S TCT | Tyr Y TAT | Cys C TGT
      TTC |       TCC |       TAC |       TGC
Leu L TTA |       TCA | *** * TAA | *** * TGA
      TTG |       TCG |       TAG | Trp W TGG
----------------------------------------------
Leu L CTT | Pro P CCT | His H CAT | Arg R CGT
      CTC |       CCC |       CAC |       CGC
      CTA |       CCA | Gln Q CAA |       CGA
      CTG |       CCG |       CAG |       CGG
----------------------------------------------
Ile I ATT | Thr T ACT | Asn N AAT | Ser S AGT
      ATC |       ACC |       AAC |       AGC
      ATA |       ACA | Lys K AAA | Arg R AGA
Met M ATG |       ACG |       AAG |       AGG
----------------------------------------------
Val V GTT | Ala A GCT | Asp D GAT | Gly G GGT
      GTC |       GCC |       GAC |       GGC
      GTA |       GCA | Glu E GAA |       GGA
      GTG |       GCG |       GAG |       GGG
----------------------------------------------
Nice code, uuh?


Ambiguity character definition table:

T (1): T 
C (1): C 
A (1): A 
G (1): G 
U (1): T 
Y (2): T C 
R (2): A G 
M (2): C A 
K (2): T G 
S (2): C G 
W (2): T A 
H (3): T C A 
B (3): T C G 
V (3): C A G 
D (3): T A G 
- (4): T C A G 
N (4): T C A G 
? (4): T C A G 

ns = 5  	ls = 3738
Reading sequences, interlaved format..
Reading seq # 1: A43     Reading seq # 2: A40     Reading seq # 3: A41     Reading seq # 4: A42     Reading seq # 5: A39     
block   1:     60     60     60     60     60
block   2:    120    120    120    120    120
block   3:    180    180    180    180    180
block   4:    240    240    240    240    240
block   5:    300    300    300    300    300
block   6:    360    360    360    360    360
block   7:    420    420    420    420    420
block   8:    480    480    480    480    480
block   9:    540    540    540    540    540
block  10:    600    600    600    600    600
block  11:    660    660    660    660    660
block  12:    720    720    720    720    720
block  13:    780    780    780    780    780
block  14:    840    840    840    840    840
block  15:    900    900    900    900    900
block  16:    960    960    960    960    960
block  17:   1020   1020   1020   1020   1020
block  18:   1080   1080   1080   1080   1080
block  19:   1140   1140   1140   1140   1140
block  20:   1200   1200   1200   1200   1200
block  21:   1260   1260   1260   1260   1260
block  22:   1320   1320   1320   1320   1320
block  23:   1380   1380   1380   1380   1380
block  24:   1440   1440   1440   1440   1440
block  25:   1500   1500   1500   1500   1500
block  26:   1560   1560   1560   1560   1560
block  27:   1620   1620   1620   1620   1620
block  28:   1680   1680   1680   1680   1680
block  29:   1740   1740   1740   1740   1740
block  30:   1800   1800   1800   1800   1800
block  31:   1860   1860   1860   1860   1860
block  32:   1920   1920   1920   1920   1920
block  33:   1980   1980   1980   1980   1980
block  34:   2040   2040   2040   2040   2040
block  35:   2100   2100   2100   2100   2100
block  36:   2160   2160   2160   2160   2160
block  37:   2220   2220   2220   2220   2220
block  38:   2280   2280   2280   2280   2280
block  39:   2340   2340   2340   2340   2340
block  40:   2400   2400   2400   2400   2400
block  41:   2460   2460   2460   2460   2460
block  42:   2520   2520   2520   2520   2520
block  43:   2580   2580   2580   2580   2580
block  44:   2640   2640   2640   2640   2640
block  45:   2700   2700   2700   2700   2700
block  46:   2760   2760   2760   2760   2760
block  47:   2820   2820   2820   2820   2820
block  48:   2880   2880   2880   2880   2880
block  49:   2940   2940   2940   2940   2940
block  50:   3000   3000   3000   3000   3000
block  51:   3060   3060   3060   3060   3060
block  52:   3120   3120   3120   3120   3120
block  53:   3180   3180   3180   3180   3180
block  54:   3240   3240   3240   3240   3240
block  55:   3300   3300   3300   3300   3300
block  56:   3360   3360   3360   3360   3360
block  57:   3420   3420   3420   3420   3420
block  58:   3480   3480   3480   3480   3480
block  59:   3540   3540   3540   3540   3540
block  60:   3600   3600   3600   3600   3600
block  61:   3660   3660   3660   3660   3660
block  62:   3720   3720   3720   3720   3720
block  63:   3738   3738   3738   3738   3738
Sequences read..
Counting site patterns..  0:00
         158 patterns at     1246 /     1246 sites (100.0%),  0:00
1 ambiguous codons are seen in the data:
 ---
Counting codons..

  2   1:Sites   906.8 + 2822.2 = 3729.0	Diffs    26.2 +   37.8 =   64.0
  3   1:Sites   905.6 + 2823.4 = 3729.0	Diffs    23.2 +   27.8 =   51.0
  3   2:Sites   906.0 + 2823.0 = 3729.0	Diffs    11.0 +   16.0 =   27.0
  4   1:Sites   904.8 + 2824.2 = 3729.0	Diffs    28.2 +   45.8 =   74.0
  4   2:Sites   905.2 + 2823.8 = 3729.0	Diffs    27.0 +   46.0 =   73.0
  4   3:Sites   904.0 + 2825.0 = 3729.0	Diffs    24.0 +   34.0 =   58.0
  5   1:Sites   903.5 + 2825.5 = 3729.0	Diffs    33.2 +   54.8 =   88.0
  5   2:Sites   904.0 + 2825.0 = 3729.0	Diffs    24.0 +   45.0 =   69.0
  5   3:Sites   902.8 + 2826.2 = 3729.0	Diffs    19.0 +   37.0 =   56.0
  5   4:Sites   901.9 + 2827.1 = 3729.0	Diffs    20.0 +   19.0 =   39.0

       80 bytes for distance
   154208 bytes for conP
     2528 bytes for fhK
  5000000 bytes for space

TREE #  1
((3, ((4, 5), 1)), 2);   MP score: -1
This is a rooted tree, without clock.  Check.

   308416 bytes for conP, adjusted

    0.000000    0.014875    0.054720    0.024732    0.066878    0.066944    0.041562    0.047593    2.000000    0.852877    0.192890

ntime & nrate & np:     8     2    11

Bounds (np=11):
   0.000004   0.000004   0.000004   0.000004   0.000004   0.000004   0.000004   0.000004   0.000100   0.000010   0.000001
  50.000000  50.000000  50.000000  50.000000  50.000000  50.000000  50.000000  50.000000 999.000000   0.999990   1.000000
Qfactor_NS = 9.832683

np =    11
lnL0 = -6171.736780

Iterating by ming2
Initial: fx=  6171.736780
x=  0.00000  0.01488  0.05472  0.02473  0.06688  0.06694  0.04156  0.04759  2.00000  0.85288  0.19289

  1 h-m-p  0.0000 0.0000 2045.7064 ++     6171.732173  m 0.0000    16 | 1/11
  2 h-m-p  0.0000 0.0000 2866.3816 ++     6088.334980  m 0.0000    30 | 1/11
  3 h-m-p  0.0000 0.0000 1828.0605 CCCC   6086.361351  3 0.0000    50 | 1/11
  4 h-m-p  0.0000 0.0001 420.3756 CCCC   6084.965752  3 0.0000    70 | 1/11
  5 h-m-p  0.0001 0.0005 136.9103 YCCC   6083.857071  3 0.0001    89 | 1/11
  6 h-m-p  0.0001 0.0015 180.7431 YC     6082.123697  1 0.0002   104 | 1/11
  7 h-m-p  0.0000 0.0002 1518.6291 YCCC   6077.476678  3 0.0001   123 | 1/11
  8 h-m-p  0.0000 0.0001 3221.2822 +YYYYYCCCCC  6058.651929  9 0.0001   151 | 1/11
  9 h-m-p  0.0089 0.0447  22.8366 YCYC   6053.430999  3 0.0153   169 | 1/11
 10 h-m-p  0.0032 0.0159  40.0640 +YCYCCC  6048.067566  5 0.0097   192 | 1/11
 11 h-m-p  0.0020 0.0102  64.4837 +CYCCC  6040.148610  4 0.0090   215 | 1/11
 12 h-m-p  0.0041 0.0203   4.3894 ++     6038.909141  m 0.0203   229 | 2/11
 13 h-m-p  0.1037 0.9427   0.7907 CCC    6038.158053  2 0.1658   247 | 1/11
 14 h-m-p  0.0001 0.0003 1896.3591 YC     6038.012704  1 0.0000   271 | 1/11
 15 h-m-p  0.1918 0.9588   0.2805 ------------Y  6038.012704  0 0.0000   297 | 1/11
 16 h-m-p  0.0004 0.1929   1.5765 ++++CYCC  6034.980839  3 0.0778   330 | 1/11
 17 h-m-p  0.6873 3.4365   0.0431 +YCCC  6032.593845  3 1.9164   350 | 1/11
 18 h-m-p  1.6000 8.0000   0.0407 YCCC   6031.953143  3 2.9235   379 | 1/11
 19 h-m-p  1.6000 8.0000   0.0236 CCC    6031.744462  2 1.8381   407 | 1/11
 20 h-m-p  1.3461 8.0000   0.0322 YCC    6031.598223  2 2.4098   434 | 1/11
 21 h-m-p  1.6000 8.0000   0.0151 CC     6031.575512  1 1.4568   460 | 1/11
 22 h-m-p  1.6000 8.0000   0.0018 C      6031.574456  0 1.4491   484 | 1/11
 23 h-m-p  1.6000 8.0000   0.0012 C      6031.574162  0 1.3511   508 | 1/11
 24 h-m-p  1.6000 8.0000   0.0002 Y      6031.574126  0 1.2629   532 | 1/11
 25 h-m-p  1.4048 8.0000   0.0002 C      6031.574124  0 2.1777   556 | 1/11
 26 h-m-p  1.6000 8.0000   0.0001 ++     6031.574116  m 8.0000   580 | 1/11
 27 h-m-p  0.4804 8.0000   0.0009 +Y     6031.574056  0 3.2102   605 | 1/11
 28 h-m-p  1.6000 8.0000   0.0010 ++     6031.573389  m 8.0000   629 | 1/11
 29 h-m-p  0.0000 0.0000  11.0211 ++     6031.573356  m 0.0000   653 | 1/11
 30 h-m-p -0.0000 -0.0000   0.0327 
h-m-p:     -1.00211800e-19     -5.01059000e-19      3.26633499e-02  6031.573356
..  | 1/11
 31 h-m-p  0.0004 0.2193 241.2527 --YCCC  6031.450865  3 0.0000   695 | 1/11
 32 h-m-p  0.0000 0.0007  22.0031 C      6031.447747  0 0.0000   709 | 1/11
 33 h-m-p  0.0000 0.0002  22.2153 YC     6031.446530  1 0.0000   724 | 1/11
 34 h-m-p  0.0000 0.0000   6.9153 +Y     6031.446301  0 0.0000   739 | 1/11
 35 h-m-p  0.0000 0.0110   4.2450 C      6031.446170  0 0.0000   753 | 1/11
 36 h-m-p  0.0000 0.0004   3.1157 Y      6031.446017  0 0.0001   767 | 1/11
 37 h-m-p  0.0002 0.0957   9.5078 ++CC   6031.413113  1 0.0040   785 | 1/11
 38 h-m-p  0.0000 0.0014 1474.9522 +YCC   6031.133477  2 0.0002   803 | 1/11
 39 h-m-p  0.0073 0.0413  43.3720 YCCC   6030.969685  3 0.0043   822 | 1/11
 40 h-m-p  0.0613 0.3066   0.1177 ++     6030.907511  m 0.3066   836 | 1/11
 41 h-m-p  0.0000 0.0000 180.1330 
h-m-p:      5.37559779e-21      2.68779889e-20      1.80133019e+02  6030.907511
..  | 1/11
 42 h-m-p  0.0000 0.0004 116.1276 CCC    6030.850740  2 0.0000   875 | 1/11
 43 h-m-p  0.0000 0.0001  35.8018 YC     6030.844536  1 0.0000   890 | 1/11
 44 h-m-p  0.0000 0.0001  16.3640 CC     6030.843687  1 0.0000   906 | 1/11
 45 h-m-p  0.0000 0.0030   8.1909 Y      6030.843413  0 0.0000   920 | 1/11
 46 h-m-p  0.0000 0.0022   3.7976 C      6030.843370  0 0.0000   934 | 1/11
 47 h-m-p  0.0000 0.0137   1.2688 C      6030.843351  0 0.0000   948 | 1/11
 48 h-m-p  0.0015 0.7572   0.5189 Y      6030.843268  0 0.0007   962 | 1/11
 49 h-m-p  0.0001 0.0326  11.9751 Y      6030.842987  0 0.0001   986 | 1/11
 50 h-m-p  0.0160 8.0000   0.3718 +YC    6030.837397  1 0.1198  1002 | 1/11
 51 h-m-p  0.0933 0.4664   0.0173 ++     6030.835757  m 0.4664  1026 | 2/11
 52 h-m-p  0.0645 0.4502   0.1248 ----C  6030.835757  0 0.0001  1054 | 1/11
 53 h-m-p  0.0000 0.0055  10.2027 -C     6030.835757  0 0.0000  1078 | 1/11
 54 h-m-p  0.0008 0.3982   0.2016 -Y     6030.835757  0 0.0001  1093 | 2/11
 55 h-m-p  0.0160 8.0000   0.0015 ++YC   6030.834757  1 0.4690  1120 | 1/11
 56 h-m-p  0.0035 1.7401   0.2649 ---C   6030.834756  0 0.0000  1146 | 1/11
 57 h-m-p  0.2420 1.5468   0.0000 +C     6030.834756  0 0.9680  1171 | 1/11
 58 h-m-p  0.0059 0.0293   0.0002 Y      6030.834756  0 0.0015  1195 | 1/11
 59 h-m-p  0.0003 0.0046   0.0012 -Y     6030.834756  0 0.0000  1220 | 1/11
 60 h-m-p  0.0001 0.0130   0.0002 -------C  6030.834756  0 0.0000  1251 | 1/11
 61 h-m-p  0.0000 0.0180   0.0001 C      6030.834756  0 0.0000  1275
Out..
lnL  = -6030.834756
1276 lfun, 3828 eigenQcodon, 20416 P(t)

Reconstructed ancestral states go into file rst.

lnL = -6030.834756 from ProbSitePattern.
Marginal reconstruction.
	Node   6: lnL = -6030.834756
	Node   7: lnL = -6030.834756
	Node   8: lnL = -6030.834756
	Node   9: lnL = -6030.834756

warning: strange character '-' 
warning ambiguity in difcodonNG: --- ATG
warning: strange character '-' 
warning ambiguity in difcodonNG: --- TGT
warning: strange character '-' 
warning ambiguity in difcodonNG: --- TCT
warning: strange character '-' 
warning ambiguity in difcodonNG: --- ATG
warning: strange character '-' 
warning ambiguity in difcodonNG: --- TGT
warning: strange character '-' 
warning ambiguity in difcodonNG: --- TCT
warning: strange character '-' 
warning ambiguity in difcodonNG: --- ATG
warning: strange character '-' 
warning ambiguity in difcodonNG: --- TGT
warning: strange character '-' 
warning ambiguity in difcodonNG: --- TCT
warning: strange character '-' 
warning ambiguity in difcodonNG: --- ATG
warning: strange character '-' 
warning ambiguity in difcodonNG: --- TGT
warning: strange character '-' 
warning ambiguity in difcodonNG: --- TCT
warning: strange character '-' 
warning ambiguity in difcodonNG: ATG ---
warning: strange character '-' 
warning ambiguity in difcodonNG: ATG ---
warning: strange character '-' 
warning ambiguity in difcodonNG: ATG ---
warning: strange character '-' 
warning ambiguity in difcodonNG: ATG ---
warning: strange character '-' 
warning ambiguity in difcodonNG: TGT ---
warning: strange character '-' 
warning ambiguity in difcodonNG: TGT ---
warning: strange character '-' 
warning ambiguity in difcodonNG: TGT ---
warning: strange character '-' 
warning ambiguity in difcodonNG: TGT ---
warning: strange character '-' 
warning ambiguity in difcodonNG: TCT ---
warning: strange character '-' 
warning ambiguity in difcodonNG: TCT ---
warning: strange character '-' 
warning ambiguity in difcodonNG: TCT ---
warning: strange character '-' 
warning ambiguity in difcodonNG: TCT ---end of tree file.

Time used:  0:17
